[2023-04-02 17:55:21,861] {processor.py:153} INFO - Started process (PID=46) to work on /home/airflow/.local/lib/python3.7/site-packages/airflow/example_dags/example_external_task_marker_dag.py
[2023-04-02 17:55:21,863] {processor.py:641} INFO - Processing file /home/airflow/.local/lib/python3.7/site-packages/airflow/example_dags/example_external_task_marker_dag.py for tasks to queue
[2023-04-02 17:55:21,866] {logging_mixin.py:115} INFO - [2023-04-02 17:55:21,865] {dagbag.py:507} INFO - Filling up the DagBag from /home/airflow/.local/lib/python3.7/site-packages/airflow/example_dags/example_external_task_marker_dag.py
[2023-04-02 17:55:21,875] {processor.py:651} INFO - DAG(s) dict_keys(['example_external_task_marker_parent', 'example_external_task_marker_child']) retrieved from /home/airflow/.local/lib/python3.7/site-packages/airflow/example_dags/example_external_task_marker_dag.py
[2023-04-02 17:55:22,239] {logging_mixin.py:115} INFO - [2023-04-02 17:55:22,239] {manager.py:508} INFO - Created Permission View: can edit on DAG:example_external_task_marker_parent
[2023-04-02 17:55:22,258] {logging_mixin.py:115} INFO - [2023-04-02 17:55:22,258] {manager.py:508} INFO - Created Permission View: can delete on DAG:example_external_task_marker_parent
[2023-04-02 17:55:22,271] {logging_mixin.py:115} INFO - [2023-04-02 17:55:22,271] {manager.py:508} INFO - Created Permission View: can read on DAG:example_external_task_marker_parent
[2023-04-02 17:55:22,316] {logging_mixin.py:115} INFO - [2023-04-02 17:55:22,315] {manager.py:508} INFO - Created Permission View: can edit on DAG:example_external_task_marker_child
[2023-04-02 17:55:22,327] {logging_mixin.py:115} INFO - [2023-04-02 17:55:22,327] {manager.py:508} INFO - Created Permission View: can delete on DAG:example_external_task_marker_child
[2023-04-02 17:55:22,336] {logging_mixin.py:115} INFO - [2023-04-02 17:55:22,336] {manager.py:508} INFO - Created Permission View: can read on DAG:example_external_task_marker_child
[2023-04-02 17:55:22,338] {logging_mixin.py:115} INFO - [2023-04-02 17:55:22,338] {dag.py:2371} INFO - Sync 2 DAGs
[2023-04-02 17:55:22,347] {logging_mixin.py:115} INFO - [2023-04-02 17:55:22,347] {dag.py:2390} INFO - Creating ORM DAG for example_external_task_marker_parent
[2023-04-02 17:55:22,349] {logging_mixin.py:115} INFO - [2023-04-02 17:55:22,349] {dag.py:2390} INFO - Creating ORM DAG for example_external_task_marker_child
[2023-04-02 17:55:22,364] {logging_mixin.py:115} INFO - [2023-04-02 17:55:22,364] {dag.py:2919} INFO - Setting next_dagrun for example_external_task_marker_child to None, run_after=None
[2023-04-02 17:55:22,367] {logging_mixin.py:115} INFO - [2023-04-02 17:55:22,367] {dag.py:2919} INFO - Setting next_dagrun for example_external_task_marker_parent to None, run_after=None
[2023-04-02 17:55:22,405] {processor.py:161} INFO - Processing /home/airflow/.local/lib/python3.7/site-packages/airflow/example_dags/example_external_task_marker_dag.py took 0.548 seconds
[2023-04-02 17:55:52,703] {processor.py:153} INFO - Started process (PID=98) to work on /home/airflow/.local/lib/python3.7/site-packages/airflow/example_dags/example_external_task_marker_dag.py
[2023-04-02 17:55:52,705] {processor.py:641} INFO - Processing file /home/airflow/.local/lib/python3.7/site-packages/airflow/example_dags/example_external_task_marker_dag.py for tasks to queue
[2023-04-02 17:55:52,706] {logging_mixin.py:115} INFO - [2023-04-02 17:55:52,706] {dagbag.py:507} INFO - Filling up the DagBag from /home/airflow/.local/lib/python3.7/site-packages/airflow/example_dags/example_external_task_marker_dag.py
[2023-04-02 17:55:52,712] {processor.py:651} INFO - DAG(s) dict_keys(['example_external_task_marker_parent', 'example_external_task_marker_child']) retrieved from /home/airflow/.local/lib/python3.7/site-packages/airflow/example_dags/example_external_task_marker_dag.py
[2023-04-02 17:55:52,762] {logging_mixin.py:115} INFO - [2023-04-02 17:55:52,762] {dag.py:2371} INFO - Sync 2 DAGs
[2023-04-02 17:55:52,784] {logging_mixin.py:115} INFO - [2023-04-02 17:55:52,784] {dag.py:2919} INFO - Setting next_dagrun for example_external_task_marker_child to None, run_after=None
[2023-04-02 17:55:52,786] {logging_mixin.py:115} INFO - [2023-04-02 17:55:52,786] {dag.py:2919} INFO - Setting next_dagrun for example_external_task_marker_parent to None, run_after=None
[2023-04-02 17:55:52,801] {processor.py:161} INFO - Processing /home/airflow/.local/lib/python3.7/site-packages/airflow/example_dags/example_external_task_marker_dag.py took 0.101 seconds
[2023-04-02 17:56:22,865] {processor.py:153} INFO - Started process (PID=159) to work on /home/airflow/.local/lib/python3.7/site-packages/airflow/example_dags/example_external_task_marker_dag.py
[2023-04-02 17:56:22,867] {processor.py:641} INFO - Processing file /home/airflow/.local/lib/python3.7/site-packages/airflow/example_dags/example_external_task_marker_dag.py for tasks to queue
[2023-04-02 17:56:22,869] {logging_mixin.py:115} INFO - [2023-04-02 17:56:22,869] {dagbag.py:507} INFO - Filling up the DagBag from /home/airflow/.local/lib/python3.7/site-packages/airflow/example_dags/example_external_task_marker_dag.py
[2023-04-02 17:56:22,878] {processor.py:651} INFO - DAG(s) dict_keys(['example_external_task_marker_parent', 'example_external_task_marker_child']) retrieved from /home/airflow/.local/lib/python3.7/site-packages/airflow/example_dags/example_external_task_marker_dag.py
[2023-04-02 17:56:22,930] {logging_mixin.py:115} INFO - [2023-04-02 17:56:22,930] {dag.py:2371} INFO - Sync 2 DAGs
[2023-04-02 17:56:22,953] {logging_mixin.py:115} INFO - [2023-04-02 17:56:22,952] {dag.py:2919} INFO - Setting next_dagrun for example_external_task_marker_child to None, run_after=None
[2023-04-02 17:56:22,954] {logging_mixin.py:115} INFO - [2023-04-02 17:56:22,954] {dag.py:2919} INFO - Setting next_dagrun for example_external_task_marker_parent to None, run_after=None
[2023-04-02 17:56:22,969] {processor.py:161} INFO - Processing /home/airflow/.local/lib/python3.7/site-packages/airflow/example_dags/example_external_task_marker_dag.py took 0.108 seconds
[2023-04-02 17:56:53,582] {processor.py:153} INFO - Started process (PID=220) to work on /home/airflow/.local/lib/python3.7/site-packages/airflow/example_dags/example_external_task_marker_dag.py
[2023-04-02 17:56:53,583] {processor.py:641} INFO - Processing file /home/airflow/.local/lib/python3.7/site-packages/airflow/example_dags/example_external_task_marker_dag.py for tasks to queue
[2023-04-02 17:56:53,584] {logging_mixin.py:115} INFO - [2023-04-02 17:56:53,584] {dagbag.py:507} INFO - Filling up the DagBag from /home/airflow/.local/lib/python3.7/site-packages/airflow/example_dags/example_external_task_marker_dag.py
[2023-04-02 17:56:53,590] {processor.py:651} INFO - DAG(s) dict_keys(['example_external_task_marker_parent', 'example_external_task_marker_child']) retrieved from /home/airflow/.local/lib/python3.7/site-packages/airflow/example_dags/example_external_task_marker_dag.py
[2023-04-02 17:56:53,636] {logging_mixin.py:115} INFO - [2023-04-02 17:56:53,636] {dag.py:2371} INFO - Sync 2 DAGs
[2023-04-02 17:56:53,659] {logging_mixin.py:115} INFO - [2023-04-02 17:56:53,659] {dag.py:2919} INFO - Setting next_dagrun for example_external_task_marker_child to None, run_after=None
[2023-04-02 17:56:53,660] {logging_mixin.py:115} INFO - [2023-04-02 17:56:53,660] {dag.py:2919} INFO - Setting next_dagrun for example_external_task_marker_parent to None, run_after=None
[2023-04-02 17:56:53,674] {processor.py:161} INFO - Processing /home/airflow/.local/lib/python3.7/site-packages/airflow/example_dags/example_external_task_marker_dag.py took 0.097 seconds
[2023-04-02 17:57:24,475] {processor.py:153} INFO - Started process (PID=272) to work on /home/airflow/.local/lib/python3.7/site-packages/airflow/example_dags/example_external_task_marker_dag.py
[2023-04-02 17:57:24,477] {processor.py:641} INFO - Processing file /home/airflow/.local/lib/python3.7/site-packages/airflow/example_dags/example_external_task_marker_dag.py for tasks to queue
[2023-04-02 17:57:24,479] {logging_mixin.py:115} INFO - [2023-04-02 17:57:24,478] {dagbag.py:507} INFO - Filling up the DagBag from /home/airflow/.local/lib/python3.7/site-packages/airflow/example_dags/example_external_task_marker_dag.py
[2023-04-02 17:57:24,487] {processor.py:651} INFO - DAG(s) dict_keys(['example_external_task_marker_parent', 'example_external_task_marker_child']) retrieved from /home/airflow/.local/lib/python3.7/site-packages/airflow/example_dags/example_external_task_marker_dag.py
[2023-04-02 17:57:24,536] {logging_mixin.py:115} INFO - [2023-04-02 17:57:24,536] {dag.py:2371} INFO - Sync 2 DAGs
[2023-04-02 17:57:24,558] {logging_mixin.py:115} INFO - [2023-04-02 17:57:24,558] {dag.py:2919} INFO - Setting next_dagrun for example_external_task_marker_child to None, run_after=None
[2023-04-02 17:57:24,559] {logging_mixin.py:115} INFO - [2023-04-02 17:57:24,559] {dag.py:2919} INFO - Setting next_dagrun for example_external_task_marker_parent to None, run_after=None
[2023-04-02 17:57:24,574] {processor.py:161} INFO - Processing /home/airflow/.local/lib/python3.7/site-packages/airflow/example_dags/example_external_task_marker_dag.py took 0.103 seconds
[2023-04-02 17:57:54,661] {processor.py:153} INFO - Started process (PID=333) to work on /home/airflow/.local/lib/python3.7/site-packages/airflow/example_dags/example_external_task_marker_dag.py
[2023-04-02 17:57:54,663] {processor.py:641} INFO - Processing file /home/airflow/.local/lib/python3.7/site-packages/airflow/example_dags/example_external_task_marker_dag.py for tasks to queue
[2023-04-02 17:57:54,664] {logging_mixin.py:115} INFO - [2023-04-02 17:57:54,664] {dagbag.py:507} INFO - Filling up the DagBag from /home/airflow/.local/lib/python3.7/site-packages/airflow/example_dags/example_external_task_marker_dag.py
[2023-04-02 17:57:54,670] {processor.py:651} INFO - DAG(s) dict_keys(['example_external_task_marker_parent', 'example_external_task_marker_child']) retrieved from /home/airflow/.local/lib/python3.7/site-packages/airflow/example_dags/example_external_task_marker_dag.py
[2023-04-02 17:57:54,719] {logging_mixin.py:115} INFO - [2023-04-02 17:57:54,719] {dag.py:2371} INFO - Sync 2 DAGs
[2023-04-02 17:57:54,742] {logging_mixin.py:115} INFO - [2023-04-02 17:57:54,742] {dag.py:2919} INFO - Setting next_dagrun for example_external_task_marker_child to None, run_after=None
[2023-04-02 17:57:54,743] {logging_mixin.py:115} INFO - [2023-04-02 17:57:54,743] {dag.py:2919} INFO - Setting next_dagrun for example_external_task_marker_parent to None, run_after=None
[2023-04-02 17:57:54,758] {processor.py:161} INFO - Processing /home/airflow/.local/lib/python3.7/site-packages/airflow/example_dags/example_external_task_marker_dag.py took 0.101 seconds
[2023-04-02 17:58:24,817] {processor.py:153} INFO - Started process (PID=394) to work on /home/airflow/.local/lib/python3.7/site-packages/airflow/example_dags/example_external_task_marker_dag.py
[2023-04-02 17:58:24,818] {processor.py:641} INFO - Processing file /home/airflow/.local/lib/python3.7/site-packages/airflow/example_dags/example_external_task_marker_dag.py for tasks to queue
[2023-04-02 17:58:24,820] {logging_mixin.py:115} INFO - [2023-04-02 17:58:24,819] {dagbag.py:507} INFO - Filling up the DagBag from /home/airflow/.local/lib/python3.7/site-packages/airflow/example_dags/example_external_task_marker_dag.py
[2023-04-02 17:58:24,826] {processor.py:651} INFO - DAG(s) dict_keys(['example_external_task_marker_parent', 'example_external_task_marker_child']) retrieved from /home/airflow/.local/lib/python3.7/site-packages/airflow/example_dags/example_external_task_marker_dag.py
[2023-04-02 17:58:24,875] {logging_mixin.py:115} INFO - [2023-04-02 17:58:24,875] {dag.py:2371} INFO - Sync 2 DAGs
[2023-04-02 17:58:24,898] {logging_mixin.py:115} INFO - [2023-04-02 17:58:24,898] {dag.py:2919} INFO - Setting next_dagrun for example_external_task_marker_child to None, run_after=None
[2023-04-02 17:58:24,899] {logging_mixin.py:115} INFO - [2023-04-02 17:58:24,899] {dag.py:2919} INFO - Setting next_dagrun for example_external_task_marker_parent to None, run_after=None
[2023-04-02 17:58:24,914] {processor.py:161} INFO - Processing /home/airflow/.local/lib/python3.7/site-packages/airflow/example_dags/example_external_task_marker_dag.py took 0.102 seconds
[2023-04-02 17:58:54,946] {processor.py:153} INFO - Started process (PID=448) to work on /home/airflow/.local/lib/python3.7/site-packages/airflow/example_dags/example_external_task_marker_dag.py
[2023-04-02 17:58:54,947] {processor.py:641} INFO - Processing file /home/airflow/.local/lib/python3.7/site-packages/airflow/example_dags/example_external_task_marker_dag.py for tasks to queue
[2023-04-02 17:58:54,948] {logging_mixin.py:115} INFO - [2023-04-02 17:58:54,948] {dagbag.py:507} INFO - Filling up the DagBag from /home/airflow/.local/lib/python3.7/site-packages/airflow/example_dags/example_external_task_marker_dag.py
[2023-04-02 17:58:54,954] {processor.py:651} INFO - DAG(s) dict_keys(['example_external_task_marker_parent', 'example_external_task_marker_child']) retrieved from /home/airflow/.local/lib/python3.7/site-packages/airflow/example_dags/example_external_task_marker_dag.py
[2023-04-02 17:58:55,000] {logging_mixin.py:115} INFO - [2023-04-02 17:58:55,000] {dag.py:2371} INFO - Sync 2 DAGs
[2023-04-02 17:58:55,025] {logging_mixin.py:115} INFO - [2023-04-02 17:58:55,024] {dag.py:2919} INFO - Setting next_dagrun for example_external_task_marker_child to None, run_after=None
[2023-04-02 17:58:55,026] {logging_mixin.py:115} INFO - [2023-04-02 17:58:55,026] {dag.py:2919} INFO - Setting next_dagrun for example_external_task_marker_parent to None, run_after=None
[2023-04-02 17:58:55,041] {processor.py:161} INFO - Processing /home/airflow/.local/lib/python3.7/site-packages/airflow/example_dags/example_external_task_marker_dag.py took 0.099 seconds
[2023-04-02 17:59:25,913] {processor.py:153} INFO - Started process (PID=508) to work on /home/airflow/.local/lib/python3.7/site-packages/airflow/example_dags/example_external_task_marker_dag.py
[2023-04-02 17:59:25,914] {processor.py:641} INFO - Processing file /home/airflow/.local/lib/python3.7/site-packages/airflow/example_dags/example_external_task_marker_dag.py for tasks to queue
[2023-04-02 17:59:25,915] {logging_mixin.py:115} INFO - [2023-04-02 17:59:25,915] {dagbag.py:507} INFO - Filling up the DagBag from /home/airflow/.local/lib/python3.7/site-packages/airflow/example_dags/example_external_task_marker_dag.py
[2023-04-02 17:59:25,921] {processor.py:651} INFO - DAG(s) dict_keys(['example_external_task_marker_parent', 'example_external_task_marker_child']) retrieved from /home/airflow/.local/lib/python3.7/site-packages/airflow/example_dags/example_external_task_marker_dag.py
[2023-04-02 17:59:25,972] {logging_mixin.py:115} INFO - [2023-04-02 17:59:25,972] {dag.py:2371} INFO - Sync 2 DAGs
[2023-04-02 17:59:25,997] {logging_mixin.py:115} INFO - [2023-04-02 17:59:25,997] {dag.py:2919} INFO - Setting next_dagrun for example_external_task_marker_child to None, run_after=None
[2023-04-02 17:59:25,999] {logging_mixin.py:115} INFO - [2023-04-02 17:59:25,999] {dag.py:2919} INFO - Setting next_dagrun for example_external_task_marker_parent to None, run_after=None
[2023-04-02 17:59:26,017] {processor.py:161} INFO - Processing /home/airflow/.local/lib/python3.7/site-packages/airflow/example_dags/example_external_task_marker_dag.py took 0.107 seconds
[2023-04-02 17:59:56,228] {processor.py:153} INFO - Started process (PID=569) to work on /home/airflow/.local/lib/python3.7/site-packages/airflow/example_dags/example_external_task_marker_dag.py
[2023-04-02 17:59:56,229] {processor.py:641} INFO - Processing file /home/airflow/.local/lib/python3.7/site-packages/airflow/example_dags/example_external_task_marker_dag.py for tasks to queue
[2023-04-02 17:59:56,231] {logging_mixin.py:115} INFO - [2023-04-02 17:59:56,231] {dagbag.py:507} INFO - Filling up the DagBag from /home/airflow/.local/lib/python3.7/site-packages/airflow/example_dags/example_external_task_marker_dag.py
[2023-04-02 17:59:56,237] {processor.py:651} INFO - DAG(s) dict_keys(['example_external_task_marker_parent', 'example_external_task_marker_child']) retrieved from /home/airflow/.local/lib/python3.7/site-packages/airflow/example_dags/example_external_task_marker_dag.py
[2023-04-02 17:59:56,285] {logging_mixin.py:115} INFO - [2023-04-02 17:59:56,285] {dag.py:2371} INFO - Sync 2 DAGs
[2023-04-02 17:59:56,307] {logging_mixin.py:115} INFO - [2023-04-02 17:59:56,307] {dag.py:2919} INFO - Setting next_dagrun for example_external_task_marker_child to None, run_after=None
[2023-04-02 17:59:56,309] {logging_mixin.py:115} INFO - [2023-04-02 17:59:56,308] {dag.py:2919} INFO - Setting next_dagrun for example_external_task_marker_parent to None, run_after=None
[2023-04-02 17:59:56,323] {processor.py:161} INFO - Processing /home/airflow/.local/lib/python3.7/site-packages/airflow/example_dags/example_external_task_marker_dag.py took 0.100 seconds
[2023-04-02 18:00:26,881] {processor.py:153} INFO - Started process (PID=630) to work on /home/airflow/.local/lib/python3.7/site-packages/airflow/example_dags/example_external_task_marker_dag.py
[2023-04-02 18:00:26,882] {processor.py:641} INFO - Processing file /home/airflow/.local/lib/python3.7/site-packages/airflow/example_dags/example_external_task_marker_dag.py for tasks to queue
[2023-04-02 18:00:26,883] {logging_mixin.py:115} INFO - [2023-04-02 18:00:26,883] {dagbag.py:507} INFO - Filling up the DagBag from /home/airflow/.local/lib/python3.7/site-packages/airflow/example_dags/example_external_task_marker_dag.py
[2023-04-02 18:00:26,889] {processor.py:651} INFO - DAG(s) dict_keys(['example_external_task_marker_parent', 'example_external_task_marker_child']) retrieved from /home/airflow/.local/lib/python3.7/site-packages/airflow/example_dags/example_external_task_marker_dag.py
[2023-04-02 18:00:26,940] {logging_mixin.py:115} INFO - [2023-04-02 18:00:26,940] {dag.py:2371} INFO - Sync 2 DAGs
[2023-04-02 18:00:26,967] {logging_mixin.py:115} INFO - [2023-04-02 18:00:26,967] {dag.py:2919} INFO - Setting next_dagrun for example_external_task_marker_child to None, run_after=None
[2023-04-02 18:00:26,969] {logging_mixin.py:115} INFO - [2023-04-02 18:00:26,969] {dag.py:2919} INFO - Setting next_dagrun for example_external_task_marker_parent to None, run_after=None
[2023-04-02 18:00:27,103] {processor.py:161} INFO - Processing /home/airflow/.local/lib/python3.7/site-packages/airflow/example_dags/example_external_task_marker_dag.py took 0.226 seconds
[2023-04-02 18:00:57,596] {processor.py:153} INFO - Started process (PID=686) to work on /home/airflow/.local/lib/python3.7/site-packages/airflow/example_dags/example_external_task_marker_dag.py
[2023-04-02 18:00:57,597] {processor.py:641} INFO - Processing file /home/airflow/.local/lib/python3.7/site-packages/airflow/example_dags/example_external_task_marker_dag.py for tasks to queue
[2023-04-02 18:00:57,599] {logging_mixin.py:115} INFO - [2023-04-02 18:00:57,599] {dagbag.py:507} INFO - Filling up the DagBag from /home/airflow/.local/lib/python3.7/site-packages/airflow/example_dags/example_external_task_marker_dag.py
[2023-04-02 18:00:57,604] {processor.py:651} INFO - DAG(s) dict_keys(['example_external_task_marker_parent', 'example_external_task_marker_child']) retrieved from /home/airflow/.local/lib/python3.7/site-packages/airflow/example_dags/example_external_task_marker_dag.py
[2023-04-02 18:00:57,655] {logging_mixin.py:115} INFO - [2023-04-02 18:00:57,655] {dag.py:2371} INFO - Sync 2 DAGs
[2023-04-02 18:00:57,680] {logging_mixin.py:115} INFO - [2023-04-02 18:00:57,680] {dag.py:2919} INFO - Setting next_dagrun for example_external_task_marker_child to None, run_after=None
[2023-04-02 18:00:57,681] {logging_mixin.py:115} INFO - [2023-04-02 18:00:57,681] {dag.py:2919} INFO - Setting next_dagrun for example_external_task_marker_parent to None, run_after=None
[2023-04-02 18:00:57,815] {processor.py:161} INFO - Processing /home/airflow/.local/lib/python3.7/site-packages/airflow/example_dags/example_external_task_marker_dag.py took 0.223 seconds
[2023-04-02 18:01:27,952] {processor.py:153} INFO - Started process (PID=753) to work on /home/airflow/.local/lib/python3.7/site-packages/airflow/example_dags/example_external_task_marker_dag.py
[2023-04-02 18:01:27,953] {processor.py:641} INFO - Processing file /home/airflow/.local/lib/python3.7/site-packages/airflow/example_dags/example_external_task_marker_dag.py for tasks to queue
[2023-04-02 18:01:27,956] {logging_mixin.py:115} INFO - [2023-04-02 18:01:27,956] {dagbag.py:507} INFO - Filling up the DagBag from /home/airflow/.local/lib/python3.7/site-packages/airflow/example_dags/example_external_task_marker_dag.py
[2023-04-02 18:01:27,962] {processor.py:651} INFO - DAG(s) dict_keys(['example_external_task_marker_parent', 'example_external_task_marker_child']) retrieved from /home/airflow/.local/lib/python3.7/site-packages/airflow/example_dags/example_external_task_marker_dag.py
[2023-04-02 18:01:28,011] {logging_mixin.py:115} INFO - [2023-04-02 18:01:28,011] {dag.py:2371} INFO - Sync 2 DAGs
[2023-04-02 18:01:28,037] {logging_mixin.py:115} INFO - [2023-04-02 18:01:28,037] {dag.py:2919} INFO - Setting next_dagrun for example_external_task_marker_child to None, run_after=None
[2023-04-02 18:01:28,039] {logging_mixin.py:115} INFO - [2023-04-02 18:01:28,038] {dag.py:2919} INFO - Setting next_dagrun for example_external_task_marker_parent to None, run_after=None
[2023-04-02 18:01:28,171] {processor.py:161} INFO - Processing /home/airflow/.local/lib/python3.7/site-packages/airflow/example_dags/example_external_task_marker_dag.py took 0.224 seconds
[2023-04-02 18:01:58,374] {processor.py:153} INFO - Started process (PID=816) to work on /home/airflow/.local/lib/python3.7/site-packages/airflow/example_dags/example_external_task_marker_dag.py
[2023-04-02 18:01:58,376] {processor.py:641} INFO - Processing file /home/airflow/.local/lib/python3.7/site-packages/airflow/example_dags/example_external_task_marker_dag.py for tasks to queue
[2023-04-02 18:01:58,378] {logging_mixin.py:115} INFO - [2023-04-02 18:01:58,377] {dagbag.py:507} INFO - Filling up the DagBag from /home/airflow/.local/lib/python3.7/site-packages/airflow/example_dags/example_external_task_marker_dag.py
[2023-04-02 18:01:58,385] {processor.py:651} INFO - DAG(s) dict_keys(['example_external_task_marker_parent', 'example_external_task_marker_child']) retrieved from /home/airflow/.local/lib/python3.7/site-packages/airflow/example_dags/example_external_task_marker_dag.py
[2023-04-02 18:01:58,453] {logging_mixin.py:115} INFO - [2023-04-02 18:01:58,453] {dag.py:2371} INFO - Sync 2 DAGs
[2023-04-02 18:01:58,486] {logging_mixin.py:115} INFO - [2023-04-02 18:01:58,486] {dag.py:2919} INFO - Setting next_dagrun for example_external_task_marker_child to None, run_after=None
[2023-04-02 18:01:58,487] {logging_mixin.py:115} INFO - [2023-04-02 18:01:58,487] {dag.py:2919} INFO - Setting next_dagrun for example_external_task_marker_parent to None, run_after=None
[2023-04-02 18:01:58,636] {processor.py:161} INFO - Processing /home/airflow/.local/lib/python3.7/site-packages/airflow/example_dags/example_external_task_marker_dag.py took 0.267 seconds
[2023-04-02 18:02:28,730] {processor.py:153} INFO - Started process (PID=870) to work on /home/airflow/.local/lib/python3.7/site-packages/airflow/example_dags/example_external_task_marker_dag.py
[2023-04-02 18:02:28,731] {processor.py:641} INFO - Processing file /home/airflow/.local/lib/python3.7/site-packages/airflow/example_dags/example_external_task_marker_dag.py for tasks to queue
[2023-04-02 18:02:28,733] {logging_mixin.py:115} INFO - [2023-04-02 18:02:28,732] {dagbag.py:507} INFO - Filling up the DagBag from /home/airflow/.local/lib/python3.7/site-packages/airflow/example_dags/example_external_task_marker_dag.py
[2023-04-02 18:02:28,739] {processor.py:651} INFO - DAG(s) dict_keys(['example_external_task_marker_parent', 'example_external_task_marker_child']) retrieved from /home/airflow/.local/lib/python3.7/site-packages/airflow/example_dags/example_external_task_marker_dag.py
[2023-04-02 18:02:28,786] {logging_mixin.py:115} INFO - [2023-04-02 18:02:28,786] {dag.py:2371} INFO - Sync 2 DAGs
[2023-04-02 18:02:28,811] {logging_mixin.py:115} INFO - [2023-04-02 18:02:28,811] {dag.py:2919} INFO - Setting next_dagrun for example_external_task_marker_child to None, run_after=None
[2023-04-02 18:02:28,813] {logging_mixin.py:115} INFO - [2023-04-02 18:02:28,813] {dag.py:2919} INFO - Setting next_dagrun for example_external_task_marker_parent to None, run_after=None
[2023-04-02 18:02:28,941] {processor.py:161} INFO - Processing /home/airflow/.local/lib/python3.7/site-packages/airflow/example_dags/example_external_task_marker_dag.py took 0.216 seconds
[2023-04-02 18:02:59,050] {processor.py:153} INFO - Started process (PID=933) to work on /home/airflow/.local/lib/python3.7/site-packages/airflow/example_dags/example_external_task_marker_dag.py
[2023-04-02 18:02:59,051] {processor.py:641} INFO - Processing file /home/airflow/.local/lib/python3.7/site-packages/airflow/example_dags/example_external_task_marker_dag.py for tasks to queue
[2023-04-02 18:02:59,052] {logging_mixin.py:115} INFO - [2023-04-02 18:02:59,052] {dagbag.py:507} INFO - Filling up the DagBag from /home/airflow/.local/lib/python3.7/site-packages/airflow/example_dags/example_external_task_marker_dag.py
[2023-04-02 18:02:59,058] {processor.py:651} INFO - DAG(s) dict_keys(['example_external_task_marker_parent', 'example_external_task_marker_child']) retrieved from /home/airflow/.local/lib/python3.7/site-packages/airflow/example_dags/example_external_task_marker_dag.py
[2023-04-02 18:02:59,107] {logging_mixin.py:115} INFO - [2023-04-02 18:02:59,107] {dag.py:2371} INFO - Sync 2 DAGs
[2023-04-02 18:02:59,134] {logging_mixin.py:115} INFO - [2023-04-02 18:02:59,134] {dag.py:2919} INFO - Setting next_dagrun for example_external_task_marker_child to None, run_after=None
[2023-04-02 18:02:59,135] {logging_mixin.py:115} INFO - [2023-04-02 18:02:59,135] {dag.py:2919} INFO - Setting next_dagrun for example_external_task_marker_parent to None, run_after=None
[2023-04-02 18:02:59,272] {processor.py:161} INFO - Processing /home/airflow/.local/lib/python3.7/site-packages/airflow/example_dags/example_external_task_marker_dag.py took 0.226 seconds
[2023-04-02 18:03:29,579] {processor.py:153} INFO - Started process (PID=996) to work on /home/airflow/.local/lib/python3.7/site-packages/airflow/example_dags/example_external_task_marker_dag.py
[2023-04-02 18:03:29,581] {processor.py:641} INFO - Processing file /home/airflow/.local/lib/python3.7/site-packages/airflow/example_dags/example_external_task_marker_dag.py for tasks to queue
[2023-04-02 18:03:29,582] {logging_mixin.py:115} INFO - [2023-04-02 18:03:29,582] {dagbag.py:507} INFO - Filling up the DagBag from /home/airflow/.local/lib/python3.7/site-packages/airflow/example_dags/example_external_task_marker_dag.py
[2023-04-02 18:03:29,588] {processor.py:651} INFO - DAG(s) dict_keys(['example_external_task_marker_parent', 'example_external_task_marker_child']) retrieved from /home/airflow/.local/lib/python3.7/site-packages/airflow/example_dags/example_external_task_marker_dag.py
[2023-04-02 18:03:29,641] {logging_mixin.py:115} INFO - [2023-04-02 18:03:29,641] {dag.py:2371} INFO - Sync 2 DAGs
[2023-04-02 18:03:29,668] {logging_mixin.py:115} INFO - [2023-04-02 18:03:29,668] {dag.py:2919} INFO - Setting next_dagrun for example_external_task_marker_child to None, run_after=None
[2023-04-02 18:03:29,670] {logging_mixin.py:115} INFO - [2023-04-02 18:03:29,670] {dag.py:2919} INFO - Setting next_dagrun for example_external_task_marker_parent to None, run_after=None
[2023-04-02 18:03:29,810] {processor.py:161} INFO - Processing /home/airflow/.local/lib/python3.7/site-packages/airflow/example_dags/example_external_task_marker_dag.py took 0.235 seconds
[2023-04-02 18:04:00,094] {processor.py:153} INFO - Started process (PID=1050) to work on /home/airflow/.local/lib/python3.7/site-packages/airflow/example_dags/example_external_task_marker_dag.py
[2023-04-02 18:04:00,096] {processor.py:641} INFO - Processing file /home/airflow/.local/lib/python3.7/site-packages/airflow/example_dags/example_external_task_marker_dag.py for tasks to queue
[2023-04-02 18:04:00,097] {logging_mixin.py:115} INFO - [2023-04-02 18:04:00,097] {dagbag.py:507} INFO - Filling up the DagBag from /home/airflow/.local/lib/python3.7/site-packages/airflow/example_dags/example_external_task_marker_dag.py
[2023-04-02 18:04:00,103] {processor.py:651} INFO - DAG(s) dict_keys(['example_external_task_marker_parent', 'example_external_task_marker_child']) retrieved from /home/airflow/.local/lib/python3.7/site-packages/airflow/example_dags/example_external_task_marker_dag.py
[2023-04-02 18:04:00,154] {logging_mixin.py:115} INFO - [2023-04-02 18:04:00,154] {dag.py:2371} INFO - Sync 2 DAGs
[2023-04-02 18:04:00,183] {logging_mixin.py:115} INFO - [2023-04-02 18:04:00,182] {dag.py:2919} INFO - Setting next_dagrun for example_external_task_marker_child to None, run_after=None
[2023-04-02 18:04:00,184] {logging_mixin.py:115} INFO - [2023-04-02 18:04:00,184] {dag.py:2919} INFO - Setting next_dagrun for example_external_task_marker_parent to None, run_after=None
[2023-04-02 18:04:00,322] {processor.py:161} INFO - Processing /home/airflow/.local/lib/python3.7/site-packages/airflow/example_dags/example_external_task_marker_dag.py took 0.231 seconds
[2023-04-02 18:04:30,509] {processor.py:153} INFO - Started process (PID=1112) to work on /home/airflow/.local/lib/python3.7/site-packages/airflow/example_dags/example_external_task_marker_dag.py
[2023-04-02 18:04:30,511] {processor.py:641} INFO - Processing file /home/airflow/.local/lib/python3.7/site-packages/airflow/example_dags/example_external_task_marker_dag.py for tasks to queue
[2023-04-02 18:04:30,512] {logging_mixin.py:115} INFO - [2023-04-02 18:04:30,512] {dagbag.py:507} INFO - Filling up the DagBag from /home/airflow/.local/lib/python3.7/site-packages/airflow/example_dags/example_external_task_marker_dag.py
[2023-04-02 18:04:30,519] {processor.py:651} INFO - DAG(s) dict_keys(['example_external_task_marker_parent', 'example_external_task_marker_child']) retrieved from /home/airflow/.local/lib/python3.7/site-packages/airflow/example_dags/example_external_task_marker_dag.py
[2023-04-02 18:04:30,568] {logging_mixin.py:115} INFO - [2023-04-02 18:04:30,568] {dag.py:2371} INFO - Sync 2 DAGs
[2023-04-02 18:04:30,595] {logging_mixin.py:115} INFO - [2023-04-02 18:04:30,595] {dag.py:2919} INFO - Setting next_dagrun for example_external_task_marker_child to None, run_after=None
[2023-04-02 18:04:30,596] {logging_mixin.py:115} INFO - [2023-04-02 18:04:30,596] {dag.py:2919} INFO - Setting next_dagrun for example_external_task_marker_parent to None, run_after=None
[2023-04-02 18:04:30,729] {processor.py:161} INFO - Processing /home/airflow/.local/lib/python3.7/site-packages/airflow/example_dags/example_external_task_marker_dag.py took 0.223 seconds
[2023-04-02 18:05:01,204] {processor.py:153} INFO - Started process (PID=1175) to work on /home/airflow/.local/lib/python3.7/site-packages/airflow/example_dags/example_external_task_marker_dag.py
[2023-04-02 18:05:01,205] {processor.py:641} INFO - Processing file /home/airflow/.local/lib/python3.7/site-packages/airflow/example_dags/example_external_task_marker_dag.py for tasks to queue
[2023-04-02 18:05:01,207] {logging_mixin.py:115} INFO - [2023-04-02 18:05:01,207] {dagbag.py:507} INFO - Filling up the DagBag from /home/airflow/.local/lib/python3.7/site-packages/airflow/example_dags/example_external_task_marker_dag.py
[2023-04-02 18:05:01,213] {processor.py:651} INFO - DAG(s) dict_keys(['example_external_task_marker_parent', 'example_external_task_marker_child']) retrieved from /home/airflow/.local/lib/python3.7/site-packages/airflow/example_dags/example_external_task_marker_dag.py
[2023-04-02 18:05:01,261] {logging_mixin.py:115} INFO - [2023-04-02 18:05:01,261] {dag.py:2371} INFO - Sync 2 DAGs
[2023-04-02 18:05:01,287] {logging_mixin.py:115} INFO - [2023-04-02 18:05:01,287] {dag.py:2919} INFO - Setting next_dagrun for example_external_task_marker_child to None, run_after=None
[2023-04-02 18:05:01,288] {logging_mixin.py:115} INFO - [2023-04-02 18:05:01,288] {dag.py:2919} INFO - Setting next_dagrun for example_external_task_marker_parent to None, run_after=None
[2023-04-02 18:05:01,420] {processor.py:161} INFO - Processing /home/airflow/.local/lib/python3.7/site-packages/airflow/example_dags/example_external_task_marker_dag.py took 0.221 seconds
[2023-04-02 18:05:31,775] {processor.py:153} INFO - Started process (PID=1230) to work on /home/airflow/.local/lib/python3.7/site-packages/airflow/example_dags/example_external_task_marker_dag.py
[2023-04-02 18:05:31,777] {processor.py:641} INFO - Processing file /home/airflow/.local/lib/python3.7/site-packages/airflow/example_dags/example_external_task_marker_dag.py for tasks to queue
[2023-04-02 18:05:31,779] {logging_mixin.py:115} INFO - [2023-04-02 18:05:31,779] {dagbag.py:507} INFO - Filling up the DagBag from /home/airflow/.local/lib/python3.7/site-packages/airflow/example_dags/example_external_task_marker_dag.py
[2023-04-02 18:05:31,789] {processor.py:651} INFO - DAG(s) dict_keys(['example_external_task_marker_parent', 'example_external_task_marker_child']) retrieved from /home/airflow/.local/lib/python3.7/site-packages/airflow/example_dags/example_external_task_marker_dag.py
[2023-04-02 18:05:31,838] {logging_mixin.py:115} INFO - [2023-04-02 18:05:31,838] {dag.py:2371} INFO - Sync 2 DAGs
[2023-04-02 18:05:31,992] {logging_mixin.py:115} INFO - [2023-04-02 18:05:31,992] {dag.py:2919} INFO - Setting next_dagrun for example_external_task_marker_child to None, run_after=None
[2023-04-02 18:05:31,994] {logging_mixin.py:115} INFO - [2023-04-02 18:05:31,994] {dag.py:2919} INFO - Setting next_dagrun for example_external_task_marker_parent to None, run_after=None
[2023-04-02 18:05:32,007] {processor.py:161} INFO - Processing /home/airflow/.local/lib/python3.7/site-packages/airflow/example_dags/example_external_task_marker_dag.py took 0.237 seconds
[2023-04-02 18:06:02,076] {processor.py:153} INFO - Started process (PID=1293) to work on /home/airflow/.local/lib/python3.7/site-packages/airflow/example_dags/example_external_task_marker_dag.py
[2023-04-02 18:06:02,077] {processor.py:641} INFO - Processing file /home/airflow/.local/lib/python3.7/site-packages/airflow/example_dags/example_external_task_marker_dag.py for tasks to queue
[2023-04-02 18:06:02,079] {logging_mixin.py:115} INFO - [2023-04-02 18:06:02,079] {dagbag.py:507} INFO - Filling up the DagBag from /home/airflow/.local/lib/python3.7/site-packages/airflow/example_dags/example_external_task_marker_dag.py
[2023-04-02 18:06:02,085] {processor.py:651} INFO - DAG(s) dict_keys(['example_external_task_marker_parent', 'example_external_task_marker_child']) retrieved from /home/airflow/.local/lib/python3.7/site-packages/airflow/example_dags/example_external_task_marker_dag.py
[2023-04-02 18:06:02,137] {logging_mixin.py:115} INFO - [2023-04-02 18:06:02,137] {dag.py:2371} INFO - Sync 2 DAGs
[2023-04-02 18:06:02,308] {logging_mixin.py:115} INFO - [2023-04-02 18:06:02,308] {dag.py:2919} INFO - Setting next_dagrun for example_external_task_marker_child to None, run_after=None
[2023-04-02 18:06:02,311] {logging_mixin.py:115} INFO - [2023-04-02 18:06:02,310] {dag.py:2919} INFO - Setting next_dagrun for example_external_task_marker_parent to None, run_after=None
[2023-04-02 18:06:02,333] {processor.py:161} INFO - Processing /home/airflow/.local/lib/python3.7/site-packages/airflow/example_dags/example_external_task_marker_dag.py took 0.262 seconds
[2023-04-02 18:06:32,983] {processor.py:153} INFO - Started process (PID=1356) to work on /home/airflow/.local/lib/python3.7/site-packages/airflow/example_dags/example_external_task_marker_dag.py
[2023-04-02 18:06:32,984] {processor.py:641} INFO - Processing file /home/airflow/.local/lib/python3.7/site-packages/airflow/example_dags/example_external_task_marker_dag.py for tasks to queue
[2023-04-02 18:06:32,986] {logging_mixin.py:115} INFO - [2023-04-02 18:06:32,985] {dagbag.py:507} INFO - Filling up the DagBag from /home/airflow/.local/lib/python3.7/site-packages/airflow/example_dags/example_external_task_marker_dag.py
[2023-04-02 18:06:32,991] {processor.py:651} INFO - DAG(s) dict_keys(['example_external_task_marker_parent', 'example_external_task_marker_child']) retrieved from /home/airflow/.local/lib/python3.7/site-packages/airflow/example_dags/example_external_task_marker_dag.py
[2023-04-02 18:06:33,041] {logging_mixin.py:115} INFO - [2023-04-02 18:06:33,041] {dag.py:2371} INFO - Sync 2 DAGs
[2023-04-02 18:06:33,190] {logging_mixin.py:115} INFO - [2023-04-02 18:06:33,190] {dag.py:2919} INFO - Setting next_dagrun for example_external_task_marker_child to None, run_after=None
[2023-04-02 18:06:33,191] {logging_mixin.py:115} INFO - [2023-04-02 18:06:33,191] {dag.py:2919} INFO - Setting next_dagrun for example_external_task_marker_parent to None, run_after=None
[2023-04-02 18:06:33,206] {processor.py:161} INFO - Processing /home/airflow/.local/lib/python3.7/site-packages/airflow/example_dags/example_external_task_marker_dag.py took 0.227 seconds
[2023-04-02 18:07:03,911] {processor.py:153} INFO - Started process (PID=1420) to work on /home/airflow/.local/lib/python3.7/site-packages/airflow/example_dags/example_external_task_marker_dag.py
[2023-04-02 18:07:03,913] {processor.py:641} INFO - Processing file /home/airflow/.local/lib/python3.7/site-packages/airflow/example_dags/example_external_task_marker_dag.py for tasks to queue
[2023-04-02 18:07:03,915] {logging_mixin.py:115} INFO - [2023-04-02 18:07:03,915] {dagbag.py:507} INFO - Filling up the DagBag from /home/airflow/.local/lib/python3.7/site-packages/airflow/example_dags/example_external_task_marker_dag.py
[2023-04-02 18:07:03,921] {processor.py:651} INFO - DAG(s) dict_keys(['example_external_task_marker_parent', 'example_external_task_marker_child']) retrieved from /home/airflow/.local/lib/python3.7/site-packages/airflow/example_dags/example_external_task_marker_dag.py
[2023-04-02 18:07:03,976] {logging_mixin.py:115} INFO - [2023-04-02 18:07:03,976] {dag.py:2371} INFO - Sync 2 DAGs
[2023-04-02 18:07:04,130] {logging_mixin.py:115} INFO - [2023-04-02 18:07:04,130] {dag.py:2919} INFO - Setting next_dagrun for example_external_task_marker_child to None, run_after=None
[2023-04-02 18:07:04,132] {logging_mixin.py:115} INFO - [2023-04-02 18:07:04,132] {dag.py:2919} INFO - Setting next_dagrun for example_external_task_marker_parent to None, run_after=None
[2023-04-02 18:07:04,149] {processor.py:161} INFO - Processing /home/airflow/.local/lib/python3.7/site-packages/airflow/example_dags/example_external_task_marker_dag.py took 0.242 seconds
[2023-04-02 18:07:34,726] {processor.py:153} INFO - Started process (PID=1475) to work on /home/airflow/.local/lib/python3.7/site-packages/airflow/example_dags/example_external_task_marker_dag.py
[2023-04-02 18:07:34,728] {processor.py:641} INFO - Processing file /home/airflow/.local/lib/python3.7/site-packages/airflow/example_dags/example_external_task_marker_dag.py for tasks to queue
[2023-04-02 18:07:34,729] {logging_mixin.py:115} INFO - [2023-04-02 18:07:34,729] {dagbag.py:507} INFO - Filling up the DagBag from /home/airflow/.local/lib/python3.7/site-packages/airflow/example_dags/example_external_task_marker_dag.py
[2023-04-02 18:07:34,736] {processor.py:651} INFO - DAG(s) dict_keys(['example_external_task_marker_parent', 'example_external_task_marker_child']) retrieved from /home/airflow/.local/lib/python3.7/site-packages/airflow/example_dags/example_external_task_marker_dag.py
[2023-04-02 18:07:34,783] {logging_mixin.py:115} INFO - [2023-04-02 18:07:34,783] {dag.py:2371} INFO - Sync 2 DAGs
[2023-04-02 18:07:34,926] {logging_mixin.py:115} INFO - [2023-04-02 18:07:34,926] {dag.py:2919} INFO - Setting next_dagrun for example_external_task_marker_child to None, run_after=None
[2023-04-02 18:07:34,928] {logging_mixin.py:115} INFO - [2023-04-02 18:07:34,928] {dag.py:2919} INFO - Setting next_dagrun for example_external_task_marker_parent to None, run_after=None
[2023-04-02 18:07:34,941] {processor.py:161} INFO - Processing /home/airflow/.local/lib/python3.7/site-packages/airflow/example_dags/example_external_task_marker_dag.py took 0.219 seconds
[2023-04-02 18:08:05,535] {processor.py:153} INFO - Started process (PID=1538) to work on /home/airflow/.local/lib/python3.7/site-packages/airflow/example_dags/example_external_task_marker_dag.py
[2023-04-02 18:08:05,536] {processor.py:641} INFO - Processing file /home/airflow/.local/lib/python3.7/site-packages/airflow/example_dags/example_external_task_marker_dag.py for tasks to queue
[2023-04-02 18:08:05,538] {logging_mixin.py:115} INFO - [2023-04-02 18:08:05,538] {dagbag.py:507} INFO - Filling up the DagBag from /home/airflow/.local/lib/python3.7/site-packages/airflow/example_dags/example_external_task_marker_dag.py
[2023-04-02 18:08:05,544] {processor.py:651} INFO - DAG(s) dict_keys(['example_external_task_marker_parent', 'example_external_task_marker_child']) retrieved from /home/airflow/.local/lib/python3.7/site-packages/airflow/example_dags/example_external_task_marker_dag.py
[2023-04-02 18:08:05,593] {logging_mixin.py:115} INFO - [2023-04-02 18:08:05,593] {dag.py:2371} INFO - Sync 2 DAGs
[2023-04-02 18:08:05,738] {logging_mixin.py:115} INFO - [2023-04-02 18:08:05,737] {dag.py:2919} INFO - Setting next_dagrun for example_external_task_marker_child to None, run_after=None
[2023-04-02 18:08:05,739] {logging_mixin.py:115} INFO - [2023-04-02 18:08:05,739] {dag.py:2919} INFO - Setting next_dagrun for example_external_task_marker_parent to None, run_after=None
[2023-04-02 18:08:05,753] {processor.py:161} INFO - Processing /home/airflow/.local/lib/python3.7/site-packages/airflow/example_dags/example_external_task_marker_dag.py took 0.223 seconds
[2023-04-02 18:08:36,038] {processor.py:153} INFO - Started process (PID=1601) to work on /home/airflow/.local/lib/python3.7/site-packages/airflow/example_dags/example_external_task_marker_dag.py
[2023-04-02 18:08:36,039] {processor.py:641} INFO - Processing file /home/airflow/.local/lib/python3.7/site-packages/airflow/example_dags/example_external_task_marker_dag.py for tasks to queue
[2023-04-02 18:08:36,041] {logging_mixin.py:115} INFO - [2023-04-02 18:08:36,040] {dagbag.py:507} INFO - Filling up the DagBag from /home/airflow/.local/lib/python3.7/site-packages/airflow/example_dags/example_external_task_marker_dag.py
[2023-04-02 18:08:36,046] {processor.py:651} INFO - DAG(s) dict_keys(['example_external_task_marker_parent', 'example_external_task_marker_child']) retrieved from /home/airflow/.local/lib/python3.7/site-packages/airflow/example_dags/example_external_task_marker_dag.py
[2023-04-02 18:08:36,094] {logging_mixin.py:115} INFO - [2023-04-02 18:08:36,094] {dag.py:2371} INFO - Sync 2 DAGs
[2023-04-02 18:08:36,233] {logging_mixin.py:115} INFO - [2023-04-02 18:08:36,233] {dag.py:2919} INFO - Setting next_dagrun for example_external_task_marker_child to None, run_after=None
[2023-04-02 18:08:36,234] {logging_mixin.py:115} INFO - [2023-04-02 18:08:36,234] {dag.py:2919} INFO - Setting next_dagrun for example_external_task_marker_parent to None, run_after=None
[2023-04-02 18:08:36,247] {processor.py:161} INFO - Processing /home/airflow/.local/lib/python3.7/site-packages/airflow/example_dags/example_external_task_marker_dag.py took 0.213 seconds
[2023-04-02 18:09:06,605] {processor.py:153} INFO - Started process (PID=1664) to work on /home/airflow/.local/lib/python3.7/site-packages/airflow/example_dags/example_external_task_marker_dag.py
[2023-04-02 18:09:06,606] {processor.py:641} INFO - Processing file /home/airflow/.local/lib/python3.7/site-packages/airflow/example_dags/example_external_task_marker_dag.py for tasks to queue
[2023-04-02 18:09:06,608] {logging_mixin.py:115} INFO - [2023-04-02 18:09:06,607] {dagbag.py:507} INFO - Filling up the DagBag from /home/airflow/.local/lib/python3.7/site-packages/airflow/example_dags/example_external_task_marker_dag.py
[2023-04-02 18:09:06,613] {processor.py:651} INFO - DAG(s) dict_keys(['example_external_task_marker_parent', 'example_external_task_marker_child']) retrieved from /home/airflow/.local/lib/python3.7/site-packages/airflow/example_dags/example_external_task_marker_dag.py
[2023-04-02 18:09:06,661] {logging_mixin.py:115} INFO - [2023-04-02 18:09:06,661] {dag.py:2371} INFO - Sync 2 DAGs
[2023-04-02 18:09:06,806] {logging_mixin.py:115} INFO - [2023-04-02 18:09:06,806] {dag.py:2919} INFO - Setting next_dagrun for example_external_task_marker_child to None, run_after=None
[2023-04-02 18:09:06,807] {logging_mixin.py:115} INFO - [2023-04-02 18:09:06,807] {dag.py:2919} INFO - Setting next_dagrun for example_external_task_marker_parent to None, run_after=None
[2023-04-02 18:09:06,820] {processor.py:161} INFO - Processing /home/airflow/.local/lib/python3.7/site-packages/airflow/example_dags/example_external_task_marker_dag.py took 0.219 seconds
[2023-04-02 18:09:37,301] {processor.py:153} INFO - Started process (PID=1718) to work on /home/airflow/.local/lib/python3.7/site-packages/airflow/example_dags/example_external_task_marker_dag.py
[2023-04-02 18:09:37,302] {processor.py:641} INFO - Processing file /home/airflow/.local/lib/python3.7/site-packages/airflow/example_dags/example_external_task_marker_dag.py for tasks to queue
[2023-04-02 18:09:37,304] {logging_mixin.py:115} INFO - [2023-04-02 18:09:37,304] {dagbag.py:507} INFO - Filling up the DagBag from /home/airflow/.local/lib/python3.7/site-packages/airflow/example_dags/example_external_task_marker_dag.py
[2023-04-02 18:09:37,311] {processor.py:651} INFO - DAG(s) dict_keys(['example_external_task_marker_parent', 'example_external_task_marker_child']) retrieved from /home/airflow/.local/lib/python3.7/site-packages/airflow/example_dags/example_external_task_marker_dag.py
[2023-04-02 18:09:37,359] {logging_mixin.py:115} INFO - [2023-04-02 18:09:37,359] {dag.py:2371} INFO - Sync 2 DAGs
[2023-04-02 18:09:37,504] {logging_mixin.py:115} INFO - [2023-04-02 18:09:37,503] {dag.py:2919} INFO - Setting next_dagrun for example_external_task_marker_child to None, run_after=None
[2023-04-02 18:09:37,506] {logging_mixin.py:115} INFO - [2023-04-02 18:09:37,505] {dag.py:2919} INFO - Setting next_dagrun for example_external_task_marker_parent to None, run_after=None
[2023-04-02 18:09:37,519] {processor.py:161} INFO - Processing /home/airflow/.local/lib/python3.7/site-packages/airflow/example_dags/example_external_task_marker_dag.py took 0.224 seconds
[2023-04-02 18:10:07,755] {processor.py:153} INFO - Started process (PID=1780) to work on /home/airflow/.local/lib/python3.7/site-packages/airflow/example_dags/example_external_task_marker_dag.py
[2023-04-02 18:10:07,757] {processor.py:641} INFO - Processing file /home/airflow/.local/lib/python3.7/site-packages/airflow/example_dags/example_external_task_marker_dag.py for tasks to queue
[2023-04-02 18:10:07,758] {logging_mixin.py:115} INFO - [2023-04-02 18:10:07,758] {dagbag.py:507} INFO - Filling up the DagBag from /home/airflow/.local/lib/python3.7/site-packages/airflow/example_dags/example_external_task_marker_dag.py
[2023-04-02 18:10:07,763] {processor.py:651} INFO - DAG(s) dict_keys(['example_external_task_marker_parent', 'example_external_task_marker_child']) retrieved from /home/airflow/.local/lib/python3.7/site-packages/airflow/example_dags/example_external_task_marker_dag.py
[2023-04-02 18:10:07,815] {logging_mixin.py:115} INFO - [2023-04-02 18:10:07,815] {dag.py:2371} INFO - Sync 2 DAGs
[2023-04-02 18:10:07,989] {logging_mixin.py:115} INFO - [2023-04-02 18:10:07,988] {dag.py:2919} INFO - Setting next_dagrun for example_external_task_marker_child to None, run_after=None
[2023-04-02 18:10:07,991] {logging_mixin.py:115} INFO - [2023-04-02 18:10:07,990] {dag.py:2919} INFO - Setting next_dagrun for example_external_task_marker_parent to None, run_after=None
[2023-04-02 18:10:08,009] {processor.py:161} INFO - Processing /home/airflow/.local/lib/python3.7/site-packages/airflow/example_dags/example_external_task_marker_dag.py took 0.257 seconds
[2023-04-02 18:10:38,812] {processor.py:153} INFO - Started process (PID=1844) to work on /home/airflow/.local/lib/python3.7/site-packages/airflow/example_dags/example_external_task_marker_dag.py
[2023-04-02 18:10:38,813] {processor.py:641} INFO - Processing file /home/airflow/.local/lib/python3.7/site-packages/airflow/example_dags/example_external_task_marker_dag.py for tasks to queue
[2023-04-02 18:10:38,814] {logging_mixin.py:115} INFO - [2023-04-02 18:10:38,814] {dagbag.py:507} INFO - Filling up the DagBag from /home/airflow/.local/lib/python3.7/site-packages/airflow/example_dags/example_external_task_marker_dag.py
[2023-04-02 18:10:38,821] {processor.py:651} INFO - DAG(s) dict_keys(['example_external_task_marker_parent', 'example_external_task_marker_child']) retrieved from /home/airflow/.local/lib/python3.7/site-packages/airflow/example_dags/example_external_task_marker_dag.py
[2023-04-02 18:10:38,873] {logging_mixin.py:115} INFO - [2023-04-02 18:10:38,873] {dag.py:2371} INFO - Sync 2 DAGs
[2023-04-02 18:10:38,900] {logging_mixin.py:115} INFO - [2023-04-02 18:10:38,900] {dag.py:2919} INFO - Setting next_dagrun for example_external_task_marker_child to None, run_after=None
[2023-04-02 18:10:38,902] {logging_mixin.py:115} INFO - [2023-04-02 18:10:38,902] {dag.py:2919} INFO - Setting next_dagrun for example_external_task_marker_parent to None, run_after=None
[2023-04-02 18:10:38,916] {processor.py:161} INFO - Processing /home/airflow/.local/lib/python3.7/site-packages/airflow/example_dags/example_external_task_marker_dag.py took 0.109 seconds
[2023-04-02 18:11:08,992] {processor.py:153} INFO - Started process (PID=1897) to work on /home/airflow/.local/lib/python3.7/site-packages/airflow/example_dags/example_external_task_marker_dag.py
[2023-04-02 18:11:08,994] {processor.py:641} INFO - Processing file /home/airflow/.local/lib/python3.7/site-packages/airflow/example_dags/example_external_task_marker_dag.py for tasks to queue
[2023-04-02 18:11:08,995] {logging_mixin.py:115} INFO - [2023-04-02 18:11:08,995] {dagbag.py:507} INFO - Filling up the DagBag from /home/airflow/.local/lib/python3.7/site-packages/airflow/example_dags/example_external_task_marker_dag.py
[2023-04-02 18:11:09,001] {processor.py:651} INFO - DAG(s) dict_keys(['example_external_task_marker_parent', 'example_external_task_marker_child']) retrieved from /home/airflow/.local/lib/python3.7/site-packages/airflow/example_dags/example_external_task_marker_dag.py
[2023-04-02 18:11:09,054] {logging_mixin.py:115} INFO - [2023-04-02 18:11:09,054] {dag.py:2371} INFO - Sync 2 DAGs
[2023-04-02 18:11:09,084] {logging_mixin.py:115} INFO - [2023-04-02 18:11:09,083] {dag.py:2919} INFO - Setting next_dagrun for example_external_task_marker_child to None, run_after=None
[2023-04-02 18:11:09,085] {logging_mixin.py:115} INFO - [2023-04-02 18:11:09,085] {dag.py:2919} INFO - Setting next_dagrun for example_external_task_marker_parent to None, run_after=None
[2023-04-02 18:11:09,101] {processor.py:161} INFO - Processing /home/airflow/.local/lib/python3.7/site-packages/airflow/example_dags/example_external_task_marker_dag.py took 0.113 seconds
[2023-04-02 18:11:39,428] {processor.py:153} INFO - Started process (PID=1960) to work on /home/airflow/.local/lib/python3.7/site-packages/airflow/example_dags/example_external_task_marker_dag.py
[2023-04-02 18:11:39,447] {processor.py:641} INFO - Processing file /home/airflow/.local/lib/python3.7/site-packages/airflow/example_dags/example_external_task_marker_dag.py for tasks to queue
[2023-04-02 18:11:39,448] {logging_mixin.py:115} INFO - [2023-04-02 18:11:39,448] {dagbag.py:507} INFO - Filling up the DagBag from /home/airflow/.local/lib/python3.7/site-packages/airflow/example_dags/example_external_task_marker_dag.py
[2023-04-02 18:11:39,456] {processor.py:651} INFO - DAG(s) dict_keys(['example_external_task_marker_parent', 'example_external_task_marker_child']) retrieved from /home/airflow/.local/lib/python3.7/site-packages/airflow/example_dags/example_external_task_marker_dag.py
[2023-04-02 18:11:39,549] {logging_mixin.py:115} INFO - [2023-04-02 18:11:39,548] {dag.py:2371} INFO - Sync 2 DAGs
[2023-04-02 18:11:39,599] {logging_mixin.py:115} INFO - [2023-04-02 18:11:39,599] {dag.py:2919} INFO - Setting next_dagrun for example_external_task_marker_child to None, run_after=None
[2023-04-02 18:11:39,601] {logging_mixin.py:115} INFO - [2023-04-02 18:11:39,601] {dag.py:2919} INFO - Setting next_dagrun for example_external_task_marker_parent to None, run_after=None
[2023-04-02 18:11:39,644] {processor.py:161} INFO - Processing /home/airflow/.local/lib/python3.7/site-packages/airflow/example_dags/example_external_task_marker_dag.py took 0.221 seconds
[2023-04-02 18:12:09,937] {processor.py:153} INFO - Started process (PID=2023) to work on /home/airflow/.local/lib/python3.7/site-packages/airflow/example_dags/example_external_task_marker_dag.py
[2023-04-02 18:12:09,938] {processor.py:641} INFO - Processing file /home/airflow/.local/lib/python3.7/site-packages/airflow/example_dags/example_external_task_marker_dag.py for tasks to queue
[2023-04-02 18:12:09,940] {logging_mixin.py:115} INFO - [2023-04-02 18:12:09,940] {dagbag.py:507} INFO - Filling up the DagBag from /home/airflow/.local/lib/python3.7/site-packages/airflow/example_dags/example_external_task_marker_dag.py
[2023-04-02 18:12:09,945] {processor.py:651} INFO - DAG(s) dict_keys(['example_external_task_marker_parent', 'example_external_task_marker_child']) retrieved from /home/airflow/.local/lib/python3.7/site-packages/airflow/example_dags/example_external_task_marker_dag.py
[2023-04-02 18:12:09,996] {logging_mixin.py:115} INFO - [2023-04-02 18:12:09,995] {dag.py:2371} INFO - Sync 2 DAGs
[2023-04-02 18:12:10,019] {logging_mixin.py:115} INFO - [2023-04-02 18:12:10,018] {dag.py:2919} INFO - Setting next_dagrun for example_external_task_marker_child to None, run_after=None
[2023-04-02 18:12:10,020] {logging_mixin.py:115} INFO - [2023-04-02 18:12:10,020] {dag.py:2919} INFO - Setting next_dagrun for example_external_task_marker_parent to None, run_after=None
[2023-04-02 18:12:10,033] {processor.py:161} INFO - Processing /home/airflow/.local/lib/python3.7/site-packages/airflow/example_dags/example_external_task_marker_dag.py took 0.100 seconds
[2023-04-02 18:12:40,314] {processor.py:153} INFO - Started process (PID=2077) to work on /home/airflow/.local/lib/python3.7/site-packages/airflow/example_dags/example_external_task_marker_dag.py
[2023-04-02 18:12:40,316] {processor.py:641} INFO - Processing file /home/airflow/.local/lib/python3.7/site-packages/airflow/example_dags/example_external_task_marker_dag.py for tasks to queue
[2023-04-02 18:12:40,317] {logging_mixin.py:115} INFO - [2023-04-02 18:12:40,317] {dagbag.py:507} INFO - Filling up the DagBag from /home/airflow/.local/lib/python3.7/site-packages/airflow/example_dags/example_external_task_marker_dag.py
[2023-04-02 18:12:40,324] {processor.py:651} INFO - DAG(s) dict_keys(['example_external_task_marker_parent', 'example_external_task_marker_child']) retrieved from /home/airflow/.local/lib/python3.7/site-packages/airflow/example_dags/example_external_task_marker_dag.py
[2023-04-02 18:12:40,378] {logging_mixin.py:115} INFO - [2023-04-02 18:12:40,378] {dag.py:2371} INFO - Sync 2 DAGs
[2023-04-02 18:12:40,400] {logging_mixin.py:115} INFO - [2023-04-02 18:12:40,400] {dag.py:2919} INFO - Setting next_dagrun for example_external_task_marker_child to None, run_after=None
[2023-04-02 18:12:40,402] {logging_mixin.py:115} INFO - [2023-04-02 18:12:40,401] {dag.py:2919} INFO - Setting next_dagrun for example_external_task_marker_parent to None, run_after=None
[2023-04-02 18:12:40,418] {processor.py:161} INFO - Processing /home/airflow/.local/lib/python3.7/site-packages/airflow/example_dags/example_external_task_marker_dag.py took 0.109 seconds
[2023-04-02 18:13:10,782] {processor.py:153} INFO - Started process (PID=2140) to work on /home/airflow/.local/lib/python3.7/site-packages/airflow/example_dags/example_external_task_marker_dag.py
[2023-04-02 18:13:10,783] {processor.py:641} INFO - Processing file /home/airflow/.local/lib/python3.7/site-packages/airflow/example_dags/example_external_task_marker_dag.py for tasks to queue
[2023-04-02 18:13:10,784] {logging_mixin.py:115} INFO - [2023-04-02 18:13:10,784] {dagbag.py:507} INFO - Filling up the DagBag from /home/airflow/.local/lib/python3.7/site-packages/airflow/example_dags/example_external_task_marker_dag.py
[2023-04-02 18:13:10,790] {processor.py:651} INFO - DAG(s) dict_keys(['example_external_task_marker_parent', 'example_external_task_marker_child']) retrieved from /home/airflow/.local/lib/python3.7/site-packages/airflow/example_dags/example_external_task_marker_dag.py
[2023-04-02 18:13:10,840] {logging_mixin.py:115} INFO - [2023-04-02 18:13:10,840] {dag.py:2371} INFO - Sync 2 DAGs
[2023-04-02 18:13:10,863] {logging_mixin.py:115} INFO - [2023-04-02 18:13:10,863] {dag.py:2919} INFO - Setting next_dagrun for example_external_task_marker_child to None, run_after=None
[2023-04-02 18:13:10,864] {logging_mixin.py:115} INFO - [2023-04-02 18:13:10,864] {dag.py:2919} INFO - Setting next_dagrun for example_external_task_marker_parent to None, run_after=None
[2023-04-02 18:13:10,877] {processor.py:161} INFO - Processing /home/airflow/.local/lib/python3.7/site-packages/airflow/example_dags/example_external_task_marker_dag.py took 0.099 seconds
[2023-04-02 18:13:41,040] {processor.py:153} INFO - Started process (PID=2203) to work on /home/airflow/.local/lib/python3.7/site-packages/airflow/example_dags/example_external_task_marker_dag.py
[2023-04-02 18:13:41,042] {processor.py:641} INFO - Processing file /home/airflow/.local/lib/python3.7/site-packages/airflow/example_dags/example_external_task_marker_dag.py for tasks to queue
[2023-04-02 18:13:41,043] {logging_mixin.py:115} INFO - [2023-04-02 18:13:41,043] {dagbag.py:507} INFO - Filling up the DagBag from /home/airflow/.local/lib/python3.7/site-packages/airflow/example_dags/example_external_task_marker_dag.py
[2023-04-02 18:13:41,049] {processor.py:651} INFO - DAG(s) dict_keys(['example_external_task_marker_parent', 'example_external_task_marker_child']) retrieved from /home/airflow/.local/lib/python3.7/site-packages/airflow/example_dags/example_external_task_marker_dag.py
[2023-04-02 18:13:41,101] {logging_mixin.py:115} INFO - [2023-04-02 18:13:41,101] {dag.py:2371} INFO - Sync 2 DAGs
[2023-04-02 18:13:41,124] {logging_mixin.py:115} INFO - [2023-04-02 18:13:41,124] {dag.py:2919} INFO - Setting next_dagrun for example_external_task_marker_child to None, run_after=None
[2023-04-02 18:13:41,125] {logging_mixin.py:115} INFO - [2023-04-02 18:13:41,125] {dag.py:2919} INFO - Setting next_dagrun for example_external_task_marker_parent to None, run_after=None
[2023-04-02 18:13:41,140] {processor.py:161} INFO - Processing /home/airflow/.local/lib/python3.7/site-packages/airflow/example_dags/example_external_task_marker_dag.py took 0.105 seconds
[2023-04-02 18:14:11,434] {processor.py:153} INFO - Started process (PID=2266) to work on /home/airflow/.local/lib/python3.7/site-packages/airflow/example_dags/example_external_task_marker_dag.py
[2023-04-02 18:14:11,436] {processor.py:641} INFO - Processing file /home/airflow/.local/lib/python3.7/site-packages/airflow/example_dags/example_external_task_marker_dag.py for tasks to queue
[2023-04-02 18:14:11,437] {logging_mixin.py:115} INFO - [2023-04-02 18:14:11,437] {dagbag.py:507} INFO - Filling up the DagBag from /home/airflow/.local/lib/python3.7/site-packages/airflow/example_dags/example_external_task_marker_dag.py
[2023-04-02 18:14:11,443] {processor.py:651} INFO - DAG(s) dict_keys(['example_external_task_marker_parent', 'example_external_task_marker_child']) retrieved from /home/airflow/.local/lib/python3.7/site-packages/airflow/example_dags/example_external_task_marker_dag.py
[2023-04-02 18:14:11,492] {logging_mixin.py:115} INFO - [2023-04-02 18:14:11,492] {dag.py:2371} INFO - Sync 2 DAGs
[2023-04-02 18:14:11,515] {logging_mixin.py:115} INFO - [2023-04-02 18:14:11,515] {dag.py:2919} INFO - Setting next_dagrun for example_external_task_marker_child to None, run_after=None
[2023-04-02 18:14:11,516] {logging_mixin.py:115} INFO - [2023-04-02 18:14:11,516] {dag.py:2919} INFO - Setting next_dagrun for example_external_task_marker_parent to None, run_after=None
[2023-04-02 18:14:11,529] {processor.py:161} INFO - Processing /home/airflow/.local/lib/python3.7/site-packages/airflow/example_dags/example_external_task_marker_dag.py took 0.099 seconds
[2023-04-02 18:14:41,666] {processor.py:153} INFO - Started process (PID=2320) to work on /home/airflow/.local/lib/python3.7/site-packages/airflow/example_dags/example_external_task_marker_dag.py
[2023-04-02 18:14:41,667] {processor.py:641} INFO - Processing file /home/airflow/.local/lib/python3.7/site-packages/airflow/example_dags/example_external_task_marker_dag.py for tasks to queue
[2023-04-02 18:14:41,670] {logging_mixin.py:115} INFO - [2023-04-02 18:14:41,669] {dagbag.py:507} INFO - Filling up the DagBag from /home/airflow/.local/lib/python3.7/site-packages/airflow/example_dags/example_external_task_marker_dag.py
[2023-04-02 18:14:41,676] {processor.py:651} INFO - DAG(s) dict_keys(['example_external_task_marker_parent', 'example_external_task_marker_child']) retrieved from /home/airflow/.local/lib/python3.7/site-packages/airflow/example_dags/example_external_task_marker_dag.py
[2023-04-02 18:14:41,728] {logging_mixin.py:115} INFO - [2023-04-02 18:14:41,728] {dag.py:2371} INFO - Sync 2 DAGs
[2023-04-02 18:14:41,750] {logging_mixin.py:115} INFO - [2023-04-02 18:14:41,750] {dag.py:2919} INFO - Setting next_dagrun for example_external_task_marker_child to None, run_after=None
[2023-04-02 18:14:41,751] {logging_mixin.py:115} INFO - [2023-04-02 18:14:41,751] {dag.py:2919} INFO - Setting next_dagrun for example_external_task_marker_parent to None, run_after=None
[2023-04-02 18:14:41,764] {processor.py:161} INFO - Processing /home/airflow/.local/lib/python3.7/site-packages/airflow/example_dags/example_external_task_marker_dag.py took 0.103 seconds
[2023-04-02 18:15:11,871] {processor.py:153} INFO - Started process (PID=2383) to work on /home/airflow/.local/lib/python3.7/site-packages/airflow/example_dags/example_external_task_marker_dag.py
[2023-04-02 18:15:11,873] {processor.py:641} INFO - Processing file /home/airflow/.local/lib/python3.7/site-packages/airflow/example_dags/example_external_task_marker_dag.py for tasks to queue
[2023-04-02 18:15:11,874] {logging_mixin.py:115} INFO - [2023-04-02 18:15:11,874] {dagbag.py:507} INFO - Filling up the DagBag from /home/airflow/.local/lib/python3.7/site-packages/airflow/example_dags/example_external_task_marker_dag.py
[2023-04-02 18:15:11,881] {processor.py:651} INFO - DAG(s) dict_keys(['example_external_task_marker_parent', 'example_external_task_marker_child']) retrieved from /home/airflow/.local/lib/python3.7/site-packages/airflow/example_dags/example_external_task_marker_dag.py
[2023-04-02 18:15:11,942] {logging_mixin.py:115} INFO - [2023-04-02 18:15:11,942] {dag.py:2371} INFO - Sync 2 DAGs
[2023-04-02 18:15:11,968] {logging_mixin.py:115} INFO - [2023-04-02 18:15:11,968] {dag.py:2919} INFO - Setting next_dagrun for example_external_task_marker_child to None, run_after=None
[2023-04-02 18:15:11,969] {logging_mixin.py:115} INFO - [2023-04-02 18:15:11,969] {dag.py:2919} INFO - Setting next_dagrun for example_external_task_marker_parent to None, run_after=None
[2023-04-02 18:15:11,983] {processor.py:161} INFO - Processing /home/airflow/.local/lib/python3.7/site-packages/airflow/example_dags/example_external_task_marker_dag.py took 0.117 seconds
[2023-04-02 18:15:42,222] {processor.py:153} INFO - Started process (PID=2446) to work on /home/airflow/.local/lib/python3.7/site-packages/airflow/example_dags/example_external_task_marker_dag.py
[2023-04-02 18:15:42,224] {processor.py:641} INFO - Processing file /home/airflow/.local/lib/python3.7/site-packages/airflow/example_dags/example_external_task_marker_dag.py for tasks to queue
[2023-04-02 18:15:42,225] {logging_mixin.py:115} INFO - [2023-04-02 18:15:42,225] {dagbag.py:507} INFO - Filling up the DagBag from /home/airflow/.local/lib/python3.7/site-packages/airflow/example_dags/example_external_task_marker_dag.py
[2023-04-02 18:15:42,231] {processor.py:651} INFO - DAG(s) dict_keys(['example_external_task_marker_parent', 'example_external_task_marker_child']) retrieved from /home/airflow/.local/lib/python3.7/site-packages/airflow/example_dags/example_external_task_marker_dag.py
[2023-04-02 18:15:42,283] {logging_mixin.py:115} INFO - [2023-04-02 18:15:42,283] {dag.py:2371} INFO - Sync 2 DAGs
[2023-04-02 18:15:42,308] {logging_mixin.py:115} INFO - [2023-04-02 18:15:42,308] {dag.py:2919} INFO - Setting next_dagrun for example_external_task_marker_child to None, run_after=None
[2023-04-02 18:15:42,310] {logging_mixin.py:115} INFO - [2023-04-02 18:15:42,309] {dag.py:2919} INFO - Setting next_dagrun for example_external_task_marker_parent to None, run_after=None
[2023-04-02 18:15:42,324] {processor.py:161} INFO - Processing /home/airflow/.local/lib/python3.7/site-packages/airflow/example_dags/example_external_task_marker_dag.py took 0.106 seconds
[2023-04-02 18:16:12,802] {processor.py:153} INFO - Started process (PID=2500) to work on /home/airflow/.local/lib/python3.7/site-packages/airflow/example_dags/example_external_task_marker_dag.py
[2023-04-02 18:16:12,804] {processor.py:641} INFO - Processing file /home/airflow/.local/lib/python3.7/site-packages/airflow/example_dags/example_external_task_marker_dag.py for tasks to queue
[2023-04-02 18:16:12,806] {logging_mixin.py:115} INFO - [2023-04-02 18:16:12,805] {dagbag.py:507} INFO - Filling up the DagBag from /home/airflow/.local/lib/python3.7/site-packages/airflow/example_dags/example_external_task_marker_dag.py
[2023-04-02 18:16:12,812] {processor.py:651} INFO - DAG(s) dict_keys(['example_external_task_marker_parent', 'example_external_task_marker_child']) retrieved from /home/airflow/.local/lib/python3.7/site-packages/airflow/example_dags/example_external_task_marker_dag.py
[2023-04-02 18:16:12,869] {logging_mixin.py:115} INFO - [2023-04-02 18:16:12,869] {dag.py:2371} INFO - Sync 2 DAGs
[2023-04-02 18:16:12,893] {logging_mixin.py:115} INFO - [2023-04-02 18:16:12,893] {dag.py:2919} INFO - Setting next_dagrun for example_external_task_marker_child to None, run_after=None
[2023-04-02 18:16:12,894] {logging_mixin.py:115} INFO - [2023-04-02 18:16:12,894] {dag.py:2919} INFO - Setting next_dagrun for example_external_task_marker_parent to None, run_after=None
[2023-04-02 18:16:12,907] {processor.py:161} INFO - Processing /home/airflow/.local/lib/python3.7/site-packages/airflow/example_dags/example_external_task_marker_dag.py took 0.110 seconds
[2023-04-02 18:16:43,326] {processor.py:153} INFO - Started process (PID=2563) to work on /home/airflow/.local/lib/python3.7/site-packages/airflow/example_dags/example_external_task_marker_dag.py
[2023-04-02 18:16:43,327] {processor.py:641} INFO - Processing file /home/airflow/.local/lib/python3.7/site-packages/airflow/example_dags/example_external_task_marker_dag.py for tasks to queue
[2023-04-02 18:16:43,329] {logging_mixin.py:115} INFO - [2023-04-02 18:16:43,329] {dagbag.py:507} INFO - Filling up the DagBag from /home/airflow/.local/lib/python3.7/site-packages/airflow/example_dags/example_external_task_marker_dag.py
[2023-04-02 18:16:43,336] {processor.py:651} INFO - DAG(s) dict_keys(['example_external_task_marker_parent', 'example_external_task_marker_child']) retrieved from /home/airflow/.local/lib/python3.7/site-packages/airflow/example_dags/example_external_task_marker_dag.py
[2023-04-02 18:16:43,394] {logging_mixin.py:115} INFO - [2023-04-02 18:16:43,394] {dag.py:2371} INFO - Sync 2 DAGs
[2023-04-02 18:16:43,417] {logging_mixin.py:115} INFO - [2023-04-02 18:16:43,417] {dag.py:2919} INFO - Setting next_dagrun for example_external_task_marker_child to None, run_after=None
[2023-04-02 18:16:43,418] {logging_mixin.py:115} INFO - [2023-04-02 18:16:43,418] {dag.py:2919} INFO - Setting next_dagrun for example_external_task_marker_parent to None, run_after=None
[2023-04-02 18:16:43,430] {processor.py:161} INFO - Processing /home/airflow/.local/lib/python3.7/site-packages/airflow/example_dags/example_external_task_marker_dag.py took 0.110 seconds
[2023-04-02 18:17:13,889] {processor.py:153} INFO - Started process (PID=2626) to work on /home/airflow/.local/lib/python3.7/site-packages/airflow/example_dags/example_external_task_marker_dag.py
[2023-04-02 18:17:13,890] {processor.py:641} INFO - Processing file /home/airflow/.local/lib/python3.7/site-packages/airflow/example_dags/example_external_task_marker_dag.py for tasks to queue
[2023-04-02 18:17:13,892] {logging_mixin.py:115} INFO - [2023-04-02 18:17:13,892] {dagbag.py:507} INFO - Filling up the DagBag from /home/airflow/.local/lib/python3.7/site-packages/airflow/example_dags/example_external_task_marker_dag.py
[2023-04-02 18:17:13,898] {processor.py:651} INFO - DAG(s) dict_keys(['example_external_task_marker_parent', 'example_external_task_marker_child']) retrieved from /home/airflow/.local/lib/python3.7/site-packages/airflow/example_dags/example_external_task_marker_dag.py
[2023-04-02 18:17:13,950] {logging_mixin.py:115} INFO - [2023-04-02 18:17:13,950] {dag.py:2371} INFO - Sync 2 DAGs
[2023-04-02 18:17:13,975] {logging_mixin.py:115} INFO - [2023-04-02 18:17:13,975] {dag.py:2919} INFO - Setting next_dagrun for example_external_task_marker_child to None, run_after=None
[2023-04-02 18:17:13,977] {logging_mixin.py:115} INFO - [2023-04-02 18:17:13,977] {dag.py:2919} INFO - Setting next_dagrun for example_external_task_marker_parent to None, run_after=None
[2023-04-02 18:17:13,991] {processor.py:161} INFO - Processing /home/airflow/.local/lib/python3.7/site-packages/airflow/example_dags/example_external_task_marker_dag.py took 0.106 seconds
[2023-04-02 18:17:44,293] {processor.py:153} INFO - Started process (PID=2680) to work on /home/airflow/.local/lib/python3.7/site-packages/airflow/example_dags/example_external_task_marker_dag.py
[2023-04-02 18:17:44,294] {processor.py:641} INFO - Processing file /home/airflow/.local/lib/python3.7/site-packages/airflow/example_dags/example_external_task_marker_dag.py for tasks to queue
[2023-04-02 18:17:44,296] {logging_mixin.py:115} INFO - [2023-04-02 18:17:44,295] {dagbag.py:507} INFO - Filling up the DagBag from /home/airflow/.local/lib/python3.7/site-packages/airflow/example_dags/example_external_task_marker_dag.py
[2023-04-02 18:17:44,302] {processor.py:651} INFO - DAG(s) dict_keys(['example_external_task_marker_parent', 'example_external_task_marker_child']) retrieved from /home/airflow/.local/lib/python3.7/site-packages/airflow/example_dags/example_external_task_marker_dag.py
[2023-04-02 18:17:44,352] {logging_mixin.py:115} INFO - [2023-04-02 18:17:44,352] {dag.py:2371} INFO - Sync 2 DAGs
[2023-04-02 18:17:44,376] {logging_mixin.py:115} INFO - [2023-04-02 18:17:44,376] {dag.py:2919} INFO - Setting next_dagrun for example_external_task_marker_child to None, run_after=None
[2023-04-02 18:17:44,378] {logging_mixin.py:115} INFO - [2023-04-02 18:17:44,378] {dag.py:2919} INFO - Setting next_dagrun for example_external_task_marker_parent to None, run_after=None
[2023-04-02 18:17:44,391] {processor.py:161} INFO - Processing /home/airflow/.local/lib/python3.7/site-packages/airflow/example_dags/example_external_task_marker_dag.py took 0.102 seconds
[2023-04-02 18:18:14,734] {processor.py:153} INFO - Started process (PID=2744) to work on /home/airflow/.local/lib/python3.7/site-packages/airflow/example_dags/example_external_task_marker_dag.py
[2023-04-02 18:18:14,735] {processor.py:641} INFO - Processing file /home/airflow/.local/lib/python3.7/site-packages/airflow/example_dags/example_external_task_marker_dag.py for tasks to queue
[2023-04-02 18:18:14,737] {logging_mixin.py:115} INFO - [2023-04-02 18:18:14,736] {dagbag.py:507} INFO - Filling up the DagBag from /home/airflow/.local/lib/python3.7/site-packages/airflow/example_dags/example_external_task_marker_dag.py
[2023-04-02 18:18:14,742] {processor.py:651} INFO - DAG(s) dict_keys(['example_external_task_marker_parent', 'example_external_task_marker_child']) retrieved from /home/airflow/.local/lib/python3.7/site-packages/airflow/example_dags/example_external_task_marker_dag.py
[2023-04-02 18:18:14,794] {logging_mixin.py:115} INFO - [2023-04-02 18:18:14,794] {dag.py:2371} INFO - Sync 2 DAGs
[2023-04-02 18:18:14,818] {logging_mixin.py:115} INFO - [2023-04-02 18:18:14,818] {dag.py:2919} INFO - Setting next_dagrun for example_external_task_marker_child to None, run_after=None
[2023-04-02 18:18:14,819] {logging_mixin.py:115} INFO - [2023-04-02 18:18:14,819] {dag.py:2919} INFO - Setting next_dagrun for example_external_task_marker_parent to None, run_after=None
[2023-04-02 18:18:14,832] {processor.py:161} INFO - Processing /home/airflow/.local/lib/python3.7/site-packages/airflow/example_dags/example_external_task_marker_dag.py took 0.102 seconds
[2023-04-02 18:18:45,069] {processor.py:153} INFO - Started process (PID=2807) to work on /home/airflow/.local/lib/python3.7/site-packages/airflow/example_dags/example_external_task_marker_dag.py
[2023-04-02 18:18:45,071] {processor.py:641} INFO - Processing file /home/airflow/.local/lib/python3.7/site-packages/airflow/example_dags/example_external_task_marker_dag.py for tasks to queue
[2023-04-02 18:18:45,072] {logging_mixin.py:115} INFO - [2023-04-02 18:18:45,072] {dagbag.py:507} INFO - Filling up the DagBag from /home/airflow/.local/lib/python3.7/site-packages/airflow/example_dags/example_external_task_marker_dag.py
[2023-04-02 18:18:45,079] {processor.py:651} INFO - DAG(s) dict_keys(['example_external_task_marker_parent', 'example_external_task_marker_child']) retrieved from /home/airflow/.local/lib/python3.7/site-packages/airflow/example_dags/example_external_task_marker_dag.py
[2023-04-02 18:18:45,130] {logging_mixin.py:115} INFO - [2023-04-02 18:18:45,129] {dag.py:2371} INFO - Sync 2 DAGs
[2023-04-02 18:18:45,152] {logging_mixin.py:115} INFO - [2023-04-02 18:18:45,152] {dag.py:2919} INFO - Setting next_dagrun for example_external_task_marker_child to None, run_after=None
[2023-04-02 18:18:45,153] {logging_mixin.py:115} INFO - [2023-04-02 18:18:45,153] {dag.py:2919} INFO - Setting next_dagrun for example_external_task_marker_parent to None, run_after=None
[2023-04-02 18:18:45,165] {processor.py:161} INFO - Processing /home/airflow/.local/lib/python3.7/site-packages/airflow/example_dags/example_external_task_marker_dag.py took 0.101 seconds
[2023-04-02 18:19:15,521] {processor.py:153} INFO - Started process (PID=2871) to work on /home/airflow/.local/lib/python3.7/site-packages/airflow/example_dags/example_external_task_marker_dag.py
[2023-04-02 18:19:15,522] {processor.py:641} INFO - Processing file /home/airflow/.local/lib/python3.7/site-packages/airflow/example_dags/example_external_task_marker_dag.py for tasks to queue
[2023-04-02 18:19:15,523] {logging_mixin.py:115} INFO - [2023-04-02 18:19:15,523] {dagbag.py:507} INFO - Filling up the DagBag from /home/airflow/.local/lib/python3.7/site-packages/airflow/example_dags/example_external_task_marker_dag.py
[2023-04-02 18:19:15,529] {processor.py:651} INFO - DAG(s) dict_keys(['example_external_task_marker_parent', 'example_external_task_marker_child']) retrieved from /home/airflow/.local/lib/python3.7/site-packages/airflow/example_dags/example_external_task_marker_dag.py
[2023-04-02 18:19:15,577] {logging_mixin.py:115} INFO - [2023-04-02 18:19:15,576] {dag.py:2371} INFO - Sync 2 DAGs
[2023-04-02 18:19:15,600] {logging_mixin.py:115} INFO - [2023-04-02 18:19:15,600] {dag.py:2919} INFO - Setting next_dagrun for example_external_task_marker_child to None, run_after=None
[2023-04-02 18:19:15,601] {logging_mixin.py:115} INFO - [2023-04-02 18:19:15,601] {dag.py:2919} INFO - Setting next_dagrun for example_external_task_marker_parent to None, run_after=None
[2023-04-02 18:19:15,613] {processor.py:161} INFO - Processing /home/airflow/.local/lib/python3.7/site-packages/airflow/example_dags/example_external_task_marker_dag.py took 0.096 seconds
[2023-04-02 18:19:45,809] {processor.py:153} INFO - Started process (PID=2925) to work on /home/airflow/.local/lib/python3.7/site-packages/airflow/example_dags/example_external_task_marker_dag.py
[2023-04-02 18:19:45,810] {processor.py:641} INFO - Processing file /home/airflow/.local/lib/python3.7/site-packages/airflow/example_dags/example_external_task_marker_dag.py for tasks to queue
[2023-04-02 18:19:45,812] {logging_mixin.py:115} INFO - [2023-04-02 18:19:45,811] {dagbag.py:507} INFO - Filling up the DagBag from /home/airflow/.local/lib/python3.7/site-packages/airflow/example_dags/example_external_task_marker_dag.py
[2023-04-02 18:19:45,818] {processor.py:651} INFO - DAG(s) dict_keys(['example_external_task_marker_parent', 'example_external_task_marker_child']) retrieved from /home/airflow/.local/lib/python3.7/site-packages/airflow/example_dags/example_external_task_marker_dag.py
[2023-04-02 18:19:45,867] {logging_mixin.py:115} INFO - [2023-04-02 18:19:45,867] {dag.py:2371} INFO - Sync 2 DAGs
[2023-04-02 18:19:45,891] {logging_mixin.py:115} INFO - [2023-04-02 18:19:45,890] {dag.py:2919} INFO - Setting next_dagrun for example_external_task_marker_child to None, run_after=None
[2023-04-02 18:19:45,892] {logging_mixin.py:115} INFO - [2023-04-02 18:19:45,892] {dag.py:2919} INFO - Setting next_dagrun for example_external_task_marker_parent to None, run_after=None
[2023-04-02 18:19:45,904] {processor.py:161} INFO - Processing /home/airflow/.local/lib/python3.7/site-packages/airflow/example_dags/example_external_task_marker_dag.py took 0.100 seconds
[2023-04-02 18:20:15,965] {processor.py:153} INFO - Started process (PID=2988) to work on /home/airflow/.local/lib/python3.7/site-packages/airflow/example_dags/example_external_task_marker_dag.py
[2023-04-02 18:20:15,966] {processor.py:641} INFO - Processing file /home/airflow/.local/lib/python3.7/site-packages/airflow/example_dags/example_external_task_marker_dag.py for tasks to queue
[2023-04-02 18:20:15,968] {logging_mixin.py:115} INFO - [2023-04-02 18:20:15,968] {dagbag.py:507} INFO - Filling up the DagBag from /home/airflow/.local/lib/python3.7/site-packages/airflow/example_dags/example_external_task_marker_dag.py
[2023-04-02 18:20:15,974] {processor.py:651} INFO - DAG(s) dict_keys(['example_external_task_marker_parent', 'example_external_task_marker_child']) retrieved from /home/airflow/.local/lib/python3.7/site-packages/airflow/example_dags/example_external_task_marker_dag.py
[2023-04-02 18:20:16,026] {logging_mixin.py:115} INFO - [2023-04-02 18:20:16,026] {dag.py:2371} INFO - Sync 2 DAGs
[2023-04-02 18:20:16,050] {logging_mixin.py:115} INFO - [2023-04-02 18:20:16,050] {dag.py:2919} INFO - Setting next_dagrun for example_external_task_marker_child to None, run_after=None
[2023-04-02 18:20:16,051] {logging_mixin.py:115} INFO - [2023-04-02 18:20:16,051] {dag.py:2919} INFO - Setting next_dagrun for example_external_task_marker_parent to None, run_after=None
[2023-04-02 18:20:16,064] {processor.py:161} INFO - Processing /home/airflow/.local/lib/python3.7/site-packages/airflow/example_dags/example_external_task_marker_dag.py took 0.103 seconds
[2023-04-02 18:20:46,877] {processor.py:153} INFO - Started process (PID=3051) to work on /home/airflow/.local/lib/python3.7/site-packages/airflow/example_dags/example_external_task_marker_dag.py
[2023-04-02 18:20:46,878] {processor.py:641} INFO - Processing file /home/airflow/.local/lib/python3.7/site-packages/airflow/example_dags/example_external_task_marker_dag.py for tasks to queue
[2023-04-02 18:20:46,880] {logging_mixin.py:115} INFO - [2023-04-02 18:20:46,880] {dagbag.py:507} INFO - Filling up the DagBag from /home/airflow/.local/lib/python3.7/site-packages/airflow/example_dags/example_external_task_marker_dag.py
[2023-04-02 18:20:46,885] {processor.py:651} INFO - DAG(s) dict_keys(['example_external_task_marker_parent', 'example_external_task_marker_child']) retrieved from /home/airflow/.local/lib/python3.7/site-packages/airflow/example_dags/example_external_task_marker_dag.py
[2023-04-02 18:20:46,935] {logging_mixin.py:115} INFO - [2023-04-02 18:20:46,935] {dag.py:2371} INFO - Sync 2 DAGs
[2023-04-02 18:20:47,004] {logging_mixin.py:115} INFO - [2023-04-02 18:20:47,003] {dag.py:2919} INFO - Setting next_dagrun for example_external_task_marker_child to None, run_after=None
[2023-04-02 18:20:47,023] {logging_mixin.py:115} INFO - [2023-04-02 18:20:47,022] {dag.py:2919} INFO - Setting next_dagrun for example_external_task_marker_parent to None, run_after=None
[2023-04-02 18:20:47,292] {processor.py:161} INFO - Processing /home/airflow/.local/lib/python3.7/site-packages/airflow/example_dags/example_external_task_marker_dag.py took 0.419 seconds
[2023-04-02 18:21:17,778] {processor.py:153} INFO - Started process (PID=3105) to work on /home/airflow/.local/lib/python3.7/site-packages/airflow/example_dags/example_external_task_marker_dag.py
[2023-04-02 18:21:17,780] {processor.py:641} INFO - Processing file /home/airflow/.local/lib/python3.7/site-packages/airflow/example_dags/example_external_task_marker_dag.py for tasks to queue
[2023-04-02 18:21:17,782] {logging_mixin.py:115} INFO - [2023-04-02 18:21:17,782] {dagbag.py:507} INFO - Filling up the DagBag from /home/airflow/.local/lib/python3.7/site-packages/airflow/example_dags/example_external_task_marker_dag.py
[2023-04-02 18:21:17,789] {processor.py:651} INFO - DAG(s) dict_keys(['example_external_task_marker_parent', 'example_external_task_marker_child']) retrieved from /home/airflow/.local/lib/python3.7/site-packages/airflow/example_dags/example_external_task_marker_dag.py
[2023-04-02 18:21:17,840] {logging_mixin.py:115} INFO - [2023-04-02 18:21:17,840] {dag.py:2371} INFO - Sync 2 DAGs
[2023-04-02 18:21:17,865] {logging_mixin.py:115} INFO - [2023-04-02 18:21:17,865] {dag.py:2919} INFO - Setting next_dagrun for example_external_task_marker_child to None, run_after=None
[2023-04-02 18:21:17,866] {logging_mixin.py:115} INFO - [2023-04-02 18:21:17,866] {dag.py:2919} INFO - Setting next_dagrun for example_external_task_marker_parent to None, run_after=None
[2023-04-02 18:21:17,880] {processor.py:161} INFO - Processing /home/airflow/.local/lib/python3.7/site-packages/airflow/example_dags/example_external_task_marker_dag.py took 0.107 seconds
[2023-04-02 18:21:48,183] {processor.py:153} INFO - Started process (PID=3168) to work on /home/airflow/.local/lib/python3.7/site-packages/airflow/example_dags/example_external_task_marker_dag.py
[2023-04-02 18:21:48,185] {processor.py:641} INFO - Processing file /home/airflow/.local/lib/python3.7/site-packages/airflow/example_dags/example_external_task_marker_dag.py for tasks to queue
[2023-04-02 18:21:48,186] {logging_mixin.py:115} INFO - [2023-04-02 18:21:48,186] {dagbag.py:507} INFO - Filling up the DagBag from /home/airflow/.local/lib/python3.7/site-packages/airflow/example_dags/example_external_task_marker_dag.py
[2023-04-02 18:21:48,192] {processor.py:651} INFO - DAG(s) dict_keys(['example_external_task_marker_parent', 'example_external_task_marker_child']) retrieved from /home/airflow/.local/lib/python3.7/site-packages/airflow/example_dags/example_external_task_marker_dag.py
[2023-04-02 18:21:48,241] {logging_mixin.py:115} INFO - [2023-04-02 18:21:48,241] {dag.py:2371} INFO - Sync 2 DAGs
[2023-04-02 18:21:48,264] {logging_mixin.py:115} INFO - [2023-04-02 18:21:48,264] {dag.py:2919} INFO - Setting next_dagrun for example_external_task_marker_child to None, run_after=None
[2023-04-02 18:21:48,265] {logging_mixin.py:115} INFO - [2023-04-02 18:21:48,265] {dag.py:2919} INFO - Setting next_dagrun for example_external_task_marker_parent to None, run_after=None
[2023-04-02 18:21:48,277] {processor.py:161} INFO - Processing /home/airflow/.local/lib/python3.7/site-packages/airflow/example_dags/example_external_task_marker_dag.py took 0.098 seconds
[2023-04-02 18:22:18,582] {processor.py:153} INFO - Started process (PID=3231) to work on /home/airflow/.local/lib/python3.7/site-packages/airflow/example_dags/example_external_task_marker_dag.py
[2023-04-02 18:22:18,584] {processor.py:641} INFO - Processing file /home/airflow/.local/lib/python3.7/site-packages/airflow/example_dags/example_external_task_marker_dag.py for tasks to queue
[2023-04-02 18:22:18,585] {logging_mixin.py:115} INFO - [2023-04-02 18:22:18,585] {dagbag.py:507} INFO - Filling up the DagBag from /home/airflow/.local/lib/python3.7/site-packages/airflow/example_dags/example_external_task_marker_dag.py
[2023-04-02 18:22:18,592] {processor.py:651} INFO - DAG(s) dict_keys(['example_external_task_marker_parent', 'example_external_task_marker_child']) retrieved from /home/airflow/.local/lib/python3.7/site-packages/airflow/example_dags/example_external_task_marker_dag.py
[2023-04-02 18:22:18,648] {logging_mixin.py:115} INFO - [2023-04-02 18:22:18,648] {dag.py:2371} INFO - Sync 2 DAGs
[2023-04-02 18:22:18,676] {logging_mixin.py:115} INFO - [2023-04-02 18:22:18,676] {dag.py:2919} INFO - Setting next_dagrun for example_external_task_marker_child to None, run_after=None
[2023-04-02 18:22:18,677] {logging_mixin.py:115} INFO - [2023-04-02 18:22:18,677] {dag.py:2919} INFO - Setting next_dagrun for example_external_task_marker_parent to None, run_after=None
[2023-04-02 18:22:18,691] {processor.py:161} INFO - Processing /home/airflow/.local/lib/python3.7/site-packages/airflow/example_dags/example_external_task_marker_dag.py took 0.114 seconds
[2023-04-02 18:22:48,894] {processor.py:153} INFO - Started process (PID=3292) to work on /home/airflow/.local/lib/python3.7/site-packages/airflow/example_dags/example_external_task_marker_dag.py
[2023-04-02 18:22:48,895] {processor.py:641} INFO - Processing file /home/airflow/.local/lib/python3.7/site-packages/airflow/example_dags/example_external_task_marker_dag.py for tasks to queue
[2023-04-02 18:22:48,896] {logging_mixin.py:115} INFO - [2023-04-02 18:22:48,896] {dagbag.py:507} INFO - Filling up the DagBag from /home/airflow/.local/lib/python3.7/site-packages/airflow/example_dags/example_external_task_marker_dag.py
[2023-04-02 18:22:48,902] {processor.py:651} INFO - DAG(s) dict_keys(['example_external_task_marker_parent', 'example_external_task_marker_child']) retrieved from /home/airflow/.local/lib/python3.7/site-packages/airflow/example_dags/example_external_task_marker_dag.py
[2023-04-02 18:22:48,950] {logging_mixin.py:115} INFO - [2023-04-02 18:22:48,950] {dag.py:2371} INFO - Sync 2 DAGs
[2023-04-02 18:22:48,974] {logging_mixin.py:115} INFO - [2023-04-02 18:22:48,974] {dag.py:2919} INFO - Setting next_dagrun for example_external_task_marker_child to None, run_after=None
[2023-04-02 18:22:48,975] {logging_mixin.py:115} INFO - [2023-04-02 18:22:48,975] {dag.py:2919} INFO - Setting next_dagrun for example_external_task_marker_parent to None, run_after=None
[2023-04-02 18:22:48,990] {processor.py:161} INFO - Processing /home/airflow/.local/lib/python3.7/site-packages/airflow/example_dags/example_external_task_marker_dag.py took 0.100 seconds
[2023-04-02 18:23:19,221] {processor.py:153} INFO - Started process (PID=3348) to work on /home/airflow/.local/lib/python3.7/site-packages/airflow/example_dags/example_external_task_marker_dag.py
[2023-04-02 18:23:19,223] {processor.py:641} INFO - Processing file /home/airflow/.local/lib/python3.7/site-packages/airflow/example_dags/example_external_task_marker_dag.py for tasks to queue
[2023-04-02 18:23:19,224] {logging_mixin.py:115} INFO - [2023-04-02 18:23:19,224] {dagbag.py:507} INFO - Filling up the DagBag from /home/airflow/.local/lib/python3.7/site-packages/airflow/example_dags/example_external_task_marker_dag.py
[2023-04-02 18:23:19,230] {processor.py:651} INFO - DAG(s) dict_keys(['example_external_task_marker_parent', 'example_external_task_marker_child']) retrieved from /home/airflow/.local/lib/python3.7/site-packages/airflow/example_dags/example_external_task_marker_dag.py
[2023-04-02 18:23:19,281] {logging_mixin.py:115} INFO - [2023-04-02 18:23:19,281] {dag.py:2371} INFO - Sync 2 DAGs
[2023-04-02 18:23:19,307] {logging_mixin.py:115} INFO - [2023-04-02 18:23:19,307] {dag.py:2919} INFO - Setting next_dagrun for example_external_task_marker_child to None, run_after=None
[2023-04-02 18:23:19,308] {logging_mixin.py:115} INFO - [2023-04-02 18:23:19,308] {dag.py:2919} INFO - Setting next_dagrun for example_external_task_marker_parent to None, run_after=None
[2023-04-02 18:23:19,322] {processor.py:161} INFO - Processing /home/airflow/.local/lib/python3.7/site-packages/airflow/example_dags/example_external_task_marker_dag.py took 0.105 seconds
