[2023-04-02 17:55:22,458] {processor.py:153} INFO - Started process (PID=49) to work on /home/airflow/.local/lib/python3.7/site-packages/airflow/example_dags/example_complex.py
[2023-04-02 17:55:22,460] {processor.py:641} INFO - Processing file /home/airflow/.local/lib/python3.7/site-packages/airflow/example_dags/example_complex.py for tasks to queue
[2023-04-02 17:55:22,462] {logging_mixin.py:115} INFO - [2023-04-02 17:55:22,462] {dagbag.py:507} INFO - Filling up the DagBag from /home/airflow/.local/lib/python3.7/site-packages/airflow/example_dags/example_complex.py
[2023-04-02 17:55:22,486] {processor.py:651} INFO - DAG(s) dict_keys(['example_complex']) retrieved from /home/airflow/.local/lib/python3.7/site-packages/airflow/example_dags/example_complex.py
[2023-04-02 17:55:22,743] {logging_mixin.py:115} INFO - [2023-04-02 17:55:22,743] {manager.py:508} INFO - Created Permission View: can edit on DAG:example_complex
[2023-04-02 17:55:22,758] {logging_mixin.py:115} INFO - [2023-04-02 17:55:22,758] {manager.py:508} INFO - Created Permission View: can delete on DAG:example_complex
[2023-04-02 17:55:22,770] {logging_mixin.py:115} INFO - [2023-04-02 17:55:22,770] {manager.py:508} INFO - Created Permission View: can read on DAG:example_complex
[2023-04-02 17:55:22,771] {logging_mixin.py:115} INFO - [2023-04-02 17:55:22,771] {dag.py:2371} INFO - Sync 1 DAGs
[2023-04-02 17:55:22,784] {logging_mixin.py:115} INFO - [2023-04-02 17:55:22,783] {dag.py:2390} INFO - Creating ORM DAG for example_complex
[2023-04-02 17:55:22,797] {logging_mixin.py:115} INFO - [2023-04-02 17:55:22,797] {dag.py:2919} INFO - Setting next_dagrun for example_complex to None, run_after=None
[2023-04-02 17:55:22,823] {processor.py:161} INFO - Processing /home/airflow/.local/lib/python3.7/site-packages/airflow/example_dags/example_complex.py took 0.371 seconds
[2023-04-02 17:55:52,930] {processor.py:153} INFO - Started process (PID=101) to work on /home/airflow/.local/lib/python3.7/site-packages/airflow/example_dags/example_complex.py
[2023-04-02 17:55:52,932] {processor.py:641} INFO - Processing file /home/airflow/.local/lib/python3.7/site-packages/airflow/example_dags/example_complex.py for tasks to queue
[2023-04-02 17:55:52,933] {logging_mixin.py:115} INFO - [2023-04-02 17:55:52,933] {dagbag.py:507} INFO - Filling up the DagBag from /home/airflow/.local/lib/python3.7/site-packages/airflow/example_dags/example_complex.py
[2023-04-02 17:55:52,947] {processor.py:651} INFO - DAG(s) dict_keys(['example_complex']) retrieved from /home/airflow/.local/lib/python3.7/site-packages/airflow/example_dags/example_complex.py
[2023-04-02 17:55:52,979] {logging_mixin.py:115} INFO - [2023-04-02 17:55:52,979] {dag.py:2371} INFO - Sync 1 DAGs
[2023-04-02 17:55:53,003] {logging_mixin.py:115} INFO - [2023-04-02 17:55:53,003] {dag.py:2919} INFO - Setting next_dagrun for example_complex to None, run_after=None
[2023-04-02 17:55:53,016] {processor.py:161} INFO - Processing /home/airflow/.local/lib/python3.7/site-packages/airflow/example_dags/example_complex.py took 0.090 seconds
[2023-04-02 17:56:23,102] {processor.py:153} INFO - Started process (PID=162) to work on /home/airflow/.local/lib/python3.7/site-packages/airflow/example_dags/example_complex.py
[2023-04-02 17:56:23,103] {processor.py:641} INFO - Processing file /home/airflow/.local/lib/python3.7/site-packages/airflow/example_dags/example_complex.py for tasks to queue
[2023-04-02 17:56:23,104] {logging_mixin.py:115} INFO - [2023-04-02 17:56:23,104] {dagbag.py:507} INFO - Filling up the DagBag from /home/airflow/.local/lib/python3.7/site-packages/airflow/example_dags/example_complex.py
[2023-04-02 17:56:23,118] {processor.py:651} INFO - DAG(s) dict_keys(['example_complex']) retrieved from /home/airflow/.local/lib/python3.7/site-packages/airflow/example_dags/example_complex.py
[2023-04-02 17:56:23,149] {logging_mixin.py:115} INFO - [2023-04-02 17:56:23,149] {dag.py:2371} INFO - Sync 1 DAGs
[2023-04-02 17:56:23,174] {logging_mixin.py:115} INFO - [2023-04-02 17:56:23,174] {dag.py:2919} INFO - Setting next_dagrun for example_complex to None, run_after=None
[2023-04-02 17:56:23,186] {processor.py:161} INFO - Processing /home/airflow/.local/lib/python3.7/site-packages/airflow/example_dags/example_complex.py took 0.088 seconds
[2023-04-02 17:56:53,701] {processor.py:153} INFO - Started process (PID=223) to work on /home/airflow/.local/lib/python3.7/site-packages/airflow/example_dags/example_complex.py
[2023-04-02 17:56:53,702] {processor.py:641} INFO - Processing file /home/airflow/.local/lib/python3.7/site-packages/airflow/example_dags/example_complex.py for tasks to queue
[2023-04-02 17:56:53,704] {logging_mixin.py:115} INFO - [2023-04-02 17:56:53,704] {dagbag.py:507} INFO - Filling up the DagBag from /home/airflow/.local/lib/python3.7/site-packages/airflow/example_dags/example_complex.py
[2023-04-02 17:56:53,718] {processor.py:651} INFO - DAG(s) dict_keys(['example_complex']) retrieved from /home/airflow/.local/lib/python3.7/site-packages/airflow/example_dags/example_complex.py
[2023-04-02 17:56:53,750] {logging_mixin.py:115} INFO - [2023-04-02 17:56:53,750] {dag.py:2371} INFO - Sync 1 DAGs
[2023-04-02 17:56:53,775] {logging_mixin.py:115} INFO - [2023-04-02 17:56:53,775] {dag.py:2919} INFO - Setting next_dagrun for example_complex to None, run_after=None
[2023-04-02 17:56:53,786] {processor.py:161} INFO - Processing /home/airflow/.local/lib/python3.7/site-packages/airflow/example_dags/example_complex.py took 0.089 seconds
[2023-04-02 17:57:24,601] {processor.py:153} INFO - Started process (PID=275) to work on /home/airflow/.local/lib/python3.7/site-packages/airflow/example_dags/example_complex.py
[2023-04-02 17:57:24,602] {processor.py:641} INFO - Processing file /home/airflow/.local/lib/python3.7/site-packages/airflow/example_dags/example_complex.py for tasks to queue
[2023-04-02 17:57:24,603] {logging_mixin.py:115} INFO - [2023-04-02 17:57:24,603] {dagbag.py:507} INFO - Filling up the DagBag from /home/airflow/.local/lib/python3.7/site-packages/airflow/example_dags/example_complex.py
[2023-04-02 17:57:24,617] {processor.py:651} INFO - DAG(s) dict_keys(['example_complex']) retrieved from /home/airflow/.local/lib/python3.7/site-packages/airflow/example_dags/example_complex.py
[2023-04-02 17:57:24,650] {logging_mixin.py:115} INFO - [2023-04-02 17:57:24,650] {dag.py:2371} INFO - Sync 1 DAGs
[2023-04-02 17:57:24,675] {logging_mixin.py:115} INFO - [2023-04-02 17:57:24,675] {dag.py:2919} INFO - Setting next_dagrun for example_complex to None, run_after=None
[2023-04-02 17:57:24,687] {processor.py:161} INFO - Processing /home/airflow/.local/lib/python3.7/site-packages/airflow/example_dags/example_complex.py took 0.090 seconds
[2023-04-02 17:57:54,787] {processor.py:153} INFO - Started process (PID=336) to work on /home/airflow/.local/lib/python3.7/site-packages/airflow/example_dags/example_complex.py
[2023-04-02 17:57:54,789] {processor.py:641} INFO - Processing file /home/airflow/.local/lib/python3.7/site-packages/airflow/example_dags/example_complex.py for tasks to queue
[2023-04-02 17:57:54,790] {logging_mixin.py:115} INFO - [2023-04-02 17:57:54,790] {dagbag.py:507} INFO - Filling up the DagBag from /home/airflow/.local/lib/python3.7/site-packages/airflow/example_dags/example_complex.py
[2023-04-02 17:57:54,805] {processor.py:651} INFO - DAG(s) dict_keys(['example_complex']) retrieved from /home/airflow/.local/lib/python3.7/site-packages/airflow/example_dags/example_complex.py
[2023-04-02 17:57:54,838] {logging_mixin.py:115} INFO - [2023-04-02 17:57:54,837] {dag.py:2371} INFO - Sync 1 DAGs
[2023-04-02 17:57:54,864] {logging_mixin.py:115} INFO - [2023-04-02 17:57:54,864] {dag.py:2919} INFO - Setting next_dagrun for example_complex to None, run_after=None
[2023-04-02 17:57:54,876] {processor.py:161} INFO - Processing /home/airflow/.local/lib/python3.7/site-packages/airflow/example_dags/example_complex.py took 0.093 seconds
[2023-04-02 17:58:24,942] {processor.py:153} INFO - Started process (PID=397) to work on /home/airflow/.local/lib/python3.7/site-packages/airflow/example_dags/example_complex.py
[2023-04-02 17:58:24,943] {processor.py:641} INFO - Processing file /home/airflow/.local/lib/python3.7/site-packages/airflow/example_dags/example_complex.py for tasks to queue
[2023-04-02 17:58:24,945] {logging_mixin.py:115} INFO - [2023-04-02 17:58:24,945] {dagbag.py:507} INFO - Filling up the DagBag from /home/airflow/.local/lib/python3.7/site-packages/airflow/example_dags/example_complex.py
[2023-04-02 17:58:24,958] {processor.py:651} INFO - DAG(s) dict_keys(['example_complex']) retrieved from /home/airflow/.local/lib/python3.7/site-packages/airflow/example_dags/example_complex.py
[2023-04-02 17:58:24,991] {logging_mixin.py:115} INFO - [2023-04-02 17:58:24,991] {dag.py:2371} INFO - Sync 1 DAGs
[2023-04-02 17:58:25,018] {logging_mixin.py:115} INFO - [2023-04-02 17:58:25,018] {dag.py:2919} INFO - Setting next_dagrun for example_complex to None, run_after=None
[2023-04-02 17:58:25,030] {processor.py:161} INFO - Processing /home/airflow/.local/lib/python3.7/site-packages/airflow/example_dags/example_complex.py took 0.092 seconds
[2023-04-02 17:58:55,069] {processor.py:153} INFO - Started process (PID=450) to work on /home/airflow/.local/lib/python3.7/site-packages/airflow/example_dags/example_complex.py
[2023-04-02 17:58:55,070] {processor.py:641} INFO - Processing file /home/airflow/.local/lib/python3.7/site-packages/airflow/example_dags/example_complex.py for tasks to queue
[2023-04-02 17:58:55,072] {logging_mixin.py:115} INFO - [2023-04-02 17:58:55,071] {dagbag.py:507} INFO - Filling up the DagBag from /home/airflow/.local/lib/python3.7/site-packages/airflow/example_dags/example_complex.py
[2023-04-02 17:58:55,086] {processor.py:651} INFO - DAG(s) dict_keys(['example_complex']) retrieved from /home/airflow/.local/lib/python3.7/site-packages/airflow/example_dags/example_complex.py
[2023-04-02 17:58:55,119] {logging_mixin.py:115} INFO - [2023-04-02 17:58:55,119] {dag.py:2371} INFO - Sync 1 DAGs
[2023-04-02 17:58:55,145] {logging_mixin.py:115} INFO - [2023-04-02 17:58:55,145] {dag.py:2919} INFO - Setting next_dagrun for example_complex to None, run_after=None
[2023-04-02 17:58:55,157] {processor.py:161} INFO - Processing /home/airflow/.local/lib/python3.7/site-packages/airflow/example_dags/example_complex.py took 0.092 seconds
[2023-04-02 17:59:26,044] {processor.py:153} INFO - Started process (PID=511) to work on /home/airflow/.local/lib/python3.7/site-packages/airflow/example_dags/example_complex.py
[2023-04-02 17:59:26,045] {processor.py:641} INFO - Processing file /home/airflow/.local/lib/python3.7/site-packages/airflow/example_dags/example_complex.py for tasks to queue
[2023-04-02 17:59:26,046] {logging_mixin.py:115} INFO - [2023-04-02 17:59:26,046] {dagbag.py:507} INFO - Filling up the DagBag from /home/airflow/.local/lib/python3.7/site-packages/airflow/example_dags/example_complex.py
[2023-04-02 17:59:26,061] {processor.py:651} INFO - DAG(s) dict_keys(['example_complex']) retrieved from /home/airflow/.local/lib/python3.7/site-packages/airflow/example_dags/example_complex.py
[2023-04-02 17:59:26,094] {logging_mixin.py:115} INFO - [2023-04-02 17:59:26,094] {dag.py:2371} INFO - Sync 1 DAGs
[2023-04-02 17:59:26,123] {logging_mixin.py:115} INFO - [2023-04-02 17:59:26,123] {dag.py:2919} INFO - Setting next_dagrun for example_complex to None, run_after=None
[2023-04-02 17:59:26,143] {processor.py:161} INFO - Processing /home/airflow/.local/lib/python3.7/site-packages/airflow/example_dags/example_complex.py took 0.103 seconds
[2023-04-02 17:59:56,351] {processor.py:153} INFO - Started process (PID=572) to work on /home/airflow/.local/lib/python3.7/site-packages/airflow/example_dags/example_complex.py
[2023-04-02 17:59:56,352] {processor.py:641} INFO - Processing file /home/airflow/.local/lib/python3.7/site-packages/airflow/example_dags/example_complex.py for tasks to queue
[2023-04-02 17:59:56,354] {logging_mixin.py:115} INFO - [2023-04-02 17:59:56,354] {dagbag.py:507} INFO - Filling up the DagBag from /home/airflow/.local/lib/python3.7/site-packages/airflow/example_dags/example_complex.py
[2023-04-02 17:59:56,390] {processor.py:651} INFO - DAG(s) dict_keys(['example_complex']) retrieved from /home/airflow/.local/lib/python3.7/site-packages/airflow/example_dags/example_complex.py
[2023-04-02 17:59:56,435] {logging_mixin.py:115} INFO - [2023-04-02 17:59:56,435] {dag.py:2371} INFO - Sync 1 DAGs
[2023-04-02 17:59:56,466] {logging_mixin.py:115} INFO - [2023-04-02 17:59:56,466] {dag.py:2919} INFO - Setting next_dagrun for example_complex to None, run_after=None
[2023-04-02 17:59:56,479] {processor.py:161} INFO - Processing /home/airflow/.local/lib/python3.7/site-packages/airflow/example_dags/example_complex.py took 0.133 seconds
[2023-04-02 18:00:27,143] {processor.py:153} INFO - Started process (PID=635) to work on /home/airflow/.local/lib/python3.7/site-packages/airflow/example_dags/example_complex.py
[2023-04-02 18:00:27,145] {processor.py:641} INFO - Processing file /home/airflow/.local/lib/python3.7/site-packages/airflow/example_dags/example_complex.py for tasks to queue
[2023-04-02 18:00:27,146] {logging_mixin.py:115} INFO - [2023-04-02 18:00:27,146] {dagbag.py:507} INFO - Filling up the DagBag from /home/airflow/.local/lib/python3.7/site-packages/airflow/example_dags/example_complex.py
[2023-04-02 18:00:27,161] {processor.py:651} INFO - DAG(s) dict_keys(['example_complex']) retrieved from /home/airflow/.local/lib/python3.7/site-packages/airflow/example_dags/example_complex.py
[2023-04-02 18:00:27,194] {logging_mixin.py:115} INFO - [2023-04-02 18:00:27,194] {dag.py:2371} INFO - Sync 1 DAGs
[2023-04-02 18:00:27,220] {logging_mixin.py:115} INFO - [2023-04-02 18:00:27,220] {dag.py:2919} INFO - Setting next_dagrun for example_complex to None, run_after=None
[2023-04-02 18:00:27,353] {processor.py:161} INFO - Processing /home/airflow/.local/lib/python3.7/site-packages/airflow/example_dags/example_complex.py took 0.214 seconds
[2023-04-02 18:00:57,857] {processor.py:153} INFO - Started process (PID=689) to work on /home/airflow/.local/lib/python3.7/site-packages/airflow/example_dags/example_complex.py
[2023-04-02 18:00:57,858] {processor.py:641} INFO - Processing file /home/airflow/.local/lib/python3.7/site-packages/airflow/example_dags/example_complex.py for tasks to queue
[2023-04-02 18:00:57,860] {logging_mixin.py:115} INFO - [2023-04-02 18:00:57,860] {dagbag.py:507} INFO - Filling up the DagBag from /home/airflow/.local/lib/python3.7/site-packages/airflow/example_dags/example_complex.py
[2023-04-02 18:00:57,875] {processor.py:651} INFO - DAG(s) dict_keys(['example_complex']) retrieved from /home/airflow/.local/lib/python3.7/site-packages/airflow/example_dags/example_complex.py
[2023-04-02 18:00:57,908] {logging_mixin.py:115} INFO - [2023-04-02 18:00:57,908] {dag.py:2371} INFO - Sync 1 DAGs
[2023-04-02 18:00:57,935] {logging_mixin.py:115} INFO - [2023-04-02 18:00:57,935] {dag.py:2919} INFO - Setting next_dagrun for example_complex to None, run_after=None
[2023-04-02 18:00:58,073] {processor.py:161} INFO - Processing /home/airflow/.local/lib/python3.7/site-packages/airflow/example_dags/example_complex.py took 0.221 seconds
[2023-04-02 18:01:28,213] {processor.py:153} INFO - Started process (PID=756) to work on /home/airflow/.local/lib/python3.7/site-packages/airflow/example_dags/example_complex.py
[2023-04-02 18:01:28,215] {processor.py:641} INFO - Processing file /home/airflow/.local/lib/python3.7/site-packages/airflow/example_dags/example_complex.py for tasks to queue
[2023-04-02 18:01:28,216] {logging_mixin.py:115} INFO - [2023-04-02 18:01:28,216] {dagbag.py:507} INFO - Filling up the DagBag from /home/airflow/.local/lib/python3.7/site-packages/airflow/example_dags/example_complex.py
[2023-04-02 18:01:28,233] {processor.py:651} INFO - DAG(s) dict_keys(['example_complex']) retrieved from /home/airflow/.local/lib/python3.7/site-packages/airflow/example_dags/example_complex.py
[2023-04-02 18:01:28,269] {logging_mixin.py:115} INFO - [2023-04-02 18:01:28,269] {dag.py:2371} INFO - Sync 1 DAGs
[2023-04-02 18:01:28,296] {logging_mixin.py:115} INFO - [2023-04-02 18:01:28,296] {dag.py:2919} INFO - Setting next_dagrun for example_complex to None, run_after=None
[2023-04-02 18:01:28,433] {processor.py:161} INFO - Processing /home/airflow/.local/lib/python3.7/site-packages/airflow/example_dags/example_complex.py took 0.224 seconds
[2023-04-02 18:01:58,681] {processor.py:153} INFO - Started process (PID=819) to work on /home/airflow/.local/lib/python3.7/site-packages/airflow/example_dags/example_complex.py
[2023-04-02 18:01:58,683] {processor.py:641} INFO - Processing file /home/airflow/.local/lib/python3.7/site-packages/airflow/example_dags/example_complex.py for tasks to queue
[2023-04-02 18:01:58,685] {logging_mixin.py:115} INFO - [2023-04-02 18:01:58,685] {dagbag.py:507} INFO - Filling up the DagBag from /home/airflow/.local/lib/python3.7/site-packages/airflow/example_dags/example_complex.py
[2023-04-02 18:01:58,703] {processor.py:651} INFO - DAG(s) dict_keys(['example_complex']) retrieved from /home/airflow/.local/lib/python3.7/site-packages/airflow/example_dags/example_complex.py
[2023-04-02 18:01:58,739] {logging_mixin.py:115} INFO - [2023-04-02 18:01:58,739] {dag.py:2371} INFO - Sync 1 DAGs
[2023-04-02 18:01:58,767] {logging_mixin.py:115} INFO - [2023-04-02 18:01:58,767] {dag.py:2919} INFO - Setting next_dagrun for example_complex to None, run_after=None
[2023-04-02 18:01:58,909] {processor.py:161} INFO - Processing /home/airflow/.local/lib/python3.7/site-packages/airflow/example_dags/example_complex.py took 0.232 seconds
[2023-04-02 18:02:28,982] {processor.py:153} INFO - Started process (PID=873) to work on /home/airflow/.local/lib/python3.7/site-packages/airflow/example_dags/example_complex.py
[2023-04-02 18:02:28,983] {processor.py:641} INFO - Processing file /home/airflow/.local/lib/python3.7/site-packages/airflow/example_dags/example_complex.py for tasks to queue
[2023-04-02 18:02:28,984] {logging_mixin.py:115} INFO - [2023-04-02 18:02:28,984] {dagbag.py:507} INFO - Filling up the DagBag from /home/airflow/.local/lib/python3.7/site-packages/airflow/example_dags/example_complex.py
[2023-04-02 18:02:28,999] {processor.py:651} INFO - DAG(s) dict_keys(['example_complex']) retrieved from /home/airflow/.local/lib/python3.7/site-packages/airflow/example_dags/example_complex.py
[2023-04-02 18:02:29,038] {logging_mixin.py:115} INFO - [2023-04-02 18:02:29,038] {dag.py:2371} INFO - Sync 1 DAGs
[2023-04-02 18:02:29,065] {logging_mixin.py:115} INFO - [2023-04-02 18:02:29,065] {dag.py:2919} INFO - Setting next_dagrun for example_complex to None, run_after=None
[2023-04-02 18:02:29,211] {processor.py:161} INFO - Processing /home/airflow/.local/lib/python3.7/site-packages/airflow/example_dags/example_complex.py took 0.233 seconds
[2023-04-02 18:02:59,315] {processor.py:153} INFO - Started process (PID=936) to work on /home/airflow/.local/lib/python3.7/site-packages/airflow/example_dags/example_complex.py
[2023-04-02 18:02:59,316] {processor.py:641} INFO - Processing file /home/airflow/.local/lib/python3.7/site-packages/airflow/example_dags/example_complex.py for tasks to queue
[2023-04-02 18:02:59,319] {logging_mixin.py:115} INFO - [2023-04-02 18:02:59,318] {dagbag.py:507} INFO - Filling up the DagBag from /home/airflow/.local/lib/python3.7/site-packages/airflow/example_dags/example_complex.py
[2023-04-02 18:02:59,333] {processor.py:651} INFO - DAG(s) dict_keys(['example_complex']) retrieved from /home/airflow/.local/lib/python3.7/site-packages/airflow/example_dags/example_complex.py
[2023-04-02 18:02:59,367] {logging_mixin.py:115} INFO - [2023-04-02 18:02:59,367] {dag.py:2371} INFO - Sync 1 DAGs
[2023-04-02 18:02:59,393] {logging_mixin.py:115} INFO - [2023-04-02 18:02:59,393] {dag.py:2919} INFO - Setting next_dagrun for example_complex to None, run_after=None
[2023-04-02 18:02:59,528] {processor.py:161} INFO - Processing /home/airflow/.local/lib/python3.7/site-packages/airflow/example_dags/example_complex.py took 0.218 seconds
[2023-04-02 18:03:29,858] {processor.py:153} INFO - Started process (PID=999) to work on /home/airflow/.local/lib/python3.7/site-packages/airflow/example_dags/example_complex.py
[2023-04-02 18:03:29,860] {processor.py:641} INFO - Processing file /home/airflow/.local/lib/python3.7/site-packages/airflow/example_dags/example_complex.py for tasks to queue
[2023-04-02 18:03:29,862] {logging_mixin.py:115} INFO - [2023-04-02 18:03:29,862] {dagbag.py:507} INFO - Filling up the DagBag from /home/airflow/.local/lib/python3.7/site-packages/airflow/example_dags/example_complex.py
[2023-04-02 18:03:29,880] {processor.py:651} INFO - DAG(s) dict_keys(['example_complex']) retrieved from /home/airflow/.local/lib/python3.7/site-packages/airflow/example_dags/example_complex.py
[2023-04-02 18:03:29,914] {logging_mixin.py:115} INFO - [2023-04-02 18:03:29,914] {dag.py:2371} INFO - Sync 1 DAGs
[2023-04-02 18:03:29,945] {logging_mixin.py:115} INFO - [2023-04-02 18:03:29,944] {dag.py:2919} INFO - Setting next_dagrun for example_complex to None, run_after=None
[2023-04-02 18:03:30,092] {processor.py:161} INFO - Processing /home/airflow/.local/lib/python3.7/site-packages/airflow/example_dags/example_complex.py took 0.238 seconds
[2023-04-02 18:04:00,365] {processor.py:153} INFO - Started process (PID=1053) to work on /home/airflow/.local/lib/python3.7/site-packages/airflow/example_dags/example_complex.py
[2023-04-02 18:04:00,366] {processor.py:641} INFO - Processing file /home/airflow/.local/lib/python3.7/site-packages/airflow/example_dags/example_complex.py for tasks to queue
[2023-04-02 18:04:00,367] {logging_mixin.py:115} INFO - [2023-04-02 18:04:00,367] {dagbag.py:507} INFO - Filling up the DagBag from /home/airflow/.local/lib/python3.7/site-packages/airflow/example_dags/example_complex.py
[2023-04-02 18:04:00,383] {processor.py:651} INFO - DAG(s) dict_keys(['example_complex']) retrieved from /home/airflow/.local/lib/python3.7/site-packages/airflow/example_dags/example_complex.py
[2023-04-02 18:04:00,417] {logging_mixin.py:115} INFO - [2023-04-02 18:04:00,417] {dag.py:2371} INFO - Sync 1 DAGs
[2023-04-02 18:04:00,447] {logging_mixin.py:115} INFO - [2023-04-02 18:04:00,447] {dag.py:2919} INFO - Setting next_dagrun for example_complex to None, run_after=None
[2023-04-02 18:04:00,615] {processor.py:161} INFO - Processing /home/airflow/.local/lib/python3.7/site-packages/airflow/example_dags/example_complex.py took 0.255 seconds
[2023-04-02 18:04:31,260] {processor.py:153} INFO - Started process (PID=1116) to work on /home/airflow/.local/lib/python3.7/site-packages/airflow/example_dags/example_complex.py
[2023-04-02 18:04:31,264] {processor.py:641} INFO - Processing file /home/airflow/.local/lib/python3.7/site-packages/airflow/example_dags/example_complex.py for tasks to queue
[2023-04-02 18:04:31,265] {logging_mixin.py:115} INFO - [2023-04-02 18:04:31,265] {dagbag.py:507} INFO - Filling up the DagBag from /home/airflow/.local/lib/python3.7/site-packages/airflow/example_dags/example_complex.py
[2023-04-02 18:04:31,280] {processor.py:651} INFO - DAG(s) dict_keys(['example_complex']) retrieved from /home/airflow/.local/lib/python3.7/site-packages/airflow/example_dags/example_complex.py
[2023-04-02 18:04:31,314] {logging_mixin.py:115} INFO - [2023-04-02 18:04:31,314] {dag.py:2371} INFO - Sync 1 DAGs
[2023-04-02 18:04:31,339] {logging_mixin.py:115} INFO - [2023-04-02 18:04:31,339] {dag.py:2919} INFO - Setting next_dagrun for example_complex to None, run_after=None
[2023-04-02 18:04:31,466] {processor.py:161} INFO - Processing /home/airflow/.local/lib/python3.7/site-packages/airflow/example_dags/example_complex.py took 0.210 seconds
[2023-04-02 18:05:01,917] {processor.py:153} INFO - Started process (PID=1179) to work on /home/airflow/.local/lib/python3.7/site-packages/airflow/example_dags/example_complex.py
[2023-04-02 18:05:01,918] {processor.py:641} INFO - Processing file /home/airflow/.local/lib/python3.7/site-packages/airflow/example_dags/example_complex.py for tasks to queue
[2023-04-02 18:05:01,920] {logging_mixin.py:115} INFO - [2023-04-02 18:05:01,920] {dagbag.py:507} INFO - Filling up the DagBag from /home/airflow/.local/lib/python3.7/site-packages/airflow/example_dags/example_complex.py
[2023-04-02 18:05:01,935] {processor.py:651} INFO - DAG(s) dict_keys(['example_complex']) retrieved from /home/airflow/.local/lib/python3.7/site-packages/airflow/example_dags/example_complex.py
[2023-04-02 18:05:01,970] {logging_mixin.py:115} INFO - [2023-04-02 18:05:01,969] {dag.py:2371} INFO - Sync 1 DAGs
[2023-04-02 18:05:01,995] {logging_mixin.py:115} INFO - [2023-04-02 18:05:01,995] {dag.py:2919} INFO - Setting next_dagrun for example_complex to None, run_after=None
[2023-04-02 18:05:02,129] {processor.py:161} INFO - Processing /home/airflow/.local/lib/python3.7/site-packages/airflow/example_dags/example_complex.py took 0.216 seconds
[2023-04-02 18:05:32,270] {processor.py:153} INFO - Started process (PID=1234) to work on /home/airflow/.local/lib/python3.7/site-packages/airflow/example_dags/example_complex.py
[2023-04-02 18:05:32,272] {processor.py:641} INFO - Processing file /home/airflow/.local/lib/python3.7/site-packages/airflow/example_dags/example_complex.py for tasks to queue
[2023-04-02 18:05:32,273] {logging_mixin.py:115} INFO - [2023-04-02 18:05:32,273] {dagbag.py:507} INFO - Filling up the DagBag from /home/airflow/.local/lib/python3.7/site-packages/airflow/example_dags/example_complex.py
[2023-04-02 18:05:32,288] {processor.py:651} INFO - DAG(s) dict_keys(['example_complex']) retrieved from /home/airflow/.local/lib/python3.7/site-packages/airflow/example_dags/example_complex.py
[2023-04-02 18:05:32,332] {logging_mixin.py:115} INFO - [2023-04-02 18:05:32,332] {dag.py:2371} INFO - Sync 1 DAGs
[2023-04-02 18:05:32,490] {logging_mixin.py:115} INFO - [2023-04-02 18:05:32,490] {dag.py:2919} INFO - Setting next_dagrun for example_complex to None, run_after=None
[2023-04-02 18:05:32,517] {processor.py:161} INFO - Processing /home/airflow/.local/lib/python3.7/site-packages/airflow/example_dags/example_complex.py took 0.251 seconds
[2023-04-02 18:06:03,247] {processor.py:153} INFO - Started process (PID=1298) to work on /home/airflow/.local/lib/python3.7/site-packages/airflow/example_dags/example_complex.py
[2023-04-02 18:06:03,251] {processor.py:641} INFO - Processing file /home/airflow/.local/lib/python3.7/site-packages/airflow/example_dags/example_complex.py for tasks to queue
[2023-04-02 18:06:03,253] {logging_mixin.py:115} INFO - [2023-04-02 18:06:03,252] {dagbag.py:507} INFO - Filling up the DagBag from /home/airflow/.local/lib/python3.7/site-packages/airflow/example_dags/example_complex.py
[2023-04-02 18:06:03,278] {processor.py:651} INFO - DAG(s) dict_keys(['example_complex']) retrieved from /home/airflow/.local/lib/python3.7/site-packages/airflow/example_dags/example_complex.py
[2023-04-02 18:06:03,335] {logging_mixin.py:115} INFO - [2023-04-02 18:06:03,335] {dag.py:2371} INFO - Sync 1 DAGs
[2023-04-02 18:06:03,579] {logging_mixin.py:115} INFO - [2023-04-02 18:06:03,578] {dag.py:2919} INFO - Setting next_dagrun for example_complex to None, run_after=None
[2023-04-02 18:06:03,602] {processor.py:161} INFO - Processing /home/airflow/.local/lib/python3.7/site-packages/airflow/example_dags/example_complex.py took 0.364 seconds
[2023-04-02 18:06:33,781] {processor.py:153} INFO - Started process (PID=1361) to work on /home/airflow/.local/lib/python3.7/site-packages/airflow/example_dags/example_complex.py
[2023-04-02 18:06:33,783] {processor.py:641} INFO - Processing file /home/airflow/.local/lib/python3.7/site-packages/airflow/example_dags/example_complex.py for tasks to queue
[2023-04-02 18:06:33,784] {logging_mixin.py:115} INFO - [2023-04-02 18:06:33,784] {dagbag.py:507} INFO - Filling up the DagBag from /home/airflow/.local/lib/python3.7/site-packages/airflow/example_dags/example_complex.py
[2023-04-02 18:06:33,801] {processor.py:651} INFO - DAG(s) dict_keys(['example_complex']) retrieved from /home/airflow/.local/lib/python3.7/site-packages/airflow/example_dags/example_complex.py
[2023-04-02 18:06:33,839] {logging_mixin.py:115} INFO - [2023-04-02 18:06:33,839] {dag.py:2371} INFO - Sync 1 DAGs
[2023-04-02 18:06:34,026] {logging_mixin.py:115} INFO - [2023-04-02 18:06:34,026] {dag.py:2919} INFO - Setting next_dagrun for example_complex to None, run_after=None
[2023-04-02 18:06:34,044] {processor.py:161} INFO - Processing /home/airflow/.local/lib/python3.7/site-packages/airflow/example_dags/example_complex.py took 0.267 seconds
[2023-04-02 18:07:04,447] {processor.py:153} INFO - Started process (PID=1424) to work on /home/airflow/.local/lib/python3.7/site-packages/airflow/example_dags/example_complex.py
[2023-04-02 18:07:04,449] {processor.py:641} INFO - Processing file /home/airflow/.local/lib/python3.7/site-packages/airflow/example_dags/example_complex.py for tasks to queue
[2023-04-02 18:07:04,450] {logging_mixin.py:115} INFO - [2023-04-02 18:07:04,450] {dagbag.py:507} INFO - Filling up the DagBag from /home/airflow/.local/lib/python3.7/site-packages/airflow/example_dags/example_complex.py
[2023-04-02 18:07:04,465] {processor.py:651} INFO - DAG(s) dict_keys(['example_complex']) retrieved from /home/airflow/.local/lib/python3.7/site-packages/airflow/example_dags/example_complex.py
[2023-04-02 18:07:04,500] {logging_mixin.py:115} INFO - [2023-04-02 18:07:04,500] {dag.py:2371} INFO - Sync 1 DAGs
[2023-04-02 18:07:04,651] {logging_mixin.py:115} INFO - [2023-04-02 18:07:04,651] {dag.py:2919} INFO - Setting next_dagrun for example_complex to None, run_after=None
[2023-04-02 18:07:04,670] {processor.py:161} INFO - Processing /home/airflow/.local/lib/python3.7/site-packages/airflow/example_dags/example_complex.py took 0.226 seconds
[2023-04-02 18:07:35,425] {processor.py:153} INFO - Started process (PID=1479) to work on /home/airflow/.local/lib/python3.7/site-packages/airflow/example_dags/example_complex.py
[2023-04-02 18:07:35,426] {processor.py:641} INFO - Processing file /home/airflow/.local/lib/python3.7/site-packages/airflow/example_dags/example_complex.py for tasks to queue
[2023-04-02 18:07:35,428] {logging_mixin.py:115} INFO - [2023-04-02 18:07:35,427] {dagbag.py:507} INFO - Filling up the DagBag from /home/airflow/.local/lib/python3.7/site-packages/airflow/example_dags/example_complex.py
[2023-04-02 18:07:35,442] {processor.py:651} INFO - DAG(s) dict_keys(['example_complex']) retrieved from /home/airflow/.local/lib/python3.7/site-packages/airflow/example_dags/example_complex.py
[2023-04-02 18:07:35,474] {logging_mixin.py:115} INFO - [2023-04-02 18:07:35,473] {dag.py:2371} INFO - Sync 1 DAGs
[2023-04-02 18:07:35,612] {logging_mixin.py:115} INFO - [2023-04-02 18:07:35,612] {dag.py:2919} INFO - Setting next_dagrun for example_complex to None, run_after=None
[2023-04-02 18:07:35,626] {processor.py:161} INFO - Processing /home/airflow/.local/lib/python3.7/site-packages/airflow/example_dags/example_complex.py took 0.205 seconds
[2023-04-02 18:08:06,256] {processor.py:153} INFO - Started process (PID=1542) to work on /home/airflow/.local/lib/python3.7/site-packages/airflow/example_dags/example_complex.py
[2023-04-02 18:08:06,257] {processor.py:641} INFO - Processing file /home/airflow/.local/lib/python3.7/site-packages/airflow/example_dags/example_complex.py for tasks to queue
[2023-04-02 18:08:06,259] {logging_mixin.py:115} INFO - [2023-04-02 18:08:06,259] {dagbag.py:507} INFO - Filling up the DagBag from /home/airflow/.local/lib/python3.7/site-packages/airflow/example_dags/example_complex.py
[2023-04-02 18:08:06,273] {processor.py:651} INFO - DAG(s) dict_keys(['example_complex']) retrieved from /home/airflow/.local/lib/python3.7/site-packages/airflow/example_dags/example_complex.py
[2023-04-02 18:08:06,306] {logging_mixin.py:115} INFO - [2023-04-02 18:08:06,306] {dag.py:2371} INFO - Sync 1 DAGs
[2023-04-02 18:08:06,444] {logging_mixin.py:115} INFO - [2023-04-02 18:08:06,444] {dag.py:2919} INFO - Setting next_dagrun for example_complex to None, run_after=None
[2023-04-02 18:08:06,458] {processor.py:161} INFO - Processing /home/airflow/.local/lib/python3.7/site-packages/airflow/example_dags/example_complex.py took 0.206 seconds
[2023-04-02 18:08:36,751] {processor.py:153} INFO - Started process (PID=1605) to work on /home/airflow/.local/lib/python3.7/site-packages/airflow/example_dags/example_complex.py
[2023-04-02 18:08:36,753] {processor.py:641} INFO - Processing file /home/airflow/.local/lib/python3.7/site-packages/airflow/example_dags/example_complex.py for tasks to queue
[2023-04-02 18:08:36,754] {logging_mixin.py:115} INFO - [2023-04-02 18:08:36,754] {dagbag.py:507} INFO - Filling up the DagBag from /home/airflow/.local/lib/python3.7/site-packages/airflow/example_dags/example_complex.py
[2023-04-02 18:08:36,769] {processor.py:651} INFO - DAG(s) dict_keys(['example_complex']) retrieved from /home/airflow/.local/lib/python3.7/site-packages/airflow/example_dags/example_complex.py
[2023-04-02 18:08:36,807] {logging_mixin.py:115} INFO - [2023-04-02 18:08:36,806] {dag.py:2371} INFO - Sync 1 DAGs
[2023-04-02 18:08:36,942] {logging_mixin.py:115} INFO - [2023-04-02 18:08:36,942] {dag.py:2919} INFO - Setting next_dagrun for example_complex to None, run_after=None
[2023-04-02 18:08:36,955] {processor.py:161} INFO - Processing /home/airflow/.local/lib/python3.7/site-packages/airflow/example_dags/example_complex.py took 0.208 seconds
[2023-04-02 18:09:07,318] {processor.py:153} INFO - Started process (PID=1668) to work on /home/airflow/.local/lib/python3.7/site-packages/airflow/example_dags/example_complex.py
[2023-04-02 18:09:07,320] {processor.py:641} INFO - Processing file /home/airflow/.local/lib/python3.7/site-packages/airflow/example_dags/example_complex.py for tasks to queue
[2023-04-02 18:09:07,321] {logging_mixin.py:115} INFO - [2023-04-02 18:09:07,321] {dagbag.py:507} INFO - Filling up the DagBag from /home/airflow/.local/lib/python3.7/site-packages/airflow/example_dags/example_complex.py
[2023-04-02 18:09:07,335] {processor.py:651} INFO - DAG(s) dict_keys(['example_complex']) retrieved from /home/airflow/.local/lib/python3.7/site-packages/airflow/example_dags/example_complex.py
[2023-04-02 18:09:07,367] {logging_mixin.py:115} INFO - [2023-04-02 18:09:07,367] {dag.py:2371} INFO - Sync 1 DAGs
[2023-04-02 18:09:07,506] {logging_mixin.py:115} INFO - [2023-04-02 18:09:07,506] {dag.py:2919} INFO - Setting next_dagrun for example_complex to None, run_after=None
[2023-04-02 18:09:07,519] {processor.py:161} INFO - Processing /home/airflow/.local/lib/python3.7/site-packages/airflow/example_dags/example_complex.py took 0.205 seconds
[2023-04-02 18:09:37,818] {processor.py:153} INFO - Started process (PID=1722) to work on /home/airflow/.local/lib/python3.7/site-packages/airflow/example_dags/example_complex.py
[2023-04-02 18:09:37,820] {processor.py:641} INFO - Processing file /home/airflow/.local/lib/python3.7/site-packages/airflow/example_dags/example_complex.py for tasks to queue
[2023-04-02 18:09:37,821] {logging_mixin.py:115} INFO - [2023-04-02 18:09:37,821] {dagbag.py:507} INFO - Filling up the DagBag from /home/airflow/.local/lib/python3.7/site-packages/airflow/example_dags/example_complex.py
[2023-04-02 18:09:37,836] {processor.py:651} INFO - DAG(s) dict_keys(['example_complex']) retrieved from /home/airflow/.local/lib/python3.7/site-packages/airflow/example_dags/example_complex.py
[2023-04-02 18:09:37,872] {logging_mixin.py:115} INFO - [2023-04-02 18:09:37,872] {dag.py:2371} INFO - Sync 1 DAGs
[2023-04-02 18:09:38,025] {logging_mixin.py:115} INFO - [2023-04-02 18:09:38,025] {dag.py:2919} INFO - Setting next_dagrun for example_complex to None, run_after=None
[2023-04-02 18:09:38,041] {processor.py:161} INFO - Processing /home/airflow/.local/lib/python3.7/site-packages/airflow/example_dags/example_complex.py took 0.227 seconds
[2023-04-02 18:10:08,469] {processor.py:153} INFO - Started process (PID=1785) to work on /home/airflow/.local/lib/python3.7/site-packages/airflow/example_dags/example_complex.py
[2023-04-02 18:10:08,470] {processor.py:641} INFO - Processing file /home/airflow/.local/lib/python3.7/site-packages/airflow/example_dags/example_complex.py for tasks to queue
[2023-04-02 18:10:08,472] {logging_mixin.py:115} INFO - [2023-04-02 18:10:08,472] {dagbag.py:507} INFO - Filling up the DagBag from /home/airflow/.local/lib/python3.7/site-packages/airflow/example_dags/example_complex.py
[2023-04-02 18:10:08,490] {processor.py:651} INFO - DAG(s) dict_keys(['example_complex']) retrieved from /home/airflow/.local/lib/python3.7/site-packages/airflow/example_dags/example_complex.py
[2023-04-02 18:10:08,531] {logging_mixin.py:115} INFO - [2023-04-02 18:10:08,531] {dag.py:2371} INFO - Sync 1 DAGs
[2023-04-02 18:10:08,679] {logging_mixin.py:115} INFO - [2023-04-02 18:10:08,679] {dag.py:2919} INFO - Setting next_dagrun for example_complex to None, run_after=None
[2023-04-02 18:10:08,693] {processor.py:161} INFO - Processing /home/airflow/.local/lib/python3.7/site-packages/airflow/example_dags/example_complex.py took 0.229 seconds
[2023-04-02 18:10:39,161] {processor.py:153} INFO - Started process (PID=1848) to work on /home/airflow/.local/lib/python3.7/site-packages/airflow/example_dags/example_complex.py
[2023-04-02 18:10:39,162] {processor.py:641} INFO - Processing file /home/airflow/.local/lib/python3.7/site-packages/airflow/example_dags/example_complex.py for tasks to queue
[2023-04-02 18:10:39,164] {logging_mixin.py:115} INFO - [2023-04-02 18:10:39,164] {dagbag.py:507} INFO - Filling up the DagBag from /home/airflow/.local/lib/python3.7/site-packages/airflow/example_dags/example_complex.py
[2023-04-02 18:10:39,178] {processor.py:651} INFO - DAG(s) dict_keys(['example_complex']) retrieved from /home/airflow/.local/lib/python3.7/site-packages/airflow/example_dags/example_complex.py
[2023-04-02 18:10:39,213] {logging_mixin.py:115} INFO - [2023-04-02 18:10:39,213] {dag.py:2371} INFO - Sync 1 DAGs
[2023-04-02 18:10:39,237] {logging_mixin.py:115} INFO - [2023-04-02 18:10:39,237] {dag.py:2919} INFO - Setting next_dagrun for example_complex to None, run_after=None
[2023-04-02 18:10:39,249] {processor.py:161} INFO - Processing /home/airflow/.local/lib/python3.7/site-packages/airflow/example_dags/example_complex.py took 0.092 seconds
[2023-04-02 18:11:09,363] {processor.py:153} INFO - Started process (PID=1901) to work on /home/airflow/.local/lib/python3.7/site-packages/airflow/example_dags/example_complex.py
[2023-04-02 18:11:09,365] {processor.py:641} INFO - Processing file /home/airflow/.local/lib/python3.7/site-packages/airflow/example_dags/example_complex.py for tasks to queue
[2023-04-02 18:11:09,366] {logging_mixin.py:115} INFO - [2023-04-02 18:11:09,366] {dagbag.py:507} INFO - Filling up the DagBag from /home/airflow/.local/lib/python3.7/site-packages/airflow/example_dags/example_complex.py
[2023-04-02 18:11:09,381] {processor.py:651} INFO - DAG(s) dict_keys(['example_complex']) retrieved from /home/airflow/.local/lib/python3.7/site-packages/airflow/example_dags/example_complex.py
[2023-04-02 18:11:09,418] {logging_mixin.py:115} INFO - [2023-04-02 18:11:09,418] {dag.py:2371} INFO - Sync 1 DAGs
[2023-04-02 18:11:09,442] {logging_mixin.py:115} INFO - [2023-04-02 18:11:09,442] {dag.py:2919} INFO - Setting next_dagrun for example_complex to None, run_after=None
[2023-04-02 18:11:09,454] {processor.py:161} INFO - Processing /home/airflow/.local/lib/python3.7/site-packages/airflow/example_dags/example_complex.py took 0.095 seconds
[2023-04-02 18:11:39,722] {processor.py:153} INFO - Started process (PID=1963) to work on /home/airflow/.local/lib/python3.7/site-packages/airflow/example_dags/example_complex.py
[2023-04-02 18:11:39,724] {processor.py:641} INFO - Processing file /home/airflow/.local/lib/python3.7/site-packages/airflow/example_dags/example_complex.py for tasks to queue
[2023-04-02 18:11:39,726] {logging_mixin.py:115} INFO - [2023-04-02 18:11:39,726] {dagbag.py:507} INFO - Filling up the DagBag from /home/airflow/.local/lib/python3.7/site-packages/airflow/example_dags/example_complex.py
[2023-04-02 18:11:39,766] {processor.py:651} INFO - DAG(s) dict_keys(['example_complex']) retrieved from /home/airflow/.local/lib/python3.7/site-packages/airflow/example_dags/example_complex.py
[2023-04-02 18:11:39,842] {logging_mixin.py:115} INFO - [2023-04-02 18:11:39,842] {dag.py:2371} INFO - Sync 1 DAGs
[2023-04-02 18:11:39,889] {logging_mixin.py:115} INFO - [2023-04-02 18:11:39,889] {dag.py:2919} INFO - Setting next_dagrun for example_complex to None, run_after=None
[2023-04-02 18:11:39,924] {processor.py:161} INFO - Processing /home/airflow/.local/lib/python3.7/site-packages/airflow/example_dags/example_complex.py took 0.208 seconds
[2023-04-02 18:12:10,062] {processor.py:153} INFO - Started process (PID=2026) to work on /home/airflow/.local/lib/python3.7/site-packages/airflow/example_dags/example_complex.py
[2023-04-02 18:12:10,063] {processor.py:641} INFO - Processing file /home/airflow/.local/lib/python3.7/site-packages/airflow/example_dags/example_complex.py for tasks to queue
[2023-04-02 18:12:10,064] {logging_mixin.py:115} INFO - [2023-04-02 18:12:10,064] {dagbag.py:507} INFO - Filling up the DagBag from /home/airflow/.local/lib/python3.7/site-packages/airflow/example_dags/example_complex.py
[2023-04-02 18:12:10,079] {processor.py:651} INFO - DAG(s) dict_keys(['example_complex']) retrieved from /home/airflow/.local/lib/python3.7/site-packages/airflow/example_dags/example_complex.py
[2023-04-02 18:12:10,114] {logging_mixin.py:115} INFO - [2023-04-02 18:12:10,114] {dag.py:2371} INFO - Sync 1 DAGs
[2023-04-02 18:12:10,137] {logging_mixin.py:115} INFO - [2023-04-02 18:12:10,137] {dag.py:2919} INFO - Setting next_dagrun for example_complex to None, run_after=None
[2023-04-02 18:12:10,149] {processor.py:161} INFO - Processing /home/airflow/.local/lib/python3.7/site-packages/airflow/example_dags/example_complex.py took 0.091 seconds
[2023-04-02 18:12:40,446] {processor.py:153} INFO - Started process (PID=2080) to work on /home/airflow/.local/lib/python3.7/site-packages/airflow/example_dags/example_complex.py
[2023-04-02 18:12:40,448] {processor.py:641} INFO - Processing file /home/airflow/.local/lib/python3.7/site-packages/airflow/example_dags/example_complex.py for tasks to queue
[2023-04-02 18:12:40,449] {logging_mixin.py:115} INFO - [2023-04-02 18:12:40,449] {dagbag.py:507} INFO - Filling up the DagBag from /home/airflow/.local/lib/python3.7/site-packages/airflow/example_dags/example_complex.py
[2023-04-02 18:12:40,464] {processor.py:651} INFO - DAG(s) dict_keys(['example_complex']) retrieved from /home/airflow/.local/lib/python3.7/site-packages/airflow/example_dags/example_complex.py
[2023-04-02 18:12:40,499] {logging_mixin.py:115} INFO - [2023-04-02 18:12:40,499] {dag.py:2371} INFO - Sync 1 DAGs
[2023-04-02 18:12:40,523] {logging_mixin.py:115} INFO - [2023-04-02 18:12:40,523] {dag.py:2919} INFO - Setting next_dagrun for example_complex to None, run_after=None
[2023-04-02 18:12:40,535] {processor.py:161} INFO - Processing /home/airflow/.local/lib/python3.7/site-packages/airflow/example_dags/example_complex.py took 0.093 seconds
[2023-04-02 18:13:10,906] {processor.py:153} INFO - Started process (PID=2143) to work on /home/airflow/.local/lib/python3.7/site-packages/airflow/example_dags/example_complex.py
[2023-04-02 18:13:10,907] {processor.py:641} INFO - Processing file /home/airflow/.local/lib/python3.7/site-packages/airflow/example_dags/example_complex.py for tasks to queue
[2023-04-02 18:13:10,909] {logging_mixin.py:115} INFO - [2023-04-02 18:13:10,909] {dagbag.py:507} INFO - Filling up the DagBag from /home/airflow/.local/lib/python3.7/site-packages/airflow/example_dags/example_complex.py
[2023-04-02 18:13:10,923] {processor.py:651} INFO - DAG(s) dict_keys(['example_complex']) retrieved from /home/airflow/.local/lib/python3.7/site-packages/airflow/example_dags/example_complex.py
[2023-04-02 18:13:10,959] {logging_mixin.py:115} INFO - [2023-04-02 18:13:10,959] {dag.py:2371} INFO - Sync 1 DAGs
[2023-04-02 18:13:10,983] {logging_mixin.py:115} INFO - [2023-04-02 18:13:10,983] {dag.py:2919} INFO - Setting next_dagrun for example_complex to None, run_after=None
[2023-04-02 18:13:10,995] {processor.py:161} INFO - Processing /home/airflow/.local/lib/python3.7/site-packages/airflow/example_dags/example_complex.py took 0.093 seconds
[2023-04-02 18:13:41,169] {processor.py:153} INFO - Started process (PID=2206) to work on /home/airflow/.local/lib/python3.7/site-packages/airflow/example_dags/example_complex.py
[2023-04-02 18:13:41,171] {processor.py:641} INFO - Processing file /home/airflow/.local/lib/python3.7/site-packages/airflow/example_dags/example_complex.py for tasks to queue
[2023-04-02 18:13:41,172] {logging_mixin.py:115} INFO - [2023-04-02 18:13:41,172] {dagbag.py:507} INFO - Filling up the DagBag from /home/airflow/.local/lib/python3.7/site-packages/airflow/example_dags/example_complex.py
[2023-04-02 18:13:41,188] {processor.py:651} INFO - DAG(s) dict_keys(['example_complex']) retrieved from /home/airflow/.local/lib/python3.7/site-packages/airflow/example_dags/example_complex.py
[2023-04-02 18:13:41,222] {logging_mixin.py:115} INFO - [2023-04-02 18:13:41,222] {dag.py:2371} INFO - Sync 1 DAGs
[2023-04-02 18:13:41,245] {logging_mixin.py:115} INFO - [2023-04-02 18:13:41,245] {dag.py:2919} INFO - Setting next_dagrun for example_complex to None, run_after=None
[2023-04-02 18:13:41,257] {processor.py:161} INFO - Processing /home/airflow/.local/lib/python3.7/site-packages/airflow/example_dags/example_complex.py took 0.092 seconds
[2023-04-02 18:14:11,557] {processor.py:153} INFO - Started process (PID=2269) to work on /home/airflow/.local/lib/python3.7/site-packages/airflow/example_dags/example_complex.py
[2023-04-02 18:14:11,559] {processor.py:641} INFO - Processing file /home/airflow/.local/lib/python3.7/site-packages/airflow/example_dags/example_complex.py for tasks to queue
[2023-04-02 18:14:11,560] {logging_mixin.py:115} INFO - [2023-04-02 18:14:11,560] {dagbag.py:507} INFO - Filling up the DagBag from /home/airflow/.local/lib/python3.7/site-packages/airflow/example_dags/example_complex.py
[2023-04-02 18:14:11,574] {processor.py:651} INFO - DAG(s) dict_keys(['example_complex']) retrieved from /home/airflow/.local/lib/python3.7/site-packages/airflow/example_dags/example_complex.py
[2023-04-02 18:14:11,610] {logging_mixin.py:115} INFO - [2023-04-02 18:14:11,609] {dag.py:2371} INFO - Sync 1 DAGs
[2023-04-02 18:14:11,633] {logging_mixin.py:115} INFO - [2023-04-02 18:14:11,633] {dag.py:2919} INFO - Setting next_dagrun for example_complex to None, run_after=None
[2023-04-02 18:14:11,644] {processor.py:161} INFO - Processing /home/airflow/.local/lib/python3.7/site-packages/airflow/example_dags/example_complex.py took 0.091 seconds
[2023-04-02 18:14:41,798] {processor.py:153} INFO - Started process (PID=2323) to work on /home/airflow/.local/lib/python3.7/site-packages/airflow/example_dags/example_complex.py
[2023-04-02 18:14:41,800] {processor.py:641} INFO - Processing file /home/airflow/.local/lib/python3.7/site-packages/airflow/example_dags/example_complex.py for tasks to queue
[2023-04-02 18:14:41,802] {logging_mixin.py:115} INFO - [2023-04-02 18:14:41,802] {dagbag.py:507} INFO - Filling up the DagBag from /home/airflow/.local/lib/python3.7/site-packages/airflow/example_dags/example_complex.py
[2023-04-02 18:14:41,817] {processor.py:651} INFO - DAG(s) dict_keys(['example_complex']) retrieved from /home/airflow/.local/lib/python3.7/site-packages/airflow/example_dags/example_complex.py
[2023-04-02 18:14:41,852] {logging_mixin.py:115} INFO - [2023-04-02 18:14:41,852] {dag.py:2371} INFO - Sync 1 DAGs
[2023-04-02 18:14:41,875] {logging_mixin.py:115} INFO - [2023-04-02 18:14:41,875] {dag.py:2919} INFO - Setting next_dagrun for example_complex to None, run_after=None
[2023-04-02 18:14:41,887] {processor.py:161} INFO - Processing /home/airflow/.local/lib/python3.7/site-packages/airflow/example_dags/example_complex.py took 0.095 seconds
[2023-04-02 18:15:12,020] {processor.py:153} INFO - Started process (PID=2386) to work on /home/airflow/.local/lib/python3.7/site-packages/airflow/example_dags/example_complex.py
[2023-04-02 18:15:12,021] {processor.py:641} INFO - Processing file /home/airflow/.local/lib/python3.7/site-packages/airflow/example_dags/example_complex.py for tasks to queue
[2023-04-02 18:15:12,023] {logging_mixin.py:115} INFO - [2023-04-02 18:15:12,023] {dagbag.py:507} INFO - Filling up the DagBag from /home/airflow/.local/lib/python3.7/site-packages/airflow/example_dags/example_complex.py
[2023-04-02 18:15:12,038] {processor.py:651} INFO - DAG(s) dict_keys(['example_complex']) retrieved from /home/airflow/.local/lib/python3.7/site-packages/airflow/example_dags/example_complex.py
[2023-04-02 18:15:12,073] {logging_mixin.py:115} INFO - [2023-04-02 18:15:12,072] {dag.py:2371} INFO - Sync 1 DAGs
[2023-04-02 18:15:12,097] {logging_mixin.py:115} INFO - [2023-04-02 18:15:12,097] {dag.py:2919} INFO - Setting next_dagrun for example_complex to None, run_after=None
[2023-04-02 18:15:12,109] {processor.py:161} INFO - Processing /home/airflow/.local/lib/python3.7/site-packages/airflow/example_dags/example_complex.py took 0.094 seconds
[2023-04-02 18:15:42,353] {processor.py:153} INFO - Started process (PID=2449) to work on /home/airflow/.local/lib/python3.7/site-packages/airflow/example_dags/example_complex.py
[2023-04-02 18:15:42,354] {processor.py:641} INFO - Processing file /home/airflow/.local/lib/python3.7/site-packages/airflow/example_dags/example_complex.py for tasks to queue
[2023-04-02 18:15:42,356] {logging_mixin.py:115} INFO - [2023-04-02 18:15:42,356] {dagbag.py:507} INFO - Filling up the DagBag from /home/airflow/.local/lib/python3.7/site-packages/airflow/example_dags/example_complex.py
[2023-04-02 18:15:42,371] {processor.py:651} INFO - DAG(s) dict_keys(['example_complex']) retrieved from /home/airflow/.local/lib/python3.7/site-packages/airflow/example_dags/example_complex.py
[2023-04-02 18:15:42,413] {logging_mixin.py:115} INFO - [2023-04-02 18:15:42,413] {dag.py:2371} INFO - Sync 1 DAGs
[2023-04-02 18:15:42,443] {logging_mixin.py:115} INFO - [2023-04-02 18:15:42,443] {dag.py:2919} INFO - Setting next_dagrun for example_complex to None, run_after=None
[2023-04-02 18:15:42,456] {processor.py:161} INFO - Processing /home/airflow/.local/lib/python3.7/site-packages/airflow/example_dags/example_complex.py took 0.107 seconds
[2023-04-02 18:16:12,934] {processor.py:153} INFO - Started process (PID=2503) to work on /home/airflow/.local/lib/python3.7/site-packages/airflow/example_dags/example_complex.py
[2023-04-02 18:16:12,936] {processor.py:641} INFO - Processing file /home/airflow/.local/lib/python3.7/site-packages/airflow/example_dags/example_complex.py for tasks to queue
[2023-04-02 18:16:12,937] {logging_mixin.py:115} INFO - [2023-04-02 18:16:12,937] {dagbag.py:507} INFO - Filling up the DagBag from /home/airflow/.local/lib/python3.7/site-packages/airflow/example_dags/example_complex.py
[2023-04-02 18:16:12,952] {processor.py:651} INFO - DAG(s) dict_keys(['example_complex']) retrieved from /home/airflow/.local/lib/python3.7/site-packages/airflow/example_dags/example_complex.py
[2023-04-02 18:16:12,988] {logging_mixin.py:115} INFO - [2023-04-02 18:16:12,988] {dag.py:2371} INFO - Sync 1 DAGs
[2023-04-02 18:16:13,011] {logging_mixin.py:115} INFO - [2023-04-02 18:16:13,011] {dag.py:2919} INFO - Setting next_dagrun for example_complex to None, run_after=None
[2023-04-02 18:16:13,023] {processor.py:161} INFO - Processing /home/airflow/.local/lib/python3.7/site-packages/airflow/example_dags/example_complex.py took 0.093 seconds
[2023-04-02 18:16:43,457] {processor.py:153} INFO - Started process (PID=2566) to work on /home/airflow/.local/lib/python3.7/site-packages/airflow/example_dags/example_complex.py
[2023-04-02 18:16:43,458] {processor.py:641} INFO - Processing file /home/airflow/.local/lib/python3.7/site-packages/airflow/example_dags/example_complex.py for tasks to queue
[2023-04-02 18:16:43,459] {logging_mixin.py:115} INFO - [2023-04-02 18:16:43,459] {dagbag.py:507} INFO - Filling up the DagBag from /home/airflow/.local/lib/python3.7/site-packages/airflow/example_dags/example_complex.py
[2023-04-02 18:16:43,474] {processor.py:651} INFO - DAG(s) dict_keys(['example_complex']) retrieved from /home/airflow/.local/lib/python3.7/site-packages/airflow/example_dags/example_complex.py
[2023-04-02 18:16:43,508] {logging_mixin.py:115} INFO - [2023-04-02 18:16:43,508] {dag.py:2371} INFO - Sync 1 DAGs
[2023-04-02 18:16:43,531] {logging_mixin.py:115} INFO - [2023-04-02 18:16:43,531] {dag.py:2919} INFO - Setting next_dagrun for example_complex to None, run_after=None
[2023-04-02 18:16:43,543] {processor.py:161} INFO - Processing /home/airflow/.local/lib/python3.7/site-packages/airflow/example_dags/example_complex.py took 0.090 seconds
[2023-04-02 18:17:14,020] {processor.py:153} INFO - Started process (PID=2629) to work on /home/airflow/.local/lib/python3.7/site-packages/airflow/example_dags/example_complex.py
[2023-04-02 18:17:14,022] {processor.py:641} INFO - Processing file /home/airflow/.local/lib/python3.7/site-packages/airflow/example_dags/example_complex.py for tasks to queue
[2023-04-02 18:17:14,023] {logging_mixin.py:115} INFO - [2023-04-02 18:17:14,023] {dagbag.py:507} INFO - Filling up the DagBag from /home/airflow/.local/lib/python3.7/site-packages/airflow/example_dags/example_complex.py
[2023-04-02 18:17:14,038] {processor.py:651} INFO - DAG(s) dict_keys(['example_complex']) retrieved from /home/airflow/.local/lib/python3.7/site-packages/airflow/example_dags/example_complex.py
[2023-04-02 18:17:14,074] {logging_mixin.py:115} INFO - [2023-04-02 18:17:14,074] {dag.py:2371} INFO - Sync 1 DAGs
[2023-04-02 18:17:14,098] {logging_mixin.py:115} INFO - [2023-04-02 18:17:14,098] {dag.py:2919} INFO - Setting next_dagrun for example_complex to None, run_after=None
[2023-04-02 18:17:14,110] {processor.py:161} INFO - Processing /home/airflow/.local/lib/python3.7/site-packages/airflow/example_dags/example_complex.py took 0.095 seconds
[2023-04-02 18:17:44,418] {processor.py:153} INFO - Started process (PID=2683) to work on /home/airflow/.local/lib/python3.7/site-packages/airflow/example_dags/example_complex.py
[2023-04-02 18:17:44,419] {processor.py:641} INFO - Processing file /home/airflow/.local/lib/python3.7/site-packages/airflow/example_dags/example_complex.py for tasks to queue
[2023-04-02 18:17:44,420] {logging_mixin.py:115} INFO - [2023-04-02 18:17:44,420] {dagbag.py:507} INFO - Filling up the DagBag from /home/airflow/.local/lib/python3.7/site-packages/airflow/example_dags/example_complex.py
[2023-04-02 18:17:44,435] {processor.py:651} INFO - DAG(s) dict_keys(['example_complex']) retrieved from /home/airflow/.local/lib/python3.7/site-packages/airflow/example_dags/example_complex.py
[2023-04-02 18:17:44,471] {logging_mixin.py:115} INFO - [2023-04-02 18:17:44,471] {dag.py:2371} INFO - Sync 1 DAGs
[2023-04-02 18:17:44,496] {logging_mixin.py:115} INFO - [2023-04-02 18:17:44,496] {dag.py:2919} INFO - Setting next_dagrun for example_complex to None, run_after=None
[2023-04-02 18:17:44,510] {processor.py:161} INFO - Processing /home/airflow/.local/lib/python3.7/site-packages/airflow/example_dags/example_complex.py took 0.096 seconds
[2023-04-02 18:18:14,860] {processor.py:153} INFO - Started process (PID=2747) to work on /home/airflow/.local/lib/python3.7/site-packages/airflow/example_dags/example_complex.py
[2023-04-02 18:18:14,862] {processor.py:641} INFO - Processing file /home/airflow/.local/lib/python3.7/site-packages/airflow/example_dags/example_complex.py for tasks to queue
[2023-04-02 18:18:14,863] {logging_mixin.py:115} INFO - [2023-04-02 18:18:14,863] {dagbag.py:507} INFO - Filling up the DagBag from /home/airflow/.local/lib/python3.7/site-packages/airflow/example_dags/example_complex.py
[2023-04-02 18:18:14,877] {processor.py:651} INFO - DAG(s) dict_keys(['example_complex']) retrieved from /home/airflow/.local/lib/python3.7/site-packages/airflow/example_dags/example_complex.py
[2023-04-02 18:18:14,913] {logging_mixin.py:115} INFO - [2023-04-02 18:18:14,913] {dag.py:2371} INFO - Sync 1 DAGs
[2023-04-02 18:18:14,938] {logging_mixin.py:115} INFO - [2023-04-02 18:18:14,938] {dag.py:2919} INFO - Setting next_dagrun for example_complex to None, run_after=None
[2023-04-02 18:18:14,951] {processor.py:161} INFO - Processing /home/airflow/.local/lib/python3.7/site-packages/airflow/example_dags/example_complex.py took 0.094 seconds
[2023-04-02 18:18:45,192] {processor.py:153} INFO - Started process (PID=2810) to work on /home/airflow/.local/lib/python3.7/site-packages/airflow/example_dags/example_complex.py
[2023-04-02 18:18:45,193] {processor.py:641} INFO - Processing file /home/airflow/.local/lib/python3.7/site-packages/airflow/example_dags/example_complex.py for tasks to queue
[2023-04-02 18:18:45,194] {logging_mixin.py:115} INFO - [2023-04-02 18:18:45,194] {dagbag.py:507} INFO - Filling up the DagBag from /home/airflow/.local/lib/python3.7/site-packages/airflow/example_dags/example_complex.py
[2023-04-02 18:18:45,209] {processor.py:651} INFO - DAG(s) dict_keys(['example_complex']) retrieved from /home/airflow/.local/lib/python3.7/site-packages/airflow/example_dags/example_complex.py
[2023-04-02 18:18:45,245] {logging_mixin.py:115} INFO - [2023-04-02 18:18:45,245] {dag.py:2371} INFO - Sync 1 DAGs
[2023-04-02 18:18:45,272] {logging_mixin.py:115} INFO - [2023-04-02 18:18:45,272] {dag.py:2919} INFO - Setting next_dagrun for example_complex to None, run_after=None
[2023-04-02 18:18:45,285] {processor.py:161} INFO - Processing /home/airflow/.local/lib/python3.7/site-packages/airflow/example_dags/example_complex.py took 0.097 seconds
[2023-04-02 18:19:15,642] {processor.py:153} INFO - Started process (PID=2874) to work on /home/airflow/.local/lib/python3.7/site-packages/airflow/example_dags/example_complex.py
[2023-04-02 18:19:15,643] {processor.py:641} INFO - Processing file /home/airflow/.local/lib/python3.7/site-packages/airflow/example_dags/example_complex.py for tasks to queue
[2023-04-02 18:19:15,644] {logging_mixin.py:115} INFO - [2023-04-02 18:19:15,644] {dagbag.py:507} INFO - Filling up the DagBag from /home/airflow/.local/lib/python3.7/site-packages/airflow/example_dags/example_complex.py
[2023-04-02 18:19:15,659] {processor.py:651} INFO - DAG(s) dict_keys(['example_complex']) retrieved from /home/airflow/.local/lib/python3.7/site-packages/airflow/example_dags/example_complex.py
[2023-04-02 18:19:15,693] {logging_mixin.py:115} INFO - [2023-04-02 18:19:15,693] {dag.py:2371} INFO - Sync 1 DAGs
[2023-04-02 18:19:15,716] {logging_mixin.py:115} INFO - [2023-04-02 18:19:15,716] {dag.py:2919} INFO - Setting next_dagrun for example_complex to None, run_after=None
[2023-04-02 18:19:15,728] {processor.py:161} INFO - Processing /home/airflow/.local/lib/python3.7/site-packages/airflow/example_dags/example_complex.py took 0.091 seconds
[2023-04-02 18:19:45,931] {processor.py:153} INFO - Started process (PID=2928) to work on /home/airflow/.local/lib/python3.7/site-packages/airflow/example_dags/example_complex.py
[2023-04-02 18:19:45,932] {processor.py:641} INFO - Processing file /home/airflow/.local/lib/python3.7/site-packages/airflow/example_dags/example_complex.py for tasks to queue
[2023-04-02 18:19:45,933] {logging_mixin.py:115} INFO - [2023-04-02 18:19:45,933] {dagbag.py:507} INFO - Filling up the DagBag from /home/airflow/.local/lib/python3.7/site-packages/airflow/example_dags/example_complex.py
[2023-04-02 18:19:45,948] {processor.py:651} INFO - DAG(s) dict_keys(['example_complex']) retrieved from /home/airflow/.local/lib/python3.7/site-packages/airflow/example_dags/example_complex.py
[2023-04-02 18:19:45,983] {logging_mixin.py:115} INFO - [2023-04-02 18:19:45,982] {dag.py:2371} INFO - Sync 1 DAGs
[2023-04-02 18:19:46,006] {logging_mixin.py:115} INFO - [2023-04-02 18:19:46,006] {dag.py:2919} INFO - Setting next_dagrun for example_complex to None, run_after=None
[2023-04-02 18:19:46,017] {processor.py:161} INFO - Processing /home/airflow/.local/lib/python3.7/site-packages/airflow/example_dags/example_complex.py took 0.091 seconds
[2023-04-02 18:20:16,095] {processor.py:153} INFO - Started process (PID=2991) to work on /home/airflow/.local/lib/python3.7/site-packages/airflow/example_dags/example_complex.py
[2023-04-02 18:20:16,096] {processor.py:641} INFO - Processing file /home/airflow/.local/lib/python3.7/site-packages/airflow/example_dags/example_complex.py for tasks to queue
[2023-04-02 18:20:16,097] {logging_mixin.py:115} INFO - [2023-04-02 18:20:16,097] {dagbag.py:507} INFO - Filling up the DagBag from /home/airflow/.local/lib/python3.7/site-packages/airflow/example_dags/example_complex.py
[2023-04-02 18:20:16,112] {processor.py:651} INFO - DAG(s) dict_keys(['example_complex']) retrieved from /home/airflow/.local/lib/python3.7/site-packages/airflow/example_dags/example_complex.py
[2023-04-02 18:20:16,148] {logging_mixin.py:115} INFO - [2023-04-02 18:20:16,147] {dag.py:2371} INFO - Sync 1 DAGs
[2023-04-02 18:20:16,171] {logging_mixin.py:115} INFO - [2023-04-02 18:20:16,171] {dag.py:2919} INFO - Setting next_dagrun for example_complex to None, run_after=None
[2023-04-02 18:20:16,185] {processor.py:161} INFO - Processing /home/airflow/.local/lib/python3.7/site-packages/airflow/example_dags/example_complex.py took 0.094 seconds
[2023-04-02 18:20:47,339] {processor.py:153} INFO - Started process (PID=3054) to work on /home/airflow/.local/lib/python3.7/site-packages/airflow/example_dags/example_complex.py
[2023-04-02 18:20:47,341] {processor.py:641} INFO - Processing file /home/airflow/.local/lib/python3.7/site-packages/airflow/example_dags/example_complex.py for tasks to queue
[2023-04-02 18:20:47,342] {logging_mixin.py:115} INFO - [2023-04-02 18:20:47,342] {dagbag.py:507} INFO - Filling up the DagBag from /home/airflow/.local/lib/python3.7/site-packages/airflow/example_dags/example_complex.py
[2023-04-02 18:20:47,359] {processor.py:651} INFO - DAG(s) dict_keys(['example_complex']) retrieved from /home/airflow/.local/lib/python3.7/site-packages/airflow/example_dags/example_complex.py
[2023-04-02 18:20:47,392] {logging_mixin.py:115} INFO - [2023-04-02 18:20:47,392] {dag.py:2371} INFO - Sync 1 DAGs
[2023-04-02 18:20:47,416] {logging_mixin.py:115} INFO - [2023-04-02 18:20:47,416] {dag.py:2919} INFO - Setting next_dagrun for example_complex to None, run_after=None
[2023-04-02 18:20:47,428] {processor.py:161} INFO - Processing /home/airflow/.local/lib/python3.7/site-packages/airflow/example_dags/example_complex.py took 0.094 seconds
[2023-04-02 18:21:17,912] {processor.py:153} INFO - Started process (PID=3108) to work on /home/airflow/.local/lib/python3.7/site-packages/airflow/example_dags/example_complex.py
[2023-04-02 18:21:17,913] {processor.py:641} INFO - Processing file /home/airflow/.local/lib/python3.7/site-packages/airflow/example_dags/example_complex.py for tasks to queue
[2023-04-02 18:21:17,915] {logging_mixin.py:115} INFO - [2023-04-02 18:21:17,915] {dagbag.py:507} INFO - Filling up the DagBag from /home/airflow/.local/lib/python3.7/site-packages/airflow/example_dags/example_complex.py
[2023-04-02 18:21:17,941] {processor.py:651} INFO - DAG(s) dict_keys(['example_complex']) retrieved from /home/airflow/.local/lib/python3.7/site-packages/airflow/example_dags/example_complex.py
[2023-04-02 18:21:17,975] {logging_mixin.py:115} INFO - [2023-04-02 18:21:17,975] {dag.py:2371} INFO - Sync 1 DAGs
[2023-04-02 18:21:18,001] {logging_mixin.py:115} INFO - [2023-04-02 18:21:18,001] {dag.py:2919} INFO - Setting next_dagrun for example_complex to None, run_after=None
[2023-04-02 18:21:18,015] {processor.py:161} INFO - Processing /home/airflow/.local/lib/python3.7/site-packages/airflow/example_dags/example_complex.py took 0.108 seconds
[2023-04-02 18:21:48,304] {processor.py:153} INFO - Started process (PID=3171) to work on /home/airflow/.local/lib/python3.7/site-packages/airflow/example_dags/example_complex.py
[2023-04-02 18:21:48,305] {processor.py:641} INFO - Processing file /home/airflow/.local/lib/python3.7/site-packages/airflow/example_dags/example_complex.py for tasks to queue
[2023-04-02 18:21:48,307] {logging_mixin.py:115} INFO - [2023-04-02 18:21:48,307] {dagbag.py:507} INFO - Filling up the DagBag from /home/airflow/.local/lib/python3.7/site-packages/airflow/example_dags/example_complex.py
[2023-04-02 18:21:48,324] {processor.py:651} INFO - DAG(s) dict_keys(['example_complex']) retrieved from /home/airflow/.local/lib/python3.7/site-packages/airflow/example_dags/example_complex.py
[2023-04-02 18:21:48,355] {logging_mixin.py:115} INFO - [2023-04-02 18:21:48,355] {dag.py:2371} INFO - Sync 1 DAGs
[2023-04-02 18:21:48,378] {logging_mixin.py:115} INFO - [2023-04-02 18:21:48,378] {dag.py:2919} INFO - Setting next_dagrun for example_complex to None, run_after=None
[2023-04-02 18:21:48,391] {processor.py:161} INFO - Processing /home/airflow/.local/lib/python3.7/site-packages/airflow/example_dags/example_complex.py took 0.092 seconds
[2023-04-02 18:22:18,718] {processor.py:153} INFO - Started process (PID=3234) to work on /home/airflow/.local/lib/python3.7/site-packages/airflow/example_dags/example_complex.py
[2023-04-02 18:22:18,721] {processor.py:641} INFO - Processing file /home/airflow/.local/lib/python3.7/site-packages/airflow/example_dags/example_complex.py for tasks to queue
[2023-04-02 18:22:18,722] {logging_mixin.py:115} INFO - [2023-04-02 18:22:18,722] {dagbag.py:507} INFO - Filling up the DagBag from /home/airflow/.local/lib/python3.7/site-packages/airflow/example_dags/example_complex.py
[2023-04-02 18:22:18,741] {processor.py:651} INFO - DAG(s) dict_keys(['example_complex']) retrieved from /home/airflow/.local/lib/python3.7/site-packages/airflow/example_dags/example_complex.py
[2023-04-02 18:22:18,774] {logging_mixin.py:115} INFO - [2023-04-02 18:22:18,774] {dag.py:2371} INFO - Sync 1 DAGs
[2023-04-02 18:22:18,798] {logging_mixin.py:115} INFO - [2023-04-02 18:22:18,798] {dag.py:2919} INFO - Setting next_dagrun for example_complex to None, run_after=None
[2023-04-02 18:22:18,811] {processor.py:161} INFO - Processing /home/airflow/.local/lib/python3.7/site-packages/airflow/example_dags/example_complex.py took 0.097 seconds
[2023-04-02 18:22:49,022] {processor.py:153} INFO - Started process (PID=3295) to work on /home/airflow/.local/lib/python3.7/site-packages/airflow/example_dags/example_complex.py
[2023-04-02 18:22:49,024] {processor.py:641} INFO - Processing file /home/airflow/.local/lib/python3.7/site-packages/airflow/example_dags/example_complex.py for tasks to queue
[2023-04-02 18:22:49,025] {logging_mixin.py:115} INFO - [2023-04-02 18:22:49,025] {dagbag.py:507} INFO - Filling up the DagBag from /home/airflow/.local/lib/python3.7/site-packages/airflow/example_dags/example_complex.py
[2023-04-02 18:22:49,043] {processor.py:651} INFO - DAG(s) dict_keys(['example_complex']) retrieved from /home/airflow/.local/lib/python3.7/site-packages/airflow/example_dags/example_complex.py
[2023-04-02 18:22:49,080] {logging_mixin.py:115} INFO - [2023-04-02 18:22:49,079] {dag.py:2371} INFO - Sync 1 DAGs
[2023-04-02 18:22:49,106] {logging_mixin.py:115} INFO - [2023-04-02 18:22:49,106] {dag.py:2919} INFO - Setting next_dagrun for example_complex to None, run_after=None
[2023-04-02 18:22:49,120] {processor.py:161} INFO - Processing /home/airflow/.local/lib/python3.7/site-packages/airflow/example_dags/example_complex.py took 0.102 seconds
[2023-04-02 18:23:19,350] {processor.py:153} INFO - Started process (PID=3351) to work on /home/airflow/.local/lib/python3.7/site-packages/airflow/example_dags/example_complex.py
[2023-04-02 18:23:19,352] {processor.py:641} INFO - Processing file /home/airflow/.local/lib/python3.7/site-packages/airflow/example_dags/example_complex.py for tasks to queue
[2023-04-02 18:23:19,353] {logging_mixin.py:115} INFO - [2023-04-02 18:23:19,353] {dagbag.py:507} INFO - Filling up the DagBag from /home/airflow/.local/lib/python3.7/site-packages/airflow/example_dags/example_complex.py
[2023-04-02 18:23:19,372] {processor.py:651} INFO - DAG(s) dict_keys(['example_complex']) retrieved from /home/airflow/.local/lib/python3.7/site-packages/airflow/example_dags/example_complex.py
[2023-04-02 18:23:19,404] {logging_mixin.py:115} INFO - [2023-04-02 18:23:19,404] {dag.py:2371} INFO - Sync 1 DAGs
[2023-04-02 18:23:19,428] {logging_mixin.py:115} INFO - [2023-04-02 18:23:19,428] {dag.py:2919} INFO - Setting next_dagrun for example_complex to None, run_after=None
[2023-04-02 18:23:19,441] {processor.py:161} INFO - Processing /home/airflow/.local/lib/python3.7/site-packages/airflow/example_dags/example_complex.py took 0.095 seconds
