[2023-04-02 17:55:27,583] {processor.py:153} INFO - Started process (PID=67) to work on /home/airflow/.local/lib/python3.7/site-packages/airflow/example_dags/example_dag_decorator.py
[2023-04-02 17:55:27,585] {processor.py:641} INFO - Processing file /home/airflow/.local/lib/python3.7/site-packages/airflow/example_dags/example_dag_decorator.py for tasks to queue
[2023-04-02 17:55:27,588] {logging_mixin.py:115} INFO - [2023-04-02 17:55:27,588] {dagbag.py:507} INFO - Filling up the DagBag from /home/airflow/.local/lib/python3.7/site-packages/airflow/example_dags/example_dag_decorator.py
[2023-04-02 17:55:27,634] {processor.py:651} INFO - DAG(s) dict_keys(['example_dag_decorator']) retrieved from /home/airflow/.local/lib/python3.7/site-packages/airflow/example_dags/example_dag_decorator.py
[2023-04-02 17:55:28,069] {logging_mixin.py:115} INFO - [2023-04-02 17:55:28,068] {manager.py:508} INFO - Created Permission View: can edit on DAG:example_dag_decorator
[2023-04-02 17:55:28,098] {logging_mixin.py:115} INFO - [2023-04-02 17:55:28,094] {manager.py:508} INFO - Created Permission View: can delete on DAG:example_dag_decorator
[2023-04-02 17:55:28,130] {logging_mixin.py:115} INFO - [2023-04-02 17:55:28,127] {manager.py:508} INFO - Created Permission View: can read on DAG:example_dag_decorator
[2023-04-02 17:55:28,132] {logging_mixin.py:115} INFO - [2023-04-02 17:55:28,132] {dag.py:2371} INFO - Sync 1 DAGs
[2023-04-02 17:55:28,170] {logging_mixin.py:115} INFO - [2023-04-02 17:55:28,169] {dag.py:2390} INFO - Creating ORM DAG for example_dag_decorator
[2023-04-02 17:55:28,211] {logging_mixin.py:115} INFO - [2023-04-02 17:55:28,211] {dag.py:2919} INFO - Setting next_dagrun for example_dag_decorator to None, run_after=None
[2023-04-02 17:55:28,249] {processor.py:161} INFO - Processing /home/airflow/.local/lib/python3.7/site-packages/airflow/example_dags/example_dag_decorator.py took 0.671 seconds
[2023-04-02 17:55:58,553] {processor.py:153} INFO - Started process (PID=128) to work on /home/airflow/.local/lib/python3.7/site-packages/airflow/example_dags/example_dag_decorator.py
[2023-04-02 17:55:58,554] {processor.py:641} INFO - Processing file /home/airflow/.local/lib/python3.7/site-packages/airflow/example_dags/example_dag_decorator.py for tasks to queue
[2023-04-02 17:55:58,555] {logging_mixin.py:115} INFO - [2023-04-02 17:55:58,555] {dagbag.py:507} INFO - Filling up the DagBag from /home/airflow/.local/lib/python3.7/site-packages/airflow/example_dags/example_dag_decorator.py
[2023-04-02 17:55:58,582] {processor.py:651} INFO - DAG(s) dict_keys(['example_dag_decorator']) retrieved from /home/airflow/.local/lib/python3.7/site-packages/airflow/example_dags/example_dag_decorator.py
[2023-04-02 17:55:58,809] {logging_mixin.py:115} INFO - [2023-04-02 17:55:58,809] {dag.py:2371} INFO - Sync 1 DAGs
[2023-04-02 17:55:58,828] {logging_mixin.py:115} INFO - [2023-04-02 17:55:58,827] {dag.py:2919} INFO - Setting next_dagrun for example_dag_decorator to None, run_after=None
[2023-04-02 17:55:58,841] {processor.py:161} INFO - Processing /home/airflow/.local/lib/python3.7/site-packages/airflow/example_dags/example_dag_decorator.py took 0.292 seconds
[2023-04-02 17:56:29,519] {processor.py:153} INFO - Started process (PID=187) to work on /home/airflow/.local/lib/python3.7/site-packages/airflow/example_dags/example_dag_decorator.py
[2023-04-02 17:56:29,521] {processor.py:641} INFO - Processing file /home/airflow/.local/lib/python3.7/site-packages/airflow/example_dags/example_dag_decorator.py for tasks to queue
[2023-04-02 17:56:29,522] {logging_mixin.py:115} INFO - [2023-04-02 17:56:29,522] {dagbag.py:507} INFO - Filling up the DagBag from /home/airflow/.local/lib/python3.7/site-packages/airflow/example_dags/example_dag_decorator.py
[2023-04-02 17:56:29,548] {processor.py:651} INFO - DAG(s) dict_keys(['example_dag_decorator']) retrieved from /home/airflow/.local/lib/python3.7/site-packages/airflow/example_dags/example_dag_decorator.py
[2023-04-02 17:56:29,730] {logging_mixin.py:115} INFO - [2023-04-02 17:56:29,730] {dag.py:2371} INFO - Sync 1 DAGs
[2023-04-02 17:56:29,748] {logging_mixin.py:115} INFO - [2023-04-02 17:56:29,748] {dag.py:2919} INFO - Setting next_dagrun for example_dag_decorator to None, run_after=None
[2023-04-02 17:56:29,759] {processor.py:161} INFO - Processing /home/airflow/.local/lib/python3.7/site-packages/airflow/example_dags/example_dag_decorator.py took 0.244 seconds
[2023-04-02 17:57:00,375] {processor.py:153} INFO - Started process (PID=241) to work on /home/airflow/.local/lib/python3.7/site-packages/airflow/example_dags/example_dag_decorator.py
[2023-04-02 17:57:00,376] {processor.py:641} INFO - Processing file /home/airflow/.local/lib/python3.7/site-packages/airflow/example_dags/example_dag_decorator.py for tasks to queue
[2023-04-02 17:57:00,378] {logging_mixin.py:115} INFO - [2023-04-02 17:57:00,377] {dagbag.py:507} INFO - Filling up the DagBag from /home/airflow/.local/lib/python3.7/site-packages/airflow/example_dags/example_dag_decorator.py
[2023-04-02 17:57:00,403] {processor.py:651} INFO - DAG(s) dict_keys(['example_dag_decorator']) retrieved from /home/airflow/.local/lib/python3.7/site-packages/airflow/example_dags/example_dag_decorator.py
[2023-04-02 17:57:00,625] {logging_mixin.py:115} INFO - [2023-04-02 17:57:00,625] {dag.py:2371} INFO - Sync 1 DAGs
[2023-04-02 17:57:00,644] {logging_mixin.py:115} INFO - [2023-04-02 17:57:00,644] {dag.py:2919} INFO - Setting next_dagrun for example_dag_decorator to None, run_after=None
[2023-04-02 17:57:00,657] {processor.py:161} INFO - Processing /home/airflow/.local/lib/python3.7/site-packages/airflow/example_dags/example_dag_decorator.py took 0.286 seconds
[2023-04-02 17:57:31,369] {processor.py:153} INFO - Started process (PID=302) to work on /home/airflow/.local/lib/python3.7/site-packages/airflow/example_dags/example_dag_decorator.py
[2023-04-02 17:57:31,371] {processor.py:641} INFO - Processing file /home/airflow/.local/lib/python3.7/site-packages/airflow/example_dags/example_dag_decorator.py for tasks to queue
[2023-04-02 17:57:31,372] {logging_mixin.py:115} INFO - [2023-04-02 17:57:31,372] {dagbag.py:507} INFO - Filling up the DagBag from /home/airflow/.local/lib/python3.7/site-packages/airflow/example_dags/example_dag_decorator.py
[2023-04-02 17:57:31,399] {processor.py:651} INFO - DAG(s) dict_keys(['example_dag_decorator']) retrieved from /home/airflow/.local/lib/python3.7/site-packages/airflow/example_dags/example_dag_decorator.py
[2023-04-02 17:57:31,603] {logging_mixin.py:115} INFO - [2023-04-02 17:57:31,603] {dag.py:2371} INFO - Sync 1 DAGs
[2023-04-02 17:57:31,621] {logging_mixin.py:115} INFO - [2023-04-02 17:57:31,621] {dag.py:2919} INFO - Setting next_dagrun for example_dag_decorator to None, run_after=None
[2023-04-02 17:57:31,634] {processor.py:161} INFO - Processing /home/airflow/.local/lib/python3.7/site-packages/airflow/example_dags/example_dag_decorator.py took 0.269 seconds
[2023-04-02 17:58:01,861] {processor.py:153} INFO - Started process (PID=363) to work on /home/airflow/.local/lib/python3.7/site-packages/airflow/example_dags/example_dag_decorator.py
[2023-04-02 17:58:01,862] {processor.py:641} INFO - Processing file /home/airflow/.local/lib/python3.7/site-packages/airflow/example_dags/example_dag_decorator.py for tasks to queue
[2023-04-02 17:58:01,864] {logging_mixin.py:115} INFO - [2023-04-02 17:58:01,864] {dagbag.py:507} INFO - Filling up the DagBag from /home/airflow/.local/lib/python3.7/site-packages/airflow/example_dags/example_dag_decorator.py
[2023-04-02 17:58:01,891] {processor.py:651} INFO - DAG(s) dict_keys(['example_dag_decorator']) retrieved from /home/airflow/.local/lib/python3.7/site-packages/airflow/example_dags/example_dag_decorator.py
[2023-04-02 17:58:02,082] {logging_mixin.py:115} INFO - [2023-04-02 17:58:02,082] {dag.py:2371} INFO - Sync 1 DAGs
[2023-04-02 17:58:02,101] {logging_mixin.py:115} INFO - [2023-04-02 17:58:02,100] {dag.py:2919} INFO - Setting next_dagrun for example_dag_decorator to None, run_after=None
[2023-04-02 17:58:02,113] {processor.py:161} INFO - Processing /home/airflow/.local/lib/python3.7/site-packages/airflow/example_dags/example_dag_decorator.py took 0.256 seconds
[2023-04-02 17:58:32,677] {processor.py:153} INFO - Started process (PID=415) to work on /home/airflow/.local/lib/python3.7/site-packages/airflow/example_dags/example_dag_decorator.py
[2023-04-02 17:58:32,678] {processor.py:641} INFO - Processing file /home/airflow/.local/lib/python3.7/site-packages/airflow/example_dags/example_dag_decorator.py for tasks to queue
[2023-04-02 17:58:32,679] {logging_mixin.py:115} INFO - [2023-04-02 17:58:32,679] {dagbag.py:507} INFO - Filling up the DagBag from /home/airflow/.local/lib/python3.7/site-packages/airflow/example_dags/example_dag_decorator.py
[2023-04-02 17:58:32,704] {processor.py:651} INFO - DAG(s) dict_keys(['example_dag_decorator']) retrieved from /home/airflow/.local/lib/python3.7/site-packages/airflow/example_dags/example_dag_decorator.py
[2023-04-02 17:58:32,892] {logging_mixin.py:115} INFO - [2023-04-02 17:58:32,892] {dag.py:2371} INFO - Sync 1 DAGs
[2023-04-02 17:58:32,912] {logging_mixin.py:115} INFO - [2023-04-02 17:58:32,912] {dag.py:2919} INFO - Setting next_dagrun for example_dag_decorator to None, run_after=None
[2023-04-02 17:58:32,928] {processor.py:161} INFO - Processing /home/airflow/.local/lib/python3.7/site-packages/airflow/example_dags/example_dag_decorator.py took 0.254 seconds
[2023-04-02 17:59:03,649] {processor.py:153} INFO - Started process (PID=477) to work on /home/airflow/.local/lib/python3.7/site-packages/airflow/example_dags/example_dag_decorator.py
[2023-04-02 17:59:03,650] {processor.py:641} INFO - Processing file /home/airflow/.local/lib/python3.7/site-packages/airflow/example_dags/example_dag_decorator.py for tasks to queue
[2023-04-02 17:59:03,652] {logging_mixin.py:115} INFO - [2023-04-02 17:59:03,651] {dagbag.py:507} INFO - Filling up the DagBag from /home/airflow/.local/lib/python3.7/site-packages/airflow/example_dags/example_dag_decorator.py
[2023-04-02 17:59:03,679] {processor.py:651} INFO - DAG(s) dict_keys(['example_dag_decorator']) retrieved from /home/airflow/.local/lib/python3.7/site-packages/airflow/example_dags/example_dag_decorator.py
[2023-04-02 17:59:03,892] {logging_mixin.py:115} INFO - [2023-04-02 17:59:03,892] {dag.py:2371} INFO - Sync 1 DAGs
[2023-04-02 17:59:03,914] {logging_mixin.py:115} INFO - [2023-04-02 17:59:03,914] {dag.py:2919} INFO - Setting next_dagrun for example_dag_decorator to None, run_after=None
[2023-04-02 17:59:03,928] {processor.py:161} INFO - Processing /home/airflow/.local/lib/python3.7/site-packages/airflow/example_dags/example_dag_decorator.py took 0.283 seconds
[2023-04-02 17:59:33,975] {processor.py:153} INFO - Started process (PID=538) to work on /home/airflow/.local/lib/python3.7/site-packages/airflow/example_dags/example_dag_decorator.py
[2023-04-02 17:59:33,977] {processor.py:641} INFO - Processing file /home/airflow/.local/lib/python3.7/site-packages/airflow/example_dags/example_dag_decorator.py for tasks to queue
[2023-04-02 17:59:33,978] {logging_mixin.py:115} INFO - [2023-04-02 17:59:33,978] {dagbag.py:507} INFO - Filling up the DagBag from /home/airflow/.local/lib/python3.7/site-packages/airflow/example_dags/example_dag_decorator.py
[2023-04-02 17:59:34,003] {processor.py:651} INFO - DAG(s) dict_keys(['example_dag_decorator']) retrieved from /home/airflow/.local/lib/python3.7/site-packages/airflow/example_dags/example_dag_decorator.py
[2023-04-02 17:59:34,196] {logging_mixin.py:115} INFO - [2023-04-02 17:59:34,196] {dag.py:2371} INFO - Sync 1 DAGs
[2023-04-02 17:59:34,216] {logging_mixin.py:115} INFO - [2023-04-02 17:59:34,216] {dag.py:2919} INFO - Setting next_dagrun for example_dag_decorator to None, run_after=None
[2023-04-02 17:59:34,229] {processor.py:161} INFO - Processing /home/airflow/.local/lib/python3.7/site-packages/airflow/example_dags/example_dag_decorator.py took 0.258 seconds
[2023-04-02 18:00:04,505] {processor.py:153} INFO - Started process (PID=599) to work on /home/airflow/.local/lib/python3.7/site-packages/airflow/example_dags/example_dag_decorator.py
[2023-04-02 18:00:04,506] {processor.py:641} INFO - Processing file /home/airflow/.local/lib/python3.7/site-packages/airflow/example_dags/example_dag_decorator.py for tasks to queue
[2023-04-02 18:00:04,509] {logging_mixin.py:115} INFO - [2023-04-02 18:00:04,509] {dagbag.py:507} INFO - Filling up the DagBag from /home/airflow/.local/lib/python3.7/site-packages/airflow/example_dags/example_dag_decorator.py
[2023-04-02 18:00:04,545] {processor.py:651} INFO - DAG(s) dict_keys(['example_dag_decorator']) retrieved from /home/airflow/.local/lib/python3.7/site-packages/airflow/example_dags/example_dag_decorator.py
[2023-04-02 18:00:04,793] {logging_mixin.py:115} INFO - [2023-04-02 18:00:04,793] {dag.py:2371} INFO - Sync 1 DAGs
[2023-04-02 18:00:04,814] {logging_mixin.py:115} INFO - [2023-04-02 18:00:04,814] {dag.py:2919} INFO - Setting next_dagrun for example_dag_decorator to None, run_after=None
[2023-04-02 18:00:04,829] {processor.py:161} INFO - Processing /home/airflow/.local/lib/python3.7/site-packages/airflow/example_dags/example_dag_decorator.py took 0.330 seconds
[2023-04-02 18:00:35,388] {processor.py:153} INFO - Started process (PID=653) to work on /home/airflow/.local/lib/python3.7/site-packages/airflow/example_dags/example_dag_decorator.py
[2023-04-02 18:00:35,389] {processor.py:641} INFO - Processing file /home/airflow/.local/lib/python3.7/site-packages/airflow/example_dags/example_dag_decorator.py for tasks to queue
[2023-04-02 18:00:35,391] {logging_mixin.py:115} INFO - [2023-04-02 18:00:35,391] {dagbag.py:507} INFO - Filling up the DagBag from /home/airflow/.local/lib/python3.7/site-packages/airflow/example_dags/example_dag_decorator.py
[2023-04-02 18:00:35,418] {processor.py:651} INFO - DAG(s) dict_keys(['example_dag_decorator']) retrieved from /home/airflow/.local/lib/python3.7/site-packages/airflow/example_dags/example_dag_decorator.py
[2023-04-02 18:00:35,623] {logging_mixin.py:115} INFO - [2023-04-02 18:00:35,623] {dag.py:2371} INFO - Sync 1 DAGs
[2023-04-02 18:00:35,647] {logging_mixin.py:115} INFO - [2023-04-02 18:00:35,646] {dag.py:2919} INFO - Setting next_dagrun for example_dag_decorator to None, run_after=None
[2023-04-02 18:00:35,676] {processor.py:161} INFO - Processing /home/airflow/.local/lib/python3.7/site-packages/airflow/example_dags/example_dag_decorator.py took 0.292 seconds
[2023-04-02 18:01:06,106] {processor.py:153} INFO - Started process (PID=716) to work on /home/airflow/.local/lib/python3.7/site-packages/airflow/example_dags/example_dag_decorator.py
[2023-04-02 18:01:06,108] {processor.py:641} INFO - Processing file /home/airflow/.local/lib/python3.7/site-packages/airflow/example_dags/example_dag_decorator.py for tasks to queue
[2023-04-02 18:01:06,109] {logging_mixin.py:115} INFO - [2023-04-02 18:01:06,109] {dagbag.py:507} INFO - Filling up the DagBag from /home/airflow/.local/lib/python3.7/site-packages/airflow/example_dags/example_dag_decorator.py
[2023-04-02 18:01:06,134] {processor.py:651} INFO - DAG(s) dict_keys(['example_dag_decorator']) retrieved from /home/airflow/.local/lib/python3.7/site-packages/airflow/example_dags/example_dag_decorator.py
[2023-04-02 18:01:06,343] {logging_mixin.py:115} INFO - [2023-04-02 18:01:06,343] {dag.py:2371} INFO - Sync 1 DAGs
[2023-04-02 18:01:06,368] {logging_mixin.py:115} INFO - [2023-04-02 18:01:06,368] {dag.py:2919} INFO - Setting next_dagrun for example_dag_decorator to None, run_after=None
[2023-04-02 18:01:06,384] {processor.py:161} INFO - Processing /home/airflow/.local/lib/python3.7/site-packages/airflow/example_dags/example_dag_decorator.py took 0.282 seconds
[2023-04-02 18:01:36,490] {processor.py:153} INFO - Started process (PID=783) to work on /home/airflow/.local/lib/python3.7/site-packages/airflow/example_dags/example_dag_decorator.py
[2023-04-02 18:01:36,491] {processor.py:641} INFO - Processing file /home/airflow/.local/lib/python3.7/site-packages/airflow/example_dags/example_dag_decorator.py for tasks to queue
[2023-04-02 18:01:36,492] {logging_mixin.py:115} INFO - [2023-04-02 18:01:36,492] {dagbag.py:507} INFO - Filling up the DagBag from /home/airflow/.local/lib/python3.7/site-packages/airflow/example_dags/example_dag_decorator.py
[2023-04-02 18:01:36,518] {processor.py:651} INFO - DAG(s) dict_keys(['example_dag_decorator']) retrieved from /home/airflow/.local/lib/python3.7/site-packages/airflow/example_dags/example_dag_decorator.py
[2023-04-02 18:01:36,710] {logging_mixin.py:115} INFO - [2023-04-02 18:01:36,710] {dag.py:2371} INFO - Sync 1 DAGs
[2023-04-02 18:01:36,730] {logging_mixin.py:115} INFO - [2023-04-02 18:01:36,730] {dag.py:2919} INFO - Setting next_dagrun for example_dag_decorator to None, run_after=None
[2023-04-02 18:01:36,742] {processor.py:161} INFO - Processing /home/airflow/.local/lib/python3.7/site-packages/airflow/example_dags/example_dag_decorator.py took 0.256 seconds
[2023-04-02 18:02:06,857] {processor.py:153} INFO - Started process (PID=837) to work on /home/airflow/.local/lib/python3.7/site-packages/airflow/example_dags/example_dag_decorator.py
[2023-04-02 18:02:06,858] {processor.py:641} INFO - Processing file /home/airflow/.local/lib/python3.7/site-packages/airflow/example_dags/example_dag_decorator.py for tasks to queue
[2023-04-02 18:02:06,859] {logging_mixin.py:115} INFO - [2023-04-02 18:02:06,859] {dagbag.py:507} INFO - Filling up the DagBag from /home/airflow/.local/lib/python3.7/site-packages/airflow/example_dags/example_dag_decorator.py
[2023-04-02 18:02:06,885] {processor.py:651} INFO - DAG(s) dict_keys(['example_dag_decorator']) retrieved from /home/airflow/.local/lib/python3.7/site-packages/airflow/example_dags/example_dag_decorator.py
[2023-04-02 18:02:07,082] {logging_mixin.py:115} INFO - [2023-04-02 18:02:07,082] {dag.py:2371} INFO - Sync 1 DAGs
[2023-04-02 18:02:07,100] {logging_mixin.py:115} INFO - [2023-04-02 18:02:07,100] {dag.py:2919} INFO - Setting next_dagrun for example_dag_decorator to None, run_after=None
[2023-04-02 18:02:07,115] {processor.py:161} INFO - Processing /home/airflow/.local/lib/python3.7/site-packages/airflow/example_dags/example_dag_decorator.py took 0.262 seconds
[2023-04-02 18:02:37,365] {processor.py:153} INFO - Started process (PID=900) to work on /home/airflow/.local/lib/python3.7/site-packages/airflow/example_dags/example_dag_decorator.py
[2023-04-02 18:02:37,366] {processor.py:641} INFO - Processing file /home/airflow/.local/lib/python3.7/site-packages/airflow/example_dags/example_dag_decorator.py for tasks to queue
[2023-04-02 18:02:37,367] {logging_mixin.py:115} INFO - [2023-04-02 18:02:37,367] {dagbag.py:507} INFO - Filling up the DagBag from /home/airflow/.local/lib/python3.7/site-packages/airflow/example_dags/example_dag_decorator.py
[2023-04-02 18:02:37,393] {processor.py:651} INFO - DAG(s) dict_keys(['example_dag_decorator']) retrieved from /home/airflow/.local/lib/python3.7/site-packages/airflow/example_dags/example_dag_decorator.py
[2023-04-02 18:02:37,422] {logging_mixin.py:115} INFO - [2023-04-02 18:02:37,422] {dag.py:2371} INFO - Sync 1 DAGs
[2023-04-02 18:02:37,566] {logging_mixin.py:115} INFO - [2023-04-02 18:02:37,566] {dag.py:2919} INFO - Setting next_dagrun for example_dag_decorator to None, run_after=None
[2023-04-02 18:02:37,579] {processor.py:161} INFO - Processing /home/airflow/.local/lib/python3.7/site-packages/airflow/example_dags/example_dag_decorator.py took 0.219 seconds
[2023-04-02 18:03:07,936] {processor.py:153} INFO - Started process (PID=963) to work on /home/airflow/.local/lib/python3.7/site-packages/airflow/example_dags/example_dag_decorator.py
[2023-04-02 18:03:07,938] {processor.py:641} INFO - Processing file /home/airflow/.local/lib/python3.7/site-packages/airflow/example_dags/example_dag_decorator.py for tasks to queue
[2023-04-02 18:03:07,940] {logging_mixin.py:115} INFO - [2023-04-02 18:03:07,940] {dagbag.py:507} INFO - Filling up the DagBag from /home/airflow/.local/lib/python3.7/site-packages/airflow/example_dags/example_dag_decorator.py
[2023-04-02 18:03:07,967] {processor.py:651} INFO - DAG(s) dict_keys(['example_dag_decorator']) retrieved from /home/airflow/.local/lib/python3.7/site-packages/airflow/example_dags/example_dag_decorator.py
[2023-04-02 18:03:07,998] {logging_mixin.py:115} INFO - [2023-04-02 18:03:07,998] {dag.py:2371} INFO - Sync 1 DAGs
[2023-04-02 18:03:08,151] {logging_mixin.py:115} INFO - [2023-04-02 18:03:08,151] {dag.py:2919} INFO - Setting next_dagrun for example_dag_decorator to None, run_after=None
[2023-04-02 18:03:08,166] {processor.py:161} INFO - Processing /home/airflow/.local/lib/python3.7/site-packages/airflow/example_dags/example_dag_decorator.py took 0.235 seconds
[2023-04-02 18:03:38,545] {processor.py:153} INFO - Started process (PID=1024) to work on /home/airflow/.local/lib/python3.7/site-packages/airflow/example_dags/example_dag_decorator.py
[2023-04-02 18:03:38,547] {processor.py:641} INFO - Processing file /home/airflow/.local/lib/python3.7/site-packages/airflow/example_dags/example_dag_decorator.py for tasks to queue
[2023-04-02 18:03:38,549] {logging_mixin.py:115} INFO - [2023-04-02 18:03:38,549] {dagbag.py:507} INFO - Filling up the DagBag from /home/airflow/.local/lib/python3.7/site-packages/airflow/example_dags/example_dag_decorator.py
[2023-04-02 18:03:38,580] {processor.py:651} INFO - DAG(s) dict_keys(['example_dag_decorator']) retrieved from /home/airflow/.local/lib/python3.7/site-packages/airflow/example_dags/example_dag_decorator.py
[2023-04-02 18:03:38,620] {logging_mixin.py:115} INFO - [2023-04-02 18:03:38,620] {dag.py:2371} INFO - Sync 1 DAGs
[2023-04-02 18:03:38,774] {logging_mixin.py:115} INFO - [2023-04-02 18:03:38,774] {dag.py:2919} INFO - Setting next_dagrun for example_dag_decorator to None, run_after=None
[2023-04-02 18:03:38,788] {processor.py:161} INFO - Processing /home/airflow/.local/lib/python3.7/site-packages/airflow/example_dags/example_dag_decorator.py took 0.248 seconds
[2023-04-02 18:04:08,971] {processor.py:153} INFO - Started process (PID=1080) to work on /home/airflow/.local/lib/python3.7/site-packages/airflow/example_dags/example_dag_decorator.py
[2023-04-02 18:04:08,972] {processor.py:641} INFO - Processing file /home/airflow/.local/lib/python3.7/site-packages/airflow/example_dags/example_dag_decorator.py for tasks to queue
[2023-04-02 18:04:08,974] {logging_mixin.py:115} INFO - [2023-04-02 18:04:08,974] {dagbag.py:507} INFO - Filling up the DagBag from /home/airflow/.local/lib/python3.7/site-packages/airflow/example_dags/example_dag_decorator.py
[2023-04-02 18:04:09,001] {processor.py:651} INFO - DAG(s) dict_keys(['example_dag_decorator']) retrieved from /home/airflow/.local/lib/python3.7/site-packages/airflow/example_dags/example_dag_decorator.py
[2023-04-02 18:04:09,201] {logging_mixin.py:115} INFO - [2023-04-02 18:04:09,201] {dag.py:2371} INFO - Sync 1 DAGs
[2023-04-02 18:04:09,223] {logging_mixin.py:115} INFO - [2023-04-02 18:04:09,223] {dag.py:2919} INFO - Setting next_dagrun for example_dag_decorator to None, run_after=None
[2023-04-02 18:04:09,243] {processor.py:161} INFO - Processing /home/airflow/.local/lib/python3.7/site-packages/airflow/example_dags/example_dag_decorator.py took 0.277 seconds
[2023-04-02 18:04:39,561] {processor.py:153} INFO - Started process (PID=1143) to work on /home/airflow/.local/lib/python3.7/site-packages/airflow/example_dags/example_dag_decorator.py
[2023-04-02 18:04:39,563] {processor.py:641} INFO - Processing file /home/airflow/.local/lib/python3.7/site-packages/airflow/example_dags/example_dag_decorator.py for tasks to queue
[2023-04-02 18:04:39,565] {logging_mixin.py:115} INFO - [2023-04-02 18:04:39,564] {dagbag.py:507} INFO - Filling up the DagBag from /home/airflow/.local/lib/python3.7/site-packages/airflow/example_dags/example_dag_decorator.py
[2023-04-02 18:04:39,600] {processor.py:651} INFO - DAG(s) dict_keys(['example_dag_decorator']) retrieved from /home/airflow/.local/lib/python3.7/site-packages/airflow/example_dags/example_dag_decorator.py
[2023-04-02 18:04:39,812] {logging_mixin.py:115} INFO - [2023-04-02 18:04:39,811] {dag.py:2371} INFO - Sync 1 DAGs
[2023-04-02 18:04:39,833] {logging_mixin.py:115} INFO - [2023-04-02 18:04:39,833] {dag.py:2919} INFO - Setting next_dagrun for example_dag_decorator to None, run_after=None
[2023-04-02 18:04:39,847] {processor.py:161} INFO - Processing /home/airflow/.local/lib/python3.7/site-packages/airflow/example_dags/example_dag_decorator.py took 0.289 seconds
[2023-04-02 18:05:10,221] {processor.py:153} INFO - Started process (PID=1206) to work on /home/airflow/.local/lib/python3.7/site-packages/airflow/example_dags/example_dag_decorator.py
[2023-04-02 18:05:10,223] {processor.py:641} INFO - Processing file /home/airflow/.local/lib/python3.7/site-packages/airflow/example_dags/example_dag_decorator.py for tasks to queue
[2023-04-02 18:05:10,225] {logging_mixin.py:115} INFO - [2023-04-02 18:05:10,225] {dagbag.py:507} INFO - Filling up the DagBag from /home/airflow/.local/lib/python3.7/site-packages/airflow/example_dags/example_dag_decorator.py
[2023-04-02 18:05:10,259] {processor.py:651} INFO - DAG(s) dict_keys(['example_dag_decorator']) retrieved from /home/airflow/.local/lib/python3.7/site-packages/airflow/example_dags/example_dag_decorator.py
[2023-04-02 18:05:10,509] {logging_mixin.py:115} INFO - [2023-04-02 18:05:10,509] {dag.py:2371} INFO - Sync 1 DAGs
[2023-04-02 18:05:10,532] {logging_mixin.py:115} INFO - [2023-04-02 18:05:10,532] {dag.py:2919} INFO - Setting next_dagrun for example_dag_decorator to None, run_after=None
[2023-04-02 18:05:10,546] {processor.py:161} INFO - Processing /home/airflow/.local/lib/python3.7/site-packages/airflow/example_dags/example_dag_decorator.py took 0.330 seconds
[2023-04-02 18:05:40,609] {processor.py:153} INFO - Started process (PID=1262) to work on /home/airflow/.local/lib/python3.7/site-packages/airflow/example_dags/example_dag_decorator.py
[2023-04-02 18:05:40,610] {processor.py:641} INFO - Processing file /home/airflow/.local/lib/python3.7/site-packages/airflow/example_dags/example_dag_decorator.py for tasks to queue
[2023-04-02 18:05:40,611] {logging_mixin.py:115} INFO - [2023-04-02 18:05:40,611] {dagbag.py:507} INFO - Filling up the DagBag from /home/airflow/.local/lib/python3.7/site-packages/airflow/example_dags/example_dag_decorator.py
[2023-04-02 18:05:40,640] {processor.py:651} INFO - DAG(s) dict_keys(['example_dag_decorator']) retrieved from /home/airflow/.local/lib/python3.7/site-packages/airflow/example_dags/example_dag_decorator.py
[2023-04-02 18:05:40,841] {logging_mixin.py:115} INFO - [2023-04-02 18:05:40,841] {dag.py:2371} INFO - Sync 1 DAGs
[2023-04-02 18:05:40,859] {logging_mixin.py:115} INFO - [2023-04-02 18:05:40,859] {dag.py:2919} INFO - Setting next_dagrun for example_dag_decorator to None, run_after=None
[2023-04-02 18:05:40,872] {processor.py:161} INFO - Processing /home/airflow/.local/lib/python3.7/site-packages/airflow/example_dags/example_dag_decorator.py took 0.267 seconds
[2023-04-02 18:06:11,290] {processor.py:153} INFO - Started process (PID=1325) to work on /home/airflow/.local/lib/python3.7/site-packages/airflow/example_dags/example_dag_decorator.py
[2023-04-02 18:06:11,291] {processor.py:641} INFO - Processing file /home/airflow/.local/lib/python3.7/site-packages/airflow/example_dags/example_dag_decorator.py for tasks to queue
[2023-04-02 18:06:11,292] {logging_mixin.py:115} INFO - [2023-04-02 18:06:11,292] {dagbag.py:507} INFO - Filling up the DagBag from /home/airflow/.local/lib/python3.7/site-packages/airflow/example_dags/example_dag_decorator.py
[2023-04-02 18:06:11,317] {processor.py:651} INFO - DAG(s) dict_keys(['example_dag_decorator']) retrieved from /home/airflow/.local/lib/python3.7/site-packages/airflow/example_dags/example_dag_decorator.py
[2023-04-02 18:06:11,505] {logging_mixin.py:115} INFO - [2023-04-02 18:06:11,505] {dag.py:2371} INFO - Sync 1 DAGs
[2023-04-02 18:06:11,524] {logging_mixin.py:115} INFO - [2023-04-02 18:06:11,524] {dag.py:2919} INFO - Setting next_dagrun for example_dag_decorator to None, run_after=None
[2023-04-02 18:06:11,538] {processor.py:161} INFO - Processing /home/airflow/.local/lib/python3.7/site-packages/airflow/example_dags/example_dag_decorator.py took 0.253 seconds
[2023-04-02 18:06:42,230] {processor.py:153} INFO - Started process (PID=1388) to work on /home/airflow/.local/lib/python3.7/site-packages/airflow/example_dags/example_dag_decorator.py
[2023-04-02 18:06:42,231] {processor.py:641} INFO - Processing file /home/airflow/.local/lib/python3.7/site-packages/airflow/example_dags/example_dag_decorator.py for tasks to queue
[2023-04-02 18:06:42,233] {logging_mixin.py:115} INFO - [2023-04-02 18:06:42,233] {dagbag.py:507} INFO - Filling up the DagBag from /home/airflow/.local/lib/python3.7/site-packages/airflow/example_dags/example_dag_decorator.py
[2023-04-02 18:06:42,261] {processor.py:651} INFO - DAG(s) dict_keys(['example_dag_decorator']) retrieved from /home/airflow/.local/lib/python3.7/site-packages/airflow/example_dags/example_dag_decorator.py
[2023-04-02 18:06:42,419] {logging_mixin.py:115} INFO - [2023-04-02 18:06:42,419] {dag.py:2371} INFO - Sync 1 DAGs
[2023-04-02 18:06:42,446] {logging_mixin.py:115} INFO - [2023-04-02 18:06:42,446] {dag.py:2919} INFO - Setting next_dagrun for example_dag_decorator to None, run_after=None
[2023-04-02 18:06:42,461] {processor.py:161} INFO - Processing /home/airflow/.local/lib/python3.7/site-packages/airflow/example_dags/example_dag_decorator.py took 0.236 seconds
[2023-04-02 18:07:13,039] {processor.py:153} INFO - Started process (PID=1442) to work on /home/airflow/.local/lib/python3.7/site-packages/airflow/example_dags/example_dag_decorator.py
[2023-04-02 18:07:13,040] {processor.py:641} INFO - Processing file /home/airflow/.local/lib/python3.7/site-packages/airflow/example_dags/example_dag_decorator.py for tasks to queue
[2023-04-02 18:07:13,041] {logging_mixin.py:115} INFO - [2023-04-02 18:07:13,041] {dagbag.py:507} INFO - Filling up the DagBag from /home/airflow/.local/lib/python3.7/site-packages/airflow/example_dags/example_dag_decorator.py
[2023-04-02 18:07:13,066] {processor.py:651} INFO - DAG(s) dict_keys(['example_dag_decorator']) retrieved from /home/airflow/.local/lib/python3.7/site-packages/airflow/example_dags/example_dag_decorator.py
[2023-04-02 18:07:13,222] {logging_mixin.py:115} INFO - [2023-04-02 18:07:13,222] {dag.py:2371} INFO - Sync 1 DAGs
[2023-04-02 18:07:13,247] {logging_mixin.py:115} INFO - [2023-04-02 18:07:13,246] {dag.py:2919} INFO - Setting next_dagrun for example_dag_decorator to None, run_after=None
[2023-04-02 18:07:13,259] {processor.py:161} INFO - Processing /home/airflow/.local/lib/python3.7/site-packages/airflow/example_dags/example_dag_decorator.py took 0.224 seconds
[2023-04-02 18:07:43,639] {processor.py:153} INFO - Started process (PID=1506) to work on /home/airflow/.local/lib/python3.7/site-packages/airflow/example_dags/example_dag_decorator.py
[2023-04-02 18:07:43,640] {processor.py:641} INFO - Processing file /home/airflow/.local/lib/python3.7/site-packages/airflow/example_dags/example_dag_decorator.py for tasks to queue
[2023-04-02 18:07:43,642] {logging_mixin.py:115} INFO - [2023-04-02 18:07:43,641] {dagbag.py:507} INFO - Filling up the DagBag from /home/airflow/.local/lib/python3.7/site-packages/airflow/example_dags/example_dag_decorator.py
[2023-04-02 18:07:43,668] {processor.py:651} INFO - DAG(s) dict_keys(['example_dag_decorator']) retrieved from /home/airflow/.local/lib/python3.7/site-packages/airflow/example_dags/example_dag_decorator.py
[2023-04-02 18:07:43,858] {logging_mixin.py:115} INFO - [2023-04-02 18:07:43,858] {dag.py:2371} INFO - Sync 1 DAGs
[2023-04-02 18:07:43,881] {logging_mixin.py:115} INFO - [2023-04-02 18:07:43,880] {dag.py:2919} INFO - Setting next_dagrun for example_dag_decorator to None, run_after=None
[2023-04-02 18:07:43,896] {processor.py:161} INFO - Processing /home/airflow/.local/lib/python3.7/site-packages/airflow/example_dags/example_dag_decorator.py took 0.261 seconds
[2023-04-02 18:08:14,541] {processor.py:153} INFO - Started process (PID=1569) to work on /home/airflow/.local/lib/python3.7/site-packages/airflow/example_dags/example_dag_decorator.py
[2023-04-02 18:08:14,542] {processor.py:641} INFO - Processing file /home/airflow/.local/lib/python3.7/site-packages/airflow/example_dags/example_dag_decorator.py for tasks to queue
[2023-04-02 18:08:14,544] {logging_mixin.py:115} INFO - [2023-04-02 18:08:14,544] {dagbag.py:507} INFO - Filling up the DagBag from /home/airflow/.local/lib/python3.7/site-packages/airflow/example_dags/example_dag_decorator.py
[2023-04-02 18:08:14,574] {processor.py:651} INFO - DAG(s) dict_keys(['example_dag_decorator']) retrieved from /home/airflow/.local/lib/python3.7/site-packages/airflow/example_dags/example_dag_decorator.py
[2023-04-02 18:08:14,777] {logging_mixin.py:115} INFO - [2023-04-02 18:08:14,776] {dag.py:2371} INFO - Sync 1 DAGs
[2023-04-02 18:08:14,801] {logging_mixin.py:115} INFO - [2023-04-02 18:08:14,801] {dag.py:2919} INFO - Setting next_dagrun for example_dag_decorator to None, run_after=None
[2023-04-02 18:08:14,815] {processor.py:161} INFO - Processing /home/airflow/.local/lib/python3.7/site-packages/airflow/example_dags/example_dag_decorator.py took 0.279 seconds
[2023-04-02 18:08:45,128] {processor.py:153} INFO - Started process (PID=1632) to work on /home/airflow/.local/lib/python3.7/site-packages/airflow/example_dags/example_dag_decorator.py
[2023-04-02 18:08:45,129] {processor.py:641} INFO - Processing file /home/airflow/.local/lib/python3.7/site-packages/airflow/example_dags/example_dag_decorator.py for tasks to queue
[2023-04-02 18:08:45,131] {logging_mixin.py:115} INFO - [2023-04-02 18:08:45,130] {dagbag.py:507} INFO - Filling up the DagBag from /home/airflow/.local/lib/python3.7/site-packages/airflow/example_dags/example_dag_decorator.py
[2023-04-02 18:08:45,156] {processor.py:651} INFO - DAG(s) dict_keys(['example_dag_decorator']) retrieved from /home/airflow/.local/lib/python3.7/site-packages/airflow/example_dags/example_dag_decorator.py
[2023-04-02 18:08:45,302] {logging_mixin.py:115} INFO - [2023-04-02 18:08:45,301] {dag.py:2371} INFO - Sync 1 DAGs
[2023-04-02 18:08:45,326] {logging_mixin.py:115} INFO - [2023-04-02 18:08:45,326] {dag.py:2919} INFO - Setting next_dagrun for example_dag_decorator to None, run_after=None
[2023-04-02 18:08:45,339] {processor.py:161} INFO - Processing /home/airflow/.local/lib/python3.7/site-packages/airflow/example_dags/example_dag_decorator.py took 0.214 seconds
[2023-04-02 18:09:15,784] {processor.py:153} INFO - Started process (PID=1686) to work on /home/airflow/.local/lib/python3.7/site-packages/airflow/example_dags/example_dag_decorator.py
[2023-04-02 18:09:15,786] {processor.py:641} INFO - Processing file /home/airflow/.local/lib/python3.7/site-packages/airflow/example_dags/example_dag_decorator.py for tasks to queue
[2023-04-02 18:09:15,787] {logging_mixin.py:115} INFO - [2023-04-02 18:09:15,787] {dagbag.py:507} INFO - Filling up the DagBag from /home/airflow/.local/lib/python3.7/site-packages/airflow/example_dags/example_dag_decorator.py
[2023-04-02 18:09:15,817] {processor.py:651} INFO - DAG(s) dict_keys(['example_dag_decorator']) retrieved from /home/airflow/.local/lib/python3.7/site-packages/airflow/example_dags/example_dag_decorator.py
[2023-04-02 18:09:15,993] {logging_mixin.py:115} INFO - [2023-04-02 18:09:15,993] {dag.py:2371} INFO - Sync 1 DAGs
[2023-04-02 18:09:16,025] {logging_mixin.py:115} INFO - [2023-04-02 18:09:16,024] {dag.py:2919} INFO - Setting next_dagrun for example_dag_decorator to None, run_after=None
[2023-04-02 18:09:16,044] {processor.py:161} INFO - Processing /home/airflow/.local/lib/python3.7/site-packages/airflow/example_dags/example_dag_decorator.py took 0.263 seconds
[2023-04-02 18:09:46,161] {processor.py:153} INFO - Started process (PID=1749) to work on /home/airflow/.local/lib/python3.7/site-packages/airflow/example_dags/example_dag_decorator.py
[2023-04-02 18:09:46,163] {processor.py:641} INFO - Processing file /home/airflow/.local/lib/python3.7/site-packages/airflow/example_dags/example_dag_decorator.py for tasks to queue
[2023-04-02 18:09:46,164] {logging_mixin.py:115} INFO - [2023-04-02 18:09:46,164] {dagbag.py:507} INFO - Filling up the DagBag from /home/airflow/.local/lib/python3.7/site-packages/airflow/example_dags/example_dag_decorator.py
[2023-04-02 18:09:46,191] {processor.py:651} INFO - DAG(s) dict_keys(['example_dag_decorator']) retrieved from /home/airflow/.local/lib/python3.7/site-packages/airflow/example_dags/example_dag_decorator.py
[2023-04-02 18:09:46,344] {logging_mixin.py:115} INFO - [2023-04-02 18:09:46,344] {dag.py:2371} INFO - Sync 1 DAGs
[2023-04-02 18:09:46,371] {logging_mixin.py:115} INFO - [2023-04-02 18:09:46,371] {dag.py:2919} INFO - Setting next_dagrun for example_dag_decorator to None, run_after=None
[2023-04-02 18:09:46,382] {processor.py:161} INFO - Processing /home/airflow/.local/lib/python3.7/site-packages/airflow/example_dags/example_dag_decorator.py took 0.226 seconds
[2023-04-02 18:10:17,037] {processor.py:153} INFO - Started process (PID=1812) to work on /home/airflow/.local/lib/python3.7/site-packages/airflow/example_dags/example_dag_decorator.py
[2023-04-02 18:10:17,038] {processor.py:641} INFO - Processing file /home/airflow/.local/lib/python3.7/site-packages/airflow/example_dags/example_dag_decorator.py for tasks to queue
[2023-04-02 18:10:17,039] {logging_mixin.py:115} INFO - [2023-04-02 18:10:17,039] {dagbag.py:507} INFO - Filling up the DagBag from /home/airflow/.local/lib/python3.7/site-packages/airflow/example_dags/example_dag_decorator.py
[2023-04-02 18:10:17,064] {processor.py:651} INFO - DAG(s) dict_keys(['example_dag_decorator']) retrieved from /home/airflow/.local/lib/python3.7/site-packages/airflow/example_dags/example_dag_decorator.py
[2023-04-02 18:10:17,211] {logging_mixin.py:115} INFO - [2023-04-02 18:10:17,211] {dag.py:2371} INFO - Sync 1 DAGs
[2023-04-02 18:10:17,235] {logging_mixin.py:115} INFO - [2023-04-02 18:10:17,235] {dag.py:2919} INFO - Setting next_dagrun for example_dag_decorator to None, run_after=None
[2023-04-02 18:10:17,247] {processor.py:161} INFO - Processing /home/airflow/.local/lib/python3.7/site-packages/airflow/example_dags/example_dag_decorator.py took 0.214 seconds
[2023-04-02 18:10:48,059] {processor.py:153} INFO - Started process (PID=1875) to work on /home/airflow/.local/lib/python3.7/site-packages/airflow/example_dags/example_dag_decorator.py
[2023-04-02 18:10:48,060] {processor.py:641} INFO - Processing file /home/airflow/.local/lib/python3.7/site-packages/airflow/example_dags/example_dag_decorator.py for tasks to queue
[2023-04-02 18:10:48,061] {logging_mixin.py:115} INFO - [2023-04-02 18:10:48,061] {dagbag.py:507} INFO - Filling up the DagBag from /home/airflow/.local/lib/python3.7/site-packages/airflow/example_dags/example_dag_decorator.py
[2023-04-02 18:10:48,090] {processor.py:651} INFO - DAG(s) dict_keys(['example_dag_decorator']) retrieved from /home/airflow/.local/lib/python3.7/site-packages/airflow/example_dags/example_dag_decorator.py
[2023-04-02 18:10:48,158] {logging_mixin.py:115} INFO - [2023-04-02 18:10:48,158] {dag.py:2371} INFO - Sync 1 DAGs
[2023-04-02 18:10:48,179] {logging_mixin.py:115} INFO - [2023-04-02 18:10:48,179] {dag.py:2919} INFO - Setting next_dagrun for example_dag_decorator to None, run_after=None
[2023-04-02 18:10:48,193] {processor.py:161} INFO - Processing /home/airflow/.local/lib/python3.7/site-packages/airflow/example_dags/example_dag_decorator.py took 0.138 seconds
[2023-04-02 18:11:18,448] {processor.py:153} INFO - Started process (PID=1929) to work on /home/airflow/.local/lib/python3.7/site-packages/airflow/example_dags/example_dag_decorator.py
[2023-04-02 18:11:18,450] {processor.py:641} INFO - Processing file /home/airflow/.local/lib/python3.7/site-packages/airflow/example_dags/example_dag_decorator.py for tasks to queue
[2023-04-02 18:11:18,451] {logging_mixin.py:115} INFO - [2023-04-02 18:11:18,451] {dagbag.py:507} INFO - Filling up the DagBag from /home/airflow/.local/lib/python3.7/site-packages/airflow/example_dags/example_dag_decorator.py
[2023-04-02 18:11:18,480] {processor.py:651} INFO - DAG(s) dict_keys(['example_dag_decorator']) retrieved from /home/airflow/.local/lib/python3.7/site-packages/airflow/example_dags/example_dag_decorator.py
[2023-04-02 18:11:18,554] {logging_mixin.py:115} INFO - [2023-04-02 18:11:18,554] {dag.py:2371} INFO - Sync 1 DAGs
[2023-04-02 18:11:18,579] {logging_mixin.py:115} INFO - [2023-04-02 18:11:18,579] {dag.py:2919} INFO - Setting next_dagrun for example_dag_decorator to None, run_after=None
[2023-04-02 18:11:18,595] {processor.py:161} INFO - Processing /home/airflow/.local/lib/python3.7/site-packages/airflow/example_dags/example_dag_decorator.py took 0.151 seconds
[2023-04-02 18:11:49,045] {processor.py:153} INFO - Started process (PID=1992) to work on /home/airflow/.local/lib/python3.7/site-packages/airflow/example_dags/example_dag_decorator.py
[2023-04-02 18:11:49,046] {processor.py:641} INFO - Processing file /home/airflow/.local/lib/python3.7/site-packages/airflow/example_dags/example_dag_decorator.py for tasks to queue
[2023-04-02 18:11:49,047] {logging_mixin.py:115} INFO - [2023-04-02 18:11:49,047] {dagbag.py:507} INFO - Filling up the DagBag from /home/airflow/.local/lib/python3.7/site-packages/airflow/example_dags/example_dag_decorator.py
[2023-04-02 18:11:49,075] {processor.py:651} INFO - DAG(s) dict_keys(['example_dag_decorator']) retrieved from /home/airflow/.local/lib/python3.7/site-packages/airflow/example_dags/example_dag_decorator.py
[2023-04-02 18:11:49,148] {logging_mixin.py:115} INFO - [2023-04-02 18:11:49,148] {dag.py:2371} INFO - Sync 1 DAGs
[2023-04-02 18:11:49,167] {logging_mixin.py:115} INFO - [2023-04-02 18:11:49,167] {dag.py:2919} INFO - Setting next_dagrun for example_dag_decorator to None, run_after=None
[2023-04-02 18:11:49,183] {processor.py:161} INFO - Processing /home/airflow/.local/lib/python3.7/site-packages/airflow/example_dags/example_dag_decorator.py took 0.143 seconds
[2023-04-02 18:12:19,344] {processor.py:153} INFO - Started process (PID=2055) to work on /home/airflow/.local/lib/python3.7/site-packages/airflow/example_dags/example_dag_decorator.py
[2023-04-02 18:12:19,345] {processor.py:641} INFO - Processing file /home/airflow/.local/lib/python3.7/site-packages/airflow/example_dags/example_dag_decorator.py for tasks to queue
[2023-04-02 18:12:19,346] {logging_mixin.py:115} INFO - [2023-04-02 18:12:19,346] {dagbag.py:507} INFO - Filling up the DagBag from /home/airflow/.local/lib/python3.7/site-packages/airflow/example_dags/example_dag_decorator.py
[2023-04-02 18:12:19,373] {processor.py:651} INFO - DAG(s) dict_keys(['example_dag_decorator']) retrieved from /home/airflow/.local/lib/python3.7/site-packages/airflow/example_dags/example_dag_decorator.py
[2023-04-02 18:12:19,442] {logging_mixin.py:115} INFO - [2023-04-02 18:12:19,441] {dag.py:2371} INFO - Sync 1 DAGs
[2023-04-02 18:12:19,465] {logging_mixin.py:115} INFO - [2023-04-02 18:12:19,465] {dag.py:2919} INFO - Setting next_dagrun for example_dag_decorator to None, run_after=None
[2023-04-02 18:12:19,484] {processor.py:161} INFO - Processing /home/airflow/.local/lib/python3.7/site-packages/airflow/example_dags/example_dag_decorator.py took 0.145 seconds
[2023-04-02 18:12:49,868] {processor.py:153} INFO - Started process (PID=2109) to work on /home/airflow/.local/lib/python3.7/site-packages/airflow/example_dags/example_dag_decorator.py
[2023-04-02 18:12:49,869] {processor.py:641} INFO - Processing file /home/airflow/.local/lib/python3.7/site-packages/airflow/example_dags/example_dag_decorator.py for tasks to queue
[2023-04-02 18:12:49,870] {logging_mixin.py:115} INFO - [2023-04-02 18:12:49,870] {dagbag.py:507} INFO - Filling up the DagBag from /home/airflow/.local/lib/python3.7/site-packages/airflow/example_dags/example_dag_decorator.py
[2023-04-02 18:12:49,898] {processor.py:651} INFO - DAG(s) dict_keys(['example_dag_decorator']) retrieved from /home/airflow/.local/lib/python3.7/site-packages/airflow/example_dags/example_dag_decorator.py
[2023-04-02 18:12:49,970] {logging_mixin.py:115} INFO - [2023-04-02 18:12:49,970] {dag.py:2371} INFO - Sync 1 DAGs
[2023-04-02 18:12:49,990] {logging_mixin.py:115} INFO - [2023-04-02 18:12:49,989] {dag.py:2919} INFO - Setting next_dagrun for example_dag_decorator to None, run_after=None
[2023-04-02 18:12:50,004] {processor.py:161} INFO - Processing /home/airflow/.local/lib/python3.7/site-packages/airflow/example_dags/example_dag_decorator.py took 0.140 seconds
[2023-04-02 18:13:20,230] {processor.py:153} INFO - Started process (PID=2172) to work on /home/airflow/.local/lib/python3.7/site-packages/airflow/example_dags/example_dag_decorator.py
[2023-04-02 18:13:20,232] {processor.py:641} INFO - Processing file /home/airflow/.local/lib/python3.7/site-packages/airflow/example_dags/example_dag_decorator.py for tasks to queue
[2023-04-02 18:13:20,234] {logging_mixin.py:115} INFO - [2023-04-02 18:13:20,234] {dagbag.py:507} INFO - Filling up the DagBag from /home/airflow/.local/lib/python3.7/site-packages/airflow/example_dags/example_dag_decorator.py
[2023-04-02 18:13:20,263] {processor.py:651} INFO - DAG(s) dict_keys(['example_dag_decorator']) retrieved from /home/airflow/.local/lib/python3.7/site-packages/airflow/example_dags/example_dag_decorator.py
[2023-04-02 18:13:20,290] {logging_mixin.py:115} INFO - [2023-04-02 18:13:20,290] {dag.py:2371} INFO - Sync 1 DAGs
[2023-04-02 18:13:20,311] {logging_mixin.py:115} INFO - [2023-04-02 18:13:20,311] {dag.py:2919} INFO - Setting next_dagrun for example_dag_decorator to None, run_after=None
[2023-04-02 18:13:20,323] {processor.py:161} INFO - Processing /home/airflow/.local/lib/python3.7/site-packages/airflow/example_dags/example_dag_decorator.py took 0.097 seconds
[2023-04-02 18:13:50,479] {processor.py:153} INFO - Started process (PID=2235) to work on /home/airflow/.local/lib/python3.7/site-packages/airflow/example_dags/example_dag_decorator.py
[2023-04-02 18:13:50,480] {processor.py:641} INFO - Processing file /home/airflow/.local/lib/python3.7/site-packages/airflow/example_dags/example_dag_decorator.py for tasks to queue
[2023-04-02 18:13:50,481] {logging_mixin.py:115} INFO - [2023-04-02 18:13:50,481] {dagbag.py:507} INFO - Filling up the DagBag from /home/airflow/.local/lib/python3.7/site-packages/airflow/example_dags/example_dag_decorator.py
[2023-04-02 18:13:50,510] {processor.py:651} INFO - DAG(s) dict_keys(['example_dag_decorator']) retrieved from /home/airflow/.local/lib/python3.7/site-packages/airflow/example_dags/example_dag_decorator.py
[2023-04-02 18:13:50,538] {logging_mixin.py:115} INFO - [2023-04-02 18:13:50,538] {dag.py:2371} INFO - Sync 1 DAGs
[2023-04-02 18:13:50,560] {logging_mixin.py:115} INFO - [2023-04-02 18:13:50,560] {dag.py:2919} INFO - Setting next_dagrun for example_dag_decorator to None, run_after=None
[2023-04-02 18:13:50,573] {processor.py:161} INFO - Processing /home/airflow/.local/lib/python3.7/site-packages/airflow/example_dags/example_dag_decorator.py took 0.098 seconds
[2023-04-02 18:14:20,807] {processor.py:153} INFO - Started process (PID=2289) to work on /home/airflow/.local/lib/python3.7/site-packages/airflow/example_dags/example_dag_decorator.py
[2023-04-02 18:14:20,808] {processor.py:641} INFO - Processing file /home/airflow/.local/lib/python3.7/site-packages/airflow/example_dags/example_dag_decorator.py for tasks to queue
[2023-04-02 18:14:20,809] {logging_mixin.py:115} INFO - [2023-04-02 18:14:20,809] {dagbag.py:507} INFO - Filling up the DagBag from /home/airflow/.local/lib/python3.7/site-packages/airflow/example_dags/example_dag_decorator.py
[2023-04-02 18:14:20,836] {processor.py:651} INFO - DAG(s) dict_keys(['example_dag_decorator']) retrieved from /home/airflow/.local/lib/python3.7/site-packages/airflow/example_dags/example_dag_decorator.py
[2023-04-02 18:14:20,863] {logging_mixin.py:115} INFO - [2023-04-02 18:14:20,863] {dag.py:2371} INFO - Sync 1 DAGs
[2023-04-02 18:14:20,883] {logging_mixin.py:115} INFO - [2023-04-02 18:14:20,883] {dag.py:2919} INFO - Setting next_dagrun for example_dag_decorator to None, run_after=None
[2023-04-02 18:14:20,895] {processor.py:161} INFO - Processing /home/airflow/.local/lib/python3.7/site-packages/airflow/example_dags/example_dag_decorator.py took 0.092 seconds
[2023-04-02 18:14:51,084] {processor.py:153} INFO - Started process (PID=2352) to work on /home/airflow/.local/lib/python3.7/site-packages/airflow/example_dags/example_dag_decorator.py
[2023-04-02 18:14:51,086] {processor.py:641} INFO - Processing file /home/airflow/.local/lib/python3.7/site-packages/airflow/example_dags/example_dag_decorator.py for tasks to queue
[2023-04-02 18:14:51,088] {logging_mixin.py:115} INFO - [2023-04-02 18:14:51,087] {dagbag.py:507} INFO - Filling up the DagBag from /home/airflow/.local/lib/python3.7/site-packages/airflow/example_dags/example_dag_decorator.py
[2023-04-02 18:14:51,118] {processor.py:651} INFO - DAG(s) dict_keys(['example_dag_decorator']) retrieved from /home/airflow/.local/lib/python3.7/site-packages/airflow/example_dags/example_dag_decorator.py
[2023-04-02 18:14:51,145] {logging_mixin.py:115} INFO - [2023-04-02 18:14:51,145] {dag.py:2371} INFO - Sync 1 DAGs
[2023-04-02 18:14:51,167] {logging_mixin.py:115} INFO - [2023-04-02 18:14:51,167] {dag.py:2919} INFO - Setting next_dagrun for example_dag_decorator to None, run_after=None
[2023-04-02 18:14:51,178] {processor.py:161} INFO - Processing /home/airflow/.local/lib/python3.7/site-packages/airflow/example_dags/example_dag_decorator.py took 0.099 seconds
[2023-04-02 18:15:21,305] {processor.py:153} INFO - Started process (PID=2415) to work on /home/airflow/.local/lib/python3.7/site-packages/airflow/example_dags/example_dag_decorator.py
[2023-04-02 18:15:21,306] {processor.py:641} INFO - Processing file /home/airflow/.local/lib/python3.7/site-packages/airflow/example_dags/example_dag_decorator.py for tasks to queue
[2023-04-02 18:15:21,308] {logging_mixin.py:115} INFO - [2023-04-02 18:15:21,308] {dagbag.py:507} INFO - Filling up the DagBag from /home/airflow/.local/lib/python3.7/site-packages/airflow/example_dags/example_dag_decorator.py
[2023-04-02 18:15:21,336] {processor.py:651} INFO - DAG(s) dict_keys(['example_dag_decorator']) retrieved from /home/airflow/.local/lib/python3.7/site-packages/airflow/example_dags/example_dag_decorator.py
[2023-04-02 18:15:21,363] {logging_mixin.py:115} INFO - [2023-04-02 18:15:21,363] {dag.py:2371} INFO - Sync 1 DAGs
[2023-04-02 18:15:21,384] {logging_mixin.py:115} INFO - [2023-04-02 18:15:21,384] {dag.py:2919} INFO - Setting next_dagrun for example_dag_decorator to None, run_after=None
[2023-04-02 18:15:21,396] {processor.py:161} INFO - Processing /home/airflow/.local/lib/python3.7/site-packages/airflow/example_dags/example_dag_decorator.py took 0.096 seconds
[2023-04-02 18:15:51,843] {processor.py:153} INFO - Started process (PID=2469) to work on /home/airflow/.local/lib/python3.7/site-packages/airflow/example_dags/example_dag_decorator.py
[2023-04-02 18:15:51,844] {processor.py:641} INFO - Processing file /home/airflow/.local/lib/python3.7/site-packages/airflow/example_dags/example_dag_decorator.py for tasks to queue
[2023-04-02 18:15:51,845] {logging_mixin.py:115} INFO - [2023-04-02 18:15:51,845] {dagbag.py:507} INFO - Filling up the DagBag from /home/airflow/.local/lib/python3.7/site-packages/airflow/example_dags/example_dag_decorator.py
[2023-04-02 18:15:51,872] {processor.py:651} INFO - DAG(s) dict_keys(['example_dag_decorator']) retrieved from /home/airflow/.local/lib/python3.7/site-packages/airflow/example_dags/example_dag_decorator.py
[2023-04-02 18:15:51,937] {logging_mixin.py:115} INFO - [2023-04-02 18:15:51,937] {dag.py:2371} INFO - Sync 1 DAGs
[2023-04-02 18:15:51,956] {logging_mixin.py:115} INFO - [2023-04-02 18:15:51,956] {dag.py:2919} INFO - Setting next_dagrun for example_dag_decorator to None, run_after=None
[2023-04-02 18:15:51,972] {processor.py:161} INFO - Processing /home/airflow/.local/lib/python3.7/site-packages/airflow/example_dags/example_dag_decorator.py took 0.132 seconds
[2023-04-02 18:16:22,417] {processor.py:153} INFO - Started process (PID=2532) to work on /home/airflow/.local/lib/python3.7/site-packages/airflow/example_dags/example_dag_decorator.py
[2023-04-02 18:16:22,419] {processor.py:641} INFO - Processing file /home/airflow/.local/lib/python3.7/site-packages/airflow/example_dags/example_dag_decorator.py for tasks to queue
[2023-04-02 18:16:22,420] {logging_mixin.py:115} INFO - [2023-04-02 18:16:22,420] {dagbag.py:507} INFO - Filling up the DagBag from /home/airflow/.local/lib/python3.7/site-packages/airflow/example_dags/example_dag_decorator.py
[2023-04-02 18:16:22,453] {processor.py:651} INFO - DAG(s) dict_keys(['example_dag_decorator']) retrieved from /home/airflow/.local/lib/python3.7/site-packages/airflow/example_dags/example_dag_decorator.py
[2023-04-02 18:16:22,525] {logging_mixin.py:115} INFO - [2023-04-02 18:16:22,525] {dag.py:2371} INFO - Sync 1 DAGs
[2023-04-02 18:16:22,546] {logging_mixin.py:115} INFO - [2023-04-02 18:16:22,545] {dag.py:2919} INFO - Setting next_dagrun for example_dag_decorator to None, run_after=None
[2023-04-02 18:16:22,561] {processor.py:161} INFO - Processing /home/airflow/.local/lib/python3.7/site-packages/airflow/example_dags/example_dag_decorator.py took 0.148 seconds
[2023-04-02 18:16:52,851] {processor.py:153} INFO - Started process (PID=2595) to work on /home/airflow/.local/lib/python3.7/site-packages/airflow/example_dags/example_dag_decorator.py
[2023-04-02 18:16:52,853] {processor.py:641} INFO - Processing file /home/airflow/.local/lib/python3.7/site-packages/airflow/example_dags/example_dag_decorator.py for tasks to queue
[2023-04-02 18:16:52,854] {logging_mixin.py:115} INFO - [2023-04-02 18:16:52,854] {dagbag.py:507} INFO - Filling up the DagBag from /home/airflow/.local/lib/python3.7/site-packages/airflow/example_dags/example_dag_decorator.py
[2023-04-02 18:16:52,890] {processor.py:651} INFO - DAG(s) dict_keys(['example_dag_decorator']) retrieved from /home/airflow/.local/lib/python3.7/site-packages/airflow/example_dags/example_dag_decorator.py
[2023-04-02 18:16:52,981] {logging_mixin.py:115} INFO - [2023-04-02 18:16:52,981] {dag.py:2371} INFO - Sync 1 DAGs
[2023-04-02 18:16:53,005] {logging_mixin.py:115} INFO - [2023-04-02 18:16:53,005] {dag.py:2919} INFO - Setting next_dagrun for example_dag_decorator to None, run_after=None
[2023-04-02 18:16:53,026] {processor.py:161} INFO - Processing /home/airflow/.local/lib/python3.7/site-packages/airflow/example_dags/example_dag_decorator.py took 0.180 seconds
[2023-04-02 18:17:23,406] {processor.py:153} INFO - Started process (PID=2658) to work on /home/airflow/.local/lib/python3.7/site-packages/airflow/example_dags/example_dag_decorator.py
[2023-04-02 18:17:23,407] {processor.py:641} INFO - Processing file /home/airflow/.local/lib/python3.7/site-packages/airflow/example_dags/example_dag_decorator.py for tasks to queue
[2023-04-02 18:17:23,409] {logging_mixin.py:115} INFO - [2023-04-02 18:17:23,408] {dagbag.py:507} INFO - Filling up the DagBag from /home/airflow/.local/lib/python3.7/site-packages/airflow/example_dags/example_dag_decorator.py
[2023-04-02 18:17:23,436] {processor.py:651} INFO - DAG(s) dict_keys(['example_dag_decorator']) retrieved from /home/airflow/.local/lib/python3.7/site-packages/airflow/example_dags/example_dag_decorator.py
[2023-04-02 18:17:23,502] {logging_mixin.py:115} INFO - [2023-04-02 18:17:23,502] {dag.py:2371} INFO - Sync 1 DAGs
[2023-04-02 18:17:23,522] {logging_mixin.py:115} INFO - [2023-04-02 18:17:23,522] {dag.py:2919} INFO - Setting next_dagrun for example_dag_decorator to None, run_after=None
[2023-04-02 18:17:23,537] {processor.py:161} INFO - Processing /home/airflow/.local/lib/python3.7/site-packages/airflow/example_dags/example_dag_decorator.py took 0.134 seconds
[2023-04-02 18:17:53,831] {processor.py:153} INFO - Started process (PID=2712) to work on /home/airflow/.local/lib/python3.7/site-packages/airflow/example_dags/example_dag_decorator.py
[2023-04-02 18:17:53,832] {processor.py:641} INFO - Processing file /home/airflow/.local/lib/python3.7/site-packages/airflow/example_dags/example_dag_decorator.py for tasks to queue
[2023-04-02 18:17:53,833] {logging_mixin.py:115} INFO - [2023-04-02 18:17:53,833] {dagbag.py:507} INFO - Filling up the DagBag from /home/airflow/.local/lib/python3.7/site-packages/airflow/example_dags/example_dag_decorator.py
[2023-04-02 18:17:53,861] {processor.py:651} INFO - DAG(s) dict_keys(['example_dag_decorator']) retrieved from /home/airflow/.local/lib/python3.7/site-packages/airflow/example_dags/example_dag_decorator.py
[2023-04-02 18:17:53,930] {logging_mixin.py:115} INFO - [2023-04-02 18:17:53,930] {dag.py:2371} INFO - Sync 1 DAGs
[2023-04-02 18:17:53,951] {logging_mixin.py:115} INFO - [2023-04-02 18:17:53,951] {dag.py:2919} INFO - Setting next_dagrun for example_dag_decorator to None, run_after=None
[2023-04-02 18:17:53,967] {processor.py:161} INFO - Processing /home/airflow/.local/lib/python3.7/site-packages/airflow/example_dags/example_dag_decorator.py took 0.140 seconds
[2023-04-02 18:18:24,132] {processor.py:153} INFO - Started process (PID=2776) to work on /home/airflow/.local/lib/python3.7/site-packages/airflow/example_dags/example_dag_decorator.py
[2023-04-02 18:18:24,134] {processor.py:641} INFO - Processing file /home/airflow/.local/lib/python3.7/site-packages/airflow/example_dags/example_dag_decorator.py for tasks to queue
[2023-04-02 18:18:24,135] {logging_mixin.py:115} INFO - [2023-04-02 18:18:24,135] {dagbag.py:507} INFO - Filling up the DagBag from /home/airflow/.local/lib/python3.7/site-packages/airflow/example_dags/example_dag_decorator.py
[2023-04-02 18:18:24,164] {processor.py:651} INFO - DAG(s) dict_keys(['example_dag_decorator']) retrieved from /home/airflow/.local/lib/python3.7/site-packages/airflow/example_dags/example_dag_decorator.py
[2023-04-02 18:18:24,236] {logging_mixin.py:115} INFO - [2023-04-02 18:18:24,236] {dag.py:2371} INFO - Sync 1 DAGs
[2023-04-02 18:18:24,260] {logging_mixin.py:115} INFO - [2023-04-02 18:18:24,260] {dag.py:2919} INFO - Setting next_dagrun for example_dag_decorator to None, run_after=None
[2023-04-02 18:18:24,276] {processor.py:161} INFO - Processing /home/airflow/.local/lib/python3.7/site-packages/airflow/example_dags/example_dag_decorator.py took 0.148 seconds
[2023-04-02 18:18:54,637] {processor.py:153} INFO - Started process (PID=2839) to work on /home/airflow/.local/lib/python3.7/site-packages/airflow/example_dags/example_dag_decorator.py
[2023-04-02 18:18:54,638] {processor.py:641} INFO - Processing file /home/airflow/.local/lib/python3.7/site-packages/airflow/example_dags/example_dag_decorator.py for tasks to queue
[2023-04-02 18:18:54,640] {logging_mixin.py:115} INFO - [2023-04-02 18:18:54,640] {dagbag.py:507} INFO - Filling up the DagBag from /home/airflow/.local/lib/python3.7/site-packages/airflow/example_dags/example_dag_decorator.py
[2023-04-02 18:18:54,668] {processor.py:651} INFO - DAG(s) dict_keys(['example_dag_decorator']) retrieved from /home/airflow/.local/lib/python3.7/site-packages/airflow/example_dags/example_dag_decorator.py
[2023-04-02 18:18:54,738] {logging_mixin.py:115} INFO - [2023-04-02 18:18:54,738] {dag.py:2371} INFO - Sync 1 DAGs
[2023-04-02 18:18:54,759] {logging_mixin.py:115} INFO - [2023-04-02 18:18:54,758] {dag.py:2919} INFO - Setting next_dagrun for example_dag_decorator to None, run_after=None
[2023-04-02 18:18:54,774] {processor.py:161} INFO - Processing /home/airflow/.local/lib/python3.7/site-packages/airflow/example_dags/example_dag_decorator.py took 0.141 seconds
[2023-04-02 18:19:24,960] {processor.py:153} INFO - Started process (PID=2894) to work on /home/airflow/.local/lib/python3.7/site-packages/airflow/example_dags/example_dag_decorator.py
[2023-04-02 18:19:24,962] {processor.py:641} INFO - Processing file /home/airflow/.local/lib/python3.7/site-packages/airflow/example_dags/example_dag_decorator.py for tasks to queue
[2023-04-02 18:19:24,963] {logging_mixin.py:115} INFO - [2023-04-02 18:19:24,963] {dagbag.py:507} INFO - Filling up the DagBag from /home/airflow/.local/lib/python3.7/site-packages/airflow/example_dags/example_dag_decorator.py
[2023-04-02 18:19:24,993] {processor.py:651} INFO - DAG(s) dict_keys(['example_dag_decorator']) retrieved from /home/airflow/.local/lib/python3.7/site-packages/airflow/example_dags/example_dag_decorator.py
[2023-04-02 18:19:25,064] {logging_mixin.py:115} INFO - [2023-04-02 18:19:25,064] {dag.py:2371} INFO - Sync 1 DAGs
[2023-04-02 18:19:25,086] {logging_mixin.py:115} INFO - [2023-04-02 18:19:25,086] {dag.py:2919} INFO - Setting next_dagrun for example_dag_decorator to None, run_after=None
[2023-04-02 18:19:25,101] {processor.py:161} INFO - Processing /home/airflow/.local/lib/python3.7/site-packages/airflow/example_dags/example_dag_decorator.py took 0.146 seconds
[2023-04-02 18:19:55,145] {processor.py:153} INFO - Started process (PID=2957) to work on /home/airflow/.local/lib/python3.7/site-packages/airflow/example_dags/example_dag_decorator.py
[2023-04-02 18:19:55,147] {processor.py:641} INFO - Processing file /home/airflow/.local/lib/python3.7/site-packages/airflow/example_dags/example_dag_decorator.py for tasks to queue
[2023-04-02 18:19:55,149] {logging_mixin.py:115} INFO - [2023-04-02 18:19:55,149] {dagbag.py:507} INFO - Filling up the DagBag from /home/airflow/.local/lib/python3.7/site-packages/airflow/example_dags/example_dag_decorator.py
[2023-04-02 18:19:55,176] {processor.py:651} INFO - DAG(s) dict_keys(['example_dag_decorator']) retrieved from /home/airflow/.local/lib/python3.7/site-packages/airflow/example_dags/example_dag_decorator.py
[2023-04-02 18:19:55,245] {logging_mixin.py:115} INFO - [2023-04-02 18:19:55,245] {dag.py:2371} INFO - Sync 1 DAGs
[2023-04-02 18:19:55,266] {logging_mixin.py:115} INFO - [2023-04-02 18:19:55,266] {dag.py:2919} INFO - Setting next_dagrun for example_dag_decorator to None, run_after=None
[2023-04-02 18:19:55,281] {processor.py:161} INFO - Processing /home/airflow/.local/lib/python3.7/site-packages/airflow/example_dags/example_dag_decorator.py took 0.139 seconds
[2023-04-02 18:20:25,468] {processor.py:153} INFO - Started process (PID=3020) to work on /home/airflow/.local/lib/python3.7/site-packages/airflow/example_dags/example_dag_decorator.py
[2023-04-02 18:20:25,470] {processor.py:641} INFO - Processing file /home/airflow/.local/lib/python3.7/site-packages/airflow/example_dags/example_dag_decorator.py for tasks to queue
[2023-04-02 18:20:25,471] {logging_mixin.py:115} INFO - [2023-04-02 18:20:25,471] {dagbag.py:507} INFO - Filling up the DagBag from /home/airflow/.local/lib/python3.7/site-packages/airflow/example_dags/example_dag_decorator.py
[2023-04-02 18:20:25,504] {processor.py:651} INFO - DAG(s) dict_keys(['example_dag_decorator']) retrieved from /home/airflow/.local/lib/python3.7/site-packages/airflow/example_dags/example_dag_decorator.py
[2023-04-02 18:20:25,586] {logging_mixin.py:115} INFO - [2023-04-02 18:20:25,586] {dag.py:2371} INFO - Sync 1 DAGs
[2023-04-02 18:20:25,607] {logging_mixin.py:115} INFO - [2023-04-02 18:20:25,607] {dag.py:2919} INFO - Setting next_dagrun for example_dag_decorator to None, run_after=None
[2023-04-02 18:20:25,738] {processor.py:161} INFO - Processing /home/airflow/.local/lib/python3.7/site-packages/airflow/example_dags/example_dag_decorator.py took 0.273 seconds
[2023-04-02 18:20:56,473] {processor.py:153} INFO - Started process (PID=3083) to work on /home/airflow/.local/lib/python3.7/site-packages/airflow/example_dags/example_dag_decorator.py
[2023-04-02 18:20:56,475] {processor.py:641} INFO - Processing file /home/airflow/.local/lib/python3.7/site-packages/airflow/example_dags/example_dag_decorator.py for tasks to queue
[2023-04-02 18:20:56,476] {logging_mixin.py:115} INFO - [2023-04-02 18:20:56,476] {dagbag.py:507} INFO - Filling up the DagBag from /home/airflow/.local/lib/python3.7/site-packages/airflow/example_dags/example_dag_decorator.py
[2023-04-02 18:20:56,508] {processor.py:651} INFO - DAG(s) dict_keys(['example_dag_decorator']) retrieved from /home/airflow/.local/lib/python3.7/site-packages/airflow/example_dags/example_dag_decorator.py
[2023-04-02 18:20:56,598] {logging_mixin.py:115} INFO - [2023-04-02 18:20:56,598] {dag.py:2371} INFO - Sync 1 DAGs
[2023-04-02 18:20:56,622] {logging_mixin.py:115} INFO - [2023-04-02 18:20:56,622] {dag.py:2919} INFO - Setting next_dagrun for example_dag_decorator to None, run_after=None
[2023-04-02 18:20:56,767] {processor.py:161} INFO - Processing /home/airflow/.local/lib/python3.7/site-packages/airflow/example_dags/example_dag_decorator.py took 0.299 seconds
[2023-04-02 18:21:26,880] {processor.py:153} INFO - Started process (PID=3135) to work on /home/airflow/.local/lib/python3.7/site-packages/airflow/example_dags/example_dag_decorator.py
[2023-04-02 18:21:26,882] {processor.py:641} INFO - Processing file /home/airflow/.local/lib/python3.7/site-packages/airflow/example_dags/example_dag_decorator.py for tasks to queue
[2023-04-02 18:21:26,883] {logging_mixin.py:115} INFO - [2023-04-02 18:21:26,883] {dagbag.py:507} INFO - Filling up the DagBag from /home/airflow/.local/lib/python3.7/site-packages/airflow/example_dags/example_dag_decorator.py
[2023-04-02 18:21:26,910] {processor.py:651} INFO - DAG(s) dict_keys(['example_dag_decorator']) retrieved from /home/airflow/.local/lib/python3.7/site-packages/airflow/example_dags/example_dag_decorator.py
[2023-04-02 18:21:26,979] {logging_mixin.py:115} INFO - [2023-04-02 18:21:26,978] {dag.py:2371} INFO - Sync 1 DAGs
[2023-04-02 18:21:27,000] {logging_mixin.py:115} INFO - [2023-04-02 18:21:27,000] {dag.py:2919} INFO - Setting next_dagrun for example_dag_decorator to None, run_after=None
[2023-04-02 18:21:27,136] {processor.py:161} INFO - Processing /home/airflow/.local/lib/python3.7/site-packages/airflow/example_dags/example_dag_decorator.py took 0.259 seconds
[2023-04-02 18:21:57,290] {processor.py:153} INFO - Started process (PID=3198) to work on /home/airflow/.local/lib/python3.7/site-packages/airflow/example_dags/example_dag_decorator.py
[2023-04-02 18:21:57,292] {processor.py:641} INFO - Processing file /home/airflow/.local/lib/python3.7/site-packages/airflow/example_dags/example_dag_decorator.py for tasks to queue
[2023-04-02 18:21:57,293] {logging_mixin.py:115} INFO - [2023-04-02 18:21:57,293] {dagbag.py:507} INFO - Filling up the DagBag from /home/airflow/.local/lib/python3.7/site-packages/airflow/example_dags/example_dag_decorator.py
[2023-04-02 18:21:57,323] {processor.py:651} INFO - DAG(s) dict_keys(['example_dag_decorator']) retrieved from /home/airflow/.local/lib/python3.7/site-packages/airflow/example_dags/example_dag_decorator.py
[2023-04-02 18:21:57,391] {logging_mixin.py:115} INFO - [2023-04-02 18:21:57,390] {dag.py:2371} INFO - Sync 1 DAGs
[2023-04-02 18:21:57,411] {logging_mixin.py:115} INFO - [2023-04-02 18:21:57,411] {dag.py:2919} INFO - Setting next_dagrun for example_dag_decorator to None, run_after=None
[2023-04-02 18:21:57,540] {processor.py:161} INFO - Processing /home/airflow/.local/lib/python3.7/site-packages/airflow/example_dags/example_dag_decorator.py took 0.255 seconds
[2023-04-02 18:22:27,792] {processor.py:153} INFO - Started process (PID=3261) to work on /home/airflow/.local/lib/python3.7/site-packages/airflow/example_dags/example_dag_decorator.py
[2023-04-02 18:22:27,794] {processor.py:641} INFO - Processing file /home/airflow/.local/lib/python3.7/site-packages/airflow/example_dags/example_dag_decorator.py for tasks to queue
[2023-04-02 18:22:27,795] {logging_mixin.py:115} INFO - [2023-04-02 18:22:27,795] {dagbag.py:507} INFO - Filling up the DagBag from /home/airflow/.local/lib/python3.7/site-packages/airflow/example_dags/example_dag_decorator.py
[2023-04-02 18:22:27,824] {processor.py:651} INFO - DAG(s) dict_keys(['example_dag_decorator']) retrieved from /home/airflow/.local/lib/python3.7/site-packages/airflow/example_dags/example_dag_decorator.py
[2023-04-02 18:22:27,852] {logging_mixin.py:115} INFO - [2023-04-02 18:22:27,852] {dag.py:2371} INFO - Sync 1 DAGs
[2023-04-02 18:22:27,878] {logging_mixin.py:115} INFO - [2023-04-02 18:22:27,878] {dag.py:2919} INFO - Setting next_dagrun for example_dag_decorator to None, run_after=None
[2023-04-02 18:22:27,892] {processor.py:161} INFO - Processing /home/airflow/.local/lib/python3.7/site-packages/airflow/example_dags/example_dag_decorator.py took 0.104 seconds
[2023-04-02 18:22:58,123] {processor.py:153} INFO - Started process (PID=3315) to work on /home/airflow/.local/lib/python3.7/site-packages/airflow/example_dags/example_dag_decorator.py
[2023-04-02 18:22:58,125] {processor.py:641} INFO - Processing file /home/airflow/.local/lib/python3.7/site-packages/airflow/example_dags/example_dag_decorator.py for tasks to queue
[2023-04-02 18:22:58,126] {logging_mixin.py:115} INFO - [2023-04-02 18:22:58,126] {dagbag.py:507} INFO - Filling up the DagBag from /home/airflow/.local/lib/python3.7/site-packages/airflow/example_dags/example_dag_decorator.py
[2023-04-02 18:22:58,160] {processor.py:651} INFO - DAG(s) dict_keys(['example_dag_decorator']) retrieved from /home/airflow/.local/lib/python3.7/site-packages/airflow/example_dags/example_dag_decorator.py
[2023-04-02 18:22:58,189] {logging_mixin.py:115} INFO - [2023-04-02 18:22:58,189] {dag.py:2371} INFO - Sync 1 DAGs
[2023-04-02 18:22:58,213] {logging_mixin.py:115} INFO - [2023-04-02 18:22:58,212] {dag.py:2919} INFO - Setting next_dagrun for example_dag_decorator to None, run_after=None
[2023-04-02 18:22:58,226] {processor.py:161} INFO - Processing /home/airflow/.local/lib/python3.7/site-packages/airflow/example_dags/example_dag_decorator.py took 0.106 seconds
[2023-04-02 18:23:28,277] {processor.py:153} INFO - Started process (PID=3377) to work on /home/airflow/.local/lib/python3.7/site-packages/airflow/example_dags/example_dag_decorator.py
[2023-04-02 18:23:28,278] {processor.py:641} INFO - Processing file /home/airflow/.local/lib/python3.7/site-packages/airflow/example_dags/example_dag_decorator.py for tasks to queue
[2023-04-02 18:23:28,280] {logging_mixin.py:115} INFO - [2023-04-02 18:23:28,280] {dagbag.py:507} INFO - Filling up the DagBag from /home/airflow/.local/lib/python3.7/site-packages/airflow/example_dags/example_dag_decorator.py
[2023-04-02 18:23:28,312] {processor.py:651} INFO - DAG(s) dict_keys(['example_dag_decorator']) retrieved from /home/airflow/.local/lib/python3.7/site-packages/airflow/example_dags/example_dag_decorator.py
[2023-04-02 18:23:28,381] {logging_mixin.py:115} INFO - [2023-04-02 18:23:28,380] {dag.py:2371} INFO - Sync 1 DAGs
[2023-04-02 18:23:28,402] {logging_mixin.py:115} INFO - [2023-04-02 18:23:28,402] {dag.py:2919} INFO - Setting next_dagrun for example_dag_decorator to None, run_after=None
[2023-04-02 18:23:28,539] {processor.py:161} INFO - Processing /home/airflow/.local/lib/python3.7/site-packages/airflow/example_dags/example_dag_decorator.py took 0.266 seconds
