[2023-04-02 17:55:23,314] {processor.py:153} INFO - Started process (PID=52) to work on /home/airflow/.local/lib/python3.7/site-packages/airflow/example_dags/example_short_circuit_operator.py
[2023-04-02 17:55:23,319] {processor.py:641} INFO - Processing file /home/airflow/.local/lib/python3.7/site-packages/airflow/example_dags/example_short_circuit_operator.py for tasks to queue
[2023-04-02 17:55:23,321] {logging_mixin.py:115} INFO - [2023-04-02 17:55:23,321] {dagbag.py:507} INFO - Filling up the DagBag from /home/airflow/.local/lib/python3.7/site-packages/airflow/example_dags/example_short_circuit_operator.py
[2023-04-02 17:55:23,336] {processor.py:651} INFO - DAG(s) dict_keys(['example_short_circuit_operator']) retrieved from /home/airflow/.local/lib/python3.7/site-packages/airflow/example_dags/example_short_circuit_operator.py
[2023-04-02 17:55:23,607] {logging_mixin.py:115} INFO - [2023-04-02 17:55:23,607] {manager.py:508} INFO - Created Permission View: can edit on DAG:example_short_circuit_operator
[2023-04-02 17:55:23,625] {logging_mixin.py:115} INFO - [2023-04-02 17:55:23,625] {manager.py:508} INFO - Created Permission View: can delete on DAG:example_short_circuit_operator
[2023-04-02 17:55:23,638] {logging_mixin.py:115} INFO - [2023-04-02 17:55:23,638] {manager.py:508} INFO - Created Permission View: can read on DAG:example_short_circuit_operator
[2023-04-02 17:55:23,640] {logging_mixin.py:115} INFO - [2023-04-02 17:55:23,639] {dag.py:2371} INFO - Sync 1 DAGs
[2023-04-02 17:55:23,654] {logging_mixin.py:115} INFO - [2023-04-02 17:55:23,654] {dag.py:2390} INFO - Creating ORM DAG for example_short_circuit_operator
[2023-04-02 17:55:23,673] {logging_mixin.py:115} INFO - [2023-04-02 17:55:23,673] {dag.py:2919} INFO - Setting next_dagrun for example_short_circuit_operator to 2023-04-01T17:55:23.673114+00:00, run_after=2023-04-02T17:55:23.673114+00:00
[2023-04-02 17:55:23,690] {processor.py:161} INFO - Processing /home/airflow/.local/lib/python3.7/site-packages/airflow/example_dags/example_short_circuit_operator.py took 0.381 seconds
[2023-04-02 17:55:54,115] {processor.py:153} INFO - Started process (PID=104) to work on /home/airflow/.local/lib/python3.7/site-packages/airflow/example_dags/example_short_circuit_operator.py
[2023-04-02 17:55:54,117] {processor.py:641} INFO - Processing file /home/airflow/.local/lib/python3.7/site-packages/airflow/example_dags/example_short_circuit_operator.py for tasks to queue
[2023-04-02 17:55:54,119] {logging_mixin.py:115} INFO - [2023-04-02 17:55:54,119] {dagbag.py:507} INFO - Filling up the DagBag from /home/airflow/.local/lib/python3.7/site-packages/airflow/example_dags/example_short_circuit_operator.py
[2023-04-02 17:55:54,130] {processor.py:651} INFO - DAG(s) dict_keys(['example_short_circuit_operator']) retrieved from /home/airflow/.local/lib/python3.7/site-packages/airflow/example_dags/example_short_circuit_operator.py
[2023-04-02 17:55:54,162] {logging_mixin.py:115} INFO - [2023-04-02 17:55:54,161] {dag.py:2371} INFO - Sync 1 DAGs
[2023-04-02 17:55:54,189] {logging_mixin.py:115} INFO - [2023-04-02 17:55:54,189] {dag.py:2919} INFO - Setting next_dagrun for example_short_circuit_operator to 2023-04-01T17:55:54.188875+00:00, run_after=2023-04-02T17:55:54.188875+00:00
[2023-04-02 17:55:54,202] {processor.py:161} INFO - Processing /home/airflow/.local/lib/python3.7/site-packages/airflow/example_dags/example_short_circuit_operator.py took 0.091 seconds
[2023-04-02 17:56:25,111] {processor.py:153} INFO - Started process (PID=165) to work on /home/airflow/.local/lib/python3.7/site-packages/airflow/example_dags/example_short_circuit_operator.py
[2023-04-02 17:56:25,112] {processor.py:641} INFO - Processing file /home/airflow/.local/lib/python3.7/site-packages/airflow/example_dags/example_short_circuit_operator.py for tasks to queue
[2023-04-02 17:56:25,115] {logging_mixin.py:115} INFO - [2023-04-02 17:56:25,115] {dagbag.py:507} INFO - Filling up the DagBag from /home/airflow/.local/lib/python3.7/site-packages/airflow/example_dags/example_short_circuit_operator.py
[2023-04-02 17:56:25,126] {processor.py:651} INFO - DAG(s) dict_keys(['example_short_circuit_operator']) retrieved from /home/airflow/.local/lib/python3.7/site-packages/airflow/example_dags/example_short_circuit_operator.py
[2023-04-02 17:56:25,157] {logging_mixin.py:115} INFO - [2023-04-02 17:56:25,157] {dag.py:2371} INFO - Sync 1 DAGs
[2023-04-02 17:56:25,182] {logging_mixin.py:115} INFO - [2023-04-02 17:56:25,182] {dag.py:2919} INFO - Setting next_dagrun for example_short_circuit_operator to 2023-04-01T17:56:25.182159+00:00, run_after=2023-04-02T17:56:25.182159+00:00
[2023-04-02 17:56:25,195] {processor.py:161} INFO - Processing /home/airflow/.local/lib/python3.7/site-packages/airflow/example_dags/example_short_circuit_operator.py took 0.089 seconds
[2023-04-02 17:56:55,820] {processor.py:153} INFO - Started process (PID=226) to work on /home/airflow/.local/lib/python3.7/site-packages/airflow/example_dags/example_short_circuit_operator.py
[2023-04-02 17:56:55,822] {processor.py:641} INFO - Processing file /home/airflow/.local/lib/python3.7/site-packages/airflow/example_dags/example_short_circuit_operator.py for tasks to queue
[2023-04-02 17:56:55,823] {logging_mixin.py:115} INFO - [2023-04-02 17:56:55,823] {dagbag.py:507} INFO - Filling up the DagBag from /home/airflow/.local/lib/python3.7/site-packages/airflow/example_dags/example_short_circuit_operator.py
[2023-04-02 17:56:55,833] {processor.py:651} INFO - DAG(s) dict_keys(['example_short_circuit_operator']) retrieved from /home/airflow/.local/lib/python3.7/site-packages/airflow/example_dags/example_short_circuit_operator.py
[2023-04-02 17:56:55,865] {logging_mixin.py:115} INFO - [2023-04-02 17:56:55,864] {dag.py:2371} INFO - Sync 1 DAGs
[2023-04-02 17:56:55,897] {logging_mixin.py:115} INFO - [2023-04-02 17:56:55,897] {dag.py:2919} INFO - Setting next_dagrun for example_short_circuit_operator to 2023-04-01T17:56:55.897381+00:00, run_after=2023-04-02T17:56:55.897381+00:00
[2023-04-02 17:56:55,911] {processor.py:161} INFO - Processing /home/airflow/.local/lib/python3.7/site-packages/airflow/example_dags/example_short_circuit_operator.py took 0.094 seconds
[2023-04-02 17:57:26,723] {processor.py:153} INFO - Started process (PID=287) to work on /home/airflow/.local/lib/python3.7/site-packages/airflow/example_dags/example_short_circuit_operator.py
[2023-04-02 17:57:26,724] {processor.py:641} INFO - Processing file /home/airflow/.local/lib/python3.7/site-packages/airflow/example_dags/example_short_circuit_operator.py for tasks to queue
[2023-04-02 17:57:26,726] {logging_mixin.py:115} INFO - [2023-04-02 17:57:26,726] {dagbag.py:507} INFO - Filling up the DagBag from /home/airflow/.local/lib/python3.7/site-packages/airflow/example_dags/example_short_circuit_operator.py
[2023-04-02 17:57:26,736] {processor.py:651} INFO - DAG(s) dict_keys(['example_short_circuit_operator']) retrieved from /home/airflow/.local/lib/python3.7/site-packages/airflow/example_dags/example_short_circuit_operator.py
[2023-04-02 17:57:26,767] {logging_mixin.py:115} INFO - [2023-04-02 17:57:26,767] {dag.py:2371} INFO - Sync 1 DAGs
[2023-04-02 17:57:26,838] {logging_mixin.py:115} INFO - [2023-04-02 17:57:26,838] {dag.py:2919} INFO - Setting next_dagrun for example_short_circuit_operator to 2023-04-01T17:57:26.837888+00:00, run_after=2023-04-02T17:57:26.837888+00:00
[2023-04-02 17:57:26,855] {processor.py:161} INFO - Processing /home/airflow/.local/lib/python3.7/site-packages/airflow/example_dags/example_short_circuit_operator.py took 0.136 seconds
[2023-04-02 17:57:56,913] {processor.py:153} INFO - Started process (PID=338) to work on /home/airflow/.local/lib/python3.7/site-packages/airflow/example_dags/example_short_circuit_operator.py
[2023-04-02 17:57:56,915] {processor.py:641} INFO - Processing file /home/airflow/.local/lib/python3.7/site-packages/airflow/example_dags/example_short_circuit_operator.py for tasks to queue
[2023-04-02 17:57:56,917] {logging_mixin.py:115} INFO - [2023-04-02 17:57:56,917] {dagbag.py:507} INFO - Filling up the DagBag from /home/airflow/.local/lib/python3.7/site-packages/airflow/example_dags/example_short_circuit_operator.py
[2023-04-02 17:57:56,930] {processor.py:651} INFO - DAG(s) dict_keys(['example_short_circuit_operator']) retrieved from /home/airflow/.local/lib/python3.7/site-packages/airflow/example_dags/example_short_circuit_operator.py
[2023-04-02 17:57:56,960] {logging_mixin.py:115} INFO - [2023-04-02 17:57:56,960] {dag.py:2371} INFO - Sync 1 DAGs
[2023-04-02 17:57:56,986] {logging_mixin.py:115} INFO - [2023-04-02 17:57:56,986] {dag.py:2919} INFO - Setting next_dagrun for example_short_circuit_operator to 2023-04-01T17:57:56.983617+00:00, run_after=2023-04-02T17:57:56.983617+00:00
[2023-04-02 17:57:56,999] {processor.py:161} INFO - Processing /home/airflow/.local/lib/python3.7/site-packages/airflow/example_dags/example_short_circuit_operator.py took 0.091 seconds
[2023-04-02 17:58:27,062] {processor.py:153} INFO - Started process (PID=399) to work on /home/airflow/.local/lib/python3.7/site-packages/airflow/example_dags/example_short_circuit_operator.py
[2023-04-02 17:58:27,063] {processor.py:641} INFO - Processing file /home/airflow/.local/lib/python3.7/site-packages/airflow/example_dags/example_short_circuit_operator.py for tasks to queue
[2023-04-02 17:58:27,065] {logging_mixin.py:115} INFO - [2023-04-02 17:58:27,065] {dagbag.py:507} INFO - Filling up the DagBag from /home/airflow/.local/lib/python3.7/site-packages/airflow/example_dags/example_short_circuit_operator.py
[2023-04-02 17:58:27,076] {processor.py:651} INFO - DAG(s) dict_keys(['example_short_circuit_operator']) retrieved from /home/airflow/.local/lib/python3.7/site-packages/airflow/example_dags/example_short_circuit_operator.py
[2023-04-02 17:58:27,108] {logging_mixin.py:115} INFO - [2023-04-02 17:58:27,108] {dag.py:2371} INFO - Sync 1 DAGs
[2023-04-02 17:58:27,134] {logging_mixin.py:115} INFO - [2023-04-02 17:58:27,134] {dag.py:2919} INFO - Setting next_dagrun for example_short_circuit_operator to 2023-04-01T17:58:27.132320+00:00, run_after=2023-04-02T17:58:27.132320+00:00
[2023-04-02 17:58:27,148] {processor.py:161} INFO - Processing /home/airflow/.local/lib/python3.7/site-packages/airflow/example_dags/example_short_circuit_operator.py took 0.090 seconds
[2023-04-02 17:58:57,192] {processor.py:153} INFO - Started process (PID=461) to work on /home/airflow/.local/lib/python3.7/site-packages/airflow/example_dags/example_short_circuit_operator.py
[2023-04-02 17:58:57,194] {processor.py:641} INFO - Processing file /home/airflow/.local/lib/python3.7/site-packages/airflow/example_dags/example_short_circuit_operator.py for tasks to queue
[2023-04-02 17:58:57,196] {logging_mixin.py:115} INFO - [2023-04-02 17:58:57,196] {dagbag.py:507} INFO - Filling up the DagBag from /home/airflow/.local/lib/python3.7/site-packages/airflow/example_dags/example_short_circuit_operator.py
[2023-04-02 17:58:57,208] {processor.py:651} INFO - DAG(s) dict_keys(['example_short_circuit_operator']) retrieved from /home/airflow/.local/lib/python3.7/site-packages/airflow/example_dags/example_short_circuit_operator.py
[2023-04-02 17:58:57,240] {logging_mixin.py:115} INFO - [2023-04-02 17:58:57,240] {dag.py:2371} INFO - Sync 1 DAGs
[2023-04-02 17:58:57,269] {logging_mixin.py:115} INFO - [2023-04-02 17:58:57,269] {dag.py:2919} INFO - Setting next_dagrun for example_short_circuit_operator to 2023-04-01T17:58:57.266619+00:00, run_after=2023-04-02T17:58:57.266619+00:00
[2023-04-02 17:58:57,282] {processor.py:161} INFO - Processing /home/airflow/.local/lib/python3.7/site-packages/airflow/example_dags/example_short_circuit_operator.py took 0.093 seconds
[2023-04-02 17:59:28,174] {processor.py:153} INFO - Started process (PID=513) to work on /home/airflow/.local/lib/python3.7/site-packages/airflow/example_dags/example_short_circuit_operator.py
[2023-04-02 17:59:28,175] {processor.py:641} INFO - Processing file /home/airflow/.local/lib/python3.7/site-packages/airflow/example_dags/example_short_circuit_operator.py for tasks to queue
[2023-04-02 17:59:28,176] {logging_mixin.py:115} INFO - [2023-04-02 17:59:28,176] {dagbag.py:507} INFO - Filling up the DagBag from /home/airflow/.local/lib/python3.7/site-packages/airflow/example_dags/example_short_circuit_operator.py
[2023-04-02 17:59:28,187] {processor.py:651} INFO - DAG(s) dict_keys(['example_short_circuit_operator']) retrieved from /home/airflow/.local/lib/python3.7/site-packages/airflow/example_dags/example_short_circuit_operator.py
[2023-04-02 17:59:28,216] {logging_mixin.py:115} INFO - [2023-04-02 17:59:28,216] {dag.py:2371} INFO - Sync 1 DAGs
[2023-04-02 17:59:28,239] {logging_mixin.py:115} INFO - [2023-04-02 17:59:28,239] {dag.py:2919} INFO - Setting next_dagrun for example_short_circuit_operator to 2023-04-01T17:59:28.237701+00:00, run_after=2023-04-02T17:59:28.237701+00:00
[2023-04-02 17:59:28,253] {processor.py:161} INFO - Processing /home/airflow/.local/lib/python3.7/site-packages/airflow/example_dags/example_short_circuit_operator.py took 0.083 seconds
[2023-04-02 17:59:58,520] {processor.py:153} INFO - Started process (PID=574) to work on /home/airflow/.local/lib/python3.7/site-packages/airflow/example_dags/example_short_circuit_operator.py
[2023-04-02 17:59:58,522] {processor.py:641} INFO - Processing file /home/airflow/.local/lib/python3.7/site-packages/airflow/example_dags/example_short_circuit_operator.py for tasks to queue
[2023-04-02 17:59:58,523] {logging_mixin.py:115} INFO - [2023-04-02 17:59:58,523] {dagbag.py:507} INFO - Filling up the DagBag from /home/airflow/.local/lib/python3.7/site-packages/airflow/example_dags/example_short_circuit_operator.py
[2023-04-02 17:59:58,534] {processor.py:651} INFO - DAG(s) dict_keys(['example_short_circuit_operator']) retrieved from /home/airflow/.local/lib/python3.7/site-packages/airflow/example_dags/example_short_circuit_operator.py
[2023-04-02 17:59:58,567] {logging_mixin.py:115} INFO - [2023-04-02 17:59:58,566] {dag.py:2371} INFO - Sync 1 DAGs
[2023-04-02 17:59:58,594] {logging_mixin.py:115} INFO - [2023-04-02 17:59:58,594] {dag.py:2919} INFO - Setting next_dagrun for example_short_circuit_operator to 2023-04-01T17:59:58.591794+00:00, run_after=2023-04-02T17:59:58.591794+00:00
[2023-04-02 17:59:58,607] {processor.py:161} INFO - Processing /home/airflow/.local/lib/python3.7/site-packages/airflow/example_dags/example_short_circuit_operator.py took 0.091 seconds
[2023-04-02 18:00:29,401] {processor.py:153} INFO - Started process (PID=637) to work on /home/airflow/.local/lib/python3.7/site-packages/airflow/example_dags/example_short_circuit_operator.py
[2023-04-02 18:00:29,403] {processor.py:641} INFO - Processing file /home/airflow/.local/lib/python3.7/site-packages/airflow/example_dags/example_short_circuit_operator.py for tasks to queue
[2023-04-02 18:00:29,405] {logging_mixin.py:115} INFO - [2023-04-02 18:00:29,405] {dagbag.py:507} INFO - Filling up the DagBag from /home/airflow/.local/lib/python3.7/site-packages/airflow/example_dags/example_short_circuit_operator.py
[2023-04-02 18:00:29,416] {processor.py:651} INFO - DAG(s) dict_keys(['example_short_circuit_operator']) retrieved from /home/airflow/.local/lib/python3.7/site-packages/airflow/example_dags/example_short_circuit_operator.py
[2023-04-02 18:00:29,446] {logging_mixin.py:115} INFO - [2023-04-02 18:00:29,446] {dag.py:2371} INFO - Sync 1 DAGs
[2023-04-02 18:00:29,471] {logging_mixin.py:115} INFO - [2023-04-02 18:00:29,470] {dag.py:2919} INFO - Setting next_dagrun for example_short_circuit_operator to 2023-04-01T18:00:29.470695+00:00, run_after=2023-04-02T18:00:29.470695+00:00
[2023-04-02 18:00:29,595] {processor.py:161} INFO - Processing /home/airflow/.local/lib/python3.7/site-packages/airflow/example_dags/example_short_circuit_operator.py took 0.199 seconds
[2023-04-02 18:01:00,118] {processor.py:153} INFO - Started process (PID=691) to work on /home/airflow/.local/lib/python3.7/site-packages/airflow/example_dags/example_short_circuit_operator.py
[2023-04-02 18:01:00,119] {processor.py:641} INFO - Processing file /home/airflow/.local/lib/python3.7/site-packages/airflow/example_dags/example_short_circuit_operator.py for tasks to queue
[2023-04-02 18:01:00,120] {logging_mixin.py:115} INFO - [2023-04-02 18:01:00,120] {dagbag.py:507} INFO - Filling up the DagBag from /home/airflow/.local/lib/python3.7/site-packages/airflow/example_dags/example_short_circuit_operator.py
[2023-04-02 18:01:00,132] {processor.py:651} INFO - DAG(s) dict_keys(['example_short_circuit_operator']) retrieved from /home/airflow/.local/lib/python3.7/site-packages/airflow/example_dags/example_short_circuit_operator.py
[2023-04-02 18:01:00,162] {logging_mixin.py:115} INFO - [2023-04-02 18:01:00,162] {dag.py:2371} INFO - Sync 1 DAGs
[2023-04-02 18:01:00,188] {logging_mixin.py:115} INFO - [2023-04-02 18:01:00,188] {dag.py:2919} INFO - Setting next_dagrun for example_short_circuit_operator to 2023-04-01T18:01:00.187947+00:00, run_after=2023-04-02T18:01:00.187947+00:00
[2023-04-02 18:01:00,317] {processor.py:161} INFO - Processing /home/airflow/.local/lib/python3.7/site-packages/airflow/example_dags/example_short_circuit_operator.py took 0.204 seconds
[2023-04-02 18:01:30,482] {processor.py:153} INFO - Started process (PID=758) to work on /home/airflow/.local/lib/python3.7/site-packages/airflow/example_dags/example_short_circuit_operator.py
[2023-04-02 18:01:30,484] {processor.py:641} INFO - Processing file /home/airflow/.local/lib/python3.7/site-packages/airflow/example_dags/example_short_circuit_operator.py for tasks to queue
[2023-04-02 18:01:30,485] {logging_mixin.py:115} INFO - [2023-04-02 18:01:30,485] {dagbag.py:507} INFO - Filling up the DagBag from /home/airflow/.local/lib/python3.7/site-packages/airflow/example_dags/example_short_circuit_operator.py
[2023-04-02 18:01:30,495] {processor.py:651} INFO - DAG(s) dict_keys(['example_short_circuit_operator']) retrieved from /home/airflow/.local/lib/python3.7/site-packages/airflow/example_dags/example_short_circuit_operator.py
[2023-04-02 18:01:30,525] {logging_mixin.py:115} INFO - [2023-04-02 18:01:30,525] {dag.py:2371} INFO - Sync 1 DAGs
[2023-04-02 18:01:30,551] {logging_mixin.py:115} INFO - [2023-04-02 18:01:30,551] {dag.py:2919} INFO - Setting next_dagrun for example_short_circuit_operator to 2023-04-01T18:01:30.551420+00:00, run_after=2023-04-02T18:01:30.551420+00:00
[2023-04-02 18:01:30,676] {processor.py:161} INFO - Processing /home/airflow/.local/lib/python3.7/site-packages/airflow/example_dags/example_short_circuit_operator.py took 0.199 seconds
[2023-04-02 18:02:00,959] {processor.py:153} INFO - Started process (PID=821) to work on /home/airflow/.local/lib/python3.7/site-packages/airflow/example_dags/example_short_circuit_operator.py
[2023-04-02 18:02:00,960] {processor.py:641} INFO - Processing file /home/airflow/.local/lib/python3.7/site-packages/airflow/example_dags/example_short_circuit_operator.py for tasks to queue
[2023-04-02 18:02:00,962] {logging_mixin.py:115} INFO - [2023-04-02 18:02:00,962] {dagbag.py:507} INFO - Filling up the DagBag from /home/airflow/.local/lib/python3.7/site-packages/airflow/example_dags/example_short_circuit_operator.py
[2023-04-02 18:02:00,973] {processor.py:651} INFO - DAG(s) dict_keys(['example_short_circuit_operator']) retrieved from /home/airflow/.local/lib/python3.7/site-packages/airflow/example_dags/example_short_circuit_operator.py
[2023-04-02 18:02:01,003] {logging_mixin.py:115} INFO - [2023-04-02 18:02:01,003] {dag.py:2371} INFO - Sync 1 DAGs
[2023-04-02 18:02:01,030] {logging_mixin.py:115} INFO - [2023-04-02 18:02:01,030] {dag.py:2919} INFO - Setting next_dagrun for example_short_circuit_operator to 2023-04-01T18:02:01.030004+00:00, run_after=2023-04-02T18:02:01.030004+00:00
[2023-04-02 18:02:01,159] {processor.py:161} INFO - Processing /home/airflow/.local/lib/python3.7/site-packages/airflow/example_dags/example_short_circuit_operator.py took 0.205 seconds
[2023-04-02 18:02:31,253] {processor.py:153} INFO - Started process (PID=884) to work on /home/airflow/.local/lib/python3.7/site-packages/airflow/example_dags/example_short_circuit_operator.py
[2023-04-02 18:02:31,255] {processor.py:641} INFO - Processing file /home/airflow/.local/lib/python3.7/site-packages/airflow/example_dags/example_short_circuit_operator.py for tasks to queue
[2023-04-02 18:02:31,256] {logging_mixin.py:115} INFO - [2023-04-02 18:02:31,256] {dagbag.py:507} INFO - Filling up the DagBag from /home/airflow/.local/lib/python3.7/site-packages/airflow/example_dags/example_short_circuit_operator.py
[2023-04-02 18:02:31,266] {processor.py:651} INFO - DAG(s) dict_keys(['example_short_circuit_operator']) retrieved from /home/airflow/.local/lib/python3.7/site-packages/airflow/example_dags/example_short_circuit_operator.py
[2023-04-02 18:02:31,294] {logging_mixin.py:115} INFO - [2023-04-02 18:02:31,293] {dag.py:2371} INFO - Sync 1 DAGs
[2023-04-02 18:02:31,317] {logging_mixin.py:115} INFO - [2023-04-02 18:02:31,317] {dag.py:2919} INFO - Setting next_dagrun for example_short_circuit_operator to 2023-04-01T18:02:31.317249+00:00, run_after=2023-04-02T18:02:31.317249+00:00
[2023-04-02 18:02:31,439] {processor.py:161} INFO - Processing /home/airflow/.local/lib/python3.7/site-packages/airflow/example_dags/example_short_circuit_operator.py took 0.190 seconds
[2023-04-02 18:03:01,572] {processor.py:153} INFO - Started process (PID=938) to work on /home/airflow/.local/lib/python3.7/site-packages/airflow/example_dags/example_short_circuit_operator.py
[2023-04-02 18:03:01,573] {processor.py:641} INFO - Processing file /home/airflow/.local/lib/python3.7/site-packages/airflow/example_dags/example_short_circuit_operator.py for tasks to queue
[2023-04-02 18:03:01,575] {logging_mixin.py:115} INFO - [2023-04-02 18:03:01,575] {dagbag.py:507} INFO - Filling up the DagBag from /home/airflow/.local/lib/python3.7/site-packages/airflow/example_dags/example_short_circuit_operator.py
[2023-04-02 18:03:01,585] {processor.py:651} INFO - DAG(s) dict_keys(['example_short_circuit_operator']) retrieved from /home/airflow/.local/lib/python3.7/site-packages/airflow/example_dags/example_short_circuit_operator.py
[2023-04-02 18:03:01,617] {logging_mixin.py:115} INFO - [2023-04-02 18:03:01,617] {dag.py:2371} INFO - Sync 1 DAGs
[2023-04-02 18:03:01,642] {logging_mixin.py:115} INFO - [2023-04-02 18:03:01,642] {dag.py:2919} INFO - Setting next_dagrun for example_short_circuit_operator to 2023-04-01T18:03:01.642323+00:00, run_after=2023-04-02T18:03:01.642323+00:00
[2023-04-02 18:03:01,766] {processor.py:161} INFO - Processing /home/airflow/.local/lib/python3.7/site-packages/airflow/example_dags/example_short_circuit_operator.py took 0.198 seconds
[2023-04-02 18:03:32,136] {processor.py:153} INFO - Started process (PID=1001) to work on /home/airflow/.local/lib/python3.7/site-packages/airflow/example_dags/example_short_circuit_operator.py
[2023-04-02 18:03:32,138] {processor.py:641} INFO - Processing file /home/airflow/.local/lib/python3.7/site-packages/airflow/example_dags/example_short_circuit_operator.py for tasks to queue
[2023-04-02 18:03:32,139] {logging_mixin.py:115} INFO - [2023-04-02 18:03:32,139] {dagbag.py:507} INFO - Filling up the DagBag from /home/airflow/.local/lib/python3.7/site-packages/airflow/example_dags/example_short_circuit_operator.py
[2023-04-02 18:03:32,150] {processor.py:651} INFO - DAG(s) dict_keys(['example_short_circuit_operator']) retrieved from /home/airflow/.local/lib/python3.7/site-packages/airflow/example_dags/example_short_circuit_operator.py
[2023-04-02 18:03:32,181] {logging_mixin.py:115} INFO - [2023-04-02 18:03:32,181] {dag.py:2371} INFO - Sync 1 DAGs
[2023-04-02 18:03:32,208] {logging_mixin.py:115} INFO - [2023-04-02 18:03:32,208] {dag.py:2919} INFO - Setting next_dagrun for example_short_circuit_operator to 2023-04-01T18:03:32.207893+00:00, run_after=2023-04-02T18:03:32.207893+00:00
[2023-04-02 18:03:32,343] {processor.py:161} INFO - Processing /home/airflow/.local/lib/python3.7/site-packages/airflow/example_dags/example_short_circuit_operator.py took 0.211 seconds
[2023-04-02 18:04:02,665] {processor.py:153} INFO - Started process (PID=1064) to work on /home/airflow/.local/lib/python3.7/site-packages/airflow/example_dags/example_short_circuit_operator.py
[2023-04-02 18:04:02,667] {processor.py:641} INFO - Processing file /home/airflow/.local/lib/python3.7/site-packages/airflow/example_dags/example_short_circuit_operator.py for tasks to queue
[2023-04-02 18:04:02,669] {logging_mixin.py:115} INFO - [2023-04-02 18:04:02,669] {dagbag.py:507} INFO - Filling up the DagBag from /home/airflow/.local/lib/python3.7/site-packages/airflow/example_dags/example_short_circuit_operator.py
[2023-04-02 18:04:02,683] {processor.py:651} INFO - DAG(s) dict_keys(['example_short_circuit_operator']) retrieved from /home/airflow/.local/lib/python3.7/site-packages/airflow/example_dags/example_short_circuit_operator.py
[2023-04-02 18:04:02,722] {logging_mixin.py:115} INFO - [2023-04-02 18:04:02,722] {dag.py:2371} INFO - Sync 1 DAGs
[2023-04-02 18:04:02,755] {logging_mixin.py:115} INFO - [2023-04-02 18:04:02,755] {dag.py:2919} INFO - Setting next_dagrun for example_short_circuit_operator to 2023-04-01T18:04:02.755379+00:00, run_after=2023-04-02T18:04:02.755379+00:00
[2023-04-02 18:04:02,899] {processor.py:161} INFO - Processing /home/airflow/.local/lib/python3.7/site-packages/airflow/example_dags/example_short_circuit_operator.py took 0.239 seconds
[2023-04-02 18:04:33,264] {processor.py:153} INFO - Started process (PID=1118) to work on /home/airflow/.local/lib/python3.7/site-packages/airflow/example_dags/example_short_circuit_operator.py
[2023-04-02 18:04:33,265] {processor.py:641} INFO - Processing file /home/airflow/.local/lib/python3.7/site-packages/airflow/example_dags/example_short_circuit_operator.py for tasks to queue
[2023-04-02 18:04:33,267] {logging_mixin.py:115} INFO - [2023-04-02 18:04:33,266] {dagbag.py:507} INFO - Filling up the DagBag from /home/airflow/.local/lib/python3.7/site-packages/airflow/example_dags/example_short_circuit_operator.py
[2023-04-02 18:04:33,277] {processor.py:651} INFO - DAG(s) dict_keys(['example_short_circuit_operator']) retrieved from /home/airflow/.local/lib/python3.7/site-packages/airflow/example_dags/example_short_circuit_operator.py
[2023-04-02 18:04:33,307] {logging_mixin.py:115} INFO - [2023-04-02 18:04:33,307] {dag.py:2371} INFO - Sync 1 DAGs
[2023-04-02 18:04:33,333] {logging_mixin.py:115} INFO - [2023-04-02 18:04:33,333] {dag.py:2919} INFO - Setting next_dagrun for example_short_circuit_operator to 2023-04-01T18:04:33.333544+00:00, run_after=2023-04-02T18:04:33.333544+00:00
[2023-04-02 18:04:33,457] {processor.py:161} INFO - Processing /home/airflow/.local/lib/python3.7/site-packages/airflow/example_dags/example_short_circuit_operator.py took 0.197 seconds
[2023-04-02 18:05:03,932] {processor.py:153} INFO - Started process (PID=1181) to work on /home/airflow/.local/lib/python3.7/site-packages/airflow/example_dags/example_short_circuit_operator.py
[2023-04-02 18:05:03,934] {processor.py:641} INFO - Processing file /home/airflow/.local/lib/python3.7/site-packages/airflow/example_dags/example_short_circuit_operator.py for tasks to queue
[2023-04-02 18:05:03,935] {logging_mixin.py:115} INFO - [2023-04-02 18:05:03,935] {dagbag.py:507} INFO - Filling up the DagBag from /home/airflow/.local/lib/python3.7/site-packages/airflow/example_dags/example_short_circuit_operator.py
[2023-04-02 18:05:03,946] {processor.py:651} INFO - DAG(s) dict_keys(['example_short_circuit_operator']) retrieved from /home/airflow/.local/lib/python3.7/site-packages/airflow/example_dags/example_short_circuit_operator.py
[2023-04-02 18:05:03,976] {logging_mixin.py:115} INFO - [2023-04-02 18:05:03,975] {dag.py:2371} INFO - Sync 1 DAGs
[2023-04-02 18:05:04,000] {logging_mixin.py:115} INFO - [2023-04-02 18:05:04,000] {dag.py:2919} INFO - Setting next_dagrun for example_short_circuit_operator to 2023-04-01T18:05:03.999727+00:00, run_after=2023-04-02T18:05:03.999727+00:00
[2023-04-02 18:05:04,130] {processor.py:161} INFO - Processing /home/airflow/.local/lib/python3.7/site-packages/airflow/example_dags/example_short_circuit_operator.py took 0.202 seconds
[2023-04-02 18:05:34,570] {processor.py:153} INFO - Started process (PID=1245) to work on /home/airflow/.local/lib/python3.7/site-packages/airflow/example_dags/example_short_circuit_operator.py
[2023-04-02 18:05:34,571] {processor.py:641} INFO - Processing file /home/airflow/.local/lib/python3.7/site-packages/airflow/example_dags/example_short_circuit_operator.py for tasks to queue
[2023-04-02 18:05:34,574] {logging_mixin.py:115} INFO - [2023-04-02 18:05:34,574] {dagbag.py:507} INFO - Filling up the DagBag from /home/airflow/.local/lib/python3.7/site-packages/airflow/example_dags/example_short_circuit_operator.py
[2023-04-02 18:05:34,586] {processor.py:651} INFO - DAG(s) dict_keys(['example_short_circuit_operator']) retrieved from /home/airflow/.local/lib/python3.7/site-packages/airflow/example_dags/example_short_circuit_operator.py
[2023-04-02 18:05:34,617] {logging_mixin.py:115} INFO - [2023-04-02 18:05:34,617] {dag.py:2371} INFO - Sync 1 DAGs
[2023-04-02 18:05:34,759] {logging_mixin.py:115} INFO - [2023-04-02 18:05:34,758] {dag.py:2919} INFO - Setting next_dagrun for example_short_circuit_operator to 2023-04-01T18:05:34.758612+00:00, run_after=2023-04-02T18:05:34.758612+00:00
[2023-04-02 18:05:34,772] {processor.py:161} INFO - Processing /home/airflow/.local/lib/python3.7/site-packages/airflow/example_dags/example_short_circuit_operator.py took 0.207 seconds
[2023-04-02 18:06:05,276] {processor.py:153} INFO - Started process (PID=1300) to work on /home/airflow/.local/lib/python3.7/site-packages/airflow/example_dags/example_short_circuit_operator.py
[2023-04-02 18:06:05,277] {processor.py:641} INFO - Processing file /home/airflow/.local/lib/python3.7/site-packages/airflow/example_dags/example_short_circuit_operator.py for tasks to queue
[2023-04-02 18:06:05,278] {logging_mixin.py:115} INFO - [2023-04-02 18:06:05,278] {dagbag.py:507} INFO - Filling up the DagBag from /home/airflow/.local/lib/python3.7/site-packages/airflow/example_dags/example_short_circuit_operator.py
[2023-04-02 18:06:05,289] {processor.py:651} INFO - DAG(s) dict_keys(['example_short_circuit_operator']) retrieved from /home/airflow/.local/lib/python3.7/site-packages/airflow/example_dags/example_short_circuit_operator.py
[2023-04-02 18:06:05,319] {logging_mixin.py:115} INFO - [2023-04-02 18:06:05,318] {dag.py:2371} INFO - Sync 1 DAGs
[2023-04-02 18:06:05,458] {logging_mixin.py:115} INFO - [2023-04-02 18:06:05,458] {dag.py:2919} INFO - Setting next_dagrun for example_short_circuit_operator to 2023-04-01T18:06:05.457788+00:00, run_after=2023-04-02T18:06:05.457788+00:00
[2023-04-02 18:06:05,471] {processor.py:161} INFO - Processing /home/airflow/.local/lib/python3.7/site-packages/airflow/example_dags/example_short_circuit_operator.py took 0.199 seconds
[2023-04-02 18:06:36,099] {processor.py:153} INFO - Started process (PID=1363) to work on /home/airflow/.local/lib/python3.7/site-packages/airflow/example_dags/example_short_circuit_operator.py
[2023-04-02 18:06:36,100] {processor.py:641} INFO - Processing file /home/airflow/.local/lib/python3.7/site-packages/airflow/example_dags/example_short_circuit_operator.py for tasks to queue
[2023-04-02 18:06:36,102] {logging_mixin.py:115} INFO - [2023-04-02 18:06:36,102] {dagbag.py:507} INFO - Filling up the DagBag from /home/airflow/.local/lib/python3.7/site-packages/airflow/example_dags/example_short_circuit_operator.py
[2023-04-02 18:06:36,115] {processor.py:651} INFO - DAG(s) dict_keys(['example_short_circuit_operator']) retrieved from /home/airflow/.local/lib/python3.7/site-packages/airflow/example_dags/example_short_circuit_operator.py
[2023-04-02 18:06:36,144] {logging_mixin.py:115} INFO - [2023-04-02 18:06:36,144] {dag.py:2371} INFO - Sync 1 DAGs
[2023-04-02 18:06:36,299] {logging_mixin.py:115} INFO - [2023-04-02 18:06:36,299] {dag.py:2919} INFO - Setting next_dagrun for example_short_circuit_operator to 2023-04-01T18:06:36.299253+00:00, run_after=2023-04-02T18:06:36.299253+00:00
[2023-04-02 18:06:36,317] {processor.py:161} INFO - Processing /home/airflow/.local/lib/python3.7/site-packages/airflow/example_dags/example_short_circuit_operator.py took 0.222 seconds
[2023-04-02 18:07:06,726] {processor.py:153} INFO - Started process (PID=1426) to work on /home/airflow/.local/lib/python3.7/site-packages/airflow/example_dags/example_short_circuit_operator.py
[2023-04-02 18:07:06,728] {processor.py:641} INFO - Processing file /home/airflow/.local/lib/python3.7/site-packages/airflow/example_dags/example_short_circuit_operator.py for tasks to queue
[2023-04-02 18:07:06,731] {logging_mixin.py:115} INFO - [2023-04-02 18:07:06,730] {dagbag.py:507} INFO - Filling up the DagBag from /home/airflow/.local/lib/python3.7/site-packages/airflow/example_dags/example_short_circuit_operator.py
[2023-04-02 18:07:06,747] {processor.py:651} INFO - DAG(s) dict_keys(['example_short_circuit_operator']) retrieved from /home/airflow/.local/lib/python3.7/site-packages/airflow/example_dags/example_short_circuit_operator.py
[2023-04-02 18:07:06,791] {logging_mixin.py:115} INFO - [2023-04-02 18:07:06,790] {dag.py:2371} INFO - Sync 1 DAGs
[2023-04-02 18:07:06,947] {logging_mixin.py:115} INFO - [2023-04-02 18:07:06,947] {dag.py:2919} INFO - Setting next_dagrun for example_short_circuit_operator to 2023-04-01T18:07:06.947239+00:00, run_after=2023-04-02T18:07:06.947239+00:00
[2023-04-02 18:07:06,963] {processor.py:161} INFO - Processing /home/airflow/.local/lib/python3.7/site-packages/airflow/example_dags/example_short_circuit_operator.py took 0.243 seconds
[2023-04-02 18:07:37,440] {processor.py:153} INFO - Started process (PID=1490) to work on /home/airflow/.local/lib/python3.7/site-packages/airflow/example_dags/example_short_circuit_operator.py
[2023-04-02 18:07:37,441] {processor.py:641} INFO - Processing file /home/airflow/.local/lib/python3.7/site-packages/airflow/example_dags/example_short_circuit_operator.py for tasks to queue
[2023-04-02 18:07:37,442] {logging_mixin.py:115} INFO - [2023-04-02 18:07:37,442] {dagbag.py:507} INFO - Filling up the DagBag from /home/airflow/.local/lib/python3.7/site-packages/airflow/example_dags/example_short_circuit_operator.py
[2023-04-02 18:07:37,453] {processor.py:651} INFO - DAG(s) dict_keys(['example_short_circuit_operator']) retrieved from /home/airflow/.local/lib/python3.7/site-packages/airflow/example_dags/example_short_circuit_operator.py
[2023-04-02 18:07:37,484] {logging_mixin.py:115} INFO - [2023-04-02 18:07:37,483] {dag.py:2371} INFO - Sync 1 DAGs
[2023-04-02 18:07:37,627] {logging_mixin.py:115} INFO - [2023-04-02 18:07:37,627] {dag.py:2919} INFO - Setting next_dagrun for example_short_circuit_operator to 2023-04-01T18:07:37.626843+00:00, run_after=2023-04-02T18:07:37.626843+00:00
[2023-04-02 18:07:37,640] {processor.py:161} INFO - Processing /home/airflow/.local/lib/python3.7/site-packages/airflow/example_dags/example_short_circuit_operator.py took 0.204 seconds
[2023-04-02 18:08:08,512] {processor.py:153} INFO - Started process (PID=1544) to work on /home/airflow/.local/lib/python3.7/site-packages/airflow/example_dags/example_short_circuit_operator.py
[2023-04-02 18:08:08,513] {processor.py:641} INFO - Processing file /home/airflow/.local/lib/python3.7/site-packages/airflow/example_dags/example_short_circuit_operator.py for tasks to queue
[2023-04-02 18:08:08,515] {logging_mixin.py:115} INFO - [2023-04-02 18:08:08,515] {dagbag.py:507} INFO - Filling up the DagBag from /home/airflow/.local/lib/python3.7/site-packages/airflow/example_dags/example_short_circuit_operator.py
[2023-04-02 18:08:08,527] {processor.py:651} INFO - DAG(s) dict_keys(['example_short_circuit_operator']) retrieved from /home/airflow/.local/lib/python3.7/site-packages/airflow/example_dags/example_short_circuit_operator.py
[2023-04-02 18:08:08,568] {logging_mixin.py:115} INFO - [2023-04-02 18:08:08,568] {dag.py:2371} INFO - Sync 1 DAGs
[2023-04-02 18:08:08,725] {logging_mixin.py:115} INFO - [2023-04-02 18:08:08,725] {dag.py:2919} INFO - Setting next_dagrun for example_short_circuit_operator to 2023-04-01T18:08:08.724744+00:00, run_after=2023-04-02T18:08:08.724744+00:00
[2023-04-02 18:08:08,740] {processor.py:161} INFO - Processing /home/airflow/.local/lib/python3.7/site-packages/airflow/example_dags/example_short_circuit_operator.py took 0.232 seconds
[2023-04-02 18:08:38,998] {processor.py:153} INFO - Started process (PID=1607) to work on /home/airflow/.local/lib/python3.7/site-packages/airflow/example_dags/example_short_circuit_operator.py
[2023-04-02 18:08:38,999] {processor.py:641} INFO - Processing file /home/airflow/.local/lib/python3.7/site-packages/airflow/example_dags/example_short_circuit_operator.py for tasks to queue
[2023-04-02 18:08:39,001] {logging_mixin.py:115} INFO - [2023-04-02 18:08:39,001] {dagbag.py:507} INFO - Filling up the DagBag from /home/airflow/.local/lib/python3.7/site-packages/airflow/example_dags/example_short_circuit_operator.py
[2023-04-02 18:08:39,013] {processor.py:651} INFO - DAG(s) dict_keys(['example_short_circuit_operator']) retrieved from /home/airflow/.local/lib/python3.7/site-packages/airflow/example_dags/example_short_circuit_operator.py
[2023-04-02 18:08:39,045] {logging_mixin.py:115} INFO - [2023-04-02 18:08:39,045] {dag.py:2371} INFO - Sync 1 DAGs
[2023-04-02 18:08:39,190] {logging_mixin.py:115} INFO - [2023-04-02 18:08:39,190] {dag.py:2919} INFO - Setting next_dagrun for example_short_circuit_operator to 2023-04-01T18:08:39.190218+00:00, run_after=2023-04-02T18:08:39.190218+00:00
[2023-04-02 18:08:39,204] {processor.py:161} INFO - Processing /home/airflow/.local/lib/python3.7/site-packages/airflow/example_dags/example_short_circuit_operator.py took 0.211 seconds
[2023-04-02 18:09:09,562] {processor.py:153} INFO - Started process (PID=1670) to work on /home/airflow/.local/lib/python3.7/site-packages/airflow/example_dags/example_short_circuit_operator.py
[2023-04-02 18:09:09,563] {processor.py:641} INFO - Processing file /home/airflow/.local/lib/python3.7/site-packages/airflow/example_dags/example_short_circuit_operator.py for tasks to queue
[2023-04-02 18:09:09,565] {logging_mixin.py:115} INFO - [2023-04-02 18:09:09,565] {dagbag.py:507} INFO - Filling up the DagBag from /home/airflow/.local/lib/python3.7/site-packages/airflow/example_dags/example_short_circuit_operator.py
[2023-04-02 18:09:09,574] {processor.py:651} INFO - DAG(s) dict_keys(['example_short_circuit_operator']) retrieved from /home/airflow/.local/lib/python3.7/site-packages/airflow/example_dags/example_short_circuit_operator.py
[2023-04-02 18:09:09,603] {logging_mixin.py:115} INFO - [2023-04-02 18:09:09,603] {dag.py:2371} INFO - Sync 1 DAGs
[2023-04-02 18:09:09,737] {logging_mixin.py:115} INFO - [2023-04-02 18:09:09,737] {dag.py:2919} INFO - Setting next_dagrun for example_short_circuit_operator to 2023-04-01T18:09:09.736772+00:00, run_after=2023-04-02T18:09:09.736772+00:00
[2023-04-02 18:09:09,750] {processor.py:161} INFO - Processing /home/airflow/.local/lib/python3.7/site-packages/airflow/example_dags/example_short_circuit_operator.py took 0.191 seconds
[2023-04-02 18:09:40,085] {processor.py:153} INFO - Started process (PID=1733) to work on /home/airflow/.local/lib/python3.7/site-packages/airflow/example_dags/example_short_circuit_operator.py
[2023-04-02 18:09:40,087] {processor.py:641} INFO - Processing file /home/airflow/.local/lib/python3.7/site-packages/airflow/example_dags/example_short_circuit_operator.py for tasks to queue
[2023-04-02 18:09:40,088] {logging_mixin.py:115} INFO - [2023-04-02 18:09:40,088] {dagbag.py:507} INFO - Filling up the DagBag from /home/airflow/.local/lib/python3.7/site-packages/airflow/example_dags/example_short_circuit_operator.py
[2023-04-02 18:09:40,099] {processor.py:651} INFO - DAG(s) dict_keys(['example_short_circuit_operator']) retrieved from /home/airflow/.local/lib/python3.7/site-packages/airflow/example_dags/example_short_circuit_operator.py
[2023-04-02 18:09:40,130] {logging_mixin.py:115} INFO - [2023-04-02 18:09:40,130] {dag.py:2371} INFO - Sync 1 DAGs
[2023-04-02 18:09:40,270] {logging_mixin.py:115} INFO - [2023-04-02 18:09:40,270] {dag.py:2919} INFO - Setting next_dagrun for example_short_circuit_operator to 2023-04-01T18:09:40.270600+00:00, run_after=2023-04-02T18:09:40.270600+00:00
[2023-04-02 18:09:40,284] {processor.py:161} INFO - Processing /home/airflow/.local/lib/python3.7/site-packages/airflow/example_dags/example_short_circuit_operator.py took 0.202 seconds
[2023-04-02 18:10:10,738] {processor.py:153} INFO - Started process (PID=1787) to work on /home/airflow/.local/lib/python3.7/site-packages/airflow/example_dags/example_short_circuit_operator.py
[2023-04-02 18:10:10,740] {processor.py:641} INFO - Processing file /home/airflow/.local/lib/python3.7/site-packages/airflow/example_dags/example_short_circuit_operator.py for tasks to queue
[2023-04-02 18:10:10,741] {logging_mixin.py:115} INFO - [2023-04-02 18:10:10,741] {dagbag.py:507} INFO - Filling up the DagBag from /home/airflow/.local/lib/python3.7/site-packages/airflow/example_dags/example_short_circuit_operator.py
[2023-04-02 18:10:10,752] {processor.py:651} INFO - DAG(s) dict_keys(['example_short_circuit_operator']) retrieved from /home/airflow/.local/lib/python3.7/site-packages/airflow/example_dags/example_short_circuit_operator.py
[2023-04-02 18:10:10,791] {logging_mixin.py:115} INFO - [2023-04-02 18:10:10,791] {dag.py:2371} INFO - Sync 1 DAGs
[2023-04-02 18:10:10,960] {logging_mixin.py:115} INFO - [2023-04-02 18:10:10,960] {dag.py:2919} INFO - Setting next_dagrun for example_short_circuit_operator to 2023-04-01T18:10:10.960300+00:00, run_after=2023-04-02T18:10:10.960300+00:00
[2023-04-02 18:10:10,976] {processor.py:161} INFO - Processing /home/airflow/.local/lib/python3.7/site-packages/airflow/example_dags/example_short_circuit_operator.py took 0.242 seconds
[2023-04-02 18:10:41,292] {processor.py:153} INFO - Started process (PID=1850) to work on /home/airflow/.local/lib/python3.7/site-packages/airflow/example_dags/example_short_circuit_operator.py
[2023-04-02 18:10:41,294] {processor.py:641} INFO - Processing file /home/airflow/.local/lib/python3.7/site-packages/airflow/example_dags/example_short_circuit_operator.py for tasks to queue
[2023-04-02 18:10:41,295] {logging_mixin.py:115} INFO - [2023-04-02 18:10:41,295] {dagbag.py:507} INFO - Filling up the DagBag from /home/airflow/.local/lib/python3.7/site-packages/airflow/example_dags/example_short_circuit_operator.py
[2023-04-02 18:10:41,305] {processor.py:651} INFO - DAG(s) dict_keys(['example_short_circuit_operator']) retrieved from /home/airflow/.local/lib/python3.7/site-packages/airflow/example_dags/example_short_circuit_operator.py
[2023-04-02 18:10:41,341] {logging_mixin.py:115} INFO - [2023-04-02 18:10:41,340] {dag.py:2371} INFO - Sync 1 DAGs
[2023-04-02 18:10:41,366] {logging_mixin.py:115} INFO - [2023-04-02 18:10:41,366] {dag.py:2919} INFO - Setting next_dagrun for example_short_circuit_operator to 2023-04-01T18:10:41.366401+00:00, run_after=2023-04-02T18:10:41.366401+00:00
[2023-04-02 18:10:41,381] {processor.py:161} INFO - Processing /home/airflow/.local/lib/python3.7/site-packages/airflow/example_dags/example_short_circuit_operator.py took 0.092 seconds
[2023-04-02 18:11:11,495] {processor.py:153} INFO - Started process (PID=1913) to work on /home/airflow/.local/lib/python3.7/site-packages/airflow/example_dags/example_short_circuit_operator.py
[2023-04-02 18:11:11,496] {processor.py:641} INFO - Processing file /home/airflow/.local/lib/python3.7/site-packages/airflow/example_dags/example_short_circuit_operator.py for tasks to queue
[2023-04-02 18:11:11,498] {logging_mixin.py:115} INFO - [2023-04-02 18:11:11,498] {dagbag.py:507} INFO - Filling up the DagBag from /home/airflow/.local/lib/python3.7/site-packages/airflow/example_dags/example_short_circuit_operator.py
[2023-04-02 18:11:11,509] {processor.py:651} INFO - DAG(s) dict_keys(['example_short_circuit_operator']) retrieved from /home/airflow/.local/lib/python3.7/site-packages/airflow/example_dags/example_short_circuit_operator.py
[2023-04-02 18:11:11,544] {logging_mixin.py:115} INFO - [2023-04-02 18:11:11,544] {dag.py:2371} INFO - Sync 1 DAGs
[2023-04-02 18:11:11,570] {logging_mixin.py:115} INFO - [2023-04-02 18:11:11,570] {dag.py:2919} INFO - Setting next_dagrun for example_short_circuit_operator to 2023-04-01T18:11:11.570347+00:00, run_after=2023-04-02T18:11:11.570347+00:00
[2023-04-02 18:11:11,585] {processor.py:161} INFO - Processing /home/airflow/.local/lib/python3.7/site-packages/airflow/example_dags/example_short_circuit_operator.py took 0.095 seconds
[2023-04-02 18:11:42,036] {processor.py:153} INFO - Started process (PID=1967) to work on /home/airflow/.local/lib/python3.7/site-packages/airflow/example_dags/example_short_circuit_operator.py
[2023-04-02 18:11:42,045] {processor.py:641} INFO - Processing file /home/airflow/.local/lib/python3.7/site-packages/airflow/example_dags/example_short_circuit_operator.py for tasks to queue
[2023-04-02 18:11:42,049] {logging_mixin.py:115} INFO - [2023-04-02 18:11:42,049] {dagbag.py:507} INFO - Filling up the DagBag from /home/airflow/.local/lib/python3.7/site-packages/airflow/example_dags/example_short_circuit_operator.py
[2023-04-02 18:11:42,096] {processor.py:651} INFO - DAG(s) dict_keys(['example_short_circuit_operator']) retrieved from /home/airflow/.local/lib/python3.7/site-packages/airflow/example_dags/example_short_circuit_operator.py
[2023-04-02 18:11:42,169] {logging_mixin.py:115} INFO - [2023-04-02 18:11:42,169] {dag.py:2371} INFO - Sync 1 DAGs
[2023-04-02 18:11:42,204] {logging_mixin.py:115} INFO - [2023-04-02 18:11:42,204] {dag.py:2919} INFO - Setting next_dagrun for example_short_circuit_operator to 2023-04-01T18:11:42.203983+00:00, run_after=2023-04-02T18:11:42.203983+00:00
[2023-04-02 18:11:42,245] {processor.py:161} INFO - Processing /home/airflow/.local/lib/python3.7/site-packages/airflow/example_dags/example_short_circuit_operator.py took 0.216 seconds
[2023-04-02 18:12:12,603] {processor.py:153} INFO - Started process (PID=2030) to work on /home/airflow/.local/lib/python3.7/site-packages/airflow/example_dags/example_short_circuit_operator.py
[2023-04-02 18:12:12,605] {processor.py:641} INFO - Processing file /home/airflow/.local/lib/python3.7/site-packages/airflow/example_dags/example_short_circuit_operator.py for tasks to queue
[2023-04-02 18:12:12,606] {logging_mixin.py:115} INFO - [2023-04-02 18:12:12,606] {dagbag.py:507} INFO - Filling up the DagBag from /home/airflow/.local/lib/python3.7/site-packages/airflow/example_dags/example_short_circuit_operator.py
[2023-04-02 18:12:12,618] {processor.py:651} INFO - DAG(s) dict_keys(['example_short_circuit_operator']) retrieved from /home/airflow/.local/lib/python3.7/site-packages/airflow/example_dags/example_short_circuit_operator.py
[2023-04-02 18:12:12,650] {logging_mixin.py:115} INFO - [2023-04-02 18:12:12,649] {dag.py:2371} INFO - Sync 1 DAGs
[2023-04-02 18:12:12,672] {logging_mixin.py:115} INFO - [2023-04-02 18:12:12,672] {dag.py:2919} INFO - Setting next_dagrun for example_short_circuit_operator to 2023-04-01T18:12:12.672049+00:00, run_after=2023-04-02T18:12:12.672049+00:00
[2023-04-02 18:12:12,684] {processor.py:161} INFO - Processing /home/airflow/.local/lib/python3.7/site-packages/airflow/example_dags/example_short_circuit_operator.py took 0.085 seconds
[2023-04-02 18:12:43,124] {processor.py:153} INFO - Started process (PID=2093) to work on /home/airflow/.local/lib/python3.7/site-packages/airflow/example_dags/example_short_circuit_operator.py
[2023-04-02 18:12:43,125] {processor.py:641} INFO - Processing file /home/airflow/.local/lib/python3.7/site-packages/airflow/example_dags/example_short_circuit_operator.py for tasks to queue
[2023-04-02 18:12:43,126] {logging_mixin.py:115} INFO - [2023-04-02 18:12:43,126] {dagbag.py:507} INFO - Filling up the DagBag from /home/airflow/.local/lib/python3.7/site-packages/airflow/example_dags/example_short_circuit_operator.py
[2023-04-02 18:12:43,137] {processor.py:651} INFO - DAG(s) dict_keys(['example_short_circuit_operator']) retrieved from /home/airflow/.local/lib/python3.7/site-packages/airflow/example_dags/example_short_circuit_operator.py
[2023-04-02 18:12:43,172] {logging_mixin.py:115} INFO - [2023-04-02 18:12:43,172] {dag.py:2371} INFO - Sync 1 DAGs
[2023-04-02 18:12:43,196] {logging_mixin.py:115} INFO - [2023-04-02 18:12:43,196] {dag.py:2919} INFO - Setting next_dagrun for example_short_circuit_operator to 2023-04-01T18:12:43.196303+00:00, run_after=2023-04-02T18:12:43.196303+00:00
[2023-04-02 18:12:43,209] {processor.py:161} INFO - Processing /home/airflow/.local/lib/python3.7/site-packages/airflow/example_dags/example_short_circuit_operator.py took 0.089 seconds
[2023-04-02 18:13:13,484] {processor.py:153} INFO - Started process (PID=2147) to work on /home/airflow/.local/lib/python3.7/site-packages/airflow/example_dags/example_short_circuit_operator.py
[2023-04-02 18:13:13,486] {processor.py:641} INFO - Processing file /home/airflow/.local/lib/python3.7/site-packages/airflow/example_dags/example_short_circuit_operator.py for tasks to queue
[2023-04-02 18:13:13,488] {logging_mixin.py:115} INFO - [2023-04-02 18:13:13,488] {dagbag.py:507} INFO - Filling up the DagBag from /home/airflow/.local/lib/python3.7/site-packages/airflow/example_dags/example_short_circuit_operator.py
[2023-04-02 18:13:13,499] {processor.py:651} INFO - DAG(s) dict_keys(['example_short_circuit_operator']) retrieved from /home/airflow/.local/lib/python3.7/site-packages/airflow/example_dags/example_short_circuit_operator.py
[2023-04-02 18:13:13,533] {logging_mixin.py:115} INFO - [2023-04-02 18:13:13,533] {dag.py:2371} INFO - Sync 1 DAGs
[2023-04-02 18:13:13,558] {logging_mixin.py:115} INFO - [2023-04-02 18:13:13,558] {dag.py:2919} INFO - Setting next_dagrun for example_short_circuit_operator to 2023-04-01T18:13:13.557771+00:00, run_after=2023-04-02T18:13:13.557771+00:00
[2023-04-02 18:13:13,573] {processor.py:161} INFO - Processing /home/airflow/.local/lib/python3.7/site-packages/airflow/example_dags/example_short_circuit_operator.py took 0.093 seconds
[2023-04-02 18:13:44,299] {processor.py:153} INFO - Started process (PID=2209) to work on /home/airflow/.local/lib/python3.7/site-packages/airflow/example_dags/example_short_circuit_operator.py
[2023-04-02 18:13:44,301] {processor.py:641} INFO - Processing file /home/airflow/.local/lib/python3.7/site-packages/airflow/example_dags/example_short_circuit_operator.py for tasks to queue
[2023-04-02 18:13:44,302] {logging_mixin.py:115} INFO - [2023-04-02 18:13:44,302] {dagbag.py:507} INFO - Filling up the DagBag from /home/airflow/.local/lib/python3.7/site-packages/airflow/example_dags/example_short_circuit_operator.py
[2023-04-02 18:13:44,314] {processor.py:651} INFO - DAG(s) dict_keys(['example_short_circuit_operator']) retrieved from /home/airflow/.local/lib/python3.7/site-packages/airflow/example_dags/example_short_circuit_operator.py
[2023-04-02 18:13:44,346] {logging_mixin.py:115} INFO - [2023-04-02 18:13:44,346] {dag.py:2371} INFO - Sync 1 DAGs
[2023-04-02 18:13:44,371] {logging_mixin.py:115} INFO - [2023-04-02 18:13:44,370] {dag.py:2919} INFO - Setting next_dagrun for example_short_circuit_operator to 2023-04-01T18:13:44.370662+00:00, run_after=2023-04-02T18:13:44.370662+00:00
[2023-04-02 18:13:44,383] {processor.py:161} INFO - Processing /home/airflow/.local/lib/python3.7/site-packages/airflow/example_dags/example_short_circuit_operator.py took 0.088 seconds
[2023-04-02 18:14:14,687] {processor.py:153} INFO - Started process (PID=2271) to work on /home/airflow/.local/lib/python3.7/site-packages/airflow/example_dags/example_short_circuit_operator.py
[2023-04-02 18:14:14,688] {processor.py:641} INFO - Processing file /home/airflow/.local/lib/python3.7/site-packages/airflow/example_dags/example_short_circuit_operator.py for tasks to queue
[2023-04-02 18:14:14,690] {logging_mixin.py:115} INFO - [2023-04-02 18:14:14,690] {dagbag.py:507} INFO - Filling up the DagBag from /home/airflow/.local/lib/python3.7/site-packages/airflow/example_dags/example_short_circuit_operator.py
[2023-04-02 18:14:14,703] {processor.py:651} INFO - DAG(s) dict_keys(['example_short_circuit_operator']) retrieved from /home/airflow/.local/lib/python3.7/site-packages/airflow/example_dags/example_short_circuit_operator.py
[2023-04-02 18:14:14,736] {logging_mixin.py:115} INFO - [2023-04-02 18:14:14,735] {dag.py:2371} INFO - Sync 1 DAGs
[2023-04-02 18:14:14,759] {logging_mixin.py:115} INFO - [2023-04-02 18:14:14,759] {dag.py:2919} INFO - Setting next_dagrun for example_short_circuit_operator to 2023-04-01T18:14:14.758780+00:00, run_after=2023-04-02T18:14:14.758780+00:00
[2023-04-02 18:14:14,771] {processor.py:161} INFO - Processing /home/airflow/.local/lib/python3.7/site-packages/airflow/example_dags/example_short_circuit_operator.py took 0.089 seconds
[2023-04-02 18:14:44,921] {processor.py:153} INFO - Started process (PID=2334) to work on /home/airflow/.local/lib/python3.7/site-packages/airflow/example_dags/example_short_circuit_operator.py
[2023-04-02 18:14:44,923] {processor.py:641} INFO - Processing file /home/airflow/.local/lib/python3.7/site-packages/airflow/example_dags/example_short_circuit_operator.py for tasks to queue
[2023-04-02 18:14:44,924] {logging_mixin.py:115} INFO - [2023-04-02 18:14:44,924] {dagbag.py:507} INFO - Filling up the DagBag from /home/airflow/.local/lib/python3.7/site-packages/airflow/example_dags/example_short_circuit_operator.py
[2023-04-02 18:14:44,934] {processor.py:651} INFO - DAG(s) dict_keys(['example_short_circuit_operator']) retrieved from /home/airflow/.local/lib/python3.7/site-packages/airflow/example_dags/example_short_circuit_operator.py
[2023-04-02 18:14:44,966] {logging_mixin.py:115} INFO - [2023-04-02 18:14:44,966] {dag.py:2371} INFO - Sync 1 DAGs
[2023-04-02 18:14:44,992] {logging_mixin.py:115} INFO - [2023-04-02 18:14:44,992] {dag.py:2919} INFO - Setting next_dagrun for example_short_circuit_operator to 2023-04-01T18:14:44.992118+00:00, run_after=2023-04-02T18:14:44.992118+00:00
[2023-04-02 18:14:45,009] {processor.py:161} INFO - Processing /home/airflow/.local/lib/python3.7/site-packages/airflow/example_dags/example_short_circuit_operator.py took 0.091 seconds
[2023-04-02 18:15:15,143] {processor.py:153} INFO - Started process (PID=2388) to work on /home/airflow/.local/lib/python3.7/site-packages/airflow/example_dags/example_short_circuit_operator.py
[2023-04-02 18:15:15,145] {processor.py:641} INFO - Processing file /home/airflow/.local/lib/python3.7/site-packages/airflow/example_dags/example_short_circuit_operator.py for tasks to queue
[2023-04-02 18:15:15,146] {logging_mixin.py:115} INFO - [2023-04-02 18:15:15,146] {dagbag.py:507} INFO - Filling up the DagBag from /home/airflow/.local/lib/python3.7/site-packages/airflow/example_dags/example_short_circuit_operator.py
[2023-04-02 18:15:15,156] {processor.py:651} INFO - DAG(s) dict_keys(['example_short_circuit_operator']) retrieved from /home/airflow/.local/lib/python3.7/site-packages/airflow/example_dags/example_short_circuit_operator.py
[2023-04-02 18:15:15,187] {logging_mixin.py:115} INFO - [2023-04-02 18:15:15,187] {dag.py:2371} INFO - Sync 1 DAGs
[2023-04-02 18:15:15,210] {logging_mixin.py:115} INFO - [2023-04-02 18:15:15,209] {dag.py:2919} INFO - Setting next_dagrun for example_short_circuit_operator to 2023-04-01T18:15:15.209654+00:00, run_after=2023-04-02T18:15:15.209654+00:00
[2023-04-02 18:15:15,221] {processor.py:161} INFO - Processing /home/airflow/.local/lib/python3.7/site-packages/airflow/example_dags/example_short_circuit_operator.py took 0.082 seconds
[2023-04-02 18:15:45,492] {processor.py:153} INFO - Started process (PID=2451) to work on /home/airflow/.local/lib/python3.7/site-packages/airflow/example_dags/example_short_circuit_operator.py
[2023-04-02 18:15:45,493] {processor.py:641} INFO - Processing file /home/airflow/.local/lib/python3.7/site-packages/airflow/example_dags/example_short_circuit_operator.py for tasks to queue
[2023-04-02 18:15:45,495] {logging_mixin.py:115} INFO - [2023-04-02 18:15:45,495] {dagbag.py:507} INFO - Filling up the DagBag from /home/airflow/.local/lib/python3.7/site-packages/airflow/example_dags/example_short_circuit_operator.py
[2023-04-02 18:15:45,509] {processor.py:651} INFO - DAG(s) dict_keys(['example_short_circuit_operator']) retrieved from /home/airflow/.local/lib/python3.7/site-packages/airflow/example_dags/example_short_circuit_operator.py
[2023-04-02 18:15:45,542] {logging_mixin.py:115} INFO - [2023-04-02 18:15:45,541] {dag.py:2371} INFO - Sync 1 DAGs
[2023-04-02 18:15:45,565] {logging_mixin.py:115} INFO - [2023-04-02 18:15:45,565] {dag.py:2919} INFO - Setting next_dagrun for example_short_circuit_operator to 2023-04-01T18:15:45.565208+00:00, run_after=2023-04-02T18:15:45.565208+00:00
[2023-04-02 18:15:45,578] {processor.py:161} INFO - Processing /home/airflow/.local/lib/python3.7/site-packages/airflow/example_dags/example_short_circuit_operator.py took 0.090 seconds
[2023-04-02 18:16:16,065] {processor.py:153} INFO - Started process (PID=2514) to work on /home/airflow/.local/lib/python3.7/site-packages/airflow/example_dags/example_short_circuit_operator.py
[2023-04-02 18:16:16,066] {processor.py:641} INFO - Processing file /home/airflow/.local/lib/python3.7/site-packages/airflow/example_dags/example_short_circuit_operator.py for tasks to queue
[2023-04-02 18:16:16,068] {logging_mixin.py:115} INFO - [2023-04-02 18:16:16,068] {dagbag.py:507} INFO - Filling up the DagBag from /home/airflow/.local/lib/python3.7/site-packages/airflow/example_dags/example_short_circuit_operator.py
[2023-04-02 18:16:16,079] {processor.py:651} INFO - DAG(s) dict_keys(['example_short_circuit_operator']) retrieved from /home/airflow/.local/lib/python3.7/site-packages/airflow/example_dags/example_short_circuit_operator.py
[2023-04-02 18:16:16,113] {logging_mixin.py:115} INFO - [2023-04-02 18:16:16,113] {dag.py:2371} INFO - Sync 1 DAGs
[2023-04-02 18:16:16,138] {logging_mixin.py:115} INFO - [2023-04-02 18:16:16,138] {dag.py:2919} INFO - Setting next_dagrun for example_short_circuit_operator to 2023-04-01T18:16:16.138007+00:00, run_after=2023-04-02T18:16:16.138007+00:00
[2023-04-02 18:16:16,152] {processor.py:161} INFO - Processing /home/airflow/.local/lib/python3.7/site-packages/airflow/example_dags/example_short_circuit_operator.py took 0.091 seconds
[2023-04-02 18:16:46,579] {processor.py:153} INFO - Started process (PID=2568) to work on /home/airflow/.local/lib/python3.7/site-packages/airflow/example_dags/example_short_circuit_operator.py
[2023-04-02 18:16:46,580] {processor.py:641} INFO - Processing file /home/airflow/.local/lib/python3.7/site-packages/airflow/example_dags/example_short_circuit_operator.py for tasks to queue
[2023-04-02 18:16:46,582] {logging_mixin.py:115} INFO - [2023-04-02 18:16:46,582] {dagbag.py:507} INFO - Filling up the DagBag from /home/airflow/.local/lib/python3.7/site-packages/airflow/example_dags/example_short_circuit_operator.py
[2023-04-02 18:16:46,593] {processor.py:651} INFO - DAG(s) dict_keys(['example_short_circuit_operator']) retrieved from /home/airflow/.local/lib/python3.7/site-packages/airflow/example_dags/example_short_circuit_operator.py
[2023-04-02 18:16:46,626] {logging_mixin.py:115} INFO - [2023-04-02 18:16:46,626] {dag.py:2371} INFO - Sync 1 DAGs
[2023-04-02 18:16:46,650] {logging_mixin.py:115} INFO - [2023-04-02 18:16:46,650] {dag.py:2919} INFO - Setting next_dagrun for example_short_circuit_operator to 2023-04-01T18:16:46.650161+00:00, run_after=2023-04-02T18:16:46.650161+00:00
[2023-04-02 18:16:46,663] {processor.py:161} INFO - Processing /home/airflow/.local/lib/python3.7/site-packages/airflow/example_dags/example_short_circuit_operator.py took 0.088 seconds
[2023-04-02 18:17:17,153] {processor.py:153} INFO - Started process (PID=2631) to work on /home/airflow/.local/lib/python3.7/site-packages/airflow/example_dags/example_short_circuit_operator.py
[2023-04-02 18:17:17,154] {processor.py:641} INFO - Processing file /home/airflow/.local/lib/python3.7/site-packages/airflow/example_dags/example_short_circuit_operator.py for tasks to queue
[2023-04-02 18:17:17,155] {logging_mixin.py:115} INFO - [2023-04-02 18:17:17,155] {dagbag.py:507} INFO - Filling up the DagBag from /home/airflow/.local/lib/python3.7/site-packages/airflow/example_dags/example_short_circuit_operator.py
[2023-04-02 18:17:17,166] {processor.py:651} INFO - DAG(s) dict_keys(['example_short_circuit_operator']) retrieved from /home/airflow/.local/lib/python3.7/site-packages/airflow/example_dags/example_short_circuit_operator.py
[2023-04-02 18:17:17,199] {logging_mixin.py:115} INFO - [2023-04-02 18:17:17,198] {dag.py:2371} INFO - Sync 1 DAGs
[2023-04-02 18:17:17,221] {logging_mixin.py:115} INFO - [2023-04-02 18:17:17,221] {dag.py:2919} INFO - Setting next_dagrun for example_short_circuit_operator to 2023-04-01T18:17:17.221198+00:00, run_after=2023-04-02T18:17:17.221198+00:00
[2023-04-02 18:17:17,233] {processor.py:161} INFO - Processing /home/airflow/.local/lib/python3.7/site-packages/airflow/example_dags/example_short_circuit_operator.py took 0.085 seconds
[2023-04-02 18:17:47,547] {processor.py:153} INFO - Started process (PID=2694) to work on /home/airflow/.local/lib/python3.7/site-packages/airflow/example_dags/example_short_circuit_operator.py
[2023-04-02 18:17:47,548] {processor.py:641} INFO - Processing file /home/airflow/.local/lib/python3.7/site-packages/airflow/example_dags/example_short_circuit_operator.py for tasks to queue
[2023-04-02 18:17:47,550] {logging_mixin.py:115} INFO - [2023-04-02 18:17:47,549] {dagbag.py:507} INFO - Filling up the DagBag from /home/airflow/.local/lib/python3.7/site-packages/airflow/example_dags/example_short_circuit_operator.py
[2023-04-02 18:17:47,560] {processor.py:651} INFO - DAG(s) dict_keys(['example_short_circuit_operator']) retrieved from /home/airflow/.local/lib/python3.7/site-packages/airflow/example_dags/example_short_circuit_operator.py
[2023-04-02 18:17:47,591] {logging_mixin.py:115} INFO - [2023-04-02 18:17:47,591] {dag.py:2371} INFO - Sync 1 DAGs
[2023-04-02 18:17:47,612] {logging_mixin.py:115} INFO - [2023-04-02 18:17:47,612] {dag.py:2919} INFO - Setting next_dagrun for example_short_circuit_operator to 2023-04-01T18:17:47.612351+00:00, run_after=2023-04-02T18:17:47.612351+00:00
[2023-04-02 18:17:47,627] {processor.py:161} INFO - Processing /home/airflow/.local/lib/python3.7/site-packages/airflow/example_dags/example_short_circuit_operator.py took 0.084 seconds
[2023-04-02 18:18:17,992] {processor.py:153} INFO - Started process (PID=2749) to work on /home/airflow/.local/lib/python3.7/site-packages/airflow/example_dags/example_short_circuit_operator.py
[2023-04-02 18:18:17,993] {processor.py:641} INFO - Processing file /home/airflow/.local/lib/python3.7/site-packages/airflow/example_dags/example_short_circuit_operator.py for tasks to queue
[2023-04-02 18:18:17,995] {logging_mixin.py:115} INFO - [2023-04-02 18:18:17,994] {dagbag.py:507} INFO - Filling up the DagBag from /home/airflow/.local/lib/python3.7/site-packages/airflow/example_dags/example_short_circuit_operator.py
[2023-04-02 18:18:18,006] {processor.py:651} INFO - DAG(s) dict_keys(['example_short_circuit_operator']) retrieved from /home/airflow/.local/lib/python3.7/site-packages/airflow/example_dags/example_short_circuit_operator.py
[2023-04-02 18:18:18,040] {logging_mixin.py:115} INFO - [2023-04-02 18:18:18,040] {dag.py:2371} INFO - Sync 1 DAGs
[2023-04-02 18:18:18,066] {logging_mixin.py:115} INFO - [2023-04-02 18:18:18,066] {dag.py:2919} INFO - Setting next_dagrun for example_short_circuit_operator to 2023-04-01T18:18:18.065824+00:00, run_after=2023-04-02T18:18:18.065824+00:00
[2023-04-02 18:18:18,079] {processor.py:161} INFO - Processing /home/airflow/.local/lib/python3.7/site-packages/airflow/example_dags/example_short_circuit_operator.py took 0.092 seconds
[2023-04-02 18:18:48,338] {processor.py:153} INFO - Started process (PID=2812) to work on /home/airflow/.local/lib/python3.7/site-packages/airflow/example_dags/example_short_circuit_operator.py
[2023-04-02 18:18:48,340] {processor.py:641} INFO - Processing file /home/airflow/.local/lib/python3.7/site-packages/airflow/example_dags/example_short_circuit_operator.py for tasks to queue
[2023-04-02 18:18:48,342] {logging_mixin.py:115} INFO - [2023-04-02 18:18:48,342] {dagbag.py:507} INFO - Filling up the DagBag from /home/airflow/.local/lib/python3.7/site-packages/airflow/example_dags/example_short_circuit_operator.py
[2023-04-02 18:18:48,353] {processor.py:651} INFO - DAG(s) dict_keys(['example_short_circuit_operator']) retrieved from /home/airflow/.local/lib/python3.7/site-packages/airflow/example_dags/example_short_circuit_operator.py
[2023-04-02 18:18:48,387] {logging_mixin.py:115} INFO - [2023-04-02 18:18:48,387] {dag.py:2371} INFO - Sync 1 DAGs
[2023-04-02 18:18:48,416] {logging_mixin.py:115} INFO - [2023-04-02 18:18:48,415] {dag.py:2919} INFO - Setting next_dagrun for example_short_circuit_operator to 2023-04-01T18:18:48.415690+00:00, run_after=2023-04-02T18:18:48.415690+00:00
[2023-04-02 18:18:48,431] {processor.py:161} INFO - Processing /home/airflow/.local/lib/python3.7/site-packages/airflow/example_dags/example_short_circuit_operator.py took 0.096 seconds
[2023-04-02 18:19:18,768] {processor.py:153} INFO - Started process (PID=2876) to work on /home/airflow/.local/lib/python3.7/site-packages/airflow/example_dags/example_short_circuit_operator.py
[2023-04-02 18:19:18,770] {processor.py:641} INFO - Processing file /home/airflow/.local/lib/python3.7/site-packages/airflow/example_dags/example_short_circuit_operator.py for tasks to queue
[2023-04-02 18:19:18,771] {logging_mixin.py:115} INFO - [2023-04-02 18:19:18,771] {dagbag.py:507} INFO - Filling up the DagBag from /home/airflow/.local/lib/python3.7/site-packages/airflow/example_dags/example_short_circuit_operator.py
[2023-04-02 18:19:18,783] {processor.py:651} INFO - DAG(s) dict_keys(['example_short_circuit_operator']) retrieved from /home/airflow/.local/lib/python3.7/site-packages/airflow/example_dags/example_short_circuit_operator.py
[2023-04-02 18:19:18,815] {logging_mixin.py:115} INFO - [2023-04-02 18:19:18,815] {dag.py:2371} INFO - Sync 1 DAGs
[2023-04-02 18:19:18,837] {logging_mixin.py:115} INFO - [2023-04-02 18:19:18,837] {dag.py:2919} INFO - Setting next_dagrun for example_short_circuit_operator to 2023-04-01T18:19:18.837254+00:00, run_after=2023-04-02T18:19:18.837254+00:00
[2023-04-02 18:19:18,849] {processor.py:161} INFO - Processing /home/airflow/.local/lib/python3.7/site-packages/airflow/example_dags/example_short_circuit_operator.py took 0.085 seconds
[2023-04-02 18:19:49,060] {processor.py:153} INFO - Started process (PID=2937) to work on /home/airflow/.local/lib/python3.7/site-packages/airflow/example_dags/example_short_circuit_operator.py
[2023-04-02 18:19:49,062] {processor.py:641} INFO - Processing file /home/airflow/.local/lib/python3.7/site-packages/airflow/example_dags/example_short_circuit_operator.py for tasks to queue
[2023-04-02 18:19:49,064] {logging_mixin.py:115} INFO - [2023-04-02 18:19:49,064] {dagbag.py:507} INFO - Filling up the DagBag from /home/airflow/.local/lib/python3.7/site-packages/airflow/example_dags/example_short_circuit_operator.py
[2023-04-02 18:19:49,075] {processor.py:651} INFO - DAG(s) dict_keys(['example_short_circuit_operator']) retrieved from /home/airflow/.local/lib/python3.7/site-packages/airflow/example_dags/example_short_circuit_operator.py
[2023-04-02 18:19:49,108] {logging_mixin.py:115} INFO - [2023-04-02 18:19:49,108] {dag.py:2371} INFO - Sync 1 DAGs
[2023-04-02 18:19:49,133] {logging_mixin.py:115} INFO - [2023-04-02 18:19:49,133] {dag.py:2919} INFO - Setting next_dagrun for example_short_circuit_operator to 2023-04-01T18:19:49.132892+00:00, run_after=2023-04-02T18:19:49.132892+00:00
[2023-04-02 18:19:49,146] {processor.py:161} INFO - Processing /home/airflow/.local/lib/python3.7/site-packages/airflow/example_dags/example_short_circuit_operator.py took 0.091 seconds
[2023-04-02 18:20:19,223] {processor.py:153} INFO - Started process (PID=2993) to work on /home/airflow/.local/lib/python3.7/site-packages/airflow/example_dags/example_short_circuit_operator.py
[2023-04-02 18:20:19,225] {processor.py:641} INFO - Processing file /home/airflow/.local/lib/python3.7/site-packages/airflow/example_dags/example_short_circuit_operator.py for tasks to queue
[2023-04-02 18:20:19,226] {logging_mixin.py:115} INFO - [2023-04-02 18:20:19,226] {dagbag.py:507} INFO - Filling up the DagBag from /home/airflow/.local/lib/python3.7/site-packages/airflow/example_dags/example_short_circuit_operator.py
[2023-04-02 18:20:19,239] {processor.py:651} INFO - DAG(s) dict_keys(['example_short_circuit_operator']) retrieved from /home/airflow/.local/lib/python3.7/site-packages/airflow/example_dags/example_short_circuit_operator.py
[2023-04-02 18:20:19,272] {logging_mixin.py:115} INFO - [2023-04-02 18:20:19,271] {dag.py:2371} INFO - Sync 1 DAGs
[2023-04-02 18:20:19,295] {logging_mixin.py:115} INFO - [2023-04-02 18:20:19,295] {dag.py:2919} INFO - Setting next_dagrun for example_short_circuit_operator to 2023-04-01T18:20:19.294991+00:00, run_after=2023-04-02T18:20:19.294991+00:00
[2023-04-02 18:20:19,308] {processor.py:161} INFO - Processing /home/airflow/.local/lib/python3.7/site-packages/airflow/example_dags/example_short_circuit_operator.py took 0.089 seconds
[2023-04-02 18:20:49,458] {processor.py:153} INFO - Started process (PID=3056) to work on /home/airflow/.local/lib/python3.7/site-packages/airflow/example_dags/example_short_circuit_operator.py
[2023-04-02 18:20:49,459] {processor.py:641} INFO - Processing file /home/airflow/.local/lib/python3.7/site-packages/airflow/example_dags/example_short_circuit_operator.py for tasks to queue
[2023-04-02 18:20:49,460] {logging_mixin.py:115} INFO - [2023-04-02 18:20:49,460] {dagbag.py:507} INFO - Filling up the DagBag from /home/airflow/.local/lib/python3.7/site-packages/airflow/example_dags/example_short_circuit_operator.py
[2023-04-02 18:20:49,473] {processor.py:651} INFO - DAG(s) dict_keys(['example_short_circuit_operator']) retrieved from /home/airflow/.local/lib/python3.7/site-packages/airflow/example_dags/example_short_circuit_operator.py
[2023-04-02 18:20:49,505] {logging_mixin.py:115} INFO - [2023-04-02 18:20:49,504] {dag.py:2371} INFO - Sync 1 DAGs
[2023-04-02 18:20:49,529] {logging_mixin.py:115} INFO - [2023-04-02 18:20:49,529] {dag.py:2919} INFO - Setting next_dagrun for example_short_circuit_operator to 2023-04-01T18:20:49.528849+00:00, run_after=2023-04-02T18:20:49.528849+00:00
[2023-04-02 18:20:49,541] {processor.py:161} INFO - Processing /home/airflow/.local/lib/python3.7/site-packages/airflow/example_dags/example_short_circuit_operator.py took 0.086 seconds
[2023-04-02 18:21:20,048] {processor.py:153} INFO - Started process (PID=3119) to work on /home/airflow/.local/lib/python3.7/site-packages/airflow/example_dags/example_short_circuit_operator.py
[2023-04-02 18:21:20,050] {processor.py:641} INFO - Processing file /home/airflow/.local/lib/python3.7/site-packages/airflow/example_dags/example_short_circuit_operator.py for tasks to queue
[2023-04-02 18:21:20,051] {logging_mixin.py:115} INFO - [2023-04-02 18:21:20,051] {dagbag.py:507} INFO - Filling up the DagBag from /home/airflow/.local/lib/python3.7/site-packages/airflow/example_dags/example_short_circuit_operator.py
[2023-04-02 18:21:20,064] {processor.py:651} INFO - DAG(s) dict_keys(['example_short_circuit_operator']) retrieved from /home/airflow/.local/lib/python3.7/site-packages/airflow/example_dags/example_short_circuit_operator.py
[2023-04-02 18:21:20,093] {logging_mixin.py:115} INFO - [2023-04-02 18:21:20,093] {dag.py:2371} INFO - Sync 1 DAGs
[2023-04-02 18:21:20,116] {logging_mixin.py:115} INFO - [2023-04-02 18:21:20,116] {dag.py:2919} INFO - Setting next_dagrun for example_short_circuit_operator to 2023-04-01T18:21:20.116142+00:00, run_after=2023-04-02T18:21:20.116142+00:00
[2023-04-02 18:21:20,128] {processor.py:161} INFO - Processing /home/airflow/.local/lib/python3.7/site-packages/airflow/example_dags/example_short_circuit_operator.py took 0.084 seconds
[2023-04-02 18:21:50,429] {processor.py:153} INFO - Started process (PID=3173) to work on /home/airflow/.local/lib/python3.7/site-packages/airflow/example_dags/example_short_circuit_operator.py
[2023-04-02 18:21:50,431] {processor.py:641} INFO - Processing file /home/airflow/.local/lib/python3.7/site-packages/airflow/example_dags/example_short_circuit_operator.py for tasks to queue
[2023-04-02 18:21:50,433] {logging_mixin.py:115} INFO - [2023-04-02 18:21:50,433] {dagbag.py:507} INFO - Filling up the DagBag from /home/airflow/.local/lib/python3.7/site-packages/airflow/example_dags/example_short_circuit_operator.py
[2023-04-02 18:21:50,448] {processor.py:651} INFO - DAG(s) dict_keys(['example_short_circuit_operator']) retrieved from /home/airflow/.local/lib/python3.7/site-packages/airflow/example_dags/example_short_circuit_operator.py
[2023-04-02 18:21:50,478] {logging_mixin.py:115} INFO - [2023-04-02 18:21:50,478] {dag.py:2371} INFO - Sync 1 DAGs
[2023-04-02 18:21:50,501] {logging_mixin.py:115} INFO - [2023-04-02 18:21:50,501] {dag.py:2919} INFO - Setting next_dagrun for example_short_circuit_operator to 2023-04-01T18:21:50.501384+00:00, run_after=2023-04-02T18:21:50.501384+00:00
[2023-04-02 18:21:50,514] {processor.py:161} INFO - Processing /home/airflow/.local/lib/python3.7/site-packages/airflow/example_dags/example_short_circuit_operator.py took 0.090 seconds
[2023-04-02 18:22:20,844] {processor.py:153} INFO - Started process (PID=3236) to work on /home/airflow/.local/lib/python3.7/site-packages/airflow/example_dags/example_short_circuit_operator.py
[2023-04-02 18:22:20,846] {processor.py:641} INFO - Processing file /home/airflow/.local/lib/python3.7/site-packages/airflow/example_dags/example_short_circuit_operator.py for tasks to queue
[2023-04-02 18:22:20,848] {logging_mixin.py:115} INFO - [2023-04-02 18:22:20,848] {dagbag.py:507} INFO - Filling up the DagBag from /home/airflow/.local/lib/python3.7/site-packages/airflow/example_dags/example_short_circuit_operator.py
[2023-04-02 18:22:20,861] {processor.py:651} INFO - DAG(s) dict_keys(['example_short_circuit_operator']) retrieved from /home/airflow/.local/lib/python3.7/site-packages/airflow/example_dags/example_short_circuit_operator.py
[2023-04-02 18:22:20,892] {logging_mixin.py:115} INFO - [2023-04-02 18:22:20,891] {dag.py:2371} INFO - Sync 1 DAGs
[2023-04-02 18:22:20,915] {logging_mixin.py:115} INFO - [2023-04-02 18:22:20,915] {dag.py:2919} INFO - Setting next_dagrun for example_short_circuit_operator to 2023-04-01T18:22:20.915444+00:00, run_after=2023-04-02T18:22:20.915444+00:00
[2023-04-02 18:22:20,928] {processor.py:161} INFO - Processing /home/airflow/.local/lib/python3.7/site-packages/airflow/example_dags/example_short_circuit_operator.py took 0.087 seconds
[2023-04-02 18:22:51,160] {processor.py:153} INFO - Started process (PID=3299) to work on /home/airflow/.local/lib/python3.7/site-packages/airflow/example_dags/example_short_circuit_operator.py
[2023-04-02 18:22:51,162] {processor.py:641} INFO - Processing file /home/airflow/.local/lib/python3.7/site-packages/airflow/example_dags/example_short_circuit_operator.py for tasks to queue
[2023-04-02 18:22:51,163] {logging_mixin.py:115} INFO - [2023-04-02 18:22:51,163] {dagbag.py:507} INFO - Filling up the DagBag from /home/airflow/.local/lib/python3.7/site-packages/airflow/example_dags/example_short_circuit_operator.py
[2023-04-02 18:22:51,181] {processor.py:651} INFO - DAG(s) dict_keys(['example_short_circuit_operator']) retrieved from /home/airflow/.local/lib/python3.7/site-packages/airflow/example_dags/example_short_circuit_operator.py
[2023-04-02 18:22:51,221] {logging_mixin.py:115} INFO - [2023-04-02 18:22:51,221] {dag.py:2371} INFO - Sync 1 DAGs
[2023-04-02 18:22:51,252] {logging_mixin.py:115} INFO - [2023-04-02 18:22:51,252] {dag.py:2919} INFO - Setting next_dagrun for example_short_circuit_operator to 2023-04-01T18:22:51.251941+00:00, run_after=2023-04-02T18:22:51.251941+00:00
[2023-04-02 18:22:51,269] {processor.py:161} INFO - Processing /home/airflow/.local/lib/python3.7/site-packages/airflow/example_dags/example_short_circuit_operator.py took 0.115 seconds
[2023-04-02 18:23:21,479] {processor.py:153} INFO - Started process (PID=3353) to work on /home/airflow/.local/lib/python3.7/site-packages/airflow/example_dags/example_short_circuit_operator.py
[2023-04-02 18:23:21,481] {processor.py:641} INFO - Processing file /home/airflow/.local/lib/python3.7/site-packages/airflow/example_dags/example_short_circuit_operator.py for tasks to queue
[2023-04-02 18:23:21,483] {logging_mixin.py:115} INFO - [2023-04-02 18:23:21,483] {dagbag.py:507} INFO - Filling up the DagBag from /home/airflow/.local/lib/python3.7/site-packages/airflow/example_dags/example_short_circuit_operator.py
[2023-04-02 18:23:21,497] {processor.py:651} INFO - DAG(s) dict_keys(['example_short_circuit_operator']) retrieved from /home/airflow/.local/lib/python3.7/site-packages/airflow/example_dags/example_short_circuit_operator.py
[2023-04-02 18:23:21,529] {logging_mixin.py:115} INFO - [2023-04-02 18:23:21,529] {dag.py:2371} INFO - Sync 1 DAGs
[2023-04-02 18:23:21,556] {logging_mixin.py:115} INFO - [2023-04-02 18:23:21,556] {dag.py:2919} INFO - Setting next_dagrun for example_short_circuit_operator to 2023-04-01T18:23:21.555985+00:00, run_after=2023-04-02T18:23:21.555985+00:00
[2023-04-02 18:23:21,571] {processor.py:161} INFO - Processing /home/airflow/.local/lib/python3.7/site-packages/airflow/example_dags/example_short_circuit_operator.py took 0.096 seconds
