[2023-04-02 17:55:27,111] {processor.py:153} INFO - Started process (PID=65) to work on /home/airflow/.local/lib/python3.7/site-packages/airflow/example_dags/example_branch_day_of_week_operator.py
[2023-04-02 17:55:27,113] {processor.py:641} INFO - Processing file /home/airflow/.local/lib/python3.7/site-packages/airflow/example_dags/example_branch_day_of_week_operator.py for tasks to queue
[2023-04-02 17:55:27,116] {logging_mixin.py:115} INFO - [2023-04-02 17:55:27,115] {dagbag.py:507} INFO - Filling up the DagBag from /home/airflow/.local/lib/python3.7/site-packages/airflow/example_dags/example_branch_day_of_week_operator.py
[2023-04-02 17:55:27,134] {processor.py:651} INFO - DAG(s) dict_keys(['example_weekday_branch_operator']) retrieved from /home/airflow/.local/lib/python3.7/site-packages/airflow/example_dags/example_branch_day_of_week_operator.py
[2023-04-02 17:55:27,435] {logging_mixin.py:115} INFO - [2023-04-02 17:55:27,435] {manager.py:508} INFO - Created Permission View: can edit on DAG:example_weekday_branch_operator
[2023-04-02 17:55:27,453] {logging_mixin.py:115} INFO - [2023-04-02 17:55:27,453] {manager.py:508} INFO - Created Permission View: can delete on DAG:example_weekday_branch_operator
[2023-04-02 17:55:27,468] {logging_mixin.py:115} INFO - [2023-04-02 17:55:27,468] {manager.py:508} INFO - Created Permission View: can read on DAG:example_weekday_branch_operator
[2023-04-02 17:55:27,470] {logging_mixin.py:115} INFO - [2023-04-02 17:55:27,470] {dag.py:2371} INFO - Sync 1 DAGs
[2023-04-02 17:55:27,484] {logging_mixin.py:115} INFO - [2023-04-02 17:55:27,484] {dag.py:2390} INFO - Creating ORM DAG for example_weekday_branch_operator
[2023-04-02 17:55:27,503] {logging_mixin.py:115} INFO - [2023-04-02 17:55:27,503] {dag.py:2919} INFO - Setting next_dagrun for example_weekday_branch_operator to 2023-04-01T00:00:00+00:00, run_after=2023-04-02T00:00:00+00:00
[2023-04-02 17:55:27,524] {processor.py:161} INFO - Processing /home/airflow/.local/lib/python3.7/site-packages/airflow/example_dags/example_branch_day_of_week_operator.py took 0.419 seconds
[2023-04-02 17:55:58,433] {processor.py:153} INFO - Started process (PID=126) to work on /home/airflow/.local/lib/python3.7/site-packages/airflow/example_dags/example_branch_day_of_week_operator.py
[2023-04-02 17:55:58,434] {processor.py:641} INFO - Processing file /home/airflow/.local/lib/python3.7/site-packages/airflow/example_dags/example_branch_day_of_week_operator.py for tasks to queue
[2023-04-02 17:55:58,435] {logging_mixin.py:115} INFO - [2023-04-02 17:55:58,435] {dagbag.py:507} INFO - Filling up the DagBag from /home/airflow/.local/lib/python3.7/site-packages/airflow/example_dags/example_branch_day_of_week_operator.py
[2023-04-02 17:55:58,445] {processor.py:651} INFO - DAG(s) dict_keys(['example_weekday_branch_operator']) retrieved from /home/airflow/.local/lib/python3.7/site-packages/airflow/example_dags/example_branch_day_of_week_operator.py
[2023-04-02 17:55:58,476] {logging_mixin.py:115} INFO - [2023-04-02 17:55:58,476] {dag.py:2371} INFO - Sync 1 DAGs
[2023-04-02 17:55:58,501] {logging_mixin.py:115} INFO - [2023-04-02 17:55:58,501] {dag.py:2919} INFO - Setting next_dagrun for example_weekday_branch_operator to 2023-04-01T00:00:00+00:00, run_after=2023-04-02T00:00:00+00:00
[2023-04-02 17:55:58,515] {processor.py:161} INFO - Processing /home/airflow/.local/lib/python3.7/site-packages/airflow/example_dags/example_branch_day_of_week_operator.py took 0.088 seconds
[2023-04-02 17:56:29,410] {processor.py:153} INFO - Started process (PID=185) to work on /home/airflow/.local/lib/python3.7/site-packages/airflow/example_dags/example_branch_day_of_week_operator.py
[2023-04-02 17:56:29,411] {processor.py:641} INFO - Processing file /home/airflow/.local/lib/python3.7/site-packages/airflow/example_dags/example_branch_day_of_week_operator.py for tasks to queue
[2023-04-02 17:56:29,413] {logging_mixin.py:115} INFO - [2023-04-02 17:56:29,413] {dagbag.py:507} INFO - Filling up the DagBag from /home/airflow/.local/lib/python3.7/site-packages/airflow/example_dags/example_branch_day_of_week_operator.py
[2023-04-02 17:56:29,423] {processor.py:651} INFO - DAG(s) dict_keys(['example_weekday_branch_operator']) retrieved from /home/airflow/.local/lib/python3.7/site-packages/airflow/example_dags/example_branch_day_of_week_operator.py
[2023-04-02 17:56:29,452] {logging_mixin.py:115} INFO - [2023-04-02 17:56:29,452] {dag.py:2371} INFO - Sync 1 DAGs
[2023-04-02 17:56:29,477] {logging_mixin.py:115} INFO - [2023-04-02 17:56:29,477] {dag.py:2919} INFO - Setting next_dagrun for example_weekday_branch_operator to 2023-04-01T00:00:00+00:00, run_after=2023-04-02T00:00:00+00:00
[2023-04-02 17:56:29,491] {processor.py:161} INFO - Processing /home/airflow/.local/lib/python3.7/site-packages/airflow/example_dags/example_branch_day_of_week_operator.py took 0.086 seconds
[2023-04-02 17:57:00,270] {processor.py:153} INFO - Started process (PID=239) to work on /home/airflow/.local/lib/python3.7/site-packages/airflow/example_dags/example_branch_day_of_week_operator.py
[2023-04-02 17:57:00,271] {processor.py:641} INFO - Processing file /home/airflow/.local/lib/python3.7/site-packages/airflow/example_dags/example_branch_day_of_week_operator.py for tasks to queue
[2023-04-02 17:57:00,272] {logging_mixin.py:115} INFO - [2023-04-02 17:57:00,272] {dagbag.py:507} INFO - Filling up the DagBag from /home/airflow/.local/lib/python3.7/site-packages/airflow/example_dags/example_branch_day_of_week_operator.py
[2023-04-02 17:57:00,282] {processor.py:651} INFO - DAG(s) dict_keys(['example_weekday_branch_operator']) retrieved from /home/airflow/.local/lib/python3.7/site-packages/airflow/example_dags/example_branch_day_of_week_operator.py
[2023-04-02 17:57:00,310] {logging_mixin.py:115} INFO - [2023-04-02 17:57:00,310] {dag.py:2371} INFO - Sync 1 DAGs
[2023-04-02 17:57:00,334] {logging_mixin.py:115} INFO - [2023-04-02 17:57:00,334] {dag.py:2919} INFO - Setting next_dagrun for example_weekday_branch_operator to 2023-04-01T00:00:00+00:00, run_after=2023-04-02T00:00:00+00:00
[2023-04-02 17:57:00,348] {processor.py:161} INFO - Processing /home/airflow/.local/lib/python3.7/site-packages/airflow/example_dags/example_branch_day_of_week_operator.py took 0.082 seconds
[2023-04-02 17:57:31,242] {processor.py:153} INFO - Started process (PID=300) to work on /home/airflow/.local/lib/python3.7/site-packages/airflow/example_dags/example_branch_day_of_week_operator.py
[2023-04-02 17:57:31,245] {processor.py:641} INFO - Processing file /home/airflow/.local/lib/python3.7/site-packages/airflow/example_dags/example_branch_day_of_week_operator.py for tasks to queue
[2023-04-02 17:57:31,250] {logging_mixin.py:115} INFO - [2023-04-02 17:57:31,250] {dagbag.py:507} INFO - Filling up the DagBag from /home/airflow/.local/lib/python3.7/site-packages/airflow/example_dags/example_branch_day_of_week_operator.py
[2023-04-02 17:57:31,263] {processor.py:651} INFO - DAG(s) dict_keys(['example_weekday_branch_operator']) retrieved from /home/airflow/.local/lib/python3.7/site-packages/airflow/example_dags/example_branch_day_of_week_operator.py
[2023-04-02 17:57:31,300] {logging_mixin.py:115} INFO - [2023-04-02 17:57:31,300] {dag.py:2371} INFO - Sync 1 DAGs
[2023-04-02 17:57:31,326] {logging_mixin.py:115} INFO - [2023-04-02 17:57:31,326] {dag.py:2919} INFO - Setting next_dagrun for example_weekday_branch_operator to 2023-04-01T00:00:00+00:00, run_after=2023-04-02T00:00:00+00:00
[2023-04-02 17:57:31,342] {processor.py:161} INFO - Processing /home/airflow/.local/lib/python3.7/site-packages/airflow/example_dags/example_branch_day_of_week_operator.py took 0.105 seconds
[2023-04-02 17:58:01,423] {processor.py:153} INFO - Started process (PID=361) to work on /home/airflow/.local/lib/python3.7/site-packages/airflow/example_dags/example_branch_day_of_week_operator.py
[2023-04-02 17:58:01,425] {processor.py:641} INFO - Processing file /home/airflow/.local/lib/python3.7/site-packages/airflow/example_dags/example_branch_day_of_week_operator.py for tasks to queue
[2023-04-02 17:58:01,426] {logging_mixin.py:115} INFO - [2023-04-02 17:58:01,426] {dagbag.py:507} INFO - Filling up the DagBag from /home/airflow/.local/lib/python3.7/site-packages/airflow/example_dags/example_branch_day_of_week_operator.py
[2023-04-02 17:58:01,437] {processor.py:651} INFO - DAG(s) dict_keys(['example_weekday_branch_operator']) retrieved from /home/airflow/.local/lib/python3.7/site-packages/airflow/example_dags/example_branch_day_of_week_operator.py
[2023-04-02 17:58:01,468] {logging_mixin.py:115} INFO - [2023-04-02 17:58:01,468] {dag.py:2371} INFO - Sync 1 DAGs
[2023-04-02 17:58:01,512] {logging_mixin.py:115} INFO - [2023-04-02 17:58:01,512] {dag.py:2919} INFO - Setting next_dagrun for example_weekday_branch_operator to 2023-04-01T00:00:00+00:00, run_after=2023-04-02T00:00:00+00:00
[2023-04-02 17:58:01,539] {processor.py:161} INFO - Processing /home/airflow/.local/lib/python3.7/site-packages/airflow/example_dags/example_branch_day_of_week_operator.py took 0.120 seconds
[2023-04-02 17:58:32,571] {processor.py:153} INFO - Started process (PID=413) to work on /home/airflow/.local/lib/python3.7/site-packages/airflow/example_dags/example_branch_day_of_week_operator.py
[2023-04-02 17:58:32,572] {processor.py:641} INFO - Processing file /home/airflow/.local/lib/python3.7/site-packages/airflow/example_dags/example_branch_day_of_week_operator.py for tasks to queue
[2023-04-02 17:58:32,574] {logging_mixin.py:115} INFO - [2023-04-02 17:58:32,574] {dagbag.py:507} INFO - Filling up the DagBag from /home/airflow/.local/lib/python3.7/site-packages/airflow/example_dags/example_branch_day_of_week_operator.py
[2023-04-02 17:58:32,583] {processor.py:651} INFO - DAG(s) dict_keys(['example_weekday_branch_operator']) retrieved from /home/airflow/.local/lib/python3.7/site-packages/airflow/example_dags/example_branch_day_of_week_operator.py
[2023-04-02 17:58:32,611] {logging_mixin.py:115} INFO - [2023-04-02 17:58:32,611] {dag.py:2371} INFO - Sync 1 DAGs
[2023-04-02 17:58:32,637] {logging_mixin.py:115} INFO - [2023-04-02 17:58:32,636] {dag.py:2919} INFO - Setting next_dagrun for example_weekday_branch_operator to 2023-04-01T00:00:00+00:00, run_after=2023-04-02T00:00:00+00:00
[2023-04-02 17:58:32,651] {processor.py:161} INFO - Processing /home/airflow/.local/lib/python3.7/site-packages/airflow/example_dags/example_branch_day_of_week_operator.py took 0.083 seconds
[2023-04-02 17:59:03,539] {processor.py:153} INFO - Started process (PID=475) to work on /home/airflow/.local/lib/python3.7/site-packages/airflow/example_dags/example_branch_day_of_week_operator.py
[2023-04-02 17:59:03,541] {processor.py:641} INFO - Processing file /home/airflow/.local/lib/python3.7/site-packages/airflow/example_dags/example_branch_day_of_week_operator.py for tasks to queue
[2023-04-02 17:59:03,542] {logging_mixin.py:115} INFO - [2023-04-02 17:59:03,542] {dagbag.py:507} INFO - Filling up the DagBag from /home/airflow/.local/lib/python3.7/site-packages/airflow/example_dags/example_branch_day_of_week_operator.py
[2023-04-02 17:59:03,551] {processor.py:651} INFO - DAG(s) dict_keys(['example_weekday_branch_operator']) retrieved from /home/airflow/.local/lib/python3.7/site-packages/airflow/example_dags/example_branch_day_of_week_operator.py
[2023-04-02 17:59:03,581] {logging_mixin.py:115} INFO - [2023-04-02 17:59:03,580] {dag.py:2371} INFO - Sync 1 DAGs
[2023-04-02 17:59:03,607] {logging_mixin.py:115} INFO - [2023-04-02 17:59:03,607] {dag.py:2919} INFO - Setting next_dagrun for example_weekday_branch_operator to 2023-04-01T00:00:00+00:00, run_after=2023-04-02T00:00:00+00:00
[2023-04-02 17:59:03,621] {processor.py:161} INFO - Processing /home/airflow/.local/lib/python3.7/site-packages/airflow/example_dags/example_branch_day_of_week_operator.py took 0.086 seconds
[2023-04-02 17:59:33,861] {processor.py:153} INFO - Started process (PID=536) to work on /home/airflow/.local/lib/python3.7/site-packages/airflow/example_dags/example_branch_day_of_week_operator.py
[2023-04-02 17:59:33,862] {processor.py:641} INFO - Processing file /home/airflow/.local/lib/python3.7/site-packages/airflow/example_dags/example_branch_day_of_week_operator.py for tasks to queue
[2023-04-02 17:59:33,864] {logging_mixin.py:115} INFO - [2023-04-02 17:59:33,864] {dagbag.py:507} INFO - Filling up the DagBag from /home/airflow/.local/lib/python3.7/site-packages/airflow/example_dags/example_branch_day_of_week_operator.py
[2023-04-02 17:59:33,875] {processor.py:651} INFO - DAG(s) dict_keys(['example_weekday_branch_operator']) retrieved from /home/airflow/.local/lib/python3.7/site-packages/airflow/example_dags/example_branch_day_of_week_operator.py
[2023-04-02 17:59:33,906] {logging_mixin.py:115} INFO - [2023-04-02 17:59:33,906] {dag.py:2371} INFO - Sync 1 DAGs
[2023-04-02 17:59:33,932] {logging_mixin.py:115} INFO - [2023-04-02 17:59:33,932] {dag.py:2919} INFO - Setting next_dagrun for example_weekday_branch_operator to 2023-04-01T00:00:00+00:00, run_after=2023-04-02T00:00:00+00:00
[2023-04-02 17:59:33,946] {processor.py:161} INFO - Processing /home/airflow/.local/lib/python3.7/site-packages/airflow/example_dags/example_branch_day_of_week_operator.py took 0.089 seconds
[2023-04-02 18:00:04,347] {processor.py:153} INFO - Started process (PID=597) to work on /home/airflow/.local/lib/python3.7/site-packages/airflow/example_dags/example_branch_day_of_week_operator.py
[2023-04-02 18:00:04,363] {processor.py:641} INFO - Processing file /home/airflow/.local/lib/python3.7/site-packages/airflow/example_dags/example_branch_day_of_week_operator.py for tasks to queue
[2023-04-02 18:00:04,364] {logging_mixin.py:115} INFO - [2023-04-02 18:00:04,364] {dagbag.py:507} INFO - Filling up the DagBag from /home/airflow/.local/lib/python3.7/site-packages/airflow/example_dags/example_branch_day_of_week_operator.py
[2023-04-02 18:00:04,377] {processor.py:651} INFO - DAG(s) dict_keys(['example_weekday_branch_operator']) retrieved from /home/airflow/.local/lib/python3.7/site-packages/airflow/example_dags/example_branch_day_of_week_operator.py
[2023-04-02 18:00:04,415] {logging_mixin.py:115} INFO - [2023-04-02 18:00:04,415] {dag.py:2371} INFO - Sync 1 DAGs
[2023-04-02 18:00:04,451] {logging_mixin.py:115} INFO - [2023-04-02 18:00:04,451] {dag.py:2919} INFO - Setting next_dagrun for example_weekday_branch_operator to 2023-04-01T00:00:00+00:00, run_after=2023-04-02T00:00:00+00:00
[2023-04-02 18:00:04,469] {processor.py:161} INFO - Processing /home/airflow/.local/lib/python3.7/site-packages/airflow/example_dags/example_branch_day_of_week_operator.py took 0.127 seconds
[2023-04-02 18:00:35,133] {processor.py:153} INFO - Started process (PID=651) to work on /home/airflow/.local/lib/python3.7/site-packages/airflow/example_dags/example_branch_day_of_week_operator.py
[2023-04-02 18:00:35,135] {processor.py:641} INFO - Processing file /home/airflow/.local/lib/python3.7/site-packages/airflow/example_dags/example_branch_day_of_week_operator.py for tasks to queue
[2023-04-02 18:00:35,136] {logging_mixin.py:115} INFO - [2023-04-02 18:00:35,136] {dagbag.py:507} INFO - Filling up the DagBag from /home/airflow/.local/lib/python3.7/site-packages/airflow/example_dags/example_branch_day_of_week_operator.py
[2023-04-02 18:00:35,145] {processor.py:651} INFO - DAG(s) dict_keys(['example_weekday_branch_operator']) retrieved from /home/airflow/.local/lib/python3.7/site-packages/airflow/example_dags/example_branch_day_of_week_operator.py
[2023-04-02 18:00:35,176] {logging_mixin.py:115} INFO - [2023-04-02 18:00:35,176] {dag.py:2371} INFO - Sync 1 DAGs
[2023-04-02 18:00:35,204] {logging_mixin.py:115} INFO - [2023-04-02 18:00:35,204] {dag.py:2919} INFO - Setting next_dagrun for example_weekday_branch_operator to 2023-04-01T00:00:00+00:00, run_after=2023-04-02T00:00:00+00:00
[2023-04-02 18:00:35,347] {processor.py:161} INFO - Processing /home/airflow/.local/lib/python3.7/site-packages/airflow/example_dags/example_branch_day_of_week_operator.py took 0.219 seconds
[2023-04-02 18:01:05,862] {processor.py:153} INFO - Started process (PID=714) to work on /home/airflow/.local/lib/python3.7/site-packages/airflow/example_dags/example_branch_day_of_week_operator.py
[2023-04-02 18:01:05,863] {processor.py:641} INFO - Processing file /home/airflow/.local/lib/python3.7/site-packages/airflow/example_dags/example_branch_day_of_week_operator.py for tasks to queue
[2023-04-02 18:01:05,865] {logging_mixin.py:115} INFO - [2023-04-02 18:01:05,865] {dagbag.py:507} INFO - Filling up the DagBag from /home/airflow/.local/lib/python3.7/site-packages/airflow/example_dags/example_branch_day_of_week_operator.py
[2023-04-02 18:01:05,875] {processor.py:651} INFO - DAG(s) dict_keys(['example_weekday_branch_operator']) retrieved from /home/airflow/.local/lib/python3.7/site-packages/airflow/example_dags/example_branch_day_of_week_operator.py
[2023-04-02 18:01:05,903] {logging_mixin.py:115} INFO - [2023-04-02 18:01:05,903] {dag.py:2371} INFO - Sync 1 DAGs
[2023-04-02 18:01:05,929] {logging_mixin.py:115} INFO - [2023-04-02 18:01:05,929] {dag.py:2919} INFO - Setting next_dagrun for example_weekday_branch_operator to 2023-04-01T00:00:00+00:00, run_after=2023-04-02T00:00:00+00:00
[2023-04-02 18:01:06,066] {processor.py:161} INFO - Processing /home/airflow/.local/lib/python3.7/site-packages/airflow/example_dags/example_branch_day_of_week_operator.py took 0.208 seconds
[2023-04-02 18:01:36,243] {processor.py:153} INFO - Started process (PID=781) to work on /home/airflow/.local/lib/python3.7/site-packages/airflow/example_dags/example_branch_day_of_week_operator.py
[2023-04-02 18:01:36,245] {processor.py:641} INFO - Processing file /home/airflow/.local/lib/python3.7/site-packages/airflow/example_dags/example_branch_day_of_week_operator.py for tasks to queue
[2023-04-02 18:01:36,246] {logging_mixin.py:115} INFO - [2023-04-02 18:01:36,246] {dagbag.py:507} INFO - Filling up the DagBag from /home/airflow/.local/lib/python3.7/site-packages/airflow/example_dags/example_branch_day_of_week_operator.py
[2023-04-02 18:01:36,257] {processor.py:651} INFO - DAG(s) dict_keys(['example_weekday_branch_operator']) retrieved from /home/airflow/.local/lib/python3.7/site-packages/airflow/example_dags/example_branch_day_of_week_operator.py
[2023-04-02 18:01:36,291] {logging_mixin.py:115} INFO - [2023-04-02 18:01:36,291] {dag.py:2371} INFO - Sync 1 DAGs
[2023-04-02 18:01:36,318] {logging_mixin.py:115} INFO - [2023-04-02 18:01:36,318] {dag.py:2919} INFO - Setting next_dagrun for example_weekday_branch_operator to 2023-04-01T00:00:00+00:00, run_after=2023-04-02T00:00:00+00:00
[2023-04-02 18:01:36,452] {processor.py:161} INFO - Processing /home/airflow/.local/lib/python3.7/site-packages/airflow/example_dags/example_branch_day_of_week_operator.py took 0.214 seconds
[2023-04-02 18:02:06,612] {processor.py:153} INFO - Started process (PID=835) to work on /home/airflow/.local/lib/python3.7/site-packages/airflow/example_dags/example_branch_day_of_week_operator.py
[2023-04-02 18:02:06,613] {processor.py:641} INFO - Processing file /home/airflow/.local/lib/python3.7/site-packages/airflow/example_dags/example_branch_day_of_week_operator.py for tasks to queue
[2023-04-02 18:02:06,614] {logging_mixin.py:115} INFO - [2023-04-02 18:02:06,614] {dagbag.py:507} INFO - Filling up the DagBag from /home/airflow/.local/lib/python3.7/site-packages/airflow/example_dags/example_branch_day_of_week_operator.py
[2023-04-02 18:02:06,624] {processor.py:651} INFO - DAG(s) dict_keys(['example_weekday_branch_operator']) retrieved from /home/airflow/.local/lib/python3.7/site-packages/airflow/example_dags/example_branch_day_of_week_operator.py
[2023-04-02 18:02:06,652] {logging_mixin.py:115} INFO - [2023-04-02 18:02:06,652] {dag.py:2371} INFO - Sync 1 DAGs
[2023-04-02 18:02:06,679] {logging_mixin.py:115} INFO - [2023-04-02 18:02:06,679] {dag.py:2919} INFO - Setting next_dagrun for example_weekday_branch_operator to 2023-04-01T00:00:00+00:00, run_after=2023-04-02T00:00:00+00:00
[2023-04-02 18:02:06,820] {processor.py:161} INFO - Processing /home/airflow/.local/lib/python3.7/site-packages/airflow/example_dags/example_branch_day_of_week_operator.py took 0.212 seconds
[2023-04-02 18:02:37,114] {processor.py:153} INFO - Started process (PID=898) to work on /home/airflow/.local/lib/python3.7/site-packages/airflow/example_dags/example_branch_day_of_week_operator.py
[2023-04-02 18:02:37,115] {processor.py:641} INFO - Processing file /home/airflow/.local/lib/python3.7/site-packages/airflow/example_dags/example_branch_day_of_week_operator.py for tasks to queue
[2023-04-02 18:02:37,118] {logging_mixin.py:115} INFO - [2023-04-02 18:02:37,117] {dagbag.py:507} INFO - Filling up the DagBag from /home/airflow/.local/lib/python3.7/site-packages/airflow/example_dags/example_branch_day_of_week_operator.py
[2023-04-02 18:02:37,128] {processor.py:651} INFO - DAG(s) dict_keys(['example_weekday_branch_operator']) retrieved from /home/airflow/.local/lib/python3.7/site-packages/airflow/example_dags/example_branch_day_of_week_operator.py
[2023-04-02 18:02:37,159] {logging_mixin.py:115} INFO - [2023-04-02 18:02:37,158] {dag.py:2371} INFO - Sync 1 DAGs
[2023-04-02 18:02:37,188] {logging_mixin.py:115} INFO - [2023-04-02 18:02:37,188] {dag.py:2919} INFO - Setting next_dagrun for example_weekday_branch_operator to 2023-04-01T00:00:00+00:00, run_after=2023-04-02T00:00:00+00:00
[2023-04-02 18:02:37,326] {processor.py:161} INFO - Processing /home/airflow/.local/lib/python3.7/site-packages/airflow/example_dags/example_branch_day_of_week_operator.py took 0.216 seconds
[2023-04-02 18:03:07,649] {processor.py:153} INFO - Started process (PID=961) to work on /home/airflow/.local/lib/python3.7/site-packages/airflow/example_dags/example_branch_day_of_week_operator.py
[2023-04-02 18:03:07,651] {processor.py:641} INFO - Processing file /home/airflow/.local/lib/python3.7/site-packages/airflow/example_dags/example_branch_day_of_week_operator.py for tasks to queue
[2023-04-02 18:03:07,652] {logging_mixin.py:115} INFO - [2023-04-02 18:03:07,652] {dagbag.py:507} INFO - Filling up the DagBag from /home/airflow/.local/lib/python3.7/site-packages/airflow/example_dags/example_branch_day_of_week_operator.py
[2023-04-02 18:03:07,662] {processor.py:651} INFO - DAG(s) dict_keys(['example_weekday_branch_operator']) retrieved from /home/airflow/.local/lib/python3.7/site-packages/airflow/example_dags/example_branch_day_of_week_operator.py
[2023-04-02 18:03:07,696] {logging_mixin.py:115} INFO - [2023-04-02 18:03:07,696] {dag.py:2371} INFO - Sync 1 DAGs
[2023-04-02 18:03:07,733] {logging_mixin.py:115} INFO - [2023-04-02 18:03:07,733] {dag.py:2919} INFO - Setting next_dagrun for example_weekday_branch_operator to 2023-04-01T00:00:00+00:00, run_after=2023-04-02T00:00:00+00:00
[2023-04-02 18:03:07,883] {processor.py:161} INFO - Processing /home/airflow/.local/lib/python3.7/site-packages/airflow/example_dags/example_branch_day_of_week_operator.py took 0.238 seconds
[2023-04-02 18:03:38,252] {processor.py:153} INFO - Started process (PID=1015) to work on /home/airflow/.local/lib/python3.7/site-packages/airflow/example_dags/example_branch_day_of_week_operator.py
[2023-04-02 18:03:38,254] {processor.py:641} INFO - Processing file /home/airflow/.local/lib/python3.7/site-packages/airflow/example_dags/example_branch_day_of_week_operator.py for tasks to queue
[2023-04-02 18:03:38,255] {logging_mixin.py:115} INFO - [2023-04-02 18:03:38,255] {dagbag.py:507} INFO - Filling up the DagBag from /home/airflow/.local/lib/python3.7/site-packages/airflow/example_dags/example_branch_day_of_week_operator.py
[2023-04-02 18:03:38,266] {processor.py:651} INFO - DAG(s) dict_keys(['example_weekday_branch_operator']) retrieved from /home/airflow/.local/lib/python3.7/site-packages/airflow/example_dags/example_branch_day_of_week_operator.py
[2023-04-02 18:03:38,300] {logging_mixin.py:115} INFO - [2023-04-02 18:03:38,300] {dag.py:2371} INFO - Sync 1 DAGs
[2023-04-02 18:03:38,330] {logging_mixin.py:115} INFO - [2023-04-02 18:03:38,330] {dag.py:2919} INFO - Setting next_dagrun for example_weekday_branch_operator to 2023-04-01T00:00:00+00:00, run_after=2023-04-02T00:00:00+00:00
[2023-04-02 18:03:38,497] {processor.py:161} INFO - Processing /home/airflow/.local/lib/python3.7/site-packages/airflow/example_dags/example_branch_day_of_week_operator.py took 0.250 seconds
[2023-04-02 18:04:08,710] {processor.py:153} INFO - Started process (PID=1078) to work on /home/airflow/.local/lib/python3.7/site-packages/airflow/example_dags/example_branch_day_of_week_operator.py
[2023-04-02 18:04:08,713] {processor.py:641} INFO - Processing file /home/airflow/.local/lib/python3.7/site-packages/airflow/example_dags/example_branch_day_of_week_operator.py for tasks to queue
[2023-04-02 18:04:08,714] {logging_mixin.py:115} INFO - [2023-04-02 18:04:08,714] {dagbag.py:507} INFO - Filling up the DagBag from /home/airflow/.local/lib/python3.7/site-packages/airflow/example_dags/example_branch_day_of_week_operator.py
[2023-04-02 18:04:08,726] {processor.py:651} INFO - DAG(s) dict_keys(['example_weekday_branch_operator']) retrieved from /home/airflow/.local/lib/python3.7/site-packages/airflow/example_dags/example_branch_day_of_week_operator.py
[2023-04-02 18:04:08,761] {logging_mixin.py:115} INFO - [2023-04-02 18:04:08,761] {dag.py:2371} INFO - Sync 1 DAGs
[2023-04-02 18:04:08,790] {logging_mixin.py:115} INFO - [2023-04-02 18:04:08,790] {dag.py:2919} INFO - Setting next_dagrun for example_weekday_branch_operator to 2023-04-01T00:00:00+00:00, run_after=2023-04-02T00:00:00+00:00
[2023-04-02 18:04:08,928] {processor.py:161} INFO - Processing /home/airflow/.local/lib/python3.7/site-packages/airflow/example_dags/example_branch_day_of_week_operator.py took 0.222 seconds
[2023-04-02 18:04:39,311] {processor.py:153} INFO - Started process (PID=1141) to work on /home/airflow/.local/lib/python3.7/site-packages/airflow/example_dags/example_branch_day_of_week_operator.py
[2023-04-02 18:04:39,312] {processor.py:641} INFO - Processing file /home/airflow/.local/lib/python3.7/site-packages/airflow/example_dags/example_branch_day_of_week_operator.py for tasks to queue
[2023-04-02 18:04:39,313] {logging_mixin.py:115} INFO - [2023-04-02 18:04:39,313] {dagbag.py:507} INFO - Filling up the DagBag from /home/airflow/.local/lib/python3.7/site-packages/airflow/example_dags/example_branch_day_of_week_operator.py
[2023-04-02 18:04:39,323] {processor.py:651} INFO - DAG(s) dict_keys(['example_weekday_branch_operator']) retrieved from /home/airflow/.local/lib/python3.7/site-packages/airflow/example_dags/example_branch_day_of_week_operator.py
[2023-04-02 18:04:39,352] {logging_mixin.py:115} INFO - [2023-04-02 18:04:39,352] {dag.py:2371} INFO - Sync 1 DAGs
[2023-04-02 18:04:39,382] {logging_mixin.py:115} INFO - [2023-04-02 18:04:39,381] {dag.py:2919} INFO - Setting next_dagrun for example_weekday_branch_operator to 2023-04-01T00:00:00+00:00, run_after=2023-04-02T00:00:00+00:00
[2023-04-02 18:04:39,516] {processor.py:161} INFO - Processing /home/airflow/.local/lib/python3.7/site-packages/airflow/example_dags/example_branch_day_of_week_operator.py took 0.209 seconds
[2023-04-02 18:05:09,944] {processor.py:153} INFO - Started process (PID=1204) to work on /home/airflow/.local/lib/python3.7/site-packages/airflow/example_dags/example_branch_day_of_week_operator.py
[2023-04-02 18:05:09,946] {processor.py:641} INFO - Processing file /home/airflow/.local/lib/python3.7/site-packages/airflow/example_dags/example_branch_day_of_week_operator.py for tasks to queue
[2023-04-02 18:05:09,948] {logging_mixin.py:115} INFO - [2023-04-02 18:05:09,948] {dagbag.py:507} INFO - Filling up the DagBag from /home/airflow/.local/lib/python3.7/site-packages/airflow/example_dags/example_branch_day_of_week_operator.py
[2023-04-02 18:05:09,961] {processor.py:651} INFO - DAG(s) dict_keys(['example_weekday_branch_operator']) retrieved from /home/airflow/.local/lib/python3.7/site-packages/airflow/example_dags/example_branch_day_of_week_operator.py
[2023-04-02 18:05:09,998] {logging_mixin.py:115} INFO - [2023-04-02 18:05:09,998] {dag.py:2371} INFO - Sync 1 DAGs
[2023-04-02 18:05:10,029] {logging_mixin.py:115} INFO - [2023-04-02 18:05:10,028] {dag.py:2919} INFO - Setting next_dagrun for example_weekday_branch_operator to 2023-04-01T00:00:00+00:00, run_after=2023-04-02T00:00:00+00:00
[2023-04-02 18:05:10,176] {processor.py:161} INFO - Processing /home/airflow/.local/lib/python3.7/site-packages/airflow/example_dags/example_branch_day_of_week_operator.py took 0.239 seconds
[2023-04-02 18:05:40,316] {processor.py:153} INFO - Started process (PID=1259) to work on /home/airflow/.local/lib/python3.7/site-packages/airflow/example_dags/example_branch_day_of_week_operator.py
[2023-04-02 18:05:40,318] {processor.py:641} INFO - Processing file /home/airflow/.local/lib/python3.7/site-packages/airflow/example_dags/example_branch_day_of_week_operator.py for tasks to queue
[2023-04-02 18:05:40,320] {logging_mixin.py:115} INFO - [2023-04-02 18:05:40,320] {dagbag.py:507} INFO - Filling up the DagBag from /home/airflow/.local/lib/python3.7/site-packages/airflow/example_dags/example_branch_day_of_week_operator.py
[2023-04-02 18:05:40,330] {processor.py:651} INFO - DAG(s) dict_keys(['example_weekday_branch_operator']) retrieved from /home/airflow/.local/lib/python3.7/site-packages/airflow/example_dags/example_branch_day_of_week_operator.py
[2023-04-02 18:05:40,360] {logging_mixin.py:115} INFO - [2023-04-02 18:05:40,360] {dag.py:2371} INFO - Sync 1 DAGs
[2023-04-02 18:05:40,505] {logging_mixin.py:115} INFO - [2023-04-02 18:05:40,505] {dag.py:2919} INFO - Setting next_dagrun for example_weekday_branch_operator to 2023-04-01T00:00:00+00:00, run_after=2023-04-02T00:00:00+00:00
[2023-04-02 18:05:40,520] {processor.py:161} INFO - Processing /home/airflow/.local/lib/python3.7/site-packages/airflow/example_dags/example_branch_day_of_week_operator.py took 0.208 seconds
[2023-04-02 18:06:11,053] {processor.py:153} INFO - Started process (PID=1323) to work on /home/airflow/.local/lib/python3.7/site-packages/airflow/example_dags/example_branch_day_of_week_operator.py
[2023-04-02 18:06:11,054] {processor.py:641} INFO - Processing file /home/airflow/.local/lib/python3.7/site-packages/airflow/example_dags/example_branch_day_of_week_operator.py for tasks to queue
[2023-04-02 18:06:11,055] {logging_mixin.py:115} INFO - [2023-04-02 18:06:11,055] {dagbag.py:507} INFO - Filling up the DagBag from /home/airflow/.local/lib/python3.7/site-packages/airflow/example_dags/example_branch_day_of_week_operator.py
[2023-04-02 18:06:11,065] {processor.py:651} INFO - DAG(s) dict_keys(['example_weekday_branch_operator']) retrieved from /home/airflow/.local/lib/python3.7/site-packages/airflow/example_dags/example_branch_day_of_week_operator.py
[2023-04-02 18:06:11,093] {logging_mixin.py:115} INFO - [2023-04-02 18:06:11,093] {dag.py:2371} INFO - Sync 1 DAGs
[2023-04-02 18:06:11,239] {logging_mixin.py:115} INFO - [2023-04-02 18:06:11,239] {dag.py:2919} INFO - Setting next_dagrun for example_weekday_branch_operator to 2023-04-01T00:00:00+00:00, run_after=2023-04-02T00:00:00+00:00
[2023-04-02 18:06:11,253] {processor.py:161} INFO - Processing /home/airflow/.local/lib/python3.7/site-packages/airflow/example_dags/example_branch_day_of_week_operator.py took 0.204 seconds
[2023-04-02 18:06:41,982] {processor.py:153} INFO - Started process (PID=1386) to work on /home/airflow/.local/lib/python3.7/site-packages/airflow/example_dags/example_branch_day_of_week_operator.py
[2023-04-02 18:06:41,984] {processor.py:641} INFO - Processing file /home/airflow/.local/lib/python3.7/site-packages/airflow/example_dags/example_branch_day_of_week_operator.py for tasks to queue
[2023-04-02 18:06:41,986] {logging_mixin.py:115} INFO - [2023-04-02 18:06:41,985] {dagbag.py:507} INFO - Filling up the DagBag from /home/airflow/.local/lib/python3.7/site-packages/airflow/example_dags/example_branch_day_of_week_operator.py
[2023-04-02 18:06:41,995] {processor.py:651} INFO - DAG(s) dict_keys(['example_weekday_branch_operator']) retrieved from /home/airflow/.local/lib/python3.7/site-packages/airflow/example_dags/example_branch_day_of_week_operator.py
[2023-04-02 18:06:42,026] {logging_mixin.py:115} INFO - [2023-04-02 18:06:42,026] {dag.py:2371} INFO - Sync 1 DAGs
[2023-04-02 18:06:42,177] {logging_mixin.py:115} INFO - [2023-04-02 18:06:42,177] {dag.py:2919} INFO - Setting next_dagrun for example_weekday_branch_operator to 2023-04-01T00:00:00+00:00, run_after=2023-04-02T00:00:00+00:00
[2023-04-02 18:06:42,191] {processor.py:161} INFO - Processing /home/airflow/.local/lib/python3.7/site-packages/airflow/example_dags/example_branch_day_of_week_operator.py took 0.213 seconds
[2023-04-02 18:07:12,802] {processor.py:153} INFO - Started process (PID=1440) to work on /home/airflow/.local/lib/python3.7/site-packages/airflow/example_dags/example_branch_day_of_week_operator.py
[2023-04-02 18:07:12,804] {processor.py:641} INFO - Processing file /home/airflow/.local/lib/python3.7/site-packages/airflow/example_dags/example_branch_day_of_week_operator.py for tasks to queue
[2023-04-02 18:07:12,805] {logging_mixin.py:115} INFO - [2023-04-02 18:07:12,805] {dagbag.py:507} INFO - Filling up the DagBag from /home/airflow/.local/lib/python3.7/site-packages/airflow/example_dags/example_branch_day_of_week_operator.py
[2023-04-02 18:07:12,814] {processor.py:651} INFO - DAG(s) dict_keys(['example_weekday_branch_operator']) retrieved from /home/airflow/.local/lib/python3.7/site-packages/airflow/example_dags/example_branch_day_of_week_operator.py
[2023-04-02 18:07:12,842] {logging_mixin.py:115} INFO - [2023-04-02 18:07:12,842] {dag.py:2371} INFO - Sync 1 DAGs
[2023-04-02 18:07:12,981] {logging_mixin.py:115} INFO - [2023-04-02 18:07:12,981] {dag.py:2919} INFO - Setting next_dagrun for example_weekday_branch_operator to 2023-04-01T00:00:00+00:00, run_after=2023-04-02T00:00:00+00:00
[2023-04-02 18:07:12,995] {processor.py:161} INFO - Processing /home/airflow/.local/lib/python3.7/site-packages/airflow/example_dags/example_branch_day_of_week_operator.py took 0.196 seconds
[2023-04-02 18:07:43,399] {processor.py:153} INFO - Started process (PID=1504) to work on /home/airflow/.local/lib/python3.7/site-packages/airflow/example_dags/example_branch_day_of_week_operator.py
[2023-04-02 18:07:43,400] {processor.py:641} INFO - Processing file /home/airflow/.local/lib/python3.7/site-packages/airflow/example_dags/example_branch_day_of_week_operator.py for tasks to queue
[2023-04-02 18:07:43,402] {logging_mixin.py:115} INFO - [2023-04-02 18:07:43,402] {dagbag.py:507} INFO - Filling up the DagBag from /home/airflow/.local/lib/python3.7/site-packages/airflow/example_dags/example_branch_day_of_week_operator.py
[2023-04-02 18:07:43,412] {processor.py:651} INFO - DAG(s) dict_keys(['example_weekday_branch_operator']) retrieved from /home/airflow/.local/lib/python3.7/site-packages/airflow/example_dags/example_branch_day_of_week_operator.py
[2023-04-02 18:07:43,442] {logging_mixin.py:115} INFO - [2023-04-02 18:07:43,442] {dag.py:2371} INFO - Sync 1 DAGs
[2023-04-02 18:07:43,586] {logging_mixin.py:115} INFO - [2023-04-02 18:07:43,586] {dag.py:2919} INFO - Setting next_dagrun for example_weekday_branch_operator to 2023-04-01T00:00:00+00:00, run_after=2023-04-02T00:00:00+00:00
[2023-04-02 18:07:43,601] {processor.py:161} INFO - Processing /home/airflow/.local/lib/python3.7/site-packages/airflow/example_dags/example_branch_day_of_week_operator.py took 0.206 seconds
[2023-04-02 18:08:14,280] {processor.py:153} INFO - Started process (PID=1567) to work on /home/airflow/.local/lib/python3.7/site-packages/airflow/example_dags/example_branch_day_of_week_operator.py
[2023-04-02 18:08:14,281] {processor.py:641} INFO - Processing file /home/airflow/.local/lib/python3.7/site-packages/airflow/example_dags/example_branch_day_of_week_operator.py for tasks to queue
[2023-04-02 18:08:14,282] {logging_mixin.py:115} INFO - [2023-04-02 18:08:14,282] {dagbag.py:507} INFO - Filling up the DagBag from /home/airflow/.local/lib/python3.7/site-packages/airflow/example_dags/example_branch_day_of_week_operator.py
[2023-04-02 18:08:14,292] {processor.py:651} INFO - DAG(s) dict_keys(['example_weekday_branch_operator']) retrieved from /home/airflow/.local/lib/python3.7/site-packages/airflow/example_dags/example_branch_day_of_week_operator.py
[2023-04-02 18:08:14,323] {logging_mixin.py:115} INFO - [2023-04-02 18:08:14,323] {dag.py:2371} INFO - Sync 1 DAGs
[2023-04-02 18:08:14,478] {logging_mixin.py:115} INFO - [2023-04-02 18:08:14,478] {dag.py:2919} INFO - Setting next_dagrun for example_weekday_branch_operator to 2023-04-01T00:00:00+00:00, run_after=2023-04-02T00:00:00+00:00
[2023-04-02 18:08:14,493] {processor.py:161} INFO - Processing /home/airflow/.local/lib/python3.7/site-packages/airflow/example_dags/example_branch_day_of_week_operator.py took 0.218 seconds
[2023-04-02 18:08:44,866] {processor.py:153} INFO - Started process (PID=1630) to work on /home/airflow/.local/lib/python3.7/site-packages/airflow/example_dags/example_branch_day_of_week_operator.py
[2023-04-02 18:08:44,868] {processor.py:641} INFO - Processing file /home/airflow/.local/lib/python3.7/site-packages/airflow/example_dags/example_branch_day_of_week_operator.py for tasks to queue
[2023-04-02 18:08:44,870] {logging_mixin.py:115} INFO - [2023-04-02 18:08:44,870] {dagbag.py:507} INFO - Filling up the DagBag from /home/airflow/.local/lib/python3.7/site-packages/airflow/example_dags/example_branch_day_of_week_operator.py
[2023-04-02 18:08:44,880] {processor.py:651} INFO - DAG(s) dict_keys(['example_weekday_branch_operator']) retrieved from /home/airflow/.local/lib/python3.7/site-packages/airflow/example_dags/example_branch_day_of_week_operator.py
[2023-04-02 18:08:44,914] {logging_mixin.py:115} INFO - [2023-04-02 18:08:44,914] {dag.py:2371} INFO - Sync 1 DAGs
[2023-04-02 18:08:45,074] {logging_mixin.py:115} INFO - [2023-04-02 18:08:45,074] {dag.py:2919} INFO - Setting next_dagrun for example_weekday_branch_operator to 2023-04-01T00:00:00+00:00, run_after=2023-04-02T00:00:00+00:00
[2023-04-02 18:08:45,089] {processor.py:161} INFO - Processing /home/airflow/.local/lib/python3.7/site-packages/airflow/example_dags/example_branch_day_of_week_operator.py took 0.227 seconds
[2023-04-02 18:09:15,517] {processor.py:153} INFO - Started process (PID=1684) to work on /home/airflow/.local/lib/python3.7/site-packages/airflow/example_dags/example_branch_day_of_week_operator.py
[2023-04-02 18:09:15,521] {processor.py:641} INFO - Processing file /home/airflow/.local/lib/python3.7/site-packages/airflow/example_dags/example_branch_day_of_week_operator.py for tasks to queue
[2023-04-02 18:09:15,523] {logging_mixin.py:115} INFO - [2023-04-02 18:09:15,522] {dagbag.py:507} INFO - Filling up the DagBag from /home/airflow/.local/lib/python3.7/site-packages/airflow/example_dags/example_branch_day_of_week_operator.py
[2023-04-02 18:09:15,532] {processor.py:651} INFO - DAG(s) dict_keys(['example_weekday_branch_operator']) retrieved from /home/airflow/.local/lib/python3.7/site-packages/airflow/example_dags/example_branch_day_of_week_operator.py
[2023-04-02 18:09:15,562] {logging_mixin.py:115} INFO - [2023-04-02 18:09:15,562] {dag.py:2371} INFO - Sync 1 DAGs
[2023-04-02 18:09:15,713] {logging_mixin.py:115} INFO - [2023-04-02 18:09:15,713] {dag.py:2919} INFO - Setting next_dagrun for example_weekday_branch_operator to 2023-04-01T00:00:00+00:00, run_after=2023-04-02T00:00:00+00:00
[2023-04-02 18:09:15,729] {processor.py:161} INFO - Processing /home/airflow/.local/lib/python3.7/site-packages/airflow/example_dags/example_branch_day_of_week_operator.py took 0.216 seconds
[2023-04-02 18:09:45,901] {processor.py:153} INFO - Started process (PID=1747) to work on /home/airflow/.local/lib/python3.7/site-packages/airflow/example_dags/example_branch_day_of_week_operator.py
[2023-04-02 18:09:45,902] {processor.py:641} INFO - Processing file /home/airflow/.local/lib/python3.7/site-packages/airflow/example_dags/example_branch_day_of_week_operator.py for tasks to queue
[2023-04-02 18:09:45,903] {logging_mixin.py:115} INFO - [2023-04-02 18:09:45,903] {dagbag.py:507} INFO - Filling up the DagBag from /home/airflow/.local/lib/python3.7/site-packages/airflow/example_dags/example_branch_day_of_week_operator.py
[2023-04-02 18:09:45,913] {processor.py:651} INFO - DAG(s) dict_keys(['example_weekday_branch_operator']) retrieved from /home/airflow/.local/lib/python3.7/site-packages/airflow/example_dags/example_branch_day_of_week_operator.py
[2023-04-02 18:09:45,943] {logging_mixin.py:115} INFO - [2023-04-02 18:09:45,943] {dag.py:2371} INFO - Sync 1 DAGs
[2023-04-02 18:09:46,103] {logging_mixin.py:115} INFO - [2023-04-02 18:09:46,103] {dag.py:2919} INFO - Setting next_dagrun for example_weekday_branch_operator to 2023-04-01T00:00:00+00:00, run_after=2023-04-02T00:00:00+00:00
[2023-04-02 18:09:46,119] {processor.py:161} INFO - Processing /home/airflow/.local/lib/python3.7/site-packages/airflow/example_dags/example_branch_day_of_week_operator.py took 0.222 seconds
[2023-04-02 18:10:16,790] {processor.py:153} INFO - Started process (PID=1810) to work on /home/airflow/.local/lib/python3.7/site-packages/airflow/example_dags/example_branch_day_of_week_operator.py
[2023-04-02 18:10:16,793] {processor.py:641} INFO - Processing file /home/airflow/.local/lib/python3.7/site-packages/airflow/example_dags/example_branch_day_of_week_operator.py for tasks to queue
[2023-04-02 18:10:16,794] {logging_mixin.py:115} INFO - [2023-04-02 18:10:16,794] {dagbag.py:507} INFO - Filling up the DagBag from /home/airflow/.local/lib/python3.7/site-packages/airflow/example_dags/example_branch_day_of_week_operator.py
[2023-04-02 18:10:16,805] {processor.py:651} INFO - DAG(s) dict_keys(['example_weekday_branch_operator']) retrieved from /home/airflow/.local/lib/python3.7/site-packages/airflow/example_dags/example_branch_day_of_week_operator.py
[2023-04-02 18:10:16,834] {logging_mixin.py:115} INFO - [2023-04-02 18:10:16,834] {dag.py:2371} INFO - Sync 1 DAGs
[2023-04-02 18:10:16,983] {logging_mixin.py:115} INFO - [2023-04-02 18:10:16,983] {dag.py:2919} INFO - Setting next_dagrun for example_weekday_branch_operator to 2023-04-01T00:00:00+00:00, run_after=2023-04-02T00:00:00+00:00
[2023-04-02 18:10:16,998] {processor.py:161} INFO - Processing /home/airflow/.local/lib/python3.7/site-packages/airflow/example_dags/example_branch_day_of_week_operator.py took 0.213 seconds
[2023-04-02 18:10:47,047] {processor.py:153} INFO - Started process (PID=1864) to work on /home/airflow/.local/lib/python3.7/site-packages/airflow/example_dags/example_branch_day_of_week_operator.py
[2023-04-02 18:10:47,048] {processor.py:641} INFO - Processing file /home/airflow/.local/lib/python3.7/site-packages/airflow/example_dags/example_branch_day_of_week_operator.py for tasks to queue
[2023-04-02 18:10:47,049] {logging_mixin.py:115} INFO - [2023-04-02 18:10:47,049] {dagbag.py:507} INFO - Filling up the DagBag from /home/airflow/.local/lib/python3.7/site-packages/airflow/example_dags/example_branch_day_of_week_operator.py
[2023-04-02 18:10:47,058] {processor.py:651} INFO - DAG(s) dict_keys(['example_weekday_branch_operator']) retrieved from /home/airflow/.local/lib/python3.7/site-packages/airflow/example_dags/example_branch_day_of_week_operator.py
[2023-04-02 18:10:47,086] {logging_mixin.py:115} INFO - [2023-04-02 18:10:47,086] {dag.py:2371} INFO - Sync 1 DAGs
[2023-04-02 18:10:47,112] {logging_mixin.py:115} INFO - [2023-04-02 18:10:47,112] {dag.py:2919} INFO - Setting next_dagrun for example_weekday_branch_operator to 2023-04-01T00:00:00+00:00, run_after=2023-04-02T00:00:00+00:00
[2023-04-02 18:10:47,124] {processor.py:161} INFO - Processing /home/airflow/.local/lib/python3.7/site-packages/airflow/example_dags/example_branch_day_of_week_operator.py took 0.082 seconds
[2023-04-02 18:11:17,364] {processor.py:153} INFO - Started process (PID=1927) to work on /home/airflow/.local/lib/python3.7/site-packages/airflow/example_dags/example_branch_day_of_week_operator.py
[2023-04-02 18:11:17,365] {processor.py:641} INFO - Processing file /home/airflow/.local/lib/python3.7/site-packages/airflow/example_dags/example_branch_day_of_week_operator.py for tasks to queue
[2023-04-02 18:11:17,367] {logging_mixin.py:115} INFO - [2023-04-02 18:11:17,367] {dagbag.py:507} INFO - Filling up the DagBag from /home/airflow/.local/lib/python3.7/site-packages/airflow/example_dags/example_branch_day_of_week_operator.py
[2023-04-02 18:11:17,377] {processor.py:651} INFO - DAG(s) dict_keys(['example_weekday_branch_operator']) retrieved from /home/airflow/.local/lib/python3.7/site-packages/airflow/example_dags/example_branch_day_of_week_operator.py
[2023-04-02 18:11:17,406] {logging_mixin.py:115} INFO - [2023-04-02 18:11:17,406] {dag.py:2371} INFO - Sync 1 DAGs
[2023-04-02 18:11:17,435] {logging_mixin.py:115} INFO - [2023-04-02 18:11:17,435] {dag.py:2919} INFO - Setting next_dagrun for example_weekday_branch_operator to 2023-04-01T00:00:00+00:00, run_after=2023-04-02T00:00:00+00:00
[2023-04-02 18:11:17,449] {processor.py:161} INFO - Processing /home/airflow/.local/lib/python3.7/site-packages/airflow/example_dags/example_branch_day_of_week_operator.py took 0.089 seconds
[2023-04-02 18:11:47,964] {processor.py:153} INFO - Started process (PID=1990) to work on /home/airflow/.local/lib/python3.7/site-packages/airflow/example_dags/example_branch_day_of_week_operator.py
[2023-04-02 18:11:47,965] {processor.py:641} INFO - Processing file /home/airflow/.local/lib/python3.7/site-packages/airflow/example_dags/example_branch_day_of_week_operator.py for tasks to queue
[2023-04-02 18:11:47,967] {logging_mixin.py:115} INFO - [2023-04-02 18:11:47,967] {dagbag.py:507} INFO - Filling up the DagBag from /home/airflow/.local/lib/python3.7/site-packages/airflow/example_dags/example_branch_day_of_week_operator.py
[2023-04-02 18:11:47,976] {processor.py:651} INFO - DAG(s) dict_keys(['example_weekday_branch_operator']) retrieved from /home/airflow/.local/lib/python3.7/site-packages/airflow/example_dags/example_branch_day_of_week_operator.py
[2023-04-02 18:11:48,011] {logging_mixin.py:115} INFO - [2023-04-02 18:11:48,011] {dag.py:2371} INFO - Sync 1 DAGs
[2023-04-02 18:11:48,042] {logging_mixin.py:115} INFO - [2023-04-02 18:11:48,041] {dag.py:2919} INFO - Setting next_dagrun for example_weekday_branch_operator to 2023-04-01T00:00:00+00:00, run_after=2023-04-02T00:00:00+00:00
[2023-04-02 18:11:48,053] {processor.py:161} INFO - Processing /home/airflow/.local/lib/python3.7/site-packages/airflow/example_dags/example_branch_day_of_week_operator.py took 0.094 seconds
[2023-04-02 18:12:18,335] {processor.py:153} INFO - Started process (PID=2044) to work on /home/airflow/.local/lib/python3.7/site-packages/airflow/example_dags/example_branch_day_of_week_operator.py
[2023-04-02 18:12:18,336] {processor.py:641} INFO - Processing file /home/airflow/.local/lib/python3.7/site-packages/airflow/example_dags/example_branch_day_of_week_operator.py for tasks to queue
[2023-04-02 18:12:18,338] {logging_mixin.py:115} INFO - [2023-04-02 18:12:18,338] {dagbag.py:507} INFO - Filling up the DagBag from /home/airflow/.local/lib/python3.7/site-packages/airflow/example_dags/example_branch_day_of_week_operator.py
[2023-04-02 18:12:18,347] {processor.py:651} INFO - DAG(s) dict_keys(['example_weekday_branch_operator']) retrieved from /home/airflow/.local/lib/python3.7/site-packages/airflow/example_dags/example_branch_day_of_week_operator.py
[2023-04-02 18:12:18,375] {logging_mixin.py:115} INFO - [2023-04-02 18:12:18,375] {dag.py:2371} INFO - Sync 1 DAGs
[2023-04-02 18:12:18,402] {logging_mixin.py:115} INFO - [2023-04-02 18:12:18,402] {dag.py:2919} INFO - Setting next_dagrun for example_weekday_branch_operator to 2023-04-01T00:00:00+00:00, run_after=2023-04-02T00:00:00+00:00
[2023-04-02 18:12:18,414] {processor.py:161} INFO - Processing /home/airflow/.local/lib/python3.7/site-packages/airflow/example_dags/example_branch_day_of_week_operator.py took 0.083 seconds
[2023-04-02 18:12:48,789] {processor.py:153} INFO - Started process (PID=2107) to work on /home/airflow/.local/lib/python3.7/site-packages/airflow/example_dags/example_branch_day_of_week_operator.py
[2023-04-02 18:12:48,790] {processor.py:641} INFO - Processing file /home/airflow/.local/lib/python3.7/site-packages/airflow/example_dags/example_branch_day_of_week_operator.py for tasks to queue
[2023-04-02 18:12:48,792] {logging_mixin.py:115} INFO - [2023-04-02 18:12:48,791] {dagbag.py:507} INFO - Filling up the DagBag from /home/airflow/.local/lib/python3.7/site-packages/airflow/example_dags/example_branch_day_of_week_operator.py
[2023-04-02 18:12:48,801] {processor.py:651} INFO - DAG(s) dict_keys(['example_weekday_branch_operator']) retrieved from /home/airflow/.local/lib/python3.7/site-packages/airflow/example_dags/example_branch_day_of_week_operator.py
[2023-04-02 18:12:48,829] {logging_mixin.py:115} INFO - [2023-04-02 18:12:48,829] {dag.py:2371} INFO - Sync 1 DAGs
[2023-04-02 18:12:48,858] {logging_mixin.py:115} INFO - [2023-04-02 18:12:48,858] {dag.py:2919} INFO - Setting next_dagrun for example_weekday_branch_operator to 2023-04-01T00:00:00+00:00, run_after=2023-04-02T00:00:00+00:00
[2023-04-02 18:12:48,870] {processor.py:161} INFO - Processing /home/airflow/.local/lib/python3.7/site-packages/airflow/example_dags/example_branch_day_of_week_operator.py took 0.085 seconds
[2023-04-02 18:13:19,213] {processor.py:153} INFO - Started process (PID=2170) to work on /home/airflow/.local/lib/python3.7/site-packages/airflow/example_dags/example_branch_day_of_week_operator.py
[2023-04-02 18:13:19,214] {processor.py:641} INFO - Processing file /home/airflow/.local/lib/python3.7/site-packages/airflow/example_dags/example_branch_day_of_week_operator.py for tasks to queue
[2023-04-02 18:13:19,216] {logging_mixin.py:115} INFO - [2023-04-02 18:13:19,216] {dagbag.py:507} INFO - Filling up the DagBag from /home/airflow/.local/lib/python3.7/site-packages/airflow/example_dags/example_branch_day_of_week_operator.py
[2023-04-02 18:13:19,225] {processor.py:651} INFO - DAG(s) dict_keys(['example_weekday_branch_operator']) retrieved from /home/airflow/.local/lib/python3.7/site-packages/airflow/example_dags/example_branch_day_of_week_operator.py
[2023-04-02 18:13:19,253] {logging_mixin.py:115} INFO - [2023-04-02 18:13:19,253] {dag.py:2371} INFO - Sync 1 DAGs
[2023-04-02 18:13:19,279] {logging_mixin.py:115} INFO - [2023-04-02 18:13:19,279] {dag.py:2919} INFO - Setting next_dagrun for example_weekday_branch_operator to 2023-04-01T00:00:00+00:00, run_after=2023-04-02T00:00:00+00:00
[2023-04-02 18:13:19,290] {processor.py:161} INFO - Processing /home/airflow/.local/lib/python3.7/site-packages/airflow/example_dags/example_branch_day_of_week_operator.py took 0.081 seconds
[2023-04-02 18:13:49,361] {processor.py:153} INFO - Started process (PID=2233) to work on /home/airflow/.local/lib/python3.7/site-packages/airflow/example_dags/example_branch_day_of_week_operator.py
[2023-04-02 18:13:49,363] {processor.py:641} INFO - Processing file /home/airflow/.local/lib/python3.7/site-packages/airflow/example_dags/example_branch_day_of_week_operator.py for tasks to queue
[2023-04-02 18:13:49,364] {logging_mixin.py:115} INFO - [2023-04-02 18:13:49,364] {dagbag.py:507} INFO - Filling up the DagBag from /home/airflow/.local/lib/python3.7/site-packages/airflow/example_dags/example_branch_day_of_week_operator.py
[2023-04-02 18:13:49,374] {processor.py:651} INFO - DAG(s) dict_keys(['example_weekday_branch_operator']) retrieved from /home/airflow/.local/lib/python3.7/site-packages/airflow/example_dags/example_branch_day_of_week_operator.py
[2023-04-02 18:13:49,404] {logging_mixin.py:115} INFO - [2023-04-02 18:13:49,404] {dag.py:2371} INFO - Sync 1 DAGs
[2023-04-02 18:13:49,432] {logging_mixin.py:115} INFO - [2023-04-02 18:13:49,432] {dag.py:2919} INFO - Setting next_dagrun for example_weekday_branch_operator to 2023-04-01T00:00:00+00:00, run_after=2023-04-02T00:00:00+00:00
[2023-04-02 18:13:49,445] {processor.py:161} INFO - Processing /home/airflow/.local/lib/python3.7/site-packages/airflow/example_dags/example_branch_day_of_week_operator.py took 0.088 seconds
[2023-04-02 18:14:19,792] {processor.py:153} INFO - Started process (PID=2287) to work on /home/airflow/.local/lib/python3.7/site-packages/airflow/example_dags/example_branch_day_of_week_operator.py
[2023-04-02 18:14:19,793] {processor.py:641} INFO - Processing file /home/airflow/.local/lib/python3.7/site-packages/airflow/example_dags/example_branch_day_of_week_operator.py for tasks to queue
[2023-04-02 18:14:19,795] {logging_mixin.py:115} INFO - [2023-04-02 18:14:19,795] {dagbag.py:507} INFO - Filling up the DagBag from /home/airflow/.local/lib/python3.7/site-packages/airflow/example_dags/example_branch_day_of_week_operator.py
[2023-04-02 18:14:19,804] {processor.py:651} INFO - DAG(s) dict_keys(['example_weekday_branch_operator']) retrieved from /home/airflow/.local/lib/python3.7/site-packages/airflow/example_dags/example_branch_day_of_week_operator.py
[2023-04-02 18:14:19,832] {logging_mixin.py:115} INFO - [2023-04-02 18:14:19,832] {dag.py:2371} INFO - Sync 1 DAGs
[2023-04-02 18:14:19,859] {logging_mixin.py:115} INFO - [2023-04-02 18:14:19,859] {dag.py:2919} INFO - Setting next_dagrun for example_weekday_branch_operator to 2023-04-01T00:00:00+00:00, run_after=2023-04-02T00:00:00+00:00
[2023-04-02 18:14:19,871] {processor.py:161} INFO - Processing /home/airflow/.local/lib/python3.7/site-packages/airflow/example_dags/example_branch_day_of_week_operator.py took 0.083 seconds
[2023-04-02 18:14:50,065] {processor.py:153} INFO - Started process (PID=2350) to work on /home/airflow/.local/lib/python3.7/site-packages/airflow/example_dags/example_branch_day_of_week_operator.py
[2023-04-02 18:14:50,066] {processor.py:641} INFO - Processing file /home/airflow/.local/lib/python3.7/site-packages/airflow/example_dags/example_branch_day_of_week_operator.py for tasks to queue
[2023-04-02 18:14:50,067] {logging_mixin.py:115} INFO - [2023-04-02 18:14:50,067] {dagbag.py:507} INFO - Filling up the DagBag from /home/airflow/.local/lib/python3.7/site-packages/airflow/example_dags/example_branch_day_of_week_operator.py
[2023-04-02 18:14:50,076] {processor.py:651} INFO - DAG(s) dict_keys(['example_weekday_branch_operator']) retrieved from /home/airflow/.local/lib/python3.7/site-packages/airflow/example_dags/example_branch_day_of_week_operator.py
[2023-04-02 18:14:50,104] {logging_mixin.py:115} INFO - [2023-04-02 18:14:50,104] {dag.py:2371} INFO - Sync 1 DAGs
[2023-04-02 18:14:50,130] {logging_mixin.py:115} INFO - [2023-04-02 18:14:50,129] {dag.py:2919} INFO - Setting next_dagrun for example_weekday_branch_operator to 2023-04-01T00:00:00+00:00, run_after=2023-04-02T00:00:00+00:00
[2023-04-02 18:14:50,141] {processor.py:161} INFO - Processing /home/airflow/.local/lib/python3.7/site-packages/airflow/example_dags/example_branch_day_of_week_operator.py took 0.080 seconds
[2023-04-02 18:15:20,289] {processor.py:153} INFO - Started process (PID=2413) to work on /home/airflow/.local/lib/python3.7/site-packages/airflow/example_dags/example_branch_day_of_week_operator.py
[2023-04-02 18:15:20,290] {processor.py:641} INFO - Processing file /home/airflow/.local/lib/python3.7/site-packages/airflow/example_dags/example_branch_day_of_week_operator.py for tasks to queue
[2023-04-02 18:15:20,291] {logging_mixin.py:115} INFO - [2023-04-02 18:15:20,291] {dagbag.py:507} INFO - Filling up the DagBag from /home/airflow/.local/lib/python3.7/site-packages/airflow/example_dags/example_branch_day_of_week_operator.py
[2023-04-02 18:15:20,300] {processor.py:651} INFO - DAG(s) dict_keys(['example_weekday_branch_operator']) retrieved from /home/airflow/.local/lib/python3.7/site-packages/airflow/example_dags/example_branch_day_of_week_operator.py
[2023-04-02 18:15:20,328] {logging_mixin.py:115} INFO - [2023-04-02 18:15:20,328] {dag.py:2371} INFO - Sync 1 DAGs
[2023-04-02 18:15:20,355] {logging_mixin.py:115} INFO - [2023-04-02 18:15:20,355] {dag.py:2919} INFO - Setting next_dagrun for example_weekday_branch_operator to 2023-04-01T00:00:00+00:00, run_after=2023-04-02T00:00:00+00:00
[2023-04-02 18:15:20,368] {processor.py:161} INFO - Processing /home/airflow/.local/lib/python3.7/site-packages/airflow/example_dags/example_branch_day_of_week_operator.py took 0.083 seconds
[2023-04-02 18:15:50,752] {processor.py:153} INFO - Started process (PID=2467) to work on /home/airflow/.local/lib/python3.7/site-packages/airflow/example_dags/example_branch_day_of_week_operator.py
[2023-04-02 18:15:50,753] {processor.py:641} INFO - Processing file /home/airflow/.local/lib/python3.7/site-packages/airflow/example_dags/example_branch_day_of_week_operator.py for tasks to queue
[2023-04-02 18:15:50,755] {logging_mixin.py:115} INFO - [2023-04-02 18:15:50,755] {dagbag.py:507} INFO - Filling up the DagBag from /home/airflow/.local/lib/python3.7/site-packages/airflow/example_dags/example_branch_day_of_week_operator.py
[2023-04-02 18:15:50,772] {processor.py:651} INFO - DAG(s) dict_keys(['example_weekday_branch_operator']) retrieved from /home/airflow/.local/lib/python3.7/site-packages/airflow/example_dags/example_branch_day_of_week_operator.py
[2023-04-02 18:15:50,806] {logging_mixin.py:115} INFO - [2023-04-02 18:15:50,806] {dag.py:2371} INFO - Sync 1 DAGs
[2023-04-02 18:15:50,832] {logging_mixin.py:115} INFO - [2023-04-02 18:15:50,832] {dag.py:2919} INFO - Setting next_dagrun for example_weekday_branch_operator to 2023-04-01T00:00:00+00:00, run_after=2023-04-02T00:00:00+00:00
[2023-04-02 18:15:50,844] {processor.py:161} INFO - Processing /home/airflow/.local/lib/python3.7/site-packages/airflow/example_dags/example_branch_day_of_week_operator.py took 0.096 seconds
[2023-04-02 18:16:21,402] {processor.py:153} INFO - Started process (PID=2530) to work on /home/airflow/.local/lib/python3.7/site-packages/airflow/example_dags/example_branch_day_of_week_operator.py
[2023-04-02 18:16:21,403] {processor.py:641} INFO - Processing file /home/airflow/.local/lib/python3.7/site-packages/airflow/example_dags/example_branch_day_of_week_operator.py for tasks to queue
[2023-04-02 18:16:21,405] {logging_mixin.py:115} INFO - [2023-04-02 18:16:21,405] {dagbag.py:507} INFO - Filling up the DagBag from /home/airflow/.local/lib/python3.7/site-packages/airflow/example_dags/example_branch_day_of_week_operator.py
[2023-04-02 18:16:21,414] {processor.py:651} INFO - DAG(s) dict_keys(['example_weekday_branch_operator']) retrieved from /home/airflow/.local/lib/python3.7/site-packages/airflow/example_dags/example_branch_day_of_week_operator.py
[2023-04-02 18:16:21,446] {logging_mixin.py:115} INFO - [2023-04-02 18:16:21,446] {dag.py:2371} INFO - Sync 1 DAGs
[2023-04-02 18:16:21,472] {logging_mixin.py:115} INFO - [2023-04-02 18:16:21,472] {dag.py:2919} INFO - Setting next_dagrun for example_weekday_branch_operator to 2023-04-01T00:00:00+00:00, run_after=2023-04-02T00:00:00+00:00
[2023-04-02 18:16:21,485] {processor.py:161} INFO - Processing /home/airflow/.local/lib/python3.7/site-packages/airflow/example_dags/example_branch_day_of_week_operator.py took 0.086 seconds
[2023-04-02 18:16:51,838] {processor.py:153} INFO - Started process (PID=2593) to work on /home/airflow/.local/lib/python3.7/site-packages/airflow/example_dags/example_branch_day_of_week_operator.py
[2023-04-02 18:16:51,840] {processor.py:641} INFO - Processing file /home/airflow/.local/lib/python3.7/site-packages/airflow/example_dags/example_branch_day_of_week_operator.py for tasks to queue
[2023-04-02 18:16:51,841] {logging_mixin.py:115} INFO - [2023-04-02 18:16:51,841] {dagbag.py:507} INFO - Filling up the DagBag from /home/airflow/.local/lib/python3.7/site-packages/airflow/example_dags/example_branch_day_of_week_operator.py
[2023-04-02 18:16:51,850] {processor.py:651} INFO - DAG(s) dict_keys(['example_weekday_branch_operator']) retrieved from /home/airflow/.local/lib/python3.7/site-packages/airflow/example_dags/example_branch_day_of_week_operator.py
[2023-04-02 18:16:51,881] {logging_mixin.py:115} INFO - [2023-04-02 18:16:51,881] {dag.py:2371} INFO - Sync 1 DAGs
[2023-04-02 18:16:51,908] {logging_mixin.py:115} INFO - [2023-04-02 18:16:51,908] {dag.py:2919} INFO - Setting next_dagrun for example_weekday_branch_operator to 2023-04-01T00:00:00+00:00, run_after=2023-04-02T00:00:00+00:00
[2023-04-02 18:16:51,924] {processor.py:161} INFO - Processing /home/airflow/.local/lib/python3.7/site-packages/airflow/example_dags/example_branch_day_of_week_operator.py took 0.090 seconds
[2023-04-02 18:17:22,395] {processor.py:153} INFO - Started process (PID=2647) to work on /home/airflow/.local/lib/python3.7/site-packages/airflow/example_dags/example_branch_day_of_week_operator.py
[2023-04-02 18:17:22,396] {processor.py:641} INFO - Processing file /home/airflow/.local/lib/python3.7/site-packages/airflow/example_dags/example_branch_day_of_week_operator.py for tasks to queue
[2023-04-02 18:17:22,398] {logging_mixin.py:115} INFO - [2023-04-02 18:17:22,398] {dagbag.py:507} INFO - Filling up the DagBag from /home/airflow/.local/lib/python3.7/site-packages/airflow/example_dags/example_branch_day_of_week_operator.py
[2023-04-02 18:17:22,407] {processor.py:651} INFO - DAG(s) dict_keys(['example_weekday_branch_operator']) retrieved from /home/airflow/.local/lib/python3.7/site-packages/airflow/example_dags/example_branch_day_of_week_operator.py
[2023-04-02 18:17:22,437] {logging_mixin.py:115} INFO - [2023-04-02 18:17:22,437] {dag.py:2371} INFO - Sync 1 DAGs
[2023-04-02 18:17:22,464] {logging_mixin.py:115} INFO - [2023-04-02 18:17:22,463] {dag.py:2919} INFO - Setting next_dagrun for example_weekday_branch_operator to 2023-04-01T00:00:00+00:00, run_after=2023-04-02T00:00:00+00:00
[2023-04-02 18:17:22,476] {processor.py:161} INFO - Processing /home/airflow/.local/lib/python3.7/site-packages/airflow/example_dags/example_branch_day_of_week_operator.py took 0.086 seconds
[2023-04-02 18:17:52,819] {processor.py:153} INFO - Started process (PID=2710) to work on /home/airflow/.local/lib/python3.7/site-packages/airflow/example_dags/example_branch_day_of_week_operator.py
[2023-04-02 18:17:52,821] {processor.py:641} INFO - Processing file /home/airflow/.local/lib/python3.7/site-packages/airflow/example_dags/example_branch_day_of_week_operator.py for tasks to queue
[2023-04-02 18:17:52,822] {logging_mixin.py:115} INFO - [2023-04-02 18:17:52,822] {dagbag.py:507} INFO - Filling up the DagBag from /home/airflow/.local/lib/python3.7/site-packages/airflow/example_dags/example_branch_day_of_week_operator.py
[2023-04-02 18:17:52,831] {processor.py:651} INFO - DAG(s) dict_keys(['example_weekday_branch_operator']) retrieved from /home/airflow/.local/lib/python3.7/site-packages/airflow/example_dags/example_branch_day_of_week_operator.py
[2023-04-02 18:17:52,861] {logging_mixin.py:115} INFO - [2023-04-02 18:17:52,861] {dag.py:2371} INFO - Sync 1 DAGs
[2023-04-02 18:17:52,885] {logging_mixin.py:115} INFO - [2023-04-02 18:17:52,885] {dag.py:2919} INFO - Setting next_dagrun for example_weekday_branch_operator to 2023-04-01T00:00:00+00:00, run_after=2023-04-02T00:00:00+00:00
[2023-04-02 18:17:52,899] {processor.py:161} INFO - Processing /home/airflow/.local/lib/python3.7/site-packages/airflow/example_dags/example_branch_day_of_week_operator.py took 0.083 seconds
[2023-04-02 18:18:23,134] {processor.py:153} INFO - Started process (PID=2774) to work on /home/airflow/.local/lib/python3.7/site-packages/airflow/example_dags/example_branch_day_of_week_operator.py
[2023-04-02 18:18:23,136] {processor.py:641} INFO - Processing file /home/airflow/.local/lib/python3.7/site-packages/airflow/example_dags/example_branch_day_of_week_operator.py for tasks to queue
[2023-04-02 18:18:23,137] {logging_mixin.py:115} INFO - [2023-04-02 18:18:23,137] {dagbag.py:507} INFO - Filling up the DagBag from /home/airflow/.local/lib/python3.7/site-packages/airflow/example_dags/example_branch_day_of_week_operator.py
[2023-04-02 18:18:23,149] {processor.py:651} INFO - DAG(s) dict_keys(['example_weekday_branch_operator']) retrieved from /home/airflow/.local/lib/python3.7/site-packages/airflow/example_dags/example_branch_day_of_week_operator.py
[2023-04-02 18:18:23,185] {logging_mixin.py:115} INFO - [2023-04-02 18:18:23,185] {dag.py:2371} INFO - Sync 1 DAGs
[2023-04-02 18:18:23,212] {logging_mixin.py:115} INFO - [2023-04-02 18:18:23,212] {dag.py:2919} INFO - Setting next_dagrun for example_weekday_branch_operator to 2023-04-01T00:00:00+00:00, run_after=2023-04-02T00:00:00+00:00
[2023-04-02 18:18:23,225] {processor.py:161} INFO - Processing /home/airflow/.local/lib/python3.7/site-packages/airflow/example_dags/example_branch_day_of_week_operator.py took 0.095 seconds
[2023-04-02 18:18:53,611] {processor.py:153} INFO - Started process (PID=2837) to work on /home/airflow/.local/lib/python3.7/site-packages/airflow/example_dags/example_branch_day_of_week_operator.py
[2023-04-02 18:18:53,613] {processor.py:641} INFO - Processing file /home/airflow/.local/lib/python3.7/site-packages/airflow/example_dags/example_branch_day_of_week_operator.py for tasks to queue
[2023-04-02 18:18:53,614] {logging_mixin.py:115} INFO - [2023-04-02 18:18:53,614] {dagbag.py:507} INFO - Filling up the DagBag from /home/airflow/.local/lib/python3.7/site-packages/airflow/example_dags/example_branch_day_of_week_operator.py
[2023-04-02 18:18:53,625] {processor.py:651} INFO - DAG(s) dict_keys(['example_weekday_branch_operator']) retrieved from /home/airflow/.local/lib/python3.7/site-packages/airflow/example_dags/example_branch_day_of_week_operator.py
[2023-04-02 18:18:53,660] {logging_mixin.py:115} INFO - [2023-04-02 18:18:53,660] {dag.py:2371} INFO - Sync 1 DAGs
[2023-04-02 18:18:53,687] {logging_mixin.py:115} INFO - [2023-04-02 18:18:53,687] {dag.py:2919} INFO - Setting next_dagrun for example_weekday_branch_operator to 2023-04-01T00:00:00+00:00, run_after=2023-04-02T00:00:00+00:00
[2023-04-02 18:18:53,700] {processor.py:161} INFO - Processing /home/airflow/.local/lib/python3.7/site-packages/airflow/example_dags/example_branch_day_of_week_operator.py took 0.093 seconds
[2023-04-02 18:19:23,943] {processor.py:153} INFO - Started process (PID=2892) to work on /home/airflow/.local/lib/python3.7/site-packages/airflow/example_dags/example_branch_day_of_week_operator.py
[2023-04-02 18:19:23,944] {processor.py:641} INFO - Processing file /home/airflow/.local/lib/python3.7/site-packages/airflow/example_dags/example_branch_day_of_week_operator.py for tasks to queue
[2023-04-02 18:19:23,945] {logging_mixin.py:115} INFO - [2023-04-02 18:19:23,945] {dagbag.py:507} INFO - Filling up the DagBag from /home/airflow/.local/lib/python3.7/site-packages/airflow/example_dags/example_branch_day_of_week_operator.py
[2023-04-02 18:19:23,954] {processor.py:651} INFO - DAG(s) dict_keys(['example_weekday_branch_operator']) retrieved from /home/airflow/.local/lib/python3.7/site-packages/airflow/example_dags/example_branch_day_of_week_operator.py
[2023-04-02 18:19:23,983] {logging_mixin.py:115} INFO - [2023-04-02 18:19:23,983] {dag.py:2371} INFO - Sync 1 DAGs
[2023-04-02 18:19:24,007] {logging_mixin.py:115} INFO - [2023-04-02 18:19:24,007] {dag.py:2919} INFO - Setting next_dagrun for example_weekday_branch_operator to 2023-04-01T00:00:00+00:00, run_after=2023-04-02T00:00:00+00:00
[2023-04-02 18:19:24,019] {processor.py:161} INFO - Processing /home/airflow/.local/lib/python3.7/site-packages/airflow/example_dags/example_branch_day_of_week_operator.py took 0.080 seconds
[2023-04-02 18:19:55,036] {processor.py:153} INFO - Started process (PID=2955) to work on /home/airflow/.local/lib/python3.7/site-packages/airflow/example_dags/example_branch_day_of_week_operator.py
[2023-04-02 18:19:55,038] {processor.py:641} INFO - Processing file /home/airflow/.local/lib/python3.7/site-packages/airflow/example_dags/example_branch_day_of_week_operator.py for tasks to queue
[2023-04-02 18:19:55,039] {logging_mixin.py:115} INFO - [2023-04-02 18:19:55,039] {dagbag.py:507} INFO - Filling up the DagBag from /home/airflow/.local/lib/python3.7/site-packages/airflow/example_dags/example_branch_day_of_week_operator.py
[2023-04-02 18:19:55,048] {processor.py:651} INFO - DAG(s) dict_keys(['example_weekday_branch_operator']) retrieved from /home/airflow/.local/lib/python3.7/site-packages/airflow/example_dags/example_branch_day_of_week_operator.py
[2023-04-02 18:19:55,079] {logging_mixin.py:115} INFO - [2023-04-02 18:19:55,079] {dag.py:2371} INFO - Sync 1 DAGs
[2023-04-02 18:19:55,106] {logging_mixin.py:115} INFO - [2023-04-02 18:19:55,106] {dag.py:2919} INFO - Setting next_dagrun for example_weekday_branch_operator to 2023-04-01T00:00:00+00:00, run_after=2023-04-02T00:00:00+00:00
[2023-04-02 18:19:55,117] {processor.py:161} INFO - Processing /home/airflow/.local/lib/python3.7/site-packages/airflow/example_dags/example_branch_day_of_week_operator.py took 0.085 seconds
[2023-04-02 18:20:25,184] {processor.py:153} INFO - Started process (PID=3017) to work on /home/airflow/.local/lib/python3.7/site-packages/airflow/example_dags/example_branch_day_of_week_operator.py
[2023-04-02 18:20:25,186] {processor.py:641} INFO - Processing file /home/airflow/.local/lib/python3.7/site-packages/airflow/example_dags/example_branch_day_of_week_operator.py for tasks to queue
[2023-04-02 18:20:25,188] {logging_mixin.py:115} INFO - [2023-04-02 18:20:25,188] {dagbag.py:507} INFO - Filling up the DagBag from /home/airflow/.local/lib/python3.7/site-packages/airflow/example_dags/example_branch_day_of_week_operator.py
[2023-04-02 18:20:25,200] {processor.py:651} INFO - DAG(s) dict_keys(['example_weekday_branch_operator']) retrieved from /home/airflow/.local/lib/python3.7/site-packages/airflow/example_dags/example_branch_day_of_week_operator.py
[2023-04-02 18:20:25,236] {logging_mixin.py:115} INFO - [2023-04-02 18:20:25,236] {dag.py:2371} INFO - Sync 1 DAGs
[2023-04-02 18:20:25,261] {logging_mixin.py:115} INFO - [2023-04-02 18:20:25,261] {dag.py:2919} INFO - Setting next_dagrun for example_weekday_branch_operator to 2023-04-01T00:00:00+00:00, run_after=2023-04-02T00:00:00+00:00
[2023-04-02 18:20:25,274] {processor.py:161} INFO - Processing /home/airflow/.local/lib/python3.7/site-packages/airflow/example_dags/example_branch_day_of_week_operator.py took 0.095 seconds
[2023-04-02 18:20:55,330] {processor.py:153} INFO - Started process (PID=3070) to work on /home/airflow/.local/lib/python3.7/site-packages/airflow/example_dags/example_branch_day_of_week_operator.py
[2023-04-02 18:20:55,331] {processor.py:641} INFO - Processing file /home/airflow/.local/lib/python3.7/site-packages/airflow/example_dags/example_branch_day_of_week_operator.py for tasks to queue
[2023-04-02 18:20:55,332] {logging_mixin.py:115} INFO - [2023-04-02 18:20:55,332] {dagbag.py:507} INFO - Filling up the DagBag from /home/airflow/.local/lib/python3.7/site-packages/airflow/example_dags/example_branch_day_of_week_operator.py
[2023-04-02 18:20:55,341] {processor.py:651} INFO - DAG(s) dict_keys(['example_weekday_branch_operator']) retrieved from /home/airflow/.local/lib/python3.7/site-packages/airflow/example_dags/example_branch_day_of_week_operator.py
[2023-04-02 18:20:55,371] {logging_mixin.py:115} INFO - [2023-04-02 18:20:55,371] {dag.py:2371} INFO - Sync 1 DAGs
[2023-04-02 18:20:55,396] {logging_mixin.py:115} INFO - [2023-04-02 18:20:55,395] {dag.py:2919} INFO - Setting next_dagrun for example_weekday_branch_operator to 2023-04-01T00:00:00+00:00, run_after=2023-04-02T00:00:00+00:00
[2023-04-02 18:20:55,410] {processor.py:161} INFO - Processing /home/airflow/.local/lib/python3.7/site-packages/airflow/example_dags/example_branch_day_of_week_operator.py took 0.084 seconds
[2023-04-02 18:21:25,802] {processor.py:153} INFO - Started process (PID=3133) to work on /home/airflow/.local/lib/python3.7/site-packages/airflow/example_dags/example_branch_day_of_week_operator.py
[2023-04-02 18:21:25,804] {processor.py:641} INFO - Processing file /home/airflow/.local/lib/python3.7/site-packages/airflow/example_dags/example_branch_day_of_week_operator.py for tasks to queue
[2023-04-02 18:21:25,805] {logging_mixin.py:115} INFO - [2023-04-02 18:21:25,805] {dagbag.py:507} INFO - Filling up the DagBag from /home/airflow/.local/lib/python3.7/site-packages/airflow/example_dags/example_branch_day_of_week_operator.py
[2023-04-02 18:21:25,814] {processor.py:651} INFO - DAG(s) dict_keys(['example_weekday_branch_operator']) retrieved from /home/airflow/.local/lib/python3.7/site-packages/airflow/example_dags/example_branch_day_of_week_operator.py
[2023-04-02 18:21:25,845] {logging_mixin.py:115} INFO - [2023-04-02 18:21:25,845] {dag.py:2371} INFO - Sync 1 DAGs
[2023-04-02 18:21:25,870] {logging_mixin.py:115} INFO - [2023-04-02 18:21:25,870] {dag.py:2919} INFO - Setting next_dagrun for example_weekday_branch_operator to 2023-04-01T00:00:00+00:00, run_after=2023-04-02T00:00:00+00:00
[2023-04-02 18:21:25,882] {processor.py:161} INFO - Processing /home/airflow/.local/lib/python3.7/site-packages/airflow/example_dags/example_branch_day_of_week_operator.py took 0.083 seconds
[2023-04-02 18:21:56,210] {processor.py:153} INFO - Started process (PID=3196) to work on /home/airflow/.local/lib/python3.7/site-packages/airflow/example_dags/example_branch_day_of_week_operator.py
[2023-04-02 18:21:56,211] {processor.py:641} INFO - Processing file /home/airflow/.local/lib/python3.7/site-packages/airflow/example_dags/example_branch_day_of_week_operator.py for tasks to queue
[2023-04-02 18:21:56,213] {logging_mixin.py:115} INFO - [2023-04-02 18:21:56,213] {dagbag.py:507} INFO - Filling up the DagBag from /home/airflow/.local/lib/python3.7/site-packages/airflow/example_dags/example_branch_day_of_week_operator.py
[2023-04-02 18:21:56,223] {processor.py:651} INFO - DAG(s) dict_keys(['example_weekday_branch_operator']) retrieved from /home/airflow/.local/lib/python3.7/site-packages/airflow/example_dags/example_branch_day_of_week_operator.py
[2023-04-02 18:21:56,253] {logging_mixin.py:115} INFO - [2023-04-02 18:21:56,253] {dag.py:2371} INFO - Sync 1 DAGs
[2023-04-02 18:21:56,279] {logging_mixin.py:115} INFO - [2023-04-02 18:21:56,278] {dag.py:2919} INFO - Setting next_dagrun for example_weekday_branch_operator to 2023-04-01T00:00:00+00:00, run_after=2023-04-02T00:00:00+00:00
[2023-04-02 18:21:56,290] {processor.py:161} INFO - Processing /home/airflow/.local/lib/python3.7/site-packages/airflow/example_dags/example_branch_day_of_week_operator.py took 0.084 seconds
[2023-04-02 18:22:26,698] {processor.py:153} INFO - Started process (PID=3257) to work on /home/airflow/.local/lib/python3.7/site-packages/airflow/example_dags/example_branch_day_of_week_operator.py
[2023-04-02 18:22:26,700] {processor.py:641} INFO - Processing file /home/airflow/.local/lib/python3.7/site-packages/airflow/example_dags/example_branch_day_of_week_operator.py for tasks to queue
[2023-04-02 18:22:26,702] {logging_mixin.py:115} INFO - [2023-04-02 18:22:26,702] {dagbag.py:507} INFO - Filling up the DagBag from /home/airflow/.local/lib/python3.7/site-packages/airflow/example_dags/example_branch_day_of_week_operator.py
[2023-04-02 18:22:26,713] {processor.py:651} INFO - DAG(s) dict_keys(['example_weekday_branch_operator']) retrieved from /home/airflow/.local/lib/python3.7/site-packages/airflow/example_dags/example_branch_day_of_week_operator.py
[2023-04-02 18:22:26,748] {logging_mixin.py:115} INFO - [2023-04-02 18:22:26,748] {dag.py:2371} INFO - Sync 1 DAGs
[2023-04-02 18:22:26,774] {logging_mixin.py:115} INFO - [2023-04-02 18:22:26,774] {dag.py:2919} INFO - Setting next_dagrun for example_weekday_branch_operator to 2023-04-01T00:00:00+00:00, run_after=2023-04-02T00:00:00+00:00
[2023-04-02 18:22:26,786] {processor.py:161} INFO - Processing /home/airflow/.local/lib/python3.7/site-packages/airflow/example_dags/example_branch_day_of_week_operator.py took 0.092 seconds
[2023-04-02 18:22:57,017] {processor.py:153} INFO - Started process (PID=3313) to work on /home/airflow/.local/lib/python3.7/site-packages/airflow/example_dags/example_branch_day_of_week_operator.py
[2023-04-02 18:22:57,019] {processor.py:641} INFO - Processing file /home/airflow/.local/lib/python3.7/site-packages/airflow/example_dags/example_branch_day_of_week_operator.py for tasks to queue
[2023-04-02 18:22:57,020] {logging_mixin.py:115} INFO - [2023-04-02 18:22:57,020] {dagbag.py:507} INFO - Filling up the DagBag from /home/airflow/.local/lib/python3.7/site-packages/airflow/example_dags/example_branch_day_of_week_operator.py
[2023-04-02 18:22:57,030] {processor.py:651} INFO - DAG(s) dict_keys(['example_weekday_branch_operator']) retrieved from /home/airflow/.local/lib/python3.7/site-packages/airflow/example_dags/example_branch_day_of_week_operator.py
[2023-04-02 18:22:57,064] {logging_mixin.py:115} INFO - [2023-04-02 18:22:57,064] {dag.py:2371} INFO - Sync 1 DAGs
[2023-04-02 18:22:57,095] {logging_mixin.py:115} INFO - [2023-04-02 18:22:57,094] {dag.py:2919} INFO - Setting next_dagrun for example_weekday_branch_operator to 2023-04-01T00:00:00+00:00, run_after=2023-04-02T00:00:00+00:00
[2023-04-02 18:22:57,108] {processor.py:161} INFO - Processing /home/airflow/.local/lib/python3.7/site-packages/airflow/example_dags/example_branch_day_of_week_operator.py took 0.096 seconds
[2023-04-02 18:23:27,197] {processor.py:153} INFO - Started process (PID=3376) to work on /home/airflow/.local/lib/python3.7/site-packages/airflow/example_dags/example_branch_day_of_week_operator.py
[2023-04-02 18:23:27,199] {processor.py:641} INFO - Processing file /home/airflow/.local/lib/python3.7/site-packages/airflow/example_dags/example_branch_day_of_week_operator.py for tasks to queue
[2023-04-02 18:23:27,201] {logging_mixin.py:115} INFO - [2023-04-02 18:23:27,201] {dagbag.py:507} INFO - Filling up the DagBag from /home/airflow/.local/lib/python3.7/site-packages/airflow/example_dags/example_branch_day_of_week_operator.py
[2023-04-02 18:23:27,210] {processor.py:651} INFO - DAG(s) dict_keys(['example_weekday_branch_operator']) retrieved from /home/airflow/.local/lib/python3.7/site-packages/airflow/example_dags/example_branch_day_of_week_operator.py
[2023-04-02 18:23:27,241] {logging_mixin.py:115} INFO - [2023-04-02 18:23:27,241] {dag.py:2371} INFO - Sync 1 DAGs
[2023-04-02 18:23:27,266] {logging_mixin.py:115} INFO - [2023-04-02 18:23:27,266] {dag.py:2919} INFO - Setting next_dagrun for example_weekday_branch_operator to 2023-04-01T00:00:00+00:00, run_after=2023-04-02T00:00:00+00:00
[2023-04-02 18:23:27,280] {processor.py:161} INFO - Processing /home/airflow/.local/lib/python3.7/site-packages/airflow/example_dags/example_branch_day_of_week_operator.py took 0.086 seconds
