[2023-04-02 17:55:25,809] {processor.py:153} INFO - Started process (PID=61) to work on /home/airflow/.local/lib/python3.7/site-packages/airflow/example_dags/example_branch_labels.py
[2023-04-02 17:55:25,811] {processor.py:641} INFO - Processing file /home/airflow/.local/lib/python3.7/site-packages/airflow/example_dags/example_branch_labels.py for tasks to queue
[2023-04-02 17:55:25,814] {logging_mixin.py:115} INFO - [2023-04-02 17:55:25,814] {dagbag.py:507} INFO - Filling up the DagBag from /home/airflow/.local/lib/python3.7/site-packages/airflow/example_dags/example_branch_labels.py
[2023-04-02 17:55:25,830] {processor.py:651} INFO - DAG(s) dict_keys(['example_branch_labels']) retrieved from /home/airflow/.local/lib/python3.7/site-packages/airflow/example_dags/example_branch_labels.py
[2023-04-02 17:55:26,416] {logging_mixin.py:115} INFO - [2023-04-02 17:55:26,416] {manager.py:508} INFO - Created Permission View: can edit on DAG:example_branch_labels
[2023-04-02 17:55:26,434] {logging_mixin.py:115} INFO - [2023-04-02 17:55:26,434] {manager.py:508} INFO - Created Permission View: can delete on DAG:example_branch_labels
[2023-04-02 17:55:26,446] {logging_mixin.py:115} INFO - [2023-04-02 17:55:26,446] {manager.py:508} INFO - Created Permission View: can read on DAG:example_branch_labels
[2023-04-02 17:55:26,448] {logging_mixin.py:115} INFO - [2023-04-02 17:55:26,448] {dag.py:2371} INFO - Sync 1 DAGs
[2023-04-02 17:55:26,466] {logging_mixin.py:115} INFO - [2023-04-02 17:55:26,466] {dag.py:2390} INFO - Creating ORM DAG for example_branch_labels
[2023-04-02 17:55:26,496] {logging_mixin.py:115} INFO - [2023-04-02 17:55:26,496] {dag.py:2919} INFO - Setting next_dagrun for example_branch_labels to 2023-04-01T00:00:00+00:00, run_after=2023-04-02T00:00:00+00:00
[2023-04-02 17:55:26,519] {processor.py:161} INFO - Processing /home/airflow/.local/lib/python3.7/site-packages/airflow/example_dags/example_branch_labels.py took 0.716 seconds
[2023-04-02 17:55:57,071] {processor.py:153} INFO - Started process (PID=122) to work on /home/airflow/.local/lib/python3.7/site-packages/airflow/example_dags/example_branch_labels.py
[2023-04-02 17:55:57,073] {processor.py:641} INFO - Processing file /home/airflow/.local/lib/python3.7/site-packages/airflow/example_dags/example_branch_labels.py for tasks to queue
[2023-04-02 17:55:57,074] {logging_mixin.py:115} INFO - [2023-04-02 17:55:57,074] {dagbag.py:507} INFO - Filling up the DagBag from /home/airflow/.local/lib/python3.7/site-packages/airflow/example_dags/example_branch_labels.py
[2023-04-02 17:55:57,082] {processor.py:651} INFO - DAG(s) dict_keys(['example_branch_labels']) retrieved from /home/airflow/.local/lib/python3.7/site-packages/airflow/example_dags/example_branch_labels.py
[2023-04-02 17:55:57,111] {logging_mixin.py:115} INFO - [2023-04-02 17:55:57,111] {dag.py:2371} INFO - Sync 1 DAGs
[2023-04-02 17:55:57,136] {logging_mixin.py:115} INFO - [2023-04-02 17:55:57,136] {dag.py:2919} INFO - Setting next_dagrun for example_branch_labels to 2023-04-01T00:00:00+00:00, run_after=2023-04-02T00:00:00+00:00
[2023-04-02 17:55:57,150] {processor.py:161} INFO - Processing /home/airflow/.local/lib/python3.7/site-packages/airflow/example_dags/example_branch_labels.py took 0.083 seconds
[2023-04-02 17:56:28,056] {processor.py:153} INFO - Started process (PID=174) to work on /home/airflow/.local/lib/python3.7/site-packages/airflow/example_dags/example_branch_labels.py
[2023-04-02 17:56:28,058] {processor.py:641} INFO - Processing file /home/airflow/.local/lib/python3.7/site-packages/airflow/example_dags/example_branch_labels.py for tasks to queue
[2023-04-02 17:56:28,059] {logging_mixin.py:115} INFO - [2023-04-02 17:56:28,059] {dagbag.py:507} INFO - Filling up the DagBag from /home/airflow/.local/lib/python3.7/site-packages/airflow/example_dags/example_branch_labels.py
[2023-04-02 17:56:28,068] {processor.py:651} INFO - DAG(s) dict_keys(['example_branch_labels']) retrieved from /home/airflow/.local/lib/python3.7/site-packages/airflow/example_dags/example_branch_labels.py
[2023-04-02 17:56:28,098] {logging_mixin.py:115} INFO - [2023-04-02 17:56:28,098] {dag.py:2371} INFO - Sync 1 DAGs
[2023-04-02 17:56:28,124] {logging_mixin.py:115} INFO - [2023-04-02 17:56:28,124] {dag.py:2919} INFO - Setting next_dagrun for example_branch_labels to 2023-04-01T00:00:00+00:00, run_after=2023-04-02T00:00:00+00:00
[2023-04-02 17:56:28,138] {processor.py:161} INFO - Processing /home/airflow/.local/lib/python3.7/site-packages/airflow/example_dags/example_branch_labels.py took 0.087 seconds
[2023-04-02 17:56:58,884] {processor.py:153} INFO - Started process (PID=235) to work on /home/airflow/.local/lib/python3.7/site-packages/airflow/example_dags/example_branch_labels.py
[2023-04-02 17:56:58,886] {processor.py:641} INFO - Processing file /home/airflow/.local/lib/python3.7/site-packages/airflow/example_dags/example_branch_labels.py for tasks to queue
[2023-04-02 17:56:58,887] {logging_mixin.py:115} INFO - [2023-04-02 17:56:58,887] {dagbag.py:507} INFO - Filling up the DagBag from /home/airflow/.local/lib/python3.7/site-packages/airflow/example_dags/example_branch_labels.py
[2023-04-02 17:56:58,899] {processor.py:651} INFO - DAG(s) dict_keys(['example_branch_labels']) retrieved from /home/airflow/.local/lib/python3.7/site-packages/airflow/example_dags/example_branch_labels.py
[2023-04-02 17:56:58,936] {logging_mixin.py:115} INFO - [2023-04-02 17:56:58,936] {dag.py:2371} INFO - Sync 1 DAGs
[2023-04-02 17:56:58,962] {logging_mixin.py:115} INFO - [2023-04-02 17:56:58,962] {dag.py:2919} INFO - Setting next_dagrun for example_branch_labels to 2023-04-01T00:00:00+00:00, run_after=2023-04-02T00:00:00+00:00
[2023-04-02 17:56:58,977] {processor.py:161} INFO - Processing /home/airflow/.local/lib/python3.7/site-packages/airflow/example_dags/example_branch_labels.py took 0.097 seconds
[2023-04-02 17:57:29,858] {processor.py:153} INFO - Started process (PID=296) to work on /home/airflow/.local/lib/python3.7/site-packages/airflow/example_dags/example_branch_labels.py
[2023-04-02 17:57:29,859] {processor.py:641} INFO - Processing file /home/airflow/.local/lib/python3.7/site-packages/airflow/example_dags/example_branch_labels.py for tasks to queue
[2023-04-02 17:57:29,860] {logging_mixin.py:115} INFO - [2023-04-02 17:57:29,860] {dagbag.py:507} INFO - Filling up the DagBag from /home/airflow/.local/lib/python3.7/site-packages/airflow/example_dags/example_branch_labels.py
[2023-04-02 17:57:29,868] {processor.py:651} INFO - DAG(s) dict_keys(['example_branch_labels']) retrieved from /home/airflow/.local/lib/python3.7/site-packages/airflow/example_dags/example_branch_labels.py
[2023-04-02 17:57:29,898] {logging_mixin.py:115} INFO - [2023-04-02 17:57:29,898] {dag.py:2371} INFO - Sync 1 DAGs
[2023-04-02 17:57:29,925] {logging_mixin.py:115} INFO - [2023-04-02 17:57:29,925] {dag.py:2919} INFO - Setting next_dagrun for example_branch_labels to 2023-04-01T00:00:00+00:00, run_after=2023-04-02T00:00:00+00:00
[2023-04-02 17:57:29,942] {processor.py:161} INFO - Processing /home/airflow/.local/lib/python3.7/site-packages/airflow/example_dags/example_branch_labels.py took 0.088 seconds
[2023-04-02 17:58:00,017] {processor.py:153} INFO - Started process (PID=357) to work on /home/airflow/.local/lib/python3.7/site-packages/airflow/example_dags/example_branch_labels.py
[2023-04-02 17:58:00,019] {processor.py:641} INFO - Processing file /home/airflow/.local/lib/python3.7/site-packages/airflow/example_dags/example_branch_labels.py for tasks to queue
[2023-04-02 17:58:00,021] {logging_mixin.py:115} INFO - [2023-04-02 17:58:00,021] {dagbag.py:507} INFO - Filling up the DagBag from /home/airflow/.local/lib/python3.7/site-packages/airflow/example_dags/example_branch_labels.py
[2023-04-02 17:58:00,031] {processor.py:651} INFO - DAG(s) dict_keys(['example_branch_labels']) retrieved from /home/airflow/.local/lib/python3.7/site-packages/airflow/example_dags/example_branch_labels.py
[2023-04-02 17:58:00,069] {logging_mixin.py:115} INFO - [2023-04-02 17:58:00,069] {dag.py:2371} INFO - Sync 1 DAGs
[2023-04-02 17:58:00,102] {logging_mixin.py:115} INFO - [2023-04-02 17:58:00,102] {dag.py:2919} INFO - Setting next_dagrun for example_branch_labels to 2023-04-01T00:00:00+00:00, run_after=2023-04-02T00:00:00+00:00
[2023-04-02 17:58:00,121] {processor.py:161} INFO - Processing /home/airflow/.local/lib/python3.7/site-packages/airflow/example_dags/example_branch_labels.py took 0.109 seconds
[2023-04-02 17:58:31,211] {processor.py:153} INFO - Started process (PID=409) to work on /home/airflow/.local/lib/python3.7/site-packages/airflow/example_dags/example_branch_labels.py
[2023-04-02 17:58:31,213] {processor.py:641} INFO - Processing file /home/airflow/.local/lib/python3.7/site-packages/airflow/example_dags/example_branch_labels.py for tasks to queue
[2023-04-02 17:58:31,214] {logging_mixin.py:115} INFO - [2023-04-02 17:58:31,214] {dagbag.py:507} INFO - Filling up the DagBag from /home/airflow/.local/lib/python3.7/site-packages/airflow/example_dags/example_branch_labels.py
[2023-04-02 17:58:31,222] {processor.py:651} INFO - DAG(s) dict_keys(['example_branch_labels']) retrieved from /home/airflow/.local/lib/python3.7/site-packages/airflow/example_dags/example_branch_labels.py
[2023-04-02 17:58:31,251] {logging_mixin.py:115} INFO - [2023-04-02 17:58:31,251] {dag.py:2371} INFO - Sync 1 DAGs
[2023-04-02 17:58:31,275] {logging_mixin.py:115} INFO - [2023-04-02 17:58:31,275] {dag.py:2919} INFO - Setting next_dagrun for example_branch_labels to 2023-04-01T00:00:00+00:00, run_after=2023-04-02T00:00:00+00:00
[2023-04-02 17:58:31,289] {processor.py:161} INFO - Processing /home/airflow/.local/lib/python3.7/site-packages/airflow/example_dags/example_branch_labels.py took 0.081 seconds
[2023-04-02 17:59:02,169] {processor.py:153} INFO - Started process (PID=471) to work on /home/airflow/.local/lib/python3.7/site-packages/airflow/example_dags/example_branch_labels.py
[2023-04-02 17:59:02,170] {processor.py:641} INFO - Processing file /home/airflow/.local/lib/python3.7/site-packages/airflow/example_dags/example_branch_labels.py for tasks to queue
[2023-04-02 17:59:02,171] {logging_mixin.py:115} INFO - [2023-04-02 17:59:02,171] {dagbag.py:507} INFO - Filling up the DagBag from /home/airflow/.local/lib/python3.7/site-packages/airflow/example_dags/example_branch_labels.py
[2023-04-02 17:59:02,179] {processor.py:651} INFO - DAG(s) dict_keys(['example_branch_labels']) retrieved from /home/airflow/.local/lib/python3.7/site-packages/airflow/example_dags/example_branch_labels.py
[2023-04-02 17:59:02,209] {logging_mixin.py:115} INFO - [2023-04-02 17:59:02,208] {dag.py:2371} INFO - Sync 1 DAGs
[2023-04-02 17:59:02,235] {logging_mixin.py:115} INFO - [2023-04-02 17:59:02,234] {dag.py:2919} INFO - Setting next_dagrun for example_branch_labels to 2023-04-01T00:00:00+00:00, run_after=2023-04-02T00:00:00+00:00
[2023-04-02 17:59:02,248] {processor.py:161} INFO - Processing /home/airflow/.local/lib/python3.7/site-packages/airflow/example_dags/example_branch_labels.py took 0.083 seconds
[2023-04-02 17:59:32,457] {processor.py:153} INFO - Started process (PID=532) to work on /home/airflow/.local/lib/python3.7/site-packages/airflow/example_dags/example_branch_labels.py
[2023-04-02 17:59:32,458] {processor.py:641} INFO - Processing file /home/airflow/.local/lib/python3.7/site-packages/airflow/example_dags/example_branch_labels.py for tasks to queue
[2023-04-02 17:59:32,460] {logging_mixin.py:115} INFO - [2023-04-02 17:59:32,459] {dagbag.py:507} INFO - Filling up the DagBag from /home/airflow/.local/lib/python3.7/site-packages/airflow/example_dags/example_branch_labels.py
[2023-04-02 17:59:32,469] {processor.py:651} INFO - DAG(s) dict_keys(['example_branch_labels']) retrieved from /home/airflow/.local/lib/python3.7/site-packages/airflow/example_dags/example_branch_labels.py
[2023-04-02 17:59:32,501] {logging_mixin.py:115} INFO - [2023-04-02 17:59:32,501] {dag.py:2371} INFO - Sync 1 DAGs
[2023-04-02 17:59:32,528] {logging_mixin.py:115} INFO - [2023-04-02 17:59:32,528] {dag.py:2919} INFO - Setting next_dagrun for example_branch_labels to 2023-04-01T00:00:00+00:00, run_after=2023-04-02T00:00:00+00:00
[2023-04-02 17:59:32,544] {processor.py:161} INFO - Processing /home/airflow/.local/lib/python3.7/site-packages/airflow/example_dags/example_branch_labels.py took 0.091 seconds
[2023-04-02 18:00:02,961] {processor.py:153} INFO - Started process (PID=584) to work on /home/airflow/.local/lib/python3.7/site-packages/airflow/example_dags/example_branch_labels.py
[2023-04-02 18:00:02,963] {processor.py:641} INFO - Processing file /home/airflow/.local/lib/python3.7/site-packages/airflow/example_dags/example_branch_labels.py for tasks to queue
[2023-04-02 18:00:02,966] {logging_mixin.py:115} INFO - [2023-04-02 18:00:02,966] {dagbag.py:507} INFO - Filling up the DagBag from /home/airflow/.local/lib/python3.7/site-packages/airflow/example_dags/example_branch_labels.py
[2023-04-02 18:00:02,980] {processor.py:651} INFO - DAG(s) dict_keys(['example_branch_labels']) retrieved from /home/airflow/.local/lib/python3.7/site-packages/airflow/example_dags/example_branch_labels.py
[2023-04-02 18:00:03,030] {logging_mixin.py:115} INFO - [2023-04-02 18:00:03,030] {dag.py:2371} INFO - Sync 1 DAGs
[2023-04-02 18:00:03,067] {logging_mixin.py:115} INFO - [2023-04-02 18:00:03,067] {dag.py:2919} INFO - Setting next_dagrun for example_branch_labels to 2023-04-01T00:00:00+00:00, run_after=2023-04-02T00:00:00+00:00
[2023-04-02 18:00:03,085] {processor.py:161} INFO - Processing /home/airflow/.local/lib/python3.7/site-packages/airflow/example_dags/example_branch_labels.py took 0.130 seconds
[2023-04-02 18:00:33,717] {processor.py:153} INFO - Started process (PID=647) to work on /home/airflow/.local/lib/python3.7/site-packages/airflow/example_dags/example_branch_labels.py
[2023-04-02 18:00:33,719] {processor.py:641} INFO - Processing file /home/airflow/.local/lib/python3.7/site-packages/airflow/example_dags/example_branch_labels.py for tasks to queue
[2023-04-02 18:00:33,721] {logging_mixin.py:115} INFO - [2023-04-02 18:00:33,720] {dagbag.py:507} INFO - Filling up the DagBag from /home/airflow/.local/lib/python3.7/site-packages/airflow/example_dags/example_branch_labels.py
[2023-04-02 18:00:33,728] {processor.py:651} INFO - DAG(s) dict_keys(['example_branch_labels']) retrieved from /home/airflow/.local/lib/python3.7/site-packages/airflow/example_dags/example_branch_labels.py
[2023-04-02 18:00:33,760] {logging_mixin.py:115} INFO - [2023-04-02 18:00:33,760] {dag.py:2371} INFO - Sync 1 DAGs
[2023-04-02 18:00:33,791] {logging_mixin.py:115} INFO - [2023-04-02 18:00:33,791] {dag.py:2919} INFO - Setting next_dagrun for example_branch_labels to 2023-04-01T00:00:00+00:00, run_after=2023-04-02T00:00:00+00:00
[2023-04-02 18:00:33,804] {processor.py:161} INFO - Processing /home/airflow/.local/lib/python3.7/site-packages/airflow/example_dags/example_branch_labels.py took 0.092 seconds
[2023-04-02 18:01:04,448] {processor.py:153} INFO - Started process (PID=710) to work on /home/airflow/.local/lib/python3.7/site-packages/airflow/example_dags/example_branch_labels.py
[2023-04-02 18:01:04,449] {processor.py:641} INFO - Processing file /home/airflow/.local/lib/python3.7/site-packages/airflow/example_dags/example_branch_labels.py for tasks to queue
[2023-04-02 18:01:04,451] {logging_mixin.py:115} INFO - [2023-04-02 18:01:04,451] {dagbag.py:507} INFO - Filling up the DagBag from /home/airflow/.local/lib/python3.7/site-packages/airflow/example_dags/example_branch_labels.py
[2023-04-02 18:01:04,458] {processor.py:651} INFO - DAG(s) dict_keys(['example_branch_labels']) retrieved from /home/airflow/.local/lib/python3.7/site-packages/airflow/example_dags/example_branch_labels.py
[2023-04-02 18:01:04,488] {logging_mixin.py:115} INFO - [2023-04-02 18:01:04,488] {dag.py:2371} INFO - Sync 1 DAGs
[2023-04-02 18:01:04,516] {logging_mixin.py:115} INFO - [2023-04-02 18:01:04,516] {dag.py:2919} INFO - Setting next_dagrun for example_branch_labels to 2023-04-01T00:00:00+00:00, run_after=2023-04-02T00:00:00+00:00
[2023-04-02 18:01:04,528] {processor.py:161} INFO - Processing /home/airflow/.local/lib/python3.7/site-packages/airflow/example_dags/example_branch_labels.py took 0.084 seconds
[2023-04-02 18:01:34,833] {processor.py:153} INFO - Started process (PID=777) to work on /home/airflow/.local/lib/python3.7/site-packages/airflow/example_dags/example_branch_labels.py
[2023-04-02 18:01:34,835] {processor.py:641} INFO - Processing file /home/airflow/.local/lib/python3.7/site-packages/airflow/example_dags/example_branch_labels.py for tasks to queue
[2023-04-02 18:01:34,836] {logging_mixin.py:115} INFO - [2023-04-02 18:01:34,836] {dagbag.py:507} INFO - Filling up the DagBag from /home/airflow/.local/lib/python3.7/site-packages/airflow/example_dags/example_branch_labels.py
[2023-04-02 18:01:34,844] {processor.py:651} INFO - DAG(s) dict_keys(['example_branch_labels']) retrieved from /home/airflow/.local/lib/python3.7/site-packages/airflow/example_dags/example_branch_labels.py
[2023-04-02 18:01:34,876] {logging_mixin.py:115} INFO - [2023-04-02 18:01:34,876] {dag.py:2371} INFO - Sync 1 DAGs
[2023-04-02 18:01:34,904] {logging_mixin.py:115} INFO - [2023-04-02 18:01:34,904] {dag.py:2919} INFO - Setting next_dagrun for example_branch_labels to 2023-04-01T00:00:00+00:00, run_after=2023-04-02T00:00:00+00:00
[2023-04-02 18:01:34,916] {processor.py:161} INFO - Processing /home/airflow/.local/lib/python3.7/site-packages/airflow/example_dags/example_branch_labels.py took 0.088 seconds
[2023-04-02 18:02:05,211] {processor.py:153} INFO - Started process (PID=830) to work on /home/airflow/.local/lib/python3.7/site-packages/airflow/example_dags/example_branch_labels.py
[2023-04-02 18:02:05,212] {processor.py:641} INFO - Processing file /home/airflow/.local/lib/python3.7/site-packages/airflow/example_dags/example_branch_labels.py for tasks to queue
[2023-04-02 18:02:05,214] {logging_mixin.py:115} INFO - [2023-04-02 18:02:05,214] {dagbag.py:507} INFO - Filling up the DagBag from /home/airflow/.local/lib/python3.7/site-packages/airflow/example_dags/example_branch_labels.py
[2023-04-02 18:02:05,222] {processor.py:651} INFO - DAG(s) dict_keys(['example_branch_labels']) retrieved from /home/airflow/.local/lib/python3.7/site-packages/airflow/example_dags/example_branch_labels.py
[2023-04-02 18:02:05,253] {logging_mixin.py:115} INFO - [2023-04-02 18:02:05,253] {dag.py:2371} INFO - Sync 1 DAGs
[2023-04-02 18:02:05,280] {logging_mixin.py:115} INFO - [2023-04-02 18:02:05,280] {dag.py:2919} INFO - Setting next_dagrun for example_branch_labels to 2023-04-01T00:00:00+00:00, run_after=2023-04-02T00:00:00+00:00
[2023-04-02 18:02:05,291] {processor.py:161} INFO - Processing /home/airflow/.local/lib/python3.7/site-packages/airflow/example_dags/example_branch_labels.py took 0.084 seconds
[2023-04-02 18:02:35,734] {processor.py:153} INFO - Started process (PID=894) to work on /home/airflow/.local/lib/python3.7/site-packages/airflow/example_dags/example_branch_labels.py
[2023-04-02 18:02:35,736] {processor.py:641} INFO - Processing file /home/airflow/.local/lib/python3.7/site-packages/airflow/example_dags/example_branch_labels.py for tasks to queue
[2023-04-02 18:02:35,737] {logging_mixin.py:115} INFO - [2023-04-02 18:02:35,737] {dagbag.py:507} INFO - Filling up the DagBag from /home/airflow/.local/lib/python3.7/site-packages/airflow/example_dags/example_branch_labels.py
[2023-04-02 18:02:35,745] {processor.py:651} INFO - DAG(s) dict_keys(['example_branch_labels']) retrieved from /home/airflow/.local/lib/python3.7/site-packages/airflow/example_dags/example_branch_labels.py
[2023-04-02 18:02:35,783] {logging_mixin.py:115} INFO - [2023-04-02 18:02:35,782] {dag.py:2371} INFO - Sync 1 DAGs
[2023-04-02 18:02:35,809] {logging_mixin.py:115} INFO - [2023-04-02 18:02:35,809] {dag.py:2919} INFO - Setting next_dagrun for example_branch_labels to 2023-04-01T00:00:00+00:00, run_after=2023-04-02T00:00:00+00:00
[2023-04-02 18:02:35,820] {processor.py:161} INFO - Processing /home/airflow/.local/lib/python3.7/site-packages/airflow/example_dags/example_branch_labels.py took 0.090 seconds
[2023-04-02 18:03:06,119] {processor.py:153} INFO - Started process (PID=957) to work on /home/airflow/.local/lib/python3.7/site-packages/airflow/example_dags/example_branch_labels.py
[2023-04-02 18:03:06,121] {processor.py:641} INFO - Processing file /home/airflow/.local/lib/python3.7/site-packages/airflow/example_dags/example_branch_labels.py for tasks to queue
[2023-04-02 18:03:06,123] {logging_mixin.py:115} INFO - [2023-04-02 18:03:06,123] {dagbag.py:507} INFO - Filling up the DagBag from /home/airflow/.local/lib/python3.7/site-packages/airflow/example_dags/example_branch_labels.py
[2023-04-02 18:03:06,131] {processor.py:651} INFO - DAG(s) dict_keys(['example_branch_labels']) retrieved from /home/airflow/.local/lib/python3.7/site-packages/airflow/example_dags/example_branch_labels.py
[2023-04-02 18:03:06,162] {logging_mixin.py:115} INFO - [2023-04-02 18:03:06,162] {dag.py:2371} INFO - Sync 1 DAGs
[2023-04-02 18:03:06,189] {logging_mixin.py:115} INFO - [2023-04-02 18:03:06,188] {dag.py:2919} INFO - Setting next_dagrun for example_branch_labels to 2023-04-01T00:00:00+00:00, run_after=2023-04-02T00:00:00+00:00
[2023-04-02 18:03:06,200] {processor.py:161} INFO - Processing /home/airflow/.local/lib/python3.7/site-packages/airflow/example_dags/example_branch_labels.py took 0.085 seconds
[2023-04-02 18:03:36,716] {processor.py:153} INFO - Started process (PID=1011) to work on /home/airflow/.local/lib/python3.7/site-packages/airflow/example_dags/example_branch_labels.py
[2023-04-02 18:03:36,718] {processor.py:641} INFO - Processing file /home/airflow/.local/lib/python3.7/site-packages/airflow/example_dags/example_branch_labels.py for tasks to queue
[2023-04-02 18:03:36,719] {logging_mixin.py:115} INFO - [2023-04-02 18:03:36,719] {dagbag.py:507} INFO - Filling up the DagBag from /home/airflow/.local/lib/python3.7/site-packages/airflow/example_dags/example_branch_labels.py
[2023-04-02 18:03:36,727] {processor.py:651} INFO - DAG(s) dict_keys(['example_branch_labels']) retrieved from /home/airflow/.local/lib/python3.7/site-packages/airflow/example_dags/example_branch_labels.py
[2023-04-02 18:03:36,762] {logging_mixin.py:115} INFO - [2023-04-02 18:03:36,762] {dag.py:2371} INFO - Sync 1 DAGs
[2023-04-02 18:03:36,802] {logging_mixin.py:115} INFO - [2023-04-02 18:03:36,802] {dag.py:2919} INFO - Setting next_dagrun for example_branch_labels to 2023-04-01T00:00:00+00:00, run_after=2023-04-02T00:00:00+00:00
[2023-04-02 18:03:36,815] {processor.py:161} INFO - Processing /home/airflow/.local/lib/python3.7/site-packages/airflow/example_dags/example_branch_labels.py took 0.103 seconds
[2023-04-02 18:04:07,033] {processor.py:153} INFO - Started process (PID=1074) to work on /home/airflow/.local/lib/python3.7/site-packages/airflow/example_dags/example_branch_labels.py
[2023-04-02 18:04:07,035] {processor.py:641} INFO - Processing file /home/airflow/.local/lib/python3.7/site-packages/airflow/example_dags/example_branch_labels.py for tasks to queue
[2023-04-02 18:04:07,036] {logging_mixin.py:115} INFO - [2023-04-02 18:04:07,036] {dagbag.py:507} INFO - Filling up the DagBag from /home/airflow/.local/lib/python3.7/site-packages/airflow/example_dags/example_branch_labels.py
[2023-04-02 18:04:07,044] {processor.py:651} INFO - DAG(s) dict_keys(['example_branch_labels']) retrieved from /home/airflow/.local/lib/python3.7/site-packages/airflow/example_dags/example_branch_labels.py
[2023-04-02 18:04:07,077] {logging_mixin.py:115} INFO - [2023-04-02 18:04:07,077] {dag.py:2371} INFO - Sync 1 DAGs
[2023-04-02 18:04:07,106] {logging_mixin.py:115} INFO - [2023-04-02 18:04:07,105] {dag.py:2919} INFO - Setting next_dagrun for example_branch_labels to 2023-04-01T00:00:00+00:00, run_after=2023-04-02T00:00:00+00:00
[2023-04-02 18:04:07,119] {processor.py:161} INFO - Processing /home/airflow/.local/lib/python3.7/site-packages/airflow/example_dags/example_branch_labels.py took 0.090 seconds
[2023-04-02 18:04:37,661] {processor.py:153} INFO - Started process (PID=1137) to work on /home/airflow/.local/lib/python3.7/site-packages/airflow/example_dags/example_branch_labels.py
[2023-04-02 18:04:37,663] {processor.py:641} INFO - Processing file /home/airflow/.local/lib/python3.7/site-packages/airflow/example_dags/example_branch_labels.py for tasks to queue
[2023-04-02 18:04:37,664] {logging_mixin.py:115} INFO - [2023-04-02 18:04:37,664] {dagbag.py:507} INFO - Filling up the DagBag from /home/airflow/.local/lib/python3.7/site-packages/airflow/example_dags/example_branch_labels.py
[2023-04-02 18:04:37,673] {processor.py:651} INFO - DAG(s) dict_keys(['example_branch_labels']) retrieved from /home/airflow/.local/lib/python3.7/site-packages/airflow/example_dags/example_branch_labels.py
[2023-04-02 18:04:37,706] {logging_mixin.py:115} INFO - [2023-04-02 18:04:37,706] {dag.py:2371} INFO - Sync 1 DAGs
[2023-04-02 18:04:37,736] {logging_mixin.py:115} INFO - [2023-04-02 18:04:37,736] {dag.py:2919} INFO - Setting next_dagrun for example_branch_labels to 2023-04-01T00:00:00+00:00, run_after=2023-04-02T00:00:00+00:00
[2023-04-02 18:04:37,750] {processor.py:161} INFO - Processing /home/airflow/.local/lib/python3.7/site-packages/airflow/example_dags/example_branch_labels.py took 0.093 seconds
[2023-04-02 18:05:08,239] {processor.py:153} INFO - Started process (PID=1191) to work on /home/airflow/.local/lib/python3.7/site-packages/airflow/example_dags/example_branch_labels.py
[2023-04-02 18:05:08,241] {processor.py:641} INFO - Processing file /home/airflow/.local/lib/python3.7/site-packages/airflow/example_dags/example_branch_labels.py for tasks to queue
[2023-04-02 18:05:08,242] {logging_mixin.py:115} INFO - [2023-04-02 18:05:08,242] {dagbag.py:507} INFO - Filling up the DagBag from /home/airflow/.local/lib/python3.7/site-packages/airflow/example_dags/example_branch_labels.py
[2023-04-02 18:05:08,251] {processor.py:651} INFO - DAG(s) dict_keys(['example_branch_labels']) retrieved from /home/airflow/.local/lib/python3.7/site-packages/airflow/example_dags/example_branch_labels.py
[2023-04-02 18:05:08,283] {logging_mixin.py:115} INFO - [2023-04-02 18:05:08,283] {dag.py:2371} INFO - Sync 1 DAGs
[2023-04-02 18:05:08,312] {logging_mixin.py:115} INFO - [2023-04-02 18:05:08,312] {dag.py:2919} INFO - Setting next_dagrun for example_branch_labels to 2023-04-01T00:00:00+00:00, run_after=2023-04-02T00:00:00+00:00
[2023-04-02 18:05:08,326] {processor.py:161} INFO - Processing /home/airflow/.local/lib/python3.7/site-packages/airflow/example_dags/example_branch_labels.py took 0.092 seconds
[2023-04-02 18:05:38,622] {processor.py:153} INFO - Started process (PID=1255) to work on /home/airflow/.local/lib/python3.7/site-packages/airflow/example_dags/example_branch_labels.py
[2023-04-02 18:05:38,623] {processor.py:641} INFO - Processing file /home/airflow/.local/lib/python3.7/site-packages/airflow/example_dags/example_branch_labels.py for tasks to queue
[2023-04-02 18:05:38,624] {logging_mixin.py:115} INFO - [2023-04-02 18:05:38,624] {dagbag.py:507} INFO - Filling up the DagBag from /home/airflow/.local/lib/python3.7/site-packages/airflow/example_dags/example_branch_labels.py
[2023-04-02 18:05:38,632] {processor.py:651} INFO - DAG(s) dict_keys(['example_branch_labels']) retrieved from /home/airflow/.local/lib/python3.7/site-packages/airflow/example_dags/example_branch_labels.py
[2023-04-02 18:05:38,662] {logging_mixin.py:115} INFO - [2023-04-02 18:05:38,662] {dag.py:2371} INFO - Sync 1 DAGs
[2023-04-02 18:05:38,812] {logging_mixin.py:115} INFO - [2023-04-02 18:05:38,812] {dag.py:2919} INFO - Setting next_dagrun for example_branch_labels to 2023-04-01T00:00:00+00:00, run_after=2023-04-02T00:00:00+00:00
[2023-04-02 18:05:38,824] {processor.py:161} INFO - Processing /home/airflow/.local/lib/python3.7/site-packages/airflow/example_dags/example_branch_labels.py took 0.206 seconds
[2023-04-02 18:06:09,542] {processor.py:153} INFO - Started process (PID=1319) to work on /home/airflow/.local/lib/python3.7/site-packages/airflow/example_dags/example_branch_labels.py
[2023-04-02 18:06:09,543] {processor.py:641} INFO - Processing file /home/airflow/.local/lib/python3.7/site-packages/airflow/example_dags/example_branch_labels.py for tasks to queue
[2023-04-02 18:06:09,544] {logging_mixin.py:115} INFO - [2023-04-02 18:06:09,544] {dagbag.py:507} INFO - Filling up the DagBag from /home/airflow/.local/lib/python3.7/site-packages/airflow/example_dags/example_branch_labels.py
[2023-04-02 18:06:09,552] {processor.py:651} INFO - DAG(s) dict_keys(['example_branch_labels']) retrieved from /home/airflow/.local/lib/python3.7/site-packages/airflow/example_dags/example_branch_labels.py
[2023-04-02 18:06:09,582] {logging_mixin.py:115} INFO - [2023-04-02 18:06:09,582] {dag.py:2371} INFO - Sync 1 DAGs
[2023-04-02 18:06:09,737] {logging_mixin.py:115} INFO - [2023-04-02 18:06:09,737] {dag.py:2919} INFO - Setting next_dagrun for example_branch_labels to 2023-04-01T00:00:00+00:00, run_after=2023-04-02T00:00:00+00:00
[2023-04-02 18:06:09,749] {processor.py:161} INFO - Processing /home/airflow/.local/lib/python3.7/site-packages/airflow/example_dags/example_branch_labels.py took 0.211 seconds
[2023-04-02 18:06:40,423] {processor.py:153} INFO - Started process (PID=1382) to work on /home/airflow/.local/lib/python3.7/site-packages/airflow/example_dags/example_branch_labels.py
[2023-04-02 18:06:40,424] {processor.py:641} INFO - Processing file /home/airflow/.local/lib/python3.7/site-packages/airflow/example_dags/example_branch_labels.py for tasks to queue
[2023-04-02 18:06:40,426] {logging_mixin.py:115} INFO - [2023-04-02 18:06:40,426] {dagbag.py:507} INFO - Filling up the DagBag from /home/airflow/.local/lib/python3.7/site-packages/airflow/example_dags/example_branch_labels.py
[2023-04-02 18:06:40,435] {processor.py:651} INFO - DAG(s) dict_keys(['example_branch_labels']) retrieved from /home/airflow/.local/lib/python3.7/site-packages/airflow/example_dags/example_branch_labels.py
[2023-04-02 18:06:40,468] {logging_mixin.py:115} INFO - [2023-04-02 18:06:40,468] {dag.py:2371} INFO - Sync 1 DAGs
[2023-04-02 18:06:40,619] {logging_mixin.py:115} INFO - [2023-04-02 18:06:40,618] {dag.py:2919} INFO - Setting next_dagrun for example_branch_labels to 2023-04-01T00:00:00+00:00, run_after=2023-04-02T00:00:00+00:00
[2023-04-02 18:06:40,630] {processor.py:161} INFO - Processing /home/airflow/.local/lib/python3.7/site-packages/airflow/example_dags/example_branch_labels.py took 0.212 seconds
[2023-04-02 18:07:11,059] {processor.py:153} INFO - Started process (PID=1436) to work on /home/airflow/.local/lib/python3.7/site-packages/airflow/example_dags/example_branch_labels.py
[2023-04-02 18:07:11,061] {processor.py:641} INFO - Processing file /home/airflow/.local/lib/python3.7/site-packages/airflow/example_dags/example_branch_labels.py for tasks to queue
[2023-04-02 18:07:11,062] {logging_mixin.py:115} INFO - [2023-04-02 18:07:11,062] {dagbag.py:507} INFO - Filling up the DagBag from /home/airflow/.local/lib/python3.7/site-packages/airflow/example_dags/example_branch_labels.py
[2023-04-02 18:07:11,069] {processor.py:651} INFO - DAG(s) dict_keys(['example_branch_labels']) retrieved from /home/airflow/.local/lib/python3.7/site-packages/airflow/example_dags/example_branch_labels.py
[2023-04-02 18:07:11,098] {logging_mixin.py:115} INFO - [2023-04-02 18:07:11,098] {dag.py:2371} INFO - Sync 1 DAGs
[2023-04-02 18:07:11,245] {logging_mixin.py:115} INFO - [2023-04-02 18:07:11,245] {dag.py:2919} INFO - Setting next_dagrun for example_branch_labels to 2023-04-01T00:00:00+00:00, run_after=2023-04-02T00:00:00+00:00
[2023-04-02 18:07:11,259] {processor.py:161} INFO - Processing /home/airflow/.local/lib/python3.7/site-packages/airflow/example_dags/example_branch_labels.py took 0.203 seconds
[2023-04-02 18:07:41,705] {processor.py:153} INFO - Started process (PID=1500) to work on /home/airflow/.local/lib/python3.7/site-packages/airflow/example_dags/example_branch_labels.py
[2023-04-02 18:07:41,706] {processor.py:641} INFO - Processing file /home/airflow/.local/lib/python3.7/site-packages/airflow/example_dags/example_branch_labels.py for tasks to queue
[2023-04-02 18:07:41,707] {logging_mixin.py:115} INFO - [2023-04-02 18:07:41,707] {dagbag.py:507} INFO - Filling up the DagBag from /home/airflow/.local/lib/python3.7/site-packages/airflow/example_dags/example_branch_labels.py
[2023-04-02 18:07:41,715] {processor.py:651} INFO - DAG(s) dict_keys(['example_branch_labels']) retrieved from /home/airflow/.local/lib/python3.7/site-packages/airflow/example_dags/example_branch_labels.py
[2023-04-02 18:07:41,745] {logging_mixin.py:115} INFO - [2023-04-02 18:07:41,745] {dag.py:2371} INFO - Sync 1 DAGs
[2023-04-02 18:07:41,894] {logging_mixin.py:115} INFO - [2023-04-02 18:07:41,894] {dag.py:2919} INFO - Setting next_dagrun for example_branch_labels to 2023-04-01T00:00:00+00:00, run_after=2023-04-02T00:00:00+00:00
[2023-04-02 18:07:41,907] {processor.py:161} INFO - Processing /home/airflow/.local/lib/python3.7/site-packages/airflow/example_dags/example_branch_labels.py took 0.205 seconds
[2023-04-02 18:08:12,541] {processor.py:153} INFO - Started process (PID=1563) to work on /home/airflow/.local/lib/python3.7/site-packages/airflow/example_dags/example_branch_labels.py
[2023-04-02 18:08:12,542] {processor.py:641} INFO - Processing file /home/airflow/.local/lib/python3.7/site-packages/airflow/example_dags/example_branch_labels.py for tasks to queue
[2023-04-02 18:08:12,544] {logging_mixin.py:115} INFO - [2023-04-02 18:08:12,544] {dagbag.py:507} INFO - Filling up the DagBag from /home/airflow/.local/lib/python3.7/site-packages/airflow/example_dags/example_branch_labels.py
[2023-04-02 18:08:12,551] {processor.py:651} INFO - DAG(s) dict_keys(['example_branch_labels']) retrieved from /home/airflow/.local/lib/python3.7/site-packages/airflow/example_dags/example_branch_labels.py
[2023-04-02 18:08:12,582] {logging_mixin.py:115} INFO - [2023-04-02 18:08:12,582] {dag.py:2371} INFO - Sync 1 DAGs
[2023-04-02 18:08:12,741] {logging_mixin.py:115} INFO - [2023-04-02 18:08:12,741] {dag.py:2919} INFO - Setting next_dagrun for example_branch_labels to 2023-04-01T00:00:00+00:00, run_after=2023-04-02T00:00:00+00:00
[2023-04-02 18:08:12,753] {processor.py:161} INFO - Processing /home/airflow/.local/lib/python3.7/site-packages/airflow/example_dags/example_branch_labels.py took 0.216 seconds
[2023-04-02 18:08:43,387] {processor.py:153} INFO - Started process (PID=1617) to work on /home/airflow/.local/lib/python3.7/site-packages/airflow/example_dags/example_branch_labels.py
[2023-04-02 18:08:43,388] {processor.py:641} INFO - Processing file /home/airflow/.local/lib/python3.7/site-packages/airflow/example_dags/example_branch_labels.py for tasks to queue
[2023-04-02 18:08:43,390] {logging_mixin.py:115} INFO - [2023-04-02 18:08:43,390] {dagbag.py:507} INFO - Filling up the DagBag from /home/airflow/.local/lib/python3.7/site-packages/airflow/example_dags/example_branch_labels.py
[2023-04-02 18:08:43,399] {processor.py:651} INFO - DAG(s) dict_keys(['example_branch_labels']) retrieved from /home/airflow/.local/lib/python3.7/site-packages/airflow/example_dags/example_branch_labels.py
[2023-04-02 18:08:43,431] {logging_mixin.py:115} INFO - [2023-04-02 18:08:43,431] {dag.py:2371} INFO - Sync 1 DAGs
[2023-04-02 18:08:43,580] {logging_mixin.py:115} INFO - [2023-04-02 18:08:43,580] {dag.py:2919} INFO - Setting next_dagrun for example_branch_labels to 2023-04-01T00:00:00+00:00, run_after=2023-04-02T00:00:00+00:00
[2023-04-02 18:08:43,593] {processor.py:161} INFO - Processing /home/airflow/.local/lib/python3.7/site-packages/airflow/example_dags/example_branch_labels.py took 0.212 seconds
[2023-04-02 18:09:14,011] {processor.py:153} INFO - Started process (PID=1680) to work on /home/airflow/.local/lib/python3.7/site-packages/airflow/example_dags/example_branch_labels.py
[2023-04-02 18:09:14,012] {processor.py:641} INFO - Processing file /home/airflow/.local/lib/python3.7/site-packages/airflow/example_dags/example_branch_labels.py for tasks to queue
[2023-04-02 18:09:14,013] {logging_mixin.py:115} INFO - [2023-04-02 18:09:14,013] {dagbag.py:507} INFO - Filling up the DagBag from /home/airflow/.local/lib/python3.7/site-packages/airflow/example_dags/example_branch_labels.py
[2023-04-02 18:09:14,021] {processor.py:651} INFO - DAG(s) dict_keys(['example_branch_labels']) retrieved from /home/airflow/.local/lib/python3.7/site-packages/airflow/example_dags/example_branch_labels.py
[2023-04-02 18:09:14,051] {logging_mixin.py:115} INFO - [2023-04-02 18:09:14,051] {dag.py:2371} INFO - Sync 1 DAGs
[2023-04-02 18:09:14,185] {logging_mixin.py:115} INFO - [2023-04-02 18:09:14,185] {dag.py:2919} INFO - Setting next_dagrun for example_branch_labels to 2023-04-01T00:00:00+00:00, run_after=2023-04-02T00:00:00+00:00
[2023-04-02 18:09:14,199] {processor.py:161} INFO - Processing /home/airflow/.local/lib/python3.7/site-packages/airflow/example_dags/example_branch_labels.py took 0.193 seconds
[2023-04-02 18:09:44,384] {processor.py:153} INFO - Started process (PID=1743) to work on /home/airflow/.local/lib/python3.7/site-packages/airflow/example_dags/example_branch_labels.py
[2023-04-02 18:09:44,385] {processor.py:641} INFO - Processing file /home/airflow/.local/lib/python3.7/site-packages/airflow/example_dags/example_branch_labels.py for tasks to queue
[2023-04-02 18:09:44,386] {logging_mixin.py:115} INFO - [2023-04-02 18:09:44,386] {dagbag.py:507} INFO - Filling up the DagBag from /home/airflow/.local/lib/python3.7/site-packages/airflow/example_dags/example_branch_labels.py
[2023-04-02 18:09:44,394] {processor.py:651} INFO - DAG(s) dict_keys(['example_branch_labels']) retrieved from /home/airflow/.local/lib/python3.7/site-packages/airflow/example_dags/example_branch_labels.py
[2023-04-02 18:09:44,424] {logging_mixin.py:115} INFO - [2023-04-02 18:09:44,423] {dag.py:2371} INFO - Sync 1 DAGs
[2023-04-02 18:09:44,568] {logging_mixin.py:115} INFO - [2023-04-02 18:09:44,568] {dag.py:2919} INFO - Setting next_dagrun for example_branch_labels to 2023-04-01T00:00:00+00:00, run_after=2023-04-02T00:00:00+00:00
[2023-04-02 18:09:44,582] {processor.py:161} INFO - Processing /home/airflow/.local/lib/python3.7/site-packages/airflow/example_dags/example_branch_labels.py took 0.202 seconds
[2023-04-02 18:10:15,488] {processor.py:153} INFO - Started process (PID=1806) to work on /home/airflow/.local/lib/python3.7/site-packages/airflow/example_dags/example_branch_labels.py
[2023-04-02 18:10:15,489] {processor.py:641} INFO - Processing file /home/airflow/.local/lib/python3.7/site-packages/airflow/example_dags/example_branch_labels.py for tasks to queue
[2023-04-02 18:10:15,491] {logging_mixin.py:115} INFO - [2023-04-02 18:10:15,491] {dagbag.py:507} INFO - Filling up the DagBag from /home/airflow/.local/lib/python3.7/site-packages/airflow/example_dags/example_branch_labels.py
[2023-04-02 18:10:15,498] {processor.py:651} INFO - DAG(s) dict_keys(['example_branch_labels']) retrieved from /home/airflow/.local/lib/python3.7/site-packages/airflow/example_dags/example_branch_labels.py
[2023-04-02 18:10:15,528] {logging_mixin.py:115} INFO - [2023-04-02 18:10:15,528] {dag.py:2371} INFO - Sync 1 DAGs
[2023-04-02 18:10:15,663] {logging_mixin.py:115} INFO - [2023-04-02 18:10:15,663] {dag.py:2919} INFO - Setting next_dagrun for example_branch_labels to 2023-04-01T00:00:00+00:00, run_after=2023-04-02T00:00:00+00:00
[2023-04-02 18:10:15,676] {processor.py:161} INFO - Processing /home/airflow/.local/lib/python3.7/site-packages/airflow/example_dags/example_branch_labels.py took 0.191 seconds
[2023-04-02 18:10:45,810] {processor.py:153} INFO - Started process (PID=1860) to work on /home/airflow/.local/lib/python3.7/site-packages/airflow/example_dags/example_branch_labels.py
[2023-04-02 18:10:45,811] {processor.py:641} INFO - Processing file /home/airflow/.local/lib/python3.7/site-packages/airflow/example_dags/example_branch_labels.py for tasks to queue
[2023-04-02 18:10:45,812] {logging_mixin.py:115} INFO - [2023-04-02 18:10:45,812] {dagbag.py:507} INFO - Filling up the DagBag from /home/airflow/.local/lib/python3.7/site-packages/airflow/example_dags/example_branch_labels.py
[2023-04-02 18:10:45,820] {processor.py:651} INFO - DAG(s) dict_keys(['example_branch_labels']) retrieved from /home/airflow/.local/lib/python3.7/site-packages/airflow/example_dags/example_branch_labels.py
[2023-04-02 18:10:45,848] {logging_mixin.py:115} INFO - [2023-04-02 18:10:45,848] {dag.py:2371} INFO - Sync 1 DAGs
[2023-04-02 18:10:45,875] {logging_mixin.py:115} INFO - [2023-04-02 18:10:45,875] {dag.py:2919} INFO - Setting next_dagrun for example_branch_labels to 2023-04-01T00:00:00+00:00, run_after=2023-04-02T00:00:00+00:00
[2023-04-02 18:10:45,887] {processor.py:161} INFO - Processing /home/airflow/.local/lib/python3.7/site-packages/airflow/example_dags/example_branch_labels.py took 0.081 seconds
[2023-04-02 18:11:16,201] {processor.py:153} INFO - Started process (PID=1923) to work on /home/airflow/.local/lib/python3.7/site-packages/airflow/example_dags/example_branch_labels.py
[2023-04-02 18:11:16,203] {processor.py:641} INFO - Processing file /home/airflow/.local/lib/python3.7/site-packages/airflow/example_dags/example_branch_labels.py for tasks to queue
[2023-04-02 18:11:16,207] {logging_mixin.py:115} INFO - [2023-04-02 18:11:16,207] {dagbag.py:507} INFO - Filling up the DagBag from /home/airflow/.local/lib/python3.7/site-packages/airflow/example_dags/example_branch_labels.py
[2023-04-02 18:11:16,217] {processor.py:651} INFO - DAG(s) dict_keys(['example_branch_labels']) retrieved from /home/airflow/.local/lib/python3.7/site-packages/airflow/example_dags/example_branch_labels.py
[2023-04-02 18:11:16,250] {logging_mixin.py:115} INFO - [2023-04-02 18:11:16,250] {dag.py:2371} INFO - Sync 1 DAGs
[2023-04-02 18:11:16,278] {logging_mixin.py:115} INFO - [2023-04-02 18:11:16,278] {dag.py:2919} INFO - Setting next_dagrun for example_branch_labels to 2023-04-01T00:00:00+00:00, run_after=2023-04-02T00:00:00+00:00
[2023-04-02 18:11:16,291] {processor.py:161} INFO - Processing /home/airflow/.local/lib/python3.7/site-packages/airflow/example_dags/example_branch_labels.py took 0.097 seconds
[2023-04-02 18:11:46,784] {processor.py:153} INFO - Started process (PID=1986) to work on /home/airflow/.local/lib/python3.7/site-packages/airflow/example_dags/example_branch_labels.py
[2023-04-02 18:11:46,786] {processor.py:641} INFO - Processing file /home/airflow/.local/lib/python3.7/site-packages/airflow/example_dags/example_branch_labels.py for tasks to queue
[2023-04-02 18:11:46,788] {logging_mixin.py:115} INFO - [2023-04-02 18:11:46,788] {dagbag.py:507} INFO - Filling up the DagBag from /home/airflow/.local/lib/python3.7/site-packages/airflow/example_dags/example_branch_labels.py
[2023-04-02 18:11:46,799] {processor.py:651} INFO - DAG(s) dict_keys(['example_branch_labels']) retrieved from /home/airflow/.local/lib/python3.7/site-packages/airflow/example_dags/example_branch_labels.py
[2023-04-02 18:11:46,837] {logging_mixin.py:115} INFO - [2023-04-02 18:11:46,836] {dag.py:2371} INFO - Sync 1 DAGs
[2023-04-02 18:11:46,870] {logging_mixin.py:115} INFO - [2023-04-02 18:11:46,869] {dag.py:2919} INFO - Setting next_dagrun for example_branch_labels to 2023-04-01T00:00:00+00:00, run_after=2023-04-02T00:00:00+00:00
[2023-04-02 18:11:46,885] {processor.py:161} INFO - Processing /home/airflow/.local/lib/python3.7/site-packages/airflow/example_dags/example_branch_labels.py took 0.107 seconds
[2023-04-02 18:12:16,997] {processor.py:153} INFO - Started process (PID=2040) to work on /home/airflow/.local/lib/python3.7/site-packages/airflow/example_dags/example_branch_labels.py
[2023-04-02 18:12:16,998] {processor.py:641} INFO - Processing file /home/airflow/.local/lib/python3.7/site-packages/airflow/example_dags/example_branch_labels.py for tasks to queue
[2023-04-02 18:12:17,000] {logging_mixin.py:115} INFO - [2023-04-02 18:12:17,000] {dagbag.py:507} INFO - Filling up the DagBag from /home/airflow/.local/lib/python3.7/site-packages/airflow/example_dags/example_branch_labels.py
[2023-04-02 18:12:17,007] {processor.py:651} INFO - DAG(s) dict_keys(['example_branch_labels']) retrieved from /home/airflow/.local/lib/python3.7/site-packages/airflow/example_dags/example_branch_labels.py
[2023-04-02 18:12:17,038] {logging_mixin.py:115} INFO - [2023-04-02 18:12:17,038] {dag.py:2371} INFO - Sync 1 DAGs
[2023-04-02 18:12:17,065] {logging_mixin.py:115} INFO - [2023-04-02 18:12:17,065] {dag.py:2919} INFO - Setting next_dagrun for example_branch_labels to 2023-04-01T00:00:00+00:00, run_after=2023-04-02T00:00:00+00:00
[2023-04-02 18:12:17,076] {processor.py:161} INFO - Processing /home/airflow/.local/lib/python3.7/site-packages/airflow/example_dags/example_branch_labels.py took 0.083 seconds
[2023-04-02 18:12:47,554] {processor.py:153} INFO - Started process (PID=2103) to work on /home/airflow/.local/lib/python3.7/site-packages/airflow/example_dags/example_branch_labels.py
[2023-04-02 18:12:47,555] {processor.py:641} INFO - Processing file /home/airflow/.local/lib/python3.7/site-packages/airflow/example_dags/example_branch_labels.py for tasks to queue
[2023-04-02 18:12:47,557] {logging_mixin.py:115} INFO - [2023-04-02 18:12:47,557] {dagbag.py:507} INFO - Filling up the DagBag from /home/airflow/.local/lib/python3.7/site-packages/airflow/example_dags/example_branch_labels.py
[2023-04-02 18:12:47,564] {processor.py:651} INFO - DAG(s) dict_keys(['example_branch_labels']) retrieved from /home/airflow/.local/lib/python3.7/site-packages/airflow/example_dags/example_branch_labels.py
[2023-04-02 18:12:47,594] {logging_mixin.py:115} INFO - [2023-04-02 18:12:47,594] {dag.py:2371} INFO - Sync 1 DAGs
[2023-04-02 18:12:47,621] {logging_mixin.py:115} INFO - [2023-04-02 18:12:47,621] {dag.py:2919} INFO - Setting next_dagrun for example_branch_labels to 2023-04-01T00:00:00+00:00, run_after=2023-04-02T00:00:00+00:00
[2023-04-02 18:12:47,632] {processor.py:161} INFO - Processing /home/airflow/.local/lib/python3.7/site-packages/airflow/example_dags/example_branch_labels.py took 0.082 seconds
[2023-04-02 18:13:17,911] {processor.py:153} INFO - Started process (PID=2166) to work on /home/airflow/.local/lib/python3.7/site-packages/airflow/example_dags/example_branch_labels.py
[2023-04-02 18:13:17,912] {processor.py:641} INFO - Processing file /home/airflow/.local/lib/python3.7/site-packages/airflow/example_dags/example_branch_labels.py for tasks to queue
[2023-04-02 18:13:17,913] {logging_mixin.py:115} INFO - [2023-04-02 18:13:17,913] {dagbag.py:507} INFO - Filling up the DagBag from /home/airflow/.local/lib/python3.7/site-packages/airflow/example_dags/example_branch_labels.py
[2023-04-02 18:13:17,921] {processor.py:651} INFO - DAG(s) dict_keys(['example_branch_labels']) retrieved from /home/airflow/.local/lib/python3.7/site-packages/airflow/example_dags/example_branch_labels.py
[2023-04-02 18:13:17,953] {logging_mixin.py:115} INFO - [2023-04-02 18:13:17,953] {dag.py:2371} INFO - Sync 1 DAGs
[2023-04-02 18:13:17,980] {logging_mixin.py:115} INFO - [2023-04-02 18:13:17,980] {dag.py:2919} INFO - Setting next_dagrun for example_branch_labels to 2023-04-01T00:00:00+00:00, run_after=2023-04-02T00:00:00+00:00
[2023-04-02 18:13:17,991] {processor.py:161} INFO - Processing /home/airflow/.local/lib/python3.7/site-packages/airflow/example_dags/example_branch_labels.py took 0.084 seconds
[2023-04-02 18:13:48,220] {processor.py:153} INFO - Started process (PID=2220) to work on /home/airflow/.local/lib/python3.7/site-packages/airflow/example_dags/example_branch_labels.py
[2023-04-02 18:13:48,221] {processor.py:641} INFO - Processing file /home/airflow/.local/lib/python3.7/site-packages/airflow/example_dags/example_branch_labels.py for tasks to queue
[2023-04-02 18:13:48,223] {logging_mixin.py:115} INFO - [2023-04-02 18:13:48,223] {dagbag.py:507} INFO - Filling up the DagBag from /home/airflow/.local/lib/python3.7/site-packages/airflow/example_dags/example_branch_labels.py
[2023-04-02 18:13:48,231] {processor.py:651} INFO - DAG(s) dict_keys(['example_branch_labels']) retrieved from /home/airflow/.local/lib/python3.7/site-packages/airflow/example_dags/example_branch_labels.py
[2023-04-02 18:13:48,270] {logging_mixin.py:115} INFO - [2023-04-02 18:13:48,270] {dag.py:2371} INFO - Sync 1 DAGs
[2023-04-02 18:13:48,298] {logging_mixin.py:115} INFO - [2023-04-02 18:13:48,297] {dag.py:2919} INFO - Setting next_dagrun for example_branch_labels to 2023-04-01T00:00:00+00:00, run_after=2023-04-02T00:00:00+00:00
[2023-04-02 18:13:48,309] {processor.py:161} INFO - Processing /home/airflow/.local/lib/python3.7/site-packages/airflow/example_dags/example_branch_labels.py took 0.093 seconds
[2023-04-02 18:14:18,568] {processor.py:153} INFO - Started process (PID=2283) to work on /home/airflow/.local/lib/python3.7/site-packages/airflow/example_dags/example_branch_labels.py
[2023-04-02 18:14:18,570] {processor.py:641} INFO - Processing file /home/airflow/.local/lib/python3.7/site-packages/airflow/example_dags/example_branch_labels.py for tasks to queue
[2023-04-02 18:14:18,571] {logging_mixin.py:115} INFO - [2023-04-02 18:14:18,571] {dagbag.py:507} INFO - Filling up the DagBag from /home/airflow/.local/lib/python3.7/site-packages/airflow/example_dags/example_branch_labels.py
[2023-04-02 18:14:18,579] {processor.py:651} INFO - DAG(s) dict_keys(['example_branch_labels']) retrieved from /home/airflow/.local/lib/python3.7/site-packages/airflow/example_dags/example_branch_labels.py
[2023-04-02 18:14:18,608] {logging_mixin.py:115} INFO - [2023-04-02 18:14:18,608] {dag.py:2371} INFO - Sync 1 DAGs
[2023-04-02 18:14:18,634] {logging_mixin.py:115} INFO - [2023-04-02 18:14:18,634] {dag.py:2919} INFO - Setting next_dagrun for example_branch_labels to 2023-04-01T00:00:00+00:00, run_after=2023-04-02T00:00:00+00:00
[2023-04-02 18:14:18,646] {processor.py:161} INFO - Processing /home/airflow/.local/lib/python3.7/site-packages/airflow/example_dags/example_branch_labels.py took 0.083 seconds
[2023-04-02 18:14:48,838] {processor.py:153} INFO - Started process (PID=2346) to work on /home/airflow/.local/lib/python3.7/site-packages/airflow/example_dags/example_branch_labels.py
[2023-04-02 18:14:48,840] {processor.py:641} INFO - Processing file /home/airflow/.local/lib/python3.7/site-packages/airflow/example_dags/example_branch_labels.py for tasks to queue
[2023-04-02 18:14:48,841] {logging_mixin.py:115} INFO - [2023-04-02 18:14:48,841] {dagbag.py:507} INFO - Filling up the DagBag from /home/airflow/.local/lib/python3.7/site-packages/airflow/example_dags/example_branch_labels.py
[2023-04-02 18:14:48,848] {processor.py:651} INFO - DAG(s) dict_keys(['example_branch_labels']) retrieved from /home/airflow/.local/lib/python3.7/site-packages/airflow/example_dags/example_branch_labels.py
[2023-04-02 18:14:48,877] {logging_mixin.py:115} INFO - [2023-04-02 18:14:48,877] {dag.py:2371} INFO - Sync 1 DAGs
[2023-04-02 18:14:48,903] {logging_mixin.py:115} INFO - [2023-04-02 18:14:48,903] {dag.py:2919} INFO - Setting next_dagrun for example_branch_labels to 2023-04-01T00:00:00+00:00, run_after=2023-04-02T00:00:00+00:00
[2023-04-02 18:14:48,914] {processor.py:161} INFO - Processing /home/airflow/.local/lib/python3.7/site-packages/airflow/example_dags/example_branch_labels.py took 0.079 seconds
[2023-04-02 18:15:19,052] {processor.py:153} INFO - Started process (PID=2409) to work on /home/airflow/.local/lib/python3.7/site-packages/airflow/example_dags/example_branch_labels.py
[2023-04-02 18:15:19,053] {processor.py:641} INFO - Processing file /home/airflow/.local/lib/python3.7/site-packages/airflow/example_dags/example_branch_labels.py for tasks to queue
[2023-04-02 18:15:19,054] {logging_mixin.py:115} INFO - [2023-04-02 18:15:19,054] {dagbag.py:507} INFO - Filling up the DagBag from /home/airflow/.local/lib/python3.7/site-packages/airflow/example_dags/example_branch_labels.py
[2023-04-02 18:15:19,062] {processor.py:651} INFO - DAG(s) dict_keys(['example_branch_labels']) retrieved from /home/airflow/.local/lib/python3.7/site-packages/airflow/example_dags/example_branch_labels.py
[2023-04-02 18:15:19,092] {logging_mixin.py:115} INFO - [2023-04-02 18:15:19,091] {dag.py:2371} INFO - Sync 1 DAGs
[2023-04-02 18:15:19,118] {logging_mixin.py:115} INFO - [2023-04-02 18:15:19,118] {dag.py:2919} INFO - Setting next_dagrun for example_branch_labels to 2023-04-01T00:00:00+00:00, run_after=2023-04-02T00:00:00+00:00
[2023-04-02 18:15:19,130] {processor.py:161} INFO - Processing /home/airflow/.local/lib/python3.7/site-packages/airflow/example_dags/example_branch_labels.py took 0.082 seconds
[2023-04-02 18:15:49,506] {processor.py:153} INFO - Started process (PID=2463) to work on /home/airflow/.local/lib/python3.7/site-packages/airflow/example_dags/example_branch_labels.py
[2023-04-02 18:15:49,508] {processor.py:641} INFO - Processing file /home/airflow/.local/lib/python3.7/site-packages/airflow/example_dags/example_branch_labels.py for tasks to queue
[2023-04-02 18:15:49,510] {logging_mixin.py:115} INFO - [2023-04-02 18:15:49,510] {dagbag.py:507} INFO - Filling up the DagBag from /home/airflow/.local/lib/python3.7/site-packages/airflow/example_dags/example_branch_labels.py
[2023-04-02 18:15:49,518] {processor.py:651} INFO - DAG(s) dict_keys(['example_branch_labels']) retrieved from /home/airflow/.local/lib/python3.7/site-packages/airflow/example_dags/example_branch_labels.py
[2023-04-02 18:15:49,549] {logging_mixin.py:115} INFO - [2023-04-02 18:15:49,549] {dag.py:2371} INFO - Sync 1 DAGs
[2023-04-02 18:15:49,574] {logging_mixin.py:115} INFO - [2023-04-02 18:15:49,574] {dag.py:2919} INFO - Setting next_dagrun for example_branch_labels to 2023-04-01T00:00:00+00:00, run_after=2023-04-02T00:00:00+00:00
[2023-04-02 18:15:49,585] {processor.py:161} INFO - Processing /home/airflow/.local/lib/python3.7/site-packages/airflow/example_dags/example_branch_labels.py took 0.083 seconds
[2023-04-02 18:16:20,086] {processor.py:153} INFO - Started process (PID=2526) to work on /home/airflow/.local/lib/python3.7/site-packages/airflow/example_dags/example_branch_labels.py
[2023-04-02 18:16:20,087] {processor.py:641} INFO - Processing file /home/airflow/.local/lib/python3.7/site-packages/airflow/example_dags/example_branch_labels.py for tasks to queue
[2023-04-02 18:16:20,089] {logging_mixin.py:115} INFO - [2023-04-02 18:16:20,088] {dagbag.py:507} INFO - Filling up the DagBag from /home/airflow/.local/lib/python3.7/site-packages/airflow/example_dags/example_branch_labels.py
[2023-04-02 18:16:20,096] {processor.py:651} INFO - DAG(s) dict_keys(['example_branch_labels']) retrieved from /home/airflow/.local/lib/python3.7/site-packages/airflow/example_dags/example_branch_labels.py
[2023-04-02 18:16:20,127] {logging_mixin.py:115} INFO - [2023-04-02 18:16:20,127] {dag.py:2371} INFO - Sync 1 DAGs
[2023-04-02 18:16:20,153] {logging_mixin.py:115} INFO - [2023-04-02 18:16:20,152] {dag.py:2919} INFO - Setting next_dagrun for example_branch_labels to 2023-04-01T00:00:00+00:00, run_after=2023-04-02T00:00:00+00:00
[2023-04-02 18:16:20,164] {processor.py:161} INFO - Processing /home/airflow/.local/lib/python3.7/site-packages/airflow/example_dags/example_branch_labels.py took 0.082 seconds
[2023-04-02 18:16:50,643] {processor.py:153} INFO - Started process (PID=2589) to work on /home/airflow/.local/lib/python3.7/site-packages/airflow/example_dags/example_branch_labels.py
[2023-04-02 18:16:50,645] {processor.py:641} INFO - Processing file /home/airflow/.local/lib/python3.7/site-packages/airflow/example_dags/example_branch_labels.py for tasks to queue
[2023-04-02 18:16:50,647] {logging_mixin.py:115} INFO - [2023-04-02 18:16:50,647] {dagbag.py:507} INFO - Filling up the DagBag from /home/airflow/.local/lib/python3.7/site-packages/airflow/example_dags/example_branch_labels.py
[2023-04-02 18:16:50,654] {processor.py:651} INFO - DAG(s) dict_keys(['example_branch_labels']) retrieved from /home/airflow/.local/lib/python3.7/site-packages/airflow/example_dags/example_branch_labels.py
[2023-04-02 18:16:50,688] {logging_mixin.py:115} INFO - [2023-04-02 18:16:50,688] {dag.py:2371} INFO - Sync 1 DAGs
[2023-04-02 18:16:50,715] {logging_mixin.py:115} INFO - [2023-04-02 18:16:50,714] {dag.py:2919} INFO - Setting next_dagrun for example_branch_labels to 2023-04-01T00:00:00+00:00, run_after=2023-04-02T00:00:00+00:00
[2023-04-02 18:16:50,727] {processor.py:161} INFO - Processing /home/airflow/.local/lib/python3.7/site-packages/airflow/example_dags/example_branch_labels.py took 0.088 seconds
[2023-04-02 18:17:21,188] {processor.py:153} INFO - Started process (PID=2643) to work on /home/airflow/.local/lib/python3.7/site-packages/airflow/example_dags/example_branch_labels.py
[2023-04-02 18:17:21,189] {processor.py:641} INFO - Processing file /home/airflow/.local/lib/python3.7/site-packages/airflow/example_dags/example_branch_labels.py for tasks to queue
[2023-04-02 18:17:21,191] {logging_mixin.py:115} INFO - [2023-04-02 18:17:21,191] {dagbag.py:507} INFO - Filling up the DagBag from /home/airflow/.local/lib/python3.7/site-packages/airflow/example_dags/example_branch_labels.py
[2023-04-02 18:17:21,199] {processor.py:651} INFO - DAG(s) dict_keys(['example_branch_labels']) retrieved from /home/airflow/.local/lib/python3.7/site-packages/airflow/example_dags/example_branch_labels.py
[2023-04-02 18:17:21,232] {logging_mixin.py:115} INFO - [2023-04-02 18:17:21,232] {dag.py:2371} INFO - Sync 1 DAGs
[2023-04-02 18:17:21,259] {logging_mixin.py:115} INFO - [2023-04-02 18:17:21,259] {dag.py:2919} INFO - Setting next_dagrun for example_branch_labels to 2023-04-01T00:00:00+00:00, run_after=2023-04-02T00:00:00+00:00
[2023-04-02 18:17:21,271] {processor.py:161} INFO - Processing /home/airflow/.local/lib/python3.7/site-packages/airflow/example_dags/example_branch_labels.py took 0.087 seconds
[2023-04-02 18:17:51,377] {processor.py:153} INFO - Started process (PID=2706) to work on /home/airflow/.local/lib/python3.7/site-packages/airflow/example_dags/example_branch_labels.py
[2023-04-02 18:17:51,378] {processor.py:641} INFO - Processing file /home/airflow/.local/lib/python3.7/site-packages/airflow/example_dags/example_branch_labels.py for tasks to queue
[2023-04-02 18:17:51,379] {logging_mixin.py:115} INFO - [2023-04-02 18:17:51,379] {dagbag.py:507} INFO - Filling up the DagBag from /home/airflow/.local/lib/python3.7/site-packages/airflow/example_dags/example_branch_labels.py
[2023-04-02 18:17:51,387] {processor.py:651} INFO - DAG(s) dict_keys(['example_branch_labels']) retrieved from /home/airflow/.local/lib/python3.7/site-packages/airflow/example_dags/example_branch_labels.py
[2023-04-02 18:17:51,419] {logging_mixin.py:115} INFO - [2023-04-02 18:17:51,419] {dag.py:2371} INFO - Sync 1 DAGs
[2023-04-02 18:17:51,444] {logging_mixin.py:115} INFO - [2023-04-02 18:17:51,444] {dag.py:2919} INFO - Setting next_dagrun for example_branch_labels to 2023-04-01T00:00:00+00:00, run_after=2023-04-02T00:00:00+00:00
[2023-04-02 18:17:51,454] {processor.py:161} INFO - Processing /home/airflow/.local/lib/python3.7/site-packages/airflow/example_dags/example_branch_labels.py took 0.082 seconds
[2023-04-02 18:18:21,810] {processor.py:153} INFO - Started process (PID=2770) to work on /home/airflow/.local/lib/python3.7/site-packages/airflow/example_dags/example_branch_labels.py
[2023-04-02 18:18:21,811] {processor.py:641} INFO - Processing file /home/airflow/.local/lib/python3.7/site-packages/airflow/example_dags/example_branch_labels.py for tasks to queue
[2023-04-02 18:18:21,813] {logging_mixin.py:115} INFO - [2023-04-02 18:18:21,812] {dagbag.py:507} INFO - Filling up the DagBag from /home/airflow/.local/lib/python3.7/site-packages/airflow/example_dags/example_branch_labels.py
[2023-04-02 18:18:21,820] {processor.py:651} INFO - DAG(s) dict_keys(['example_branch_labels']) retrieved from /home/airflow/.local/lib/python3.7/site-packages/airflow/example_dags/example_branch_labels.py
[2023-04-02 18:18:21,853] {logging_mixin.py:115} INFO - [2023-04-02 18:18:21,853] {dag.py:2371} INFO - Sync 1 DAGs
[2023-04-02 18:18:21,879] {logging_mixin.py:115} INFO - [2023-04-02 18:18:21,878] {dag.py:2919} INFO - Setting next_dagrun for example_branch_labels to 2023-04-01T00:00:00+00:00, run_after=2023-04-02T00:00:00+00:00
[2023-04-02 18:18:21,890] {processor.py:161} INFO - Processing /home/airflow/.local/lib/python3.7/site-packages/airflow/example_dags/example_branch_labels.py took 0.084 seconds
[2023-04-02 18:18:52,244] {processor.py:153} INFO - Started process (PID=2824) to work on /home/airflow/.local/lib/python3.7/site-packages/airflow/example_dags/example_branch_labels.py
[2023-04-02 18:18:52,246] {processor.py:641} INFO - Processing file /home/airflow/.local/lib/python3.7/site-packages/airflow/example_dags/example_branch_labels.py for tasks to queue
[2023-04-02 18:18:52,248] {logging_mixin.py:115} INFO - [2023-04-02 18:18:52,248] {dagbag.py:507} INFO - Filling up the DagBag from /home/airflow/.local/lib/python3.7/site-packages/airflow/example_dags/example_branch_labels.py
[2023-04-02 18:18:52,262] {processor.py:651} INFO - DAG(s) dict_keys(['example_branch_labels']) retrieved from /home/airflow/.local/lib/python3.7/site-packages/airflow/example_dags/example_branch_labels.py
[2023-04-02 18:18:52,311] {logging_mixin.py:115} INFO - [2023-04-02 18:18:52,311] {dag.py:2371} INFO - Sync 1 DAGs
[2023-04-02 18:18:52,341] {logging_mixin.py:115} INFO - [2023-04-02 18:18:52,341] {dag.py:2919} INFO - Setting next_dagrun for example_branch_labels to 2023-04-01T00:00:00+00:00, run_after=2023-04-02T00:00:00+00:00
[2023-04-02 18:18:52,356] {processor.py:161} INFO - Processing /home/airflow/.local/lib/python3.7/site-packages/airflow/example_dags/example_branch_labels.py took 0.119 seconds
[2023-04-02 18:19:23,285] {processor.py:153} INFO - Started process (PID=2887) to work on /home/airflow/.local/lib/python3.7/site-packages/airflow/example_dags/example_branch_labels.py
[2023-04-02 18:19:23,287] {processor.py:641} INFO - Processing file /home/airflow/.local/lib/python3.7/site-packages/airflow/example_dags/example_branch_labels.py for tasks to queue
[2023-04-02 18:19:23,288] {logging_mixin.py:115} INFO - [2023-04-02 18:19:23,288] {dagbag.py:507} INFO - Filling up the DagBag from /home/airflow/.local/lib/python3.7/site-packages/airflow/example_dags/example_branch_labels.py
[2023-04-02 18:19:23,297] {processor.py:651} INFO - DAG(s) dict_keys(['example_branch_labels']) retrieved from /home/airflow/.local/lib/python3.7/site-packages/airflow/example_dags/example_branch_labels.py
[2023-04-02 18:19:23,329] {logging_mixin.py:115} INFO - [2023-04-02 18:19:23,328] {dag.py:2371} INFO - Sync 1 DAGs
[2023-04-02 18:19:23,355] {logging_mixin.py:115} INFO - [2023-04-02 18:19:23,354] {dag.py:2919} INFO - Setting next_dagrun for example_branch_labels to 2023-04-01T00:00:00+00:00, run_after=2023-04-02T00:00:00+00:00
[2023-04-02 18:19:23,366] {processor.py:161} INFO - Processing /home/airflow/.local/lib/python3.7/site-packages/airflow/example_dags/example_branch_labels.py took 0.084 seconds
[2023-04-02 18:19:53,608] {processor.py:153} INFO - Started process (PID=2949) to work on /home/airflow/.local/lib/python3.7/site-packages/airflow/example_dags/example_branch_labels.py
[2023-04-02 18:19:53,609] {processor.py:641} INFO - Processing file /home/airflow/.local/lib/python3.7/site-packages/airflow/example_dags/example_branch_labels.py for tasks to queue
[2023-04-02 18:19:53,611] {logging_mixin.py:115} INFO - [2023-04-02 18:19:53,611] {dagbag.py:507} INFO - Filling up the DagBag from /home/airflow/.local/lib/python3.7/site-packages/airflow/example_dags/example_branch_labels.py
[2023-04-02 18:19:53,619] {processor.py:651} INFO - DAG(s) dict_keys(['example_branch_labels']) retrieved from /home/airflow/.local/lib/python3.7/site-packages/airflow/example_dags/example_branch_labels.py
[2023-04-02 18:19:53,652] {logging_mixin.py:115} INFO - [2023-04-02 18:19:53,651] {dag.py:2371} INFO - Sync 1 DAGs
[2023-04-02 18:19:53,677] {logging_mixin.py:115} INFO - [2023-04-02 18:19:53,677] {dag.py:2919} INFO - Setting next_dagrun for example_branch_labels to 2023-04-01T00:00:00+00:00, run_after=2023-04-02T00:00:00+00:00
[2023-04-02 18:19:53,688] {processor.py:161} INFO - Processing /home/airflow/.local/lib/python3.7/site-packages/airflow/example_dags/example_branch_labels.py took 0.085 seconds
[2023-04-02 18:20:23,828] {processor.py:153} INFO - Started process (PID=3012) to work on /home/airflow/.local/lib/python3.7/site-packages/airflow/example_dags/example_branch_labels.py
[2023-04-02 18:20:23,829] {processor.py:641} INFO - Processing file /home/airflow/.local/lib/python3.7/site-packages/airflow/example_dags/example_branch_labels.py for tasks to queue
[2023-04-02 18:20:23,831] {logging_mixin.py:115} INFO - [2023-04-02 18:20:23,831] {dagbag.py:507} INFO - Filling up the DagBag from /home/airflow/.local/lib/python3.7/site-packages/airflow/example_dags/example_branch_labels.py
[2023-04-02 18:20:23,838] {processor.py:651} INFO - DAG(s) dict_keys(['example_branch_labels']) retrieved from /home/airflow/.local/lib/python3.7/site-packages/airflow/example_dags/example_branch_labels.py
[2023-04-02 18:20:23,868] {logging_mixin.py:115} INFO - [2023-04-02 18:20:23,868] {dag.py:2371} INFO - Sync 1 DAGs
[2023-04-02 18:20:23,894] {logging_mixin.py:115} INFO - [2023-04-02 18:20:23,894] {dag.py:2919} INFO - Setting next_dagrun for example_branch_labels to 2023-04-01T00:00:00+00:00, run_after=2023-04-02T00:00:00+00:00
[2023-04-02 18:20:23,905] {processor.py:161} INFO - Processing /home/airflow/.local/lib/python3.7/site-packages/airflow/example_dags/example_branch_labels.py took 0.080 seconds
[2023-04-02 18:20:54,067] {processor.py:153} INFO - Started process (PID=3066) to work on /home/airflow/.local/lib/python3.7/site-packages/airflow/example_dags/example_branch_labels.py
[2023-04-02 18:20:54,069] {processor.py:641} INFO - Processing file /home/airflow/.local/lib/python3.7/site-packages/airflow/example_dags/example_branch_labels.py for tasks to queue
[2023-04-02 18:20:54,071] {logging_mixin.py:115} INFO - [2023-04-02 18:20:54,071] {dagbag.py:507} INFO - Filling up the DagBag from /home/airflow/.local/lib/python3.7/site-packages/airflow/example_dags/example_branch_labels.py
[2023-04-02 18:20:54,081] {processor.py:651} INFO - DAG(s) dict_keys(['example_branch_labels']) retrieved from /home/airflow/.local/lib/python3.7/site-packages/airflow/example_dags/example_branch_labels.py
[2023-04-02 18:20:54,115] {logging_mixin.py:115} INFO - [2023-04-02 18:20:54,114] {dag.py:2371} INFO - Sync 1 DAGs
[2023-04-02 18:20:54,140] {logging_mixin.py:115} INFO - [2023-04-02 18:20:54,140] {dag.py:2919} INFO - Setting next_dagrun for example_branch_labels to 2023-04-01T00:00:00+00:00, run_after=2023-04-02T00:00:00+00:00
[2023-04-02 18:20:54,151] {processor.py:161} INFO - Processing /home/airflow/.local/lib/python3.7/site-packages/airflow/example_dags/example_branch_labels.py took 0.092 seconds
[2023-04-02 18:21:24,618] {processor.py:153} INFO - Started process (PID=3129) to work on /home/airflow/.local/lib/python3.7/site-packages/airflow/example_dags/example_branch_labels.py
[2023-04-02 18:21:24,621] {processor.py:641} INFO - Processing file /home/airflow/.local/lib/python3.7/site-packages/airflow/example_dags/example_branch_labels.py for tasks to queue
[2023-04-02 18:21:24,623] {logging_mixin.py:115} INFO - [2023-04-02 18:21:24,623] {dagbag.py:507} INFO - Filling up the DagBag from /home/airflow/.local/lib/python3.7/site-packages/airflow/example_dags/example_branch_labels.py
[2023-04-02 18:21:24,632] {processor.py:651} INFO - DAG(s) dict_keys(['example_branch_labels']) retrieved from /home/airflow/.local/lib/python3.7/site-packages/airflow/example_dags/example_branch_labels.py
[2023-04-02 18:21:24,666] {logging_mixin.py:115} INFO - [2023-04-02 18:21:24,666] {dag.py:2371} INFO - Sync 1 DAGs
[2023-04-02 18:21:24,690] {logging_mixin.py:115} INFO - [2023-04-02 18:21:24,690] {dag.py:2919} INFO - Setting next_dagrun for example_branch_labels to 2023-04-01T00:00:00+00:00, run_after=2023-04-02T00:00:00+00:00
[2023-04-02 18:21:24,702] {processor.py:161} INFO - Processing /home/airflow/.local/lib/python3.7/site-packages/airflow/example_dags/example_branch_labels.py took 0.088 seconds
[2023-04-02 18:21:55,018] {processor.py:153} INFO - Started process (PID=3192) to work on /home/airflow/.local/lib/python3.7/site-packages/airflow/example_dags/example_branch_labels.py
[2023-04-02 18:21:55,020] {processor.py:641} INFO - Processing file /home/airflow/.local/lib/python3.7/site-packages/airflow/example_dags/example_branch_labels.py for tasks to queue
[2023-04-02 18:21:55,021] {logging_mixin.py:115} INFO - [2023-04-02 18:21:55,021] {dagbag.py:507} INFO - Filling up the DagBag from /home/airflow/.local/lib/python3.7/site-packages/airflow/example_dags/example_branch_labels.py
[2023-04-02 18:21:55,029] {processor.py:651} INFO - DAG(s) dict_keys(['example_branch_labels']) retrieved from /home/airflow/.local/lib/python3.7/site-packages/airflow/example_dags/example_branch_labels.py
[2023-04-02 18:21:55,061] {logging_mixin.py:115} INFO - [2023-04-02 18:21:55,061] {dag.py:2371} INFO - Sync 1 DAGs
[2023-04-02 18:21:55,085] {logging_mixin.py:115} INFO - [2023-04-02 18:21:55,085] {dag.py:2919} INFO - Setting next_dagrun for example_branch_labels to 2023-04-01T00:00:00+00:00, run_after=2023-04-02T00:00:00+00:00
[2023-04-02 18:21:55,098] {processor.py:161} INFO - Processing /home/airflow/.local/lib/python3.7/site-packages/airflow/example_dags/example_branch_labels.py took 0.084 seconds
[2023-04-02 18:22:25,480] {processor.py:153} INFO - Started process (PID=3246) to work on /home/airflow/.local/lib/python3.7/site-packages/airflow/example_dags/example_branch_labels.py
[2023-04-02 18:22:25,482] {processor.py:641} INFO - Processing file /home/airflow/.local/lib/python3.7/site-packages/airflow/example_dags/example_branch_labels.py for tasks to queue
[2023-04-02 18:22:25,483] {logging_mixin.py:115} INFO - [2023-04-02 18:22:25,483] {dagbag.py:507} INFO - Filling up the DagBag from /home/airflow/.local/lib/python3.7/site-packages/airflow/example_dags/example_branch_labels.py
[2023-04-02 18:22:25,491] {processor.py:651} INFO - DAG(s) dict_keys(['example_branch_labels']) retrieved from /home/airflow/.local/lib/python3.7/site-packages/airflow/example_dags/example_branch_labels.py
[2023-04-02 18:22:25,522] {logging_mixin.py:115} INFO - [2023-04-02 18:22:25,522] {dag.py:2371} INFO - Sync 1 DAGs
[2023-04-02 18:22:25,547] {logging_mixin.py:115} INFO - [2023-04-02 18:22:25,546] {dag.py:2919} INFO - Setting next_dagrun for example_branch_labels to 2023-04-01T00:00:00+00:00, run_after=2023-04-02T00:00:00+00:00
[2023-04-02 18:22:25,558] {processor.py:161} INFO - Processing /home/airflow/.local/lib/python3.7/site-packages/airflow/example_dags/example_branch_labels.py took 0.082 seconds
[2023-04-02 18:22:55,766] {processor.py:153} INFO - Started process (PID=3309) to work on /home/airflow/.local/lib/python3.7/site-packages/airflow/example_dags/example_branch_labels.py
[2023-04-02 18:22:55,768] {processor.py:641} INFO - Processing file /home/airflow/.local/lib/python3.7/site-packages/airflow/example_dags/example_branch_labels.py for tasks to queue
[2023-04-02 18:22:55,771] {logging_mixin.py:115} INFO - [2023-04-02 18:22:55,771] {dagbag.py:507} INFO - Filling up the DagBag from /home/airflow/.local/lib/python3.7/site-packages/airflow/example_dags/example_branch_labels.py
[2023-04-02 18:22:55,778] {processor.py:651} INFO - DAG(s) dict_keys(['example_branch_labels']) retrieved from /home/airflow/.local/lib/python3.7/site-packages/airflow/example_dags/example_branch_labels.py
[2023-04-02 18:22:55,823] {logging_mixin.py:115} INFO - [2023-04-02 18:22:55,823] {dag.py:2371} INFO - Sync 1 DAGs
[2023-04-02 18:22:55,869] {logging_mixin.py:115} INFO - [2023-04-02 18:22:55,869] {dag.py:2919} INFO - Setting next_dagrun for example_branch_labels to 2023-04-01T00:00:00+00:00, run_after=2023-04-02T00:00:00+00:00
[2023-04-02 18:22:55,885] {processor.py:161} INFO - Processing /home/airflow/.local/lib/python3.7/site-packages/airflow/example_dags/example_branch_labels.py took 0.124 seconds
[2023-04-02 18:23:26,021] {processor.py:153} INFO - Started process (PID=3372) to work on /home/airflow/.local/lib/python3.7/site-packages/airflow/example_dags/example_branch_labels.py
[2023-04-02 18:23:26,022] {processor.py:641} INFO - Processing file /home/airflow/.local/lib/python3.7/site-packages/airflow/example_dags/example_branch_labels.py for tasks to queue
[2023-04-02 18:23:26,024] {logging_mixin.py:115} INFO - [2023-04-02 18:23:26,024] {dagbag.py:507} INFO - Filling up the DagBag from /home/airflow/.local/lib/python3.7/site-packages/airflow/example_dags/example_branch_labels.py
[2023-04-02 18:23:26,032] {processor.py:651} INFO - DAG(s) dict_keys(['example_branch_labels']) retrieved from /home/airflow/.local/lib/python3.7/site-packages/airflow/example_dags/example_branch_labels.py
[2023-04-02 18:23:26,062] {logging_mixin.py:115} INFO - [2023-04-02 18:23:26,062] {dag.py:2371} INFO - Sync 1 DAGs
[2023-04-02 18:23:26,087] {logging_mixin.py:115} INFO - [2023-04-02 18:23:26,086] {dag.py:2919} INFO - Setting next_dagrun for example_branch_labels to 2023-04-01T00:00:00+00:00, run_after=2023-04-02T00:00:00+00:00
[2023-04-02 18:23:26,098] {processor.py:161} INFO - Processing /home/airflow/.local/lib/python3.7/site-packages/airflow/example_dags/example_branch_labels.py took 0.081 seconds
