[2023-04-02 17:55:24,579] {processor.py:153} INFO - Started process (PID=57) to work on /home/airflow/.local/lib/python3.7/site-packages/airflow/example_dags/example_kubernetes_executor.py
[2023-04-02 17:55:24,581] {processor.py:641} INFO - Processing file /home/airflow/.local/lib/python3.7/site-packages/airflow/example_dags/example_kubernetes_executor.py for tasks to queue
[2023-04-02 17:55:24,582] {logging_mixin.py:115} INFO - [2023-04-02 17:55:24,582] {dagbag.py:507} INFO - Filling up the DagBag from /home/airflow/.local/lib/python3.7/site-packages/airflow/example_dags/example_kubernetes_executor.py
[2023-04-02 17:55:24,612] {processor.py:651} INFO - DAG(s) dict_keys(['example_kubernetes_executor']) retrieved from /home/airflow/.local/lib/python3.7/site-packages/airflow/example_dags/example_kubernetes_executor.py
[2023-04-02 17:55:25,113] {logging_mixin.py:115} INFO - [2023-04-02 17:55:25,113] {manager.py:508} INFO - Created Permission View: can edit on DAG:example_kubernetes_executor
[2023-04-02 17:55:25,125] {logging_mixin.py:115} INFO - [2023-04-02 17:55:25,125] {manager.py:508} INFO - Created Permission View: can delete on DAG:example_kubernetes_executor
[2023-04-02 17:55:25,134] {logging_mixin.py:115} INFO - [2023-04-02 17:55:25,134] {manager.py:508} INFO - Created Permission View: can read on DAG:example_kubernetes_executor
[2023-04-02 17:55:25,135] {logging_mixin.py:115} INFO - [2023-04-02 17:55:25,135] {dag.py:2371} INFO - Sync 1 DAGs
[2023-04-02 17:55:25,145] {logging_mixin.py:115} INFO - [2023-04-02 17:55:25,145] {dag.py:2390} INFO - Creating ORM DAG for example_kubernetes_executor
[2023-04-02 17:55:25,162] {logging_mixin.py:115} INFO - [2023-04-02 17:55:25,162] {dag.py:2919} INFO - Setting next_dagrun for example_kubernetes_executor to None, run_after=None
[2023-04-02 17:55:25,184] {processor.py:161} INFO - Processing /home/airflow/.local/lib/python3.7/site-packages/airflow/example_dags/example_kubernetes_executor.py took 0.609 seconds
[2023-04-02 17:55:55,430] {processor.py:153} INFO - Started process (PID=109) to work on /home/airflow/.local/lib/python3.7/site-packages/airflow/example_dags/example_kubernetes_executor.py
[2023-04-02 17:55:55,431] {processor.py:641} INFO - Processing file /home/airflow/.local/lib/python3.7/site-packages/airflow/example_dags/example_kubernetes_executor.py for tasks to queue
[2023-04-02 17:55:55,433] {logging_mixin.py:115} INFO - [2023-04-02 17:55:55,432] {dagbag.py:507} INFO - Filling up the DagBag from /home/airflow/.local/lib/python3.7/site-packages/airflow/example_dags/example_kubernetes_executor.py
[2023-04-02 17:55:55,458] {processor.py:651} INFO - DAG(s) dict_keys(['example_kubernetes_executor']) retrieved from /home/airflow/.local/lib/python3.7/site-packages/airflow/example_dags/example_kubernetes_executor.py
[2023-04-02 17:55:55,486] {logging_mixin.py:115} INFO - [2023-04-02 17:55:55,485] {dag.py:2371} INFO - Sync 1 DAGs
[2023-04-02 17:55:55,622] {logging_mixin.py:115} INFO - [2023-04-02 17:55:55,621] {dag.py:2919} INFO - Setting next_dagrun for example_kubernetes_executor to None, run_after=None
[2023-04-02 17:55:55,635] {processor.py:161} INFO - Processing /home/airflow/.local/lib/python3.7/site-packages/airflow/example_dags/example_kubernetes_executor.py took 0.209 seconds
[2023-04-02 17:56:26,504] {processor.py:153} INFO - Started process (PID=170) to work on /home/airflow/.local/lib/python3.7/site-packages/airflow/example_dags/example_kubernetes_executor.py
[2023-04-02 17:56:26,505] {processor.py:641} INFO - Processing file /home/airflow/.local/lib/python3.7/site-packages/airflow/example_dags/example_kubernetes_executor.py for tasks to queue
[2023-04-02 17:56:26,507] {logging_mixin.py:115} INFO - [2023-04-02 17:56:26,506] {dagbag.py:507} INFO - Filling up the DagBag from /home/airflow/.local/lib/python3.7/site-packages/airflow/example_dags/example_kubernetes_executor.py
[2023-04-02 17:56:26,532] {processor.py:651} INFO - DAG(s) dict_keys(['example_kubernetes_executor']) retrieved from /home/airflow/.local/lib/python3.7/site-packages/airflow/example_dags/example_kubernetes_executor.py
[2023-04-02 17:56:26,561] {logging_mixin.py:115} INFO - [2023-04-02 17:56:26,561] {dag.py:2371} INFO - Sync 1 DAGs
[2023-04-02 17:56:26,698] {logging_mixin.py:115} INFO - [2023-04-02 17:56:26,698] {dag.py:2919} INFO - Setting next_dagrun for example_kubernetes_executor to None, run_after=None
[2023-04-02 17:56:26,713] {processor.py:161} INFO - Processing /home/airflow/.local/lib/python3.7/site-packages/airflow/example_dags/example_kubernetes_executor.py took 0.214 seconds
[2023-04-02 17:56:57,342] {processor.py:153} INFO - Started process (PID=231) to work on /home/airflow/.local/lib/python3.7/site-packages/airflow/example_dags/example_kubernetes_executor.py
[2023-04-02 17:56:57,344] {processor.py:641} INFO - Processing file /home/airflow/.local/lib/python3.7/site-packages/airflow/example_dags/example_kubernetes_executor.py for tasks to queue
[2023-04-02 17:56:57,345] {logging_mixin.py:115} INFO - [2023-04-02 17:56:57,345] {dagbag.py:507} INFO - Filling up the DagBag from /home/airflow/.local/lib/python3.7/site-packages/airflow/example_dags/example_kubernetes_executor.py
[2023-04-02 17:56:57,370] {processor.py:651} INFO - DAG(s) dict_keys(['example_kubernetes_executor']) retrieved from /home/airflow/.local/lib/python3.7/site-packages/airflow/example_dags/example_kubernetes_executor.py
[2023-04-02 17:56:57,398] {logging_mixin.py:115} INFO - [2023-04-02 17:56:57,398] {dag.py:2371} INFO - Sync 1 DAGs
[2023-04-02 17:56:57,535] {logging_mixin.py:115} INFO - [2023-04-02 17:56:57,535] {dag.py:2919} INFO - Setting next_dagrun for example_kubernetes_executor to None, run_after=None
[2023-04-02 17:56:57,550] {processor.py:161} INFO - Processing /home/airflow/.local/lib/python3.7/site-packages/airflow/example_dags/example_kubernetes_executor.py took 0.212 seconds
[2023-04-02 17:57:28,273] {processor.py:153} INFO - Started process (PID=292) to work on /home/airflow/.local/lib/python3.7/site-packages/airflow/example_dags/example_kubernetes_executor.py
[2023-04-02 17:57:28,274] {processor.py:641} INFO - Processing file /home/airflow/.local/lib/python3.7/site-packages/airflow/example_dags/example_kubernetes_executor.py for tasks to queue
[2023-04-02 17:57:28,275] {logging_mixin.py:115} INFO - [2023-04-02 17:57:28,275] {dagbag.py:507} INFO - Filling up the DagBag from /home/airflow/.local/lib/python3.7/site-packages/airflow/example_dags/example_kubernetes_executor.py
[2023-04-02 17:57:28,302] {processor.py:651} INFO - DAG(s) dict_keys(['example_kubernetes_executor']) retrieved from /home/airflow/.local/lib/python3.7/site-packages/airflow/example_dags/example_kubernetes_executor.py
[2023-04-02 17:57:28,333] {logging_mixin.py:115} INFO - [2023-04-02 17:57:28,333] {dag.py:2371} INFO - Sync 1 DAGs
[2023-04-02 17:57:28,475] {logging_mixin.py:115} INFO - [2023-04-02 17:57:28,475] {dag.py:2919} INFO - Setting next_dagrun for example_kubernetes_executor to None, run_after=None
[2023-04-02 17:57:28,489] {processor.py:161} INFO - Processing /home/airflow/.local/lib/python3.7/site-packages/airflow/example_dags/example_kubernetes_executor.py took 0.221 seconds
[2023-04-02 17:57:59,375] {processor.py:153} INFO - Started process (PID=351) to work on /home/airflow/.local/lib/python3.7/site-packages/airflow/example_dags/example_kubernetes_executor.py
[2023-04-02 17:57:59,376] {processor.py:641} INFO - Processing file /home/airflow/.local/lib/python3.7/site-packages/airflow/example_dags/example_kubernetes_executor.py for tasks to queue
[2023-04-02 17:57:59,378] {logging_mixin.py:115} INFO - [2023-04-02 17:57:59,377] {dagbag.py:507} INFO - Filling up the DagBag from /home/airflow/.local/lib/python3.7/site-packages/airflow/example_dags/example_kubernetes_executor.py
[2023-04-02 17:57:59,405] {processor.py:651} INFO - DAG(s) dict_keys(['example_kubernetes_executor']) retrieved from /home/airflow/.local/lib/python3.7/site-packages/airflow/example_dags/example_kubernetes_executor.py
[2023-04-02 17:57:59,437] {logging_mixin.py:115} INFO - [2023-04-02 17:57:59,437] {dag.py:2371} INFO - Sync 1 DAGs
[2023-04-02 17:57:59,608] {logging_mixin.py:115} INFO - [2023-04-02 17:57:59,607] {dag.py:2919} INFO - Setting next_dagrun for example_kubernetes_executor to None, run_after=None
[2023-04-02 17:57:59,627] {processor.py:161} INFO - Processing /home/airflow/.local/lib/python3.7/site-packages/airflow/example_dags/example_kubernetes_executor.py took 0.256 seconds
[2023-04-02 17:58:29,680] {processor.py:153} INFO - Started process (PID=405) to work on /home/airflow/.local/lib/python3.7/site-packages/airflow/example_dags/example_kubernetes_executor.py
[2023-04-02 17:58:29,681] {processor.py:641} INFO - Processing file /home/airflow/.local/lib/python3.7/site-packages/airflow/example_dags/example_kubernetes_executor.py for tasks to queue
[2023-04-02 17:58:29,682] {logging_mixin.py:115} INFO - [2023-04-02 17:58:29,682] {dagbag.py:507} INFO - Filling up the DagBag from /home/airflow/.local/lib/python3.7/site-packages/airflow/example_dags/example_kubernetes_executor.py
[2023-04-02 17:58:29,709] {processor.py:651} INFO - DAG(s) dict_keys(['example_kubernetes_executor']) retrieved from /home/airflow/.local/lib/python3.7/site-packages/airflow/example_dags/example_kubernetes_executor.py
[2023-04-02 17:58:29,737] {logging_mixin.py:115} INFO - [2023-04-02 17:58:29,737] {dag.py:2371} INFO - Sync 1 DAGs
[2023-04-02 17:58:29,877] {logging_mixin.py:115} INFO - [2023-04-02 17:58:29,876] {dag.py:2919} INFO - Setting next_dagrun for example_kubernetes_executor to None, run_after=None
[2023-04-02 17:58:29,891] {processor.py:161} INFO - Processing /home/airflow/.local/lib/python3.7/site-packages/airflow/example_dags/example_kubernetes_executor.py took 0.216 seconds
[2023-04-02 17:59:00,582] {processor.py:153} INFO - Started process (PID=467) to work on /home/airflow/.local/lib/python3.7/site-packages/airflow/example_dags/example_kubernetes_executor.py
[2023-04-02 17:59:00,584] {processor.py:641} INFO - Processing file /home/airflow/.local/lib/python3.7/site-packages/airflow/example_dags/example_kubernetes_executor.py for tasks to queue
[2023-04-02 17:59:00,585] {logging_mixin.py:115} INFO - [2023-04-02 17:59:00,585] {dagbag.py:507} INFO - Filling up the DagBag from /home/airflow/.local/lib/python3.7/site-packages/airflow/example_dags/example_kubernetes_executor.py
[2023-04-02 17:59:00,610] {processor.py:651} INFO - DAG(s) dict_keys(['example_kubernetes_executor']) retrieved from /home/airflow/.local/lib/python3.7/site-packages/airflow/example_dags/example_kubernetes_executor.py
[2023-04-02 17:59:00,640] {logging_mixin.py:115} INFO - [2023-04-02 17:59:00,640] {dag.py:2371} INFO - Sync 1 DAGs
[2023-04-02 17:59:00,789] {logging_mixin.py:115} INFO - [2023-04-02 17:59:00,789] {dag.py:2919} INFO - Setting next_dagrun for example_kubernetes_executor to None, run_after=None
[2023-04-02 17:59:00,804] {processor.py:161} INFO - Processing /home/airflow/.local/lib/python3.7/site-packages/airflow/example_dags/example_kubernetes_executor.py took 0.226 seconds
[2023-04-02 17:59:31,038] {processor.py:153} INFO - Started process (PID=528) to work on /home/airflow/.local/lib/python3.7/site-packages/airflow/example_dags/example_kubernetes_executor.py
[2023-04-02 17:59:31,040] {processor.py:641} INFO - Processing file /home/airflow/.local/lib/python3.7/site-packages/airflow/example_dags/example_kubernetes_executor.py for tasks to queue
[2023-04-02 17:59:31,042] {logging_mixin.py:115} INFO - [2023-04-02 17:59:31,042] {dagbag.py:507} INFO - Filling up the DagBag from /home/airflow/.local/lib/python3.7/site-packages/airflow/example_dags/example_kubernetes_executor.py
[2023-04-02 17:59:31,070] {processor.py:651} INFO - DAG(s) dict_keys(['example_kubernetes_executor']) retrieved from /home/airflow/.local/lib/python3.7/site-packages/airflow/example_dags/example_kubernetes_executor.py
[2023-04-02 17:59:31,100] {logging_mixin.py:115} INFO - [2023-04-02 17:59:31,100] {dag.py:2371} INFO - Sync 1 DAGs
[2023-04-02 17:59:31,249] {logging_mixin.py:115} INFO - [2023-04-02 17:59:31,249] {dag.py:2919} INFO - Setting next_dagrun for example_kubernetes_executor to None, run_after=None
[2023-04-02 17:59:31,261] {processor.py:161} INFO - Processing /home/airflow/.local/lib/python3.7/site-packages/airflow/example_dags/example_kubernetes_executor.py took 0.227 seconds
[2023-04-02 18:00:01,359] {processor.py:153} INFO - Started process (PID=580) to work on /home/airflow/.local/lib/python3.7/site-packages/airflow/example_dags/example_kubernetes_executor.py
[2023-04-02 18:00:01,361] {processor.py:641} INFO - Processing file /home/airflow/.local/lib/python3.7/site-packages/airflow/example_dags/example_kubernetes_executor.py for tasks to queue
[2023-04-02 18:00:01,362] {logging_mixin.py:115} INFO - [2023-04-02 18:00:01,362] {dagbag.py:507} INFO - Filling up the DagBag from /home/airflow/.local/lib/python3.7/site-packages/airflow/example_dags/example_kubernetes_executor.py
[2023-04-02 18:00:01,388] {processor.py:651} INFO - DAG(s) dict_keys(['example_kubernetes_executor']) retrieved from /home/airflow/.local/lib/python3.7/site-packages/airflow/example_dags/example_kubernetes_executor.py
[2023-04-02 18:00:01,418] {logging_mixin.py:115} INFO - [2023-04-02 18:00:01,418] {dag.py:2371} INFO - Sync 1 DAGs
[2023-04-02 18:00:01,572] {logging_mixin.py:115} INFO - [2023-04-02 18:00:01,572] {dag.py:2919} INFO - Setting next_dagrun for example_kubernetes_executor to None, run_after=None
[2023-04-02 18:00:01,586] {processor.py:161} INFO - Processing /home/airflow/.local/lib/python3.7/site-packages/airflow/example_dags/example_kubernetes_executor.py took 0.230 seconds
[2023-04-02 18:00:32,138] {processor.py:153} INFO - Started process (PID=643) to work on /home/airflow/.local/lib/python3.7/site-packages/airflow/example_dags/example_kubernetes_executor.py
[2023-04-02 18:00:32,139] {processor.py:641} INFO - Processing file /home/airflow/.local/lib/python3.7/site-packages/airflow/example_dags/example_kubernetes_executor.py for tasks to queue
[2023-04-02 18:00:32,141] {logging_mixin.py:115} INFO - [2023-04-02 18:00:32,141] {dagbag.py:507} INFO - Filling up the DagBag from /home/airflow/.local/lib/python3.7/site-packages/airflow/example_dags/example_kubernetes_executor.py
[2023-04-02 18:00:32,168] {processor.py:651} INFO - DAG(s) dict_keys(['example_kubernetes_executor']) retrieved from /home/airflow/.local/lib/python3.7/site-packages/airflow/example_dags/example_kubernetes_executor.py
[2023-04-02 18:00:32,198] {logging_mixin.py:115} INFO - [2023-04-02 18:00:32,198] {dag.py:2371} INFO - Sync 1 DAGs
[2023-04-02 18:00:32,343] {logging_mixin.py:115} INFO - [2023-04-02 18:00:32,343] {dag.py:2919} INFO - Setting next_dagrun for example_kubernetes_executor to None, run_after=None
[2023-04-02 18:00:32,357] {processor.py:161} INFO - Processing /home/airflow/.local/lib/python3.7/site-packages/airflow/example_dags/example_kubernetes_executor.py took 0.224 seconds
[2023-04-02 18:01:02,864] {processor.py:153} INFO - Started process (PID=706) to work on /home/airflow/.local/lib/python3.7/site-packages/airflow/example_dags/example_kubernetes_executor.py
[2023-04-02 18:01:02,865] {processor.py:641} INFO - Processing file /home/airflow/.local/lib/python3.7/site-packages/airflow/example_dags/example_kubernetes_executor.py for tasks to queue
[2023-04-02 18:01:02,867] {logging_mixin.py:115} INFO - [2023-04-02 18:01:02,867] {dagbag.py:507} INFO - Filling up the DagBag from /home/airflow/.local/lib/python3.7/site-packages/airflow/example_dags/example_kubernetes_executor.py
[2023-04-02 18:01:02,893] {processor.py:651} INFO - DAG(s) dict_keys(['example_kubernetes_executor']) retrieved from /home/airflow/.local/lib/python3.7/site-packages/airflow/example_dags/example_kubernetes_executor.py
[2023-04-02 18:01:02,926] {logging_mixin.py:115} INFO - [2023-04-02 18:01:02,926] {dag.py:2371} INFO - Sync 1 DAGs
[2023-04-02 18:01:03,073] {logging_mixin.py:115} INFO - [2023-04-02 18:01:03,073] {dag.py:2919} INFO - Setting next_dagrun for example_kubernetes_executor to None, run_after=None
[2023-04-02 18:01:03,087] {processor.py:161} INFO - Processing /home/airflow/.local/lib/python3.7/site-packages/airflow/example_dags/example_kubernetes_executor.py took 0.227 seconds
[2023-04-02 18:01:33,275] {processor.py:153} INFO - Started process (PID=764) to work on /home/airflow/.local/lib/python3.7/site-packages/airflow/example_dags/example_kubernetes_executor.py
[2023-04-02 18:01:33,277] {processor.py:641} INFO - Processing file /home/airflow/.local/lib/python3.7/site-packages/airflow/example_dags/example_kubernetes_executor.py for tasks to queue
[2023-04-02 18:01:33,279] {logging_mixin.py:115} INFO - [2023-04-02 18:01:33,279] {dagbag.py:507} INFO - Filling up the DagBag from /home/airflow/.local/lib/python3.7/site-packages/airflow/example_dags/example_kubernetes_executor.py
[2023-04-02 18:01:33,306] {processor.py:651} INFO - DAG(s) dict_keys(['example_kubernetes_executor']) retrieved from /home/airflow/.local/lib/python3.7/site-packages/airflow/example_dags/example_kubernetes_executor.py
[2023-04-02 18:01:33,341] {logging_mixin.py:115} INFO - [2023-04-02 18:01:33,341] {dag.py:2371} INFO - Sync 1 DAGs
[2023-04-02 18:01:33,489] {logging_mixin.py:115} INFO - [2023-04-02 18:01:33,489] {dag.py:2919} INFO - Setting next_dagrun for example_kubernetes_executor to None, run_after=None
[2023-04-02 18:01:33,504] {processor.py:161} INFO - Processing /home/airflow/.local/lib/python3.7/site-packages/airflow/example_dags/example_kubernetes_executor.py took 0.234 seconds
[2023-04-02 18:02:03,707] {processor.py:153} INFO - Started process (PID=827) to work on /home/airflow/.local/lib/python3.7/site-packages/airflow/example_dags/example_kubernetes_executor.py
[2023-04-02 18:02:03,708] {processor.py:641} INFO - Processing file /home/airflow/.local/lib/python3.7/site-packages/airflow/example_dags/example_kubernetes_executor.py for tasks to queue
[2023-04-02 18:02:03,710] {logging_mixin.py:115} INFO - [2023-04-02 18:02:03,709] {dagbag.py:507} INFO - Filling up the DagBag from /home/airflow/.local/lib/python3.7/site-packages/airflow/example_dags/example_kubernetes_executor.py
[2023-04-02 18:02:03,736] {processor.py:651} INFO - DAG(s) dict_keys(['example_kubernetes_executor']) retrieved from /home/airflow/.local/lib/python3.7/site-packages/airflow/example_dags/example_kubernetes_executor.py
[2023-04-02 18:02:03,767] {logging_mixin.py:115} INFO - [2023-04-02 18:02:03,767] {dag.py:2371} INFO - Sync 1 DAGs
[2023-04-02 18:02:03,915] {logging_mixin.py:115} INFO - [2023-04-02 18:02:03,915] {dag.py:2919} INFO - Setting next_dagrun for example_kubernetes_executor to None, run_after=None
[2023-04-02 18:02:03,929] {processor.py:161} INFO - Processing /home/airflow/.local/lib/python3.7/site-packages/airflow/example_dags/example_kubernetes_executor.py took 0.227 seconds
[2023-04-02 18:02:33,975] {processor.py:153} INFO - Started process (PID=890) to work on /home/airflow/.local/lib/python3.7/site-packages/airflow/example_dags/example_kubernetes_executor.py
[2023-04-02 18:02:33,976] {processor.py:641} INFO - Processing file /home/airflow/.local/lib/python3.7/site-packages/airflow/example_dags/example_kubernetes_executor.py for tasks to queue
[2023-04-02 18:02:33,978] {logging_mixin.py:115} INFO - [2023-04-02 18:02:33,978] {dagbag.py:507} INFO - Filling up the DagBag from /home/airflow/.local/lib/python3.7/site-packages/airflow/example_dags/example_kubernetes_executor.py
[2023-04-02 18:02:34,004] {processor.py:651} INFO - DAG(s) dict_keys(['example_kubernetes_executor']) retrieved from /home/airflow/.local/lib/python3.7/site-packages/airflow/example_dags/example_kubernetes_executor.py
[2023-04-02 18:02:34,034] {logging_mixin.py:115} INFO - [2023-04-02 18:02:34,034] {dag.py:2371} INFO - Sync 1 DAGs
[2023-04-02 18:02:34,179] {logging_mixin.py:115} INFO - [2023-04-02 18:02:34,179] {dag.py:2919} INFO - Setting next_dagrun for example_kubernetes_executor to None, run_after=None
[2023-04-02 18:02:34,194] {processor.py:161} INFO - Processing /home/airflow/.local/lib/python3.7/site-packages/airflow/example_dags/example_kubernetes_executor.py took 0.225 seconds
[2023-04-02 18:03:04,303] {processor.py:153} INFO - Started process (PID=944) to work on /home/airflow/.local/lib/python3.7/site-packages/airflow/example_dags/example_kubernetes_executor.py
[2023-04-02 18:03:04,304] {processor.py:641} INFO - Processing file /home/airflow/.local/lib/python3.7/site-packages/airflow/example_dags/example_kubernetes_executor.py for tasks to queue
[2023-04-02 18:03:04,306] {logging_mixin.py:115} INFO - [2023-04-02 18:03:04,306] {dagbag.py:507} INFO - Filling up the DagBag from /home/airflow/.local/lib/python3.7/site-packages/airflow/example_dags/example_kubernetes_executor.py
[2023-04-02 18:03:04,332] {processor.py:651} INFO - DAG(s) dict_keys(['example_kubernetes_executor']) retrieved from /home/airflow/.local/lib/python3.7/site-packages/airflow/example_dags/example_kubernetes_executor.py
[2023-04-02 18:03:04,362] {logging_mixin.py:115} INFO - [2023-04-02 18:03:04,362] {dag.py:2371} INFO - Sync 1 DAGs
[2023-04-02 18:03:04,497] {logging_mixin.py:115} INFO - [2023-04-02 18:03:04,497] {dag.py:2919} INFO - Setting next_dagrun for example_kubernetes_executor to None, run_after=None
[2023-04-02 18:03:04,510] {processor.py:161} INFO - Processing /home/airflow/.local/lib/python3.7/site-packages/airflow/example_dags/example_kubernetes_executor.py took 0.211 seconds
[2023-04-02 18:03:34,914] {processor.py:153} INFO - Started process (PID=1007) to work on /home/airflow/.local/lib/python3.7/site-packages/airflow/example_dags/example_kubernetes_executor.py
[2023-04-02 18:03:34,916] {processor.py:641} INFO - Processing file /home/airflow/.local/lib/python3.7/site-packages/airflow/example_dags/example_kubernetes_executor.py for tasks to queue
[2023-04-02 18:03:34,918] {logging_mixin.py:115} INFO - [2023-04-02 18:03:34,917] {dagbag.py:507} INFO - Filling up the DagBag from /home/airflow/.local/lib/python3.7/site-packages/airflow/example_dags/example_kubernetes_executor.py
[2023-04-02 18:03:34,948] {processor.py:651} INFO - DAG(s) dict_keys(['example_kubernetes_executor']) retrieved from /home/airflow/.local/lib/python3.7/site-packages/airflow/example_dags/example_kubernetes_executor.py
[2023-04-02 18:03:34,981] {logging_mixin.py:115} INFO - [2023-04-02 18:03:34,981] {dag.py:2371} INFO - Sync 1 DAGs
[2023-04-02 18:03:35,137] {logging_mixin.py:115} INFO - [2023-04-02 18:03:35,137] {dag.py:2919} INFO - Setting next_dagrun for example_kubernetes_executor to None, run_after=None
[2023-04-02 18:03:35,151] {processor.py:161} INFO - Processing /home/airflow/.local/lib/python3.7/site-packages/airflow/example_dags/example_kubernetes_executor.py took 0.242 seconds
[2023-04-02 18:04:05,440] {processor.py:153} INFO - Started process (PID=1070) to work on /home/airflow/.local/lib/python3.7/site-packages/airflow/example_dags/example_kubernetes_executor.py
[2023-04-02 18:04:05,441] {processor.py:641} INFO - Processing file /home/airflow/.local/lib/python3.7/site-packages/airflow/example_dags/example_kubernetes_executor.py for tasks to queue
[2023-04-02 18:04:05,442] {logging_mixin.py:115} INFO - [2023-04-02 18:04:05,442] {dagbag.py:507} INFO - Filling up the DagBag from /home/airflow/.local/lib/python3.7/site-packages/airflow/example_dags/example_kubernetes_executor.py
[2023-04-02 18:04:05,468] {processor.py:651} INFO - DAG(s) dict_keys(['example_kubernetes_executor']) retrieved from /home/airflow/.local/lib/python3.7/site-packages/airflow/example_dags/example_kubernetes_executor.py
[2023-04-02 18:04:05,501] {logging_mixin.py:115} INFO - [2023-04-02 18:04:05,501] {dag.py:2371} INFO - Sync 1 DAGs
[2023-04-02 18:04:05,649] {logging_mixin.py:115} INFO - [2023-04-02 18:04:05,649] {dag.py:2919} INFO - Setting next_dagrun for example_kubernetes_executor to None, run_after=None
[2023-04-02 18:04:05,663] {processor.py:161} INFO - Processing /home/airflow/.local/lib/python3.7/site-packages/airflow/example_dags/example_kubernetes_executor.py took 0.227 seconds
[2023-04-02 18:04:36,086] {processor.py:153} INFO - Started process (PID=1133) to work on /home/airflow/.local/lib/python3.7/site-packages/airflow/example_dags/example_kubernetes_executor.py
[2023-04-02 18:04:36,088] {processor.py:641} INFO - Processing file /home/airflow/.local/lib/python3.7/site-packages/airflow/example_dags/example_kubernetes_executor.py for tasks to queue
[2023-04-02 18:04:36,089] {logging_mixin.py:115} INFO - [2023-04-02 18:04:36,089] {dagbag.py:507} INFO - Filling up the DagBag from /home/airflow/.local/lib/python3.7/site-packages/airflow/example_dags/example_kubernetes_executor.py
[2023-04-02 18:04:36,129] {processor.py:651} INFO - DAG(s) dict_keys(['example_kubernetes_executor']) retrieved from /home/airflow/.local/lib/python3.7/site-packages/airflow/example_dags/example_kubernetes_executor.py
[2023-04-02 18:04:36,165] {logging_mixin.py:115} INFO - [2023-04-02 18:04:36,164] {dag.py:2371} INFO - Sync 1 DAGs
[2023-04-02 18:04:36,318] {logging_mixin.py:115} INFO - [2023-04-02 18:04:36,318] {dag.py:2919} INFO - Setting next_dagrun for example_kubernetes_executor to None, run_after=None
[2023-04-02 18:04:36,335] {processor.py:161} INFO - Processing /home/airflow/.local/lib/python3.7/site-packages/airflow/example_dags/example_kubernetes_executor.py took 0.253 seconds
[2023-04-02 18:05:06,671] {processor.py:153} INFO - Started process (PID=1187) to work on /home/airflow/.local/lib/python3.7/site-packages/airflow/example_dags/example_kubernetes_executor.py
[2023-04-02 18:05:06,673] {processor.py:641} INFO - Processing file /home/airflow/.local/lib/python3.7/site-packages/airflow/example_dags/example_kubernetes_executor.py for tasks to queue
[2023-04-02 18:05:06,674] {logging_mixin.py:115} INFO - [2023-04-02 18:05:06,674] {dagbag.py:507} INFO - Filling up the DagBag from /home/airflow/.local/lib/python3.7/site-packages/airflow/example_dags/example_kubernetes_executor.py
[2023-04-02 18:05:06,700] {processor.py:651} INFO - DAG(s) dict_keys(['example_kubernetes_executor']) retrieved from /home/airflow/.local/lib/python3.7/site-packages/airflow/example_dags/example_kubernetes_executor.py
[2023-04-02 18:05:06,732] {logging_mixin.py:115} INFO - [2023-04-02 18:05:06,732] {dag.py:2371} INFO - Sync 1 DAGs
[2023-04-02 18:05:06,883] {logging_mixin.py:115} INFO - [2023-04-02 18:05:06,883] {dag.py:2919} INFO - Setting next_dagrun for example_kubernetes_executor to None, run_after=None
[2023-04-02 18:05:06,899] {processor.py:161} INFO - Processing /home/airflow/.local/lib/python3.7/site-packages/airflow/example_dags/example_kubernetes_executor.py took 0.232 seconds
[2023-04-02 18:05:37,310] {processor.py:153} INFO - Started process (PID=1251) to work on /home/airflow/.local/lib/python3.7/site-packages/airflow/example_dags/example_kubernetes_executor.py
[2023-04-02 18:05:37,311] {processor.py:641} INFO - Processing file /home/airflow/.local/lib/python3.7/site-packages/airflow/example_dags/example_kubernetes_executor.py for tasks to queue
[2023-04-02 18:05:37,312] {logging_mixin.py:115} INFO - [2023-04-02 18:05:37,312] {dagbag.py:507} INFO - Filling up the DagBag from /home/airflow/.local/lib/python3.7/site-packages/airflow/example_dags/example_kubernetes_executor.py
[2023-04-02 18:05:37,339] {processor.py:651} INFO - DAG(s) dict_keys(['example_kubernetes_executor']) retrieved from /home/airflow/.local/lib/python3.7/site-packages/airflow/example_dags/example_kubernetes_executor.py
[2023-04-02 18:05:37,491] {logging_mixin.py:115} INFO - [2023-04-02 18:05:37,490] {dag.py:2371} INFO - Sync 1 DAGs
[2023-04-02 18:05:37,518] {logging_mixin.py:115} INFO - [2023-04-02 18:05:37,518] {dag.py:2919} INFO - Setting next_dagrun for example_kubernetes_executor to None, run_after=None
[2023-04-02 18:05:37,532] {processor.py:161} INFO - Processing /home/airflow/.local/lib/python3.7/site-packages/airflow/example_dags/example_kubernetes_executor.py took 0.227 seconds
[2023-04-02 18:06:08,003] {processor.py:153} INFO - Started process (PID=1315) to work on /home/airflow/.local/lib/python3.7/site-packages/airflow/example_dags/example_kubernetes_executor.py
[2023-04-02 18:06:08,005] {processor.py:641} INFO - Processing file /home/airflow/.local/lib/python3.7/site-packages/airflow/example_dags/example_kubernetes_executor.py for tasks to queue
[2023-04-02 18:06:08,006] {logging_mixin.py:115} INFO - [2023-04-02 18:06:08,006] {dagbag.py:507} INFO - Filling up the DagBag from /home/airflow/.local/lib/python3.7/site-packages/airflow/example_dags/example_kubernetes_executor.py
[2023-04-02 18:06:08,035] {processor.py:651} INFO - DAG(s) dict_keys(['example_kubernetes_executor']) retrieved from /home/airflow/.local/lib/python3.7/site-packages/airflow/example_dags/example_kubernetes_executor.py
[2023-04-02 18:06:08,191] {logging_mixin.py:115} INFO - [2023-04-02 18:06:08,191] {dag.py:2371} INFO - Sync 1 DAGs
[2023-04-02 18:06:08,215] {logging_mixin.py:115} INFO - [2023-04-02 18:06:08,215] {dag.py:2919} INFO - Setting next_dagrun for example_kubernetes_executor to None, run_after=None
[2023-04-02 18:06:08,228] {processor.py:161} INFO - Processing /home/airflow/.local/lib/python3.7/site-packages/airflow/example_dags/example_kubernetes_executor.py took 0.229 seconds
[2023-04-02 18:06:38,866] {processor.py:153} INFO - Started process (PID=1369) to work on /home/airflow/.local/lib/python3.7/site-packages/airflow/example_dags/example_kubernetes_executor.py
[2023-04-02 18:06:38,868] {processor.py:641} INFO - Processing file /home/airflow/.local/lib/python3.7/site-packages/airflow/example_dags/example_kubernetes_executor.py for tasks to queue
[2023-04-02 18:06:38,869] {logging_mixin.py:115} INFO - [2023-04-02 18:06:38,869] {dagbag.py:507} INFO - Filling up the DagBag from /home/airflow/.local/lib/python3.7/site-packages/airflow/example_dags/example_kubernetes_executor.py
[2023-04-02 18:06:38,895] {processor.py:651} INFO - DAG(s) dict_keys(['example_kubernetes_executor']) retrieved from /home/airflow/.local/lib/python3.7/site-packages/airflow/example_dags/example_kubernetes_executor.py
[2023-04-02 18:06:39,045] {logging_mixin.py:115} INFO - [2023-04-02 18:06:39,045] {dag.py:2371} INFO - Sync 1 DAGs
[2023-04-02 18:06:39,072] {logging_mixin.py:115} INFO - [2023-04-02 18:06:39,072] {dag.py:2919} INFO - Setting next_dagrun for example_kubernetes_executor to None, run_after=None
[2023-04-02 18:06:39,087] {processor.py:161} INFO - Processing /home/airflow/.local/lib/python3.7/site-packages/airflow/example_dags/example_kubernetes_executor.py took 0.224 seconds
[2023-04-02 18:07:09,550] {processor.py:153} INFO - Started process (PID=1432) to work on /home/airflow/.local/lib/python3.7/site-packages/airflow/example_dags/example_kubernetes_executor.py
[2023-04-02 18:07:09,551] {processor.py:641} INFO - Processing file /home/airflow/.local/lib/python3.7/site-packages/airflow/example_dags/example_kubernetes_executor.py for tasks to queue
[2023-04-02 18:07:09,552] {logging_mixin.py:115} INFO - [2023-04-02 18:07:09,552] {dagbag.py:507} INFO - Filling up the DagBag from /home/airflow/.local/lib/python3.7/site-packages/airflow/example_dags/example_kubernetes_executor.py
[2023-04-02 18:07:09,578] {processor.py:651} INFO - DAG(s) dict_keys(['example_kubernetes_executor']) retrieved from /home/airflow/.local/lib/python3.7/site-packages/airflow/example_dags/example_kubernetes_executor.py
[2023-04-02 18:07:09,725] {logging_mixin.py:115} INFO - [2023-04-02 18:07:09,725] {dag.py:2371} INFO - Sync 1 DAGs
[2023-04-02 18:07:09,753] {logging_mixin.py:115} INFO - [2023-04-02 18:07:09,753] {dag.py:2919} INFO - Setting next_dagrun for example_kubernetes_executor to None, run_after=None
[2023-04-02 18:07:09,767] {processor.py:161} INFO - Processing /home/airflow/.local/lib/python3.7/site-packages/airflow/example_dags/example_kubernetes_executor.py took 0.221 seconds
[2023-04-02 18:07:40,163] {processor.py:153} INFO - Started process (PID=1496) to work on /home/airflow/.local/lib/python3.7/site-packages/airflow/example_dags/example_kubernetes_executor.py
[2023-04-02 18:07:40,164] {processor.py:641} INFO - Processing file /home/airflow/.local/lib/python3.7/site-packages/airflow/example_dags/example_kubernetes_executor.py for tasks to queue
[2023-04-02 18:07:40,165] {logging_mixin.py:115} INFO - [2023-04-02 18:07:40,165] {dagbag.py:507} INFO - Filling up the DagBag from /home/airflow/.local/lib/python3.7/site-packages/airflow/example_dags/example_kubernetes_executor.py
[2023-04-02 18:07:40,191] {processor.py:651} INFO - DAG(s) dict_keys(['example_kubernetes_executor']) retrieved from /home/airflow/.local/lib/python3.7/site-packages/airflow/example_dags/example_kubernetes_executor.py
[2023-04-02 18:07:40,336] {logging_mixin.py:115} INFO - [2023-04-02 18:07:40,336] {dag.py:2371} INFO - Sync 1 DAGs
[2023-04-02 18:07:40,362] {logging_mixin.py:115} INFO - [2023-04-02 18:07:40,362] {dag.py:2919} INFO - Setting next_dagrun for example_kubernetes_executor to None, run_after=None
[2023-04-02 18:07:40,375] {processor.py:161} INFO - Processing /home/airflow/.local/lib/python3.7/site-packages/airflow/example_dags/example_kubernetes_executor.py took 0.217 seconds
[2023-04-02 18:08:11,008] {processor.py:153} INFO - Started process (PID=1559) to work on /home/airflow/.local/lib/python3.7/site-packages/airflow/example_dags/example_kubernetes_executor.py
[2023-04-02 18:08:11,010] {processor.py:641} INFO - Processing file /home/airflow/.local/lib/python3.7/site-packages/airflow/example_dags/example_kubernetes_executor.py for tasks to queue
[2023-04-02 18:08:11,011] {logging_mixin.py:115} INFO - [2023-04-02 18:08:11,011] {dagbag.py:507} INFO - Filling up the DagBag from /home/airflow/.local/lib/python3.7/site-packages/airflow/example_dags/example_kubernetes_executor.py
[2023-04-02 18:08:11,037] {processor.py:651} INFO - DAG(s) dict_keys(['example_kubernetes_executor']) retrieved from /home/airflow/.local/lib/python3.7/site-packages/airflow/example_dags/example_kubernetes_executor.py
[2023-04-02 18:08:11,178] {logging_mixin.py:115} INFO - [2023-04-02 18:08:11,178] {dag.py:2371} INFO - Sync 1 DAGs
[2023-04-02 18:08:11,202] {logging_mixin.py:115} INFO - [2023-04-02 18:08:11,202] {dag.py:2919} INFO - Setting next_dagrun for example_kubernetes_executor to None, run_after=None
[2023-04-02 18:08:11,216] {processor.py:161} INFO - Processing /home/airflow/.local/lib/python3.7/site-packages/airflow/example_dags/example_kubernetes_executor.py took 0.212 seconds
[2023-04-02 18:08:41,529] {processor.py:153} INFO - Started process (PID=1613) to work on /home/airflow/.local/lib/python3.7/site-packages/airflow/example_dags/example_kubernetes_executor.py
[2023-04-02 18:08:41,530] {processor.py:641} INFO - Processing file /home/airflow/.local/lib/python3.7/site-packages/airflow/example_dags/example_kubernetes_executor.py for tasks to queue
[2023-04-02 18:08:41,532] {logging_mixin.py:115} INFO - [2023-04-02 18:08:41,531] {dagbag.py:507} INFO - Filling up the DagBag from /home/airflow/.local/lib/python3.7/site-packages/airflow/example_dags/example_kubernetes_executor.py
[2023-04-02 18:08:41,557] {processor.py:651} INFO - DAG(s) dict_keys(['example_kubernetes_executor']) retrieved from /home/airflow/.local/lib/python3.7/site-packages/airflow/example_dags/example_kubernetes_executor.py
[2023-04-02 18:08:41,738] {logging_mixin.py:115} INFO - [2023-04-02 18:08:41,738] {dag.py:2371} INFO - Sync 1 DAGs
[2023-04-02 18:08:41,779] {logging_mixin.py:115} INFO - [2023-04-02 18:08:41,779] {dag.py:2919} INFO - Setting next_dagrun for example_kubernetes_executor to None, run_after=None
[2023-04-02 18:08:41,810] {processor.py:161} INFO - Processing /home/airflow/.local/lib/python3.7/site-packages/airflow/example_dags/example_kubernetes_executor.py took 0.285 seconds
[2023-04-02 18:09:12,284] {processor.py:153} INFO - Started process (PID=1676) to work on /home/airflow/.local/lib/python3.7/site-packages/airflow/example_dags/example_kubernetes_executor.py
[2023-04-02 18:09:12,285] {processor.py:641} INFO - Processing file /home/airflow/.local/lib/python3.7/site-packages/airflow/example_dags/example_kubernetes_executor.py for tasks to queue
[2023-04-02 18:09:12,286] {logging_mixin.py:115} INFO - [2023-04-02 18:09:12,286] {dagbag.py:507} INFO - Filling up the DagBag from /home/airflow/.local/lib/python3.7/site-packages/airflow/example_dags/example_kubernetes_executor.py
[2023-04-02 18:09:12,311] {processor.py:651} INFO - DAG(s) dict_keys(['example_kubernetes_executor']) retrieved from /home/airflow/.local/lib/python3.7/site-packages/airflow/example_dags/example_kubernetes_executor.py
[2023-04-02 18:09:12,455] {logging_mixin.py:115} INFO - [2023-04-02 18:09:12,455] {dag.py:2371} INFO - Sync 1 DAGs
[2023-04-02 18:09:12,482] {logging_mixin.py:115} INFO - [2023-04-02 18:09:12,482] {dag.py:2919} INFO - Setting next_dagrun for example_kubernetes_executor to None, run_after=None
[2023-04-02 18:09:12,496] {processor.py:161} INFO - Processing /home/airflow/.local/lib/python3.7/site-packages/airflow/example_dags/example_kubernetes_executor.py took 0.216 seconds
[2023-04-02 18:09:42,826] {processor.py:153} INFO - Started process (PID=1739) to work on /home/airflow/.local/lib/python3.7/site-packages/airflow/example_dags/example_kubernetes_executor.py
[2023-04-02 18:09:42,827] {processor.py:641} INFO - Processing file /home/airflow/.local/lib/python3.7/site-packages/airflow/example_dags/example_kubernetes_executor.py for tasks to queue
[2023-04-02 18:09:42,829] {logging_mixin.py:115} INFO - [2023-04-02 18:09:42,829] {dagbag.py:507} INFO - Filling up the DagBag from /home/airflow/.local/lib/python3.7/site-packages/airflow/example_dags/example_kubernetes_executor.py
[2023-04-02 18:09:42,856] {processor.py:651} INFO - DAG(s) dict_keys(['example_kubernetes_executor']) retrieved from /home/airflow/.local/lib/python3.7/site-packages/airflow/example_dags/example_kubernetes_executor.py
[2023-04-02 18:09:43,023] {logging_mixin.py:115} INFO - [2023-04-02 18:09:43,023] {dag.py:2371} INFO - Sync 1 DAGs
[2023-04-02 18:09:43,050] {logging_mixin.py:115} INFO - [2023-04-02 18:09:43,050] {dag.py:2919} INFO - Setting next_dagrun for example_kubernetes_executor to None, run_after=None
[2023-04-02 18:09:43,064] {processor.py:161} INFO - Processing /home/airflow/.local/lib/python3.7/site-packages/airflow/example_dags/example_kubernetes_executor.py took 0.244 seconds
[2023-04-02 18:10:13,607] {processor.py:153} INFO - Started process (PID=1800) to work on /home/airflow/.local/lib/python3.7/site-packages/airflow/example_dags/example_kubernetes_executor.py
[2023-04-02 18:10:13,609] {processor.py:641} INFO - Processing file /home/airflow/.local/lib/python3.7/site-packages/airflow/example_dags/example_kubernetes_executor.py for tasks to queue
[2023-04-02 18:10:13,612] {logging_mixin.py:115} INFO - [2023-04-02 18:10:13,611] {dagbag.py:507} INFO - Filling up the DagBag from /home/airflow/.local/lib/python3.7/site-packages/airflow/example_dags/example_kubernetes_executor.py
[2023-04-02 18:10:13,645] {processor.py:651} INFO - DAG(s) dict_keys(['example_kubernetes_executor']) retrieved from /home/airflow/.local/lib/python3.7/site-packages/airflow/example_dags/example_kubernetes_executor.py
[2023-04-02 18:10:13,902] {logging_mixin.py:115} INFO - [2023-04-02 18:10:13,902] {dag.py:2371} INFO - Sync 1 DAGs
[2023-04-02 18:10:13,940] {logging_mixin.py:115} INFO - [2023-04-02 18:10:13,940] {dag.py:2919} INFO - Setting next_dagrun for example_kubernetes_executor to None, run_after=None
[2023-04-02 18:10:13,961] {processor.py:161} INFO - Processing /home/airflow/.local/lib/python3.7/site-packages/airflow/example_dags/example_kubernetes_executor.py took 0.358 seconds
[2023-04-02 18:10:44,618] {processor.py:153} INFO - Started process (PID=1856) to work on /home/airflow/.local/lib/python3.7/site-packages/airflow/example_dags/example_kubernetes_executor.py
[2023-04-02 18:10:44,619] {processor.py:641} INFO - Processing file /home/airflow/.local/lib/python3.7/site-packages/airflow/example_dags/example_kubernetes_executor.py for tasks to queue
[2023-04-02 18:10:44,621] {logging_mixin.py:115} INFO - [2023-04-02 18:10:44,621] {dagbag.py:507} INFO - Filling up the DagBag from /home/airflow/.local/lib/python3.7/site-packages/airflow/example_dags/example_kubernetes_executor.py
[2023-04-02 18:10:44,648] {processor.py:651} INFO - DAG(s) dict_keys(['example_kubernetes_executor']) retrieved from /home/airflow/.local/lib/python3.7/site-packages/airflow/example_dags/example_kubernetes_executor.py
[2023-04-02 18:10:44,675] {logging_mixin.py:115} INFO - [2023-04-02 18:10:44,674] {dag.py:2371} INFO - Sync 1 DAGs
[2023-04-02 18:10:44,696] {logging_mixin.py:115} INFO - [2023-04-02 18:10:44,696] {dag.py:2919} INFO - Setting next_dagrun for example_kubernetes_executor to None, run_after=None
[2023-04-02 18:10:44,708] {processor.py:161} INFO - Processing /home/airflow/.local/lib/python3.7/site-packages/airflow/example_dags/example_kubernetes_executor.py took 0.093 seconds
[2023-04-02 18:11:14,871] {processor.py:153} INFO - Started process (PID=1919) to work on /home/airflow/.local/lib/python3.7/site-packages/airflow/example_dags/example_kubernetes_executor.py
[2023-04-02 18:11:14,872] {processor.py:641} INFO - Processing file /home/airflow/.local/lib/python3.7/site-packages/airflow/example_dags/example_kubernetes_executor.py for tasks to queue
[2023-04-02 18:11:14,873] {logging_mixin.py:115} INFO - [2023-04-02 18:11:14,873] {dagbag.py:507} INFO - Filling up the DagBag from /home/airflow/.local/lib/python3.7/site-packages/airflow/example_dags/example_kubernetes_executor.py
[2023-04-02 18:11:14,905] {processor.py:651} INFO - DAG(s) dict_keys(['example_kubernetes_executor']) retrieved from /home/airflow/.local/lib/python3.7/site-packages/airflow/example_dags/example_kubernetes_executor.py
[2023-04-02 18:11:14,935] {logging_mixin.py:115} INFO - [2023-04-02 18:11:14,935] {dag.py:2371} INFO - Sync 1 DAGs
[2023-04-02 18:11:14,960] {logging_mixin.py:115} INFO - [2023-04-02 18:11:14,960] {dag.py:2919} INFO - Setting next_dagrun for example_kubernetes_executor to None, run_after=None
[2023-04-02 18:11:14,974] {processor.py:161} INFO - Processing /home/airflow/.local/lib/python3.7/site-packages/airflow/example_dags/example_kubernetes_executor.py took 0.107 seconds
[2023-04-02 18:11:45,489] {processor.py:153} INFO - Started process (PID=1982) to work on /home/airflow/.local/lib/python3.7/site-packages/airflow/example_dags/example_kubernetes_executor.py
[2023-04-02 18:11:45,491] {processor.py:641} INFO - Processing file /home/airflow/.local/lib/python3.7/site-packages/airflow/example_dags/example_kubernetes_executor.py for tasks to queue
[2023-04-02 18:11:45,493] {logging_mixin.py:115} INFO - [2023-04-02 18:11:45,493] {dagbag.py:507} INFO - Filling up the DagBag from /home/airflow/.local/lib/python3.7/site-packages/airflow/example_dags/example_kubernetes_executor.py
[2023-04-02 18:11:45,526] {processor.py:651} INFO - DAG(s) dict_keys(['example_kubernetes_executor']) retrieved from /home/airflow/.local/lib/python3.7/site-packages/airflow/example_dags/example_kubernetes_executor.py
[2023-04-02 18:11:45,558] {logging_mixin.py:115} INFO - [2023-04-02 18:11:45,558] {dag.py:2371} INFO - Sync 1 DAGs
[2023-04-02 18:11:45,588] {logging_mixin.py:115} INFO - [2023-04-02 18:11:45,588] {dag.py:2919} INFO - Setting next_dagrun for example_kubernetes_executor to None, run_after=None
[2023-04-02 18:11:45,602] {processor.py:161} INFO - Processing /home/airflow/.local/lib/python3.7/site-packages/airflow/example_dags/example_kubernetes_executor.py took 0.118 seconds
[2023-04-02 18:12:15,844] {processor.py:153} INFO - Started process (PID=2036) to work on /home/airflow/.local/lib/python3.7/site-packages/airflow/example_dags/example_kubernetes_executor.py
[2023-04-02 18:12:15,845] {processor.py:641} INFO - Processing file /home/airflow/.local/lib/python3.7/site-packages/airflow/example_dags/example_kubernetes_executor.py for tasks to queue
[2023-04-02 18:12:15,846] {logging_mixin.py:115} INFO - [2023-04-02 18:12:15,846] {dagbag.py:507} INFO - Filling up the DagBag from /home/airflow/.local/lib/python3.7/site-packages/airflow/example_dags/example_kubernetes_executor.py
[2023-04-02 18:12:15,873] {processor.py:651} INFO - DAG(s) dict_keys(['example_kubernetes_executor']) retrieved from /home/airflow/.local/lib/python3.7/site-packages/airflow/example_dags/example_kubernetes_executor.py
[2023-04-02 18:12:15,900] {logging_mixin.py:115} INFO - [2023-04-02 18:12:15,900] {dag.py:2371} INFO - Sync 1 DAGs
[2023-04-02 18:12:15,921] {logging_mixin.py:115} INFO - [2023-04-02 18:12:15,921] {dag.py:2919} INFO - Setting next_dagrun for example_kubernetes_executor to None, run_after=None
[2023-04-02 18:12:15,935] {processor.py:161} INFO - Processing /home/airflow/.local/lib/python3.7/site-packages/airflow/example_dags/example_kubernetes_executor.py took 0.095 seconds
[2023-04-02 18:12:46,368] {processor.py:153} INFO - Started process (PID=2099) to work on /home/airflow/.local/lib/python3.7/site-packages/airflow/example_dags/example_kubernetes_executor.py
[2023-04-02 18:12:46,369] {processor.py:641} INFO - Processing file /home/airflow/.local/lib/python3.7/site-packages/airflow/example_dags/example_kubernetes_executor.py for tasks to queue
[2023-04-02 18:12:46,370] {logging_mixin.py:115} INFO - [2023-04-02 18:12:46,370] {dagbag.py:507} INFO - Filling up the DagBag from /home/airflow/.local/lib/python3.7/site-packages/airflow/example_dags/example_kubernetes_executor.py
[2023-04-02 18:12:46,399] {processor.py:651} INFO - DAG(s) dict_keys(['example_kubernetes_executor']) retrieved from /home/airflow/.local/lib/python3.7/site-packages/airflow/example_dags/example_kubernetes_executor.py
[2023-04-02 18:12:46,426] {logging_mixin.py:115} INFO - [2023-04-02 18:12:46,425] {dag.py:2371} INFO - Sync 1 DAGs
[2023-04-02 18:12:46,449] {logging_mixin.py:115} INFO - [2023-04-02 18:12:46,449] {dag.py:2919} INFO - Setting next_dagrun for example_kubernetes_executor to None, run_after=None
[2023-04-02 18:12:46,461] {processor.py:161} INFO - Processing /home/airflow/.local/lib/python3.7/site-packages/airflow/example_dags/example_kubernetes_executor.py took 0.097 seconds
[2023-04-02 18:13:16,718] {processor.py:153} INFO - Started process (PID=2162) to work on /home/airflow/.local/lib/python3.7/site-packages/airflow/example_dags/example_kubernetes_executor.py
[2023-04-02 18:13:16,719] {processor.py:641} INFO - Processing file /home/airflow/.local/lib/python3.7/site-packages/airflow/example_dags/example_kubernetes_executor.py for tasks to queue
[2023-04-02 18:13:16,721] {logging_mixin.py:115} INFO - [2023-04-02 18:13:16,721] {dagbag.py:507} INFO - Filling up the DagBag from /home/airflow/.local/lib/python3.7/site-packages/airflow/example_dags/example_kubernetes_executor.py
[2023-04-02 18:13:16,748] {processor.py:651} INFO - DAG(s) dict_keys(['example_kubernetes_executor']) retrieved from /home/airflow/.local/lib/python3.7/site-packages/airflow/example_dags/example_kubernetes_executor.py
[2023-04-02 18:13:16,776] {logging_mixin.py:115} INFO - [2023-04-02 18:13:16,776] {dag.py:2371} INFO - Sync 1 DAGs
[2023-04-02 18:13:16,805] {logging_mixin.py:115} INFO - [2023-04-02 18:13:16,805] {dag.py:2919} INFO - Setting next_dagrun for example_kubernetes_executor to None, run_after=None
[2023-04-02 18:13:16,817] {processor.py:161} INFO - Processing /home/airflow/.local/lib/python3.7/site-packages/airflow/example_dags/example_kubernetes_executor.py took 0.102 seconds
[2023-04-02 18:13:46,966] {processor.py:153} INFO - Started process (PID=2216) to work on /home/airflow/.local/lib/python3.7/site-packages/airflow/example_dags/example_kubernetes_executor.py
[2023-04-02 18:13:46,967] {processor.py:641} INFO - Processing file /home/airflow/.local/lib/python3.7/site-packages/airflow/example_dags/example_kubernetes_executor.py for tasks to queue
[2023-04-02 18:13:46,969] {logging_mixin.py:115} INFO - [2023-04-02 18:13:46,969] {dagbag.py:507} INFO - Filling up the DagBag from /home/airflow/.local/lib/python3.7/site-packages/airflow/example_dags/example_kubernetes_executor.py
[2023-04-02 18:13:46,997] {processor.py:651} INFO - DAG(s) dict_keys(['example_kubernetes_executor']) retrieved from /home/airflow/.local/lib/python3.7/site-packages/airflow/example_dags/example_kubernetes_executor.py
[2023-04-02 18:13:47,028] {logging_mixin.py:115} INFO - [2023-04-02 18:13:47,028] {dag.py:2371} INFO - Sync 1 DAGs
[2023-04-02 18:13:47,051] {logging_mixin.py:115} INFO - [2023-04-02 18:13:47,051] {dag.py:2919} INFO - Setting next_dagrun for example_kubernetes_executor to None, run_after=None
[2023-04-02 18:13:47,064] {processor.py:161} INFO - Processing /home/airflow/.local/lib/python3.7/site-packages/airflow/example_dags/example_kubernetes_executor.py took 0.101 seconds
[2023-04-02 18:14:17,416] {processor.py:153} INFO - Started process (PID=2279) to work on /home/airflow/.local/lib/python3.7/site-packages/airflow/example_dags/example_kubernetes_executor.py
[2023-04-02 18:14:17,418] {processor.py:641} INFO - Processing file /home/airflow/.local/lib/python3.7/site-packages/airflow/example_dags/example_kubernetes_executor.py for tasks to queue
[2023-04-02 18:14:17,419] {logging_mixin.py:115} INFO - [2023-04-02 18:14:17,419] {dagbag.py:507} INFO - Filling up the DagBag from /home/airflow/.local/lib/python3.7/site-packages/airflow/example_dags/example_kubernetes_executor.py
[2023-04-02 18:14:17,446] {processor.py:651} INFO - DAG(s) dict_keys(['example_kubernetes_executor']) retrieved from /home/airflow/.local/lib/python3.7/site-packages/airflow/example_dags/example_kubernetes_executor.py
[2023-04-02 18:14:17,473] {logging_mixin.py:115} INFO - [2023-04-02 18:14:17,473] {dag.py:2371} INFO - Sync 1 DAGs
[2023-04-02 18:14:17,496] {logging_mixin.py:115} INFO - [2023-04-02 18:14:17,496] {dag.py:2919} INFO - Setting next_dagrun for example_kubernetes_executor to None, run_after=None
[2023-04-02 18:14:17,508] {processor.py:161} INFO - Processing /home/airflow/.local/lib/python3.7/site-packages/airflow/example_dags/example_kubernetes_executor.py took 0.097 seconds
[2023-04-02 18:14:47,592] {processor.py:153} INFO - Started process (PID=2342) to work on /home/airflow/.local/lib/python3.7/site-packages/airflow/example_dags/example_kubernetes_executor.py
[2023-04-02 18:14:47,593] {processor.py:641} INFO - Processing file /home/airflow/.local/lib/python3.7/site-packages/airflow/example_dags/example_kubernetes_executor.py for tasks to queue
[2023-04-02 18:14:47,594] {logging_mixin.py:115} INFO - [2023-04-02 18:14:47,594] {dagbag.py:507} INFO - Filling up the DagBag from /home/airflow/.local/lib/python3.7/site-packages/airflow/example_dags/example_kubernetes_executor.py
[2023-04-02 18:14:47,622] {processor.py:651} INFO - DAG(s) dict_keys(['example_kubernetes_executor']) retrieved from /home/airflow/.local/lib/python3.7/site-packages/airflow/example_dags/example_kubernetes_executor.py
[2023-04-02 18:14:47,648] {logging_mixin.py:115} INFO - [2023-04-02 18:14:47,648] {dag.py:2371} INFO - Sync 1 DAGs
[2023-04-02 18:14:47,671] {logging_mixin.py:115} INFO - [2023-04-02 18:14:47,671] {dag.py:2919} INFO - Setting next_dagrun for example_kubernetes_executor to None, run_after=None
[2023-04-02 18:14:47,683] {processor.py:161} INFO - Processing /home/airflow/.local/lib/python3.7/site-packages/airflow/example_dags/example_kubernetes_executor.py took 0.095 seconds
[2023-04-02 18:15:17,805] {processor.py:153} INFO - Started process (PID=2396) to work on /home/airflow/.local/lib/python3.7/site-packages/airflow/example_dags/example_kubernetes_executor.py
[2023-04-02 18:15:17,806] {processor.py:641} INFO - Processing file /home/airflow/.local/lib/python3.7/site-packages/airflow/example_dags/example_kubernetes_executor.py for tasks to queue
[2023-04-02 18:15:17,807] {logging_mixin.py:115} INFO - [2023-04-02 18:15:17,807] {dagbag.py:507} INFO - Filling up the DagBag from /home/airflow/.local/lib/python3.7/site-packages/airflow/example_dags/example_kubernetes_executor.py
[2023-04-02 18:15:17,835] {processor.py:651} INFO - DAG(s) dict_keys(['example_kubernetes_executor']) retrieved from /home/airflow/.local/lib/python3.7/site-packages/airflow/example_dags/example_kubernetes_executor.py
[2023-04-02 18:15:17,862] {logging_mixin.py:115} INFO - [2023-04-02 18:15:17,862] {dag.py:2371} INFO - Sync 1 DAGs
[2023-04-02 18:15:17,884] {logging_mixin.py:115} INFO - [2023-04-02 18:15:17,884] {dag.py:2919} INFO - Setting next_dagrun for example_kubernetes_executor to None, run_after=None
[2023-04-02 18:15:17,896] {processor.py:161} INFO - Processing /home/airflow/.local/lib/python3.7/site-packages/airflow/example_dags/example_kubernetes_executor.py took 0.095 seconds
[2023-04-02 18:15:48,318] {processor.py:153} INFO - Started process (PID=2459) to work on /home/airflow/.local/lib/python3.7/site-packages/airflow/example_dags/example_kubernetes_executor.py
[2023-04-02 18:15:48,319] {processor.py:641} INFO - Processing file /home/airflow/.local/lib/python3.7/site-packages/airflow/example_dags/example_kubernetes_executor.py for tasks to queue
[2023-04-02 18:15:48,321] {logging_mixin.py:115} INFO - [2023-04-02 18:15:48,321] {dagbag.py:507} INFO - Filling up the DagBag from /home/airflow/.local/lib/python3.7/site-packages/airflow/example_dags/example_kubernetes_executor.py
[2023-04-02 18:15:48,350] {processor.py:651} INFO - DAG(s) dict_keys(['example_kubernetes_executor']) retrieved from /home/airflow/.local/lib/python3.7/site-packages/airflow/example_dags/example_kubernetes_executor.py
[2023-04-02 18:15:48,378] {logging_mixin.py:115} INFO - [2023-04-02 18:15:48,378] {dag.py:2371} INFO - Sync 1 DAGs
[2023-04-02 18:15:48,400] {logging_mixin.py:115} INFO - [2023-04-02 18:15:48,400] {dag.py:2919} INFO - Setting next_dagrun for example_kubernetes_executor to None, run_after=None
[2023-04-02 18:15:48,412] {processor.py:161} INFO - Processing /home/airflow/.local/lib/python3.7/site-packages/airflow/example_dags/example_kubernetes_executor.py took 0.098 seconds
[2023-04-02 18:16:18,901] {processor.py:153} INFO - Started process (PID=2522) to work on /home/airflow/.local/lib/python3.7/site-packages/airflow/example_dags/example_kubernetes_executor.py
[2023-04-02 18:16:18,902] {processor.py:641} INFO - Processing file /home/airflow/.local/lib/python3.7/site-packages/airflow/example_dags/example_kubernetes_executor.py for tasks to queue
[2023-04-02 18:16:18,904] {logging_mixin.py:115} INFO - [2023-04-02 18:16:18,903] {dagbag.py:507} INFO - Filling up the DagBag from /home/airflow/.local/lib/python3.7/site-packages/airflow/example_dags/example_kubernetes_executor.py
[2023-04-02 18:16:18,931] {processor.py:651} INFO - DAG(s) dict_keys(['example_kubernetes_executor']) retrieved from /home/airflow/.local/lib/python3.7/site-packages/airflow/example_dags/example_kubernetes_executor.py
[2023-04-02 18:16:18,958] {logging_mixin.py:115} INFO - [2023-04-02 18:16:18,958] {dag.py:2371} INFO - Sync 1 DAGs
[2023-04-02 18:16:18,980] {logging_mixin.py:115} INFO - [2023-04-02 18:16:18,980] {dag.py:2919} INFO - Setting next_dagrun for example_kubernetes_executor to None, run_after=None
[2023-04-02 18:16:18,991] {processor.py:161} INFO - Processing /home/airflow/.local/lib/python3.7/site-packages/airflow/example_dags/example_kubernetes_executor.py took 0.094 seconds
[2023-04-02 18:16:49,420] {processor.py:153} INFO - Started process (PID=2585) to work on /home/airflow/.local/lib/python3.7/site-packages/airflow/example_dags/example_kubernetes_executor.py
[2023-04-02 18:16:49,421] {processor.py:641} INFO - Processing file /home/airflow/.local/lib/python3.7/site-packages/airflow/example_dags/example_kubernetes_executor.py for tasks to queue
[2023-04-02 18:16:49,422] {logging_mixin.py:115} INFO - [2023-04-02 18:16:49,422] {dagbag.py:507} INFO - Filling up the DagBag from /home/airflow/.local/lib/python3.7/site-packages/airflow/example_dags/example_kubernetes_executor.py
[2023-04-02 18:16:49,450] {processor.py:651} INFO - DAG(s) dict_keys(['example_kubernetes_executor']) retrieved from /home/airflow/.local/lib/python3.7/site-packages/airflow/example_dags/example_kubernetes_executor.py
[2023-04-02 18:16:49,488] {logging_mixin.py:115} INFO - [2023-04-02 18:16:49,488] {dag.py:2371} INFO - Sync 1 DAGs
[2023-04-02 18:16:49,525] {logging_mixin.py:115} INFO - [2023-04-02 18:16:49,525] {dag.py:2919} INFO - Setting next_dagrun for example_kubernetes_executor to None, run_after=None
[2023-04-02 18:16:49,544] {processor.py:161} INFO - Processing /home/airflow/.local/lib/python3.7/site-packages/airflow/example_dags/example_kubernetes_executor.py took 0.128 seconds
[2023-04-02 18:17:19,961] {processor.py:153} INFO - Started process (PID=2639) to work on /home/airflow/.local/lib/python3.7/site-packages/airflow/example_dags/example_kubernetes_executor.py
[2023-04-02 18:17:19,962] {processor.py:641} INFO - Processing file /home/airflow/.local/lib/python3.7/site-packages/airflow/example_dags/example_kubernetes_executor.py for tasks to queue
[2023-04-02 18:17:19,963] {logging_mixin.py:115} INFO - [2023-04-02 18:17:19,963] {dagbag.py:507} INFO - Filling up the DagBag from /home/airflow/.local/lib/python3.7/site-packages/airflow/example_dags/example_kubernetes_executor.py
[2023-04-02 18:17:19,992] {processor.py:651} INFO - DAG(s) dict_keys(['example_kubernetes_executor']) retrieved from /home/airflow/.local/lib/python3.7/site-packages/airflow/example_dags/example_kubernetes_executor.py
[2023-04-02 18:17:20,020] {logging_mixin.py:115} INFO - [2023-04-02 18:17:20,020] {dag.py:2371} INFO - Sync 1 DAGs
[2023-04-02 18:17:20,042] {logging_mixin.py:115} INFO - [2023-04-02 18:17:20,042] {dag.py:2919} INFO - Setting next_dagrun for example_kubernetes_executor to None, run_after=None
[2023-04-02 18:17:20,053] {processor.py:161} INFO - Processing /home/airflow/.local/lib/python3.7/site-packages/airflow/example_dags/example_kubernetes_executor.py took 0.096 seconds
[2023-04-02 18:17:51,026] {processor.py:153} INFO - Started process (PID=2702) to work on /home/airflow/.local/lib/python3.7/site-packages/airflow/example_dags/example_kubernetes_executor.py
[2023-04-02 18:17:51,028] {processor.py:641} INFO - Processing file /home/airflow/.local/lib/python3.7/site-packages/airflow/example_dags/example_kubernetes_executor.py for tasks to queue
[2023-04-02 18:17:51,029] {logging_mixin.py:115} INFO - [2023-04-02 18:17:51,029] {dagbag.py:507} INFO - Filling up the DagBag from /home/airflow/.local/lib/python3.7/site-packages/airflow/example_dags/example_kubernetes_executor.py
[2023-04-02 18:17:51,059] {processor.py:651} INFO - DAG(s) dict_keys(['example_kubernetes_executor']) retrieved from /home/airflow/.local/lib/python3.7/site-packages/airflow/example_dags/example_kubernetes_executor.py
[2023-04-02 18:17:51,086] {logging_mixin.py:115} INFO - [2023-04-02 18:17:51,086] {dag.py:2371} INFO - Sync 1 DAGs
[2023-04-02 18:17:51,108] {logging_mixin.py:115} INFO - [2023-04-02 18:17:51,108] {dag.py:2919} INFO - Setting next_dagrun for example_kubernetes_executor to None, run_after=None
[2023-04-02 18:17:51,120] {processor.py:161} INFO - Processing /home/airflow/.local/lib/python3.7/site-packages/airflow/example_dags/example_kubernetes_executor.py took 0.098 seconds
[2023-04-02 18:18:21,298] {processor.py:153} INFO - Started process (PID=2764) to work on /home/airflow/.local/lib/python3.7/site-packages/airflow/example_dags/example_kubernetes_executor.py
[2023-04-02 18:18:21,299] {processor.py:641} INFO - Processing file /home/airflow/.local/lib/python3.7/site-packages/airflow/example_dags/example_kubernetes_executor.py for tasks to queue
[2023-04-02 18:18:21,300] {logging_mixin.py:115} INFO - [2023-04-02 18:18:21,300] {dagbag.py:507} INFO - Filling up the DagBag from /home/airflow/.local/lib/python3.7/site-packages/airflow/example_dags/example_kubernetes_executor.py
[2023-04-02 18:18:21,328] {processor.py:651} INFO - DAG(s) dict_keys(['example_kubernetes_executor']) retrieved from /home/airflow/.local/lib/python3.7/site-packages/airflow/example_dags/example_kubernetes_executor.py
[2023-04-02 18:18:21,357] {logging_mixin.py:115} INFO - [2023-04-02 18:18:21,357] {dag.py:2371} INFO - Sync 1 DAGs
[2023-04-02 18:18:21,380] {logging_mixin.py:115} INFO - [2023-04-02 18:18:21,380] {dag.py:2919} INFO - Setting next_dagrun for example_kubernetes_executor to None, run_after=None
[2023-04-02 18:18:21,392] {processor.py:161} INFO - Processing /home/airflow/.local/lib/python3.7/site-packages/airflow/example_dags/example_kubernetes_executor.py took 0.098 seconds
[2023-04-02 18:18:51,709] {processor.py:153} INFO - Started process (PID=2818) to work on /home/airflow/.local/lib/python3.7/site-packages/airflow/example_dags/example_kubernetes_executor.py
[2023-04-02 18:18:51,711] {processor.py:641} INFO - Processing file /home/airflow/.local/lib/python3.7/site-packages/airflow/example_dags/example_kubernetes_executor.py for tasks to queue
[2023-04-02 18:18:51,712] {logging_mixin.py:115} INFO - [2023-04-02 18:18:51,712] {dagbag.py:507} INFO - Filling up the DagBag from /home/airflow/.local/lib/python3.7/site-packages/airflow/example_dags/example_kubernetes_executor.py
[2023-04-02 18:18:51,741] {processor.py:651} INFO - DAG(s) dict_keys(['example_kubernetes_executor']) retrieved from /home/airflow/.local/lib/python3.7/site-packages/airflow/example_dags/example_kubernetes_executor.py
[2023-04-02 18:18:51,771] {logging_mixin.py:115} INFO - [2023-04-02 18:18:51,771] {dag.py:2371} INFO - Sync 1 DAGs
[2023-04-02 18:18:51,799] {logging_mixin.py:115} INFO - [2023-04-02 18:18:51,799] {dag.py:2919} INFO - Setting next_dagrun for example_kubernetes_executor to None, run_after=None
[2023-04-02 18:18:51,821] {processor.py:161} INFO - Processing /home/airflow/.local/lib/python3.7/site-packages/airflow/example_dags/example_kubernetes_executor.py took 0.115 seconds
[2023-04-02 18:19:22,003] {processor.py:153} INFO - Started process (PID=2882) to work on /home/airflow/.local/lib/python3.7/site-packages/airflow/example_dags/example_kubernetes_executor.py
[2023-04-02 18:19:22,004] {processor.py:641} INFO - Processing file /home/airflow/.local/lib/python3.7/site-packages/airflow/example_dags/example_kubernetes_executor.py for tasks to queue
[2023-04-02 18:19:22,005] {logging_mixin.py:115} INFO - [2023-04-02 18:19:22,005] {dagbag.py:507} INFO - Filling up the DagBag from /home/airflow/.local/lib/python3.7/site-packages/airflow/example_dags/example_kubernetes_executor.py
[2023-04-02 18:19:22,033] {processor.py:651} INFO - DAG(s) dict_keys(['example_kubernetes_executor']) retrieved from /home/airflow/.local/lib/python3.7/site-packages/airflow/example_dags/example_kubernetes_executor.py
[2023-04-02 18:19:22,061] {logging_mixin.py:115} INFO - [2023-04-02 18:19:22,061] {dag.py:2371} INFO - Sync 1 DAGs
[2023-04-02 18:19:22,083] {logging_mixin.py:115} INFO - [2023-04-02 18:19:22,083] {dag.py:2919} INFO - Setting next_dagrun for example_kubernetes_executor to None, run_after=None
[2023-04-02 18:19:22,095] {processor.py:161} INFO - Processing /home/airflow/.local/lib/python3.7/site-packages/airflow/example_dags/example_kubernetes_executor.py took 0.096 seconds
[2023-04-02 18:19:52,354] {processor.py:153} INFO - Started process (PID=2945) to work on /home/airflow/.local/lib/python3.7/site-packages/airflow/example_dags/example_kubernetes_executor.py
[2023-04-02 18:19:52,355] {processor.py:641} INFO - Processing file /home/airflow/.local/lib/python3.7/site-packages/airflow/example_dags/example_kubernetes_executor.py for tasks to queue
[2023-04-02 18:19:52,356] {logging_mixin.py:115} INFO - [2023-04-02 18:19:52,356] {dagbag.py:507} INFO - Filling up the DagBag from /home/airflow/.local/lib/python3.7/site-packages/airflow/example_dags/example_kubernetes_executor.py
[2023-04-02 18:19:52,387] {processor.py:651} INFO - DAG(s) dict_keys(['example_kubernetes_executor']) retrieved from /home/airflow/.local/lib/python3.7/site-packages/airflow/example_dags/example_kubernetes_executor.py
[2023-04-02 18:19:52,415] {logging_mixin.py:115} INFO - [2023-04-02 18:19:52,415] {dag.py:2371} INFO - Sync 1 DAGs
[2023-04-02 18:19:52,438] {logging_mixin.py:115} INFO - [2023-04-02 18:19:52,438] {dag.py:2919} INFO - Setting next_dagrun for example_kubernetes_executor to None, run_after=None
[2023-04-02 18:19:52,451] {processor.py:161} INFO - Processing /home/airflow/.local/lib/python3.7/site-packages/airflow/example_dags/example_kubernetes_executor.py took 0.101 seconds
[2023-04-02 18:20:22,546] {processor.py:153} INFO - Started process (PID=3006) to work on /home/airflow/.local/lib/python3.7/site-packages/airflow/example_dags/example_kubernetes_executor.py
[2023-04-02 18:20:22,547] {processor.py:641} INFO - Processing file /home/airflow/.local/lib/python3.7/site-packages/airflow/example_dags/example_kubernetes_executor.py for tasks to queue
[2023-04-02 18:20:22,548] {logging_mixin.py:115} INFO - [2023-04-02 18:20:22,548] {dagbag.py:507} INFO - Filling up the DagBag from /home/airflow/.local/lib/python3.7/site-packages/airflow/example_dags/example_kubernetes_executor.py
[2023-04-02 18:20:22,578] {processor.py:651} INFO - DAG(s) dict_keys(['example_kubernetes_executor']) retrieved from /home/airflow/.local/lib/python3.7/site-packages/airflow/example_dags/example_kubernetes_executor.py
[2023-04-02 18:20:22,606] {logging_mixin.py:115} INFO - [2023-04-02 18:20:22,606] {dag.py:2371} INFO - Sync 1 DAGs
[2023-04-02 18:20:22,630] {logging_mixin.py:115} INFO - [2023-04-02 18:20:22,630] {dag.py:2919} INFO - Setting next_dagrun for example_kubernetes_executor to None, run_after=None
[2023-04-02 18:20:22,642] {processor.py:161} INFO - Processing /home/airflow/.local/lib/python3.7/site-packages/airflow/example_dags/example_kubernetes_executor.py took 0.100 seconds
[2023-04-02 18:20:52,775] {processor.py:153} INFO - Started process (PID=3062) to work on /home/airflow/.local/lib/python3.7/site-packages/airflow/example_dags/example_kubernetes_executor.py
[2023-04-02 18:20:52,776] {processor.py:641} INFO - Processing file /home/airflow/.local/lib/python3.7/site-packages/airflow/example_dags/example_kubernetes_executor.py for tasks to queue
[2023-04-02 18:20:52,777] {logging_mixin.py:115} INFO - [2023-04-02 18:20:52,777] {dagbag.py:507} INFO - Filling up the DagBag from /home/airflow/.local/lib/python3.7/site-packages/airflow/example_dags/example_kubernetes_executor.py
[2023-04-02 18:20:52,806] {processor.py:651} INFO - DAG(s) dict_keys(['example_kubernetes_executor']) retrieved from /home/airflow/.local/lib/python3.7/site-packages/airflow/example_dags/example_kubernetes_executor.py
[2023-04-02 18:20:52,844] {logging_mixin.py:115} INFO - [2023-04-02 18:20:52,844] {dag.py:2371} INFO - Sync 1 DAGs
[2023-04-02 18:20:52,876] {logging_mixin.py:115} INFO - [2023-04-02 18:20:52,876] {dag.py:2919} INFO - Setting next_dagrun for example_kubernetes_executor to None, run_after=None
[2023-04-02 18:20:52,891] {processor.py:161} INFO - Processing /home/airflow/.local/lib/python3.7/site-packages/airflow/example_dags/example_kubernetes_executor.py took 0.120 seconds
[2023-04-02 18:21:23,365] {processor.py:153} INFO - Started process (PID=3125) to work on /home/airflow/.local/lib/python3.7/site-packages/airflow/example_dags/example_kubernetes_executor.py
[2023-04-02 18:21:23,367] {processor.py:641} INFO - Processing file /home/airflow/.local/lib/python3.7/site-packages/airflow/example_dags/example_kubernetes_executor.py for tasks to queue
[2023-04-02 18:21:23,368] {logging_mixin.py:115} INFO - [2023-04-02 18:21:23,368] {dagbag.py:507} INFO - Filling up the DagBag from /home/airflow/.local/lib/python3.7/site-packages/airflow/example_dags/example_kubernetes_executor.py
[2023-04-02 18:21:23,396] {processor.py:651} INFO - DAG(s) dict_keys(['example_kubernetes_executor']) retrieved from /home/airflow/.local/lib/python3.7/site-packages/airflow/example_dags/example_kubernetes_executor.py
[2023-04-02 18:21:23,425] {logging_mixin.py:115} INFO - [2023-04-02 18:21:23,425] {dag.py:2371} INFO - Sync 1 DAGs
[2023-04-02 18:21:23,448] {logging_mixin.py:115} INFO - [2023-04-02 18:21:23,448] {dag.py:2919} INFO - Setting next_dagrun for example_kubernetes_executor to None, run_after=None
[2023-04-02 18:21:23,460] {processor.py:161} INFO - Processing /home/airflow/.local/lib/python3.7/site-packages/airflow/example_dags/example_kubernetes_executor.py took 0.099 seconds
[2023-04-02 18:21:53,747] {processor.py:153} INFO - Started process (PID=3188) to work on /home/airflow/.local/lib/python3.7/site-packages/airflow/example_dags/example_kubernetes_executor.py
[2023-04-02 18:21:53,749] {processor.py:641} INFO - Processing file /home/airflow/.local/lib/python3.7/site-packages/airflow/example_dags/example_kubernetes_executor.py for tasks to queue
[2023-04-02 18:21:53,750] {logging_mixin.py:115} INFO - [2023-04-02 18:21:53,750] {dagbag.py:507} INFO - Filling up the DagBag from /home/airflow/.local/lib/python3.7/site-packages/airflow/example_dags/example_kubernetes_executor.py
[2023-04-02 18:21:53,780] {processor.py:651} INFO - DAG(s) dict_keys(['example_kubernetes_executor']) retrieved from /home/airflow/.local/lib/python3.7/site-packages/airflow/example_dags/example_kubernetes_executor.py
[2023-04-02 18:21:53,809] {logging_mixin.py:115} INFO - [2023-04-02 18:21:53,809] {dag.py:2371} INFO - Sync 1 DAGs
[2023-04-02 18:21:53,832] {logging_mixin.py:115} INFO - [2023-04-02 18:21:53,832] {dag.py:2919} INFO - Setting next_dagrun for example_kubernetes_executor to None, run_after=None
[2023-04-02 18:21:53,847] {processor.py:161} INFO - Processing /home/airflow/.local/lib/python3.7/site-packages/airflow/example_dags/example_kubernetes_executor.py took 0.104 seconds
[2023-04-02 18:22:24,203] {processor.py:153} INFO - Started process (PID=3242) to work on /home/airflow/.local/lib/python3.7/site-packages/airflow/example_dags/example_kubernetes_executor.py
[2023-04-02 18:22:24,205] {processor.py:641} INFO - Processing file /home/airflow/.local/lib/python3.7/site-packages/airflow/example_dags/example_kubernetes_executor.py for tasks to queue
[2023-04-02 18:22:24,207] {logging_mixin.py:115} INFO - [2023-04-02 18:22:24,206] {dagbag.py:507} INFO - Filling up the DagBag from /home/airflow/.local/lib/python3.7/site-packages/airflow/example_dags/example_kubernetes_executor.py
[2023-04-02 18:22:24,249] {processor.py:651} INFO - DAG(s) dict_keys(['example_kubernetes_executor']) retrieved from /home/airflow/.local/lib/python3.7/site-packages/airflow/example_dags/example_kubernetes_executor.py
[2023-04-02 18:22:24,281] {logging_mixin.py:115} INFO - [2023-04-02 18:22:24,281] {dag.py:2371} INFO - Sync 1 DAGs
[2023-04-02 18:22:24,304] {logging_mixin.py:115} INFO - [2023-04-02 18:22:24,304] {dag.py:2919} INFO - Setting next_dagrun for example_kubernetes_executor to None, run_after=None
[2023-04-02 18:22:24,317] {processor.py:161} INFO - Processing /home/airflow/.local/lib/python3.7/site-packages/airflow/example_dags/example_kubernetes_executor.py took 0.120 seconds
[2023-04-02 18:22:54,496] {processor.py:153} INFO - Started process (PID=3305) to work on /home/airflow/.local/lib/python3.7/site-packages/airflow/example_dags/example_kubernetes_executor.py
[2023-04-02 18:22:54,498] {processor.py:641} INFO - Processing file /home/airflow/.local/lib/python3.7/site-packages/airflow/example_dags/example_kubernetes_executor.py for tasks to queue
[2023-04-02 18:22:54,499] {logging_mixin.py:115} INFO - [2023-04-02 18:22:54,499] {dagbag.py:507} INFO - Filling up the DagBag from /home/airflow/.local/lib/python3.7/site-packages/airflow/example_dags/example_kubernetes_executor.py
[2023-04-02 18:22:54,530] {processor.py:651} INFO - DAG(s) dict_keys(['example_kubernetes_executor']) retrieved from /home/airflow/.local/lib/python3.7/site-packages/airflow/example_dags/example_kubernetes_executor.py
[2023-04-02 18:22:54,560] {logging_mixin.py:115} INFO - [2023-04-02 18:22:54,560] {dag.py:2371} INFO - Sync 1 DAGs
[2023-04-02 18:22:54,584] {logging_mixin.py:115} INFO - [2023-04-02 18:22:54,584] {dag.py:2919} INFO - Setting next_dagrun for example_kubernetes_executor to None, run_after=None
[2023-04-02 18:22:54,598] {processor.py:161} INFO - Processing /home/airflow/.local/lib/python3.7/site-packages/airflow/example_dags/example_kubernetes_executor.py took 0.105 seconds
[2023-04-02 18:23:24,773] {processor.py:153} INFO - Started process (PID=3368) to work on /home/airflow/.local/lib/python3.7/site-packages/airflow/example_dags/example_kubernetes_executor.py
[2023-04-02 18:23:24,774] {processor.py:641} INFO - Processing file /home/airflow/.local/lib/python3.7/site-packages/airflow/example_dags/example_kubernetes_executor.py for tasks to queue
[2023-04-02 18:23:24,775] {logging_mixin.py:115} INFO - [2023-04-02 18:23:24,775] {dagbag.py:507} INFO - Filling up the DagBag from /home/airflow/.local/lib/python3.7/site-packages/airflow/example_dags/example_kubernetes_executor.py
[2023-04-02 18:23:24,803] {processor.py:651} INFO - DAG(s) dict_keys(['example_kubernetes_executor']) retrieved from /home/airflow/.local/lib/python3.7/site-packages/airflow/example_dags/example_kubernetes_executor.py
[2023-04-02 18:23:24,832] {logging_mixin.py:115} INFO - [2023-04-02 18:23:24,832] {dag.py:2371} INFO - Sync 1 DAGs
[2023-04-02 18:23:24,855] {logging_mixin.py:115} INFO - [2023-04-02 18:23:24,855] {dag.py:2919} INFO - Setting next_dagrun for example_kubernetes_executor to None, run_after=None
[2023-04-02 18:23:24,867] {processor.py:161} INFO - Processing /home/airflow/.local/lib/python3.7/site-packages/airflow/example_dags/example_kubernetes_executor.py took 0.098 seconds
