[2023-04-02 17:55:21,861] {processor.py:153} INFO - Started process (PID=47) to work on /home/airflow/.local/lib/python3.7/site-packages/airflow/example_dags/example_branch_datetime_operator.py
[2023-04-02 17:55:21,863] {processor.py:641} INFO - Processing file /home/airflow/.local/lib/python3.7/site-packages/airflow/example_dags/example_branch_datetime_operator.py for tasks to queue
[2023-04-02 17:55:21,865] {logging_mixin.py:115} INFO - [2023-04-02 17:55:21,865] {dagbag.py:507} INFO - Filling up the DagBag from /home/airflow/.local/lib/python3.7/site-packages/airflow/example_dags/example_branch_datetime_operator.py
[2023-04-02 17:55:21,889] {processor.py:651} INFO - DAG(s) dict_keys(['example_branch_datetime_operator_2']) retrieved from /home/airflow/.local/lib/python3.7/site-packages/airflow/example_dags/example_branch_datetime_operator.py
[2023-04-02 17:55:22,241] {logging_mixin.py:115} INFO - [2023-04-02 17:55:22,241] {manager.py:508} INFO - Created Permission View: can edit on DAG:example_branch_datetime_operator_2
[2023-04-02 17:55:22,265] {logging_mixin.py:115} INFO - [2023-04-02 17:55:22,265] {manager.py:508} INFO - Created Permission View: can delete on DAG:example_branch_datetime_operator_2
[2023-04-02 17:55:22,285] {logging_mixin.py:115} INFO - [2023-04-02 17:55:22,285] {manager.py:508} INFO - Created Permission View: can read on DAG:example_branch_datetime_operator_2
[2023-04-02 17:55:22,286] {logging_mixin.py:115} INFO - [2023-04-02 17:55:22,286] {dag.py:2371} INFO - Sync 1 DAGs
[2023-04-02 17:55:22,299] {logging_mixin.py:115} INFO - [2023-04-02 17:55:22,299] {dag.py:2390} INFO - Creating ORM DAG for example_branch_datetime_operator_2
[2023-04-02 17:55:22,326] {logging_mixin.py:115} INFO - [2023-04-02 17:55:22,325] {dag.py:2919} INFO - Setting next_dagrun for example_branch_datetime_operator_2 to 2023-04-01T00:00:00+00:00, run_after=2023-04-02T00:00:00+00:00
[2023-04-02 17:55:22,363] {processor.py:161} INFO - Processing /home/airflow/.local/lib/python3.7/site-packages/airflow/example_dags/example_branch_datetime_operator.py took 0.506 seconds
[2023-04-02 17:55:52,703] {processor.py:153} INFO - Started process (PID=99) to work on /home/airflow/.local/lib/python3.7/site-packages/airflow/example_dags/example_branch_datetime_operator.py
[2023-04-02 17:55:52,705] {processor.py:641} INFO - Processing file /home/airflow/.local/lib/python3.7/site-packages/airflow/example_dags/example_branch_datetime_operator.py for tasks to queue
[2023-04-02 17:55:52,706] {logging_mixin.py:115} INFO - [2023-04-02 17:55:52,706] {dagbag.py:507} INFO - Filling up the DagBag from /home/airflow/.local/lib/python3.7/site-packages/airflow/example_dags/example_branch_datetime_operator.py
[2023-04-02 17:55:52,716] {processor.py:651} INFO - DAG(s) dict_keys(['example_branch_datetime_operator_2']) retrieved from /home/airflow/.local/lib/python3.7/site-packages/airflow/example_dags/example_branch_datetime_operator.py
[2023-04-02 17:55:52,745] {logging_mixin.py:115} INFO - [2023-04-02 17:55:52,745] {dag.py:2371} INFO - Sync 1 DAGs
[2023-04-02 17:55:52,770] {logging_mixin.py:115} INFO - [2023-04-02 17:55:52,770] {dag.py:2919} INFO - Setting next_dagrun for example_branch_datetime_operator_2 to 2023-04-01T00:00:00+00:00, run_after=2023-04-02T00:00:00+00:00
[2023-04-02 17:55:52,784] {processor.py:161} INFO - Processing /home/airflow/.local/lib/python3.7/site-packages/airflow/example_dags/example_branch_datetime_operator.py took 0.084 seconds
[2023-04-02 17:56:22,870] {processor.py:153} INFO - Started process (PID=160) to work on /home/airflow/.local/lib/python3.7/site-packages/airflow/example_dags/example_branch_datetime_operator.py
[2023-04-02 17:56:22,872] {processor.py:641} INFO - Processing file /home/airflow/.local/lib/python3.7/site-packages/airflow/example_dags/example_branch_datetime_operator.py for tasks to queue
[2023-04-02 17:56:22,873] {logging_mixin.py:115} INFO - [2023-04-02 17:56:22,873] {dagbag.py:507} INFO - Filling up the DagBag from /home/airflow/.local/lib/python3.7/site-packages/airflow/example_dags/example_branch_datetime_operator.py
[2023-04-02 17:56:22,888] {processor.py:651} INFO - DAG(s) dict_keys(['example_branch_datetime_operator_2']) retrieved from /home/airflow/.local/lib/python3.7/site-packages/airflow/example_dags/example_branch_datetime_operator.py
[2023-04-02 17:56:22,917] {logging_mixin.py:115} INFO - [2023-04-02 17:56:22,917] {dag.py:2371} INFO - Sync 1 DAGs
[2023-04-02 17:56:22,942] {logging_mixin.py:115} INFO - [2023-04-02 17:56:22,942] {dag.py:2919} INFO - Setting next_dagrun for example_branch_datetime_operator_2 to 2023-04-01T00:00:00+00:00, run_after=2023-04-02T00:00:00+00:00
[2023-04-02 17:56:22,956] {processor.py:161} INFO - Processing /home/airflow/.local/lib/python3.7/site-packages/airflow/example_dags/example_branch_datetime_operator.py took 0.091 seconds
[2023-04-02 17:56:53,584] {processor.py:153} INFO - Started process (PID=221) to work on /home/airflow/.local/lib/python3.7/site-packages/airflow/example_dags/example_branch_datetime_operator.py
[2023-04-02 17:56:53,586] {processor.py:641} INFO - Processing file /home/airflow/.local/lib/python3.7/site-packages/airflow/example_dags/example_branch_datetime_operator.py for tasks to queue
[2023-04-02 17:56:53,587] {logging_mixin.py:115} INFO - [2023-04-02 17:56:53,587] {dagbag.py:507} INFO - Filling up the DagBag from /home/airflow/.local/lib/python3.7/site-packages/airflow/example_dags/example_branch_datetime_operator.py
[2023-04-02 17:56:53,596] {processor.py:651} INFO - DAG(s) dict_keys(['example_branch_datetime_operator_2']) retrieved from /home/airflow/.local/lib/python3.7/site-packages/airflow/example_dags/example_branch_datetime_operator.py
[2023-04-02 17:56:53,624] {logging_mixin.py:115} INFO - [2023-04-02 17:56:53,624] {dag.py:2371} INFO - Sync 1 DAGs
[2023-04-02 17:56:53,647] {logging_mixin.py:115} INFO - [2023-04-02 17:56:53,647] {dag.py:2919} INFO - Setting next_dagrun for example_branch_datetime_operator_2 to 2023-04-01T00:00:00+00:00, run_after=2023-04-02T00:00:00+00:00
[2023-04-02 17:56:53,661] {processor.py:161} INFO - Processing /home/airflow/.local/lib/python3.7/site-packages/airflow/example_dags/example_branch_datetime_operator.py took 0.081 seconds
[2023-04-02 17:57:24,479] {processor.py:153} INFO - Started process (PID=273) to work on /home/airflow/.local/lib/python3.7/site-packages/airflow/example_dags/example_branch_datetime_operator.py
[2023-04-02 17:57:24,481] {processor.py:641} INFO - Processing file /home/airflow/.local/lib/python3.7/site-packages/airflow/example_dags/example_branch_datetime_operator.py for tasks to queue
[2023-04-02 17:57:24,482] {logging_mixin.py:115} INFO - [2023-04-02 17:57:24,482] {dagbag.py:507} INFO - Filling up the DagBag from /home/airflow/.local/lib/python3.7/site-packages/airflow/example_dags/example_branch_datetime_operator.py
[2023-04-02 17:57:24,494] {processor.py:651} INFO - DAG(s) dict_keys(['example_branch_datetime_operator_2']) retrieved from /home/airflow/.local/lib/python3.7/site-packages/airflow/example_dags/example_branch_datetime_operator.py
[2023-04-02 17:57:24,522] {logging_mixin.py:115} INFO - [2023-04-02 17:57:24,522] {dag.py:2371} INFO - Sync 1 DAGs
[2023-04-02 17:57:24,546] {logging_mixin.py:115} INFO - [2023-04-02 17:57:24,546] {dag.py:2919} INFO - Setting next_dagrun for example_branch_datetime_operator_2 to 2023-04-01T00:00:00+00:00, run_after=2023-04-02T00:00:00+00:00
[2023-04-02 17:57:24,560] {processor.py:161} INFO - Processing /home/airflow/.local/lib/python3.7/site-packages/airflow/example_dags/example_branch_datetime_operator.py took 0.085 seconds
[2023-04-02 17:57:54,665] {processor.py:153} INFO - Started process (PID=334) to work on /home/airflow/.local/lib/python3.7/site-packages/airflow/example_dags/example_branch_datetime_operator.py
[2023-04-02 17:57:54,667] {processor.py:641} INFO - Processing file /home/airflow/.local/lib/python3.7/site-packages/airflow/example_dags/example_branch_datetime_operator.py for tasks to queue
[2023-04-02 17:57:54,668] {logging_mixin.py:115} INFO - [2023-04-02 17:57:54,668] {dagbag.py:507} INFO - Filling up the DagBag from /home/airflow/.local/lib/python3.7/site-packages/airflow/example_dags/example_branch_datetime_operator.py
[2023-04-02 17:57:54,679] {processor.py:651} INFO - DAG(s) dict_keys(['example_branch_datetime_operator_2']) retrieved from /home/airflow/.local/lib/python3.7/site-packages/airflow/example_dags/example_branch_datetime_operator.py
[2023-04-02 17:57:54,709] {logging_mixin.py:115} INFO - [2023-04-02 17:57:54,708] {dag.py:2371} INFO - Sync 1 DAGs
[2023-04-02 17:57:54,733] {logging_mixin.py:115} INFO - [2023-04-02 17:57:54,733] {dag.py:2919} INFO - Setting next_dagrun for example_branch_datetime_operator_2 to 2023-04-01T00:00:00+00:00, run_after=2023-04-02T00:00:00+00:00
[2023-04-02 17:57:54,748] {processor.py:161} INFO - Processing /home/airflow/.local/lib/python3.7/site-packages/airflow/example_dags/example_branch_datetime_operator.py took 0.087 seconds
[2023-04-02 17:58:24,819] {processor.py:153} INFO - Started process (PID=395) to work on /home/airflow/.local/lib/python3.7/site-packages/airflow/example_dags/example_branch_datetime_operator.py
[2023-04-02 17:58:24,821] {processor.py:641} INFO - Processing file /home/airflow/.local/lib/python3.7/site-packages/airflow/example_dags/example_branch_datetime_operator.py for tasks to queue
[2023-04-02 17:58:24,822] {logging_mixin.py:115} INFO - [2023-04-02 17:58:24,822] {dagbag.py:507} INFO - Filling up the DagBag from /home/airflow/.local/lib/python3.7/site-packages/airflow/example_dags/example_branch_datetime_operator.py
[2023-04-02 17:58:24,832] {processor.py:651} INFO - DAG(s) dict_keys(['example_branch_datetime_operator_2']) retrieved from /home/airflow/.local/lib/python3.7/site-packages/airflow/example_dags/example_branch_datetime_operator.py
[2023-04-02 17:58:24,861] {logging_mixin.py:115} INFO - [2023-04-02 17:58:24,861] {dag.py:2371} INFO - Sync 1 DAGs
[2023-04-02 17:58:24,886] {logging_mixin.py:115} INFO - [2023-04-02 17:58:24,886] {dag.py:2919} INFO - Setting next_dagrun for example_branch_datetime_operator_2 to 2023-04-01T00:00:00+00:00, run_after=2023-04-02T00:00:00+00:00
[2023-04-02 17:58:24,900] {processor.py:161} INFO - Processing /home/airflow/.local/lib/python3.7/site-packages/airflow/example_dags/example_branch_datetime_operator.py took 0.084 seconds
[2023-04-02 17:58:54,940] {processor.py:153} INFO - Started process (PID=447) to work on /home/airflow/.local/lib/python3.7/site-packages/airflow/example_dags/example_branch_datetime_operator.py
[2023-04-02 17:58:54,941] {processor.py:641} INFO - Processing file /home/airflow/.local/lib/python3.7/site-packages/airflow/example_dags/example_branch_datetime_operator.py for tasks to queue
[2023-04-02 17:58:54,942] {logging_mixin.py:115} INFO - [2023-04-02 17:58:54,942] {dagbag.py:507} INFO - Filling up the DagBag from /home/airflow/.local/lib/python3.7/site-packages/airflow/example_dags/example_branch_datetime_operator.py
[2023-04-02 17:58:54,952] {processor.py:651} INFO - DAG(s) dict_keys(['example_branch_datetime_operator_2']) retrieved from /home/airflow/.local/lib/python3.7/site-packages/airflow/example_dags/example_branch_datetime_operator.py
[2023-04-02 17:58:54,980] {logging_mixin.py:115} INFO - [2023-04-02 17:58:54,980] {dag.py:2371} INFO - Sync 1 DAGs
[2023-04-02 17:58:55,006] {logging_mixin.py:115} INFO - [2023-04-02 17:58:55,006] {dag.py:2919} INFO - Setting next_dagrun for example_branch_datetime_operator_2 to 2023-04-01T00:00:00+00:00, run_after=2023-04-02T00:00:00+00:00
[2023-04-02 17:58:55,020] {processor.py:161} INFO - Processing /home/airflow/.local/lib/python3.7/site-packages/airflow/example_dags/example_branch_datetime_operator.py took 0.084 seconds
[2023-04-02 17:59:25,915] {processor.py:153} INFO - Started process (PID=509) to work on /home/airflow/.local/lib/python3.7/site-packages/airflow/example_dags/example_branch_datetime_operator.py
[2023-04-02 17:59:25,916] {processor.py:641} INFO - Processing file /home/airflow/.local/lib/python3.7/site-packages/airflow/example_dags/example_branch_datetime_operator.py for tasks to queue
[2023-04-02 17:59:25,917] {logging_mixin.py:115} INFO - [2023-04-02 17:59:25,917] {dagbag.py:507} INFO - Filling up the DagBag from /home/airflow/.local/lib/python3.7/site-packages/airflow/example_dags/example_branch_datetime_operator.py
[2023-04-02 17:59:25,927] {processor.py:651} INFO - DAG(s) dict_keys(['example_branch_datetime_operator_2']) retrieved from /home/airflow/.local/lib/python3.7/site-packages/airflow/example_dags/example_branch_datetime_operator.py
[2023-04-02 17:59:25,955] {logging_mixin.py:115} INFO - [2023-04-02 17:59:25,954] {dag.py:2371} INFO - Sync 1 DAGs
[2023-04-02 17:59:25,980] {logging_mixin.py:115} INFO - [2023-04-02 17:59:25,980] {dag.py:2919} INFO - Setting next_dagrun for example_branch_datetime_operator_2 to 2023-04-01T00:00:00+00:00, run_after=2023-04-02T00:00:00+00:00
[2023-04-02 17:59:25,994] {processor.py:161} INFO - Processing /home/airflow/.local/lib/python3.7/site-packages/airflow/example_dags/example_branch_datetime_operator.py took 0.083 seconds
[2023-04-02 17:59:56,231] {processor.py:153} INFO - Started process (PID=570) to work on /home/airflow/.local/lib/python3.7/site-packages/airflow/example_dags/example_branch_datetime_operator.py
[2023-04-02 17:59:56,232] {processor.py:641} INFO - Processing file /home/airflow/.local/lib/python3.7/site-packages/airflow/example_dags/example_branch_datetime_operator.py for tasks to queue
[2023-04-02 17:59:56,233] {logging_mixin.py:115} INFO - [2023-04-02 17:59:56,233] {dagbag.py:507} INFO - Filling up the DagBag from /home/airflow/.local/lib/python3.7/site-packages/airflow/example_dags/example_branch_datetime_operator.py
[2023-04-02 17:59:56,243] {processor.py:651} INFO - DAG(s) dict_keys(['example_branch_datetime_operator_2']) retrieved from /home/airflow/.local/lib/python3.7/site-packages/airflow/example_dags/example_branch_datetime_operator.py
[2023-04-02 17:59:56,271] {logging_mixin.py:115} INFO - [2023-04-02 17:59:56,271] {dag.py:2371} INFO - Sync 1 DAGs
[2023-04-02 17:59:56,295] {logging_mixin.py:115} INFO - [2023-04-02 17:59:56,295] {dag.py:2919} INFO - Setting next_dagrun for example_branch_datetime_operator_2 to 2023-04-01T00:00:00+00:00, run_after=2023-04-02T00:00:00+00:00
[2023-04-02 17:59:56,308] {processor.py:161} INFO - Processing /home/airflow/.local/lib/python3.7/site-packages/airflow/example_dags/example_branch_datetime_operator.py took 0.082 seconds
[2023-04-02 18:00:26,885] {processor.py:153} INFO - Started process (PID=631) to work on /home/airflow/.local/lib/python3.7/site-packages/airflow/example_dags/example_branch_datetime_operator.py
[2023-04-02 18:00:26,886] {processor.py:641} INFO - Processing file /home/airflow/.local/lib/python3.7/site-packages/airflow/example_dags/example_branch_datetime_operator.py for tasks to queue
[2023-04-02 18:00:26,887] {logging_mixin.py:115} INFO - [2023-04-02 18:00:26,887] {dagbag.py:507} INFO - Filling up the DagBag from /home/airflow/.local/lib/python3.7/site-packages/airflow/example_dags/example_branch_datetime_operator.py
[2023-04-02 18:00:26,897] {processor.py:651} INFO - DAG(s) dict_keys(['example_branch_datetime_operator_2']) retrieved from /home/airflow/.local/lib/python3.7/site-packages/airflow/example_dags/example_branch_datetime_operator.py
[2023-04-02 18:00:26,928] {logging_mixin.py:115} INFO - [2023-04-02 18:00:26,928] {dag.py:2371} INFO - Sync 1 DAGs
[2023-04-02 18:00:26,956] {logging_mixin.py:115} INFO - [2023-04-02 18:00:26,956] {dag.py:2919} INFO - Setting next_dagrun for example_branch_datetime_operator_2 to 2023-04-01T00:00:00+00:00, run_after=2023-04-02T00:00:00+00:00
[2023-04-02 18:00:27,091] {processor.py:161} INFO - Processing /home/airflow/.local/lib/python3.7/site-packages/airflow/example_dags/example_branch_datetime_operator.py took 0.211 seconds
[2023-04-02 18:00:57,599] {processor.py:153} INFO - Started process (PID=687) to work on /home/airflow/.local/lib/python3.7/site-packages/airflow/example_dags/example_branch_datetime_operator.py
[2023-04-02 18:00:57,600] {processor.py:641} INFO - Processing file /home/airflow/.local/lib/python3.7/site-packages/airflow/example_dags/example_branch_datetime_operator.py for tasks to queue
[2023-04-02 18:00:57,602] {logging_mixin.py:115} INFO - [2023-04-02 18:00:57,601] {dagbag.py:507} INFO - Filling up the DagBag from /home/airflow/.local/lib/python3.7/site-packages/airflow/example_dags/example_branch_datetime_operator.py
[2023-04-02 18:00:57,611] {processor.py:651} INFO - DAG(s) dict_keys(['example_branch_datetime_operator_2']) retrieved from /home/airflow/.local/lib/python3.7/site-packages/airflow/example_dags/example_branch_datetime_operator.py
[2023-04-02 18:00:57,641] {logging_mixin.py:115} INFO - [2023-04-02 18:00:57,641] {dag.py:2371} INFO - Sync 1 DAGs
[2023-04-02 18:00:57,668] {logging_mixin.py:115} INFO - [2023-04-02 18:00:57,668] {dag.py:2919} INFO - Setting next_dagrun for example_branch_datetime_operator_2 to 2023-04-01T00:00:00+00:00, run_after=2023-04-02T00:00:00+00:00
[2023-04-02 18:00:57,798] {processor.py:161} INFO - Processing /home/airflow/.local/lib/python3.7/site-packages/airflow/example_dags/example_branch_datetime_operator.py took 0.202 seconds
[2023-04-02 18:01:27,954] {processor.py:153} INFO - Started process (PID=754) to work on /home/airflow/.local/lib/python3.7/site-packages/airflow/example_dags/example_branch_datetime_operator.py
[2023-04-02 18:01:27,955] {processor.py:641} INFO - Processing file /home/airflow/.local/lib/python3.7/site-packages/airflow/example_dags/example_branch_datetime_operator.py for tasks to queue
[2023-04-02 18:01:27,957] {logging_mixin.py:115} INFO - [2023-04-02 18:01:27,957] {dagbag.py:507} INFO - Filling up the DagBag from /home/airflow/.local/lib/python3.7/site-packages/airflow/example_dags/example_branch_datetime_operator.py
[2023-04-02 18:01:27,967] {processor.py:651} INFO - DAG(s) dict_keys(['example_branch_datetime_operator_2']) retrieved from /home/airflow/.local/lib/python3.7/site-packages/airflow/example_dags/example_branch_datetime_operator.py
[2023-04-02 18:01:27,995] {logging_mixin.py:115} INFO - [2023-04-02 18:01:27,995] {dag.py:2371} INFO - Sync 1 DAGs
[2023-04-02 18:01:28,023] {logging_mixin.py:115} INFO - [2023-04-02 18:01:28,023] {dag.py:2919} INFO - Setting next_dagrun for example_branch_datetime_operator_2 to 2023-04-01T00:00:00+00:00, run_after=2023-04-02T00:00:00+00:00
[2023-04-02 18:01:28,155] {processor.py:161} INFO - Processing /home/airflow/.local/lib/python3.7/site-packages/airflow/example_dags/example_branch_datetime_operator.py took 0.206 seconds
[2023-04-02 18:01:58,379] {processor.py:153} INFO - Started process (PID=817) to work on /home/airflow/.local/lib/python3.7/site-packages/airflow/example_dags/example_branch_datetime_operator.py
[2023-04-02 18:01:58,381] {processor.py:641} INFO - Processing file /home/airflow/.local/lib/python3.7/site-packages/airflow/example_dags/example_branch_datetime_operator.py for tasks to queue
[2023-04-02 18:01:58,382] {logging_mixin.py:115} INFO - [2023-04-02 18:01:58,382] {dagbag.py:507} INFO - Filling up the DagBag from /home/airflow/.local/lib/python3.7/site-packages/airflow/example_dags/example_branch_datetime_operator.py
[2023-04-02 18:01:58,396] {processor.py:651} INFO - DAG(s) dict_keys(['example_branch_datetime_operator_2']) retrieved from /home/airflow/.local/lib/python3.7/site-packages/airflow/example_dags/example_branch_datetime_operator.py
[2023-04-02 18:01:58,437] {logging_mixin.py:115} INFO - [2023-04-02 18:01:58,437] {dag.py:2371} INFO - Sync 1 DAGs
[2023-04-02 18:01:58,474] {logging_mixin.py:115} INFO - [2023-04-02 18:01:58,474] {dag.py:2919} INFO - Setting next_dagrun for example_branch_datetime_operator_2 to 2023-04-01T00:00:00+00:00, run_after=2023-04-02T00:00:00+00:00
[2023-04-02 18:01:58,623] {processor.py:161} INFO - Processing /home/airflow/.local/lib/python3.7/site-packages/airflow/example_dags/example_branch_datetime_operator.py took 0.249 seconds
[2023-04-02 18:02:28,733] {processor.py:153} INFO - Started process (PID=871) to work on /home/airflow/.local/lib/python3.7/site-packages/airflow/example_dags/example_branch_datetime_operator.py
[2023-04-02 18:02:28,734] {processor.py:641} INFO - Processing file /home/airflow/.local/lib/python3.7/site-packages/airflow/example_dags/example_branch_datetime_operator.py for tasks to queue
[2023-04-02 18:02:28,737] {logging_mixin.py:115} INFO - [2023-04-02 18:02:28,736] {dagbag.py:507} INFO - Filling up the DagBag from /home/airflow/.local/lib/python3.7/site-packages/airflow/example_dags/example_branch_datetime_operator.py
[2023-04-02 18:02:28,746] {processor.py:651} INFO - DAG(s) dict_keys(['example_branch_datetime_operator_2']) retrieved from /home/airflow/.local/lib/python3.7/site-packages/airflow/example_dags/example_branch_datetime_operator.py
[2023-04-02 18:02:28,774] {logging_mixin.py:115} INFO - [2023-04-02 18:02:28,774] {dag.py:2371} INFO - Sync 1 DAGs
[2023-04-02 18:02:28,800] {logging_mixin.py:115} INFO - [2023-04-02 18:02:28,800] {dag.py:2919} INFO - Setting next_dagrun for example_branch_datetime_operator_2 to 2023-04-01T00:00:00+00:00, run_after=2023-04-02T00:00:00+00:00
[2023-04-02 18:02:28,929] {processor.py:161} INFO - Processing /home/airflow/.local/lib/python3.7/site-packages/airflow/example_dags/example_branch_datetime_operator.py took 0.200 seconds
[2023-04-02 18:02:59,054] {processor.py:153} INFO - Started process (PID=934) to work on /home/airflow/.local/lib/python3.7/site-packages/airflow/example_dags/example_branch_datetime_operator.py
[2023-04-02 18:02:59,055] {processor.py:641} INFO - Processing file /home/airflow/.local/lib/python3.7/site-packages/airflow/example_dags/example_branch_datetime_operator.py for tasks to queue
[2023-04-02 18:02:59,056] {logging_mixin.py:115} INFO - [2023-04-02 18:02:59,056] {dagbag.py:507} INFO - Filling up the DagBag from /home/airflow/.local/lib/python3.7/site-packages/airflow/example_dags/example_branch_datetime_operator.py
[2023-04-02 18:02:59,065] {processor.py:651} INFO - DAG(s) dict_keys(['example_branch_datetime_operator_2']) retrieved from /home/airflow/.local/lib/python3.7/site-packages/airflow/example_dags/example_branch_datetime_operator.py
[2023-04-02 18:02:59,094] {logging_mixin.py:115} INFO - [2023-04-02 18:02:59,094] {dag.py:2371} INFO - Sync 1 DAGs
[2023-04-02 18:02:59,122] {logging_mixin.py:115} INFO - [2023-04-02 18:02:59,122] {dag.py:2919} INFO - Setting next_dagrun for example_branch_datetime_operator_2 to 2023-04-01T00:00:00+00:00, run_after=2023-04-02T00:00:00+00:00
[2023-04-02 18:02:59,259] {processor.py:161} INFO - Processing /home/airflow/.local/lib/python3.7/site-packages/airflow/example_dags/example_branch_datetime_operator.py took 0.209 seconds
[2023-04-02 18:03:29,585] {processor.py:153} INFO - Started process (PID=997) to work on /home/airflow/.local/lib/python3.7/site-packages/airflow/example_dags/example_branch_datetime_operator.py
[2023-04-02 18:03:29,586] {processor.py:641} INFO - Processing file /home/airflow/.local/lib/python3.7/site-packages/airflow/example_dags/example_branch_datetime_operator.py for tasks to queue
[2023-04-02 18:03:29,587] {logging_mixin.py:115} INFO - [2023-04-02 18:03:29,587] {dagbag.py:507} INFO - Filling up the DagBag from /home/airflow/.local/lib/python3.7/site-packages/airflow/example_dags/example_branch_datetime_operator.py
[2023-04-02 18:03:29,598] {processor.py:651} INFO - DAG(s) dict_keys(['example_branch_datetime_operator_2']) retrieved from /home/airflow/.local/lib/python3.7/site-packages/airflow/example_dags/example_branch_datetime_operator.py
[2023-04-02 18:03:29,629] {logging_mixin.py:115} INFO - [2023-04-02 18:03:29,629] {dag.py:2371} INFO - Sync 1 DAGs
[2023-04-02 18:03:29,658] {logging_mixin.py:115} INFO - [2023-04-02 18:03:29,658] {dag.py:2919} INFO - Setting next_dagrun for example_branch_datetime_operator_2 to 2023-04-01T00:00:00+00:00, run_after=2023-04-02T00:00:00+00:00
[2023-04-02 18:03:29,798] {processor.py:161} INFO - Processing /home/airflow/.local/lib/python3.7/site-packages/airflow/example_dags/example_branch_datetime_operator.py took 0.218 seconds
[2023-04-02 18:04:00,098] {processor.py:153} INFO - Started process (PID=1051) to work on /home/airflow/.local/lib/python3.7/site-packages/airflow/example_dags/example_branch_datetime_operator.py
[2023-04-02 18:04:00,099] {processor.py:641} INFO - Processing file /home/airflow/.local/lib/python3.7/site-packages/airflow/example_dags/example_branch_datetime_operator.py for tasks to queue
[2023-04-02 18:04:00,101] {logging_mixin.py:115} INFO - [2023-04-02 18:04:00,101] {dagbag.py:507} INFO - Filling up the DagBag from /home/airflow/.local/lib/python3.7/site-packages/airflow/example_dags/example_branch_datetime_operator.py
[2023-04-02 18:04:00,110] {processor.py:651} INFO - DAG(s) dict_keys(['example_branch_datetime_operator_2']) retrieved from /home/airflow/.local/lib/python3.7/site-packages/airflow/example_dags/example_branch_datetime_operator.py
[2023-04-02 18:04:00,142] {logging_mixin.py:115} INFO - [2023-04-02 18:04:00,142] {dag.py:2371} INFO - Sync 1 DAGs
[2023-04-02 18:04:00,172] {logging_mixin.py:115} INFO - [2023-04-02 18:04:00,172] {dag.py:2919} INFO - Setting next_dagrun for example_branch_datetime_operator_2 to 2023-04-01T00:00:00+00:00, run_after=2023-04-02T00:00:00+00:00
[2023-04-02 18:04:00,309] {processor.py:161} INFO - Processing /home/airflow/.local/lib/python3.7/site-packages/airflow/example_dags/example_branch_datetime_operator.py took 0.215 seconds
[2023-04-02 18:04:30,775] {processor.py:153} INFO - Started process (PID=1114) to work on /home/airflow/.local/lib/python3.7/site-packages/airflow/example_dags/example_branch_datetime_operator.py
[2023-04-02 18:04:30,777] {processor.py:641} INFO - Processing file /home/airflow/.local/lib/python3.7/site-packages/airflow/example_dags/example_branch_datetime_operator.py for tasks to queue
[2023-04-02 18:04:30,778] {logging_mixin.py:115} INFO - [2023-04-02 18:04:30,778] {dagbag.py:507} INFO - Filling up the DagBag from /home/airflow/.local/lib/python3.7/site-packages/airflow/example_dags/example_branch_datetime_operator.py
[2023-04-02 18:04:30,788] {processor.py:651} INFO - DAG(s) dict_keys(['example_branch_datetime_operator_2']) retrieved from /home/airflow/.local/lib/python3.7/site-packages/airflow/example_dags/example_branch_datetime_operator.py
[2023-04-02 18:04:30,817] {logging_mixin.py:115} INFO - [2023-04-02 18:04:30,817] {dag.py:2371} INFO - Sync 1 DAGs
[2023-04-02 18:04:30,844] {logging_mixin.py:115} INFO - [2023-04-02 18:04:30,844] {dag.py:2919} INFO - Setting next_dagrun for example_branch_datetime_operator_2 to 2023-04-01T00:00:00+00:00, run_after=2023-04-02T00:00:00+00:00
[2023-04-02 18:04:30,965] {processor.py:161} INFO - Processing /home/airflow/.local/lib/python3.7/site-packages/airflow/example_dags/example_branch_datetime_operator.py took 0.196 seconds
[2023-04-02 18:05:01,459] {processor.py:153} INFO - Started process (PID=1177) to work on /home/airflow/.local/lib/python3.7/site-packages/airflow/example_dags/example_branch_datetime_operator.py
[2023-04-02 18:05:01,461] {processor.py:641} INFO - Processing file /home/airflow/.local/lib/python3.7/site-packages/airflow/example_dags/example_branch_datetime_operator.py for tasks to queue
[2023-04-02 18:05:01,462] {logging_mixin.py:115} INFO - [2023-04-02 18:05:01,462] {dagbag.py:507} INFO - Filling up the DagBag from /home/airflow/.local/lib/python3.7/site-packages/airflow/example_dags/example_branch_datetime_operator.py
[2023-04-02 18:05:01,471] {processor.py:651} INFO - DAG(s) dict_keys(['example_branch_datetime_operator_2']) retrieved from /home/airflow/.local/lib/python3.7/site-packages/airflow/example_dags/example_branch_datetime_operator.py
[2023-04-02 18:05:01,500] {logging_mixin.py:115} INFO - [2023-04-02 18:05:01,500] {dag.py:2371} INFO - Sync 1 DAGs
[2023-04-02 18:05:01,528] {logging_mixin.py:115} INFO - [2023-04-02 18:05:01,528] {dag.py:2919} INFO - Setting next_dagrun for example_branch_datetime_operator_2 to 2023-04-01T00:00:00+00:00, run_after=2023-04-02T00:00:00+00:00
[2023-04-02 18:05:01,648] {processor.py:161} INFO - Processing /home/airflow/.local/lib/python3.7/site-packages/airflow/example_dags/example_branch_datetime_operator.py took 0.193 seconds
[2023-04-02 18:05:32,040] {processor.py:153} INFO - Started process (PID=1232) to work on /home/airflow/.local/lib/python3.7/site-packages/airflow/example_dags/example_branch_datetime_operator.py
[2023-04-02 18:05:32,042] {processor.py:641} INFO - Processing file /home/airflow/.local/lib/python3.7/site-packages/airflow/example_dags/example_branch_datetime_operator.py for tasks to queue
[2023-04-02 18:05:32,044] {logging_mixin.py:115} INFO - [2023-04-02 18:05:32,044] {dagbag.py:507} INFO - Filling up the DagBag from /home/airflow/.local/lib/python3.7/site-packages/airflow/example_dags/example_branch_datetime_operator.py
[2023-04-02 18:05:32,053] {processor.py:651} INFO - DAG(s) dict_keys(['example_branch_datetime_operator_2']) retrieved from /home/airflow/.local/lib/python3.7/site-packages/airflow/example_dags/example_branch_datetime_operator.py
[2023-04-02 18:05:32,082] {logging_mixin.py:115} INFO - [2023-04-02 18:05:32,082] {dag.py:2371} INFO - Sync 1 DAGs
[2023-04-02 18:05:32,220] {logging_mixin.py:115} INFO - [2023-04-02 18:05:32,220] {dag.py:2919} INFO - Setting next_dagrun for example_branch_datetime_operator_2 to 2023-04-01T00:00:00+00:00, run_after=2023-04-02T00:00:00+00:00
[2023-04-02 18:05:32,235] {processor.py:161} INFO - Processing /home/airflow/.local/lib/python3.7/site-packages/airflow/example_dags/example_branch_datetime_operator.py took 0.198 seconds
[2023-04-02 18:06:02,388] {processor.py:153} INFO - Started process (PID=1295) to work on /home/airflow/.local/lib/python3.7/site-packages/airflow/example_dags/example_branch_datetime_operator.py
[2023-04-02 18:06:02,390] {processor.py:641} INFO - Processing file /home/airflow/.local/lib/python3.7/site-packages/airflow/example_dags/example_branch_datetime_operator.py for tasks to queue
[2023-04-02 18:06:02,392] {logging_mixin.py:115} INFO - [2023-04-02 18:06:02,392] {dagbag.py:507} INFO - Filling up the DagBag from /home/airflow/.local/lib/python3.7/site-packages/airflow/example_dags/example_branch_datetime_operator.py
[2023-04-02 18:06:02,407] {processor.py:651} INFO - DAG(s) dict_keys(['example_branch_datetime_operator_2']) retrieved from /home/airflow/.local/lib/python3.7/site-packages/airflow/example_dags/example_branch_datetime_operator.py
[2023-04-02 18:06:02,458] {logging_mixin.py:115} INFO - [2023-04-02 18:06:02,458] {dag.py:2371} INFO - Sync 1 DAGs
[2023-04-02 18:06:02,754] {logging_mixin.py:115} INFO - [2023-04-02 18:06:02,754] {dag.py:2919} INFO - Setting next_dagrun for example_branch_datetime_operator_2 to 2023-04-01T00:00:00+00:00, run_after=2023-04-02T00:00:00+00:00
[2023-04-02 18:06:02,780] {processor.py:161} INFO - Processing /home/airflow/.local/lib/python3.7/site-packages/airflow/example_dags/example_branch_datetime_operator.py took 0.398 seconds
[2023-04-02 18:06:32,986] {processor.py:153} INFO - Started process (PID=1357) to work on /home/airflow/.local/lib/python3.7/site-packages/airflow/example_dags/example_branch_datetime_operator.py
[2023-04-02 18:06:32,987] {processor.py:641} INFO - Processing file /home/airflow/.local/lib/python3.7/site-packages/airflow/example_dags/example_branch_datetime_operator.py for tasks to queue
[2023-04-02 18:06:32,988] {logging_mixin.py:115} INFO - [2023-04-02 18:06:32,988] {dagbag.py:507} INFO - Filling up the DagBag from /home/airflow/.local/lib/python3.7/site-packages/airflow/example_dags/example_branch_datetime_operator.py
[2023-04-02 18:06:32,998] {processor.py:651} INFO - DAG(s) dict_keys(['example_branch_datetime_operator_2']) retrieved from /home/airflow/.local/lib/python3.7/site-packages/airflow/example_dags/example_branch_datetime_operator.py
[2023-04-02 18:06:33,027] {logging_mixin.py:115} INFO - [2023-04-02 18:06:33,027] {dag.py:2371} INFO - Sync 1 DAGs
[2023-04-02 18:06:33,176] {logging_mixin.py:115} INFO - [2023-04-02 18:06:33,176] {dag.py:2919} INFO - Setting next_dagrun for example_branch_datetime_operator_2 to 2023-04-01T00:00:00+00:00, run_after=2023-04-02T00:00:00+00:00
[2023-04-02 18:06:33,192] {processor.py:161} INFO - Processing /home/airflow/.local/lib/python3.7/site-packages/airflow/example_dags/example_branch_datetime_operator.py took 0.210 seconds
[2023-04-02 18:07:04,194] {processor.py:153} INFO - Started process (PID=1422) to work on /home/airflow/.local/lib/python3.7/site-packages/airflow/example_dags/example_branch_datetime_operator.py
[2023-04-02 18:07:04,197] {processor.py:641} INFO - Processing file /home/airflow/.local/lib/python3.7/site-packages/airflow/example_dags/example_branch_datetime_operator.py for tasks to queue
[2023-04-02 18:07:04,199] {logging_mixin.py:115} INFO - [2023-04-02 18:07:04,198] {dagbag.py:507} INFO - Filling up the DagBag from /home/airflow/.local/lib/python3.7/site-packages/airflow/example_dags/example_branch_datetime_operator.py
[2023-04-02 18:07:04,209] {processor.py:651} INFO - DAG(s) dict_keys(['example_branch_datetime_operator_2']) retrieved from /home/airflow/.local/lib/python3.7/site-packages/airflow/example_dags/example_branch_datetime_operator.py
[2023-04-02 18:07:04,240] {logging_mixin.py:115} INFO - [2023-04-02 18:07:04,240] {dag.py:2371} INFO - Sync 1 DAGs
[2023-04-02 18:07:04,397] {logging_mixin.py:115} INFO - [2023-04-02 18:07:04,397] {dag.py:2919} INFO - Setting next_dagrun for example_branch_datetime_operator_2 to 2023-04-01T00:00:00+00:00, run_after=2023-04-02T00:00:00+00:00
[2023-04-02 18:07:04,409] {processor.py:161} INFO - Processing /home/airflow/.local/lib/python3.7/site-packages/airflow/example_dags/example_branch_datetime_operator.py took 0.220 seconds
[2023-04-02 18:07:34,976] {processor.py:153} INFO - Started process (PID=1477) to work on /home/airflow/.local/lib/python3.7/site-packages/airflow/example_dags/example_branch_datetime_operator.py
[2023-04-02 18:07:34,977] {processor.py:641} INFO - Processing file /home/airflow/.local/lib/python3.7/site-packages/airflow/example_dags/example_branch_datetime_operator.py for tasks to queue
[2023-04-02 18:07:34,978] {logging_mixin.py:115} INFO - [2023-04-02 18:07:34,978] {dagbag.py:507} INFO - Filling up the DagBag from /home/airflow/.local/lib/python3.7/site-packages/airflow/example_dags/example_branch_datetime_operator.py
[2023-04-02 18:07:34,988] {processor.py:651} INFO - DAG(s) dict_keys(['example_branch_datetime_operator_2']) retrieved from /home/airflow/.local/lib/python3.7/site-packages/airflow/example_dags/example_branch_datetime_operator.py
[2023-04-02 18:07:35,016] {logging_mixin.py:115} INFO - [2023-04-02 18:07:35,016] {dag.py:2371} INFO - Sync 1 DAGs
[2023-04-02 18:07:35,151] {logging_mixin.py:115} INFO - [2023-04-02 18:07:35,151] {dag.py:2919} INFO - Setting next_dagrun for example_branch_datetime_operator_2 to 2023-04-01T00:00:00+00:00, run_after=2023-04-02T00:00:00+00:00
[2023-04-02 18:07:35,163] {processor.py:161} INFO - Processing /home/airflow/.local/lib/python3.7/site-packages/airflow/example_dags/example_branch_datetime_operator.py took 0.191 seconds
[2023-04-02 18:08:05,797] {processor.py:153} INFO - Started process (PID=1540) to work on /home/airflow/.local/lib/python3.7/site-packages/airflow/example_dags/example_branch_datetime_operator.py
[2023-04-02 18:08:05,798] {processor.py:641} INFO - Processing file /home/airflow/.local/lib/python3.7/site-packages/airflow/example_dags/example_branch_datetime_operator.py for tasks to queue
[2023-04-02 18:08:05,799] {logging_mixin.py:115} INFO - [2023-04-02 18:08:05,799] {dagbag.py:507} INFO - Filling up the DagBag from /home/airflow/.local/lib/python3.7/site-packages/airflow/example_dags/example_branch_datetime_operator.py
[2023-04-02 18:08:05,810] {processor.py:651} INFO - DAG(s) dict_keys(['example_branch_datetime_operator_2']) retrieved from /home/airflow/.local/lib/python3.7/site-packages/airflow/example_dags/example_branch_datetime_operator.py
[2023-04-02 18:08:05,839] {logging_mixin.py:115} INFO - [2023-04-02 18:08:05,839] {dag.py:2371} INFO - Sync 1 DAGs
[2023-04-02 18:08:05,975] {logging_mixin.py:115} INFO - [2023-04-02 18:08:05,975] {dag.py:2919} INFO - Setting next_dagrun for example_branch_datetime_operator_2 to 2023-04-01T00:00:00+00:00, run_after=2023-04-02T00:00:00+00:00
[2023-04-02 18:08:05,988] {processor.py:161} INFO - Processing /home/airflow/.local/lib/python3.7/site-packages/airflow/example_dags/example_branch_datetime_operator.py took 0.195 seconds
[2023-04-02 18:08:36,279] {processor.py:153} INFO - Started process (PID=1603) to work on /home/airflow/.local/lib/python3.7/site-packages/airflow/example_dags/example_branch_datetime_operator.py
[2023-04-02 18:08:36,281] {processor.py:641} INFO - Processing file /home/airflow/.local/lib/python3.7/site-packages/airflow/example_dags/example_branch_datetime_operator.py for tasks to queue
[2023-04-02 18:08:36,282] {logging_mixin.py:115} INFO - [2023-04-02 18:08:36,282] {dagbag.py:507} INFO - Filling up the DagBag from /home/airflow/.local/lib/python3.7/site-packages/airflow/example_dags/example_branch_datetime_operator.py
[2023-04-02 18:08:36,291] {processor.py:651} INFO - DAG(s) dict_keys(['example_branch_datetime_operator_2']) retrieved from /home/airflow/.local/lib/python3.7/site-packages/airflow/example_dags/example_branch_datetime_operator.py
[2023-04-02 18:08:36,320] {logging_mixin.py:115} INFO - [2023-04-02 18:08:36,320] {dag.py:2371} INFO - Sync 1 DAGs
[2023-04-02 18:08:36,456] {logging_mixin.py:115} INFO - [2023-04-02 18:08:36,456] {dag.py:2919} INFO - Setting next_dagrun for example_branch_datetime_operator_2 to 2023-04-01T00:00:00+00:00, run_after=2023-04-02T00:00:00+00:00
[2023-04-02 18:08:36,469] {processor.py:161} INFO - Processing /home/airflow/.local/lib/python3.7/site-packages/airflow/example_dags/example_branch_datetime_operator.py took 0.194 seconds
[2023-04-02 18:09:06,853] {processor.py:153} INFO - Started process (PID=1666) to work on /home/airflow/.local/lib/python3.7/site-packages/airflow/example_dags/example_branch_datetime_operator.py
[2023-04-02 18:09:06,855] {processor.py:641} INFO - Processing file /home/airflow/.local/lib/python3.7/site-packages/airflow/example_dags/example_branch_datetime_operator.py for tasks to queue
[2023-04-02 18:09:06,856] {logging_mixin.py:115} INFO - [2023-04-02 18:09:06,856] {dagbag.py:507} INFO - Filling up the DagBag from /home/airflow/.local/lib/python3.7/site-packages/airflow/example_dags/example_branch_datetime_operator.py
[2023-04-02 18:09:06,865] {processor.py:651} INFO - DAG(s) dict_keys(['example_branch_datetime_operator_2']) retrieved from /home/airflow/.local/lib/python3.7/site-packages/airflow/example_dags/example_branch_datetime_operator.py
[2023-04-02 18:09:06,893] {logging_mixin.py:115} INFO - [2023-04-02 18:09:06,893] {dag.py:2371} INFO - Sync 1 DAGs
[2023-04-02 18:09:07,040] {logging_mixin.py:115} INFO - [2023-04-02 18:09:07,040] {dag.py:2919} INFO - Setting next_dagrun for example_branch_datetime_operator_2 to 2023-04-01T00:00:00+00:00, run_after=2023-04-02T00:00:00+00:00
[2023-04-02 18:09:07,058] {processor.py:161} INFO - Processing /home/airflow/.local/lib/python3.7/site-packages/airflow/example_dags/example_branch_datetime_operator.py took 0.208 seconds
[2023-04-02 18:09:37,555] {processor.py:153} INFO - Started process (PID=1720) to work on /home/airflow/.local/lib/python3.7/site-packages/airflow/example_dags/example_branch_datetime_operator.py
[2023-04-02 18:09:37,556] {processor.py:641} INFO - Processing file /home/airflow/.local/lib/python3.7/site-packages/airflow/example_dags/example_branch_datetime_operator.py for tasks to queue
[2023-04-02 18:09:37,558] {logging_mixin.py:115} INFO - [2023-04-02 18:09:37,558] {dagbag.py:507} INFO - Filling up the DagBag from /home/airflow/.local/lib/python3.7/site-packages/airflow/example_dags/example_branch_datetime_operator.py
[2023-04-02 18:09:37,567] {processor.py:651} INFO - DAG(s) dict_keys(['example_branch_datetime_operator_2']) retrieved from /home/airflow/.local/lib/python3.7/site-packages/airflow/example_dags/example_branch_datetime_operator.py
[2023-04-02 18:09:37,596] {logging_mixin.py:115} INFO - [2023-04-02 18:09:37,596] {dag.py:2371} INFO - Sync 1 DAGs
[2023-04-02 18:09:37,745] {logging_mixin.py:115} INFO - [2023-04-02 18:09:37,744] {dag.py:2919} INFO - Setting next_dagrun for example_branch_datetime_operator_2 to 2023-04-01T00:00:00+00:00, run_after=2023-04-02T00:00:00+00:00
[2023-04-02 18:09:37,759] {processor.py:161} INFO - Processing /home/airflow/.local/lib/python3.7/site-packages/airflow/example_dags/example_branch_datetime_operator.py took 0.208 seconds
[2023-04-02 18:10:08,073] {processor.py:153} INFO - Started process (PID=1782) to work on /home/airflow/.local/lib/python3.7/site-packages/airflow/example_dags/example_branch_datetime_operator.py
[2023-04-02 18:10:08,077] {processor.py:641} INFO - Processing file /home/airflow/.local/lib/python3.7/site-packages/airflow/example_dags/example_branch_datetime_operator.py for tasks to queue
[2023-04-02 18:10:08,079] {logging_mixin.py:115} INFO - [2023-04-02 18:10:08,079] {dagbag.py:507} INFO - Filling up the DagBag from /home/airflow/.local/lib/python3.7/site-packages/airflow/example_dags/example_branch_datetime_operator.py
[2023-04-02 18:10:08,089] {processor.py:651} INFO - DAG(s) dict_keys(['example_branch_datetime_operator_2']) retrieved from /home/airflow/.local/lib/python3.7/site-packages/airflow/example_dags/example_branch_datetime_operator.py
[2023-04-02 18:10:08,122] {logging_mixin.py:115} INFO - [2023-04-02 18:10:08,122] {dag.py:2371} INFO - Sync 1 DAGs
[2023-04-02 18:10:08,266] {logging_mixin.py:115} INFO - [2023-04-02 18:10:08,266] {dag.py:2919} INFO - Setting next_dagrun for example_branch_datetime_operator_2 to 2023-04-01T00:00:00+00:00, run_after=2023-04-02T00:00:00+00:00
[2023-04-02 18:10:08,280] {processor.py:161} INFO - Processing /home/airflow/.local/lib/python3.7/site-packages/airflow/example_dags/example_branch_datetime_operator.py took 0.212 seconds
[2023-04-02 18:10:38,944] {processor.py:153} INFO - Started process (PID=1846) to work on /home/airflow/.local/lib/python3.7/site-packages/airflow/example_dags/example_branch_datetime_operator.py
[2023-04-02 18:10:38,945] {processor.py:641} INFO - Processing file /home/airflow/.local/lib/python3.7/site-packages/airflow/example_dags/example_branch_datetime_operator.py for tasks to queue
[2023-04-02 18:10:38,946] {logging_mixin.py:115} INFO - [2023-04-02 18:10:38,946] {dagbag.py:507} INFO - Filling up the DagBag from /home/airflow/.local/lib/python3.7/site-packages/airflow/example_dags/example_branch_datetime_operator.py
[2023-04-02 18:10:38,956] {processor.py:651} INFO - DAG(s) dict_keys(['example_branch_datetime_operator_2']) retrieved from /home/airflow/.local/lib/python3.7/site-packages/airflow/example_dags/example_branch_datetime_operator.py
[2023-04-02 18:10:38,988] {logging_mixin.py:115} INFO - [2023-04-02 18:10:38,988] {dag.py:2371} INFO - Sync 1 DAGs
[2023-04-02 18:10:39,021] {logging_mixin.py:115} INFO - [2023-04-02 18:10:39,021] {dag.py:2919} INFO - Setting next_dagrun for example_branch_datetime_operator_2 to 2023-04-01T00:00:00+00:00, run_after=2023-04-02T00:00:00+00:00
[2023-04-02 18:10:39,036] {processor.py:161} INFO - Processing /home/airflow/.local/lib/python3.7/site-packages/airflow/example_dags/example_branch_datetime_operator.py took 0.096 seconds
[2023-04-02 18:11:09,131] {processor.py:153} INFO - Started process (PID=1898) to work on /home/airflow/.local/lib/python3.7/site-packages/airflow/example_dags/example_branch_datetime_operator.py
[2023-04-02 18:11:09,132] {processor.py:641} INFO - Processing file /home/airflow/.local/lib/python3.7/site-packages/airflow/example_dags/example_branch_datetime_operator.py for tasks to queue
[2023-04-02 18:11:09,134] {logging_mixin.py:115} INFO - [2023-04-02 18:11:09,133] {dagbag.py:507} INFO - Filling up the DagBag from /home/airflow/.local/lib/python3.7/site-packages/airflow/example_dags/example_branch_datetime_operator.py
[2023-04-02 18:11:09,143] {processor.py:651} INFO - DAG(s) dict_keys(['example_branch_datetime_operator_2']) retrieved from /home/airflow/.local/lib/python3.7/site-packages/airflow/example_dags/example_branch_datetime_operator.py
[2023-04-02 18:11:09,173] {logging_mixin.py:115} INFO - [2023-04-02 18:11:09,173] {dag.py:2371} INFO - Sync 1 DAGs
[2023-04-02 18:11:09,199] {logging_mixin.py:115} INFO - [2023-04-02 18:11:09,199] {dag.py:2919} INFO - Setting next_dagrun for example_branch_datetime_operator_2 to 2023-04-01T00:00:00+00:00, run_after=2023-04-02T00:00:00+00:00
[2023-04-02 18:11:09,215] {processor.py:161} INFO - Processing /home/airflow/.local/lib/python3.7/site-packages/airflow/example_dags/example_branch_datetime_operator.py took 0.088 seconds
[2023-04-02 18:11:39,427] {processor.py:153} INFO - Started process (PID=1961) to work on /home/airflow/.local/lib/python3.7/site-packages/airflow/example_dags/example_branch_datetime_operator.py
[2023-04-02 18:11:39,445] {processor.py:641} INFO - Processing file /home/airflow/.local/lib/python3.7/site-packages/airflow/example_dags/example_branch_datetime_operator.py for tasks to queue
[2023-04-02 18:11:39,448] {logging_mixin.py:115} INFO - [2023-04-02 18:11:39,448] {dagbag.py:507} INFO - Filling up the DagBag from /home/airflow/.local/lib/python3.7/site-packages/airflow/example_dags/example_branch_datetime_operator.py
[2023-04-02 18:11:39,461] {processor.py:651} INFO - DAG(s) dict_keys(['example_branch_datetime_operator_2']) retrieved from /home/airflow/.local/lib/python3.7/site-packages/airflow/example_dags/example_branch_datetime_operator.py
[2023-04-02 18:11:39,524] {logging_mixin.py:115} INFO - [2023-04-02 18:11:39,524] {dag.py:2371} INFO - Sync 1 DAGs
[2023-04-02 18:11:39,569] {logging_mixin.py:115} INFO - [2023-04-02 18:11:39,569] {dag.py:2919} INFO - Setting next_dagrun for example_branch_datetime_operator_2 to 2023-04-01T00:00:00+00:00, run_after=2023-04-02T00:00:00+00:00
[2023-04-02 18:11:39,598] {processor.py:161} INFO - Processing /home/airflow/.local/lib/python3.7/site-packages/airflow/example_dags/example_branch_datetime_operator.py took 0.175 seconds
[2023-04-02 18:12:09,940] {processor.py:153} INFO - Started process (PID=2024) to work on /home/airflow/.local/lib/python3.7/site-packages/airflow/example_dags/example_branch_datetime_operator.py
[2023-04-02 18:12:09,941] {processor.py:641} INFO - Processing file /home/airflow/.local/lib/python3.7/site-packages/airflow/example_dags/example_branch_datetime_operator.py for tasks to queue
[2023-04-02 18:12:09,943] {logging_mixin.py:115} INFO - [2023-04-02 18:12:09,943] {dagbag.py:507} INFO - Filling up the DagBag from /home/airflow/.local/lib/python3.7/site-packages/airflow/example_dags/example_branch_datetime_operator.py
[2023-04-02 18:12:09,952] {processor.py:651} INFO - DAG(s) dict_keys(['example_branch_datetime_operator_2']) retrieved from /home/airflow/.local/lib/python3.7/site-packages/airflow/example_dags/example_branch_datetime_operator.py
[2023-04-02 18:12:09,980] {logging_mixin.py:115} INFO - [2023-04-02 18:12:09,980] {dag.py:2371} INFO - Sync 1 DAGs
[2023-04-02 18:12:10,006] {logging_mixin.py:115} INFO - [2023-04-02 18:12:10,006] {dag.py:2919} INFO - Setting next_dagrun for example_branch_datetime_operator_2 to 2023-04-01T00:00:00+00:00, run_after=2023-04-02T00:00:00+00:00
[2023-04-02 18:12:10,019] {processor.py:161} INFO - Processing /home/airflow/.local/lib/python3.7/site-packages/airflow/example_dags/example_branch_datetime_operator.py took 0.083 seconds
[2023-04-02 18:12:40,318] {processor.py:153} INFO - Started process (PID=2078) to work on /home/airflow/.local/lib/python3.7/site-packages/airflow/example_dags/example_branch_datetime_operator.py
[2023-04-02 18:12:40,319] {processor.py:641} INFO - Processing file /home/airflow/.local/lib/python3.7/site-packages/airflow/example_dags/example_branch_datetime_operator.py for tasks to queue
[2023-04-02 18:12:40,320] {logging_mixin.py:115} INFO - [2023-04-02 18:12:40,320] {dagbag.py:507} INFO - Filling up the DagBag from /home/airflow/.local/lib/python3.7/site-packages/airflow/example_dags/example_branch_datetime_operator.py
[2023-04-02 18:12:40,331] {processor.py:651} INFO - DAG(s) dict_keys(['example_branch_datetime_operator_2']) retrieved from /home/airflow/.local/lib/python3.7/site-packages/airflow/example_dags/example_branch_datetime_operator.py
[2023-04-02 18:12:40,362] {logging_mixin.py:115} INFO - [2023-04-02 18:12:40,361] {dag.py:2371} INFO - Sync 1 DAGs
[2023-04-02 18:12:40,388] {logging_mixin.py:115} INFO - [2023-04-02 18:12:40,388] {dag.py:2919} INFO - Setting next_dagrun for example_branch_datetime_operator_2 to 2023-04-01T00:00:00+00:00, run_after=2023-04-02T00:00:00+00:00
[2023-04-02 18:12:40,399] {processor.py:161} INFO - Processing /home/airflow/.local/lib/python3.7/site-packages/airflow/example_dags/example_branch_datetime_operator.py took 0.086 seconds
[2023-04-02 18:13:10,785] {processor.py:153} INFO - Started process (PID=2141) to work on /home/airflow/.local/lib/python3.7/site-packages/airflow/example_dags/example_branch_datetime_operator.py
[2023-04-02 18:13:10,786] {processor.py:641} INFO - Processing file /home/airflow/.local/lib/python3.7/site-packages/airflow/example_dags/example_branch_datetime_operator.py for tasks to queue
[2023-04-02 18:13:10,787] {logging_mixin.py:115} INFO - [2023-04-02 18:13:10,787] {dagbag.py:507} INFO - Filling up the DagBag from /home/airflow/.local/lib/python3.7/site-packages/airflow/example_dags/example_branch_datetime_operator.py
[2023-04-02 18:13:10,796] {processor.py:651} INFO - DAG(s) dict_keys(['example_branch_datetime_operator_2']) retrieved from /home/airflow/.local/lib/python3.7/site-packages/airflow/example_dags/example_branch_datetime_operator.py
[2023-04-02 18:13:10,824] {logging_mixin.py:115} INFO - [2023-04-02 18:13:10,824] {dag.py:2371} INFO - Sync 1 DAGs
[2023-04-02 18:13:10,850] {logging_mixin.py:115} INFO - [2023-04-02 18:13:10,850] {dag.py:2919} INFO - Setting next_dagrun for example_branch_datetime_operator_2 to 2023-04-01T00:00:00+00:00, run_after=2023-04-02T00:00:00+00:00
[2023-04-02 18:13:10,862] {processor.py:161} INFO - Processing /home/airflow/.local/lib/python3.7/site-packages/airflow/example_dags/example_branch_datetime_operator.py took 0.081 seconds
[2023-04-02 18:13:41,044] {processor.py:153} INFO - Started process (PID=2204) to work on /home/airflow/.local/lib/python3.7/site-packages/airflow/example_dags/example_branch_datetime_operator.py
[2023-04-02 18:13:41,045] {processor.py:641} INFO - Processing file /home/airflow/.local/lib/python3.7/site-packages/airflow/example_dags/example_branch_datetime_operator.py for tasks to queue
[2023-04-02 18:13:41,047] {logging_mixin.py:115} INFO - [2023-04-02 18:13:41,047] {dagbag.py:507} INFO - Filling up the DagBag from /home/airflow/.local/lib/python3.7/site-packages/airflow/example_dags/example_branch_datetime_operator.py
[2023-04-02 18:13:41,056] {processor.py:651} INFO - DAG(s) dict_keys(['example_branch_datetime_operator_2']) retrieved from /home/airflow/.local/lib/python3.7/site-packages/airflow/example_dags/example_branch_datetime_operator.py
[2023-04-02 18:13:41,085] {logging_mixin.py:115} INFO - [2023-04-02 18:13:41,085] {dag.py:2371} INFO - Sync 1 DAGs
[2023-04-02 18:13:41,112] {logging_mixin.py:115} INFO - [2023-04-02 18:13:41,112] {dag.py:2919} INFO - Setting next_dagrun for example_branch_datetime_operator_2 to 2023-04-01T00:00:00+00:00, run_after=2023-04-02T00:00:00+00:00
[2023-04-02 18:13:41,124] {processor.py:161} INFO - Processing /home/airflow/.local/lib/python3.7/site-packages/airflow/example_dags/example_branch_datetime_operator.py took 0.085 seconds
[2023-04-02 18:14:11,437] {processor.py:153} INFO - Started process (PID=2267) to work on /home/airflow/.local/lib/python3.7/site-packages/airflow/example_dags/example_branch_datetime_operator.py
[2023-04-02 18:14:11,438] {processor.py:641} INFO - Processing file /home/airflow/.local/lib/python3.7/site-packages/airflow/example_dags/example_branch_datetime_operator.py for tasks to queue
[2023-04-02 18:14:11,440] {logging_mixin.py:115} INFO - [2023-04-02 18:14:11,439] {dagbag.py:507} INFO - Filling up the DagBag from /home/airflow/.local/lib/python3.7/site-packages/airflow/example_dags/example_branch_datetime_operator.py
[2023-04-02 18:14:11,448] {processor.py:651} INFO - DAG(s) dict_keys(['example_branch_datetime_operator_2']) retrieved from /home/airflow/.local/lib/python3.7/site-packages/airflow/example_dags/example_branch_datetime_operator.py
[2023-04-02 18:14:11,477] {logging_mixin.py:115} INFO - [2023-04-02 18:14:11,476] {dag.py:2371} INFO - Sync 1 DAGs
[2023-04-02 18:14:11,503] {logging_mixin.py:115} INFO - [2023-04-02 18:14:11,503] {dag.py:2919} INFO - Setting next_dagrun for example_branch_datetime_operator_2 to 2023-04-01T00:00:00+00:00, run_after=2023-04-02T00:00:00+00:00
[2023-04-02 18:14:11,515] {processor.py:161} INFO - Processing /home/airflow/.local/lib/python3.7/site-packages/airflow/example_dags/example_branch_datetime_operator.py took 0.081 seconds
[2023-04-02 18:14:41,670] {processor.py:153} INFO - Started process (PID=2321) to work on /home/airflow/.local/lib/python3.7/site-packages/airflow/example_dags/example_branch_datetime_operator.py
[2023-04-02 18:14:41,671] {processor.py:641} INFO - Processing file /home/airflow/.local/lib/python3.7/site-packages/airflow/example_dags/example_branch_datetime_operator.py for tasks to queue
[2023-04-02 18:14:41,672] {logging_mixin.py:115} INFO - [2023-04-02 18:14:41,672] {dagbag.py:507} INFO - Filling up the DagBag from /home/airflow/.local/lib/python3.7/site-packages/airflow/example_dags/example_branch_datetime_operator.py
[2023-04-02 18:14:41,683] {processor.py:651} INFO - DAG(s) dict_keys(['example_branch_datetime_operator_2']) retrieved from /home/airflow/.local/lib/python3.7/site-packages/airflow/example_dags/example_branch_datetime_operator.py
[2023-04-02 18:14:41,712] {logging_mixin.py:115} INFO - [2023-04-02 18:14:41,711] {dag.py:2371} INFO - Sync 1 DAGs
[2023-04-02 18:14:41,737] {logging_mixin.py:115} INFO - [2023-04-02 18:14:41,737] {dag.py:2919} INFO - Setting next_dagrun for example_branch_datetime_operator_2 to 2023-04-01T00:00:00+00:00, run_after=2023-04-02T00:00:00+00:00
[2023-04-02 18:14:41,749] {processor.py:161} INFO - Processing /home/airflow/.local/lib/python3.7/site-packages/airflow/example_dags/example_branch_datetime_operator.py took 0.084 seconds
[2023-04-02 18:15:11,875] {processor.py:153} INFO - Started process (PID=2384) to work on /home/airflow/.local/lib/python3.7/site-packages/airflow/example_dags/example_branch_datetime_operator.py
[2023-04-02 18:15:11,877] {processor.py:641} INFO - Processing file /home/airflow/.local/lib/python3.7/site-packages/airflow/example_dags/example_branch_datetime_operator.py for tasks to queue
[2023-04-02 18:15:11,878] {logging_mixin.py:115} INFO - [2023-04-02 18:15:11,878] {dagbag.py:507} INFO - Filling up the DagBag from /home/airflow/.local/lib/python3.7/site-packages/airflow/example_dags/example_branch_datetime_operator.py
[2023-04-02 18:15:11,892] {processor.py:651} INFO - DAG(s) dict_keys(['example_branch_datetime_operator_2']) retrieved from /home/airflow/.local/lib/python3.7/site-packages/airflow/example_dags/example_branch_datetime_operator.py
[2023-04-02 18:15:11,926] {logging_mixin.py:115} INFO - [2023-04-02 18:15:11,925] {dag.py:2371} INFO - Sync 1 DAGs
[2023-04-02 18:15:11,957] {logging_mixin.py:115} INFO - [2023-04-02 18:15:11,956] {dag.py:2919} INFO - Setting next_dagrun for example_branch_datetime_operator_2 to 2023-04-01T00:00:00+00:00, run_after=2023-04-02T00:00:00+00:00
[2023-04-02 18:15:11,972] {processor.py:161} INFO - Processing /home/airflow/.local/lib/python3.7/site-packages/airflow/example_dags/example_branch_datetime_operator.py took 0.101 seconds
[2023-04-02 18:15:42,224] {processor.py:153} INFO - Started process (PID=2447) to work on /home/airflow/.local/lib/python3.7/site-packages/airflow/example_dags/example_branch_datetime_operator.py
[2023-04-02 18:15:42,225] {processor.py:641} INFO - Processing file /home/airflow/.local/lib/python3.7/site-packages/airflow/example_dags/example_branch_datetime_operator.py for tasks to queue
[2023-04-02 18:15:42,227] {logging_mixin.py:115} INFO - [2023-04-02 18:15:42,227] {dagbag.py:507} INFO - Filling up the DagBag from /home/airflow/.local/lib/python3.7/site-packages/airflow/example_dags/example_branch_datetime_operator.py
[2023-04-02 18:15:42,237] {processor.py:651} INFO - DAG(s) dict_keys(['example_branch_datetime_operator_2']) retrieved from /home/airflow/.local/lib/python3.7/site-packages/airflow/example_dags/example_branch_datetime_operator.py
[2023-04-02 18:15:42,268] {logging_mixin.py:115} INFO - [2023-04-02 18:15:42,267] {dag.py:2371} INFO - Sync 1 DAGs
[2023-04-02 18:15:42,293] {logging_mixin.py:115} INFO - [2023-04-02 18:15:42,293] {dag.py:2919} INFO - Setting next_dagrun for example_branch_datetime_operator_2 to 2023-04-01T00:00:00+00:00, run_after=2023-04-02T00:00:00+00:00
[2023-04-02 18:15:42,308] {processor.py:161} INFO - Processing /home/airflow/.local/lib/python3.7/site-packages/airflow/example_dags/example_branch_datetime_operator.py took 0.087 seconds
[2023-04-02 18:16:12,805] {processor.py:153} INFO - Started process (PID=2501) to work on /home/airflow/.local/lib/python3.7/site-packages/airflow/example_dags/example_branch_datetime_operator.py
[2023-04-02 18:16:12,806] {processor.py:641} INFO - Processing file /home/airflow/.local/lib/python3.7/site-packages/airflow/example_dags/example_branch_datetime_operator.py for tasks to queue
[2023-04-02 18:16:12,808] {logging_mixin.py:115} INFO - [2023-04-02 18:16:12,808] {dagbag.py:507} INFO - Filling up the DagBag from /home/airflow/.local/lib/python3.7/site-packages/airflow/example_dags/example_branch_datetime_operator.py
[2023-04-02 18:16:12,819] {processor.py:651} INFO - DAG(s) dict_keys(['example_branch_datetime_operator_2']) retrieved from /home/airflow/.local/lib/python3.7/site-packages/airflow/example_dags/example_branch_datetime_operator.py
[2023-04-02 18:16:12,853] {logging_mixin.py:115} INFO - [2023-04-02 18:16:12,853] {dag.py:2371} INFO - Sync 1 DAGs
[2023-04-02 18:16:12,880] {logging_mixin.py:115} INFO - [2023-04-02 18:16:12,880] {dag.py:2919} INFO - Setting next_dagrun for example_branch_datetime_operator_2 to 2023-04-01T00:00:00+00:00, run_after=2023-04-02T00:00:00+00:00
[2023-04-02 18:16:12,893] {processor.py:161} INFO - Processing /home/airflow/.local/lib/python3.7/site-packages/airflow/example_dags/example_branch_datetime_operator.py took 0.092 seconds
[2023-04-02 18:16:43,329] {processor.py:153} INFO - Started process (PID=2564) to work on /home/airflow/.local/lib/python3.7/site-packages/airflow/example_dags/example_branch_datetime_operator.py
[2023-04-02 18:16:43,331] {processor.py:641} INFO - Processing file /home/airflow/.local/lib/python3.7/site-packages/airflow/example_dags/example_branch_datetime_operator.py for tasks to queue
[2023-04-02 18:16:43,332] {logging_mixin.py:115} INFO - [2023-04-02 18:16:43,332] {dagbag.py:507} INFO - Filling up the DagBag from /home/airflow/.local/lib/python3.7/site-packages/airflow/example_dags/example_branch_datetime_operator.py
[2023-04-02 18:16:43,344] {processor.py:651} INFO - DAG(s) dict_keys(['example_branch_datetime_operator_2']) retrieved from /home/airflow/.local/lib/python3.7/site-packages/airflow/example_dags/example_branch_datetime_operator.py
[2023-04-02 18:16:43,380] {logging_mixin.py:115} INFO - [2023-04-02 18:16:43,379] {dag.py:2371} INFO - Sync 1 DAGs
[2023-04-02 18:16:43,406] {logging_mixin.py:115} INFO - [2023-04-02 18:16:43,406] {dag.py:2919} INFO - Setting next_dagrun for example_branch_datetime_operator_2 to 2023-04-01T00:00:00+00:00, run_after=2023-04-02T00:00:00+00:00
[2023-04-02 18:16:43,418] {processor.py:161} INFO - Processing /home/airflow/.local/lib/python3.7/site-packages/airflow/example_dags/example_branch_datetime_operator.py took 0.094 seconds
[2023-04-02 18:17:13,893] {processor.py:153} INFO - Started process (PID=2627) to work on /home/airflow/.local/lib/python3.7/site-packages/airflow/example_dags/example_branch_datetime_operator.py
[2023-04-02 18:17:13,895] {processor.py:641} INFO - Processing file /home/airflow/.local/lib/python3.7/site-packages/airflow/example_dags/example_branch_datetime_operator.py for tasks to queue
[2023-04-02 18:17:13,896] {logging_mixin.py:115} INFO - [2023-04-02 18:17:13,896] {dagbag.py:507} INFO - Filling up the DagBag from /home/airflow/.local/lib/python3.7/site-packages/airflow/example_dags/example_branch_datetime_operator.py
[2023-04-02 18:17:13,906] {processor.py:651} INFO - DAG(s) dict_keys(['example_branch_datetime_operator_2']) retrieved from /home/airflow/.local/lib/python3.7/site-packages/airflow/example_dags/example_branch_datetime_operator.py
[2023-04-02 18:17:13,938] {logging_mixin.py:115} INFO - [2023-04-02 18:17:13,938] {dag.py:2371} INFO - Sync 1 DAGs
[2023-04-02 18:17:13,964] {logging_mixin.py:115} INFO - [2023-04-02 18:17:13,964] {dag.py:2919} INFO - Setting next_dagrun for example_branch_datetime_operator_2 to 2023-04-01T00:00:00+00:00, run_after=2023-04-02T00:00:00+00:00
[2023-04-02 18:17:13,978] {processor.py:161} INFO - Processing /home/airflow/.local/lib/python3.7/site-packages/airflow/example_dags/example_branch_datetime_operator.py took 0.089 seconds
[2023-04-02 18:17:44,296] {processor.py:153} INFO - Started process (PID=2681) to work on /home/airflow/.local/lib/python3.7/site-packages/airflow/example_dags/example_branch_datetime_operator.py
[2023-04-02 18:17:44,298] {processor.py:641} INFO - Processing file /home/airflow/.local/lib/python3.7/site-packages/airflow/example_dags/example_branch_datetime_operator.py for tasks to queue
[2023-04-02 18:17:44,299] {logging_mixin.py:115} INFO - [2023-04-02 18:17:44,299] {dagbag.py:507} INFO - Filling up the DagBag from /home/airflow/.local/lib/python3.7/site-packages/airflow/example_dags/example_branch_datetime_operator.py
[2023-04-02 18:17:44,309] {processor.py:651} INFO - DAG(s) dict_keys(['example_branch_datetime_operator_2']) retrieved from /home/airflow/.local/lib/python3.7/site-packages/airflow/example_dags/example_branch_datetime_operator.py
[2023-04-02 18:17:44,339] {logging_mixin.py:115} INFO - [2023-04-02 18:17:44,339] {dag.py:2371} INFO - Sync 1 DAGs
[2023-04-02 18:17:44,364] {logging_mixin.py:115} INFO - [2023-04-02 18:17:44,364] {dag.py:2919} INFO - Setting next_dagrun for example_branch_datetime_operator_2 to 2023-04-01T00:00:00+00:00, run_after=2023-04-02T00:00:00+00:00
[2023-04-02 18:17:44,376] {processor.py:161} INFO - Processing /home/airflow/.local/lib/python3.7/site-packages/airflow/example_dags/example_branch_datetime_operator.py took 0.084 seconds
[2023-04-02 18:18:14,738] {processor.py:153} INFO - Started process (PID=2745) to work on /home/airflow/.local/lib/python3.7/site-packages/airflow/example_dags/example_branch_datetime_operator.py
[2023-04-02 18:18:14,739] {processor.py:641} INFO - Processing file /home/airflow/.local/lib/python3.7/site-packages/airflow/example_dags/example_branch_datetime_operator.py for tasks to queue
[2023-04-02 18:18:14,740] {logging_mixin.py:115} INFO - [2023-04-02 18:18:14,740] {dagbag.py:507} INFO - Filling up the DagBag from /home/airflow/.local/lib/python3.7/site-packages/airflow/example_dags/example_branch_datetime_operator.py
[2023-04-02 18:18:14,750] {processor.py:651} INFO - DAG(s) dict_keys(['example_branch_datetime_operator_2']) retrieved from /home/airflow/.local/lib/python3.7/site-packages/airflow/example_dags/example_branch_datetime_operator.py
[2023-04-02 18:18:14,781] {logging_mixin.py:115} INFO - [2023-04-02 18:18:14,781] {dag.py:2371} INFO - Sync 1 DAGs
[2023-04-02 18:18:14,806] {logging_mixin.py:115} INFO - [2023-04-02 18:18:14,806] {dag.py:2919} INFO - Setting next_dagrun for example_branch_datetime_operator_2 to 2023-04-01T00:00:00+00:00, run_after=2023-04-02T00:00:00+00:00
[2023-04-02 18:18:14,819] {processor.py:161} INFO - Processing /home/airflow/.local/lib/python3.7/site-packages/airflow/example_dags/example_branch_datetime_operator.py took 0.085 seconds
[2023-04-02 18:18:45,074] {processor.py:153} INFO - Started process (PID=2808) to work on /home/airflow/.local/lib/python3.7/site-packages/airflow/example_dags/example_branch_datetime_operator.py
[2023-04-02 18:18:45,075] {processor.py:641} INFO - Processing file /home/airflow/.local/lib/python3.7/site-packages/airflow/example_dags/example_branch_datetime_operator.py for tasks to queue
[2023-04-02 18:18:45,077] {logging_mixin.py:115} INFO - [2023-04-02 18:18:45,077] {dagbag.py:507} INFO - Filling up the DagBag from /home/airflow/.local/lib/python3.7/site-packages/airflow/example_dags/example_branch_datetime_operator.py
[2023-04-02 18:18:45,088] {processor.py:651} INFO - DAG(s) dict_keys(['example_branch_datetime_operator_2']) retrieved from /home/airflow/.local/lib/python3.7/site-packages/airflow/example_dags/example_branch_datetime_operator.py
[2023-04-02 18:18:45,118] {logging_mixin.py:115} INFO - [2023-04-02 18:18:45,118] {dag.py:2371} INFO - Sync 1 DAGs
[2023-04-02 18:18:45,142] {logging_mixin.py:115} INFO - [2023-04-02 18:18:45,142] {dag.py:2919} INFO - Setting next_dagrun for example_branch_datetime_operator_2 to 2023-04-01T00:00:00+00:00, run_after=2023-04-02T00:00:00+00:00
[2023-04-02 18:18:45,155] {processor.py:161} INFO - Processing /home/airflow/.local/lib/python3.7/site-packages/airflow/example_dags/example_branch_datetime_operator.py took 0.086 seconds
[2023-04-02 18:19:15,525] {processor.py:153} INFO - Started process (PID=2872) to work on /home/airflow/.local/lib/python3.7/site-packages/airflow/example_dags/example_branch_datetime_operator.py
[2023-04-02 18:19:15,526] {processor.py:641} INFO - Processing file /home/airflow/.local/lib/python3.7/site-packages/airflow/example_dags/example_branch_datetime_operator.py for tasks to queue
[2023-04-02 18:19:15,528] {logging_mixin.py:115} INFO - [2023-04-02 18:19:15,528] {dagbag.py:507} INFO - Filling up the DagBag from /home/airflow/.local/lib/python3.7/site-packages/airflow/example_dags/example_branch_datetime_operator.py
[2023-04-02 18:19:15,537] {processor.py:651} INFO - DAG(s) dict_keys(['example_branch_datetime_operator_2']) retrieved from /home/airflow/.local/lib/python3.7/site-packages/airflow/example_dags/example_branch_datetime_operator.py
[2023-04-02 18:19:15,567] {logging_mixin.py:115} INFO - [2023-04-02 18:19:15,567] {dag.py:2371} INFO - Sync 1 DAGs
[2023-04-02 18:19:15,590] {logging_mixin.py:115} INFO - [2023-04-02 18:19:15,590] {dag.py:2919} INFO - Setting next_dagrun for example_branch_datetime_operator_2 to 2023-04-01T00:00:00+00:00, run_after=2023-04-02T00:00:00+00:00
[2023-04-02 18:19:15,604] {processor.py:161} INFO - Processing /home/airflow/.local/lib/python3.7/site-packages/airflow/example_dags/example_branch_datetime_operator.py took 0.083 seconds
[2023-04-02 18:19:45,812] {processor.py:153} INFO - Started process (PID=2926) to work on /home/airflow/.local/lib/python3.7/site-packages/airflow/example_dags/example_branch_datetime_operator.py
[2023-04-02 18:19:45,813] {processor.py:641} INFO - Processing file /home/airflow/.local/lib/python3.7/site-packages/airflow/example_dags/example_branch_datetime_operator.py for tasks to queue
[2023-04-02 18:19:45,814] {logging_mixin.py:115} INFO - [2023-04-02 18:19:45,814] {dagbag.py:507} INFO - Filling up the DagBag from /home/airflow/.local/lib/python3.7/site-packages/airflow/example_dags/example_branch_datetime_operator.py
[2023-04-02 18:19:45,823] {processor.py:651} INFO - DAG(s) dict_keys(['example_branch_datetime_operator_2']) retrieved from /home/airflow/.local/lib/python3.7/site-packages/airflow/example_dags/example_branch_datetime_operator.py
[2023-04-02 18:19:45,853] {logging_mixin.py:115} INFO - [2023-04-02 18:19:45,853] {dag.py:2371} INFO - Sync 1 DAGs
[2023-04-02 18:19:45,876] {logging_mixin.py:115} INFO - [2023-04-02 18:19:45,876] {dag.py:2919} INFO - Setting next_dagrun for example_branch_datetime_operator_2 to 2023-04-01T00:00:00+00:00, run_after=2023-04-02T00:00:00+00:00
[2023-04-02 18:19:45,888] {processor.py:161} INFO - Processing /home/airflow/.local/lib/python3.7/site-packages/airflow/example_dags/example_branch_datetime_operator.py took 0.080 seconds
[2023-04-02 18:20:15,968] {processor.py:153} INFO - Started process (PID=2989) to work on /home/airflow/.local/lib/python3.7/site-packages/airflow/example_dags/example_branch_datetime_operator.py
[2023-04-02 18:20:15,969] {processor.py:641} INFO - Processing file /home/airflow/.local/lib/python3.7/site-packages/airflow/example_dags/example_branch_datetime_operator.py for tasks to queue
[2023-04-02 18:20:15,971] {logging_mixin.py:115} INFO - [2023-04-02 18:20:15,971] {dagbag.py:507} INFO - Filling up the DagBag from /home/airflow/.local/lib/python3.7/site-packages/airflow/example_dags/example_branch_datetime_operator.py
[2023-04-02 18:20:15,981] {processor.py:651} INFO - DAG(s) dict_keys(['example_branch_datetime_operator_2']) retrieved from /home/airflow/.local/lib/python3.7/site-packages/airflow/example_dags/example_branch_datetime_operator.py
[2023-04-02 18:20:16,012] {logging_mixin.py:115} INFO - [2023-04-02 18:20:16,012] {dag.py:2371} INFO - Sync 1 DAGs
[2023-04-02 18:20:16,038] {logging_mixin.py:115} INFO - [2023-04-02 18:20:16,038] {dag.py:2919} INFO - Setting next_dagrun for example_branch_datetime_operator_2 to 2023-04-01T00:00:00+00:00, run_after=2023-04-02T00:00:00+00:00
[2023-04-02 18:20:16,051] {processor.py:161} INFO - Processing /home/airflow/.local/lib/python3.7/site-packages/airflow/example_dags/example_branch_datetime_operator.py took 0.087 seconds
[2023-04-02 18:20:46,881] {processor.py:153} INFO - Started process (PID=3052) to work on /home/airflow/.local/lib/python3.7/site-packages/airflow/example_dags/example_branch_datetime_operator.py
[2023-04-02 18:20:46,882] {processor.py:641} INFO - Processing file /home/airflow/.local/lib/python3.7/site-packages/airflow/example_dags/example_branch_datetime_operator.py for tasks to queue
[2023-04-02 18:20:46,883] {logging_mixin.py:115} INFO - [2023-04-02 18:20:46,883] {dagbag.py:507} INFO - Filling up the DagBag from /home/airflow/.local/lib/python3.7/site-packages/airflow/example_dags/example_branch_datetime_operator.py
[2023-04-02 18:20:46,892] {processor.py:651} INFO - DAG(s) dict_keys(['example_branch_datetime_operator_2']) retrieved from /home/airflow/.local/lib/python3.7/site-packages/airflow/example_dags/example_branch_datetime_operator.py
[2023-04-02 18:20:46,923] {logging_mixin.py:115} INFO - [2023-04-02 18:20:46,923] {dag.py:2371} INFO - Sync 1 DAGs
[2023-04-02 18:20:46,948] {logging_mixin.py:115} INFO - [2023-04-02 18:20:46,948] {dag.py:2919} INFO - Setting next_dagrun for example_branch_datetime_operator_2 to 2023-04-01T00:00:00+00:00, run_after=2023-04-02T00:00:00+00:00
[2023-04-02 18:20:47,055] {processor.py:161} INFO - Processing /home/airflow/.local/lib/python3.7/site-packages/airflow/example_dags/example_branch_datetime_operator.py took 0.177 seconds
[2023-04-02 18:21:17,781] {processor.py:153} INFO - Started process (PID=3106) to work on /home/airflow/.local/lib/python3.7/site-packages/airflow/example_dags/example_branch_datetime_operator.py
[2023-04-02 18:21:17,782] {processor.py:641} INFO - Processing file /home/airflow/.local/lib/python3.7/site-packages/airflow/example_dags/example_branch_datetime_operator.py for tasks to queue
[2023-04-02 18:21:17,784] {logging_mixin.py:115} INFO - [2023-04-02 18:21:17,784] {dagbag.py:507} INFO - Filling up the DagBag from /home/airflow/.local/lib/python3.7/site-packages/airflow/example_dags/example_branch_datetime_operator.py
[2023-04-02 18:21:17,795] {processor.py:651} INFO - DAG(s) dict_keys(['example_branch_datetime_operator_2']) retrieved from /home/airflow/.local/lib/python3.7/site-packages/airflow/example_dags/example_branch_datetime_operator.py
[2023-04-02 18:21:17,826] {logging_mixin.py:115} INFO - [2023-04-02 18:21:17,826] {dag.py:2371} INFO - Sync 1 DAGs
[2023-04-02 18:21:17,852] {logging_mixin.py:115} INFO - [2023-04-02 18:21:17,852] {dag.py:2919} INFO - Setting next_dagrun for example_branch_datetime_operator_2 to 2023-04-01T00:00:00+00:00, run_after=2023-04-02T00:00:00+00:00
[2023-04-02 18:21:17,866] {processor.py:161} INFO - Processing /home/airflow/.local/lib/python3.7/site-packages/airflow/example_dags/example_branch_datetime_operator.py took 0.089 seconds
[2023-04-02 18:21:48,186] {processor.py:153} INFO - Started process (PID=3169) to work on /home/airflow/.local/lib/python3.7/site-packages/airflow/example_dags/example_branch_datetime_operator.py
[2023-04-02 18:21:48,187] {processor.py:641} INFO - Processing file /home/airflow/.local/lib/python3.7/site-packages/airflow/example_dags/example_branch_datetime_operator.py for tasks to queue
[2023-04-02 18:21:48,189] {logging_mixin.py:115} INFO - [2023-04-02 18:21:48,188] {dagbag.py:507} INFO - Filling up the DagBag from /home/airflow/.local/lib/python3.7/site-packages/airflow/example_dags/example_branch_datetime_operator.py
[2023-04-02 18:21:48,198] {processor.py:651} INFO - DAG(s) dict_keys(['example_branch_datetime_operator_2']) retrieved from /home/airflow/.local/lib/python3.7/site-packages/airflow/example_dags/example_branch_datetime_operator.py
[2023-04-02 18:21:48,228] {logging_mixin.py:115} INFO - [2023-04-02 18:21:48,228] {dag.py:2371} INFO - Sync 1 DAGs
[2023-04-02 18:21:48,253] {logging_mixin.py:115} INFO - [2023-04-02 18:21:48,253] {dag.py:2919} INFO - Setting next_dagrun for example_branch_datetime_operator_2 to 2023-04-01T00:00:00+00:00, run_after=2023-04-02T00:00:00+00:00
[2023-04-02 18:21:48,265] {processor.py:161} INFO - Processing /home/airflow/.local/lib/python3.7/site-packages/airflow/example_dags/example_branch_datetime_operator.py took 0.083 seconds
[2023-04-02 18:22:18,587] {processor.py:153} INFO - Started process (PID=3232) to work on /home/airflow/.local/lib/python3.7/site-packages/airflow/example_dags/example_branch_datetime_operator.py
[2023-04-02 18:22:18,589] {processor.py:641} INFO - Processing file /home/airflow/.local/lib/python3.7/site-packages/airflow/example_dags/example_branch_datetime_operator.py for tasks to queue
[2023-04-02 18:22:18,591] {logging_mixin.py:115} INFO - [2023-04-02 18:22:18,590] {dagbag.py:507} INFO - Filling up the DagBag from /home/airflow/.local/lib/python3.7/site-packages/airflow/example_dags/example_branch_datetime_operator.py
[2023-04-02 18:22:18,601] {processor.py:651} INFO - DAG(s) dict_keys(['example_branch_datetime_operator_2']) retrieved from /home/airflow/.local/lib/python3.7/site-packages/airflow/example_dags/example_branch_datetime_operator.py
[2023-04-02 18:22:18,634] {logging_mixin.py:115} INFO - [2023-04-02 18:22:18,634] {dag.py:2371} INFO - Sync 1 DAGs
[2023-04-02 18:22:18,667] {logging_mixin.py:115} INFO - [2023-04-02 18:22:18,667] {dag.py:2919} INFO - Setting next_dagrun for example_branch_datetime_operator_2 to 2023-04-01T00:00:00+00:00, run_after=2023-04-02T00:00:00+00:00
[2023-04-02 18:22:18,680] {processor.py:161} INFO - Processing /home/airflow/.local/lib/python3.7/site-packages/airflow/example_dags/example_branch_datetime_operator.py took 0.096 seconds
[2023-04-02 18:22:48,894] {processor.py:153} INFO - Started process (PID=3293) to work on /home/airflow/.local/lib/python3.7/site-packages/airflow/example_dags/example_branch_datetime_operator.py
[2023-04-02 18:22:48,895] {processor.py:641} INFO - Processing file /home/airflow/.local/lib/python3.7/site-packages/airflow/example_dags/example_branch_datetime_operator.py for tasks to queue
[2023-04-02 18:22:48,896] {logging_mixin.py:115} INFO - [2023-04-02 18:22:48,896] {dagbag.py:507} INFO - Filling up the DagBag from /home/airflow/.local/lib/python3.7/site-packages/airflow/example_dags/example_branch_datetime_operator.py
[2023-04-02 18:22:48,905] {processor.py:651} INFO - DAG(s) dict_keys(['example_branch_datetime_operator_2']) retrieved from /home/airflow/.local/lib/python3.7/site-packages/airflow/example_dags/example_branch_datetime_operator.py
[2023-04-02 18:22:48,934] {logging_mixin.py:115} INFO - [2023-04-02 18:22:48,934] {dag.py:2371} INFO - Sync 1 DAGs
[2023-04-02 18:22:48,959] {logging_mixin.py:115} INFO - [2023-04-02 18:22:48,959] {dag.py:2919} INFO - Setting next_dagrun for example_branch_datetime_operator_2 to 2023-04-01T00:00:00+00:00, run_after=2023-04-02T00:00:00+00:00
[2023-04-02 18:22:48,971] {processor.py:161} INFO - Processing /home/airflow/.local/lib/python3.7/site-packages/airflow/example_dags/example_branch_datetime_operator.py took 0.081 seconds
[2023-04-02 18:23:19,226] {processor.py:153} INFO - Started process (PID=3349) to work on /home/airflow/.local/lib/python3.7/site-packages/airflow/example_dags/example_branch_datetime_operator.py
[2023-04-02 18:23:19,227] {processor.py:641} INFO - Processing file /home/airflow/.local/lib/python3.7/site-packages/airflow/example_dags/example_branch_datetime_operator.py for tasks to queue
[2023-04-02 18:23:19,228] {logging_mixin.py:115} INFO - [2023-04-02 18:23:19,228] {dagbag.py:507} INFO - Filling up the DagBag from /home/airflow/.local/lib/python3.7/site-packages/airflow/example_dags/example_branch_datetime_operator.py
[2023-04-02 18:23:19,238] {processor.py:651} INFO - DAG(s) dict_keys(['example_branch_datetime_operator_2']) retrieved from /home/airflow/.local/lib/python3.7/site-packages/airflow/example_dags/example_branch_datetime_operator.py
[2023-04-02 18:23:19,269] {logging_mixin.py:115} INFO - [2023-04-02 18:23:19,269] {dag.py:2371} INFO - Sync 1 DAGs
[2023-04-02 18:23:19,294] {logging_mixin.py:115} INFO - [2023-04-02 18:23:19,294] {dag.py:2919} INFO - Setting next_dagrun for example_branch_datetime_operator_2 to 2023-04-01T00:00:00+00:00, run_after=2023-04-02T00:00:00+00:00
[2023-04-02 18:23:19,308] {processor.py:161} INFO - Processing /home/airflow/.local/lib/python3.7/site-packages/airflow/example_dags/example_branch_datetime_operator.py took 0.087 seconds
