[2023-04-02 17:55:26,661] {processor.py:153} INFO - Started process (PID=64) to work on /home/airflow/.local/lib/python3.7/site-packages/airflow/example_dags/example_branch_operator.py
[2023-04-02 17:55:26,664] {processor.py:641} INFO - Processing file /home/airflow/.local/lib/python3.7/site-packages/airflow/example_dags/example_branch_operator.py for tasks to queue
[2023-04-02 17:55:26,666] {logging_mixin.py:115} INFO - [2023-04-02 17:55:26,666] {dagbag.py:507} INFO - Filling up the DagBag from /home/airflow/.local/lib/python3.7/site-packages/airflow/example_dags/example_branch_operator.py
[2023-04-02 17:55:26,686] {processor.py:651} INFO - DAG(s) dict_keys(['example_branch_operator']) retrieved from /home/airflow/.local/lib/python3.7/site-packages/airflow/example_dags/example_branch_operator.py
[2023-04-02 17:55:27,039] {logging_mixin.py:115} INFO - [2023-04-02 17:55:27,039] {manager.py:508} INFO - Created Permission View: can edit on DAG:example_branch_operator
[2023-04-02 17:55:27,056] {logging_mixin.py:115} INFO - [2023-04-02 17:55:27,056] {manager.py:508} INFO - Created Permission View: can delete on DAG:example_branch_operator
[2023-04-02 17:55:27,071] {logging_mixin.py:115} INFO - [2023-04-02 17:55:27,071] {manager.py:508} INFO - Created Permission View: can read on DAG:example_branch_operator
[2023-04-02 17:55:27,073] {logging_mixin.py:115} INFO - [2023-04-02 17:55:27,073] {dag.py:2371} INFO - Sync 1 DAGs
[2023-04-02 17:55:27,087] {logging_mixin.py:115} INFO - [2023-04-02 17:55:27,087] {dag.py:2390} INFO - Creating ORM DAG for example_branch_operator
[2023-04-02 17:55:27,113] {logging_mixin.py:115} INFO - [2023-04-02 17:55:27,113] {dag.py:2919} INFO - Setting next_dagrun for example_branch_operator to 2023-04-01T00:00:00+00:00, run_after=2023-04-02T00:00:00+00:00
[2023-04-02 17:55:27,141] {processor.py:161} INFO - Processing /home/airflow/.local/lib/python3.7/site-packages/airflow/example_dags/example_branch_operator.py took 0.487 seconds
[2023-04-02 17:55:57,364] {processor.py:153} INFO - Started process (PID=125) to work on /home/airflow/.local/lib/python3.7/site-packages/airflow/example_dags/example_branch_operator.py
[2023-04-02 17:55:57,365] {processor.py:641} INFO - Processing file /home/airflow/.local/lib/python3.7/site-packages/airflow/example_dags/example_branch_operator.py for tasks to queue
[2023-04-02 17:55:57,367] {logging_mixin.py:115} INFO - [2023-04-02 17:55:57,367] {dagbag.py:507} INFO - Filling up the DagBag from /home/airflow/.local/lib/python3.7/site-packages/airflow/example_dags/example_branch_operator.py
[2023-04-02 17:55:57,380] {processor.py:651} INFO - DAG(s) dict_keys(['example_branch_operator']) retrieved from /home/airflow/.local/lib/python3.7/site-packages/airflow/example_dags/example_branch_operator.py
[2023-04-02 17:55:57,412] {logging_mixin.py:115} INFO - [2023-04-02 17:55:57,412] {dag.py:2371} INFO - Sync 1 DAGs
[2023-04-02 17:55:57,442] {logging_mixin.py:115} INFO - [2023-04-02 17:55:57,441] {dag.py:2919} INFO - Setting next_dagrun for example_branch_operator to 2023-04-01T00:00:00+00:00, run_after=2023-04-02T00:00:00+00:00
[2023-04-02 17:55:57,455] {processor.py:161} INFO - Processing /home/airflow/.local/lib/python3.7/site-packages/airflow/example_dags/example_branch_operator.py took 0.095 seconds
[2023-04-02 17:56:28,329] {processor.py:153} INFO - Started process (PID=177) to work on /home/airflow/.local/lib/python3.7/site-packages/airflow/example_dags/example_branch_operator.py
[2023-04-02 17:56:28,331] {processor.py:641} INFO - Processing file /home/airflow/.local/lib/python3.7/site-packages/airflow/example_dags/example_branch_operator.py for tasks to queue
[2023-04-02 17:56:28,332] {logging_mixin.py:115} INFO - [2023-04-02 17:56:28,332] {dagbag.py:507} INFO - Filling up the DagBag from /home/airflow/.local/lib/python3.7/site-packages/airflow/example_dags/example_branch_operator.py
[2023-04-02 17:56:28,345] {processor.py:651} INFO - DAG(s) dict_keys(['example_branch_operator']) retrieved from /home/airflow/.local/lib/python3.7/site-packages/airflow/example_dags/example_branch_operator.py
[2023-04-02 17:56:28,382] {logging_mixin.py:115} INFO - [2023-04-02 17:56:28,382] {dag.py:2371} INFO - Sync 1 DAGs
[2023-04-02 17:56:28,409] {logging_mixin.py:115} INFO - [2023-04-02 17:56:28,409] {dag.py:2919} INFO - Setting next_dagrun for example_branch_operator to 2023-04-01T00:00:00+00:00, run_after=2023-04-02T00:00:00+00:00
[2023-04-02 17:56:28,421] {processor.py:161} INFO - Processing /home/airflow/.local/lib/python3.7/site-packages/airflow/example_dags/example_branch_operator.py took 0.096 seconds
[2023-04-02 17:56:59,184] {processor.py:153} INFO - Started process (PID=238) to work on /home/airflow/.local/lib/python3.7/site-packages/airflow/example_dags/example_branch_operator.py
[2023-04-02 17:56:59,185] {processor.py:641} INFO - Processing file /home/airflow/.local/lib/python3.7/site-packages/airflow/example_dags/example_branch_operator.py for tasks to queue
[2023-04-02 17:56:59,187] {logging_mixin.py:115} INFO - [2023-04-02 17:56:59,187] {dagbag.py:507} INFO - Filling up the DagBag from /home/airflow/.local/lib/python3.7/site-packages/airflow/example_dags/example_branch_operator.py
[2023-04-02 17:56:59,202] {processor.py:651} INFO - DAG(s) dict_keys(['example_branch_operator']) retrieved from /home/airflow/.local/lib/python3.7/site-packages/airflow/example_dags/example_branch_operator.py
[2023-04-02 17:56:59,238] {logging_mixin.py:115} INFO - [2023-04-02 17:56:59,238] {dag.py:2371} INFO - Sync 1 DAGs
[2023-04-02 17:56:59,268] {logging_mixin.py:115} INFO - [2023-04-02 17:56:59,268] {dag.py:2919} INFO - Setting next_dagrun for example_branch_operator to 2023-04-01T00:00:00+00:00, run_after=2023-04-02T00:00:00+00:00
[2023-04-02 17:56:59,280] {processor.py:161} INFO - Processing /home/airflow/.local/lib/python3.7/site-packages/airflow/example_dags/example_branch_operator.py took 0.100 seconds
[2023-04-02 17:57:30,164] {processor.py:153} INFO - Started process (PID=299) to work on /home/airflow/.local/lib/python3.7/site-packages/airflow/example_dags/example_branch_operator.py
[2023-04-02 17:57:30,166] {processor.py:641} INFO - Processing file /home/airflow/.local/lib/python3.7/site-packages/airflow/example_dags/example_branch_operator.py for tasks to queue
[2023-04-02 17:57:30,168] {logging_mixin.py:115} INFO - [2023-04-02 17:57:30,168] {dagbag.py:507} INFO - Filling up the DagBag from /home/airflow/.local/lib/python3.7/site-packages/airflow/example_dags/example_branch_operator.py
[2023-04-02 17:57:30,184] {processor.py:651} INFO - DAG(s) dict_keys(['example_branch_operator']) retrieved from /home/airflow/.local/lib/python3.7/site-packages/airflow/example_dags/example_branch_operator.py
[2023-04-02 17:57:30,220] {logging_mixin.py:115} INFO - [2023-04-02 17:57:30,220] {dag.py:2371} INFO - Sync 1 DAGs
[2023-04-02 17:57:30,249] {logging_mixin.py:115} INFO - [2023-04-02 17:57:30,249] {dag.py:2919} INFO - Setting next_dagrun for example_branch_operator to 2023-04-01T00:00:00+00:00, run_after=2023-04-02T00:00:00+00:00
[2023-04-02 17:57:30,262] {processor.py:161} INFO - Processing /home/airflow/.local/lib/python3.7/site-packages/airflow/example_dags/example_branch_operator.py took 0.104 seconds
[2023-04-02 17:58:01,379] {processor.py:153} INFO - Started process (PID=360) to work on /home/airflow/.local/lib/python3.7/site-packages/airflow/example_dags/example_branch_operator.py
[2023-04-02 17:58:01,381] {processor.py:641} INFO - Processing file /home/airflow/.local/lib/python3.7/site-packages/airflow/example_dags/example_branch_operator.py for tasks to queue
[2023-04-02 17:58:01,382] {logging_mixin.py:115} INFO - [2023-04-02 17:58:01,382] {dagbag.py:507} INFO - Filling up the DagBag from /home/airflow/.local/lib/python3.7/site-packages/airflow/example_dags/example_branch_operator.py
[2023-04-02 17:58:01,395] {processor.py:651} INFO - DAG(s) dict_keys(['example_branch_operator']) retrieved from /home/airflow/.local/lib/python3.7/site-packages/airflow/example_dags/example_branch_operator.py
[2023-04-02 17:58:01,429] {logging_mixin.py:115} INFO - [2023-04-02 17:58:01,428] {dag.py:2371} INFO - Sync 1 DAGs
[2023-04-02 17:58:01,457] {logging_mixin.py:115} INFO - [2023-04-02 17:58:01,457] {dag.py:2919} INFO - Setting next_dagrun for example_branch_operator to 2023-04-01T00:00:00+00:00, run_after=2023-04-02T00:00:00+00:00
[2023-04-02 17:58:01,472] {processor.py:161} INFO - Processing /home/airflow/.local/lib/python3.7/site-packages/airflow/example_dags/example_branch_operator.py took 0.097 seconds
[2023-04-02 17:58:32,532] {processor.py:153} INFO - Started process (PID=412) to work on /home/airflow/.local/lib/python3.7/site-packages/airflow/example_dags/example_branch_operator.py
[2023-04-02 17:58:32,533] {processor.py:641} INFO - Processing file /home/airflow/.local/lib/python3.7/site-packages/airflow/example_dags/example_branch_operator.py for tasks to queue
[2023-04-02 17:58:32,535] {logging_mixin.py:115} INFO - [2023-04-02 17:58:32,535] {dagbag.py:507} INFO - Filling up the DagBag from /home/airflow/.local/lib/python3.7/site-packages/airflow/example_dags/example_branch_operator.py
[2023-04-02 17:58:32,547] {processor.py:651} INFO - DAG(s) dict_keys(['example_branch_operator']) retrieved from /home/airflow/.local/lib/python3.7/site-packages/airflow/example_dags/example_branch_operator.py
[2023-04-02 17:58:32,579] {logging_mixin.py:115} INFO - [2023-04-02 17:58:32,579] {dag.py:2371} INFO - Sync 1 DAGs
[2023-04-02 17:58:32,606] {logging_mixin.py:115} INFO - [2023-04-02 17:58:32,606] {dag.py:2919} INFO - Setting next_dagrun for example_branch_operator to 2023-04-01T00:00:00+00:00, run_after=2023-04-02T00:00:00+00:00
[2023-04-02 17:58:32,618] {processor.py:161} INFO - Processing /home/airflow/.local/lib/python3.7/site-packages/airflow/example_dags/example_branch_operator.py took 0.090 seconds
[2023-04-02 17:59:03,497] {processor.py:153} INFO - Started process (PID=474) to work on /home/airflow/.local/lib/python3.7/site-packages/airflow/example_dags/example_branch_operator.py
[2023-04-02 17:59:03,499] {processor.py:641} INFO - Processing file /home/airflow/.local/lib/python3.7/site-packages/airflow/example_dags/example_branch_operator.py for tasks to queue
[2023-04-02 17:59:03,501] {logging_mixin.py:115} INFO - [2023-04-02 17:59:03,501] {dagbag.py:507} INFO - Filling up the DagBag from /home/airflow/.local/lib/python3.7/site-packages/airflow/example_dags/example_branch_operator.py
[2023-04-02 17:59:03,515] {processor.py:651} INFO - DAG(s) dict_keys(['example_branch_operator']) retrieved from /home/airflow/.local/lib/python3.7/site-packages/airflow/example_dags/example_branch_operator.py
[2023-04-02 17:59:03,546] {logging_mixin.py:115} INFO - [2023-04-02 17:59:03,546] {dag.py:2371} INFO - Sync 1 DAGs
[2023-04-02 17:59:03,574] {logging_mixin.py:115} INFO - [2023-04-02 17:59:03,574] {dag.py:2919} INFO - Setting next_dagrun for example_branch_operator to 2023-04-01T00:00:00+00:00, run_after=2023-04-02T00:00:00+00:00
[2023-04-02 17:59:03,588] {processor.py:161} INFO - Processing /home/airflow/.local/lib/python3.7/site-packages/airflow/example_dags/example_branch_operator.py took 0.095 seconds
[2023-04-02 17:59:33,818] {processor.py:153} INFO - Started process (PID=535) to work on /home/airflow/.local/lib/python3.7/site-packages/airflow/example_dags/example_branch_operator.py
[2023-04-02 17:59:33,820] {processor.py:641} INFO - Processing file /home/airflow/.local/lib/python3.7/site-packages/airflow/example_dags/example_branch_operator.py for tasks to queue
[2023-04-02 17:59:33,822] {logging_mixin.py:115} INFO - [2023-04-02 17:59:33,822] {dagbag.py:507} INFO - Filling up the DagBag from /home/airflow/.local/lib/python3.7/site-packages/airflow/example_dags/example_branch_operator.py
[2023-04-02 17:59:33,836] {processor.py:651} INFO - DAG(s) dict_keys(['example_branch_operator']) retrieved from /home/airflow/.local/lib/python3.7/site-packages/airflow/example_dags/example_branch_operator.py
[2023-04-02 17:59:33,870] {logging_mixin.py:115} INFO - [2023-04-02 17:59:33,870] {dag.py:2371} INFO - Sync 1 DAGs
[2023-04-02 17:59:33,900] {logging_mixin.py:115} INFO - [2023-04-02 17:59:33,900] {dag.py:2919} INFO - Setting next_dagrun for example_branch_operator to 2023-04-01T00:00:00+00:00, run_after=2023-04-02T00:00:00+00:00
[2023-04-02 17:59:33,913] {processor.py:161} INFO - Processing /home/airflow/.local/lib/python3.7/site-packages/airflow/example_dags/example_branch_operator.py took 0.100 seconds
[2023-04-02 18:00:04,289] {processor.py:153} INFO - Started process (PID=596) to work on /home/airflow/.local/lib/python3.7/site-packages/airflow/example_dags/example_branch_operator.py
[2023-04-02 18:00:04,291] {processor.py:641} INFO - Processing file /home/airflow/.local/lib/python3.7/site-packages/airflow/example_dags/example_branch_operator.py for tasks to queue
[2023-04-02 18:00:04,293] {logging_mixin.py:115} INFO - [2023-04-02 18:00:04,292] {dagbag.py:507} INFO - Filling up the DagBag from /home/airflow/.local/lib/python3.7/site-packages/airflow/example_dags/example_branch_operator.py
[2023-04-02 18:00:04,314] {processor.py:651} INFO - DAG(s) dict_keys(['example_branch_operator']) retrieved from /home/airflow/.local/lib/python3.7/site-packages/airflow/example_dags/example_branch_operator.py
[2023-04-02 18:00:04,357] {logging_mixin.py:115} INFO - [2023-04-02 18:00:04,357] {dag.py:2371} INFO - Sync 1 DAGs
[2023-04-02 18:00:04,397] {logging_mixin.py:115} INFO - [2023-04-02 18:00:04,397] {dag.py:2919} INFO - Setting next_dagrun for example_branch_operator to 2023-04-01T00:00:00+00:00, run_after=2023-04-02T00:00:00+00:00
[2023-04-02 18:00:04,417] {processor.py:161} INFO - Processing /home/airflow/.local/lib/python3.7/site-packages/airflow/example_dags/example_branch_operator.py took 0.134 seconds
[2023-04-02 18:00:35,092] {processor.py:153} INFO - Started process (PID=650) to work on /home/airflow/.local/lib/python3.7/site-packages/airflow/example_dags/example_branch_operator.py
[2023-04-02 18:00:35,093] {processor.py:641} INFO - Processing file /home/airflow/.local/lib/python3.7/site-packages/airflow/example_dags/example_branch_operator.py for tasks to queue
[2023-04-02 18:00:35,094] {logging_mixin.py:115} INFO - [2023-04-02 18:00:35,094] {dagbag.py:507} INFO - Filling up the DagBag from /home/airflow/.local/lib/python3.7/site-packages/airflow/example_dags/example_branch_operator.py
[2023-04-02 18:00:35,107] {processor.py:651} INFO - DAG(s) dict_keys(['example_branch_operator']) retrieved from /home/airflow/.local/lib/python3.7/site-packages/airflow/example_dags/example_branch_operator.py
[2023-04-02 18:00:35,142] {logging_mixin.py:115} INFO - [2023-04-02 18:00:35,142] {dag.py:2371} INFO - Sync 1 DAGs
[2023-04-02 18:00:35,293] {logging_mixin.py:115} INFO - [2023-04-02 18:00:35,293] {dag.py:2919} INFO - Setting next_dagrun for example_branch_operator to 2023-04-01T00:00:00+00:00, run_after=2023-04-02T00:00:00+00:00
[2023-04-02 18:00:35,309] {processor.py:161} INFO - Processing /home/airflow/.local/lib/python3.7/site-packages/airflow/example_dags/example_branch_operator.py took 0.221 seconds
[2023-04-02 18:01:05,821] {processor.py:153} INFO - Started process (PID=713) to work on /home/airflow/.local/lib/python3.7/site-packages/airflow/example_dags/example_branch_operator.py
[2023-04-02 18:01:05,823] {processor.py:641} INFO - Processing file /home/airflow/.local/lib/python3.7/site-packages/airflow/example_dags/example_branch_operator.py for tasks to queue
[2023-04-02 18:01:05,824] {logging_mixin.py:115} INFO - [2023-04-02 18:01:05,824] {dagbag.py:507} INFO - Filling up the DagBag from /home/airflow/.local/lib/python3.7/site-packages/airflow/example_dags/example_branch_operator.py
[2023-04-02 18:01:05,838] {processor.py:651} INFO - DAG(s) dict_keys(['example_branch_operator']) retrieved from /home/airflow/.local/lib/python3.7/site-packages/airflow/example_dags/example_branch_operator.py
[2023-04-02 18:01:05,868] {logging_mixin.py:115} INFO - [2023-04-02 18:01:05,868] {dag.py:2371} INFO - Sync 1 DAGs
[2023-04-02 18:01:06,007] {logging_mixin.py:115} INFO - [2023-04-02 18:01:06,007] {dag.py:2919} INFO - Setting next_dagrun for example_branch_operator to 2023-04-01T00:00:00+00:00, run_after=2023-04-02T00:00:00+00:00
[2023-04-02 18:01:06,023] {processor.py:161} INFO - Processing /home/airflow/.local/lib/python3.7/site-packages/airflow/example_dags/example_branch_operator.py took 0.206 seconds
[2023-04-02 18:01:36,191] {processor.py:153} INFO - Started process (PID=780) to work on /home/airflow/.local/lib/python3.7/site-packages/airflow/example_dags/example_branch_operator.py
[2023-04-02 18:01:36,193] {processor.py:641} INFO - Processing file /home/airflow/.local/lib/python3.7/site-packages/airflow/example_dags/example_branch_operator.py for tasks to queue
[2023-04-02 18:01:36,195] {logging_mixin.py:115} INFO - [2023-04-02 18:01:36,194] {dagbag.py:507} INFO - Filling up the DagBag from /home/airflow/.local/lib/python3.7/site-packages/airflow/example_dags/example_branch_operator.py
[2023-04-02 18:01:36,210] {processor.py:651} INFO - DAG(s) dict_keys(['example_branch_operator']) retrieved from /home/airflow/.local/lib/python3.7/site-packages/airflow/example_dags/example_branch_operator.py
[2023-04-02 18:01:36,249] {logging_mixin.py:115} INFO - [2023-04-02 18:01:36,249] {dag.py:2371} INFO - Sync 1 DAGs
[2023-04-02 18:01:36,394] {logging_mixin.py:115} INFO - [2023-04-02 18:01:36,393] {dag.py:2919} INFO - Setting next_dagrun for example_branch_operator to 2023-04-01T00:00:00+00:00, run_after=2023-04-02T00:00:00+00:00
[2023-04-02 18:01:36,408] {processor.py:161} INFO - Processing /home/airflow/.local/lib/python3.7/site-packages/airflow/example_dags/example_branch_operator.py took 0.222 seconds
[2023-04-02 18:02:06,572] {processor.py:153} INFO - Started process (PID=834) to work on /home/airflow/.local/lib/python3.7/site-packages/airflow/example_dags/example_branch_operator.py
[2023-04-02 18:02:06,574] {processor.py:641} INFO - Processing file /home/airflow/.local/lib/python3.7/site-packages/airflow/example_dags/example_branch_operator.py for tasks to queue
[2023-04-02 18:02:06,575] {logging_mixin.py:115} INFO - [2023-04-02 18:02:06,575] {dagbag.py:507} INFO - Filling up the DagBag from /home/airflow/.local/lib/python3.7/site-packages/airflow/example_dags/example_branch_operator.py
[2023-04-02 18:02:06,589] {processor.py:651} INFO - DAG(s) dict_keys(['example_branch_operator']) retrieved from /home/airflow/.local/lib/python3.7/site-packages/airflow/example_dags/example_branch_operator.py
[2023-04-02 18:02:06,619] {logging_mixin.py:115} INFO - [2023-04-02 18:02:06,619] {dag.py:2371} INFO - Sync 1 DAGs
[2023-04-02 18:02:06,760] {logging_mixin.py:115} INFO - [2023-04-02 18:02:06,760] {dag.py:2919} INFO - Setting next_dagrun for example_branch_operator to 2023-04-01T00:00:00+00:00, run_after=2023-04-02T00:00:00+00:00
[2023-04-02 18:02:06,777] {processor.py:161} INFO - Processing /home/airflow/.local/lib/python3.7/site-packages/airflow/example_dags/example_branch_operator.py took 0.209 seconds
[2023-04-02 18:02:37,068] {processor.py:153} INFO - Started process (PID=897) to work on /home/airflow/.local/lib/python3.7/site-packages/airflow/example_dags/example_branch_operator.py
[2023-04-02 18:02:37,070] {processor.py:641} INFO - Processing file /home/airflow/.local/lib/python3.7/site-packages/airflow/example_dags/example_branch_operator.py for tasks to queue
[2023-04-02 18:02:37,071] {logging_mixin.py:115} INFO - [2023-04-02 18:02:37,071] {dagbag.py:507} INFO - Filling up the DagBag from /home/airflow/.local/lib/python3.7/site-packages/airflow/example_dags/example_branch_operator.py
[2023-04-02 18:02:37,087] {processor.py:651} INFO - DAG(s) dict_keys(['example_branch_operator']) retrieved from /home/airflow/.local/lib/python3.7/site-packages/airflow/example_dags/example_branch_operator.py
[2023-04-02 18:02:37,123] {logging_mixin.py:115} INFO - [2023-04-02 18:02:37,122] {dag.py:2371} INFO - Sync 1 DAGs
[2023-04-02 18:02:37,271] {logging_mixin.py:115} INFO - [2023-04-02 18:02:37,271] {dag.py:2919} INFO - Setting next_dagrun for example_branch_operator to 2023-04-01T00:00:00+00:00, run_after=2023-04-02T00:00:00+00:00
[2023-04-02 18:02:37,286] {processor.py:161} INFO - Processing /home/airflow/.local/lib/python3.7/site-packages/airflow/example_dags/example_branch_operator.py took 0.223 seconds
[2023-04-02 18:03:07,400] {processor.py:153} INFO - Started process (PID=960) to work on /home/airflow/.local/lib/python3.7/site-packages/airflow/example_dags/example_branch_operator.py
[2023-04-02 18:03:07,402] {processor.py:641} INFO - Processing file /home/airflow/.local/lib/python3.7/site-packages/airflow/example_dags/example_branch_operator.py for tasks to queue
[2023-04-02 18:03:07,404] {logging_mixin.py:115} INFO - [2023-04-02 18:03:07,404] {dagbag.py:507} INFO - Filling up the DagBag from /home/airflow/.local/lib/python3.7/site-packages/airflow/example_dags/example_branch_operator.py
[2023-04-02 18:03:07,418] {processor.py:651} INFO - DAG(s) dict_keys(['example_branch_operator']) retrieved from /home/airflow/.local/lib/python3.7/site-packages/airflow/example_dags/example_branch_operator.py
[2023-04-02 18:03:07,449] {logging_mixin.py:115} INFO - [2023-04-02 18:03:07,449] {dag.py:2371} INFO - Sync 1 DAGs
[2023-04-02 18:03:07,599] {logging_mixin.py:115} INFO - [2023-04-02 18:03:07,598] {dag.py:2919} INFO - Setting next_dagrun for example_branch_operator to 2023-04-01T00:00:00+00:00, run_after=2023-04-02T00:00:00+00:00
[2023-04-02 18:03:07,613] {processor.py:161} INFO - Processing /home/airflow/.local/lib/python3.7/site-packages/airflow/example_dags/example_branch_operator.py took 0.217 seconds
[2023-04-02 18:03:37,994] {processor.py:153} INFO - Started process (PID=1014) to work on /home/airflow/.local/lib/python3.7/site-packages/airflow/example_dags/example_branch_operator.py
[2023-04-02 18:03:37,995] {processor.py:641} INFO - Processing file /home/airflow/.local/lib/python3.7/site-packages/airflow/example_dags/example_branch_operator.py for tasks to queue
[2023-04-02 18:03:37,997] {logging_mixin.py:115} INFO - [2023-04-02 18:03:37,997] {dagbag.py:507} INFO - Filling up the DagBag from /home/airflow/.local/lib/python3.7/site-packages/airflow/example_dags/example_branch_operator.py
[2023-04-02 18:03:38,011] {processor.py:651} INFO - DAG(s) dict_keys(['example_branch_operator']) retrieved from /home/airflow/.local/lib/python3.7/site-packages/airflow/example_dags/example_branch_operator.py
[2023-04-02 18:03:38,043] {logging_mixin.py:115} INFO - [2023-04-02 18:03:38,043] {dag.py:2371} INFO - Sync 1 DAGs
[2023-04-02 18:03:38,194] {logging_mixin.py:115} INFO - [2023-04-02 18:03:38,194] {dag.py:2919} INFO - Setting next_dagrun for example_branch_operator to 2023-04-01T00:00:00+00:00, run_after=2023-04-02T00:00:00+00:00
[2023-04-02 18:03:38,209] {processor.py:161} INFO - Processing /home/airflow/.local/lib/python3.7/site-packages/airflow/example_dags/example_branch_operator.py took 0.220 seconds
[2023-04-02 18:04:08,417] {processor.py:153} INFO - Started process (PID=1077) to work on /home/airflow/.local/lib/python3.7/site-packages/airflow/example_dags/example_branch_operator.py
[2023-04-02 18:04:08,419] {processor.py:641} INFO - Processing file /home/airflow/.local/lib/python3.7/site-packages/airflow/example_dags/example_branch_operator.py for tasks to queue
[2023-04-02 18:04:08,421] {logging_mixin.py:115} INFO - [2023-04-02 18:04:08,420] {dagbag.py:507} INFO - Filling up the DagBag from /home/airflow/.local/lib/python3.7/site-packages/airflow/example_dags/example_branch_operator.py
[2023-04-02 18:04:08,437] {processor.py:651} INFO - DAG(s) dict_keys(['example_branch_operator']) retrieved from /home/airflow/.local/lib/python3.7/site-packages/airflow/example_dags/example_branch_operator.py
[2023-04-02 18:04:08,477] {logging_mixin.py:115} INFO - [2023-04-02 18:04:08,477] {dag.py:2371} INFO - Sync 1 DAGs
[2023-04-02 18:04:08,627] {logging_mixin.py:115} INFO - [2023-04-02 18:04:08,627] {dag.py:2919} INFO - Setting next_dagrun for example_branch_operator to 2023-04-01T00:00:00+00:00, run_after=2023-04-02T00:00:00+00:00
[2023-04-02 18:04:08,642] {processor.py:161} INFO - Processing /home/airflow/.local/lib/python3.7/site-packages/airflow/example_dags/example_branch_operator.py took 0.229 seconds
[2023-04-02 18:04:39,041] {processor.py:153} INFO - Started process (PID=1140) to work on /home/airflow/.local/lib/python3.7/site-packages/airflow/example_dags/example_branch_operator.py
[2023-04-02 18:04:39,043] {processor.py:641} INFO - Processing file /home/airflow/.local/lib/python3.7/site-packages/airflow/example_dags/example_branch_operator.py for tasks to queue
[2023-04-02 18:04:39,045] {logging_mixin.py:115} INFO - [2023-04-02 18:04:39,045] {dagbag.py:507} INFO - Filling up the DagBag from /home/airflow/.local/lib/python3.7/site-packages/airflow/example_dags/example_branch_operator.py
[2023-04-02 18:04:39,058] {processor.py:651} INFO - DAG(s) dict_keys(['example_branch_operator']) retrieved from /home/airflow/.local/lib/python3.7/site-packages/airflow/example_dags/example_branch_operator.py
[2023-04-02 18:04:39,091] {logging_mixin.py:115} INFO - [2023-04-02 18:04:39,091] {dag.py:2371} INFO - Sync 1 DAGs
[2023-04-02 18:04:39,246] {logging_mixin.py:115} INFO - [2023-04-02 18:04:39,246] {dag.py:2919} INFO - Setting next_dagrun for example_branch_operator to 2023-04-01T00:00:00+00:00, run_after=2023-04-02T00:00:00+00:00
[2023-04-02 18:04:39,261] {processor.py:161} INFO - Processing /home/airflow/.local/lib/python3.7/site-packages/airflow/example_dags/example_branch_operator.py took 0.224 seconds
[2023-04-02 18:05:09,636] {processor.py:153} INFO - Started process (PID=1201) to work on /home/airflow/.local/lib/python3.7/site-packages/airflow/example_dags/example_branch_operator.py
[2023-04-02 18:05:09,638] {processor.py:641} INFO - Processing file /home/airflow/.local/lib/python3.7/site-packages/airflow/example_dags/example_branch_operator.py for tasks to queue
[2023-04-02 18:05:09,641] {logging_mixin.py:115} INFO - [2023-04-02 18:05:09,641] {dagbag.py:507} INFO - Filling up the DagBag from /home/airflow/.local/lib/python3.7/site-packages/airflow/example_dags/example_branch_operator.py
[2023-04-02 18:05:09,658] {processor.py:651} INFO - DAG(s) dict_keys(['example_branch_operator']) retrieved from /home/airflow/.local/lib/python3.7/site-packages/airflow/example_dags/example_branch_operator.py
[2023-04-02 18:05:09,697] {logging_mixin.py:115} INFO - [2023-04-02 18:05:09,697] {dag.py:2371} INFO - Sync 1 DAGs
[2023-04-02 18:05:09,877] {logging_mixin.py:115} INFO - [2023-04-02 18:05:09,877] {dag.py:2919} INFO - Setting next_dagrun for example_branch_operator to 2023-04-01T00:00:00+00:00, run_after=2023-04-02T00:00:00+00:00
[2023-04-02 18:05:09,894] {processor.py:161} INFO - Processing /home/airflow/.local/lib/python3.7/site-packages/airflow/example_dags/example_branch_operator.py took 0.263 seconds
[2023-04-02 18:05:40,076] {processor.py:153} INFO - Started process (PID=1258) to work on /home/airflow/.local/lib/python3.7/site-packages/airflow/example_dags/example_branch_operator.py
[2023-04-02 18:05:40,078] {processor.py:641} INFO - Processing file /home/airflow/.local/lib/python3.7/site-packages/airflow/example_dags/example_branch_operator.py for tasks to queue
[2023-04-02 18:05:40,079] {logging_mixin.py:115} INFO - [2023-04-02 18:05:40,079] {dagbag.py:507} INFO - Filling up the DagBag from /home/airflow/.local/lib/python3.7/site-packages/airflow/example_dags/example_branch_operator.py
[2023-04-02 18:05:40,093] {processor.py:651} INFO - DAG(s) dict_keys(['example_branch_operator']) retrieved from /home/airflow/.local/lib/python3.7/site-packages/airflow/example_dags/example_branch_operator.py
[2023-04-02 18:05:40,122] {logging_mixin.py:115} INFO - [2023-04-02 18:05:40,122] {dag.py:2371} INFO - Sync 1 DAGs
[2023-04-02 18:05:40,266] {logging_mixin.py:115} INFO - [2023-04-02 18:05:40,266] {dag.py:2919} INFO - Setting next_dagrun for example_branch_operator to 2023-04-01T00:00:00+00:00, run_after=2023-04-02T00:00:00+00:00
[2023-04-02 18:05:40,279] {processor.py:161} INFO - Processing /home/airflow/.local/lib/python3.7/site-packages/airflow/example_dags/example_branch_operator.py took 0.207 seconds
[2023-04-02 18:06:11,014] {processor.py:153} INFO - Started process (PID=1322) to work on /home/airflow/.local/lib/python3.7/site-packages/airflow/example_dags/example_branch_operator.py
[2023-04-02 18:06:11,015] {processor.py:641} INFO - Processing file /home/airflow/.local/lib/python3.7/site-packages/airflow/example_dags/example_branch_operator.py for tasks to queue
[2023-04-02 18:06:11,017] {logging_mixin.py:115} INFO - [2023-04-02 18:06:11,017] {dagbag.py:507} INFO - Filling up the DagBag from /home/airflow/.local/lib/python3.7/site-packages/airflow/example_dags/example_branch_operator.py
[2023-04-02 18:06:11,030] {processor.py:651} INFO - DAG(s) dict_keys(['example_branch_operator']) retrieved from /home/airflow/.local/lib/python3.7/site-packages/airflow/example_dags/example_branch_operator.py
[2023-04-02 18:06:11,061] {logging_mixin.py:115} INFO - [2023-04-02 18:06:11,061] {dag.py:2371} INFO - Sync 1 DAGs
[2023-04-02 18:06:11,202] {logging_mixin.py:115} INFO - [2023-04-02 18:06:11,202] {dag.py:2919} INFO - Setting next_dagrun for example_branch_operator to 2023-04-01T00:00:00+00:00, run_after=2023-04-02T00:00:00+00:00
[2023-04-02 18:06:11,216] {processor.py:161} INFO - Processing /home/airflow/.local/lib/python3.7/site-packages/airflow/example_dags/example_branch_operator.py took 0.206 seconds
[2023-04-02 18:06:41,934] {processor.py:153} INFO - Started process (PID=1385) to work on /home/airflow/.local/lib/python3.7/site-packages/airflow/example_dags/example_branch_operator.py
[2023-04-02 18:06:41,937] {processor.py:641} INFO - Processing file /home/airflow/.local/lib/python3.7/site-packages/airflow/example_dags/example_branch_operator.py for tasks to queue
[2023-04-02 18:06:41,939] {logging_mixin.py:115} INFO - [2023-04-02 18:06:41,939] {dagbag.py:507} INFO - Filling up the DagBag from /home/airflow/.local/lib/python3.7/site-packages/airflow/example_dags/example_branch_operator.py
[2023-04-02 18:06:41,956] {processor.py:651} INFO - DAG(s) dict_keys(['example_branch_operator']) retrieved from /home/airflow/.local/lib/python3.7/site-packages/airflow/example_dags/example_branch_operator.py
[2023-04-02 18:06:41,993] {logging_mixin.py:115} INFO - [2023-04-02 18:06:41,993] {dag.py:2371} INFO - Sync 1 DAGs
[2023-04-02 18:06:42,141] {logging_mixin.py:115} INFO - [2023-04-02 18:06:42,141] {dag.py:2919} INFO - Setting next_dagrun for example_branch_operator to 2023-04-01T00:00:00+00:00, run_after=2023-04-02T00:00:00+00:00
[2023-04-02 18:06:42,156] {processor.py:161} INFO - Processing /home/airflow/.local/lib/python3.7/site-packages/airflow/example_dags/example_branch_operator.py took 0.226 seconds
[2023-04-02 18:07:12,562] {processor.py:153} INFO - Started process (PID=1439) to work on /home/airflow/.local/lib/python3.7/site-packages/airflow/example_dags/example_branch_operator.py
[2023-04-02 18:07:12,563] {processor.py:641} INFO - Processing file /home/airflow/.local/lib/python3.7/site-packages/airflow/example_dags/example_branch_operator.py for tasks to queue
[2023-04-02 18:07:12,564] {logging_mixin.py:115} INFO - [2023-04-02 18:07:12,564] {dagbag.py:507} INFO - Filling up the DagBag from /home/airflow/.local/lib/python3.7/site-packages/airflow/example_dags/example_branch_operator.py
[2023-04-02 18:07:12,577] {processor.py:651} INFO - DAG(s) dict_keys(['example_branch_operator']) retrieved from /home/airflow/.local/lib/python3.7/site-packages/airflow/example_dags/example_branch_operator.py
[2023-04-02 18:07:12,607] {logging_mixin.py:115} INFO - [2023-04-02 18:07:12,607] {dag.py:2371} INFO - Sync 1 DAGs
[2023-04-02 18:07:12,750] {logging_mixin.py:115} INFO - [2023-04-02 18:07:12,750] {dag.py:2919} INFO - Setting next_dagrun for example_branch_operator to 2023-04-01T00:00:00+00:00, run_after=2023-04-02T00:00:00+00:00
[2023-04-02 18:07:12,763] {processor.py:161} INFO - Processing /home/airflow/.local/lib/python3.7/site-packages/airflow/example_dags/example_branch_operator.py took 0.205 seconds
[2023-04-02 18:07:43,157] {processor.py:153} INFO - Started process (PID=1503) to work on /home/airflow/.local/lib/python3.7/site-packages/airflow/example_dags/example_branch_operator.py
[2023-04-02 18:07:43,158] {processor.py:641} INFO - Processing file /home/airflow/.local/lib/python3.7/site-packages/airflow/example_dags/example_branch_operator.py for tasks to queue
[2023-04-02 18:07:43,159] {logging_mixin.py:115} INFO - [2023-04-02 18:07:43,159] {dagbag.py:507} INFO - Filling up the DagBag from /home/airflow/.local/lib/python3.7/site-packages/airflow/example_dags/example_branch_operator.py
[2023-04-02 18:07:43,172] {processor.py:651} INFO - DAG(s) dict_keys(['example_branch_operator']) retrieved from /home/airflow/.local/lib/python3.7/site-packages/airflow/example_dags/example_branch_operator.py
[2023-04-02 18:07:43,202] {logging_mixin.py:115} INFO - [2023-04-02 18:07:43,202] {dag.py:2371} INFO - Sync 1 DAGs
[2023-04-02 18:07:43,343] {logging_mixin.py:115} INFO - [2023-04-02 18:07:43,343] {dag.py:2919} INFO - Setting next_dagrun for example_branch_operator to 2023-04-01T00:00:00+00:00, run_after=2023-04-02T00:00:00+00:00
[2023-04-02 18:07:43,357] {processor.py:161} INFO - Processing /home/airflow/.local/lib/python3.7/site-packages/airflow/example_dags/example_branch_operator.py took 0.204 seconds
[2023-04-02 18:08:14,041] {processor.py:153} INFO - Started process (PID=1566) to work on /home/airflow/.local/lib/python3.7/site-packages/airflow/example_dags/example_branch_operator.py
[2023-04-02 18:08:14,042] {processor.py:641} INFO - Processing file /home/airflow/.local/lib/python3.7/site-packages/airflow/example_dags/example_branch_operator.py for tasks to queue
[2023-04-02 18:08:14,043] {logging_mixin.py:115} INFO - [2023-04-02 18:08:14,043] {dagbag.py:507} INFO - Filling up the DagBag from /home/airflow/.local/lib/python3.7/site-packages/airflow/example_dags/example_branch_operator.py
[2023-04-02 18:08:14,055] {processor.py:651} INFO - DAG(s) dict_keys(['example_branch_operator']) retrieved from /home/airflow/.local/lib/python3.7/site-packages/airflow/example_dags/example_branch_operator.py
[2023-04-02 18:08:14,085] {logging_mixin.py:115} INFO - [2023-04-02 18:08:14,084] {dag.py:2371} INFO - Sync 1 DAGs
[2023-04-02 18:08:14,232] {logging_mixin.py:115} INFO - [2023-04-02 18:08:14,232] {dag.py:2919} INFO - Setting next_dagrun for example_branch_operator to 2023-04-01T00:00:00+00:00, run_after=2023-04-02T00:00:00+00:00
[2023-04-02 18:08:14,244] {processor.py:161} INFO - Processing /home/airflow/.local/lib/python3.7/site-packages/airflow/example_dags/example_branch_operator.py took 0.208 seconds
[2023-04-02 18:08:44,633] {processor.py:153} INFO - Started process (PID=1629) to work on /home/airflow/.local/lib/python3.7/site-packages/airflow/example_dags/example_branch_operator.py
[2023-04-02 18:08:44,634] {processor.py:641} INFO - Processing file /home/airflow/.local/lib/python3.7/site-packages/airflow/example_dags/example_branch_operator.py for tasks to queue
[2023-04-02 18:08:44,636] {logging_mixin.py:115} INFO - [2023-04-02 18:08:44,636] {dagbag.py:507} INFO - Filling up the DagBag from /home/airflow/.local/lib/python3.7/site-packages/airflow/example_dags/example_branch_operator.py
[2023-04-02 18:08:44,648] {processor.py:651} INFO - DAG(s) dict_keys(['example_branch_operator']) retrieved from /home/airflow/.local/lib/python3.7/site-packages/airflow/example_dags/example_branch_operator.py
[2023-04-02 18:08:44,678] {logging_mixin.py:115} INFO - [2023-04-02 18:08:44,678] {dag.py:2371} INFO - Sync 1 DAGs
[2023-04-02 18:08:44,818] {logging_mixin.py:115} INFO - [2023-04-02 18:08:44,818] {dag.py:2919} INFO - Setting next_dagrun for example_branch_operator to 2023-04-01T00:00:00+00:00, run_after=2023-04-02T00:00:00+00:00
[2023-04-02 18:08:44,829] {processor.py:161} INFO - Processing /home/airflow/.local/lib/python3.7/site-packages/airflow/example_dags/example_branch_operator.py took 0.200 seconds
[2023-04-02 18:09:15,266] {processor.py:153} INFO - Started process (PID=1683) to work on /home/airflow/.local/lib/python3.7/site-packages/airflow/example_dags/example_branch_operator.py
[2023-04-02 18:09:15,268] {processor.py:641} INFO - Processing file /home/airflow/.local/lib/python3.7/site-packages/airflow/example_dags/example_branch_operator.py for tasks to queue
[2023-04-02 18:09:15,269] {logging_mixin.py:115} INFO - [2023-04-02 18:09:15,269] {dagbag.py:507} INFO - Filling up the DagBag from /home/airflow/.local/lib/python3.7/site-packages/airflow/example_dags/example_branch_operator.py
[2023-04-02 18:09:15,282] {processor.py:651} INFO - DAG(s) dict_keys(['example_branch_operator']) retrieved from /home/airflow/.local/lib/python3.7/site-packages/airflow/example_dags/example_branch_operator.py
[2023-04-02 18:09:15,312] {logging_mixin.py:115} INFO - [2023-04-02 18:09:15,312] {dag.py:2371} INFO - Sync 1 DAGs
[2023-04-02 18:09:15,461] {logging_mixin.py:115} INFO - [2023-04-02 18:09:15,461] {dag.py:2919} INFO - Setting next_dagrun for example_branch_operator to 2023-04-01T00:00:00+00:00, run_after=2023-04-02T00:00:00+00:00
[2023-04-02 18:09:15,475] {processor.py:161} INFO - Processing /home/airflow/.local/lib/python3.7/site-packages/airflow/example_dags/example_branch_operator.py took 0.213 seconds
[2023-04-02 18:09:45,864] {processor.py:153} INFO - Started process (PID=1746) to work on /home/airflow/.local/lib/python3.7/site-packages/airflow/example_dags/example_branch_operator.py
[2023-04-02 18:09:45,865] {processor.py:641} INFO - Processing file /home/airflow/.local/lib/python3.7/site-packages/airflow/example_dags/example_branch_operator.py for tasks to queue
[2023-04-02 18:09:45,866] {logging_mixin.py:115} INFO - [2023-04-02 18:09:45,866] {dagbag.py:507} INFO - Filling up the DagBag from /home/airflow/.local/lib/python3.7/site-packages/airflow/example_dags/example_branch_operator.py
[2023-04-02 18:09:45,879] {processor.py:651} INFO - DAG(s) dict_keys(['example_branch_operator']) retrieved from /home/airflow/.local/lib/python3.7/site-packages/airflow/example_dags/example_branch_operator.py
[2023-04-02 18:09:45,911] {logging_mixin.py:115} INFO - [2023-04-02 18:09:45,911] {dag.py:2371} INFO - Sync 1 DAGs
[2023-04-02 18:09:46,066] {logging_mixin.py:115} INFO - [2023-04-02 18:09:46,066] {dag.py:2919} INFO - Setting next_dagrun for example_branch_operator to 2023-04-01T00:00:00+00:00, run_after=2023-04-02T00:00:00+00:00
[2023-04-02 18:09:46,082] {processor.py:161} INFO - Processing /home/airflow/.local/lib/python3.7/site-packages/airflow/example_dags/example_branch_operator.py took 0.222 seconds
[2023-04-02 18:10:16,748] {processor.py:153} INFO - Started process (PID=1809) to work on /home/airflow/.local/lib/python3.7/site-packages/airflow/example_dags/example_branch_operator.py
[2023-04-02 18:10:16,750] {processor.py:641} INFO - Processing file /home/airflow/.local/lib/python3.7/site-packages/airflow/example_dags/example_branch_operator.py for tasks to queue
[2023-04-02 18:10:16,751] {logging_mixin.py:115} INFO - [2023-04-02 18:10:16,751] {dagbag.py:507} INFO - Filling up the DagBag from /home/airflow/.local/lib/python3.7/site-packages/airflow/example_dags/example_branch_operator.py
[2023-04-02 18:10:16,764] {processor.py:651} INFO - DAG(s) dict_keys(['example_branch_operator']) retrieved from /home/airflow/.local/lib/python3.7/site-packages/airflow/example_dags/example_branch_operator.py
[2023-04-02 18:10:16,800] {logging_mixin.py:115} INFO - [2023-04-02 18:10:16,800] {dag.py:2371} INFO - Sync 1 DAGs
[2023-04-02 18:10:16,946] {logging_mixin.py:115} INFO - [2023-04-02 18:10:16,946] {dag.py:2919} INFO - Setting next_dagrun for example_branch_operator to 2023-04-01T00:00:00+00:00, run_after=2023-04-02T00:00:00+00:00
[2023-04-02 18:10:16,972] {processor.py:161} INFO - Processing /home/airflow/.local/lib/python3.7/site-packages/airflow/example_dags/example_branch_operator.py took 0.227 seconds
[2023-04-02 18:10:47,042] {processor.py:153} INFO - Started process (PID=1863) to work on /home/airflow/.local/lib/python3.7/site-packages/airflow/example_dags/example_branch_operator.py
[2023-04-02 18:10:47,043] {processor.py:641} INFO - Processing file /home/airflow/.local/lib/python3.7/site-packages/airflow/example_dags/example_branch_operator.py for tasks to queue
[2023-04-02 18:10:47,045] {logging_mixin.py:115} INFO - [2023-04-02 18:10:47,045] {dagbag.py:507} INFO - Filling up the DagBag from /home/airflow/.local/lib/python3.7/site-packages/airflow/example_dags/example_branch_operator.py
[2023-04-02 18:10:47,057] {processor.py:651} INFO - DAG(s) dict_keys(['example_branch_operator']) retrieved from /home/airflow/.local/lib/python3.7/site-packages/airflow/example_dags/example_branch_operator.py
[2023-04-02 18:10:47,089] {logging_mixin.py:115} INFO - [2023-04-02 18:10:47,089] {dag.py:2371} INFO - Sync 1 DAGs
[2023-04-02 18:10:47,112] {logging_mixin.py:115} INFO - [2023-04-02 18:10:47,112] {dag.py:2919} INFO - Setting next_dagrun for example_branch_operator to 2023-04-01T00:00:00+00:00, run_after=2023-04-02T00:00:00+00:00
[2023-04-02 18:10:47,124] {processor.py:161} INFO - Processing /home/airflow/.local/lib/python3.7/site-packages/airflow/example_dags/example_branch_operator.py took 0.085 seconds
[2023-04-02 18:11:17,320] {processor.py:153} INFO - Started process (PID=1926) to work on /home/airflow/.local/lib/python3.7/site-packages/airflow/example_dags/example_branch_operator.py
[2023-04-02 18:11:17,321] {processor.py:641} INFO - Processing file /home/airflow/.local/lib/python3.7/site-packages/airflow/example_dags/example_branch_operator.py for tasks to queue
[2023-04-02 18:11:17,323] {logging_mixin.py:115} INFO - [2023-04-02 18:11:17,323] {dagbag.py:507} INFO - Filling up the DagBag from /home/airflow/.local/lib/python3.7/site-packages/airflow/example_dags/example_branch_operator.py
[2023-04-02 18:11:17,337] {processor.py:651} INFO - DAG(s) dict_keys(['example_branch_operator']) retrieved from /home/airflow/.local/lib/python3.7/site-packages/airflow/example_dags/example_branch_operator.py
[2023-04-02 18:11:17,371] {logging_mixin.py:115} INFO - [2023-04-02 18:11:17,371] {dag.py:2371} INFO - Sync 1 DAGs
[2023-04-02 18:11:17,397] {logging_mixin.py:115} INFO - [2023-04-02 18:11:17,397] {dag.py:2919} INFO - Setting next_dagrun for example_branch_operator to 2023-04-01T00:00:00+00:00, run_after=2023-04-02T00:00:00+00:00
[2023-04-02 18:11:17,411] {processor.py:161} INFO - Processing /home/airflow/.local/lib/python3.7/site-packages/airflow/example_dags/example_branch_operator.py took 0.095 seconds
[2023-04-02 18:11:47,915] {processor.py:153} INFO - Started process (PID=1989) to work on /home/airflow/.local/lib/python3.7/site-packages/airflow/example_dags/example_branch_operator.py
[2023-04-02 18:11:47,916] {processor.py:641} INFO - Processing file /home/airflow/.local/lib/python3.7/site-packages/airflow/example_dags/example_branch_operator.py for tasks to queue
[2023-04-02 18:11:47,918] {logging_mixin.py:115} INFO - [2023-04-02 18:11:47,917] {dagbag.py:507} INFO - Filling up the DagBag from /home/airflow/.local/lib/python3.7/site-packages/airflow/example_dags/example_branch_operator.py
[2023-04-02 18:11:47,931] {processor.py:651} INFO - DAG(s) dict_keys(['example_branch_operator']) retrieved from /home/airflow/.local/lib/python3.7/site-packages/airflow/example_dags/example_branch_operator.py
[2023-04-02 18:11:47,966] {logging_mixin.py:115} INFO - [2023-04-02 18:11:47,966] {dag.py:2371} INFO - Sync 1 DAGs
[2023-04-02 18:11:47,993] {logging_mixin.py:115} INFO - [2023-04-02 18:11:47,993] {dag.py:2919} INFO - Setting next_dagrun for example_branch_operator to 2023-04-01T00:00:00+00:00, run_after=2023-04-02T00:00:00+00:00
[2023-04-02 18:11:48,007] {processor.py:161} INFO - Processing /home/airflow/.local/lib/python3.7/site-packages/airflow/example_dags/example_branch_operator.py took 0.097 seconds
[2023-04-02 18:12:18,221] {processor.py:153} INFO - Started process (PID=2043) to work on /home/airflow/.local/lib/python3.7/site-packages/airflow/example_dags/example_branch_operator.py
[2023-04-02 18:12:18,223] {processor.py:641} INFO - Processing file /home/airflow/.local/lib/python3.7/site-packages/airflow/example_dags/example_branch_operator.py for tasks to queue
[2023-04-02 18:12:18,224] {logging_mixin.py:115} INFO - [2023-04-02 18:12:18,224] {dagbag.py:507} INFO - Filling up the DagBag from /home/airflow/.local/lib/python3.7/site-packages/airflow/example_dags/example_branch_operator.py
[2023-04-02 18:12:18,237] {processor.py:651} INFO - DAG(s) dict_keys(['example_branch_operator']) retrieved from /home/airflow/.local/lib/python3.7/site-packages/airflow/example_dags/example_branch_operator.py
[2023-04-02 18:12:18,268] {logging_mixin.py:115} INFO - [2023-04-02 18:12:18,268] {dag.py:2371} INFO - Sync 1 DAGs
[2023-04-02 18:12:18,293] {logging_mixin.py:115} INFO - [2023-04-02 18:12:18,292] {dag.py:2919} INFO - Setting next_dagrun for example_branch_operator to 2023-04-01T00:00:00+00:00, run_after=2023-04-02T00:00:00+00:00
[2023-04-02 18:12:18,305] {processor.py:161} INFO - Processing /home/airflow/.local/lib/python3.7/site-packages/airflow/example_dags/example_branch_operator.py took 0.087 seconds
[2023-04-02 18:12:48,744] {processor.py:153} INFO - Started process (PID=2106) to work on /home/airflow/.local/lib/python3.7/site-packages/airflow/example_dags/example_branch_operator.py
[2023-04-02 18:12:48,745] {processor.py:641} INFO - Processing file /home/airflow/.local/lib/python3.7/site-packages/airflow/example_dags/example_branch_operator.py for tasks to queue
[2023-04-02 18:12:48,746] {logging_mixin.py:115} INFO - [2023-04-02 18:12:48,746] {dagbag.py:507} INFO - Filling up the DagBag from /home/airflow/.local/lib/python3.7/site-packages/airflow/example_dags/example_branch_operator.py
[2023-04-02 18:12:48,759] {processor.py:651} INFO - DAG(s) dict_keys(['example_branch_operator']) retrieved from /home/airflow/.local/lib/python3.7/site-packages/airflow/example_dags/example_branch_operator.py
[2023-04-02 18:12:48,793] {logging_mixin.py:115} INFO - [2023-04-02 18:12:48,793] {dag.py:2371} INFO - Sync 1 DAGs
[2023-04-02 18:12:48,817] {logging_mixin.py:115} INFO - [2023-04-02 18:12:48,816] {dag.py:2919} INFO - Setting next_dagrun for example_branch_operator to 2023-04-01T00:00:00+00:00, run_after=2023-04-02T00:00:00+00:00
[2023-04-02 18:12:48,829] {processor.py:161} INFO - Processing /home/airflow/.local/lib/python3.7/site-packages/airflow/example_dags/example_branch_operator.py took 0.089 seconds
[2023-04-02 18:13:19,107] {processor.py:153} INFO - Started process (PID=2169) to work on /home/airflow/.local/lib/python3.7/site-packages/airflow/example_dags/example_branch_operator.py
[2023-04-02 18:13:19,108] {processor.py:641} INFO - Processing file /home/airflow/.local/lib/python3.7/site-packages/airflow/example_dags/example_branch_operator.py for tasks to queue
[2023-04-02 18:13:19,110] {logging_mixin.py:115} INFO - [2023-04-02 18:13:19,110] {dagbag.py:507} INFO - Filling up the DagBag from /home/airflow/.local/lib/python3.7/site-packages/airflow/example_dags/example_branch_operator.py
[2023-04-02 18:13:19,122] {processor.py:651} INFO - DAG(s) dict_keys(['example_branch_operator']) retrieved from /home/airflow/.local/lib/python3.7/site-packages/airflow/example_dags/example_branch_operator.py
[2023-04-02 18:13:19,152] {logging_mixin.py:115} INFO - [2023-04-02 18:13:19,152] {dag.py:2371} INFO - Sync 1 DAGs
[2023-04-02 18:13:19,176] {logging_mixin.py:115} INFO - [2023-04-02 18:13:19,176] {dag.py:2919} INFO - Setting next_dagrun for example_branch_operator to 2023-04-01T00:00:00+00:00, run_after=2023-04-02T00:00:00+00:00
[2023-04-02 18:13:19,187] {processor.py:161} INFO - Processing /home/airflow/.local/lib/python3.7/site-packages/airflow/example_dags/example_branch_operator.py took 0.084 seconds
[2023-04-02 18:13:49,352] {processor.py:153} INFO - Started process (PID=2232) to work on /home/airflow/.local/lib/python3.7/site-packages/airflow/example_dags/example_branch_operator.py
[2023-04-02 18:13:49,354] {processor.py:641} INFO - Processing file /home/airflow/.local/lib/python3.7/site-packages/airflow/example_dags/example_branch_operator.py for tasks to queue
[2023-04-02 18:13:49,355] {logging_mixin.py:115} INFO - [2023-04-02 18:13:49,355] {dagbag.py:507} INFO - Filling up the DagBag from /home/airflow/.local/lib/python3.7/site-packages/airflow/example_dags/example_branch_operator.py
[2023-04-02 18:13:49,368] {processor.py:651} INFO - DAG(s) dict_keys(['example_branch_operator']) retrieved from /home/airflow/.local/lib/python3.7/site-packages/airflow/example_dags/example_branch_operator.py
[2023-04-02 18:13:49,400] {logging_mixin.py:115} INFO - [2023-04-02 18:13:49,400] {dag.py:2371} INFO - Sync 1 DAGs
[2023-04-02 18:13:49,426] {logging_mixin.py:115} INFO - [2023-04-02 18:13:49,426] {dag.py:2919} INFO - Setting next_dagrun for example_branch_operator to 2023-04-01T00:00:00+00:00, run_after=2023-04-02T00:00:00+00:00
[2023-04-02 18:13:49,440] {processor.py:161} INFO - Processing /home/airflow/.local/lib/python3.7/site-packages/airflow/example_dags/example_branch_operator.py took 0.092 seconds
[2023-04-02 18:14:19,789] {processor.py:153} INFO - Started process (PID=2286) to work on /home/airflow/.local/lib/python3.7/site-packages/airflow/example_dags/example_branch_operator.py
[2023-04-02 18:14:19,790] {processor.py:641} INFO - Processing file /home/airflow/.local/lib/python3.7/site-packages/airflow/example_dags/example_branch_operator.py for tasks to queue
[2023-04-02 18:14:19,791] {logging_mixin.py:115} INFO - [2023-04-02 18:14:19,791] {dagbag.py:507} INFO - Filling up the DagBag from /home/airflow/.local/lib/python3.7/site-packages/airflow/example_dags/example_branch_operator.py
[2023-04-02 18:14:19,804] {processor.py:651} INFO - DAG(s) dict_keys(['example_branch_operator']) retrieved from /home/airflow/.local/lib/python3.7/site-packages/airflow/example_dags/example_branch_operator.py
[2023-04-02 18:14:19,835] {logging_mixin.py:115} INFO - [2023-04-02 18:14:19,834] {dag.py:2371} INFO - Sync 1 DAGs
[2023-04-02 18:14:19,859] {logging_mixin.py:115} INFO - [2023-04-02 18:14:19,859] {dag.py:2919} INFO - Setting next_dagrun for example_branch_operator to 2023-04-01T00:00:00+00:00, run_after=2023-04-02T00:00:00+00:00
[2023-04-02 18:14:19,871] {processor.py:161} INFO - Processing /home/airflow/.local/lib/python3.7/site-packages/airflow/example_dags/example_branch_operator.py took 0.085 seconds
[2023-04-02 18:14:49,960] {processor.py:153} INFO - Started process (PID=2349) to work on /home/airflow/.local/lib/python3.7/site-packages/airflow/example_dags/example_branch_operator.py
[2023-04-02 18:14:49,961] {processor.py:641} INFO - Processing file /home/airflow/.local/lib/python3.7/site-packages/airflow/example_dags/example_branch_operator.py for tasks to queue
[2023-04-02 18:14:49,962] {logging_mixin.py:115} INFO - [2023-04-02 18:14:49,962] {dagbag.py:507} INFO - Filling up the DagBag from /home/airflow/.local/lib/python3.7/site-packages/airflow/example_dags/example_branch_operator.py
[2023-04-02 18:14:49,974] {processor.py:651} INFO - DAG(s) dict_keys(['example_branch_operator']) retrieved from /home/airflow/.local/lib/python3.7/site-packages/airflow/example_dags/example_branch_operator.py
[2023-04-02 18:14:50,005] {logging_mixin.py:115} INFO - [2023-04-02 18:14:50,005] {dag.py:2371} INFO - Sync 1 DAGs
[2023-04-02 18:14:50,028] {logging_mixin.py:115} INFO - [2023-04-02 18:14:50,028] {dag.py:2919} INFO - Setting next_dagrun for example_branch_operator to 2023-04-01T00:00:00+00:00, run_after=2023-04-02T00:00:00+00:00
[2023-04-02 18:14:50,040] {processor.py:161} INFO - Processing /home/airflow/.local/lib/python3.7/site-packages/airflow/example_dags/example_branch_operator.py took 0.084 seconds
[2023-04-02 18:15:20,176] {processor.py:153} INFO - Started process (PID=2412) to work on /home/airflow/.local/lib/python3.7/site-packages/airflow/example_dags/example_branch_operator.py
[2023-04-02 18:15:20,177] {processor.py:641} INFO - Processing file /home/airflow/.local/lib/python3.7/site-packages/airflow/example_dags/example_branch_operator.py for tasks to queue
[2023-04-02 18:15:20,180] {logging_mixin.py:115} INFO - [2023-04-02 18:15:20,180] {dagbag.py:507} INFO - Filling up the DagBag from /home/airflow/.local/lib/python3.7/site-packages/airflow/example_dags/example_branch_operator.py
[2023-04-02 18:15:20,194] {processor.py:651} INFO - DAG(s) dict_keys(['example_branch_operator']) retrieved from /home/airflow/.local/lib/python3.7/site-packages/airflow/example_dags/example_branch_operator.py
[2023-04-02 18:15:20,225] {logging_mixin.py:115} INFO - [2023-04-02 18:15:20,225] {dag.py:2371} INFO - Sync 1 DAGs
[2023-04-02 18:15:20,249] {logging_mixin.py:115} INFO - [2023-04-02 18:15:20,249] {dag.py:2919} INFO - Setting next_dagrun for example_branch_operator to 2023-04-01T00:00:00+00:00, run_after=2023-04-02T00:00:00+00:00
[2023-04-02 18:15:20,262] {processor.py:161} INFO - Processing /home/airflow/.local/lib/python3.7/site-packages/airflow/example_dags/example_branch_operator.py took 0.091 seconds
[2023-04-02 18:15:50,711] {processor.py:153} INFO - Started process (PID=2466) to work on /home/airflow/.local/lib/python3.7/site-packages/airflow/example_dags/example_branch_operator.py
[2023-04-02 18:15:50,713] {processor.py:641} INFO - Processing file /home/airflow/.local/lib/python3.7/site-packages/airflow/example_dags/example_branch_operator.py for tasks to queue
[2023-04-02 18:15:50,714] {logging_mixin.py:115} INFO - [2023-04-02 18:15:50,714] {dagbag.py:507} INFO - Filling up the DagBag from /home/airflow/.local/lib/python3.7/site-packages/airflow/example_dags/example_branch_operator.py
[2023-04-02 18:15:50,728] {processor.py:651} INFO - DAG(s) dict_keys(['example_branch_operator']) retrieved from /home/airflow/.local/lib/python3.7/site-packages/airflow/example_dags/example_branch_operator.py
[2023-04-02 18:15:50,763] {logging_mixin.py:115} INFO - [2023-04-02 18:15:50,762] {dag.py:2371} INFO - Sync 1 DAGs
[2023-04-02 18:15:50,794] {logging_mixin.py:115} INFO - [2023-04-02 18:15:50,794] {dag.py:2919} INFO - Setting next_dagrun for example_branch_operator to 2023-04-01T00:00:00+00:00, run_after=2023-04-02T00:00:00+00:00
[2023-04-02 18:15:50,807] {processor.py:161} INFO - Processing /home/airflow/.local/lib/python3.7/site-packages/airflow/example_dags/example_branch_operator.py took 0.100 seconds
[2023-04-02 18:16:21,286] {processor.py:153} INFO - Started process (PID=2529) to work on /home/airflow/.local/lib/python3.7/site-packages/airflow/example_dags/example_branch_operator.py
[2023-04-02 18:16:21,287] {processor.py:641} INFO - Processing file /home/airflow/.local/lib/python3.7/site-packages/airflow/example_dags/example_branch_operator.py for tasks to queue
[2023-04-02 18:16:21,288] {logging_mixin.py:115} INFO - [2023-04-02 18:16:21,288] {dagbag.py:507} INFO - Filling up the DagBag from /home/airflow/.local/lib/python3.7/site-packages/airflow/example_dags/example_branch_operator.py
[2023-04-02 18:16:21,301] {processor.py:651} INFO - DAG(s) dict_keys(['example_branch_operator']) retrieved from /home/airflow/.local/lib/python3.7/site-packages/airflow/example_dags/example_branch_operator.py
[2023-04-02 18:16:21,335] {logging_mixin.py:115} INFO - [2023-04-02 18:16:21,335] {dag.py:2371} INFO - Sync 1 DAGs
[2023-04-02 18:16:21,361] {logging_mixin.py:115} INFO - [2023-04-02 18:16:21,361] {dag.py:2919} INFO - Setting next_dagrun for example_branch_operator to 2023-04-01T00:00:00+00:00, run_after=2023-04-02T00:00:00+00:00
[2023-04-02 18:16:21,375] {processor.py:161} INFO - Processing /home/airflow/.local/lib/python3.7/site-packages/airflow/example_dags/example_branch_operator.py took 0.093 seconds
[2023-04-02 18:16:51,835] {processor.py:153} INFO - Started process (PID=2592) to work on /home/airflow/.local/lib/python3.7/site-packages/airflow/example_dags/example_branch_operator.py
[2023-04-02 18:16:51,836] {processor.py:641} INFO - Processing file /home/airflow/.local/lib/python3.7/site-packages/airflow/example_dags/example_branch_operator.py for tasks to queue
[2023-04-02 18:16:51,837] {logging_mixin.py:115} INFO - [2023-04-02 18:16:51,837] {dagbag.py:507} INFO - Filling up the DagBag from /home/airflow/.local/lib/python3.7/site-packages/airflow/example_dags/example_branch_operator.py
[2023-04-02 18:16:51,849] {processor.py:651} INFO - DAG(s) dict_keys(['example_branch_operator']) retrieved from /home/airflow/.local/lib/python3.7/site-packages/airflow/example_dags/example_branch_operator.py
[2023-04-02 18:16:51,882] {logging_mixin.py:115} INFO - [2023-04-02 18:16:51,882] {dag.py:2371} INFO - Sync 1 DAGs
[2023-04-02 18:16:51,908] {logging_mixin.py:115} INFO - [2023-04-02 18:16:51,908] {dag.py:2919} INFO - Setting next_dagrun for example_branch_operator to 2023-04-01T00:00:00+00:00, run_after=2023-04-02T00:00:00+00:00
[2023-04-02 18:16:51,924] {processor.py:161} INFO - Processing /home/airflow/.local/lib/python3.7/site-packages/airflow/example_dags/example_branch_operator.py took 0.093 seconds
[2023-04-02 18:17:22,390] {processor.py:153} INFO - Started process (PID=2646) to work on /home/airflow/.local/lib/python3.7/site-packages/airflow/example_dags/example_branch_operator.py
[2023-04-02 18:17:22,392] {processor.py:641} INFO - Processing file /home/airflow/.local/lib/python3.7/site-packages/airflow/example_dags/example_branch_operator.py for tasks to queue
[2023-04-02 18:17:22,393] {logging_mixin.py:115} INFO - [2023-04-02 18:17:22,393] {dagbag.py:507} INFO - Filling up the DagBag from /home/airflow/.local/lib/python3.7/site-packages/airflow/example_dags/example_branch_operator.py
[2023-04-02 18:17:22,406] {processor.py:651} INFO - DAG(s) dict_keys(['example_branch_operator']) retrieved from /home/airflow/.local/lib/python3.7/site-packages/airflow/example_dags/example_branch_operator.py
[2023-04-02 18:17:22,437] {logging_mixin.py:115} INFO - [2023-04-02 18:17:22,437] {dag.py:2371} INFO - Sync 1 DAGs
[2023-04-02 18:17:22,464] {logging_mixin.py:115} INFO - [2023-04-02 18:17:22,463] {dag.py:2919} INFO - Setting next_dagrun for example_branch_operator to 2023-04-01T00:00:00+00:00, run_after=2023-04-02T00:00:00+00:00
[2023-04-02 18:17:22,475] {processor.py:161} INFO - Processing /home/airflow/.local/lib/python3.7/site-packages/airflow/example_dags/example_branch_operator.py took 0.089 seconds
[2023-04-02 18:17:52,700] {processor.py:153} INFO - Started process (PID=2709) to work on /home/airflow/.local/lib/python3.7/site-packages/airflow/example_dags/example_branch_operator.py
[2023-04-02 18:17:52,702] {processor.py:641} INFO - Processing file /home/airflow/.local/lib/python3.7/site-packages/airflow/example_dags/example_branch_operator.py for tasks to queue
[2023-04-02 18:17:52,703] {logging_mixin.py:115} INFO - [2023-04-02 18:17:52,703] {dagbag.py:507} INFO - Filling up the DagBag from /home/airflow/.local/lib/python3.7/site-packages/airflow/example_dags/example_branch_operator.py
[2023-04-02 18:17:52,715] {processor.py:651} INFO - DAG(s) dict_keys(['example_branch_operator']) retrieved from /home/airflow/.local/lib/python3.7/site-packages/airflow/example_dags/example_branch_operator.py
[2023-04-02 18:17:52,749] {logging_mixin.py:115} INFO - [2023-04-02 18:17:52,749] {dag.py:2371} INFO - Sync 1 DAGs
[2023-04-02 18:17:52,775] {logging_mixin.py:115} INFO - [2023-04-02 18:17:52,775] {dag.py:2919} INFO - Setting next_dagrun for example_branch_operator to 2023-04-01T00:00:00+00:00, run_after=2023-04-02T00:00:00+00:00
[2023-04-02 18:17:52,789] {processor.py:161} INFO - Processing /home/airflow/.local/lib/python3.7/site-packages/airflow/example_dags/example_branch_operator.py took 0.093 seconds
[2023-04-02 18:18:22,982] {processor.py:153} INFO - Started process (PID=2773) to work on /home/airflow/.local/lib/python3.7/site-packages/airflow/example_dags/example_branch_operator.py
[2023-04-02 18:18:22,984] {processor.py:641} INFO - Processing file /home/airflow/.local/lib/python3.7/site-packages/airflow/example_dags/example_branch_operator.py for tasks to queue
[2023-04-02 18:18:22,985] {logging_mixin.py:115} INFO - [2023-04-02 18:18:22,985] {dagbag.py:507} INFO - Filling up the DagBag from /home/airflow/.local/lib/python3.7/site-packages/airflow/example_dags/example_branch_operator.py
[2023-04-02 18:18:22,999] {processor.py:651} INFO - DAG(s) dict_keys(['example_branch_operator']) retrieved from /home/airflow/.local/lib/python3.7/site-packages/airflow/example_dags/example_branch_operator.py
[2023-04-02 18:18:23,042] {logging_mixin.py:115} INFO - [2023-04-02 18:18:23,042] {dag.py:2371} INFO - Sync 1 DAGs
[2023-04-02 18:18:23,075] {logging_mixin.py:115} INFO - [2023-04-02 18:18:23,075] {dag.py:2919} INFO - Setting next_dagrun for example_branch_operator to 2023-04-01T00:00:00+00:00, run_after=2023-04-02T00:00:00+00:00
[2023-04-02 18:18:23,090] {processor.py:161} INFO - Processing /home/airflow/.local/lib/python3.7/site-packages/airflow/example_dags/example_branch_operator.py took 0.112 seconds
[2023-04-02 18:18:53,500] {processor.py:153} INFO - Started process (PID=2836) to work on /home/airflow/.local/lib/python3.7/site-packages/airflow/example_dags/example_branch_operator.py
[2023-04-02 18:18:53,502] {processor.py:641} INFO - Processing file /home/airflow/.local/lib/python3.7/site-packages/airflow/example_dags/example_branch_operator.py for tasks to queue
[2023-04-02 18:18:53,503] {logging_mixin.py:115} INFO - [2023-04-02 18:18:53,503] {dagbag.py:507} INFO - Filling up the DagBag from /home/airflow/.local/lib/python3.7/site-packages/airflow/example_dags/example_branch_operator.py
[2023-04-02 18:18:53,515] {processor.py:651} INFO - DAG(s) dict_keys(['example_branch_operator']) retrieved from /home/airflow/.local/lib/python3.7/site-packages/airflow/example_dags/example_branch_operator.py
[2023-04-02 18:18:53,545] {logging_mixin.py:115} INFO - [2023-04-02 18:18:53,545] {dag.py:2371} INFO - Sync 1 DAGs
[2023-04-02 18:18:53,570] {logging_mixin.py:115} INFO - [2023-04-02 18:18:53,570] {dag.py:2919} INFO - Setting next_dagrun for example_branch_operator to 2023-04-01T00:00:00+00:00, run_after=2023-04-02T00:00:00+00:00
[2023-04-02 18:18:53,584] {processor.py:161} INFO - Processing /home/airflow/.local/lib/python3.7/site-packages/airflow/example_dags/example_branch_operator.py took 0.088 seconds
[2023-04-02 18:19:23,839] {processor.py:153} INFO - Started process (PID=2891) to work on /home/airflow/.local/lib/python3.7/site-packages/airflow/example_dags/example_branch_operator.py
[2023-04-02 18:19:23,840] {processor.py:641} INFO - Processing file /home/airflow/.local/lib/python3.7/site-packages/airflow/example_dags/example_branch_operator.py for tasks to queue
[2023-04-02 18:19:23,841] {logging_mixin.py:115} INFO - [2023-04-02 18:19:23,841] {dagbag.py:507} INFO - Filling up the DagBag from /home/airflow/.local/lib/python3.7/site-packages/airflow/example_dags/example_branch_operator.py
[2023-04-02 18:19:23,853] {processor.py:651} INFO - DAG(s) dict_keys(['example_branch_operator']) retrieved from /home/airflow/.local/lib/python3.7/site-packages/airflow/example_dags/example_branch_operator.py
[2023-04-02 18:19:23,883] {logging_mixin.py:115} INFO - [2023-04-02 18:19:23,883] {dag.py:2371} INFO - Sync 1 DAGs
[2023-04-02 18:19:23,907] {logging_mixin.py:115} INFO - [2023-04-02 18:19:23,906] {dag.py:2919} INFO - Setting next_dagrun for example_branch_operator to 2023-04-01T00:00:00+00:00, run_after=2023-04-02T00:00:00+00:00
[2023-04-02 18:19:23,918] {processor.py:161} INFO - Processing /home/airflow/.local/lib/python3.7/site-packages/airflow/example_dags/example_branch_operator.py took 0.082 seconds
[2023-04-02 18:19:54,927] {processor.py:153} INFO - Started process (PID=2954) to work on /home/airflow/.local/lib/python3.7/site-packages/airflow/example_dags/example_branch_operator.py
[2023-04-02 18:19:54,928] {processor.py:641} INFO - Processing file /home/airflow/.local/lib/python3.7/site-packages/airflow/example_dags/example_branch_operator.py for tasks to queue
[2023-04-02 18:19:54,930] {logging_mixin.py:115} INFO - [2023-04-02 18:19:54,930] {dagbag.py:507} INFO - Filling up the DagBag from /home/airflow/.local/lib/python3.7/site-packages/airflow/example_dags/example_branch_operator.py
[2023-04-02 18:19:54,941] {processor.py:651} INFO - DAG(s) dict_keys(['example_branch_operator']) retrieved from /home/airflow/.local/lib/python3.7/site-packages/airflow/example_dags/example_branch_operator.py
[2023-04-02 18:19:54,973] {logging_mixin.py:115} INFO - [2023-04-02 18:19:54,973] {dag.py:2371} INFO - Sync 1 DAGs
[2023-04-02 18:19:54,998] {logging_mixin.py:115} INFO - [2023-04-02 18:19:54,998] {dag.py:2919} INFO - Setting next_dagrun for example_branch_operator to 2023-04-01T00:00:00+00:00, run_after=2023-04-02T00:00:00+00:00
[2023-04-02 18:19:55,011] {processor.py:161} INFO - Processing /home/airflow/.local/lib/python3.7/site-packages/airflow/example_dags/example_branch_operator.py took 0.087 seconds
[2023-04-02 18:20:25,053] {processor.py:153} INFO - Started process (PID=3015) to work on /home/airflow/.local/lib/python3.7/site-packages/airflow/example_dags/example_branch_operator.py
[2023-04-02 18:20:25,055] {processor.py:641} INFO - Processing file /home/airflow/.local/lib/python3.7/site-packages/airflow/example_dags/example_branch_operator.py for tasks to queue
[2023-04-02 18:20:25,056] {logging_mixin.py:115} INFO - [2023-04-02 18:20:25,056] {dagbag.py:507} INFO - Filling up the DagBag from /home/airflow/.local/lib/python3.7/site-packages/airflow/example_dags/example_branch_operator.py
[2023-04-02 18:20:25,072] {processor.py:651} INFO - DAG(s) dict_keys(['example_branch_operator']) retrieved from /home/airflow/.local/lib/python3.7/site-packages/airflow/example_dags/example_branch_operator.py
[2023-04-02 18:20:25,102] {logging_mixin.py:115} INFO - [2023-04-02 18:20:25,102] {dag.py:2371} INFO - Sync 1 DAGs
[2023-04-02 18:20:25,130] {logging_mixin.py:115} INFO - [2023-04-02 18:20:25,130] {dag.py:2919} INFO - Setting next_dagrun for example_branch_operator to 2023-04-01T00:00:00+00:00, run_after=2023-04-02T00:00:00+00:00
[2023-04-02 18:20:25,146] {processor.py:161} INFO - Processing /home/airflow/.local/lib/python3.7/site-packages/airflow/example_dags/example_branch_operator.py took 0.097 seconds
[2023-04-02 18:20:55,222] {processor.py:153} INFO - Started process (PID=3069) to work on /home/airflow/.local/lib/python3.7/site-packages/airflow/example_dags/example_branch_operator.py
[2023-04-02 18:20:55,224] {processor.py:641} INFO - Processing file /home/airflow/.local/lib/python3.7/site-packages/airflow/example_dags/example_branch_operator.py for tasks to queue
[2023-04-02 18:20:55,225] {logging_mixin.py:115} INFO - [2023-04-02 18:20:55,225] {dagbag.py:507} INFO - Filling up the DagBag from /home/airflow/.local/lib/python3.7/site-packages/airflow/example_dags/example_branch_operator.py
[2023-04-02 18:20:55,240] {processor.py:651} INFO - DAG(s) dict_keys(['example_branch_operator']) retrieved from /home/airflow/.local/lib/python3.7/site-packages/airflow/example_dags/example_branch_operator.py
[2023-04-02 18:20:55,269] {logging_mixin.py:115} INFO - [2023-04-02 18:20:55,269] {dag.py:2371} INFO - Sync 1 DAGs
[2023-04-02 18:20:55,293] {logging_mixin.py:115} INFO - [2023-04-02 18:20:55,293] {dag.py:2919} INFO - Setting next_dagrun for example_branch_operator to 2023-04-01T00:00:00+00:00, run_after=2023-04-02T00:00:00+00:00
[2023-04-02 18:20:55,304] {processor.py:161} INFO - Processing /home/airflow/.local/lib/python3.7/site-packages/airflow/example_dags/example_branch_operator.py took 0.086 seconds
[2023-04-02 18:21:25,751] {processor.py:153} INFO - Started process (PID=3132) to work on /home/airflow/.local/lib/python3.7/site-packages/airflow/example_dags/example_branch_operator.py
[2023-04-02 18:21:25,753] {processor.py:641} INFO - Processing file /home/airflow/.local/lib/python3.7/site-packages/airflow/example_dags/example_branch_operator.py for tasks to queue
[2023-04-02 18:21:25,754] {logging_mixin.py:115} INFO - [2023-04-02 18:21:25,754] {dagbag.py:507} INFO - Filling up the DagBag from /home/airflow/.local/lib/python3.7/site-packages/airflow/example_dags/example_branch_operator.py
[2023-04-02 18:21:25,774] {processor.py:651} INFO - DAG(s) dict_keys(['example_branch_operator']) retrieved from /home/airflow/.local/lib/python3.7/site-packages/airflow/example_dags/example_branch_operator.py
[2023-04-02 18:21:25,807] {logging_mixin.py:115} INFO - [2023-04-02 18:21:25,807] {dag.py:2371} INFO - Sync 1 DAGs
[2023-04-02 18:21:25,833] {logging_mixin.py:115} INFO - [2023-04-02 18:21:25,833] {dag.py:2919} INFO - Setting next_dagrun for example_branch_operator to 2023-04-01T00:00:00+00:00, run_after=2023-04-02T00:00:00+00:00
[2023-04-02 18:21:25,846] {processor.py:161} INFO - Processing /home/airflow/.local/lib/python3.7/site-packages/airflow/example_dags/example_branch_operator.py took 0.099 seconds
[2023-04-02 18:21:56,166] {processor.py:153} INFO - Started process (PID=3195) to work on /home/airflow/.local/lib/python3.7/site-packages/airflow/example_dags/example_branch_operator.py
[2023-04-02 18:21:56,168] {processor.py:641} INFO - Processing file /home/airflow/.local/lib/python3.7/site-packages/airflow/example_dags/example_branch_operator.py for tasks to queue
[2023-04-02 18:21:56,170] {logging_mixin.py:115} INFO - [2023-04-02 18:21:56,170] {dagbag.py:507} INFO - Filling up the DagBag from /home/airflow/.local/lib/python3.7/site-packages/airflow/example_dags/example_branch_operator.py
[2023-04-02 18:21:56,185] {processor.py:651} INFO - DAG(s) dict_keys(['example_branch_operator']) retrieved from /home/airflow/.local/lib/python3.7/site-packages/airflow/example_dags/example_branch_operator.py
[2023-04-02 18:21:56,214] {logging_mixin.py:115} INFO - [2023-04-02 18:21:56,214] {dag.py:2371} INFO - Sync 1 DAGs
[2023-04-02 18:21:56,239] {logging_mixin.py:115} INFO - [2023-04-02 18:21:56,239] {dag.py:2919} INFO - Setting next_dagrun for example_branch_operator to 2023-04-01T00:00:00+00:00, run_after=2023-04-02T00:00:00+00:00
[2023-04-02 18:21:56,251] {processor.py:161} INFO - Processing /home/airflow/.local/lib/python3.7/site-packages/airflow/example_dags/example_branch_operator.py took 0.089 seconds
[2023-04-02 18:22:26,651] {processor.py:153} INFO - Started process (PID=3256) to work on /home/airflow/.local/lib/python3.7/site-packages/airflow/example_dags/example_branch_operator.py
[2023-04-02 18:22:26,653] {processor.py:641} INFO - Processing file /home/airflow/.local/lib/python3.7/site-packages/airflow/example_dags/example_branch_operator.py for tasks to queue
[2023-04-02 18:22:26,655] {logging_mixin.py:115} INFO - [2023-04-02 18:22:26,654] {dagbag.py:507} INFO - Filling up the DagBag from /home/airflow/.local/lib/python3.7/site-packages/airflow/example_dags/example_branch_operator.py
[2023-04-02 18:22:26,670] {processor.py:651} INFO - DAG(s) dict_keys(['example_branch_operator']) retrieved from /home/airflow/.local/lib/python3.7/site-packages/airflow/example_dags/example_branch_operator.py
[2023-04-02 18:22:26,706] {logging_mixin.py:115} INFO - [2023-04-02 18:22:26,706] {dag.py:2371} INFO - Sync 1 DAGs
[2023-04-02 18:22:26,735] {logging_mixin.py:115} INFO - [2023-04-02 18:22:26,735] {dag.py:2919} INFO - Setting next_dagrun for example_branch_operator to 2023-04-01T00:00:00+00:00, run_after=2023-04-02T00:00:00+00:00
[2023-04-02 18:22:26,749] {processor.py:161} INFO - Processing /home/airflow/.local/lib/python3.7/site-packages/airflow/example_dags/example_branch_operator.py took 0.102 seconds
[2023-04-02 18:22:56,966] {processor.py:153} INFO - Started process (PID=3312) to work on /home/airflow/.local/lib/python3.7/site-packages/airflow/example_dags/example_branch_operator.py
[2023-04-02 18:22:56,969] {processor.py:641} INFO - Processing file /home/airflow/.local/lib/python3.7/site-packages/airflow/example_dags/example_branch_operator.py for tasks to queue
[2023-04-02 18:22:56,970] {logging_mixin.py:115} INFO - [2023-04-02 18:22:56,970] {dagbag.py:507} INFO - Filling up the DagBag from /home/airflow/.local/lib/python3.7/site-packages/airflow/example_dags/example_branch_operator.py
[2023-04-02 18:22:56,986] {processor.py:651} INFO - DAG(s) dict_keys(['example_branch_operator']) retrieved from /home/airflow/.local/lib/python3.7/site-packages/airflow/example_dags/example_branch_operator.py
[2023-04-02 18:22:57,021] {logging_mixin.py:115} INFO - [2023-04-02 18:22:57,021] {dag.py:2371} INFO - Sync 1 DAGs
[2023-04-02 18:22:57,048] {logging_mixin.py:115} INFO - [2023-04-02 18:22:57,048] {dag.py:2919} INFO - Setting next_dagrun for example_branch_operator to 2023-04-01T00:00:00+00:00, run_after=2023-04-02T00:00:00+00:00
[2023-04-02 18:22:57,081] {processor.py:161} INFO - Processing /home/airflow/.local/lib/python3.7/site-packages/airflow/example_dags/example_branch_operator.py took 0.119 seconds
[2023-04-02 18:23:27,154] {processor.py:153} INFO - Started process (PID=3375) to work on /home/airflow/.local/lib/python3.7/site-packages/airflow/example_dags/example_branch_operator.py
[2023-04-02 18:23:27,156] {processor.py:641} INFO - Processing file /home/airflow/.local/lib/python3.7/site-packages/airflow/example_dags/example_branch_operator.py for tasks to queue
[2023-04-02 18:23:27,158] {logging_mixin.py:115} INFO - [2023-04-02 18:23:27,158] {dagbag.py:507} INFO - Filling up the DagBag from /home/airflow/.local/lib/python3.7/site-packages/airflow/example_dags/example_branch_operator.py
[2023-04-02 18:23:27,174] {processor.py:651} INFO - DAG(s) dict_keys(['example_branch_operator']) retrieved from /home/airflow/.local/lib/python3.7/site-packages/airflow/example_dags/example_branch_operator.py
[2023-04-02 18:23:27,206] {logging_mixin.py:115} INFO - [2023-04-02 18:23:27,206] {dag.py:2371} INFO - Sync 1 DAGs
[2023-04-02 18:23:27,231] {logging_mixin.py:115} INFO - [2023-04-02 18:23:27,231] {dag.py:2919} INFO - Setting next_dagrun for example_branch_operator to 2023-04-01T00:00:00+00:00, run_after=2023-04-02T00:00:00+00:00
[2023-04-02 18:23:27,243] {processor.py:161} INFO - Processing /home/airflow/.local/lib/python3.7/site-packages/airflow/example_dags/example_branch_operator.py took 0.093 seconds
