[2023-04-02 17:55:24,121] {processor.py:153} INFO - Started process (PID=56) to work on /home/airflow/.local/lib/python3.7/site-packages/airflow/example_dags/example_python_operator.py
[2023-04-02 17:55:24,123] {processor.py:641} INFO - Processing file /home/airflow/.local/lib/python3.7/site-packages/airflow/example_dags/example_python_operator.py for tasks to queue
[2023-04-02 17:55:24,124] {logging_mixin.py:115} INFO - [2023-04-02 17:55:24,124] {dagbag.py:507} INFO - Filling up the DagBag from /home/airflow/.local/lib/python3.7/site-packages/airflow/example_dags/example_python_operator.py
[2023-04-02 17:55:24,147] {processor.py:651} INFO - DAG(s) dict_keys(['example_python_operator']) retrieved from /home/airflow/.local/lib/python3.7/site-packages/airflow/example_dags/example_python_operator.py
[2023-04-02 17:55:24,408] {logging_mixin.py:115} INFO - [2023-04-02 17:55:24,408] {manager.py:508} INFO - Created Permission View: can edit on DAG:example_python_operator
[2023-04-02 17:55:24,431] {logging_mixin.py:115} INFO - [2023-04-02 17:55:24,431] {manager.py:508} INFO - Created Permission View: can delete on DAG:example_python_operator
[2023-04-02 17:55:24,451] {logging_mixin.py:115} INFO - [2023-04-02 17:55:24,451] {manager.py:508} INFO - Created Permission View: can read on DAG:example_python_operator
[2023-04-02 17:55:24,453] {logging_mixin.py:115} INFO - [2023-04-02 17:55:24,453] {dag.py:2371} INFO - Sync 1 DAGs
[2023-04-02 17:55:24,472] {logging_mixin.py:115} INFO - [2023-04-02 17:55:24,472] {dag.py:2390} INFO - Creating ORM DAG for example_python_operator
[2023-04-02 17:55:24,495] {logging_mixin.py:115} INFO - [2023-04-02 17:55:24,495] {dag.py:2919} INFO - Setting next_dagrun for example_python_operator to None, run_after=None
[2023-04-02 17:55:24,531] {processor.py:161} INFO - Processing /home/airflow/.local/lib/python3.7/site-packages/airflow/example_dags/example_python_operator.py took 0.415 seconds
[2023-04-02 17:55:55,426] {processor.py:153} INFO - Started process (PID=108) to work on /home/airflow/.local/lib/python3.7/site-packages/airflow/example_dags/example_python_operator.py
[2023-04-02 17:55:55,428] {processor.py:641} INFO - Processing file /home/airflow/.local/lib/python3.7/site-packages/airflow/example_dags/example_python_operator.py for tasks to queue
[2023-04-02 17:55:55,429] {logging_mixin.py:115} INFO - [2023-04-02 17:55:55,429] {dagbag.py:507} INFO - Filling up the DagBag from /home/airflow/.local/lib/python3.7/site-packages/airflow/example_dags/example_python_operator.py
[2023-04-02 17:55:55,449] {processor.py:651} INFO - DAG(s) dict_keys(['example_python_operator']) retrieved from /home/airflow/.local/lib/python3.7/site-packages/airflow/example_dags/example_python_operator.py
[2023-04-02 17:55:55,477] {logging_mixin.py:115} INFO - [2023-04-02 17:55:55,477] {dag.py:2371} INFO - Sync 1 DAGs
[2023-04-02 17:55:55,502] {logging_mixin.py:115} INFO - [2023-04-02 17:55:55,501] {dag.py:2919} INFO - Setting next_dagrun for example_python_operator to None, run_after=None
[2023-04-02 17:55:55,626] {processor.py:161} INFO - Processing /home/airflow/.local/lib/python3.7/site-packages/airflow/example_dags/example_python_operator.py took 0.203 seconds
[2023-04-02 17:56:26,503] {processor.py:153} INFO - Started process (PID=169) to work on /home/airflow/.local/lib/python3.7/site-packages/airflow/example_dags/example_python_operator.py
[2023-04-02 17:56:26,505] {processor.py:641} INFO - Processing file /home/airflow/.local/lib/python3.7/site-packages/airflow/example_dags/example_python_operator.py for tasks to queue
[2023-04-02 17:56:26,506] {logging_mixin.py:115} INFO - [2023-04-02 17:56:26,506] {dagbag.py:507} INFO - Filling up the DagBag from /home/airflow/.local/lib/python3.7/site-packages/airflow/example_dags/example_python_operator.py
[2023-04-02 17:56:26,526] {processor.py:651} INFO - DAG(s) dict_keys(['example_python_operator']) retrieved from /home/airflow/.local/lib/python3.7/site-packages/airflow/example_dags/example_python_operator.py
[2023-04-02 17:56:26,553] {logging_mixin.py:115} INFO - [2023-04-02 17:56:26,553] {dag.py:2371} INFO - Sync 1 DAGs
[2023-04-02 17:56:26,579] {logging_mixin.py:115} INFO - [2023-04-02 17:56:26,578] {dag.py:2919} INFO - Setting next_dagrun for example_python_operator to None, run_after=None
[2023-04-02 17:56:26,703] {processor.py:161} INFO - Processing /home/airflow/.local/lib/python3.7/site-packages/airflow/example_dags/example_python_operator.py took 0.204 seconds
[2023-04-02 17:56:57,339] {processor.py:153} INFO - Started process (PID=230) to work on /home/airflow/.local/lib/python3.7/site-packages/airflow/example_dags/example_python_operator.py
[2023-04-02 17:56:57,340] {processor.py:641} INFO - Processing file /home/airflow/.local/lib/python3.7/site-packages/airflow/example_dags/example_python_operator.py for tasks to queue
[2023-04-02 17:56:57,341] {logging_mixin.py:115} INFO - [2023-04-02 17:56:57,341] {dagbag.py:507} INFO - Filling up the DagBag from /home/airflow/.local/lib/python3.7/site-packages/airflow/example_dags/example_python_operator.py
[2023-04-02 17:56:57,361] {processor.py:651} INFO - DAG(s) dict_keys(['example_python_operator']) retrieved from /home/airflow/.local/lib/python3.7/site-packages/airflow/example_dags/example_python_operator.py
[2023-04-02 17:56:57,390] {logging_mixin.py:115} INFO - [2023-04-02 17:56:57,390] {dag.py:2371} INFO - Sync 1 DAGs
[2023-04-02 17:56:57,414] {logging_mixin.py:115} INFO - [2023-04-02 17:56:57,414] {dag.py:2919} INFO - Setting next_dagrun for example_python_operator to None, run_after=None
[2023-04-02 17:56:57,539] {processor.py:161} INFO - Processing /home/airflow/.local/lib/python3.7/site-packages/airflow/example_dags/example_python_operator.py took 0.204 seconds
[2023-04-02 17:57:28,268] {processor.py:153} INFO - Started process (PID=291) to work on /home/airflow/.local/lib/python3.7/site-packages/airflow/example_dags/example_python_operator.py
[2023-04-02 17:57:28,270] {processor.py:641} INFO - Processing file /home/airflow/.local/lib/python3.7/site-packages/airflow/example_dags/example_python_operator.py for tasks to queue
[2023-04-02 17:57:28,271] {logging_mixin.py:115} INFO - [2023-04-02 17:57:28,271] {dagbag.py:507} INFO - Filling up the DagBag from /home/airflow/.local/lib/python3.7/site-packages/airflow/example_dags/example_python_operator.py
[2023-04-02 17:57:28,292] {processor.py:651} INFO - DAG(s) dict_keys(['example_python_operator']) retrieved from /home/airflow/.local/lib/python3.7/site-packages/airflow/example_dags/example_python_operator.py
[2023-04-02 17:57:28,322] {logging_mixin.py:115} INFO - [2023-04-02 17:57:28,322] {dag.py:2371} INFO - Sync 1 DAGs
[2023-04-02 17:57:28,349] {logging_mixin.py:115} INFO - [2023-04-02 17:57:28,349] {dag.py:2919} INFO - Setting next_dagrun for example_python_operator to None, run_after=None
[2023-04-02 17:57:28,479] {processor.py:161} INFO - Processing /home/airflow/.local/lib/python3.7/site-packages/airflow/example_dags/example_python_operator.py took 0.215 seconds
[2023-04-02 17:57:59,371] {processor.py:153} INFO - Started process (PID=350) to work on /home/airflow/.local/lib/python3.7/site-packages/airflow/example_dags/example_python_operator.py
[2023-04-02 17:57:59,373] {processor.py:641} INFO - Processing file /home/airflow/.local/lib/python3.7/site-packages/airflow/example_dags/example_python_operator.py for tasks to queue
[2023-04-02 17:57:59,374] {logging_mixin.py:115} INFO - [2023-04-02 17:57:59,374] {dagbag.py:507} INFO - Filling up the DagBag from /home/airflow/.local/lib/python3.7/site-packages/airflow/example_dags/example_python_operator.py
[2023-04-02 17:57:59,397] {processor.py:651} INFO - DAG(s) dict_keys(['example_python_operator']) retrieved from /home/airflow/.local/lib/python3.7/site-packages/airflow/example_dags/example_python_operator.py
[2023-04-02 17:57:59,428] {logging_mixin.py:115} INFO - [2023-04-02 17:57:59,428] {dag.py:2371} INFO - Sync 1 DAGs
[2023-04-02 17:57:59,458] {logging_mixin.py:115} INFO - [2023-04-02 17:57:59,458] {dag.py:2919} INFO - Setting next_dagrun for example_python_operator to None, run_after=None
[2023-04-02 17:57:59,615] {processor.py:161} INFO - Processing /home/airflow/.local/lib/python3.7/site-packages/airflow/example_dags/example_python_operator.py took 0.248 seconds
[2023-04-02 17:58:29,676] {processor.py:153} INFO - Started process (PID=404) to work on /home/airflow/.local/lib/python3.7/site-packages/airflow/example_dags/example_python_operator.py
[2023-04-02 17:58:29,677] {processor.py:641} INFO - Processing file /home/airflow/.local/lib/python3.7/site-packages/airflow/example_dags/example_python_operator.py for tasks to queue
[2023-04-02 17:58:29,679] {logging_mixin.py:115} INFO - [2023-04-02 17:58:29,679] {dagbag.py:507} INFO - Filling up the DagBag from /home/airflow/.local/lib/python3.7/site-packages/airflow/example_dags/example_python_operator.py
[2023-04-02 17:58:29,701] {processor.py:651} INFO - DAG(s) dict_keys(['example_python_operator']) retrieved from /home/airflow/.local/lib/python3.7/site-packages/airflow/example_dags/example_python_operator.py
[2023-04-02 17:58:29,729] {logging_mixin.py:115} INFO - [2023-04-02 17:58:29,729] {dag.py:2371} INFO - Sync 1 DAGs
[2023-04-02 17:58:29,754] {logging_mixin.py:115} INFO - [2023-04-02 17:58:29,754] {dag.py:2919} INFO - Setting next_dagrun for example_python_operator to None, run_after=None
[2023-04-02 17:58:29,882] {processor.py:161} INFO - Processing /home/airflow/.local/lib/python3.7/site-packages/airflow/example_dags/example_python_operator.py took 0.210 seconds
[2023-04-02 17:59:00,579] {processor.py:153} INFO - Started process (PID=466) to work on /home/airflow/.local/lib/python3.7/site-packages/airflow/example_dags/example_python_operator.py
[2023-04-02 17:59:00,581] {processor.py:641} INFO - Processing file /home/airflow/.local/lib/python3.7/site-packages/airflow/example_dags/example_python_operator.py for tasks to queue
[2023-04-02 17:59:00,582] {logging_mixin.py:115} INFO - [2023-04-02 17:59:00,582] {dagbag.py:507} INFO - Filling up the DagBag from /home/airflow/.local/lib/python3.7/site-packages/airflow/example_dags/example_python_operator.py
[2023-04-02 17:59:00,601] {processor.py:651} INFO - DAG(s) dict_keys(['example_python_operator']) retrieved from /home/airflow/.local/lib/python3.7/site-packages/airflow/example_dags/example_python_operator.py
[2023-04-02 17:59:00,633] {logging_mixin.py:115} INFO - [2023-04-02 17:59:00,633] {dag.py:2371} INFO - Sync 1 DAGs
[2023-04-02 17:59:00,658] {logging_mixin.py:115} INFO - [2023-04-02 17:59:00,658] {dag.py:2919} INFO - Setting next_dagrun for example_python_operator to None, run_after=None
[2023-04-02 17:59:00,794] {processor.py:161} INFO - Processing /home/airflow/.local/lib/python3.7/site-packages/airflow/example_dags/example_python_operator.py took 0.219 seconds
[2023-04-02 17:59:30,928] {processor.py:153} INFO - Started process (PID=527) to work on /home/airflow/.local/lib/python3.7/site-packages/airflow/example_dags/example_python_operator.py
[2023-04-02 17:59:30,930] {processor.py:641} INFO - Processing file /home/airflow/.local/lib/python3.7/site-packages/airflow/example_dags/example_python_operator.py for tasks to queue
[2023-04-02 17:59:30,932] {logging_mixin.py:115} INFO - [2023-04-02 17:59:30,932] {dagbag.py:507} INFO - Filling up the DagBag from /home/airflow/.local/lib/python3.7/site-packages/airflow/example_dags/example_python_operator.py
[2023-04-02 17:59:30,957] {processor.py:651} INFO - DAG(s) dict_keys(['example_python_operator']) retrieved from /home/airflow/.local/lib/python3.7/site-packages/airflow/example_dags/example_python_operator.py
[2023-04-02 17:59:30,988] {logging_mixin.py:115} INFO - [2023-04-02 17:59:30,988] {dag.py:2371} INFO - Sync 1 DAGs
[2023-04-02 17:59:31,022] {logging_mixin.py:115} INFO - [2023-04-02 17:59:31,022] {dag.py:2919} INFO - Setting next_dagrun for example_python_operator to None, run_after=None
[2023-04-02 17:59:31,160] {processor.py:161} INFO - Processing /home/airflow/.local/lib/python3.7/site-packages/airflow/example_dags/example_python_operator.py took 0.238 seconds
[2023-04-02 18:00:01,257] {processor.py:153} INFO - Started process (PID=579) to work on /home/airflow/.local/lib/python3.7/site-packages/airflow/example_dags/example_python_operator.py
[2023-04-02 18:00:01,259] {processor.py:641} INFO - Processing file /home/airflow/.local/lib/python3.7/site-packages/airflow/example_dags/example_python_operator.py for tasks to queue
[2023-04-02 18:00:01,260] {logging_mixin.py:115} INFO - [2023-04-02 18:00:01,260] {dagbag.py:507} INFO - Filling up the DagBag from /home/airflow/.local/lib/python3.7/site-packages/airflow/example_dags/example_python_operator.py
[2023-04-02 18:00:01,280] {processor.py:651} INFO - DAG(s) dict_keys(['example_python_operator']) retrieved from /home/airflow/.local/lib/python3.7/site-packages/airflow/example_dags/example_python_operator.py
[2023-04-02 18:00:01,310] {logging_mixin.py:115} INFO - [2023-04-02 18:00:01,310] {dag.py:2371} INFO - Sync 1 DAGs
[2023-04-02 18:00:01,335] {logging_mixin.py:115} INFO - [2023-04-02 18:00:01,335] {dag.py:2919} INFO - Setting next_dagrun for example_python_operator to None, run_after=None
[2023-04-02 18:00:01,465] {processor.py:161} INFO - Processing /home/airflow/.local/lib/python3.7/site-packages/airflow/example_dags/example_python_operator.py took 0.213 seconds
[2023-04-02 18:00:32,133] {processor.py:153} INFO - Started process (PID=642) to work on /home/airflow/.local/lib/python3.7/site-packages/airflow/example_dags/example_python_operator.py
[2023-04-02 18:00:32,134] {processor.py:641} INFO - Processing file /home/airflow/.local/lib/python3.7/site-packages/airflow/example_dags/example_python_operator.py for tasks to queue
[2023-04-02 18:00:32,135] {logging_mixin.py:115} INFO - [2023-04-02 18:00:32,135] {dagbag.py:507} INFO - Filling up the DagBag from /home/airflow/.local/lib/python3.7/site-packages/airflow/example_dags/example_python_operator.py
[2023-04-02 18:00:32,157] {processor.py:651} INFO - DAG(s) dict_keys(['example_python_operator']) retrieved from /home/airflow/.local/lib/python3.7/site-packages/airflow/example_dags/example_python_operator.py
[2023-04-02 18:00:32,186] {logging_mixin.py:115} INFO - [2023-04-02 18:00:32,186] {dag.py:2371} INFO - Sync 1 DAGs
[2023-04-02 18:00:32,335] {logging_mixin.py:115} INFO - [2023-04-02 18:00:32,335] {dag.py:2919} INFO - Setting next_dagrun for example_python_operator to None, run_after=None
[2023-04-02 18:00:32,350] {processor.py:161} INFO - Processing /home/airflow/.local/lib/python3.7/site-packages/airflow/example_dags/example_python_operator.py took 0.222 seconds
[2023-04-02 18:01:02,860] {processor.py:153} INFO - Started process (PID=705) to work on /home/airflow/.local/lib/python3.7/site-packages/airflow/example_dags/example_python_operator.py
[2023-04-02 18:01:02,861] {processor.py:641} INFO - Processing file /home/airflow/.local/lib/python3.7/site-packages/airflow/example_dags/example_python_operator.py for tasks to queue
[2023-04-02 18:01:02,863] {logging_mixin.py:115} INFO - [2023-04-02 18:01:02,863] {dagbag.py:507} INFO - Filling up the DagBag from /home/airflow/.local/lib/python3.7/site-packages/airflow/example_dags/example_python_operator.py
[2023-04-02 18:01:02,883] {processor.py:651} INFO - DAG(s) dict_keys(['example_python_operator']) retrieved from /home/airflow/.local/lib/python3.7/site-packages/airflow/example_dags/example_python_operator.py
[2023-04-02 18:01:02,913] {logging_mixin.py:115} INFO - [2023-04-02 18:01:02,913] {dag.py:2371} INFO - Sync 1 DAGs
[2023-04-02 18:01:03,064] {logging_mixin.py:115} INFO - [2023-04-02 18:01:03,064] {dag.py:2919} INFO - Setting next_dagrun for example_python_operator to None, run_after=None
[2023-04-02 18:01:03,079] {processor.py:161} INFO - Processing /home/airflow/.local/lib/python3.7/site-packages/airflow/example_dags/example_python_operator.py took 0.223 seconds
[2023-04-02 18:01:33,270] {processor.py:153} INFO - Started process (PID=763) to work on /home/airflow/.local/lib/python3.7/site-packages/airflow/example_dags/example_python_operator.py
[2023-04-02 18:01:33,272] {processor.py:641} INFO - Processing file /home/airflow/.local/lib/python3.7/site-packages/airflow/example_dags/example_python_operator.py for tasks to queue
[2023-04-02 18:01:33,273] {logging_mixin.py:115} INFO - [2023-04-02 18:01:33,273] {dagbag.py:507} INFO - Filling up the DagBag from /home/airflow/.local/lib/python3.7/site-packages/airflow/example_dags/example_python_operator.py
[2023-04-02 18:01:33,295] {processor.py:651} INFO - DAG(s) dict_keys(['example_python_operator']) retrieved from /home/airflow/.local/lib/python3.7/site-packages/airflow/example_dags/example_python_operator.py
[2023-04-02 18:01:33,326] {logging_mixin.py:115} INFO - [2023-04-02 18:01:33,326] {dag.py:2371} INFO - Sync 1 DAGs
[2023-04-02 18:01:33,480] {logging_mixin.py:115} INFO - [2023-04-02 18:01:33,479] {dag.py:2919} INFO - Setting next_dagrun for example_python_operator to None, run_after=None
[2023-04-02 18:01:33,494] {processor.py:161} INFO - Processing /home/airflow/.local/lib/python3.7/site-packages/airflow/example_dags/example_python_operator.py took 0.229 seconds
[2023-04-02 18:02:03,702] {processor.py:153} INFO - Started process (PID=826) to work on /home/airflow/.local/lib/python3.7/site-packages/airflow/example_dags/example_python_operator.py
[2023-04-02 18:02:03,703] {processor.py:641} INFO - Processing file /home/airflow/.local/lib/python3.7/site-packages/airflow/example_dags/example_python_operator.py for tasks to queue
[2023-04-02 18:02:03,704] {logging_mixin.py:115} INFO - [2023-04-02 18:02:03,704] {dagbag.py:507} INFO - Filling up the DagBag from /home/airflow/.local/lib/python3.7/site-packages/airflow/example_dags/example_python_operator.py
[2023-04-02 18:02:03,725] {processor.py:651} INFO - DAG(s) dict_keys(['example_python_operator']) retrieved from /home/airflow/.local/lib/python3.7/site-packages/airflow/example_dags/example_python_operator.py
[2023-04-02 18:02:03,754] {logging_mixin.py:115} INFO - [2023-04-02 18:02:03,754] {dag.py:2371} INFO - Sync 1 DAGs
[2023-04-02 18:02:03,900] {logging_mixin.py:115} INFO - [2023-04-02 18:02:03,900] {dag.py:2919} INFO - Setting next_dagrun for example_python_operator to None, run_after=None
[2023-04-02 18:02:03,915] {processor.py:161} INFO - Processing /home/airflow/.local/lib/python3.7/site-packages/airflow/example_dags/example_python_operator.py took 0.218 seconds
[2023-04-02 18:02:33,969] {processor.py:153} INFO - Started process (PID=889) to work on /home/airflow/.local/lib/python3.7/site-packages/airflow/example_dags/example_python_operator.py
[2023-04-02 18:02:33,970] {processor.py:641} INFO - Processing file /home/airflow/.local/lib/python3.7/site-packages/airflow/example_dags/example_python_operator.py for tasks to queue
[2023-04-02 18:02:33,972] {logging_mixin.py:115} INFO - [2023-04-02 18:02:33,972] {dagbag.py:507} INFO - Filling up the DagBag from /home/airflow/.local/lib/python3.7/site-packages/airflow/example_dags/example_python_operator.py
[2023-04-02 18:02:33,992] {processor.py:651} INFO - DAG(s) dict_keys(['example_python_operator']) retrieved from /home/airflow/.local/lib/python3.7/site-packages/airflow/example_dags/example_python_operator.py
[2023-04-02 18:02:34,021] {logging_mixin.py:115} INFO - [2023-04-02 18:02:34,021] {dag.py:2371} INFO - Sync 1 DAGs
[2023-04-02 18:02:34,170] {logging_mixin.py:115} INFO - [2023-04-02 18:02:34,170] {dag.py:2919} INFO - Setting next_dagrun for example_python_operator to None, run_after=None
[2023-04-02 18:02:34,185] {processor.py:161} INFO - Processing /home/airflow/.local/lib/python3.7/site-packages/airflow/example_dags/example_python_operator.py took 0.221 seconds
[2023-04-02 18:03:04,300] {processor.py:153} INFO - Started process (PID=943) to work on /home/airflow/.local/lib/python3.7/site-packages/airflow/example_dags/example_python_operator.py
[2023-04-02 18:03:04,301] {processor.py:641} INFO - Processing file /home/airflow/.local/lib/python3.7/site-packages/airflow/example_dags/example_python_operator.py for tasks to queue
[2023-04-02 18:03:04,302] {logging_mixin.py:115} INFO - [2023-04-02 18:03:04,302] {dagbag.py:507} INFO - Filling up the DagBag from /home/airflow/.local/lib/python3.7/site-packages/airflow/example_dags/example_python_operator.py
[2023-04-02 18:03:04,323] {processor.py:651} INFO - DAG(s) dict_keys(['example_python_operator']) retrieved from /home/airflow/.local/lib/python3.7/site-packages/airflow/example_dags/example_python_operator.py
[2023-04-02 18:03:04,353] {logging_mixin.py:115} INFO - [2023-04-02 18:03:04,352] {dag.py:2371} INFO - Sync 1 DAGs
[2023-04-02 18:03:04,492] {logging_mixin.py:115} INFO - [2023-04-02 18:03:04,492] {dag.py:2919} INFO - Setting next_dagrun for example_python_operator to None, run_after=None
[2023-04-02 18:03:04,507] {processor.py:161} INFO - Processing /home/airflow/.local/lib/python3.7/site-packages/airflow/example_dags/example_python_operator.py took 0.212 seconds
[2023-04-02 18:03:34,909] {processor.py:153} INFO - Started process (PID=1006) to work on /home/airflow/.local/lib/python3.7/site-packages/airflow/example_dags/example_python_operator.py
[2023-04-02 18:03:34,911] {processor.py:641} INFO - Processing file /home/airflow/.local/lib/python3.7/site-packages/airflow/example_dags/example_python_operator.py for tasks to queue
[2023-04-02 18:03:34,912] {logging_mixin.py:115} INFO - [2023-04-02 18:03:34,912] {dagbag.py:507} INFO - Filling up the DagBag from /home/airflow/.local/lib/python3.7/site-packages/airflow/example_dags/example_python_operator.py
[2023-04-02 18:03:34,935] {processor.py:651} INFO - DAG(s) dict_keys(['example_python_operator']) retrieved from /home/airflow/.local/lib/python3.7/site-packages/airflow/example_dags/example_python_operator.py
[2023-04-02 18:03:34,965] {logging_mixin.py:115} INFO - [2023-04-02 18:03:34,965] {dag.py:2371} INFO - Sync 1 DAGs
[2023-04-02 18:03:35,125] {logging_mixin.py:115} INFO - [2023-04-02 18:03:35,125] {dag.py:2919} INFO - Setting next_dagrun for example_python_operator to None, run_after=None
[2023-04-02 18:03:35,141] {processor.py:161} INFO - Processing /home/airflow/.local/lib/python3.7/site-packages/airflow/example_dags/example_python_operator.py took 0.237 seconds
[2023-04-02 18:04:05,435] {processor.py:153} INFO - Started process (PID=1069) to work on /home/airflow/.local/lib/python3.7/site-packages/airflow/example_dags/example_python_operator.py
[2023-04-02 18:04:05,437] {processor.py:641} INFO - Processing file /home/airflow/.local/lib/python3.7/site-packages/airflow/example_dags/example_python_operator.py for tasks to queue
[2023-04-02 18:04:05,438] {logging_mixin.py:115} INFO - [2023-04-02 18:04:05,438] {dagbag.py:507} INFO - Filling up the DagBag from /home/airflow/.local/lib/python3.7/site-packages/airflow/example_dags/example_python_operator.py
[2023-04-02 18:04:05,458] {processor.py:651} INFO - DAG(s) dict_keys(['example_python_operator']) retrieved from /home/airflow/.local/lib/python3.7/site-packages/airflow/example_dags/example_python_operator.py
[2023-04-02 18:04:05,488] {logging_mixin.py:115} INFO - [2023-04-02 18:04:05,488] {dag.py:2371} INFO - Sync 1 DAGs
[2023-04-02 18:04:05,640] {logging_mixin.py:115} INFO - [2023-04-02 18:04:05,640] {dag.py:2919} INFO - Setting next_dagrun for example_python_operator to None, run_after=None
[2023-04-02 18:04:05,654] {processor.py:161} INFO - Processing /home/airflow/.local/lib/python3.7/site-packages/airflow/example_dags/example_python_operator.py took 0.222 seconds
[2023-04-02 18:04:36,080] {processor.py:153} INFO - Started process (PID=1132) to work on /home/airflow/.local/lib/python3.7/site-packages/airflow/example_dags/example_python_operator.py
[2023-04-02 18:04:36,082] {processor.py:641} INFO - Processing file /home/airflow/.local/lib/python3.7/site-packages/airflow/example_dags/example_python_operator.py for tasks to queue
[2023-04-02 18:04:36,083] {logging_mixin.py:115} INFO - [2023-04-02 18:04:36,083] {dagbag.py:507} INFO - Filling up the DagBag from /home/airflow/.local/lib/python3.7/site-packages/airflow/example_dags/example_python_operator.py
[2023-04-02 18:04:36,106] {processor.py:651} INFO - DAG(s) dict_keys(['example_python_operator']) retrieved from /home/airflow/.local/lib/python3.7/site-packages/airflow/example_dags/example_python_operator.py
[2023-04-02 18:04:36,148] {logging_mixin.py:115} INFO - [2023-04-02 18:04:36,148] {dag.py:2371} INFO - Sync 1 DAGs
[2023-04-02 18:04:36,307] {logging_mixin.py:115} INFO - [2023-04-02 18:04:36,307] {dag.py:2919} INFO - Setting next_dagrun for example_python_operator to None, run_after=None
[2023-04-02 18:04:36,322] {processor.py:161} INFO - Processing /home/airflow/.local/lib/python3.7/site-packages/airflow/example_dags/example_python_operator.py took 0.245 seconds
[2023-04-02 18:05:06,667] {processor.py:153} INFO - Started process (PID=1186) to work on /home/airflow/.local/lib/python3.7/site-packages/airflow/example_dags/example_python_operator.py
[2023-04-02 18:05:06,668] {processor.py:641} INFO - Processing file /home/airflow/.local/lib/python3.7/site-packages/airflow/example_dags/example_python_operator.py for tasks to queue
[2023-04-02 18:05:06,670] {logging_mixin.py:115} INFO - [2023-04-02 18:05:06,670] {dagbag.py:507} INFO - Filling up the DagBag from /home/airflow/.local/lib/python3.7/site-packages/airflow/example_dags/example_python_operator.py
[2023-04-02 18:05:06,692] {processor.py:651} INFO - DAG(s) dict_keys(['example_python_operator']) retrieved from /home/airflow/.local/lib/python3.7/site-packages/airflow/example_dags/example_python_operator.py
[2023-04-02 18:05:06,722] {logging_mixin.py:115} INFO - [2023-04-02 18:05:06,722] {dag.py:2371} INFO - Sync 1 DAGs
[2023-04-02 18:05:06,876] {logging_mixin.py:115} INFO - [2023-04-02 18:05:06,876] {dag.py:2919} INFO - Setting next_dagrun for example_python_operator to None, run_after=None
[2023-04-02 18:05:06,892] {processor.py:161} INFO - Processing /home/airflow/.local/lib/python3.7/site-packages/airflow/example_dags/example_python_operator.py took 0.230 seconds
[2023-04-02 18:05:37,303] {processor.py:153} INFO - Started process (PID=1250) to work on /home/airflow/.local/lib/python3.7/site-packages/airflow/example_dags/example_python_operator.py
[2023-04-02 18:05:37,305] {processor.py:641} INFO - Processing file /home/airflow/.local/lib/python3.7/site-packages/airflow/example_dags/example_python_operator.py for tasks to queue
[2023-04-02 18:05:37,306] {logging_mixin.py:115} INFO - [2023-04-02 18:05:37,306] {dagbag.py:507} INFO - Filling up the DagBag from /home/airflow/.local/lib/python3.7/site-packages/airflow/example_dags/example_python_operator.py
[2023-04-02 18:05:37,327] {processor.py:651} INFO - DAG(s) dict_keys(['example_python_operator']) retrieved from /home/airflow/.local/lib/python3.7/site-packages/airflow/example_dags/example_python_operator.py
[2023-04-02 18:05:37,359] {logging_mixin.py:115} INFO - [2023-04-02 18:05:37,359] {dag.py:2371} INFO - Sync 1 DAGs
[2023-04-02 18:05:37,508] {logging_mixin.py:115} INFO - [2023-04-02 18:05:37,508] {dag.py:2919} INFO - Setting next_dagrun for example_python_operator to None, run_after=None
[2023-04-02 18:05:37,523] {processor.py:161} INFO - Processing /home/airflow/.local/lib/python3.7/site-packages/airflow/example_dags/example_python_operator.py took 0.224 seconds
[2023-04-02 18:06:08,002] {processor.py:153} INFO - Started process (PID=1314) to work on /home/airflow/.local/lib/python3.7/site-packages/airflow/example_dags/example_python_operator.py
[2023-04-02 18:06:08,003] {processor.py:641} INFO - Processing file /home/airflow/.local/lib/python3.7/site-packages/airflow/example_dags/example_python_operator.py for tasks to queue
[2023-04-02 18:06:08,005] {logging_mixin.py:115} INFO - [2023-04-02 18:06:08,005] {dagbag.py:507} INFO - Filling up the DagBag from /home/airflow/.local/lib/python3.7/site-packages/airflow/example_dags/example_python_operator.py
[2023-04-02 18:06:08,027] {processor.py:651} INFO - DAG(s) dict_keys(['example_python_operator']) retrieved from /home/airflow/.local/lib/python3.7/site-packages/airflow/example_dags/example_python_operator.py
[2023-04-02 18:06:08,058] {logging_mixin.py:115} INFO - [2023-04-02 18:06:08,058] {dag.py:2371} INFO - Sync 1 DAGs
[2023-04-02 18:06:08,206] {logging_mixin.py:115} INFO - [2023-04-02 18:06:08,206] {dag.py:2919} INFO - Setting next_dagrun for example_python_operator to None, run_after=None
[2023-04-02 18:06:08,219] {processor.py:161} INFO - Processing /home/airflow/.local/lib/python3.7/site-packages/airflow/example_dags/example_python_operator.py took 0.221 seconds
[2023-04-02 18:06:38,863] {processor.py:153} INFO - Started process (PID=1368) to work on /home/airflow/.local/lib/python3.7/site-packages/airflow/example_dags/example_python_operator.py
[2023-04-02 18:06:38,864] {processor.py:641} INFO - Processing file /home/airflow/.local/lib/python3.7/site-packages/airflow/example_dags/example_python_operator.py for tasks to queue
[2023-04-02 18:06:38,866] {logging_mixin.py:115} INFO - [2023-04-02 18:06:38,866] {dagbag.py:507} INFO - Filling up the DagBag from /home/airflow/.local/lib/python3.7/site-packages/airflow/example_dags/example_python_operator.py
[2023-04-02 18:06:38,886] {processor.py:651} INFO - DAG(s) dict_keys(['example_python_operator']) retrieved from /home/airflow/.local/lib/python3.7/site-packages/airflow/example_dags/example_python_operator.py
[2023-04-02 18:06:38,917] {logging_mixin.py:115} INFO - [2023-04-02 18:06:38,917] {dag.py:2371} INFO - Sync 1 DAGs
[2023-04-02 18:06:39,064] {logging_mixin.py:115} INFO - [2023-04-02 18:06:39,064] {dag.py:2919} INFO - Setting next_dagrun for example_python_operator to None, run_after=None
[2023-04-02 18:06:39,079] {processor.py:161} INFO - Processing /home/airflow/.local/lib/python3.7/site-packages/airflow/example_dags/example_python_operator.py took 0.220 seconds
[2023-04-02 18:07:09,546] {processor.py:153} INFO - Started process (PID=1431) to work on /home/airflow/.local/lib/python3.7/site-packages/airflow/example_dags/example_python_operator.py
[2023-04-02 18:07:09,547] {processor.py:641} INFO - Processing file /home/airflow/.local/lib/python3.7/site-packages/airflow/example_dags/example_python_operator.py for tasks to queue
[2023-04-02 18:07:09,549] {logging_mixin.py:115} INFO - [2023-04-02 18:07:09,549] {dagbag.py:507} INFO - Filling up the DagBag from /home/airflow/.local/lib/python3.7/site-packages/airflow/example_dags/example_python_operator.py
[2023-04-02 18:07:09,568] {processor.py:651} INFO - DAG(s) dict_keys(['example_python_operator']) retrieved from /home/airflow/.local/lib/python3.7/site-packages/airflow/example_dags/example_python_operator.py
[2023-04-02 18:07:09,600] {logging_mixin.py:115} INFO - [2023-04-02 18:07:09,599] {dag.py:2371} INFO - Sync 1 DAGs
[2023-04-02 18:07:09,743] {logging_mixin.py:115} INFO - [2023-04-02 18:07:09,743] {dag.py:2919} INFO - Setting next_dagrun for example_python_operator to None, run_after=None
[2023-04-02 18:07:09,757] {processor.py:161} INFO - Processing /home/airflow/.local/lib/python3.7/site-packages/airflow/example_dags/example_python_operator.py took 0.216 seconds
[2023-04-02 18:07:40,159] {processor.py:153} INFO - Started process (PID=1495) to work on /home/airflow/.local/lib/python3.7/site-packages/airflow/example_dags/example_python_operator.py
[2023-04-02 18:07:40,160] {processor.py:641} INFO - Processing file /home/airflow/.local/lib/python3.7/site-packages/airflow/example_dags/example_python_operator.py for tasks to queue
[2023-04-02 18:07:40,162] {logging_mixin.py:115} INFO - [2023-04-02 18:07:40,162] {dagbag.py:507} INFO - Filling up the DagBag from /home/airflow/.local/lib/python3.7/site-packages/airflow/example_dags/example_python_operator.py
[2023-04-02 18:07:40,181] {processor.py:651} INFO - DAG(s) dict_keys(['example_python_operator']) retrieved from /home/airflow/.local/lib/python3.7/site-packages/airflow/example_dags/example_python_operator.py
[2023-04-02 18:07:40,213] {logging_mixin.py:115} INFO - [2023-04-02 18:07:40,213] {dag.py:2371} INFO - Sync 1 DAGs
[2023-04-02 18:07:40,353] {logging_mixin.py:115} INFO - [2023-04-02 18:07:40,353] {dag.py:2919} INFO - Setting next_dagrun for example_python_operator to None, run_after=None
[2023-04-02 18:07:40,367] {processor.py:161} INFO - Processing /home/airflow/.local/lib/python3.7/site-packages/airflow/example_dags/example_python_operator.py took 0.212 seconds
[2023-04-02 18:08:11,005] {processor.py:153} INFO - Started process (PID=1558) to work on /home/airflow/.local/lib/python3.7/site-packages/airflow/example_dags/example_python_operator.py
[2023-04-02 18:08:11,007] {processor.py:641} INFO - Processing file /home/airflow/.local/lib/python3.7/site-packages/airflow/example_dags/example_python_operator.py for tasks to queue
[2023-04-02 18:08:11,008] {logging_mixin.py:115} INFO - [2023-04-02 18:08:11,008] {dagbag.py:507} INFO - Filling up the DagBag from /home/airflow/.local/lib/python3.7/site-packages/airflow/example_dags/example_python_operator.py
[2023-04-02 18:08:11,029] {processor.py:651} INFO - DAG(s) dict_keys(['example_python_operator']) retrieved from /home/airflow/.local/lib/python3.7/site-packages/airflow/example_dags/example_python_operator.py
[2023-04-02 18:08:11,059] {logging_mixin.py:115} INFO - [2023-04-02 18:08:11,059] {dag.py:2371} INFO - Sync 1 DAGs
[2023-04-02 18:08:11,194] {logging_mixin.py:115} INFO - [2023-04-02 18:08:11,194] {dag.py:2919} INFO - Setting next_dagrun for example_python_operator to None, run_after=None
[2023-04-02 18:08:11,208] {processor.py:161} INFO - Processing /home/airflow/.local/lib/python3.7/site-packages/airflow/example_dags/example_python_operator.py took 0.207 seconds
[2023-04-02 18:08:41,526] {processor.py:153} INFO - Started process (PID=1612) to work on /home/airflow/.local/lib/python3.7/site-packages/airflow/example_dags/example_python_operator.py
[2023-04-02 18:08:41,527] {processor.py:641} INFO - Processing file /home/airflow/.local/lib/python3.7/site-packages/airflow/example_dags/example_python_operator.py for tasks to queue
[2023-04-02 18:08:41,528] {logging_mixin.py:115} INFO - [2023-04-02 18:08:41,528] {dagbag.py:507} INFO - Filling up the DagBag from /home/airflow/.local/lib/python3.7/site-packages/airflow/example_dags/example_python_operator.py
[2023-04-02 18:08:41,549] {processor.py:651} INFO - DAG(s) dict_keys(['example_python_operator']) retrieved from /home/airflow/.local/lib/python3.7/site-packages/airflow/example_dags/example_python_operator.py
[2023-04-02 18:08:41,581] {logging_mixin.py:115} INFO - [2023-04-02 18:08:41,581] {dag.py:2371} INFO - Sync 1 DAGs
[2023-04-02 18:08:41,764] {logging_mixin.py:115} INFO - [2023-04-02 18:08:41,764] {dag.py:2919} INFO - Setting next_dagrun for example_python_operator to None, run_after=None
[2023-04-02 18:08:41,791] {processor.py:161} INFO - Processing /home/airflow/.local/lib/python3.7/site-packages/airflow/example_dags/example_python_operator.py took 0.270 seconds
[2023-04-02 18:09:12,280] {processor.py:153} INFO - Started process (PID=1675) to work on /home/airflow/.local/lib/python3.7/site-packages/airflow/example_dags/example_python_operator.py
[2023-04-02 18:09:12,282] {processor.py:641} INFO - Processing file /home/airflow/.local/lib/python3.7/site-packages/airflow/example_dags/example_python_operator.py for tasks to queue
[2023-04-02 18:09:12,283] {logging_mixin.py:115} INFO - [2023-04-02 18:09:12,283] {dagbag.py:507} INFO - Filling up the DagBag from /home/airflow/.local/lib/python3.7/site-packages/airflow/example_dags/example_python_operator.py
[2023-04-02 18:09:12,303] {processor.py:651} INFO - DAG(s) dict_keys(['example_python_operator']) retrieved from /home/airflow/.local/lib/python3.7/site-packages/airflow/example_dags/example_python_operator.py
[2023-04-02 18:09:12,332] {logging_mixin.py:115} INFO - [2023-04-02 18:09:12,332] {dag.py:2371} INFO - Sync 1 DAGs
[2023-04-02 18:09:12,471] {logging_mixin.py:115} INFO - [2023-04-02 18:09:12,471] {dag.py:2919} INFO - Setting next_dagrun for example_python_operator to None, run_after=None
[2023-04-02 18:09:12,485] {processor.py:161} INFO - Processing /home/airflow/.local/lib/python3.7/site-packages/airflow/example_dags/example_python_operator.py took 0.209 seconds
[2023-04-02 18:09:42,821] {processor.py:153} INFO - Started process (PID=1738) to work on /home/airflow/.local/lib/python3.7/site-packages/airflow/example_dags/example_python_operator.py
[2023-04-02 18:09:42,823] {processor.py:641} INFO - Processing file /home/airflow/.local/lib/python3.7/site-packages/airflow/example_dags/example_python_operator.py for tasks to queue
[2023-04-02 18:09:42,825] {logging_mixin.py:115} INFO - [2023-04-02 18:09:42,825] {dagbag.py:507} INFO - Filling up the DagBag from /home/airflow/.local/lib/python3.7/site-packages/airflow/example_dags/example_python_operator.py
[2023-04-02 18:09:42,848] {processor.py:651} INFO - DAG(s) dict_keys(['example_python_operator']) retrieved from /home/airflow/.local/lib/python3.7/site-packages/airflow/example_dags/example_python_operator.py
[2023-04-02 18:09:42,889] {logging_mixin.py:115} INFO - [2023-04-02 18:09:42,889] {dag.py:2371} INFO - Sync 1 DAGs
[2023-04-02 18:09:43,041] {logging_mixin.py:115} INFO - [2023-04-02 18:09:43,041] {dag.py:2919} INFO - Setting next_dagrun for example_python_operator to None, run_after=None
[2023-04-02 18:09:43,055] {processor.py:161} INFO - Processing /home/airflow/.local/lib/python3.7/site-packages/airflow/example_dags/example_python_operator.py took 0.239 seconds
[2023-04-02 18:10:13,601] {processor.py:153} INFO - Started process (PID=1799) to work on /home/airflow/.local/lib/python3.7/site-packages/airflow/example_dags/example_python_operator.py
[2023-04-02 18:10:13,603] {processor.py:641} INFO - Processing file /home/airflow/.local/lib/python3.7/site-packages/airflow/example_dags/example_python_operator.py for tasks to queue
[2023-04-02 18:10:13,605] {logging_mixin.py:115} INFO - [2023-04-02 18:10:13,604] {dagbag.py:507} INFO - Filling up the DagBag from /home/airflow/.local/lib/python3.7/site-packages/airflow/example_dags/example_python_operator.py
[2023-04-02 18:10:13,629] {processor.py:651} INFO - DAG(s) dict_keys(['example_python_operator']) retrieved from /home/airflow/.local/lib/python3.7/site-packages/airflow/example_dags/example_python_operator.py
[2023-04-02 18:10:13,668] {logging_mixin.py:115} INFO - [2023-04-02 18:10:13,668] {dag.py:2371} INFO - Sync 1 DAGs
[2023-04-02 18:10:13,923] {logging_mixin.py:115} INFO - [2023-04-02 18:10:13,923] {dag.py:2919} INFO - Setting next_dagrun for example_python_operator to None, run_after=None
[2023-04-02 18:10:13,949] {processor.py:161} INFO - Processing /home/airflow/.local/lib/python3.7/site-packages/airflow/example_dags/example_python_operator.py took 0.353 seconds
[2023-04-02 18:10:44,520] {processor.py:153} INFO - Started process (PID=1855) to work on /home/airflow/.local/lib/python3.7/site-packages/airflow/example_dags/example_python_operator.py
[2023-04-02 18:10:44,521] {processor.py:641} INFO - Processing file /home/airflow/.local/lib/python3.7/site-packages/airflow/example_dags/example_python_operator.py for tasks to queue
[2023-04-02 18:10:44,522] {logging_mixin.py:115} INFO - [2023-04-02 18:10:44,522] {dagbag.py:507} INFO - Filling up the DagBag from /home/airflow/.local/lib/python3.7/site-packages/airflow/example_dags/example_python_operator.py
[2023-04-02 18:10:44,542] {processor.py:651} INFO - DAG(s) dict_keys(['example_python_operator']) retrieved from /home/airflow/.local/lib/python3.7/site-packages/airflow/example_dags/example_python_operator.py
[2023-04-02 18:10:44,572] {logging_mixin.py:115} INFO - [2023-04-02 18:10:44,572] {dag.py:2371} INFO - Sync 1 DAGs
[2023-04-02 18:10:44,594] {logging_mixin.py:115} INFO - [2023-04-02 18:10:44,593] {dag.py:2919} INFO - Setting next_dagrun for example_python_operator to None, run_after=None
[2023-04-02 18:10:44,606] {processor.py:161} INFO - Processing /home/airflow/.local/lib/python3.7/site-packages/airflow/example_dags/example_python_operator.py took 0.090 seconds
[2023-04-02 18:11:14,757] {processor.py:153} INFO - Started process (PID=1918) to work on /home/airflow/.local/lib/python3.7/site-packages/airflow/example_dags/example_python_operator.py
[2023-04-02 18:11:14,758] {processor.py:641} INFO - Processing file /home/airflow/.local/lib/python3.7/site-packages/airflow/example_dags/example_python_operator.py for tasks to queue
[2023-04-02 18:11:14,759] {logging_mixin.py:115} INFO - [2023-04-02 18:11:14,759] {dagbag.py:507} INFO - Filling up the DagBag from /home/airflow/.local/lib/python3.7/site-packages/airflow/example_dags/example_python_operator.py
[2023-04-02 18:11:14,780] {processor.py:651} INFO - DAG(s) dict_keys(['example_python_operator']) retrieved from /home/airflow/.local/lib/python3.7/site-packages/airflow/example_dags/example_python_operator.py
[2023-04-02 18:11:14,815] {logging_mixin.py:115} INFO - [2023-04-02 18:11:14,815] {dag.py:2371} INFO - Sync 1 DAGs
[2023-04-02 18:11:14,840] {logging_mixin.py:115} INFO - [2023-04-02 18:11:14,840] {dag.py:2919} INFO - Setting next_dagrun for example_python_operator to None, run_after=None
[2023-04-02 18:11:14,854] {processor.py:161} INFO - Processing /home/airflow/.local/lib/python3.7/site-packages/airflow/example_dags/example_python_operator.py took 0.101 seconds
[2023-04-02 18:11:45,348] {processor.py:153} INFO - Started process (PID=1981) to work on /home/airflow/.local/lib/python3.7/site-packages/airflow/example_dags/example_python_operator.py
[2023-04-02 18:11:45,349] {processor.py:641} INFO - Processing file /home/airflow/.local/lib/python3.7/site-packages/airflow/example_dags/example_python_operator.py for tasks to queue
[2023-04-02 18:11:45,350] {logging_mixin.py:115} INFO - [2023-04-02 18:11:45,350] {dagbag.py:507} INFO - Filling up the DagBag from /home/airflow/.local/lib/python3.7/site-packages/airflow/example_dags/example_python_operator.py
[2023-04-02 18:11:45,372] {processor.py:651} INFO - DAG(s) dict_keys(['example_python_operator']) retrieved from /home/airflow/.local/lib/python3.7/site-packages/airflow/example_dags/example_python_operator.py
[2023-04-02 18:11:45,416] {logging_mixin.py:115} INFO - [2023-04-02 18:11:45,416] {dag.py:2371} INFO - Sync 1 DAGs
[2023-04-02 18:11:45,446] {logging_mixin.py:115} INFO - [2023-04-02 18:11:45,446] {dag.py:2919} INFO - Setting next_dagrun for example_python_operator to None, run_after=None
[2023-04-02 18:11:45,462] {processor.py:161} INFO - Processing /home/airflow/.local/lib/python3.7/site-packages/airflow/example_dags/example_python_operator.py took 0.118 seconds
[2023-04-02 18:12:15,740] {processor.py:153} INFO - Started process (PID=2035) to work on /home/airflow/.local/lib/python3.7/site-packages/airflow/example_dags/example_python_operator.py
[2023-04-02 18:12:15,741] {processor.py:641} INFO - Processing file /home/airflow/.local/lib/python3.7/site-packages/airflow/example_dags/example_python_operator.py for tasks to queue
[2023-04-02 18:12:15,743] {logging_mixin.py:115} INFO - [2023-04-02 18:12:15,742] {dagbag.py:507} INFO - Filling up the DagBag from /home/airflow/.local/lib/python3.7/site-packages/airflow/example_dags/example_python_operator.py
[2023-04-02 18:12:15,765] {processor.py:651} INFO - DAG(s) dict_keys(['example_python_operator']) retrieved from /home/airflow/.local/lib/python3.7/site-packages/airflow/example_dags/example_python_operator.py
[2023-04-02 18:12:15,798] {logging_mixin.py:115} INFO - [2023-04-02 18:12:15,798] {dag.py:2371} INFO - Sync 1 DAGs
[2023-04-02 18:12:15,820] {logging_mixin.py:115} INFO - [2023-04-02 18:12:15,820] {dag.py:2919} INFO - Setting next_dagrun for example_python_operator to None, run_after=None
[2023-04-02 18:12:15,833] {processor.py:161} INFO - Processing /home/airflow/.local/lib/python3.7/site-packages/airflow/example_dags/example_python_operator.py took 0.096 seconds
[2023-04-02 18:12:46,267] {processor.py:153} INFO - Started process (PID=2098) to work on /home/airflow/.local/lib/python3.7/site-packages/airflow/example_dags/example_python_operator.py
[2023-04-02 18:12:46,268] {processor.py:641} INFO - Processing file /home/airflow/.local/lib/python3.7/site-packages/airflow/example_dags/example_python_operator.py for tasks to queue
[2023-04-02 18:12:46,269] {logging_mixin.py:115} INFO - [2023-04-02 18:12:46,269] {dagbag.py:507} INFO - Filling up the DagBag from /home/airflow/.local/lib/python3.7/site-packages/airflow/example_dags/example_python_operator.py
[2023-04-02 18:12:46,289] {processor.py:651} INFO - DAG(s) dict_keys(['example_python_operator']) retrieved from /home/airflow/.local/lib/python3.7/site-packages/airflow/example_dags/example_python_operator.py
[2023-04-02 18:12:46,320] {logging_mixin.py:115} INFO - [2023-04-02 18:12:46,320] {dag.py:2371} INFO - Sync 1 DAGs
[2023-04-02 18:12:46,344] {logging_mixin.py:115} INFO - [2023-04-02 18:12:46,344] {dag.py:2919} INFO - Setting next_dagrun for example_python_operator to None, run_after=None
[2023-04-02 18:12:46,357] {processor.py:161} INFO - Processing /home/airflow/.local/lib/python3.7/site-packages/airflow/example_dags/example_python_operator.py took 0.096 seconds
[2023-04-02 18:13:16,612] {processor.py:153} INFO - Started process (PID=2161) to work on /home/airflow/.local/lib/python3.7/site-packages/airflow/example_dags/example_python_operator.py
[2023-04-02 18:13:16,613] {processor.py:641} INFO - Processing file /home/airflow/.local/lib/python3.7/site-packages/airflow/example_dags/example_python_operator.py for tasks to queue
[2023-04-02 18:13:16,614] {logging_mixin.py:115} INFO - [2023-04-02 18:13:16,614] {dagbag.py:507} INFO - Filling up the DagBag from /home/airflow/.local/lib/python3.7/site-packages/airflow/example_dags/example_python_operator.py
[2023-04-02 18:13:16,635] {processor.py:651} INFO - DAG(s) dict_keys(['example_python_operator']) retrieved from /home/airflow/.local/lib/python3.7/site-packages/airflow/example_dags/example_python_operator.py
[2023-04-02 18:13:16,666] {logging_mixin.py:115} INFO - [2023-04-02 18:13:16,666] {dag.py:2371} INFO - Sync 1 DAGs
[2023-04-02 18:13:16,690] {logging_mixin.py:115} INFO - [2023-04-02 18:13:16,689] {dag.py:2919} INFO - Setting next_dagrun for example_python_operator to None, run_after=None
[2023-04-02 18:13:16,703] {processor.py:161} INFO - Processing /home/airflow/.local/lib/python3.7/site-packages/airflow/example_dags/example_python_operator.py took 0.096 seconds
[2023-04-02 18:13:46,864] {processor.py:153} INFO - Started process (PID=2215) to work on /home/airflow/.local/lib/python3.7/site-packages/airflow/example_dags/example_python_operator.py
[2023-04-02 18:13:46,866] {processor.py:641} INFO - Processing file /home/airflow/.local/lib/python3.7/site-packages/airflow/example_dags/example_python_operator.py for tasks to queue
[2023-04-02 18:13:46,867] {logging_mixin.py:115} INFO - [2023-04-02 18:13:46,867] {dagbag.py:507} INFO - Filling up the DagBag from /home/airflow/.local/lib/python3.7/site-packages/airflow/example_dags/example_python_operator.py
[2023-04-02 18:13:46,887] {processor.py:651} INFO - DAG(s) dict_keys(['example_python_operator']) retrieved from /home/airflow/.local/lib/python3.7/site-packages/airflow/example_dags/example_python_operator.py
[2023-04-02 18:13:46,918] {logging_mixin.py:115} INFO - [2023-04-02 18:13:46,918] {dag.py:2371} INFO - Sync 1 DAGs
[2023-04-02 18:13:46,941] {logging_mixin.py:115} INFO - [2023-04-02 18:13:46,941] {dag.py:2919} INFO - Setting next_dagrun for example_python_operator to None, run_after=None
[2023-04-02 18:13:46,954] {processor.py:161} INFO - Processing /home/airflow/.local/lib/python3.7/site-packages/airflow/example_dags/example_python_operator.py took 0.093 seconds
[2023-04-02 18:14:17,316] {processor.py:153} INFO - Started process (PID=2278) to work on /home/airflow/.local/lib/python3.7/site-packages/airflow/example_dags/example_python_operator.py
[2023-04-02 18:14:17,317] {processor.py:641} INFO - Processing file /home/airflow/.local/lib/python3.7/site-packages/airflow/example_dags/example_python_operator.py for tasks to queue
[2023-04-02 18:14:17,319] {logging_mixin.py:115} INFO - [2023-04-02 18:14:17,318] {dagbag.py:507} INFO - Filling up the DagBag from /home/airflow/.local/lib/python3.7/site-packages/airflow/example_dags/example_python_operator.py
[2023-04-02 18:14:17,338] {processor.py:651} INFO - DAG(s) dict_keys(['example_python_operator']) retrieved from /home/airflow/.local/lib/python3.7/site-packages/airflow/example_dags/example_python_operator.py
[2023-04-02 18:14:17,369] {logging_mixin.py:115} INFO - [2023-04-02 18:14:17,369] {dag.py:2371} INFO - Sync 1 DAGs
[2023-04-02 18:14:17,391] {logging_mixin.py:115} INFO - [2023-04-02 18:14:17,391] {dag.py:2919} INFO - Setting next_dagrun for example_python_operator to None, run_after=None
[2023-04-02 18:14:17,403] {processor.py:161} INFO - Processing /home/airflow/.local/lib/python3.7/site-packages/airflow/example_dags/example_python_operator.py took 0.091 seconds
[2023-04-02 18:14:47,490] {processor.py:153} INFO - Started process (PID=2341) to work on /home/airflow/.local/lib/python3.7/site-packages/airflow/example_dags/example_python_operator.py
[2023-04-02 18:14:47,491] {processor.py:641} INFO - Processing file /home/airflow/.local/lib/python3.7/site-packages/airflow/example_dags/example_python_operator.py for tasks to queue
[2023-04-02 18:14:47,493] {logging_mixin.py:115} INFO - [2023-04-02 18:14:47,493] {dagbag.py:507} INFO - Filling up the DagBag from /home/airflow/.local/lib/python3.7/site-packages/airflow/example_dags/example_python_operator.py
[2023-04-02 18:14:47,514] {processor.py:651} INFO - DAG(s) dict_keys(['example_python_operator']) retrieved from /home/airflow/.local/lib/python3.7/site-packages/airflow/example_dags/example_python_operator.py
[2023-04-02 18:14:47,545] {logging_mixin.py:115} INFO - [2023-04-02 18:14:47,545] {dag.py:2371} INFO - Sync 1 DAGs
[2023-04-02 18:14:47,569] {logging_mixin.py:115} INFO - [2023-04-02 18:14:47,569] {dag.py:2919} INFO - Setting next_dagrun for example_python_operator to None, run_after=None
[2023-04-02 18:14:47,581] {processor.py:161} INFO - Processing /home/airflow/.local/lib/python3.7/site-packages/airflow/example_dags/example_python_operator.py took 0.097 seconds
[2023-04-02 18:15:17,705] {processor.py:153} INFO - Started process (PID=2395) to work on /home/airflow/.local/lib/python3.7/site-packages/airflow/example_dags/example_python_operator.py
[2023-04-02 18:15:17,706] {processor.py:641} INFO - Processing file /home/airflow/.local/lib/python3.7/site-packages/airflow/example_dags/example_python_operator.py for tasks to queue
[2023-04-02 18:15:17,707] {logging_mixin.py:115} INFO - [2023-04-02 18:15:17,707] {dagbag.py:507} INFO - Filling up the DagBag from /home/airflow/.local/lib/python3.7/site-packages/airflow/example_dags/example_python_operator.py
[2023-04-02 18:15:17,727] {processor.py:651} INFO - DAG(s) dict_keys(['example_python_operator']) retrieved from /home/airflow/.local/lib/python3.7/site-packages/airflow/example_dags/example_python_operator.py
[2023-04-02 18:15:17,756] {logging_mixin.py:115} INFO - [2023-04-02 18:15:17,756] {dag.py:2371} INFO - Sync 1 DAGs
[2023-04-02 18:15:17,779] {logging_mixin.py:115} INFO - [2023-04-02 18:15:17,779] {dag.py:2919} INFO - Setting next_dagrun for example_python_operator to None, run_after=None
[2023-04-02 18:15:17,791] {processor.py:161} INFO - Processing /home/airflow/.local/lib/python3.7/site-packages/airflow/example_dags/example_python_operator.py took 0.090 seconds
[2023-04-02 18:15:48,215] {processor.py:153} INFO - Started process (PID=2458) to work on /home/airflow/.local/lib/python3.7/site-packages/airflow/example_dags/example_python_operator.py
[2023-04-02 18:15:48,216] {processor.py:641} INFO - Processing file /home/airflow/.local/lib/python3.7/site-packages/airflow/example_dags/example_python_operator.py for tasks to queue
[2023-04-02 18:15:48,217] {logging_mixin.py:115} INFO - [2023-04-02 18:15:48,217] {dagbag.py:507} INFO - Filling up the DagBag from /home/airflow/.local/lib/python3.7/site-packages/airflow/example_dags/example_python_operator.py
[2023-04-02 18:15:48,240] {processor.py:651} INFO - DAG(s) dict_keys(['example_python_operator']) retrieved from /home/airflow/.local/lib/python3.7/site-packages/airflow/example_dags/example_python_operator.py
[2023-04-02 18:15:48,269] {logging_mixin.py:115} INFO - [2023-04-02 18:15:48,269] {dag.py:2371} INFO - Sync 1 DAGs
[2023-04-02 18:15:48,293] {logging_mixin.py:115} INFO - [2023-04-02 18:15:48,293] {dag.py:2919} INFO - Setting next_dagrun for example_python_operator to None, run_after=None
[2023-04-02 18:15:48,306] {processor.py:161} INFO - Processing /home/airflow/.local/lib/python3.7/site-packages/airflow/example_dags/example_python_operator.py took 0.096 seconds
[2023-04-02 18:16:18,795] {processor.py:153} INFO - Started process (PID=2521) to work on /home/airflow/.local/lib/python3.7/site-packages/airflow/example_dags/example_python_operator.py
[2023-04-02 18:16:18,797] {processor.py:641} INFO - Processing file /home/airflow/.local/lib/python3.7/site-packages/airflow/example_dags/example_python_operator.py for tasks to queue
[2023-04-02 18:16:18,798] {logging_mixin.py:115} INFO - [2023-04-02 18:16:18,798] {dagbag.py:507} INFO - Filling up the DagBag from /home/airflow/.local/lib/python3.7/site-packages/airflow/example_dags/example_python_operator.py
[2023-04-02 18:16:18,821] {processor.py:651} INFO - DAG(s) dict_keys(['example_python_operator']) retrieved from /home/airflow/.local/lib/python3.7/site-packages/airflow/example_dags/example_python_operator.py
[2023-04-02 18:16:18,850] {logging_mixin.py:115} INFO - [2023-04-02 18:16:18,850] {dag.py:2371} INFO - Sync 1 DAGs
[2023-04-02 18:16:18,875] {logging_mixin.py:115} INFO - [2023-04-02 18:16:18,875] {dag.py:2919} INFO - Setting next_dagrun for example_python_operator to None, run_after=None
[2023-04-02 18:16:18,887] {processor.py:161} INFO - Processing /home/airflow/.local/lib/python3.7/site-packages/airflow/example_dags/example_python_operator.py took 0.096 seconds
[2023-04-02 18:16:49,299] {processor.py:153} INFO - Started process (PID=2584) to work on /home/airflow/.local/lib/python3.7/site-packages/airflow/example_dags/example_python_operator.py
[2023-04-02 18:16:49,311] {processor.py:641} INFO - Processing file /home/airflow/.local/lib/python3.7/site-packages/airflow/example_dags/example_python_operator.py for tasks to queue
[2023-04-02 18:16:49,312] {logging_mixin.py:115} INFO - [2023-04-02 18:16:49,312] {dagbag.py:507} INFO - Filling up the DagBag from /home/airflow/.local/lib/python3.7/site-packages/airflow/example_dags/example_python_operator.py
[2023-04-02 18:16:49,336] {processor.py:651} INFO - DAG(s) dict_keys(['example_python_operator']) retrieved from /home/airflow/.local/lib/python3.7/site-packages/airflow/example_dags/example_python_operator.py
[2023-04-02 18:16:49,364] {logging_mixin.py:115} INFO - [2023-04-02 18:16:49,364] {dag.py:2371} INFO - Sync 1 DAGs
[2023-04-02 18:16:49,388] {logging_mixin.py:115} INFO - [2023-04-02 18:16:49,388] {dag.py:2919} INFO - Setting next_dagrun for example_python_operator to None, run_after=None
[2023-04-02 18:16:49,401] {processor.py:161} INFO - Processing /home/airflow/.local/lib/python3.7/site-packages/airflow/example_dags/example_python_operator.py took 0.105 seconds
[2023-04-02 18:17:19,856] {processor.py:153} INFO - Started process (PID=2638) to work on /home/airflow/.local/lib/python3.7/site-packages/airflow/example_dags/example_python_operator.py
[2023-04-02 18:17:19,857] {processor.py:641} INFO - Processing file /home/airflow/.local/lib/python3.7/site-packages/airflow/example_dags/example_python_operator.py for tasks to queue
[2023-04-02 18:17:19,858] {logging_mixin.py:115} INFO - [2023-04-02 18:17:19,858] {dagbag.py:507} INFO - Filling up the DagBag from /home/airflow/.local/lib/python3.7/site-packages/airflow/example_dags/example_python_operator.py
[2023-04-02 18:17:19,881] {processor.py:651} INFO - DAG(s) dict_keys(['example_python_operator']) retrieved from /home/airflow/.local/lib/python3.7/site-packages/airflow/example_dags/example_python_operator.py
[2023-04-02 18:17:19,908] {logging_mixin.py:115} INFO - [2023-04-02 18:17:19,908] {dag.py:2371} INFO - Sync 1 DAGs
[2023-04-02 18:17:19,932] {logging_mixin.py:115} INFO - [2023-04-02 18:17:19,932] {dag.py:2919} INFO - Setting next_dagrun for example_python_operator to None, run_after=None
[2023-04-02 18:17:19,946] {processor.py:161} INFO - Processing /home/airflow/.local/lib/python3.7/site-packages/airflow/example_dags/example_python_operator.py took 0.094 seconds
[2023-04-02 18:17:50,903] {processor.py:153} INFO - Started process (PID=2701) to work on /home/airflow/.local/lib/python3.7/site-packages/airflow/example_dags/example_python_operator.py
[2023-04-02 18:17:50,904] {processor.py:641} INFO - Processing file /home/airflow/.local/lib/python3.7/site-packages/airflow/example_dags/example_python_operator.py for tasks to queue
[2023-04-02 18:17:50,906] {logging_mixin.py:115} INFO - [2023-04-02 18:17:50,906] {dagbag.py:507} INFO - Filling up the DagBag from /home/airflow/.local/lib/python3.7/site-packages/airflow/example_dags/example_python_operator.py
[2023-04-02 18:17:50,928] {processor.py:651} INFO - DAG(s) dict_keys(['example_python_operator']) retrieved from /home/airflow/.local/lib/python3.7/site-packages/airflow/example_dags/example_python_operator.py
[2023-04-02 18:17:50,958] {logging_mixin.py:115} INFO - [2023-04-02 18:17:50,957] {dag.py:2371} INFO - Sync 1 DAGs
[2023-04-02 18:17:50,982] {logging_mixin.py:115} INFO - [2023-04-02 18:17:50,982] {dag.py:2919} INFO - Setting next_dagrun for example_python_operator to None, run_after=None
[2023-04-02 18:17:50,997] {processor.py:161} INFO - Processing /home/airflow/.local/lib/python3.7/site-packages/airflow/example_dags/example_python_operator.py took 0.097 seconds
[2023-04-02 18:18:21,199] {processor.py:153} INFO - Started process (PID=2763) to work on /home/airflow/.local/lib/python3.7/site-packages/airflow/example_dags/example_python_operator.py
[2023-04-02 18:18:21,201] {processor.py:641} INFO - Processing file /home/airflow/.local/lib/python3.7/site-packages/airflow/example_dags/example_python_operator.py for tasks to queue
[2023-04-02 18:18:21,202] {logging_mixin.py:115} INFO - [2023-04-02 18:18:21,202] {dagbag.py:507} INFO - Filling up the DagBag from /home/airflow/.local/lib/python3.7/site-packages/airflow/example_dags/example_python_operator.py
[2023-04-02 18:18:21,224] {processor.py:651} INFO - DAG(s) dict_keys(['example_python_operator']) retrieved from /home/airflow/.local/lib/python3.7/site-packages/airflow/example_dags/example_python_operator.py
[2023-04-02 18:18:21,251] {logging_mixin.py:115} INFO - [2023-04-02 18:18:21,251] {dag.py:2371} INFO - Sync 1 DAGs
[2023-04-02 18:18:21,274] {logging_mixin.py:115} INFO - [2023-04-02 18:18:21,274] {dag.py:2919} INFO - Setting next_dagrun for example_python_operator to None, run_after=None
[2023-04-02 18:18:21,286] {processor.py:161} INFO - Processing /home/airflow/.local/lib/python3.7/site-packages/airflow/example_dags/example_python_operator.py took 0.091 seconds
[2023-04-02 18:18:51,602] {processor.py:153} INFO - Started process (PID=2817) to work on /home/airflow/.local/lib/python3.7/site-packages/airflow/example_dags/example_python_operator.py
[2023-04-02 18:18:51,603] {processor.py:641} INFO - Processing file /home/airflow/.local/lib/python3.7/site-packages/airflow/example_dags/example_python_operator.py for tasks to queue
[2023-04-02 18:18:51,604] {logging_mixin.py:115} INFO - [2023-04-02 18:18:51,604] {dagbag.py:507} INFO - Filling up the DagBag from /home/airflow/.local/lib/python3.7/site-packages/airflow/example_dags/example_python_operator.py
[2023-04-02 18:18:51,628] {processor.py:651} INFO - DAG(s) dict_keys(['example_python_operator']) retrieved from /home/airflow/.local/lib/python3.7/site-packages/airflow/example_dags/example_python_operator.py
[2023-04-02 18:18:51,659] {logging_mixin.py:115} INFO - [2023-04-02 18:18:51,659] {dag.py:2371} INFO - Sync 1 DAGs
[2023-04-02 18:18:51,683] {logging_mixin.py:115} INFO - [2023-04-02 18:18:51,683] {dag.py:2919} INFO - Setting next_dagrun for example_python_operator to None, run_after=None
[2023-04-02 18:18:51,696] {processor.py:161} INFO - Processing /home/airflow/.local/lib/python3.7/site-packages/airflow/example_dags/example_python_operator.py took 0.099 seconds
[2023-04-02 18:19:21,902] {processor.py:153} INFO - Started process (PID=2881) to work on /home/airflow/.local/lib/python3.7/site-packages/airflow/example_dags/example_python_operator.py
[2023-04-02 18:19:21,903] {processor.py:641} INFO - Processing file /home/airflow/.local/lib/python3.7/site-packages/airflow/example_dags/example_python_operator.py for tasks to queue
[2023-04-02 18:19:21,905] {logging_mixin.py:115} INFO - [2023-04-02 18:19:21,905] {dagbag.py:507} INFO - Filling up the DagBag from /home/airflow/.local/lib/python3.7/site-packages/airflow/example_dags/example_python_operator.py
[2023-04-02 18:19:21,928] {processor.py:651} INFO - DAG(s) dict_keys(['example_python_operator']) retrieved from /home/airflow/.local/lib/python3.7/site-packages/airflow/example_dags/example_python_operator.py
[2023-04-02 18:19:21,956] {logging_mixin.py:115} INFO - [2023-04-02 18:19:21,956] {dag.py:2371} INFO - Sync 1 DAGs
[2023-04-02 18:19:21,978] {logging_mixin.py:115} INFO - [2023-04-02 18:19:21,978] {dag.py:2919} INFO - Setting next_dagrun for example_python_operator to None, run_after=None
[2023-04-02 18:19:21,990] {processor.py:161} INFO - Processing /home/airflow/.local/lib/python3.7/site-packages/airflow/example_dags/example_python_operator.py took 0.093 seconds
[2023-04-02 18:19:52,248] {processor.py:153} INFO - Started process (PID=2944) to work on /home/airflow/.local/lib/python3.7/site-packages/airflow/example_dags/example_python_operator.py
[2023-04-02 18:19:52,250] {processor.py:641} INFO - Processing file /home/airflow/.local/lib/python3.7/site-packages/airflow/example_dags/example_python_operator.py for tasks to queue
[2023-04-02 18:19:52,251] {logging_mixin.py:115} INFO - [2023-04-02 18:19:52,251] {dagbag.py:507} INFO - Filling up the DagBag from /home/airflow/.local/lib/python3.7/site-packages/airflow/example_dags/example_python_operator.py
[2023-04-02 18:19:52,273] {processor.py:651} INFO - DAG(s) dict_keys(['example_python_operator']) retrieved from /home/airflow/.local/lib/python3.7/site-packages/airflow/example_dags/example_python_operator.py
[2023-04-02 18:19:52,302] {logging_mixin.py:115} INFO - [2023-04-02 18:19:52,302] {dag.py:2371} INFO - Sync 1 DAGs
[2023-04-02 18:19:52,326] {logging_mixin.py:115} INFO - [2023-04-02 18:19:52,326] {dag.py:2919} INFO - Setting next_dagrun for example_python_operator to None, run_after=None
[2023-04-02 18:19:52,339] {processor.py:161} INFO - Processing /home/airflow/.local/lib/python3.7/site-packages/airflow/example_dags/example_python_operator.py took 0.094 seconds
[2023-04-02 18:20:22,434] {processor.py:153} INFO - Started process (PID=3004) to work on /home/airflow/.local/lib/python3.7/site-packages/airflow/example_dags/example_python_operator.py
[2023-04-02 18:20:22,435] {processor.py:641} INFO - Processing file /home/airflow/.local/lib/python3.7/site-packages/airflow/example_dags/example_python_operator.py for tasks to queue
[2023-04-02 18:20:22,437] {logging_mixin.py:115} INFO - [2023-04-02 18:20:22,436] {dagbag.py:507} INFO - Filling up the DagBag from /home/airflow/.local/lib/python3.7/site-packages/airflow/example_dags/example_python_operator.py
[2023-04-02 18:20:22,460] {processor.py:651} INFO - DAG(s) dict_keys(['example_python_operator']) retrieved from /home/airflow/.local/lib/python3.7/site-packages/airflow/example_dags/example_python_operator.py
[2023-04-02 18:20:22,492] {logging_mixin.py:115} INFO - [2023-04-02 18:20:22,492] {dag.py:2371} INFO - Sync 1 DAGs
[2023-04-02 18:20:22,516] {logging_mixin.py:115} INFO - [2023-04-02 18:20:22,516] {dag.py:2919} INFO - Setting next_dagrun for example_python_operator to None, run_after=None
[2023-04-02 18:20:22,530] {processor.py:161} INFO - Processing /home/airflow/.local/lib/python3.7/site-packages/airflow/example_dags/example_python_operator.py took 0.101 seconds
[2023-04-02 18:20:52,672] {processor.py:153} INFO - Started process (PID=3061) to work on /home/airflow/.local/lib/python3.7/site-packages/airflow/example_dags/example_python_operator.py
[2023-04-02 18:20:52,673] {processor.py:641} INFO - Processing file /home/airflow/.local/lib/python3.7/site-packages/airflow/example_dags/example_python_operator.py for tasks to queue
[2023-04-02 18:20:52,675] {logging_mixin.py:115} INFO - [2023-04-02 18:20:52,675] {dagbag.py:507} INFO - Filling up the DagBag from /home/airflow/.local/lib/python3.7/site-packages/airflow/example_dags/example_python_operator.py
[2023-04-02 18:20:52,697] {processor.py:651} INFO - DAG(s) dict_keys(['example_python_operator']) retrieved from /home/airflow/.local/lib/python3.7/site-packages/airflow/example_dags/example_python_operator.py
[2023-04-02 18:20:52,726] {logging_mixin.py:115} INFO - [2023-04-02 18:20:52,726] {dag.py:2371} INFO - Sync 1 DAGs
[2023-04-02 18:20:52,749] {logging_mixin.py:115} INFO - [2023-04-02 18:20:52,749] {dag.py:2919} INFO - Setting next_dagrun for example_python_operator to None, run_after=None
[2023-04-02 18:20:52,763] {processor.py:161} INFO - Processing /home/airflow/.local/lib/python3.7/site-packages/airflow/example_dags/example_python_operator.py took 0.096 seconds
[2023-04-02 18:21:23,260] {processor.py:153} INFO - Started process (PID=3124) to work on /home/airflow/.local/lib/python3.7/site-packages/airflow/example_dags/example_python_operator.py
[2023-04-02 18:21:23,262] {processor.py:641} INFO - Processing file /home/airflow/.local/lib/python3.7/site-packages/airflow/example_dags/example_python_operator.py for tasks to queue
[2023-04-02 18:21:23,264] {logging_mixin.py:115} INFO - [2023-04-02 18:21:23,264] {dagbag.py:507} INFO - Filling up the DagBag from /home/airflow/.local/lib/python3.7/site-packages/airflow/example_dags/example_python_operator.py
[2023-04-02 18:21:23,287] {processor.py:651} INFO - DAG(s) dict_keys(['example_python_operator']) retrieved from /home/airflow/.local/lib/python3.7/site-packages/airflow/example_dags/example_python_operator.py
[2023-04-02 18:21:23,315] {logging_mixin.py:115} INFO - [2023-04-02 18:21:23,315] {dag.py:2371} INFO - Sync 1 DAGs
[2023-04-02 18:21:23,339] {logging_mixin.py:115} INFO - [2023-04-02 18:21:23,339] {dag.py:2919} INFO - Setting next_dagrun for example_python_operator to None, run_after=None
[2023-04-02 18:21:23,351] {processor.py:161} INFO - Processing /home/airflow/.local/lib/python3.7/site-packages/airflow/example_dags/example_python_operator.py took 0.095 seconds
[2023-04-02 18:21:53,632] {processor.py:153} INFO - Started process (PID=3187) to work on /home/airflow/.local/lib/python3.7/site-packages/airflow/example_dags/example_python_operator.py
[2023-04-02 18:21:53,634] {processor.py:641} INFO - Processing file /home/airflow/.local/lib/python3.7/site-packages/airflow/example_dags/example_python_operator.py for tasks to queue
[2023-04-02 18:21:53,635] {logging_mixin.py:115} INFO - [2023-04-02 18:21:53,635] {dagbag.py:507} INFO - Filling up the DagBag from /home/airflow/.local/lib/python3.7/site-packages/airflow/example_dags/example_python_operator.py
[2023-04-02 18:21:53,662] {processor.py:651} INFO - DAG(s) dict_keys(['example_python_operator']) retrieved from /home/airflow/.local/lib/python3.7/site-packages/airflow/example_dags/example_python_operator.py
[2023-04-02 18:21:53,697] {logging_mixin.py:115} INFO - [2023-04-02 18:21:53,697] {dag.py:2371} INFO - Sync 1 DAGs
[2023-04-02 18:21:53,723] {logging_mixin.py:115} INFO - [2023-04-02 18:21:53,723] {dag.py:2919} INFO - Setting next_dagrun for example_python_operator to None, run_after=None
[2023-04-02 18:21:53,735] {processor.py:161} INFO - Processing /home/airflow/.local/lib/python3.7/site-packages/airflow/example_dags/example_python_operator.py took 0.108 seconds
[2023-04-02 18:22:24,050] {processor.py:153} INFO - Started process (PID=3241) to work on /home/airflow/.local/lib/python3.7/site-packages/airflow/example_dags/example_python_operator.py
[2023-04-02 18:22:24,051] {processor.py:641} INFO - Processing file /home/airflow/.local/lib/python3.7/site-packages/airflow/example_dags/example_python_operator.py for tasks to queue
[2023-04-02 18:22:24,053] {logging_mixin.py:115} INFO - [2023-04-02 18:22:24,053] {dagbag.py:507} INFO - Filling up the DagBag from /home/airflow/.local/lib/python3.7/site-packages/airflow/example_dags/example_python_operator.py
[2023-04-02 18:22:24,104] {processor.py:651} INFO - DAG(s) dict_keys(['example_python_operator']) retrieved from /home/airflow/.local/lib/python3.7/site-packages/airflow/example_dags/example_python_operator.py
[2023-04-02 18:22:24,145] {logging_mixin.py:115} INFO - [2023-04-02 18:22:24,145] {dag.py:2371} INFO - Sync 1 DAGs
[2023-04-02 18:22:24,174] {logging_mixin.py:115} INFO - [2023-04-02 18:22:24,174] {dag.py:2919} INFO - Setting next_dagrun for example_python_operator to None, run_after=None
[2023-04-02 18:22:24,190] {processor.py:161} INFO - Processing /home/airflow/.local/lib/python3.7/site-packages/airflow/example_dags/example_python_operator.py took 0.144 seconds
[2023-04-02 18:22:54,377] {processor.py:153} INFO - Started process (PID=3304) to work on /home/airflow/.local/lib/python3.7/site-packages/airflow/example_dags/example_python_operator.py
[2023-04-02 18:22:54,379] {processor.py:641} INFO - Processing file /home/airflow/.local/lib/python3.7/site-packages/airflow/example_dags/example_python_operator.py for tasks to queue
[2023-04-02 18:22:54,380] {logging_mixin.py:115} INFO - [2023-04-02 18:22:54,380] {dagbag.py:507} INFO - Filling up the DagBag from /home/airflow/.local/lib/python3.7/site-packages/airflow/example_dags/example_python_operator.py
[2023-04-02 18:22:54,403] {processor.py:651} INFO - DAG(s) dict_keys(['example_python_operator']) retrieved from /home/airflow/.local/lib/python3.7/site-packages/airflow/example_dags/example_python_operator.py
[2023-04-02 18:22:54,434] {logging_mixin.py:115} INFO - [2023-04-02 18:22:54,434] {dag.py:2371} INFO - Sync 1 DAGs
[2023-04-02 18:22:54,461] {logging_mixin.py:115} INFO - [2023-04-02 18:22:54,461] {dag.py:2919} INFO - Setting next_dagrun for example_python_operator to None, run_after=None
[2023-04-02 18:22:54,478] {processor.py:161} INFO - Processing /home/airflow/.local/lib/python3.7/site-packages/airflow/example_dags/example_python_operator.py took 0.105 seconds
[2023-04-02 18:23:24,672] {processor.py:153} INFO - Started process (PID=3367) to work on /home/airflow/.local/lib/python3.7/site-packages/airflow/example_dags/example_python_operator.py
[2023-04-02 18:23:24,673] {processor.py:641} INFO - Processing file /home/airflow/.local/lib/python3.7/site-packages/airflow/example_dags/example_python_operator.py for tasks to queue
[2023-04-02 18:23:24,674] {logging_mixin.py:115} INFO - [2023-04-02 18:23:24,674] {dagbag.py:507} INFO - Filling up the DagBag from /home/airflow/.local/lib/python3.7/site-packages/airflow/example_dags/example_python_operator.py
[2023-04-02 18:23:24,695] {processor.py:651} INFO - DAG(s) dict_keys(['example_python_operator']) retrieved from /home/airflow/.local/lib/python3.7/site-packages/airflow/example_dags/example_python_operator.py
[2023-04-02 18:23:24,723] {logging_mixin.py:115} INFO - [2023-04-02 18:23:24,723] {dag.py:2371} INFO - Sync 1 DAGs
[2023-04-02 18:23:24,746] {logging_mixin.py:115} INFO - [2023-04-02 18:23:24,746] {dag.py:2919} INFO - Setting next_dagrun for example_python_operator to None, run_after=None
[2023-04-02 18:23:24,759] {processor.py:161} INFO - Processing /home/airflow/.local/lib/python3.7/site-packages/airflow/example_dags/example_python_operator.py took 0.091 seconds
