[2023-04-02 17:55:22,882] {processor.py:153} INFO - Started process (PID=51) to work on /home/airflow/.local/lib/python3.7/site-packages/airflow/example_dags/example_branch_operator_decorator.py
[2023-04-02 17:55:22,884] {processor.py:641} INFO - Processing file /home/airflow/.local/lib/python3.7/site-packages/airflow/example_dags/example_branch_operator_decorator.py for tasks to queue
[2023-04-02 17:55:22,885] {logging_mixin.py:115} INFO - [2023-04-02 17:55:22,885] {dagbag.py:507} INFO - Filling up the DagBag from /home/airflow/.local/lib/python3.7/site-packages/airflow/example_dags/example_branch_operator_decorator.py
[2023-04-02 17:55:22,929] {processor.py:651} INFO - DAG(s) dict_keys(['example_branch_python_operator_decorator']) retrieved from /home/airflow/.local/lib/python3.7/site-packages/airflow/example_dags/example_branch_operator_decorator.py
[2023-04-02 17:55:23,228] {logging_mixin.py:115} INFO - [2023-04-02 17:55:23,227] {manager.py:508} INFO - Created Permission View: can edit on DAG:example_branch_python_operator_decorator
[2023-04-02 17:55:23,239] {logging_mixin.py:115} INFO - [2023-04-02 17:55:23,239] {manager.py:508} INFO - Created Permission View: can delete on DAG:example_branch_python_operator_decorator
[2023-04-02 17:55:23,249] {logging_mixin.py:115} INFO - [2023-04-02 17:55:23,249] {manager.py:508} INFO - Created Permission View: can read on DAG:example_branch_python_operator_decorator
[2023-04-02 17:55:23,250] {logging_mixin.py:115} INFO - [2023-04-02 17:55:23,250] {dag.py:2371} INFO - Sync 1 DAGs
[2023-04-02 17:55:23,261] {logging_mixin.py:115} INFO - [2023-04-02 17:55:23,261] {dag.py:2390} INFO - Creating ORM DAG for example_branch_python_operator_decorator
[2023-04-02 17:55:23,279] {logging_mixin.py:115} INFO - [2023-04-02 17:55:23,279] {dag.py:2919} INFO - Setting next_dagrun for example_branch_python_operator_decorator to 2023-04-01T00:00:00+00:00, run_after=2023-04-02T00:00:00+00:00
[2023-04-02 17:55:23,297] {processor.py:161} INFO - Processing /home/airflow/.local/lib/python3.7/site-packages/airflow/example_dags/example_branch_operator_decorator.py took 0.420 seconds
[2023-04-02 17:55:53,961] {processor.py:153} INFO - Started process (PID=103) to work on /home/airflow/.local/lib/python3.7/site-packages/airflow/example_dags/example_branch_operator_decorator.py
[2023-04-02 17:55:53,962] {processor.py:641} INFO - Processing file /home/airflow/.local/lib/python3.7/site-packages/airflow/example_dags/example_branch_operator_decorator.py for tasks to queue
[2023-04-02 17:55:53,964] {logging_mixin.py:115} INFO - [2023-04-02 17:55:53,964] {dagbag.py:507} INFO - Filling up the DagBag from /home/airflow/.local/lib/python3.7/site-packages/airflow/example_dags/example_branch_operator_decorator.py
[2023-04-02 17:55:53,985] {processor.py:651} INFO - DAG(s) dict_keys(['example_branch_python_operator_decorator']) retrieved from /home/airflow/.local/lib/python3.7/site-packages/airflow/example_dags/example_branch_operator_decorator.py
[2023-04-02 17:55:54,017] {logging_mixin.py:115} INFO - [2023-04-02 17:55:54,017] {dag.py:2371} INFO - Sync 1 DAGs
[2023-04-02 17:55:54,165] {logging_mixin.py:115} INFO - [2023-04-02 17:55:54,165] {dag.py:2919} INFO - Setting next_dagrun for example_branch_python_operator_decorator to 2023-04-01T00:00:00+00:00, run_after=2023-04-02T00:00:00+00:00
[2023-04-02 17:55:54,175] {processor.py:161} INFO - Processing /home/airflow/.local/lib/python3.7/site-packages/airflow/example_dags/example_branch_operator_decorator.py took 0.219 seconds
[2023-04-02 17:56:25,107] {processor.py:153} INFO - Started process (PID=164) to work on /home/airflow/.local/lib/python3.7/site-packages/airflow/example_dags/example_branch_operator_decorator.py
[2023-04-02 17:56:25,108] {processor.py:641} INFO - Processing file /home/airflow/.local/lib/python3.7/site-packages/airflow/example_dags/example_branch_operator_decorator.py for tasks to queue
[2023-04-02 17:56:25,110] {logging_mixin.py:115} INFO - [2023-04-02 17:56:25,109] {dagbag.py:507} INFO - Filling up the DagBag from /home/airflow/.local/lib/python3.7/site-packages/airflow/example_dags/example_branch_operator_decorator.py
[2023-04-02 17:56:25,133] {processor.py:651} INFO - DAG(s) dict_keys(['example_branch_python_operator_decorator']) retrieved from /home/airflow/.local/lib/python3.7/site-packages/airflow/example_dags/example_branch_operator_decorator.py
[2023-04-02 17:56:25,160] {logging_mixin.py:115} INFO - [2023-04-02 17:56:25,160] {dag.py:2371} INFO - Sync 1 DAGs
[2023-04-02 17:56:25,294] {logging_mixin.py:115} INFO - [2023-04-02 17:56:25,294] {dag.py:2919} INFO - Setting next_dagrun for example_branch_python_operator_decorator to 2023-04-01T00:00:00+00:00, run_after=2023-04-02T00:00:00+00:00
[2023-04-02 17:56:25,306] {processor.py:161} INFO - Processing /home/airflow/.local/lib/python3.7/site-packages/airflow/example_dags/example_branch_operator_decorator.py took 0.204 seconds
[2023-04-02 17:56:55,818] {processor.py:153} INFO - Started process (PID=225) to work on /home/airflow/.local/lib/python3.7/site-packages/airflow/example_dags/example_branch_operator_decorator.py
[2023-04-02 17:56:55,819] {processor.py:641} INFO - Processing file /home/airflow/.local/lib/python3.7/site-packages/airflow/example_dags/example_branch_operator_decorator.py for tasks to queue
[2023-04-02 17:56:55,820] {logging_mixin.py:115} INFO - [2023-04-02 17:56:55,820] {dagbag.py:507} INFO - Filling up the DagBag from /home/airflow/.local/lib/python3.7/site-packages/airflow/example_dags/example_branch_operator_decorator.py
[2023-04-02 17:56:55,840] {processor.py:651} INFO - DAG(s) dict_keys(['example_branch_python_operator_decorator']) retrieved from /home/airflow/.local/lib/python3.7/site-packages/airflow/example_dags/example_branch_operator_decorator.py
[2023-04-02 17:56:55,869] {logging_mixin.py:115} INFO - [2023-04-02 17:56:55,869] {dag.py:2371} INFO - Sync 1 DAGs
[2023-04-02 17:56:56,018] {logging_mixin.py:115} INFO - [2023-04-02 17:56:56,018] {dag.py:2919} INFO - Setting next_dagrun for example_branch_python_operator_decorator to 2023-04-01T00:00:00+00:00, run_after=2023-04-02T00:00:00+00:00
[2023-04-02 17:56:56,032] {processor.py:161} INFO - Processing /home/airflow/.local/lib/python3.7/site-packages/airflow/example_dags/example_branch_operator_decorator.py took 0.218 seconds
[2023-04-02 17:57:26,719] {processor.py:153} INFO - Started process (PID=286) to work on /home/airflow/.local/lib/python3.7/site-packages/airflow/example_dags/example_branch_operator_decorator.py
[2023-04-02 17:57:26,720] {processor.py:641} INFO - Processing file /home/airflow/.local/lib/python3.7/site-packages/airflow/example_dags/example_branch_operator_decorator.py for tasks to queue
[2023-04-02 17:57:26,721] {logging_mixin.py:115} INFO - [2023-04-02 17:57:26,721] {dagbag.py:507} INFO - Filling up the DagBag from /home/airflow/.local/lib/python3.7/site-packages/airflow/example_dags/example_branch_operator_decorator.py
[2023-04-02 17:57:26,742] {processor.py:651} INFO - DAG(s) dict_keys(['example_branch_python_operator_decorator']) retrieved from /home/airflow/.local/lib/python3.7/site-packages/airflow/example_dags/example_branch_operator_decorator.py
[2023-04-02 17:57:26,774] {logging_mixin.py:115} INFO - [2023-04-02 17:57:26,774] {dag.py:2371} INFO - Sync 1 DAGs
[2023-04-02 17:57:27,024] {logging_mixin.py:115} INFO - [2023-04-02 17:57:27,024] {dag.py:2919} INFO - Setting next_dagrun for example_branch_python_operator_decorator to 2023-04-01T00:00:00+00:00, run_after=2023-04-02T00:00:00+00:00
[2023-04-02 17:57:27,044] {processor.py:161} INFO - Processing /home/airflow/.local/lib/python3.7/site-packages/airflow/example_dags/example_branch_operator_decorator.py took 0.330 seconds
[2023-04-02 17:57:58,002] {processor.py:153} INFO - Started process (PID=339) to work on /home/airflow/.local/lib/python3.7/site-packages/airflow/example_dags/example_branch_operator_decorator.py
[2023-04-02 17:57:58,003] {processor.py:641} INFO - Processing file /home/airflow/.local/lib/python3.7/site-packages/airflow/example_dags/example_branch_operator_decorator.py for tasks to queue
[2023-04-02 17:57:58,005] {logging_mixin.py:115} INFO - [2023-04-02 17:57:58,005] {dagbag.py:507} INFO - Filling up the DagBag from /home/airflow/.local/lib/python3.7/site-packages/airflow/example_dags/example_branch_operator_decorator.py
[2023-04-02 17:57:58,026] {processor.py:651} INFO - DAG(s) dict_keys(['example_branch_python_operator_decorator']) retrieved from /home/airflow/.local/lib/python3.7/site-packages/airflow/example_dags/example_branch_operator_decorator.py
[2023-04-02 17:57:58,055] {logging_mixin.py:115} INFO - [2023-04-02 17:57:58,054] {dag.py:2371} INFO - Sync 1 DAGs
[2023-04-02 17:57:58,200] {logging_mixin.py:115} INFO - [2023-04-02 17:57:58,200] {dag.py:2919} INFO - Setting next_dagrun for example_branch_python_operator_decorator to 2023-04-01T00:00:00+00:00, run_after=2023-04-02T00:00:00+00:00
[2023-04-02 17:57:58,213] {processor.py:161} INFO - Processing /home/airflow/.local/lib/python3.7/site-packages/airflow/example_dags/example_branch_operator_decorator.py took 0.215 seconds
[2023-04-02 17:58:28,285] {processor.py:153} INFO - Started process (PID=401) to work on /home/airflow/.local/lib/python3.7/site-packages/airflow/example_dags/example_branch_operator_decorator.py
[2023-04-02 17:58:28,286] {processor.py:641} INFO - Processing file /home/airflow/.local/lib/python3.7/site-packages/airflow/example_dags/example_branch_operator_decorator.py for tasks to queue
[2023-04-02 17:58:28,287] {logging_mixin.py:115} INFO - [2023-04-02 17:58:28,287] {dagbag.py:507} INFO - Filling up the DagBag from /home/airflow/.local/lib/python3.7/site-packages/airflow/example_dags/example_branch_operator_decorator.py
[2023-04-02 17:58:28,309] {processor.py:651} INFO - DAG(s) dict_keys(['example_branch_python_operator_decorator']) retrieved from /home/airflow/.local/lib/python3.7/site-packages/airflow/example_dags/example_branch_operator_decorator.py
[2023-04-02 17:58:28,357] {logging_mixin.py:115} INFO - [2023-04-02 17:58:28,357] {dag.py:2371} INFO - Sync 1 DAGs
[2023-04-02 17:58:28,509] {logging_mixin.py:115} INFO - [2023-04-02 17:58:28,509] {dag.py:2919} INFO - Setting next_dagrun for example_branch_python_operator_decorator to 2023-04-01T00:00:00+00:00, run_after=2023-04-02T00:00:00+00:00
[2023-04-02 17:58:28,523] {processor.py:161} INFO - Processing /home/airflow/.local/lib/python3.7/site-packages/airflow/example_dags/example_branch_operator_decorator.py took 0.243 seconds
[2023-04-02 17:58:59,322] {processor.py:153} INFO - Started process (PID=463) to work on /home/airflow/.local/lib/python3.7/site-packages/airflow/example_dags/example_branch_operator_decorator.py
[2023-04-02 17:58:59,323] {processor.py:641} INFO - Processing file /home/airflow/.local/lib/python3.7/site-packages/airflow/example_dags/example_branch_operator_decorator.py for tasks to queue
[2023-04-02 17:58:59,325] {logging_mixin.py:115} INFO - [2023-04-02 17:58:59,324] {dagbag.py:507} INFO - Filling up the DagBag from /home/airflow/.local/lib/python3.7/site-packages/airflow/example_dags/example_branch_operator_decorator.py
[2023-04-02 17:58:59,346] {processor.py:651} INFO - DAG(s) dict_keys(['example_branch_python_operator_decorator']) retrieved from /home/airflow/.local/lib/python3.7/site-packages/airflow/example_dags/example_branch_operator_decorator.py
[2023-04-02 17:58:59,375] {logging_mixin.py:115} INFO - [2023-04-02 17:58:59,375] {dag.py:2371} INFO - Sync 1 DAGs
[2023-04-02 17:58:59,518] {logging_mixin.py:115} INFO - [2023-04-02 17:58:59,518] {dag.py:2919} INFO - Setting next_dagrun for example_branch_python_operator_decorator to 2023-04-01T00:00:00+00:00, run_after=2023-04-02T00:00:00+00:00
[2023-04-02 17:58:59,533] {processor.py:161} INFO - Processing /home/airflow/.local/lib/python3.7/site-packages/airflow/example_dags/example_branch_operator_decorator.py took 0.215 seconds
[2023-04-02 17:59:30,285] {processor.py:153} INFO - Started process (PID=524) to work on /home/airflow/.local/lib/python3.7/site-packages/airflow/example_dags/example_branch_operator_decorator.py
[2023-04-02 17:59:30,286] {processor.py:641} INFO - Processing file /home/airflow/.local/lib/python3.7/site-packages/airflow/example_dags/example_branch_operator_decorator.py for tasks to queue
[2023-04-02 17:59:30,289] {logging_mixin.py:115} INFO - [2023-04-02 17:59:30,288] {dagbag.py:507} INFO - Filling up the DagBag from /home/airflow/.local/lib/python3.7/site-packages/airflow/example_dags/example_branch_operator_decorator.py
[2023-04-02 17:59:30,314] {processor.py:651} INFO - DAG(s) dict_keys(['example_branch_python_operator_decorator']) retrieved from /home/airflow/.local/lib/python3.7/site-packages/airflow/example_dags/example_branch_operator_decorator.py
[2023-04-02 17:59:30,350] {logging_mixin.py:115} INFO - [2023-04-02 17:59:30,350] {dag.py:2371} INFO - Sync 1 DAGs
[2023-04-02 17:59:30,632] {logging_mixin.py:115} INFO - [2023-04-02 17:59:30,632] {dag.py:2919} INFO - Setting next_dagrun for example_branch_python_operator_decorator to 2023-04-01T00:00:00+00:00, run_after=2023-04-02T00:00:00+00:00
[2023-04-02 17:59:30,657] {processor.py:161} INFO - Processing /home/airflow/.local/lib/python3.7/site-packages/airflow/example_dags/example_branch_operator_decorator.py took 0.376 seconds
[2023-04-02 18:00:00,985] {processor.py:153} INFO - Started process (PID=577) to work on /home/airflow/.local/lib/python3.7/site-packages/airflow/example_dags/example_branch_operator_decorator.py
[2023-04-02 18:00:00,987] {processor.py:641} INFO - Processing file /home/airflow/.local/lib/python3.7/site-packages/airflow/example_dags/example_branch_operator_decorator.py for tasks to queue
[2023-04-02 18:00:00,988] {logging_mixin.py:115} INFO - [2023-04-02 18:00:00,988] {dagbag.py:507} INFO - Filling up the DagBag from /home/airflow/.local/lib/python3.7/site-packages/airflow/example_dags/example_branch_operator_decorator.py
[2023-04-02 18:00:01,011] {processor.py:651} INFO - DAG(s) dict_keys(['example_branch_python_operator_decorator']) retrieved from /home/airflow/.local/lib/python3.7/site-packages/airflow/example_dags/example_branch_operator_decorator.py
[2023-04-02 18:00:01,042] {logging_mixin.py:115} INFO - [2023-04-02 18:00:01,042] {dag.py:2371} INFO - Sync 1 DAGs
[2023-04-02 18:00:01,196] {logging_mixin.py:115} INFO - [2023-04-02 18:00:01,196] {dag.py:2919} INFO - Setting next_dagrun for example_branch_python_operator_decorator to 2023-04-01T00:00:00+00:00, run_after=2023-04-02T00:00:00+00:00
[2023-04-02 18:00:01,211] {processor.py:161} INFO - Processing /home/airflow/.local/lib/python3.7/site-packages/airflow/example_dags/example_branch_operator_decorator.py took 0.230 seconds
[2023-04-02 18:00:31,643] {processor.py:153} INFO - Started process (PID=639) to work on /home/airflow/.local/lib/python3.7/site-packages/airflow/example_dags/example_branch_operator_decorator.py
[2023-04-02 18:00:31,644] {processor.py:641} INFO - Processing file /home/airflow/.local/lib/python3.7/site-packages/airflow/example_dags/example_branch_operator_decorator.py for tasks to queue
[2023-04-02 18:00:31,646] {logging_mixin.py:115} INFO - [2023-04-02 18:00:31,646] {dagbag.py:507} INFO - Filling up the DagBag from /home/airflow/.local/lib/python3.7/site-packages/airflow/example_dags/example_branch_operator_decorator.py
[2023-04-02 18:00:31,666] {processor.py:651} INFO - DAG(s) dict_keys(['example_branch_python_operator_decorator']) retrieved from /home/airflow/.local/lib/python3.7/site-packages/airflow/example_dags/example_branch_operator_decorator.py
[2023-04-02 18:00:31,695] {logging_mixin.py:115} INFO - [2023-04-02 18:00:31,695] {dag.py:2371} INFO - Sync 1 DAGs
[2023-04-02 18:00:31,839] {logging_mixin.py:115} INFO - [2023-04-02 18:00:31,838] {dag.py:2919} INFO - Setting next_dagrun for example_branch_python_operator_decorator to 2023-04-01T00:00:00+00:00, run_after=2023-04-02T00:00:00+00:00
[2023-04-02 18:00:31,853] {processor.py:161} INFO - Processing /home/airflow/.local/lib/python3.7/site-packages/airflow/example_dags/example_branch_operator_decorator.py took 0.214 seconds
[2023-04-02 18:01:02,362] {processor.py:153} INFO - Started process (PID=702) to work on /home/airflow/.local/lib/python3.7/site-packages/airflow/example_dags/example_branch_operator_decorator.py
[2023-04-02 18:01:02,364] {processor.py:641} INFO - Processing file /home/airflow/.local/lib/python3.7/site-packages/airflow/example_dags/example_branch_operator_decorator.py for tasks to queue
[2023-04-02 18:01:02,366] {logging_mixin.py:115} INFO - [2023-04-02 18:01:02,365] {dagbag.py:507} INFO - Filling up the DagBag from /home/airflow/.local/lib/python3.7/site-packages/airflow/example_dags/example_branch_operator_decorator.py
[2023-04-02 18:01:02,387] {processor.py:651} INFO - DAG(s) dict_keys(['example_branch_python_operator_decorator']) retrieved from /home/airflow/.local/lib/python3.7/site-packages/airflow/example_dags/example_branch_operator_decorator.py
[2023-04-02 18:01:02,418] {logging_mixin.py:115} INFO - [2023-04-02 18:01:02,418] {dag.py:2371} INFO - Sync 1 DAGs
[2023-04-02 18:01:02,581] {logging_mixin.py:115} INFO - [2023-04-02 18:01:02,581] {dag.py:2919} INFO - Setting next_dagrun for example_branch_python_operator_decorator to 2023-04-01T00:00:00+00:00, run_after=2023-04-02T00:00:00+00:00
[2023-04-02 18:01:02,594] {processor.py:161} INFO - Processing /home/airflow/.local/lib/python3.7/site-packages/airflow/example_dags/example_branch_operator_decorator.py took 0.236 seconds
[2023-04-02 18:01:32,716] {processor.py:153} INFO - Started process (PID=760) to work on /home/airflow/.local/lib/python3.7/site-packages/airflow/example_dags/example_branch_operator_decorator.py
[2023-04-02 18:01:32,717] {processor.py:641} INFO - Processing file /home/airflow/.local/lib/python3.7/site-packages/airflow/example_dags/example_branch_operator_decorator.py for tasks to queue
[2023-04-02 18:01:32,718] {logging_mixin.py:115} INFO - [2023-04-02 18:01:32,718] {dagbag.py:507} INFO - Filling up the DagBag from /home/airflow/.local/lib/python3.7/site-packages/airflow/example_dags/example_branch_operator_decorator.py
[2023-04-02 18:01:32,751] {processor.py:651} INFO - DAG(s) dict_keys(['example_branch_python_operator_decorator']) retrieved from /home/airflow/.local/lib/python3.7/site-packages/airflow/example_dags/example_branch_operator_decorator.py
[2023-04-02 18:01:32,802] {logging_mixin.py:115} INFO - [2023-04-02 18:01:32,802] {dag.py:2371} INFO - Sync 1 DAGs
[2023-04-02 18:01:32,963] {logging_mixin.py:115} INFO - [2023-04-02 18:01:32,963] {dag.py:2919} INFO - Setting next_dagrun for example_branch_python_operator_decorator to 2023-04-01T00:00:00+00:00, run_after=2023-04-02T00:00:00+00:00
[2023-04-02 18:01:32,978] {processor.py:161} INFO - Processing /home/airflow/.local/lib/python3.7/site-packages/airflow/example_dags/example_branch_operator_decorator.py took 0.266 seconds
[2023-04-02 18:02:03,205] {processor.py:153} INFO - Started process (PID=823) to work on /home/airflow/.local/lib/python3.7/site-packages/airflow/example_dags/example_branch_operator_decorator.py
[2023-04-02 18:02:03,206] {processor.py:641} INFO - Processing file /home/airflow/.local/lib/python3.7/site-packages/airflow/example_dags/example_branch_operator_decorator.py for tasks to queue
[2023-04-02 18:02:03,207] {logging_mixin.py:115} INFO - [2023-04-02 18:02:03,207] {dagbag.py:507} INFO - Filling up the DagBag from /home/airflow/.local/lib/python3.7/site-packages/airflow/example_dags/example_branch_operator_decorator.py
[2023-04-02 18:02:03,232] {processor.py:651} INFO - DAG(s) dict_keys(['example_branch_python_operator_decorator']) retrieved from /home/airflow/.local/lib/python3.7/site-packages/airflow/example_dags/example_branch_operator_decorator.py
[2023-04-02 18:02:03,263] {logging_mixin.py:115} INFO - [2023-04-02 18:02:03,263] {dag.py:2371} INFO - Sync 1 DAGs
[2023-04-02 18:02:03,417] {logging_mixin.py:115} INFO - [2023-04-02 18:02:03,416] {dag.py:2919} INFO - Setting next_dagrun for example_branch_python_operator_decorator to 2023-04-01T00:00:00+00:00, run_after=2023-04-02T00:00:00+00:00
[2023-04-02 18:02:03,430] {processor.py:161} INFO - Processing /home/airflow/.local/lib/python3.7/site-packages/airflow/example_dags/example_branch_operator_decorator.py took 0.230 seconds
[2023-04-02 18:02:33,486] {processor.py:153} INFO - Started process (PID=886) to work on /home/airflow/.local/lib/python3.7/site-packages/airflow/example_dags/example_branch_operator_decorator.py
[2023-04-02 18:02:33,489] {processor.py:641} INFO - Processing file /home/airflow/.local/lib/python3.7/site-packages/airflow/example_dags/example_branch_operator_decorator.py for tasks to queue
[2023-04-02 18:02:33,490] {logging_mixin.py:115} INFO - [2023-04-02 18:02:33,490] {dagbag.py:507} INFO - Filling up the DagBag from /home/airflow/.local/lib/python3.7/site-packages/airflow/example_dags/example_branch_operator_decorator.py
[2023-04-02 18:02:33,512] {processor.py:651} INFO - DAG(s) dict_keys(['example_branch_python_operator_decorator']) retrieved from /home/airflow/.local/lib/python3.7/site-packages/airflow/example_dags/example_branch_operator_decorator.py
[2023-04-02 18:02:33,541] {logging_mixin.py:115} INFO - [2023-04-02 18:02:33,541] {dag.py:2371} INFO - Sync 1 DAGs
[2023-04-02 18:02:33,684] {logging_mixin.py:115} INFO - [2023-04-02 18:02:33,684] {dag.py:2919} INFO - Setting next_dagrun for example_branch_python_operator_decorator to 2023-04-01T00:00:00+00:00, run_after=2023-04-02T00:00:00+00:00
[2023-04-02 18:02:33,698] {processor.py:161} INFO - Processing /home/airflow/.local/lib/python3.7/site-packages/airflow/example_dags/example_branch_operator_decorator.py took 0.217 seconds
[2023-04-02 18:03:03,815] {processor.py:153} INFO - Started process (PID=940) to work on /home/airflow/.local/lib/python3.7/site-packages/airflow/example_dags/example_branch_operator_decorator.py
[2023-04-02 18:03:03,816] {processor.py:641} INFO - Processing file /home/airflow/.local/lib/python3.7/site-packages/airflow/example_dags/example_branch_operator_decorator.py for tasks to queue
[2023-04-02 18:03:03,817] {logging_mixin.py:115} INFO - [2023-04-02 18:03:03,817] {dagbag.py:507} INFO - Filling up the DagBag from /home/airflow/.local/lib/python3.7/site-packages/airflow/example_dags/example_branch_operator_decorator.py
[2023-04-02 18:03:03,837] {processor.py:651} INFO - DAG(s) dict_keys(['example_branch_python_operator_decorator']) retrieved from /home/airflow/.local/lib/python3.7/site-packages/airflow/example_dags/example_branch_operator_decorator.py
[2023-04-02 18:03:03,865] {logging_mixin.py:115} INFO - [2023-04-02 18:03:03,865] {dag.py:2371} INFO - Sync 1 DAGs
[2023-04-02 18:03:04,008] {logging_mixin.py:115} INFO - [2023-04-02 18:03:04,008] {dag.py:2919} INFO - Setting next_dagrun for example_branch_python_operator_decorator to 2023-04-01T00:00:00+00:00, run_after=2023-04-02T00:00:00+00:00
[2023-04-02 18:03:04,022] {processor.py:161} INFO - Processing /home/airflow/.local/lib/python3.7/site-packages/airflow/example_dags/example_branch_operator_decorator.py took 0.211 seconds
[2023-04-02 18:03:34,391] {processor.py:153} INFO - Started process (PID=1003) to work on /home/airflow/.local/lib/python3.7/site-packages/airflow/example_dags/example_branch_operator_decorator.py
[2023-04-02 18:03:34,392] {processor.py:641} INFO - Processing file /home/airflow/.local/lib/python3.7/site-packages/airflow/example_dags/example_branch_operator_decorator.py for tasks to queue
[2023-04-02 18:03:34,393] {logging_mixin.py:115} INFO - [2023-04-02 18:03:34,393] {dagbag.py:507} INFO - Filling up the DagBag from /home/airflow/.local/lib/python3.7/site-packages/airflow/example_dags/example_branch_operator_decorator.py
[2023-04-02 18:03:34,415] {processor.py:651} INFO - DAG(s) dict_keys(['example_branch_python_operator_decorator']) retrieved from /home/airflow/.local/lib/python3.7/site-packages/airflow/example_dags/example_branch_operator_decorator.py
[2023-04-02 18:03:34,445] {logging_mixin.py:115} INFO - [2023-04-02 18:03:34,445] {dag.py:2371} INFO - Sync 1 DAGs
[2023-04-02 18:03:34,602] {logging_mixin.py:115} INFO - [2023-04-02 18:03:34,602] {dag.py:2919} INFO - Setting next_dagrun for example_branch_python_operator_decorator to 2023-04-01T00:00:00+00:00, run_after=2023-04-02T00:00:00+00:00
[2023-04-02 18:03:34,617] {processor.py:161} INFO - Processing /home/airflow/.local/lib/python3.7/site-packages/airflow/example_dags/example_branch_operator_decorator.py took 0.230 seconds
[2023-04-02 18:04:04,949] {processor.py:153} INFO - Started process (PID=1066) to work on /home/airflow/.local/lib/python3.7/site-packages/airflow/example_dags/example_branch_operator_decorator.py
[2023-04-02 18:04:04,951] {processor.py:641} INFO - Processing file /home/airflow/.local/lib/python3.7/site-packages/airflow/example_dags/example_branch_operator_decorator.py for tasks to queue
[2023-04-02 18:04:04,952] {logging_mixin.py:115} INFO - [2023-04-02 18:04:04,952] {dagbag.py:507} INFO - Filling up the DagBag from /home/airflow/.local/lib/python3.7/site-packages/airflow/example_dags/example_branch_operator_decorator.py
[2023-04-02 18:04:04,973] {processor.py:651} INFO - DAG(s) dict_keys(['example_branch_python_operator_decorator']) retrieved from /home/airflow/.local/lib/python3.7/site-packages/airflow/example_dags/example_branch_operator_decorator.py
[2023-04-02 18:04:05,001] {logging_mixin.py:115} INFO - [2023-04-02 18:04:05,001] {dag.py:2371} INFO - Sync 1 DAGs
[2023-04-02 18:04:05,144] {logging_mixin.py:115} INFO - [2023-04-02 18:04:05,144] {dag.py:2919} INFO - Setting next_dagrun for example_branch_python_operator_decorator to 2023-04-01T00:00:00+00:00, run_after=2023-04-02T00:00:00+00:00
[2023-04-02 18:04:05,158] {processor.py:161} INFO - Processing /home/airflow/.local/lib/python3.7/site-packages/airflow/example_dags/example_branch_operator_decorator.py took 0.212 seconds
[2023-04-02 18:04:35,511] {processor.py:153} INFO - Started process (PID=1127) to work on /home/airflow/.local/lib/python3.7/site-packages/airflow/example_dags/example_branch_operator_decorator.py
[2023-04-02 18:04:35,513] {processor.py:641} INFO - Processing file /home/airflow/.local/lib/python3.7/site-packages/airflow/example_dags/example_branch_operator_decorator.py for tasks to queue
[2023-04-02 18:04:35,515] {logging_mixin.py:115} INFO - [2023-04-02 18:04:35,515] {dagbag.py:507} INFO - Filling up the DagBag from /home/airflow/.local/lib/python3.7/site-packages/airflow/example_dags/example_branch_operator_decorator.py
[2023-04-02 18:04:35,539] {processor.py:651} INFO - DAG(s) dict_keys(['example_branch_python_operator_decorator']) retrieved from /home/airflow/.local/lib/python3.7/site-packages/airflow/example_dags/example_branch_operator_decorator.py
[2023-04-02 18:04:35,577] {logging_mixin.py:115} INFO - [2023-04-02 18:04:35,577] {dag.py:2371} INFO - Sync 1 DAGs
[2023-04-02 18:04:35,725] {logging_mixin.py:115} INFO - [2023-04-02 18:04:35,725] {dag.py:2919} INFO - Setting next_dagrun for example_branch_python_operator_decorator to 2023-04-01T00:00:00+00:00, run_after=2023-04-02T00:00:00+00:00
[2023-04-02 18:04:35,778] {processor.py:161} INFO - Processing /home/airflow/.local/lib/python3.7/site-packages/airflow/example_dags/example_branch_operator_decorator.py took 0.271 seconds
[2023-04-02 18:05:06,174] {processor.py:153} INFO - Started process (PID=1183) to work on /home/airflow/.local/lib/python3.7/site-packages/airflow/example_dags/example_branch_operator_decorator.py
[2023-04-02 18:05:06,175] {processor.py:641} INFO - Processing file /home/airflow/.local/lib/python3.7/site-packages/airflow/example_dags/example_branch_operator_decorator.py for tasks to queue
[2023-04-02 18:05:06,176] {logging_mixin.py:115} INFO - [2023-04-02 18:05:06,176] {dagbag.py:507} INFO - Filling up the DagBag from /home/airflow/.local/lib/python3.7/site-packages/airflow/example_dags/example_branch_operator_decorator.py
[2023-04-02 18:05:06,197] {processor.py:651} INFO - DAG(s) dict_keys(['example_branch_python_operator_decorator']) retrieved from /home/airflow/.local/lib/python3.7/site-packages/airflow/example_dags/example_branch_operator_decorator.py
[2023-04-02 18:05:06,227] {logging_mixin.py:115} INFO - [2023-04-02 18:05:06,227] {dag.py:2371} INFO - Sync 1 DAGs
[2023-04-02 18:05:06,374] {logging_mixin.py:115} INFO - [2023-04-02 18:05:06,374] {dag.py:2919} INFO - Setting next_dagrun for example_branch_python_operator_decorator to 2023-04-01T00:00:00+00:00, run_after=2023-04-02T00:00:00+00:00
[2023-04-02 18:05:06,388] {processor.py:161} INFO - Processing /home/airflow/.local/lib/python3.7/site-packages/airflow/example_dags/example_branch_operator_decorator.py took 0.218 seconds
[2023-04-02 18:05:36,816] {processor.py:153} INFO - Started process (PID=1247) to work on /home/airflow/.local/lib/python3.7/site-packages/airflow/example_dags/example_branch_operator_decorator.py
[2023-04-02 18:05:36,817] {processor.py:641} INFO - Processing file /home/airflow/.local/lib/python3.7/site-packages/airflow/example_dags/example_branch_operator_decorator.py for tasks to queue
[2023-04-02 18:05:36,819] {logging_mixin.py:115} INFO - [2023-04-02 18:05:36,818] {dagbag.py:507} INFO - Filling up the DagBag from /home/airflow/.local/lib/python3.7/site-packages/airflow/example_dags/example_branch_operator_decorator.py
[2023-04-02 18:05:36,839] {processor.py:651} INFO - DAG(s) dict_keys(['example_branch_python_operator_decorator']) retrieved from /home/airflow/.local/lib/python3.7/site-packages/airflow/example_dags/example_branch_operator_decorator.py
[2023-04-02 18:05:36,869] {logging_mixin.py:115} INFO - [2023-04-02 18:05:36,868] {dag.py:2371} INFO - Sync 1 DAGs
[2023-04-02 18:05:37,014] {logging_mixin.py:115} INFO - [2023-04-02 18:05:37,014] {dag.py:2919} INFO - Setting next_dagrun for example_branch_python_operator_decorator to 2023-04-01T00:00:00+00:00, run_after=2023-04-02T00:00:00+00:00
[2023-04-02 18:05:37,028] {processor.py:161} INFO - Processing /home/airflow/.local/lib/python3.7/site-packages/airflow/example_dags/example_branch_operator_decorator.py took 0.216 seconds
[2023-04-02 18:06:07,524] {processor.py:153} INFO - Started process (PID=1311) to work on /home/airflow/.local/lib/python3.7/site-packages/airflow/example_dags/example_branch_operator_decorator.py
[2023-04-02 18:06:07,525] {processor.py:641} INFO - Processing file /home/airflow/.local/lib/python3.7/site-packages/airflow/example_dags/example_branch_operator_decorator.py for tasks to queue
[2023-04-02 18:06:07,526] {logging_mixin.py:115} INFO - [2023-04-02 18:06:07,526] {dagbag.py:507} INFO - Filling up the DagBag from /home/airflow/.local/lib/python3.7/site-packages/airflow/example_dags/example_branch_operator_decorator.py
[2023-04-02 18:06:07,546] {processor.py:651} INFO - DAG(s) dict_keys(['example_branch_python_operator_decorator']) retrieved from /home/airflow/.local/lib/python3.7/site-packages/airflow/example_dags/example_branch_operator_decorator.py
[2023-04-02 18:06:07,576] {logging_mixin.py:115} INFO - [2023-04-02 18:06:07,576] {dag.py:2371} INFO - Sync 1 DAGs
[2023-04-02 18:06:07,714] {logging_mixin.py:115} INFO - [2023-04-02 18:06:07,714] {dag.py:2919} INFO - Setting next_dagrun for example_branch_python_operator_decorator to 2023-04-01T00:00:00+00:00, run_after=2023-04-02T00:00:00+00:00
[2023-04-02 18:06:07,727] {processor.py:161} INFO - Processing /home/airflow/.local/lib/python3.7/site-packages/airflow/example_dags/example_branch_operator_decorator.py took 0.207 seconds
[2023-04-02 18:06:38,364] {processor.py:153} INFO - Started process (PID=1365) to work on /home/airflow/.local/lib/python3.7/site-packages/airflow/example_dags/example_branch_operator_decorator.py
[2023-04-02 18:06:38,366] {processor.py:641} INFO - Processing file /home/airflow/.local/lib/python3.7/site-packages/airflow/example_dags/example_branch_operator_decorator.py for tasks to queue
[2023-04-02 18:06:38,368] {logging_mixin.py:115} INFO - [2023-04-02 18:06:38,368] {dagbag.py:507} INFO - Filling up the DagBag from /home/airflow/.local/lib/python3.7/site-packages/airflow/example_dags/example_branch_operator_decorator.py
[2023-04-02 18:06:38,392] {processor.py:651} INFO - DAG(s) dict_keys(['example_branch_python_operator_decorator']) retrieved from /home/airflow/.local/lib/python3.7/site-packages/airflow/example_dags/example_branch_operator_decorator.py
[2023-04-02 18:06:38,428] {logging_mixin.py:115} INFO - [2023-04-02 18:06:38,428] {dag.py:2371} INFO - Sync 1 DAGs
[2023-04-02 18:06:38,579] {logging_mixin.py:115} INFO - [2023-04-02 18:06:38,579] {dag.py:2919} INFO - Setting next_dagrun for example_branch_python_operator_decorator to 2023-04-01T00:00:00+00:00, run_after=2023-04-02T00:00:00+00:00
[2023-04-02 18:06:38,593] {processor.py:161} INFO - Processing /home/airflow/.local/lib/python3.7/site-packages/airflow/example_dags/example_branch_operator_decorator.py took 0.233 seconds
[2023-04-02 18:07:09,027] {processor.py:153} INFO - Started process (PID=1428) to work on /home/airflow/.local/lib/python3.7/site-packages/airflow/example_dags/example_branch_operator_decorator.py
[2023-04-02 18:07:09,029] {processor.py:641} INFO - Processing file /home/airflow/.local/lib/python3.7/site-packages/airflow/example_dags/example_branch_operator_decorator.py for tasks to queue
[2023-04-02 18:07:09,030] {logging_mixin.py:115} INFO - [2023-04-02 18:07:09,030] {dagbag.py:507} INFO - Filling up the DagBag from /home/airflow/.local/lib/python3.7/site-packages/airflow/example_dags/example_branch_operator_decorator.py
[2023-04-02 18:07:09,053] {processor.py:651} INFO - DAG(s) dict_keys(['example_branch_python_operator_decorator']) retrieved from /home/airflow/.local/lib/python3.7/site-packages/airflow/example_dags/example_branch_operator_decorator.py
[2023-04-02 18:07:09,085] {logging_mixin.py:115} INFO - [2023-04-02 18:07:09,085] {dag.py:2371} INFO - Sync 1 DAGs
[2023-04-02 18:07:09,249] {logging_mixin.py:115} INFO - [2023-04-02 18:07:09,249] {dag.py:2919} INFO - Setting next_dagrun for example_branch_python_operator_decorator to 2023-04-01T00:00:00+00:00, run_after=2023-04-02T00:00:00+00:00
[2023-04-02 18:07:09,264] {processor.py:161} INFO - Processing /home/airflow/.local/lib/python3.7/site-packages/airflow/example_dags/example_branch_operator_decorator.py took 0.241 seconds
[2023-04-02 18:07:39,685] {processor.py:153} INFO - Started process (PID=1492) to work on /home/airflow/.local/lib/python3.7/site-packages/airflow/example_dags/example_branch_operator_decorator.py
[2023-04-02 18:07:39,687] {processor.py:641} INFO - Processing file /home/airflow/.local/lib/python3.7/site-packages/airflow/example_dags/example_branch_operator_decorator.py for tasks to queue
[2023-04-02 18:07:39,688] {logging_mixin.py:115} INFO - [2023-04-02 18:07:39,688] {dagbag.py:507} INFO - Filling up the DagBag from /home/airflow/.local/lib/python3.7/site-packages/airflow/example_dags/example_branch_operator_decorator.py
[2023-04-02 18:07:39,709] {processor.py:651} INFO - DAG(s) dict_keys(['example_branch_python_operator_decorator']) retrieved from /home/airflow/.local/lib/python3.7/site-packages/airflow/example_dags/example_branch_operator_decorator.py
[2023-04-02 18:07:39,740] {logging_mixin.py:115} INFO - [2023-04-02 18:07:39,740] {dag.py:2371} INFO - Sync 1 DAGs
[2023-04-02 18:07:39,881] {logging_mixin.py:115} INFO - [2023-04-02 18:07:39,881] {dag.py:2919} INFO - Setting next_dagrun for example_branch_python_operator_decorator to 2023-04-01T00:00:00+00:00, run_after=2023-04-02T00:00:00+00:00
[2023-04-02 18:07:39,894] {processor.py:161} INFO - Processing /home/airflow/.local/lib/python3.7/site-packages/airflow/example_dags/example_branch_operator_decorator.py took 0.214 seconds
[2023-04-02 18:08:10,528] {processor.py:153} INFO - Started process (PID=1555) to work on /home/airflow/.local/lib/python3.7/site-packages/airflow/example_dags/example_branch_operator_decorator.py
[2023-04-02 18:08:10,530] {processor.py:641} INFO - Processing file /home/airflow/.local/lib/python3.7/site-packages/airflow/example_dags/example_branch_operator_decorator.py for tasks to queue
[2023-04-02 18:08:10,531] {logging_mixin.py:115} INFO - [2023-04-02 18:08:10,531] {dagbag.py:507} INFO - Filling up the DagBag from /home/airflow/.local/lib/python3.7/site-packages/airflow/example_dags/example_branch_operator_decorator.py
[2023-04-02 18:08:10,552] {processor.py:651} INFO - DAG(s) dict_keys(['example_branch_python_operator_decorator']) retrieved from /home/airflow/.local/lib/python3.7/site-packages/airflow/example_dags/example_branch_operator_decorator.py
[2023-04-02 18:08:10,584] {logging_mixin.py:115} INFO - [2023-04-02 18:08:10,584] {dag.py:2371} INFO - Sync 1 DAGs
[2023-04-02 18:08:10,724] {logging_mixin.py:115} INFO - [2023-04-02 18:08:10,724] {dag.py:2919} INFO - Setting next_dagrun for example_branch_python_operator_decorator to 2023-04-01T00:00:00+00:00, run_after=2023-04-02T00:00:00+00:00
[2023-04-02 18:08:10,739] {processor.py:161} INFO - Processing /home/airflow/.local/lib/python3.7/site-packages/airflow/example_dags/example_branch_operator_decorator.py took 0.214 seconds
[2023-04-02 18:08:41,020] {processor.py:153} INFO - Started process (PID=1609) to work on /home/airflow/.local/lib/python3.7/site-packages/airflow/example_dags/example_branch_operator_decorator.py
[2023-04-02 18:08:41,022] {processor.py:641} INFO - Processing file /home/airflow/.local/lib/python3.7/site-packages/airflow/example_dags/example_branch_operator_decorator.py for tasks to queue
[2023-04-02 18:08:41,024] {logging_mixin.py:115} INFO - [2023-04-02 18:08:41,024] {dagbag.py:507} INFO - Filling up the DagBag from /home/airflow/.local/lib/python3.7/site-packages/airflow/example_dags/example_branch_operator_decorator.py
[2023-04-02 18:08:41,058] {processor.py:651} INFO - DAG(s) dict_keys(['example_branch_python_operator_decorator']) retrieved from /home/airflow/.local/lib/python3.7/site-packages/airflow/example_dags/example_branch_operator_decorator.py
[2023-04-02 18:08:41,094] {logging_mixin.py:115} INFO - [2023-04-02 18:08:41,094] {dag.py:2371} INFO - Sync 1 DAGs
[2023-04-02 18:08:41,238] {logging_mixin.py:115} INFO - [2023-04-02 18:08:41,237] {dag.py:2919} INFO - Setting next_dagrun for example_branch_python_operator_decorator to 2023-04-01T00:00:00+00:00, run_after=2023-04-02T00:00:00+00:00
[2023-04-02 18:08:41,251] {processor.py:161} INFO - Processing /home/airflow/.local/lib/python3.7/site-packages/airflow/example_dags/example_branch_operator_decorator.py took 0.239 seconds
[2023-04-02 18:09:11,802] {processor.py:153} INFO - Started process (PID=1672) to work on /home/airflow/.local/lib/python3.7/site-packages/airflow/example_dags/example_branch_operator_decorator.py
[2023-04-02 18:09:11,804] {processor.py:641} INFO - Processing file /home/airflow/.local/lib/python3.7/site-packages/airflow/example_dags/example_branch_operator_decorator.py for tasks to queue
[2023-04-02 18:09:11,806] {logging_mixin.py:115} INFO - [2023-04-02 18:09:11,806] {dagbag.py:507} INFO - Filling up the DagBag from /home/airflow/.local/lib/python3.7/site-packages/airflow/example_dags/example_branch_operator_decorator.py
[2023-04-02 18:09:11,828] {processor.py:651} INFO - DAG(s) dict_keys(['example_branch_python_operator_decorator']) retrieved from /home/airflow/.local/lib/python3.7/site-packages/airflow/example_dags/example_branch_operator_decorator.py
[2023-04-02 18:09:11,860] {logging_mixin.py:115} INFO - [2023-04-02 18:09:11,860] {dag.py:2371} INFO - Sync 1 DAGs
[2023-04-02 18:09:11,999] {logging_mixin.py:115} INFO - [2023-04-02 18:09:11,998] {dag.py:2919} INFO - Setting next_dagrun for example_branch_python_operator_decorator to 2023-04-01T00:00:00+00:00, run_after=2023-04-02T00:00:00+00:00
[2023-04-02 18:09:12,013] {processor.py:161} INFO - Processing /home/airflow/.local/lib/python3.7/site-packages/airflow/example_dags/example_branch_operator_decorator.py took 0.216 seconds
[2023-04-02 18:09:42,326] {processor.py:153} INFO - Started process (PID=1735) to work on /home/airflow/.local/lib/python3.7/site-packages/airflow/example_dags/example_branch_operator_decorator.py
[2023-04-02 18:09:42,328] {processor.py:641} INFO - Processing file /home/airflow/.local/lib/python3.7/site-packages/airflow/example_dags/example_branch_operator_decorator.py for tasks to queue
[2023-04-02 18:09:42,329] {logging_mixin.py:115} INFO - [2023-04-02 18:09:42,329] {dagbag.py:507} INFO - Filling up the DagBag from /home/airflow/.local/lib/python3.7/site-packages/airflow/example_dags/example_branch_operator_decorator.py
[2023-04-02 18:09:42,351] {processor.py:651} INFO - DAG(s) dict_keys(['example_branch_python_operator_decorator']) retrieved from /home/airflow/.local/lib/python3.7/site-packages/airflow/example_dags/example_branch_operator_decorator.py
[2023-04-02 18:09:42,382] {logging_mixin.py:115} INFO - [2023-04-02 18:09:42,382] {dag.py:2371} INFO - Sync 1 DAGs
[2023-04-02 18:09:42,529] {logging_mixin.py:115} INFO - [2023-04-02 18:09:42,529] {dag.py:2919} INFO - Setting next_dagrun for example_branch_python_operator_decorator to 2023-04-01T00:00:00+00:00, run_after=2023-04-02T00:00:00+00:00
[2023-04-02 18:09:42,544] {processor.py:161} INFO - Processing /home/airflow/.local/lib/python3.7/site-packages/airflow/example_dags/example_branch_operator_decorator.py took 0.222 seconds
[2023-04-02 18:10:13,023] {processor.py:153} INFO - Started process (PID=1789) to work on /home/airflow/.local/lib/python3.7/site-packages/airflow/example_dags/example_branch_operator_decorator.py
[2023-04-02 18:10:13,025] {processor.py:641} INFO - Processing file /home/airflow/.local/lib/python3.7/site-packages/airflow/example_dags/example_branch_operator_decorator.py for tasks to queue
[2023-04-02 18:10:13,027] {logging_mixin.py:115} INFO - [2023-04-02 18:10:13,027] {dagbag.py:507} INFO - Filling up the DagBag from /home/airflow/.local/lib/python3.7/site-packages/airflow/example_dags/example_branch_operator_decorator.py
[2023-04-02 18:10:13,050] {processor.py:651} INFO - DAG(s) dict_keys(['example_branch_python_operator_decorator']) retrieved from /home/airflow/.local/lib/python3.7/site-packages/airflow/example_dags/example_branch_operator_decorator.py
[2023-04-02 18:10:13,085] {logging_mixin.py:115} INFO - [2023-04-02 18:10:13,085] {dag.py:2371} INFO - Sync 1 DAGs
[2023-04-02 18:10:13,251] {logging_mixin.py:115} INFO - [2023-04-02 18:10:13,251] {dag.py:2919} INFO - Setting next_dagrun for example_branch_python_operator_decorator to 2023-04-01T00:00:00+00:00, run_after=2023-04-02T00:00:00+00:00
[2023-04-02 18:10:13,265] {processor.py:161} INFO - Processing /home/airflow/.local/lib/python3.7/site-packages/airflow/example_dags/example_branch_operator_decorator.py took 0.247 seconds
[2023-04-02 18:10:43,418] {processor.py:153} INFO - Started process (PID=1852) to work on /home/airflow/.local/lib/python3.7/site-packages/airflow/example_dags/example_branch_operator_decorator.py
[2023-04-02 18:10:43,419] {processor.py:641} INFO - Processing file /home/airflow/.local/lib/python3.7/site-packages/airflow/example_dags/example_branch_operator_decorator.py for tasks to queue
[2023-04-02 18:10:43,421] {logging_mixin.py:115} INFO - [2023-04-02 18:10:43,421] {dagbag.py:507} INFO - Filling up the DagBag from /home/airflow/.local/lib/python3.7/site-packages/airflow/example_dags/example_branch_operator_decorator.py
[2023-04-02 18:10:43,442] {processor.py:651} INFO - DAG(s) dict_keys(['example_branch_python_operator_decorator']) retrieved from /home/airflow/.local/lib/python3.7/site-packages/airflow/example_dags/example_branch_operator_decorator.py
[2023-04-02 18:10:43,476] {logging_mixin.py:115} INFO - [2023-04-02 18:10:43,476] {dag.py:2371} INFO - Sync 1 DAGs
[2023-04-02 18:10:43,503] {logging_mixin.py:115} INFO - [2023-04-02 18:10:43,502] {dag.py:2919} INFO - Setting next_dagrun for example_branch_python_operator_decorator to 2023-04-01T00:00:00+00:00, run_after=2023-04-02T00:00:00+00:00
[2023-04-02 18:10:43,515] {processor.py:161} INFO - Processing /home/airflow/.local/lib/python3.7/site-packages/airflow/example_dags/example_branch_operator_decorator.py took 0.102 seconds
[2023-04-02 18:11:13,626] {processor.py:153} INFO - Started process (PID=1915) to work on /home/airflow/.local/lib/python3.7/site-packages/airflow/example_dags/example_branch_operator_decorator.py
[2023-04-02 18:11:13,628] {processor.py:641} INFO - Processing file /home/airflow/.local/lib/python3.7/site-packages/airflow/example_dags/example_branch_operator_decorator.py for tasks to queue
[2023-04-02 18:11:13,629] {logging_mixin.py:115} INFO - [2023-04-02 18:11:13,629] {dagbag.py:507} INFO - Filling up the DagBag from /home/airflow/.local/lib/python3.7/site-packages/airflow/example_dags/example_branch_operator_decorator.py
[2023-04-02 18:11:13,650] {processor.py:651} INFO - DAG(s) dict_keys(['example_branch_python_operator_decorator']) retrieved from /home/airflow/.local/lib/python3.7/site-packages/airflow/example_dags/example_branch_operator_decorator.py
[2023-04-02 18:11:13,685] {logging_mixin.py:115} INFO - [2023-04-02 18:11:13,684] {dag.py:2371} INFO - Sync 1 DAGs
[2023-04-02 18:11:13,711] {logging_mixin.py:115} INFO - [2023-04-02 18:11:13,711] {dag.py:2919} INFO - Setting next_dagrun for example_branch_python_operator_decorator to 2023-04-01T00:00:00+00:00, run_after=2023-04-02T00:00:00+00:00
[2023-04-02 18:11:13,724] {processor.py:161} INFO - Processing /home/airflow/.local/lib/python3.7/site-packages/airflow/example_dags/example_branch_operator_decorator.py took 0.102 seconds
[2023-04-02 18:11:44,073] {processor.py:153} INFO - Started process (PID=1969) to work on /home/airflow/.local/lib/python3.7/site-packages/airflow/example_dags/example_branch_operator_decorator.py
[2023-04-02 18:11:44,087] {processor.py:641} INFO - Processing file /home/airflow/.local/lib/python3.7/site-packages/airflow/example_dags/example_branch_operator_decorator.py for tasks to queue
[2023-04-02 18:11:44,096] {logging_mixin.py:115} INFO - [2023-04-02 18:11:44,096] {dagbag.py:507} INFO - Filling up the DagBag from /home/airflow/.local/lib/python3.7/site-packages/airflow/example_dags/example_branch_operator_decorator.py
[2023-04-02 18:11:44,145] {processor.py:651} INFO - DAG(s) dict_keys(['example_branch_python_operator_decorator']) retrieved from /home/airflow/.local/lib/python3.7/site-packages/airflow/example_dags/example_branch_operator_decorator.py
[2023-04-02 18:11:44,217] {logging_mixin.py:115} INFO - [2023-04-02 18:11:44,217] {dag.py:2371} INFO - Sync 1 DAGs
[2023-04-02 18:11:44,273] {logging_mixin.py:115} INFO - [2023-04-02 18:11:44,273] {dag.py:2919} INFO - Setting next_dagrun for example_branch_python_operator_decorator to 2023-04-01T00:00:00+00:00, run_after=2023-04-02T00:00:00+00:00
[2023-04-02 18:11:44,301] {processor.py:161} INFO - Processing /home/airflow/.local/lib/python3.7/site-packages/airflow/example_dags/example_branch_operator_decorator.py took 0.235 seconds
[2023-04-02 18:12:14,721] {processor.py:153} INFO - Started process (PID=2032) to work on /home/airflow/.local/lib/python3.7/site-packages/airflow/example_dags/example_branch_operator_decorator.py
[2023-04-02 18:12:14,722] {processor.py:641} INFO - Processing file /home/airflow/.local/lib/python3.7/site-packages/airflow/example_dags/example_branch_operator_decorator.py for tasks to queue
[2023-04-02 18:12:14,723] {logging_mixin.py:115} INFO - [2023-04-02 18:12:14,723] {dagbag.py:507} INFO - Filling up the DagBag from /home/airflow/.local/lib/python3.7/site-packages/airflow/example_dags/example_branch_operator_decorator.py
[2023-04-02 18:12:14,744] {processor.py:651} INFO - DAG(s) dict_keys(['example_branch_python_operator_decorator']) retrieved from /home/airflow/.local/lib/python3.7/site-packages/airflow/example_dags/example_branch_operator_decorator.py
[2023-04-02 18:12:14,775] {logging_mixin.py:115} INFO - [2023-04-02 18:12:14,775] {dag.py:2371} INFO - Sync 1 DAGs
[2023-04-02 18:12:14,800] {logging_mixin.py:115} INFO - [2023-04-02 18:12:14,800] {dag.py:2919} INFO - Setting next_dagrun for example_branch_python_operator_decorator to 2023-04-01T00:00:00+00:00, run_after=2023-04-02T00:00:00+00:00
[2023-04-02 18:12:14,813] {processor.py:161} INFO - Processing /home/airflow/.local/lib/python3.7/site-packages/airflow/example_dags/example_branch_operator_decorator.py took 0.096 seconds
[2023-04-02 18:12:45,247] {processor.py:153} INFO - Started process (PID=2095) to work on /home/airflow/.local/lib/python3.7/site-packages/airflow/example_dags/example_branch_operator_decorator.py
[2023-04-02 18:12:45,249] {processor.py:641} INFO - Processing file /home/airflow/.local/lib/python3.7/site-packages/airflow/example_dags/example_branch_operator_decorator.py for tasks to queue
[2023-04-02 18:12:45,251] {logging_mixin.py:115} INFO - [2023-04-02 18:12:45,251] {dagbag.py:507} INFO - Filling up the DagBag from /home/airflow/.local/lib/python3.7/site-packages/airflow/example_dags/example_branch_operator_decorator.py
[2023-04-02 18:12:45,272] {processor.py:651} INFO - DAG(s) dict_keys(['example_branch_python_operator_decorator']) retrieved from /home/airflow/.local/lib/python3.7/site-packages/airflow/example_dags/example_branch_operator_decorator.py
[2023-04-02 18:12:45,305] {logging_mixin.py:115} INFO - [2023-04-02 18:12:45,305] {dag.py:2371} INFO - Sync 1 DAGs
[2023-04-02 18:12:45,329] {logging_mixin.py:115} INFO - [2023-04-02 18:12:45,329] {dag.py:2919} INFO - Setting next_dagrun for example_branch_python_operator_decorator to 2023-04-01T00:00:00+00:00, run_after=2023-04-02T00:00:00+00:00
[2023-04-02 18:12:45,342] {processor.py:161} INFO - Processing /home/airflow/.local/lib/python3.7/site-packages/airflow/example_dags/example_branch_operator_decorator.py took 0.100 seconds
[2023-04-02 18:13:15,501] {processor.py:153} INFO - Started process (PID=2158) to work on /home/airflow/.local/lib/python3.7/site-packages/airflow/example_dags/example_branch_operator_decorator.py
[2023-04-02 18:13:15,502] {processor.py:641} INFO - Processing file /home/airflow/.local/lib/python3.7/site-packages/airflow/example_dags/example_branch_operator_decorator.py for tasks to queue
[2023-04-02 18:13:15,503] {logging_mixin.py:115} INFO - [2023-04-02 18:13:15,503] {dagbag.py:507} INFO - Filling up the DagBag from /home/airflow/.local/lib/python3.7/site-packages/airflow/example_dags/example_branch_operator_decorator.py
[2023-04-02 18:13:15,523] {processor.py:651} INFO - DAG(s) dict_keys(['example_branch_python_operator_decorator']) retrieved from /home/airflow/.local/lib/python3.7/site-packages/airflow/example_dags/example_branch_operator_decorator.py
[2023-04-02 18:13:15,555] {logging_mixin.py:115} INFO - [2023-04-02 18:13:15,555] {dag.py:2371} INFO - Sync 1 DAGs
[2023-04-02 18:13:15,580] {logging_mixin.py:115} INFO - [2023-04-02 18:13:15,580] {dag.py:2919} INFO - Setting next_dagrun for example_branch_python_operator_decorator to 2023-04-01T00:00:00+00:00, run_after=2023-04-02T00:00:00+00:00
[2023-04-02 18:13:15,593] {processor.py:161} INFO - Processing /home/airflow/.local/lib/python3.7/site-packages/airflow/example_dags/example_branch_operator_decorator.py took 0.096 seconds
[2023-04-02 18:13:45,767] {processor.py:153} INFO - Started process (PID=2212) to work on /home/airflow/.local/lib/python3.7/site-packages/airflow/example_dags/example_branch_operator_decorator.py
[2023-04-02 18:13:45,770] {processor.py:641} INFO - Processing file /home/airflow/.local/lib/python3.7/site-packages/airflow/example_dags/example_branch_operator_decorator.py for tasks to queue
[2023-04-02 18:13:45,773] {logging_mixin.py:115} INFO - [2023-04-02 18:13:45,772] {dagbag.py:507} INFO - Filling up the DagBag from /home/airflow/.local/lib/python3.7/site-packages/airflow/example_dags/example_branch_operator_decorator.py
[2023-04-02 18:13:45,797] {processor.py:651} INFO - DAG(s) dict_keys(['example_branch_python_operator_decorator']) retrieved from /home/airflow/.local/lib/python3.7/site-packages/airflow/example_dags/example_branch_operator_decorator.py
[2023-04-02 18:13:45,828] {logging_mixin.py:115} INFO - [2023-04-02 18:13:45,828] {dag.py:2371} INFO - Sync 1 DAGs
[2023-04-02 18:13:45,852] {logging_mixin.py:115} INFO - [2023-04-02 18:13:45,852] {dag.py:2919} INFO - Setting next_dagrun for example_branch_python_operator_decorator to 2023-04-01T00:00:00+00:00, run_after=2023-04-02T00:00:00+00:00
[2023-04-02 18:13:45,865] {processor.py:161} INFO - Processing /home/airflow/.local/lib/python3.7/site-packages/airflow/example_dags/example_branch_operator_decorator.py took 0.103 seconds
[2023-04-02 18:14:16,210] {processor.py:153} INFO - Started process (PID=2275) to work on /home/airflow/.local/lib/python3.7/site-packages/airflow/example_dags/example_branch_operator_decorator.py
[2023-04-02 18:14:16,211] {processor.py:641} INFO - Processing file /home/airflow/.local/lib/python3.7/site-packages/airflow/example_dags/example_branch_operator_decorator.py for tasks to queue
[2023-04-02 18:14:16,213] {logging_mixin.py:115} INFO - [2023-04-02 18:14:16,213] {dagbag.py:507} INFO - Filling up the DagBag from /home/airflow/.local/lib/python3.7/site-packages/airflow/example_dags/example_branch_operator_decorator.py
[2023-04-02 18:14:16,236] {processor.py:651} INFO - DAG(s) dict_keys(['example_branch_python_operator_decorator']) retrieved from /home/airflow/.local/lib/python3.7/site-packages/airflow/example_dags/example_branch_operator_decorator.py
[2023-04-02 18:14:16,267] {logging_mixin.py:115} INFO - [2023-04-02 18:14:16,267] {dag.py:2371} INFO - Sync 1 DAGs
[2023-04-02 18:14:16,291] {logging_mixin.py:115} INFO - [2023-04-02 18:14:16,291] {dag.py:2919} INFO - Setting next_dagrun for example_branch_python_operator_decorator to 2023-04-01T00:00:00+00:00, run_after=2023-04-02T00:00:00+00:00
[2023-04-02 18:14:16,303] {processor.py:161} INFO - Processing /home/airflow/.local/lib/python3.7/site-packages/airflow/example_dags/example_branch_operator_decorator.py took 0.098 seconds
[2023-04-02 18:14:46,469] {processor.py:153} INFO - Started process (PID=2338) to work on /home/airflow/.local/lib/python3.7/site-packages/airflow/example_dags/example_branch_operator_decorator.py
[2023-04-02 18:14:46,470] {processor.py:641} INFO - Processing file /home/airflow/.local/lib/python3.7/site-packages/airflow/example_dags/example_branch_operator_decorator.py for tasks to queue
[2023-04-02 18:14:46,471] {logging_mixin.py:115} INFO - [2023-04-02 18:14:46,471] {dagbag.py:507} INFO - Filling up the DagBag from /home/airflow/.local/lib/python3.7/site-packages/airflow/example_dags/example_branch_operator_decorator.py
[2023-04-02 18:14:46,491] {processor.py:651} INFO - DAG(s) dict_keys(['example_branch_python_operator_decorator']) retrieved from /home/airflow/.local/lib/python3.7/site-packages/airflow/example_dags/example_branch_operator_decorator.py
[2023-04-02 18:14:46,522] {logging_mixin.py:115} INFO - [2023-04-02 18:14:46,522] {dag.py:2371} INFO - Sync 1 DAGs
[2023-04-02 18:14:46,545] {logging_mixin.py:115} INFO - [2023-04-02 18:14:46,545] {dag.py:2919} INFO - Setting next_dagrun for example_branch_python_operator_decorator to 2023-04-01T00:00:00+00:00, run_after=2023-04-02T00:00:00+00:00
[2023-04-02 18:14:46,558] {processor.py:161} INFO - Processing /home/airflow/.local/lib/python3.7/site-packages/airflow/example_dags/example_branch_operator_decorator.py took 0.093 seconds
[2023-04-02 18:15:17,263] {processor.py:153} INFO - Started process (PID=2391) to work on /home/airflow/.local/lib/python3.7/site-packages/airflow/example_dags/example_branch_operator_decorator.py
[2023-04-02 18:15:17,265] {processor.py:641} INFO - Processing file /home/airflow/.local/lib/python3.7/site-packages/airflow/example_dags/example_branch_operator_decorator.py for tasks to queue
[2023-04-02 18:15:17,266] {logging_mixin.py:115} INFO - [2023-04-02 18:15:17,266] {dagbag.py:507} INFO - Filling up the DagBag from /home/airflow/.local/lib/python3.7/site-packages/airflow/example_dags/example_branch_operator_decorator.py
[2023-04-02 18:15:17,290] {processor.py:651} INFO - DAG(s) dict_keys(['example_branch_python_operator_decorator']) retrieved from /home/airflow/.local/lib/python3.7/site-packages/airflow/example_dags/example_branch_operator_decorator.py
[2023-04-02 18:15:17,321] {logging_mixin.py:115} INFO - [2023-04-02 18:15:17,321] {dag.py:2371} INFO - Sync 1 DAGs
[2023-04-02 18:15:17,346] {logging_mixin.py:115} INFO - [2023-04-02 18:15:17,346] {dag.py:2919} INFO - Setting next_dagrun for example_branch_python_operator_decorator to 2023-04-01T00:00:00+00:00, run_after=2023-04-02T00:00:00+00:00
[2023-04-02 18:15:17,358] {processor.py:161} INFO - Processing /home/airflow/.local/lib/python3.7/site-packages/airflow/example_dags/example_branch_operator_decorator.py took 0.099 seconds
[2023-04-02 18:15:47,614] {processor.py:153} INFO - Started process (PID=2453) to work on /home/airflow/.local/lib/python3.7/site-packages/airflow/example_dags/example_branch_operator_decorator.py
[2023-04-02 18:15:47,615] {processor.py:641} INFO - Processing file /home/airflow/.local/lib/python3.7/site-packages/airflow/example_dags/example_branch_operator_decorator.py for tasks to queue
[2023-04-02 18:15:47,617] {logging_mixin.py:115} INFO - [2023-04-02 18:15:47,616] {dagbag.py:507} INFO - Filling up the DagBag from /home/airflow/.local/lib/python3.7/site-packages/airflow/example_dags/example_branch_operator_decorator.py
[2023-04-02 18:15:47,642] {processor.py:651} INFO - DAG(s) dict_keys(['example_branch_python_operator_decorator']) retrieved from /home/airflow/.local/lib/python3.7/site-packages/airflow/example_dags/example_branch_operator_decorator.py
[2023-04-02 18:15:47,671] {logging_mixin.py:115} INFO - [2023-04-02 18:15:47,671] {dag.py:2371} INFO - Sync 1 DAGs
[2023-04-02 18:15:47,694] {logging_mixin.py:115} INFO - [2023-04-02 18:15:47,694] {dag.py:2919} INFO - Setting next_dagrun for example_branch_python_operator_decorator to 2023-04-01T00:00:00+00:00, run_after=2023-04-02T00:00:00+00:00
[2023-04-02 18:15:47,706] {processor.py:161} INFO - Processing /home/airflow/.local/lib/python3.7/site-packages/airflow/example_dags/example_branch_operator_decorator.py took 0.096 seconds
[2023-04-02 18:16:18,199] {processor.py:153} INFO - Started process (PID=2516) to work on /home/airflow/.local/lib/python3.7/site-packages/airflow/example_dags/example_branch_operator_decorator.py
[2023-04-02 18:16:18,201] {processor.py:641} INFO - Processing file /home/airflow/.local/lib/python3.7/site-packages/airflow/example_dags/example_branch_operator_decorator.py for tasks to queue
[2023-04-02 18:16:18,202] {logging_mixin.py:115} INFO - [2023-04-02 18:16:18,202] {dagbag.py:507} INFO - Filling up the DagBag from /home/airflow/.local/lib/python3.7/site-packages/airflow/example_dags/example_branch_operator_decorator.py
[2023-04-02 18:16:18,231] {processor.py:651} INFO - DAG(s) dict_keys(['example_branch_python_operator_decorator']) retrieved from /home/airflow/.local/lib/python3.7/site-packages/airflow/example_dags/example_branch_operator_decorator.py
[2023-04-02 18:16:18,263] {logging_mixin.py:115} INFO - [2023-04-02 18:16:18,262] {dag.py:2371} INFO - Sync 1 DAGs
[2023-04-02 18:16:18,288] {logging_mixin.py:115} INFO - [2023-04-02 18:16:18,288] {dag.py:2919} INFO - Setting next_dagrun for example_branch_python_operator_decorator to 2023-04-01T00:00:00+00:00, run_after=2023-04-02T00:00:00+00:00
[2023-04-02 18:16:18,300] {processor.py:161} INFO - Processing /home/airflow/.local/lib/python3.7/site-packages/airflow/example_dags/example_branch_operator_decorator.py took 0.106 seconds
[2023-04-02 18:16:48,696] {processor.py:153} INFO - Started process (PID=2579) to work on /home/airflow/.local/lib/python3.7/site-packages/airflow/example_dags/example_branch_operator_decorator.py
[2023-04-02 18:16:48,697] {processor.py:641} INFO - Processing file /home/airflow/.local/lib/python3.7/site-packages/airflow/example_dags/example_branch_operator_decorator.py for tasks to queue
[2023-04-02 18:16:48,699] {logging_mixin.py:115} INFO - [2023-04-02 18:16:48,698] {dagbag.py:507} INFO - Filling up the DagBag from /home/airflow/.local/lib/python3.7/site-packages/airflow/example_dags/example_branch_operator_decorator.py
[2023-04-02 18:16:48,722] {processor.py:651} INFO - DAG(s) dict_keys(['example_branch_python_operator_decorator']) retrieved from /home/airflow/.local/lib/python3.7/site-packages/airflow/example_dags/example_branch_operator_decorator.py
[2023-04-02 18:16:48,752] {logging_mixin.py:115} INFO - [2023-04-02 18:16:48,752] {dag.py:2371} INFO - Sync 1 DAGs
[2023-04-02 18:16:48,778] {logging_mixin.py:115} INFO - [2023-04-02 18:16:48,778] {dag.py:2919} INFO - Setting next_dagrun for example_branch_python_operator_decorator to 2023-04-01T00:00:00+00:00, run_after=2023-04-02T00:00:00+00:00
[2023-04-02 18:16:48,792] {processor.py:161} INFO - Processing /home/airflow/.local/lib/python3.7/site-packages/airflow/example_dags/example_branch_operator_decorator.py took 0.101 seconds
[2023-04-02 18:17:19,269] {processor.py:153} INFO - Started process (PID=2633) to work on /home/airflow/.local/lib/python3.7/site-packages/airflow/example_dags/example_branch_operator_decorator.py
[2023-04-02 18:17:19,271] {processor.py:641} INFO - Processing file /home/airflow/.local/lib/python3.7/site-packages/airflow/example_dags/example_branch_operator_decorator.py for tasks to queue
[2023-04-02 18:17:19,272] {logging_mixin.py:115} INFO - [2023-04-02 18:17:19,272] {dagbag.py:507} INFO - Filling up the DagBag from /home/airflow/.local/lib/python3.7/site-packages/airflow/example_dags/example_branch_operator_decorator.py
[2023-04-02 18:17:19,295] {processor.py:651} INFO - DAG(s) dict_keys(['example_branch_python_operator_decorator']) retrieved from /home/airflow/.local/lib/python3.7/site-packages/airflow/example_dags/example_branch_operator_decorator.py
[2023-04-02 18:17:19,323] {logging_mixin.py:115} INFO - [2023-04-02 18:17:19,323] {dag.py:2371} INFO - Sync 1 DAGs
[2023-04-02 18:17:19,349] {logging_mixin.py:115} INFO - [2023-04-02 18:17:19,349] {dag.py:2919} INFO - Setting next_dagrun for example_branch_python_operator_decorator to 2023-04-01T00:00:00+00:00, run_after=2023-04-02T00:00:00+00:00
[2023-04-02 18:17:19,362] {processor.py:161} INFO - Processing /home/airflow/.local/lib/python3.7/site-packages/airflow/example_dags/example_branch_operator_decorator.py took 0.096 seconds
[2023-04-02 18:17:49,664] {processor.py:153} INFO - Started process (PID=2696) to work on /home/airflow/.local/lib/python3.7/site-packages/airflow/example_dags/example_branch_operator_decorator.py
[2023-04-02 18:17:49,666] {processor.py:641} INFO - Processing file /home/airflow/.local/lib/python3.7/site-packages/airflow/example_dags/example_branch_operator_decorator.py for tasks to queue
[2023-04-02 18:17:49,667] {logging_mixin.py:115} INFO - [2023-04-02 18:17:49,667] {dagbag.py:507} INFO - Filling up the DagBag from /home/airflow/.local/lib/python3.7/site-packages/airflow/example_dags/example_branch_operator_decorator.py
[2023-04-02 18:17:49,691] {processor.py:651} INFO - DAG(s) dict_keys(['example_branch_python_operator_decorator']) retrieved from /home/airflow/.local/lib/python3.7/site-packages/airflow/example_dags/example_branch_operator_decorator.py
[2023-04-02 18:17:49,720] {logging_mixin.py:115} INFO - [2023-04-02 18:17:49,720] {dag.py:2371} INFO - Sync 1 DAGs
[2023-04-02 18:17:49,745] {logging_mixin.py:115} INFO - [2023-04-02 18:17:49,745] {dag.py:2919} INFO - Setting next_dagrun for example_branch_python_operator_decorator to 2023-04-01T00:00:00+00:00, run_after=2023-04-02T00:00:00+00:00
[2023-04-02 18:17:49,758] {processor.py:161} INFO - Processing /home/airflow/.local/lib/python3.7/site-packages/airflow/example_dags/example_branch_operator_decorator.py took 0.098 seconds
[2023-04-02 18:18:20,133] {processor.py:153} INFO - Started process (PID=2760) to work on /home/airflow/.local/lib/python3.7/site-packages/airflow/example_dags/example_branch_operator_decorator.py
[2023-04-02 18:18:20,135] {processor.py:641} INFO - Processing file /home/airflow/.local/lib/python3.7/site-packages/airflow/example_dags/example_branch_operator_decorator.py for tasks to queue
[2023-04-02 18:18:20,136] {logging_mixin.py:115} INFO - [2023-04-02 18:18:20,136] {dagbag.py:507} INFO - Filling up the DagBag from /home/airflow/.local/lib/python3.7/site-packages/airflow/example_dags/example_branch_operator_decorator.py
[2023-04-02 18:18:20,159] {processor.py:651} INFO - DAG(s) dict_keys(['example_branch_python_operator_decorator']) retrieved from /home/airflow/.local/lib/python3.7/site-packages/airflow/example_dags/example_branch_operator_decorator.py
[2023-04-02 18:18:20,186] {logging_mixin.py:115} INFO - [2023-04-02 18:18:20,186] {dag.py:2371} INFO - Sync 1 DAGs
[2023-04-02 18:18:20,209] {logging_mixin.py:115} INFO - [2023-04-02 18:18:20,209] {dag.py:2919} INFO - Setting next_dagrun for example_branch_python_operator_decorator to 2023-04-01T00:00:00+00:00, run_after=2023-04-02T00:00:00+00:00
[2023-04-02 18:18:20,221] {processor.py:161} INFO - Processing /home/airflow/.local/lib/python3.7/site-packages/airflow/example_dags/example_branch_operator_decorator.py took 0.092 seconds
[2023-04-02 18:18:50,467] {processor.py:153} INFO - Started process (PID=2814) to work on /home/airflow/.local/lib/python3.7/site-packages/airflow/example_dags/example_branch_operator_decorator.py
[2023-04-02 18:18:50,469] {processor.py:641} INFO - Processing file /home/airflow/.local/lib/python3.7/site-packages/airflow/example_dags/example_branch_operator_decorator.py for tasks to queue
[2023-04-02 18:18:50,470] {logging_mixin.py:115} INFO - [2023-04-02 18:18:50,470] {dagbag.py:507} INFO - Filling up the DagBag from /home/airflow/.local/lib/python3.7/site-packages/airflow/example_dags/example_branch_operator_decorator.py
[2023-04-02 18:18:50,494] {processor.py:651} INFO - DAG(s) dict_keys(['example_branch_python_operator_decorator']) retrieved from /home/airflow/.local/lib/python3.7/site-packages/airflow/example_dags/example_branch_operator_decorator.py
[2023-04-02 18:18:50,524] {logging_mixin.py:115} INFO - [2023-04-02 18:18:50,524] {dag.py:2371} INFO - Sync 1 DAGs
[2023-04-02 18:18:50,549] {logging_mixin.py:115} INFO - [2023-04-02 18:18:50,549] {dag.py:2919} INFO - Setting next_dagrun for example_branch_python_operator_decorator to 2023-04-01T00:00:00+00:00, run_after=2023-04-02T00:00:00+00:00
[2023-04-02 18:18:50,561] {processor.py:161} INFO - Processing /home/airflow/.local/lib/python3.7/site-packages/airflow/example_dags/example_branch_operator_decorator.py took 0.099 seconds
[2023-04-02 18:19:20,881] {processor.py:153} INFO - Started process (PID=2878) to work on /home/airflow/.local/lib/python3.7/site-packages/airflow/example_dags/example_branch_operator_decorator.py
[2023-04-02 18:19:20,882] {processor.py:641} INFO - Processing file /home/airflow/.local/lib/python3.7/site-packages/airflow/example_dags/example_branch_operator_decorator.py for tasks to queue
[2023-04-02 18:19:20,883] {logging_mixin.py:115} INFO - [2023-04-02 18:19:20,883] {dagbag.py:507} INFO - Filling up the DagBag from /home/airflow/.local/lib/python3.7/site-packages/airflow/example_dags/example_branch_operator_decorator.py
[2023-04-02 18:19:20,905] {processor.py:651} INFO - DAG(s) dict_keys(['example_branch_python_operator_decorator']) retrieved from /home/airflow/.local/lib/python3.7/site-packages/airflow/example_dags/example_branch_operator_decorator.py
[2023-04-02 18:19:20,934] {logging_mixin.py:115} INFO - [2023-04-02 18:19:20,934] {dag.py:2371} INFO - Sync 1 DAGs
[2023-04-02 18:19:20,957] {logging_mixin.py:115} INFO - [2023-04-02 18:19:20,957] {dag.py:2919} INFO - Setting next_dagrun for example_branch_python_operator_decorator to 2023-04-01T00:00:00+00:00, run_after=2023-04-02T00:00:00+00:00
[2023-04-02 18:19:20,972] {processor.py:161} INFO - Processing /home/airflow/.local/lib/python3.7/site-packages/airflow/example_dags/example_branch_operator_decorator.py took 0.094 seconds
[2023-04-02 18:19:51,181] {processor.py:153} INFO - Started process (PID=2941) to work on /home/airflow/.local/lib/python3.7/site-packages/airflow/example_dags/example_branch_operator_decorator.py
[2023-04-02 18:19:51,183] {processor.py:641} INFO - Processing file /home/airflow/.local/lib/python3.7/site-packages/airflow/example_dags/example_branch_operator_decorator.py for tasks to queue
[2023-04-02 18:19:51,184] {logging_mixin.py:115} INFO - [2023-04-02 18:19:51,184] {dagbag.py:507} INFO - Filling up the DagBag from /home/airflow/.local/lib/python3.7/site-packages/airflow/example_dags/example_branch_operator_decorator.py
[2023-04-02 18:19:51,207] {processor.py:651} INFO - DAG(s) dict_keys(['example_branch_python_operator_decorator']) retrieved from /home/airflow/.local/lib/python3.7/site-packages/airflow/example_dags/example_branch_operator_decorator.py
[2023-04-02 18:19:51,236] {logging_mixin.py:115} INFO - [2023-04-02 18:19:51,236] {dag.py:2371} INFO - Sync 1 DAGs
[2023-04-02 18:19:51,260] {logging_mixin.py:115} INFO - [2023-04-02 18:19:51,260] {dag.py:2919} INFO - Setting next_dagrun for example_branch_python_operator_decorator to 2023-04-01T00:00:00+00:00, run_after=2023-04-02T00:00:00+00:00
[2023-04-02 18:19:51,273] {processor.py:161} INFO - Processing /home/airflow/.local/lib/python3.7/site-packages/airflow/example_dags/example_branch_operator_decorator.py took 0.095 seconds
[2023-04-02 18:20:21,345] {processor.py:153} INFO - Started process (PID=2995) to work on /home/airflow/.local/lib/python3.7/site-packages/airflow/example_dags/example_branch_operator_decorator.py
[2023-04-02 18:20:21,347] {processor.py:641} INFO - Processing file /home/airflow/.local/lib/python3.7/site-packages/airflow/example_dags/example_branch_operator_decorator.py for tasks to queue
[2023-04-02 18:20:21,348] {logging_mixin.py:115} INFO - [2023-04-02 18:20:21,348] {dagbag.py:507} INFO - Filling up the DagBag from /home/airflow/.local/lib/python3.7/site-packages/airflow/example_dags/example_branch_operator_decorator.py
[2023-04-02 18:20:21,371] {processor.py:651} INFO - DAG(s) dict_keys(['example_branch_python_operator_decorator']) retrieved from /home/airflow/.local/lib/python3.7/site-packages/airflow/example_dags/example_branch_operator_decorator.py
[2023-04-02 18:20:21,401] {logging_mixin.py:115} INFO - [2023-04-02 18:20:21,401] {dag.py:2371} INFO - Sync 1 DAGs
[2023-04-02 18:20:21,425] {logging_mixin.py:115} INFO - [2023-04-02 18:20:21,425] {dag.py:2919} INFO - Setting next_dagrun for example_branch_python_operator_decorator to 2023-04-01T00:00:00+00:00, run_after=2023-04-02T00:00:00+00:00
[2023-04-02 18:20:21,437] {processor.py:161} INFO - Processing /home/airflow/.local/lib/python3.7/site-packages/airflow/example_dags/example_branch_operator_decorator.py took 0.096 seconds
[2023-04-02 18:20:51,574] {processor.py:153} INFO - Started process (PID=3058) to work on /home/airflow/.local/lib/python3.7/site-packages/airflow/example_dags/example_branch_operator_decorator.py
[2023-04-02 18:20:51,575] {processor.py:641} INFO - Processing file /home/airflow/.local/lib/python3.7/site-packages/airflow/example_dags/example_branch_operator_decorator.py for tasks to queue
[2023-04-02 18:20:51,576] {logging_mixin.py:115} INFO - [2023-04-02 18:20:51,576] {dagbag.py:507} INFO - Filling up the DagBag from /home/airflow/.local/lib/python3.7/site-packages/airflow/example_dags/example_branch_operator_decorator.py
[2023-04-02 18:20:51,599] {processor.py:651} INFO - DAG(s) dict_keys(['example_branch_python_operator_decorator']) retrieved from /home/airflow/.local/lib/python3.7/site-packages/airflow/example_dags/example_branch_operator_decorator.py
[2023-04-02 18:20:51,628] {logging_mixin.py:115} INFO - [2023-04-02 18:20:51,628] {dag.py:2371} INFO - Sync 1 DAGs
[2023-04-02 18:20:51,654] {logging_mixin.py:115} INFO - [2023-04-02 18:20:51,654] {dag.py:2919} INFO - Setting next_dagrun for example_branch_python_operator_decorator to 2023-04-01T00:00:00+00:00, run_after=2023-04-02T00:00:00+00:00
[2023-04-02 18:20:51,667] {processor.py:161} INFO - Processing /home/airflow/.local/lib/python3.7/site-packages/airflow/example_dags/example_branch_operator_decorator.py took 0.097 seconds
[2023-04-02 18:21:22,164] {processor.py:153} INFO - Started process (PID=3121) to work on /home/airflow/.local/lib/python3.7/site-packages/airflow/example_dags/example_branch_operator_decorator.py
[2023-04-02 18:21:22,166] {processor.py:641} INFO - Processing file /home/airflow/.local/lib/python3.7/site-packages/airflow/example_dags/example_branch_operator_decorator.py for tasks to queue
[2023-04-02 18:21:22,167] {logging_mixin.py:115} INFO - [2023-04-02 18:21:22,167] {dagbag.py:507} INFO - Filling up the DagBag from /home/airflow/.local/lib/python3.7/site-packages/airflow/example_dags/example_branch_operator_decorator.py
[2023-04-02 18:21:22,190] {processor.py:651} INFO - DAG(s) dict_keys(['example_branch_python_operator_decorator']) retrieved from /home/airflow/.local/lib/python3.7/site-packages/airflow/example_dags/example_branch_operator_decorator.py
[2023-04-02 18:21:22,219] {logging_mixin.py:115} INFO - [2023-04-02 18:21:22,219] {dag.py:2371} INFO - Sync 1 DAGs
[2023-04-02 18:21:22,242] {logging_mixin.py:115} INFO - [2023-04-02 18:21:22,242] {dag.py:2919} INFO - Setting next_dagrun for example_branch_python_operator_decorator to 2023-04-01T00:00:00+00:00, run_after=2023-04-02T00:00:00+00:00
[2023-04-02 18:21:22,254] {processor.py:161} INFO - Processing /home/airflow/.local/lib/python3.7/site-packages/airflow/example_dags/example_branch_operator_decorator.py took 0.093 seconds
[2023-04-02 18:21:52,545] {processor.py:153} INFO - Started process (PID=3182) to work on /home/airflow/.local/lib/python3.7/site-packages/airflow/example_dags/example_branch_operator_decorator.py
[2023-04-02 18:21:52,547] {processor.py:641} INFO - Processing file /home/airflow/.local/lib/python3.7/site-packages/airflow/example_dags/example_branch_operator_decorator.py for tasks to queue
[2023-04-02 18:21:52,549] {logging_mixin.py:115} INFO - [2023-04-02 18:21:52,548] {dagbag.py:507} INFO - Filling up the DagBag from /home/airflow/.local/lib/python3.7/site-packages/airflow/example_dags/example_branch_operator_decorator.py
[2023-04-02 18:21:52,571] {processor.py:651} INFO - DAG(s) dict_keys(['example_branch_python_operator_decorator']) retrieved from /home/airflow/.local/lib/python3.7/site-packages/airflow/example_dags/example_branch_operator_decorator.py
[2023-04-02 18:21:52,599] {logging_mixin.py:115} INFO - [2023-04-02 18:21:52,599] {dag.py:2371} INFO - Sync 1 DAGs
[2023-04-02 18:21:52,623] {logging_mixin.py:115} INFO - [2023-04-02 18:21:52,623] {dag.py:2919} INFO - Setting next_dagrun for example_branch_python_operator_decorator to 2023-04-01T00:00:00+00:00, run_after=2023-04-02T00:00:00+00:00
[2023-04-02 18:21:52,637] {processor.py:161} INFO - Processing /home/airflow/.local/lib/python3.7/site-packages/airflow/example_dags/example_branch_operator_decorator.py took 0.095 seconds
[2023-04-02 18:22:22,963] {processor.py:153} INFO - Started process (PID=3238) to work on /home/airflow/.local/lib/python3.7/site-packages/airflow/example_dags/example_branch_operator_decorator.py
[2023-04-02 18:22:22,964] {processor.py:641} INFO - Processing file /home/airflow/.local/lib/python3.7/site-packages/airflow/example_dags/example_branch_operator_decorator.py for tasks to queue
[2023-04-02 18:22:22,966] {logging_mixin.py:115} INFO - [2023-04-02 18:22:22,966] {dagbag.py:507} INFO - Filling up the DagBag from /home/airflow/.local/lib/python3.7/site-packages/airflow/example_dags/example_branch_operator_decorator.py
[2023-04-02 18:22:22,989] {processor.py:651} INFO - DAG(s) dict_keys(['example_branch_python_operator_decorator']) retrieved from /home/airflow/.local/lib/python3.7/site-packages/airflow/example_dags/example_branch_operator_decorator.py
[2023-04-02 18:22:23,018] {logging_mixin.py:115} INFO - [2023-04-02 18:22:23,018] {dag.py:2371} INFO - Sync 1 DAGs
[2023-04-02 18:22:23,043] {logging_mixin.py:115} INFO - [2023-04-02 18:22:23,043] {dag.py:2919} INFO - Setting next_dagrun for example_branch_python_operator_decorator to 2023-04-01T00:00:00+00:00, run_after=2023-04-02T00:00:00+00:00
[2023-04-02 18:22:23,055] {processor.py:161} INFO - Processing /home/airflow/.local/lib/python3.7/site-packages/airflow/example_dags/example_branch_operator_decorator.py took 0.097 seconds
[2023-04-02 18:22:53,318] {processor.py:153} INFO - Started process (PID=3301) to work on /home/airflow/.local/lib/python3.7/site-packages/airflow/example_dags/example_branch_operator_decorator.py
[2023-04-02 18:22:53,320] {processor.py:641} INFO - Processing file /home/airflow/.local/lib/python3.7/site-packages/airflow/example_dags/example_branch_operator_decorator.py for tasks to queue
[2023-04-02 18:22:53,322] {logging_mixin.py:115} INFO - [2023-04-02 18:22:53,321] {dagbag.py:507} INFO - Filling up the DagBag from /home/airflow/.local/lib/python3.7/site-packages/airflow/example_dags/example_branch_operator_decorator.py
[2023-04-02 18:22:53,351] {processor.py:651} INFO - DAG(s) dict_keys(['example_branch_python_operator_decorator']) retrieved from /home/airflow/.local/lib/python3.7/site-packages/airflow/example_dags/example_branch_operator_decorator.py
[2023-04-02 18:22:53,381] {logging_mixin.py:115} INFO - [2023-04-02 18:22:53,380] {dag.py:2371} INFO - Sync 1 DAGs
[2023-04-02 18:22:53,405] {logging_mixin.py:115} INFO - [2023-04-02 18:22:53,405] {dag.py:2919} INFO - Setting next_dagrun for example_branch_python_operator_decorator to 2023-04-01T00:00:00+00:00, run_after=2023-04-02T00:00:00+00:00
[2023-04-02 18:22:53,418] {processor.py:161} INFO - Processing /home/airflow/.local/lib/python3.7/site-packages/airflow/example_dags/example_branch_operator_decorator.py took 0.104 seconds
[2023-04-02 18:23:23,606] {processor.py:153} INFO - Started process (PID=3364) to work on /home/airflow/.local/lib/python3.7/site-packages/airflow/example_dags/example_branch_operator_decorator.py
[2023-04-02 18:23:23,607] {processor.py:641} INFO - Processing file /home/airflow/.local/lib/python3.7/site-packages/airflow/example_dags/example_branch_operator_decorator.py for tasks to queue
[2023-04-02 18:23:23,608] {logging_mixin.py:115} INFO - [2023-04-02 18:23:23,608] {dagbag.py:507} INFO - Filling up the DagBag from /home/airflow/.local/lib/python3.7/site-packages/airflow/example_dags/example_branch_operator_decorator.py
[2023-04-02 18:23:23,632] {processor.py:651} INFO - DAG(s) dict_keys(['example_branch_python_operator_decorator']) retrieved from /home/airflow/.local/lib/python3.7/site-packages/airflow/example_dags/example_branch_operator_decorator.py
[2023-04-02 18:23:23,667] {logging_mixin.py:115} INFO - [2023-04-02 18:23:23,667] {dag.py:2371} INFO - Sync 1 DAGs
[2023-04-02 18:23:23,698] {logging_mixin.py:115} INFO - [2023-04-02 18:23:23,698] {dag.py:2919} INFO - Setting next_dagrun for example_branch_python_operator_decorator to 2023-04-01T00:00:00+00:00, run_after=2023-04-02T00:00:00+00:00
[2023-04-02 18:23:23,713] {processor.py:161} INFO - Processing /home/airflow/.local/lib/python3.7/site-packages/airflow/example_dags/example_branch_operator_decorator.py took 0.112 seconds
