[2023-04-02 17:55:29,817] {processor.py:153} INFO - Started process (PID=75) to work on /home/airflow/.local/lib/python3.7/site-packages/airflow/example_dags/example_branch_python_dop_operator_3.py
[2023-04-02 17:55:29,819] {processor.py:641} INFO - Processing file /home/airflow/.local/lib/python3.7/site-packages/airflow/example_dags/example_branch_python_dop_operator_3.py for tasks to queue
[2023-04-02 17:55:29,822] {logging_mixin.py:115} INFO - [2023-04-02 17:55:29,822] {dagbag.py:507} INFO - Filling up the DagBag from /home/airflow/.local/lib/python3.7/site-packages/airflow/example_dags/example_branch_python_dop_operator_3.py
[2023-04-02 17:55:29,843] {processor.py:651} INFO - DAG(s) dict_keys(['example_branch_dop_operator_v3']) retrieved from /home/airflow/.local/lib/python3.7/site-packages/airflow/example_dags/example_branch_python_dop_operator_3.py
[2023-04-02 17:55:30,197] {logging_mixin.py:115} INFO - [2023-04-02 17:55:30,196] {manager.py:508} INFO - Created Permission View: can edit on DAG:example_branch_dop_operator_v3
[2023-04-02 17:55:30,219] {logging_mixin.py:115} INFO - [2023-04-02 17:55:30,218] {manager.py:508} INFO - Created Permission View: can delete on DAG:example_branch_dop_operator_v3
[2023-04-02 17:55:30,235] {logging_mixin.py:115} INFO - [2023-04-02 17:55:30,234] {manager.py:508} INFO - Created Permission View: can read on DAG:example_branch_dop_operator_v3
[2023-04-02 17:55:30,237] {logging_mixin.py:115} INFO - [2023-04-02 17:55:30,237] {dag.py:2371} INFO - Sync 1 DAGs
[2023-04-02 17:55:30,253] {logging_mixin.py:115} INFO - [2023-04-02 17:55:30,252] {dag.py:2390} INFO - Creating ORM DAG for example_branch_dop_operator_v3
[2023-04-02 17:55:30,281] {logging_mixin.py:115} INFO - [2023-04-02 17:55:30,281] {dag.py:2919} INFO - Setting next_dagrun for example_branch_dop_operator_v3 to 2023-04-02T17:54:00+00:00, run_after=2023-04-02T17:55:00+00:00
[2023-04-02 17:55:30,306] {processor.py:161} INFO - Processing /home/airflow/.local/lib/python3.7/site-packages/airflow/example_dags/example_branch_python_dop_operator_3.py took 0.495 seconds
[2023-04-02 17:56:00,473] {processor.py:153} INFO - Started process (PID=136) to work on /home/airflow/.local/lib/python3.7/site-packages/airflow/example_dags/example_branch_python_dop_operator_3.py
[2023-04-02 17:56:00,475] {processor.py:641} INFO - Processing file /home/airflow/.local/lib/python3.7/site-packages/airflow/example_dags/example_branch_python_dop_operator_3.py for tasks to queue
[2023-04-02 17:56:00,476] {logging_mixin.py:115} INFO - [2023-04-02 17:56:00,476] {dagbag.py:507} INFO - Filling up the DagBag from /home/airflow/.local/lib/python3.7/site-packages/airflow/example_dags/example_branch_python_dop_operator_3.py
[2023-04-02 17:56:00,488] {processor.py:651} INFO - DAG(s) dict_keys(['example_branch_dop_operator_v3']) retrieved from /home/airflow/.local/lib/python3.7/site-packages/airflow/example_dags/example_branch_python_dop_operator_3.py
[2023-04-02 17:56:00,553] {logging_mixin.py:115} INFO - [2023-04-02 17:56:00,553] {dag.py:2371} INFO - Sync 1 DAGs
[2023-04-02 17:56:00,582] {logging_mixin.py:115} INFO - [2023-04-02 17:56:00,582] {dag.py:2919} INFO - Setting next_dagrun for example_branch_dop_operator_v3 to 2023-04-02T17:55:00+00:00, run_after=2023-04-02T17:56:00+00:00
[2023-04-02 17:56:00,596] {processor.py:161} INFO - Processing /home/airflow/.local/lib/python3.7/site-packages/airflow/example_dags/example_branch_python_dop_operator_3.py took 0.127 seconds
[2023-04-02 17:56:31,231] {processor.py:153} INFO - Started process (PID=197) to work on /home/airflow/.local/lib/python3.7/site-packages/airflow/example_dags/example_branch_python_dop_operator_3.py
[2023-04-02 17:56:31,233] {processor.py:641} INFO - Processing file /home/airflow/.local/lib/python3.7/site-packages/airflow/example_dags/example_branch_python_dop_operator_3.py for tasks to queue
[2023-04-02 17:56:31,234] {logging_mixin.py:115} INFO - [2023-04-02 17:56:31,234] {dagbag.py:507} INFO - Filling up the DagBag from /home/airflow/.local/lib/python3.7/site-packages/airflow/example_dags/example_branch_python_dop_operator_3.py
[2023-04-02 17:56:31,246] {processor.py:651} INFO - DAG(s) dict_keys(['example_branch_dop_operator_v3']) retrieved from /home/airflow/.local/lib/python3.7/site-packages/airflow/example_dags/example_branch_python_dop_operator_3.py
[2023-04-02 17:56:31,275] {logging_mixin.py:115} INFO - [2023-04-02 17:56:31,275] {dag.py:2371} INFO - Sync 1 DAGs
[2023-04-02 17:56:31,303] {logging_mixin.py:115} INFO - [2023-04-02 17:56:31,302] {dag.py:2919} INFO - Setting next_dagrun for example_branch_dop_operator_v3 to 2023-04-02T17:55:00+00:00, run_after=2023-04-02T17:56:00+00:00
[2023-04-02 17:56:31,316] {processor.py:161} INFO - Processing /home/airflow/.local/lib/python3.7/site-packages/airflow/example_dags/example_branch_python_dop_operator_3.py took 0.089 seconds
[2023-04-02 17:57:02,124] {processor.py:153} INFO - Started process (PID=249) to work on /home/airflow/.local/lib/python3.7/site-packages/airflow/example_dags/example_branch_python_dop_operator_3.py
[2023-04-02 17:57:02,125] {processor.py:641} INFO - Processing file /home/airflow/.local/lib/python3.7/site-packages/airflow/example_dags/example_branch_python_dop_operator_3.py for tasks to queue
[2023-04-02 17:57:02,126] {logging_mixin.py:115} INFO - [2023-04-02 17:57:02,126] {dagbag.py:507} INFO - Filling up the DagBag from /home/airflow/.local/lib/python3.7/site-packages/airflow/example_dags/example_branch_python_dop_operator_3.py
[2023-04-02 17:57:02,138] {processor.py:651} INFO - DAG(s) dict_keys(['example_branch_dop_operator_v3']) retrieved from /home/airflow/.local/lib/python3.7/site-packages/airflow/example_dags/example_branch_python_dop_operator_3.py
[2023-04-02 17:57:02,169] {logging_mixin.py:115} INFO - [2023-04-02 17:57:02,168] {dag.py:2371} INFO - Sync 1 DAGs
[2023-04-02 17:57:02,196] {logging_mixin.py:115} INFO - [2023-04-02 17:57:02,196] {dag.py:2919} INFO - Setting next_dagrun for example_branch_dop_operator_v3 to 2023-04-02T17:56:00+00:00, run_after=2023-04-02T17:57:00+00:00
[2023-04-02 17:57:02,217] {processor.py:161} INFO - Processing /home/airflow/.local/lib/python3.7/site-packages/airflow/example_dags/example_branch_python_dop_operator_3.py took 0.097 seconds
[2023-04-02 17:57:32,339] {processor.py:153} INFO - Started process (PID=310) to work on /home/airflow/.local/lib/python3.7/site-packages/airflow/example_dags/example_branch_python_dop_operator_3.py
[2023-04-02 17:57:32,341] {processor.py:641} INFO - Processing file /home/airflow/.local/lib/python3.7/site-packages/airflow/example_dags/example_branch_python_dop_operator_3.py for tasks to queue
[2023-04-02 17:57:32,342] {logging_mixin.py:115} INFO - [2023-04-02 17:57:32,342] {dagbag.py:507} INFO - Filling up the DagBag from /home/airflow/.local/lib/python3.7/site-packages/airflow/example_dags/example_branch_python_dop_operator_3.py
[2023-04-02 17:57:32,354] {processor.py:651} INFO - DAG(s) dict_keys(['example_branch_dop_operator_v3']) retrieved from /home/airflow/.local/lib/python3.7/site-packages/airflow/example_dags/example_branch_python_dop_operator_3.py
[2023-04-02 17:57:32,387] {logging_mixin.py:115} INFO - [2023-04-02 17:57:32,387] {dag.py:2371} INFO - Sync 1 DAGs
[2023-04-02 17:57:32,420] {logging_mixin.py:115} INFO - [2023-04-02 17:57:32,420] {dag.py:2919} INFO - Setting next_dagrun for example_branch_dop_operator_v3 to 2023-04-02T17:56:00+00:00, run_after=2023-04-02T17:57:00+00:00
[2023-04-02 17:57:32,438] {processor.py:161} INFO - Processing /home/airflow/.local/lib/python3.7/site-packages/airflow/example_dags/example_branch_python_dop_operator_3.py took 0.103 seconds
[2023-04-02 17:58:03,390] {processor.py:153} INFO - Started process (PID=371) to work on /home/airflow/.local/lib/python3.7/site-packages/airflow/example_dags/example_branch_python_dop_operator_3.py
[2023-04-02 17:58:03,391] {processor.py:641} INFO - Processing file /home/airflow/.local/lib/python3.7/site-packages/airflow/example_dags/example_branch_python_dop_operator_3.py for tasks to queue
[2023-04-02 17:58:03,392] {logging_mixin.py:115} INFO - [2023-04-02 17:58:03,392] {dagbag.py:507} INFO - Filling up the DagBag from /home/airflow/.local/lib/python3.7/site-packages/airflow/example_dags/example_branch_python_dop_operator_3.py
[2023-04-02 17:58:03,404] {processor.py:651} INFO - DAG(s) dict_keys(['example_branch_dop_operator_v3']) retrieved from /home/airflow/.local/lib/python3.7/site-packages/airflow/example_dags/example_branch_python_dop_operator_3.py
[2023-04-02 17:58:03,431] {logging_mixin.py:115} INFO - [2023-04-02 17:58:03,431] {dag.py:2371} INFO - Sync 1 DAGs
[2023-04-02 17:58:03,459] {logging_mixin.py:115} INFO - [2023-04-02 17:58:03,459] {dag.py:2919} INFO - Setting next_dagrun for example_branch_dop_operator_v3 to 2023-04-02T17:57:00+00:00, run_after=2023-04-02T17:58:00+00:00
[2023-04-02 17:58:03,473] {processor.py:161} INFO - Processing /home/airflow/.local/lib/python3.7/site-packages/airflow/example_dags/example_branch_python_dop_operator_3.py took 0.087 seconds
[2023-04-02 17:58:34,379] {processor.py:153} INFO - Started process (PID=433) to work on /home/airflow/.local/lib/python3.7/site-packages/airflow/example_dags/example_branch_python_dop_operator_3.py
[2023-04-02 17:58:34,380] {processor.py:641} INFO - Processing file /home/airflow/.local/lib/python3.7/site-packages/airflow/example_dags/example_branch_python_dop_operator_3.py for tasks to queue
[2023-04-02 17:58:34,382] {logging_mixin.py:115} INFO - [2023-04-02 17:58:34,381] {dagbag.py:507} INFO - Filling up the DagBag from /home/airflow/.local/lib/python3.7/site-packages/airflow/example_dags/example_branch_python_dop_operator_3.py
[2023-04-02 17:58:34,393] {processor.py:651} INFO - DAG(s) dict_keys(['example_branch_dop_operator_v3']) retrieved from /home/airflow/.local/lib/python3.7/site-packages/airflow/example_dags/example_branch_python_dop_operator_3.py
[2023-04-02 17:58:34,423] {logging_mixin.py:115} INFO - [2023-04-02 17:58:34,423] {dag.py:2371} INFO - Sync 1 DAGs
[2023-04-02 17:58:34,454] {logging_mixin.py:115} INFO - [2023-04-02 17:58:34,454] {dag.py:2919} INFO - Setting next_dagrun for example_branch_dop_operator_v3 to 2023-04-02T17:57:00+00:00, run_after=2023-04-02T17:58:00+00:00
[2023-04-02 17:58:34,469] {processor.py:161} INFO - Processing /home/airflow/.local/lib/python3.7/site-packages/airflow/example_dags/example_branch_python_dop_operator_3.py took 0.094 seconds
[2023-04-02 17:59:05,376] {processor.py:153} INFO - Started process (PID=485) to work on /home/airflow/.local/lib/python3.7/site-packages/airflow/example_dags/example_branch_python_dop_operator_3.py
[2023-04-02 17:59:05,377] {processor.py:641} INFO - Processing file /home/airflow/.local/lib/python3.7/site-packages/airflow/example_dags/example_branch_python_dop_operator_3.py for tasks to queue
[2023-04-02 17:59:05,378] {logging_mixin.py:115} INFO - [2023-04-02 17:59:05,378] {dagbag.py:507} INFO - Filling up the DagBag from /home/airflow/.local/lib/python3.7/site-packages/airflow/example_dags/example_branch_python_dop_operator_3.py
[2023-04-02 17:59:05,390] {processor.py:651} INFO - DAG(s) dict_keys(['example_branch_dop_operator_v3']) retrieved from /home/airflow/.local/lib/python3.7/site-packages/airflow/example_dags/example_branch_python_dop_operator_3.py
[2023-04-02 17:59:05,419] {logging_mixin.py:115} INFO - [2023-04-02 17:59:05,419] {dag.py:2371} INFO - Sync 1 DAGs
[2023-04-02 17:59:05,448] {logging_mixin.py:115} INFO - [2023-04-02 17:59:05,448] {dag.py:2919} INFO - Setting next_dagrun for example_branch_dop_operator_v3 to 2023-04-02T17:58:00+00:00, run_after=2023-04-02T17:59:00+00:00
[2023-04-02 17:59:05,464] {processor.py:161} INFO - Processing /home/airflow/.local/lib/python3.7/site-packages/airflow/example_dags/example_branch_python_dop_operator_3.py took 0.093 seconds
[2023-04-02 17:59:35,660] {processor.py:153} INFO - Started process (PID=545) to work on /home/airflow/.local/lib/python3.7/site-packages/airflow/example_dags/example_branch_python_dop_operator_3.py
[2023-04-02 17:59:35,662] {processor.py:641} INFO - Processing file /home/airflow/.local/lib/python3.7/site-packages/airflow/example_dags/example_branch_python_dop_operator_3.py for tasks to queue
[2023-04-02 17:59:35,663] {logging_mixin.py:115} INFO - [2023-04-02 17:59:35,663] {dagbag.py:507} INFO - Filling up the DagBag from /home/airflow/.local/lib/python3.7/site-packages/airflow/example_dags/example_branch_python_dop_operator_3.py
[2023-04-02 17:59:35,676] {processor.py:651} INFO - DAG(s) dict_keys(['example_branch_dop_operator_v3']) retrieved from /home/airflow/.local/lib/python3.7/site-packages/airflow/example_dags/example_branch_python_dop_operator_3.py
[2023-04-02 17:59:35,704] {logging_mixin.py:115} INFO - [2023-04-02 17:59:35,704] {dag.py:2371} INFO - Sync 1 DAGs
[2023-04-02 17:59:35,732] {logging_mixin.py:115} INFO - [2023-04-02 17:59:35,732] {dag.py:2919} INFO - Setting next_dagrun for example_branch_dop_operator_v3 to 2023-04-02T17:58:00+00:00, run_after=2023-04-02T17:59:00+00:00
[2023-04-02 17:59:35,748] {processor.py:161} INFO - Processing /home/airflow/.local/lib/python3.7/site-packages/airflow/example_dags/example_branch_python_dop_operator_3.py took 0.092 seconds
[2023-04-02 18:00:06,311] {processor.py:153} INFO - Started process (PID=607) to work on /home/airflow/.local/lib/python3.7/site-packages/airflow/example_dags/example_branch_python_dop_operator_3.py
[2023-04-02 18:00:06,312] {processor.py:641} INFO - Processing file /home/airflow/.local/lib/python3.7/site-packages/airflow/example_dags/example_branch_python_dop_operator_3.py for tasks to queue
[2023-04-02 18:00:06,314] {logging_mixin.py:115} INFO - [2023-04-02 18:00:06,314] {dagbag.py:507} INFO - Filling up the DagBag from /home/airflow/.local/lib/python3.7/site-packages/airflow/example_dags/example_branch_python_dop_operator_3.py
[2023-04-02 18:00:06,325] {processor.py:651} INFO - DAG(s) dict_keys(['example_branch_dop_operator_v3']) retrieved from /home/airflow/.local/lib/python3.7/site-packages/airflow/example_dags/example_branch_python_dop_operator_3.py
[2023-04-02 18:00:06,355] {logging_mixin.py:115} INFO - [2023-04-02 18:00:06,355] {dag.py:2371} INFO - Sync 1 DAGs
[2023-04-02 18:00:06,384] {logging_mixin.py:115} INFO - [2023-04-02 18:00:06,384] {dag.py:2919} INFO - Setting next_dagrun for example_branch_dop_operator_v3 to 2023-04-02T17:59:00+00:00, run_after=2023-04-02T18:00:00+00:00
[2023-04-02 18:00:06,399] {processor.py:161} INFO - Processing /home/airflow/.local/lib/python3.7/site-packages/airflow/example_dags/example_branch_python_dop_operator_3.py took 0.092 seconds
[2023-04-02 18:00:36,508] {processor.py:153} INFO - Started process (PID=660) to work on /home/airflow/.local/lib/python3.7/site-packages/airflow/example_dags/example_branch_python_dop_operator_3.py
[2023-04-02 18:00:36,511] {processor.py:641} INFO - Processing file /home/airflow/.local/lib/python3.7/site-packages/airflow/example_dags/example_branch_python_dop_operator_3.py for tasks to queue
[2023-04-02 18:00:36,513] {logging_mixin.py:115} INFO - [2023-04-02 18:00:36,512] {dagbag.py:507} INFO - Filling up the DagBag from /home/airflow/.local/lib/python3.7/site-packages/airflow/example_dags/example_branch_python_dop_operator_3.py
[2023-04-02 18:00:36,529] {processor.py:651} INFO - DAG(s) dict_keys(['example_branch_dop_operator_v3']) retrieved from /home/airflow/.local/lib/python3.7/site-packages/airflow/example_dags/example_branch_python_dop_operator_3.py
[2023-04-02 18:00:36,569] {logging_mixin.py:115} INFO - [2023-04-02 18:00:36,569] {dag.py:2371} INFO - Sync 1 DAGs
[2023-04-02 18:00:36,609] {logging_mixin.py:115} INFO - [2023-04-02 18:00:36,609] {dag.py:2919} INFO - Setting next_dagrun for example_branch_dop_operator_v3 to 2023-04-02T17:59:00+00:00, run_after=2023-04-02T18:00:00+00:00
[2023-04-02 18:00:36,788] {processor.py:161} INFO - Processing /home/airflow/.local/lib/python3.7/site-packages/airflow/example_dags/example_branch_python_dop_operator_3.py took 0.285 seconds
[2023-04-02 18:01:07,081] {processor.py:153} INFO - Started process (PID=723) to work on /home/airflow/.local/lib/python3.7/site-packages/airflow/example_dags/example_branch_python_dop_operator_3.py
[2023-04-02 18:01:07,082] {processor.py:641} INFO - Processing file /home/airflow/.local/lib/python3.7/site-packages/airflow/example_dags/example_branch_python_dop_operator_3.py for tasks to queue
[2023-04-02 18:01:07,085] {logging_mixin.py:115} INFO - [2023-04-02 18:01:07,085] {dagbag.py:507} INFO - Filling up the DagBag from /home/airflow/.local/lib/python3.7/site-packages/airflow/example_dags/example_branch_python_dop_operator_3.py
[2023-04-02 18:01:07,096] {processor.py:651} INFO - DAG(s) dict_keys(['example_branch_dop_operator_v3']) retrieved from /home/airflow/.local/lib/python3.7/site-packages/airflow/example_dags/example_branch_python_dop_operator_3.py
[2023-04-02 18:01:07,127] {logging_mixin.py:115} INFO - [2023-04-02 18:01:07,127] {dag.py:2371} INFO - Sync 1 DAGs
[2023-04-02 18:01:07,161] {logging_mixin.py:115} INFO - [2023-04-02 18:01:07,161] {dag.py:2919} INFO - Setting next_dagrun for example_branch_dop_operator_v3 to 2023-04-02T18:00:00+00:00, run_after=2023-04-02T18:01:00+00:00
[2023-04-02 18:01:07,297] {processor.py:161} INFO - Processing /home/airflow/.local/lib/python3.7/site-packages/airflow/example_dags/example_branch_python_dop_operator_3.py took 0.221 seconds
[2023-04-02 18:01:37,444] {processor.py:153} INFO - Started process (PID=790) to work on /home/airflow/.local/lib/python3.7/site-packages/airflow/example_dags/example_branch_python_dop_operator_3.py
[2023-04-02 18:01:37,445] {processor.py:641} INFO - Processing file /home/airflow/.local/lib/python3.7/site-packages/airflow/example_dags/example_branch_python_dop_operator_3.py for tasks to queue
[2023-04-02 18:01:37,447] {logging_mixin.py:115} INFO - [2023-04-02 18:01:37,447] {dagbag.py:507} INFO - Filling up the DagBag from /home/airflow/.local/lib/python3.7/site-packages/airflow/example_dags/example_branch_python_dop_operator_3.py
[2023-04-02 18:01:37,459] {processor.py:651} INFO - DAG(s) dict_keys(['example_branch_dop_operator_v3']) retrieved from /home/airflow/.local/lib/python3.7/site-packages/airflow/example_dags/example_branch_python_dop_operator_3.py
[2023-04-02 18:01:37,493] {logging_mixin.py:115} INFO - [2023-04-02 18:01:37,492] {dag.py:2371} INFO - Sync 1 DAGs
[2023-04-02 18:01:37,532] {logging_mixin.py:115} INFO - [2023-04-02 18:01:37,532] {dag.py:2919} INFO - Setting next_dagrun for example_branch_dop_operator_v3 to 2023-04-02T18:00:00+00:00, run_after=2023-04-02T18:01:00+00:00
[2023-04-02 18:01:37,659] {processor.py:161} INFO - Processing /home/airflow/.local/lib/python3.7/site-packages/airflow/example_dags/example_branch_python_dop_operator_3.py took 0.220 seconds
[2023-04-02 18:02:07,783] {processor.py:153} INFO - Started process (PID=844) to work on /home/airflow/.local/lib/python3.7/site-packages/airflow/example_dags/example_branch_python_dop_operator_3.py
[2023-04-02 18:02:07,784] {processor.py:641} INFO - Processing file /home/airflow/.local/lib/python3.7/site-packages/airflow/example_dags/example_branch_python_dop_operator_3.py for tasks to queue
[2023-04-02 18:02:07,785] {logging_mixin.py:115} INFO - [2023-04-02 18:02:07,785] {dagbag.py:507} INFO - Filling up the DagBag from /home/airflow/.local/lib/python3.7/site-packages/airflow/example_dags/example_branch_python_dop_operator_3.py
[2023-04-02 18:02:07,797] {processor.py:651} INFO - DAG(s) dict_keys(['example_branch_dop_operator_v3']) retrieved from /home/airflow/.local/lib/python3.7/site-packages/airflow/example_dags/example_branch_python_dop_operator_3.py
[2023-04-02 18:02:07,824] {logging_mixin.py:115} INFO - [2023-04-02 18:02:07,824] {dag.py:2371} INFO - Sync 1 DAGs
[2023-04-02 18:02:07,854] {logging_mixin.py:115} INFO - [2023-04-02 18:02:07,854] {dag.py:2919} INFO - Setting next_dagrun for example_branch_dop_operator_v3 to 2023-04-02T18:01:00+00:00, run_after=2023-04-02T18:02:00+00:00
[2023-04-02 18:02:07,987] {processor.py:161} INFO - Processing /home/airflow/.local/lib/python3.7/site-packages/airflow/example_dags/example_branch_python_dop_operator_3.py took 0.208 seconds
[2023-04-02 18:02:38,208] {processor.py:153} INFO - Started process (PID=907) to work on /home/airflow/.local/lib/python3.7/site-packages/airflow/example_dags/example_branch_python_dop_operator_3.py
[2023-04-02 18:02:38,209] {processor.py:641} INFO - Processing file /home/airflow/.local/lib/python3.7/site-packages/airflow/example_dags/example_branch_python_dop_operator_3.py for tasks to queue
[2023-04-02 18:02:38,212] {logging_mixin.py:115} INFO - [2023-04-02 18:02:38,212] {dagbag.py:507} INFO - Filling up the DagBag from /home/airflow/.local/lib/python3.7/site-packages/airflow/example_dags/example_branch_python_dop_operator_3.py
[2023-04-02 18:02:38,227] {processor.py:651} INFO - DAG(s) dict_keys(['example_branch_dop_operator_v3']) retrieved from /home/airflow/.local/lib/python3.7/site-packages/airflow/example_dags/example_branch_python_dop_operator_3.py
[2023-04-02 18:02:38,261] {logging_mixin.py:115} INFO - [2023-04-02 18:02:38,261] {dag.py:2371} INFO - Sync 1 DAGs
[2023-04-02 18:02:38,296] {logging_mixin.py:115} INFO - [2023-04-02 18:02:38,295] {dag.py:2919} INFO - Setting next_dagrun for example_branch_dop_operator_v3 to 2023-04-02T18:01:00+00:00, run_after=2023-04-02T18:02:00+00:00
[2023-04-02 18:02:38,423] {processor.py:161} INFO - Processing /home/airflow/.local/lib/python3.7/site-packages/airflow/example_dags/example_branch_python_dop_operator_3.py took 0.220 seconds
[2023-04-02 18:03:08,904] {processor.py:153} INFO - Started process (PID=971) to work on /home/airflow/.local/lib/python3.7/site-packages/airflow/example_dags/example_branch_python_dop_operator_3.py
[2023-04-02 18:03:08,906] {processor.py:641} INFO - Processing file /home/airflow/.local/lib/python3.7/site-packages/airflow/example_dags/example_branch_python_dop_operator_3.py for tasks to queue
[2023-04-02 18:03:08,907] {logging_mixin.py:115} INFO - [2023-04-02 18:03:08,907] {dagbag.py:507} INFO - Filling up the DagBag from /home/airflow/.local/lib/python3.7/site-packages/airflow/example_dags/example_branch_python_dop_operator_3.py
[2023-04-02 18:03:08,918] {processor.py:651} INFO - DAG(s) dict_keys(['example_branch_dop_operator_v3']) retrieved from /home/airflow/.local/lib/python3.7/site-packages/airflow/example_dags/example_branch_python_dop_operator_3.py
[2023-04-02 18:03:08,947] {logging_mixin.py:115} INFO - [2023-04-02 18:03:08,947] {dag.py:2371} INFO - Sync 1 DAGs
[2023-04-02 18:03:08,978] {logging_mixin.py:115} INFO - [2023-04-02 18:03:08,978] {dag.py:2919} INFO - Setting next_dagrun for example_branch_dop_operator_v3 to 2023-04-02T18:02:00+00:00, run_after=2023-04-02T18:03:00+00:00
[2023-04-02 18:03:09,108] {processor.py:161} INFO - Processing /home/airflow/.local/lib/python3.7/site-packages/airflow/example_dags/example_branch_python_dop_operator_3.py took 0.207 seconds
[2023-04-02 18:03:39,418] {processor.py:153} INFO - Started process (PID=1034) to work on /home/airflow/.local/lib/python3.7/site-packages/airflow/example_dags/example_branch_python_dop_operator_3.py
[2023-04-02 18:03:39,421] {processor.py:641} INFO - Processing file /home/airflow/.local/lib/python3.7/site-packages/airflow/example_dags/example_branch_python_dop_operator_3.py for tasks to queue
[2023-04-02 18:03:39,422] {logging_mixin.py:115} INFO - [2023-04-02 18:03:39,422] {dagbag.py:507} INFO - Filling up the DagBag from /home/airflow/.local/lib/python3.7/site-packages/airflow/example_dags/example_branch_python_dop_operator_3.py
[2023-04-02 18:03:39,434] {processor.py:651} INFO - DAG(s) dict_keys(['example_branch_dop_operator_v3']) retrieved from /home/airflow/.local/lib/python3.7/site-packages/airflow/example_dags/example_branch_python_dop_operator_3.py
[2023-04-02 18:03:39,463] {logging_mixin.py:115} INFO - [2023-04-02 18:03:39,463] {dag.py:2371} INFO - Sync 1 DAGs
[2023-04-02 18:03:39,494] {logging_mixin.py:115} INFO - [2023-04-02 18:03:39,494] {dag.py:2919} INFO - Setting next_dagrun for example_branch_dop_operator_v3 to 2023-04-02T18:02:00+00:00, run_after=2023-04-02T18:03:00+00:00
[2023-04-02 18:03:39,628] {processor.py:161} INFO - Processing /home/airflow/.local/lib/python3.7/site-packages/airflow/example_dags/example_branch_python_dop_operator_3.py took 0.214 seconds
[2023-04-02 18:04:09,875] {processor.py:153} INFO - Started process (PID=1088) to work on /home/airflow/.local/lib/python3.7/site-packages/airflow/example_dags/example_branch_python_dop_operator_3.py
[2023-04-02 18:04:09,877] {processor.py:641} INFO - Processing file /home/airflow/.local/lib/python3.7/site-packages/airflow/example_dags/example_branch_python_dop_operator_3.py for tasks to queue
[2023-04-02 18:04:09,879] {logging_mixin.py:115} INFO - [2023-04-02 18:04:09,878] {dagbag.py:507} INFO - Filling up the DagBag from /home/airflow/.local/lib/python3.7/site-packages/airflow/example_dags/example_branch_python_dop_operator_3.py
[2023-04-02 18:04:09,892] {processor.py:651} INFO - DAG(s) dict_keys(['example_branch_dop_operator_v3']) retrieved from /home/airflow/.local/lib/python3.7/site-packages/airflow/example_dags/example_branch_python_dop_operator_3.py
[2023-04-02 18:04:09,923] {logging_mixin.py:115} INFO - [2023-04-02 18:04:09,923] {dag.py:2371} INFO - Sync 1 DAGs
[2023-04-02 18:04:09,959] {logging_mixin.py:115} INFO - [2023-04-02 18:04:09,959] {dag.py:2919} INFO - Setting next_dagrun for example_branch_dop_operator_v3 to 2023-04-02T18:03:00+00:00, run_after=2023-04-02T18:04:00+00:00
[2023-04-02 18:04:10,095] {processor.py:161} INFO - Processing /home/airflow/.local/lib/python3.7/site-packages/airflow/example_dags/example_branch_python_dop_operator_3.py took 0.224 seconds
[2023-04-02 18:04:40,441] {processor.py:153} INFO - Started process (PID=1151) to work on /home/airflow/.local/lib/python3.7/site-packages/airflow/example_dags/example_branch_python_dop_operator_3.py
[2023-04-02 18:04:40,442] {processor.py:641} INFO - Processing file /home/airflow/.local/lib/python3.7/site-packages/airflow/example_dags/example_branch_python_dop_operator_3.py for tasks to queue
[2023-04-02 18:04:40,444] {logging_mixin.py:115} INFO - [2023-04-02 18:04:40,444] {dagbag.py:507} INFO - Filling up the DagBag from /home/airflow/.local/lib/python3.7/site-packages/airflow/example_dags/example_branch_python_dop_operator_3.py
[2023-04-02 18:04:40,455] {processor.py:651} INFO - DAG(s) dict_keys(['example_branch_dop_operator_v3']) retrieved from /home/airflow/.local/lib/python3.7/site-packages/airflow/example_dags/example_branch_python_dop_operator_3.py
[2023-04-02 18:04:40,493] {logging_mixin.py:115} INFO - [2023-04-02 18:04:40,493] {dag.py:2371} INFO - Sync 1 DAGs
[2023-04-02 18:04:40,528] {logging_mixin.py:115} INFO - [2023-04-02 18:04:40,528] {dag.py:2919} INFO - Setting next_dagrun for example_branch_dop_operator_v3 to 2023-04-02T18:03:00+00:00, run_after=2023-04-02T18:04:00+00:00
[2023-04-02 18:04:40,673] {processor.py:161} INFO - Processing /home/airflow/.local/lib/python3.7/site-packages/airflow/example_dags/example_branch_python_dop_operator_3.py took 0.237 seconds
[2023-04-02 18:05:11,219] {processor.py:153} INFO - Started process (PID=1214) to work on /home/airflow/.local/lib/python3.7/site-packages/airflow/example_dags/example_branch_python_dop_operator_3.py
[2023-04-02 18:05:11,220] {processor.py:641} INFO - Processing file /home/airflow/.local/lib/python3.7/site-packages/airflow/example_dags/example_branch_python_dop_operator_3.py for tasks to queue
[2023-04-02 18:05:11,222] {logging_mixin.py:115} INFO - [2023-04-02 18:05:11,221] {dagbag.py:507} INFO - Filling up the DagBag from /home/airflow/.local/lib/python3.7/site-packages/airflow/example_dags/example_branch_python_dop_operator_3.py
[2023-04-02 18:05:11,233] {processor.py:651} INFO - DAG(s) dict_keys(['example_branch_dop_operator_v3']) retrieved from /home/airflow/.local/lib/python3.7/site-packages/airflow/example_dags/example_branch_python_dop_operator_3.py
[2023-04-02 18:05:11,264] {logging_mixin.py:115} INFO - [2023-04-02 18:05:11,264] {dag.py:2371} INFO - Sync 1 DAGs
[2023-04-02 18:05:11,295] {logging_mixin.py:115} INFO - [2023-04-02 18:05:11,295] {dag.py:2919} INFO - Setting next_dagrun for example_branch_dop_operator_v3 to 2023-04-02T18:04:00+00:00, run_after=2023-04-02T18:05:00+00:00
[2023-04-02 18:05:11,430] {processor.py:161} INFO - Processing /home/airflow/.local/lib/python3.7/site-packages/airflow/example_dags/example_branch_python_dop_operator_3.py took 0.215 seconds
[2023-04-02 18:05:41,690] {processor.py:153} INFO - Started process (PID=1270) to work on /home/airflow/.local/lib/python3.7/site-packages/airflow/example_dags/example_branch_python_dop_operator_3.py
[2023-04-02 18:05:41,692] {processor.py:641} INFO - Processing file /home/airflow/.local/lib/python3.7/site-packages/airflow/example_dags/example_branch_python_dop_operator_3.py for tasks to queue
[2023-04-02 18:05:41,694] {logging_mixin.py:115} INFO - [2023-04-02 18:05:41,693] {dagbag.py:507} INFO - Filling up the DagBag from /home/airflow/.local/lib/python3.7/site-packages/airflow/example_dags/example_branch_python_dop_operator_3.py
[2023-04-02 18:05:41,708] {processor.py:651} INFO - DAG(s) dict_keys(['example_branch_dop_operator_v3']) retrieved from /home/airflow/.local/lib/python3.7/site-packages/airflow/example_dags/example_branch_python_dop_operator_3.py
[2023-04-02 18:05:41,743] {logging_mixin.py:115} INFO - [2023-04-02 18:05:41,742] {dag.py:2371} INFO - Sync 1 DAGs
[2023-04-02 18:05:41,902] {logging_mixin.py:115} INFO - [2023-04-02 18:05:41,902] {dag.py:2919} INFO - Setting next_dagrun for example_branch_dop_operator_v3 to 2023-04-02T18:04:00+00:00, run_after=2023-04-02T18:05:00+00:00
[2023-04-02 18:05:41,917] {processor.py:161} INFO - Processing /home/airflow/.local/lib/python3.7/site-packages/airflow/example_dags/example_branch_python_dop_operator_3.py took 0.232 seconds
[2023-04-02 18:06:12,408] {processor.py:153} INFO - Started process (PID=1334) to work on /home/airflow/.local/lib/python3.7/site-packages/airflow/example_dags/example_branch_python_dop_operator_3.py
[2023-04-02 18:06:12,409] {processor.py:641} INFO - Processing file /home/airflow/.local/lib/python3.7/site-packages/airflow/example_dags/example_branch_python_dop_operator_3.py for tasks to queue
[2023-04-02 18:06:12,410] {logging_mixin.py:115} INFO - [2023-04-02 18:06:12,410] {dagbag.py:507} INFO - Filling up the DagBag from /home/airflow/.local/lib/python3.7/site-packages/airflow/example_dags/example_branch_python_dop_operator_3.py
[2023-04-02 18:06:12,422] {processor.py:651} INFO - DAG(s) dict_keys(['example_branch_dop_operator_v3']) retrieved from /home/airflow/.local/lib/python3.7/site-packages/airflow/example_dags/example_branch_python_dop_operator_3.py
[2023-04-02 18:06:12,451] {logging_mixin.py:115} INFO - [2023-04-02 18:06:12,450] {dag.py:2371} INFO - Sync 1 DAGs
[2023-04-02 18:06:12,616] {logging_mixin.py:115} INFO - [2023-04-02 18:06:12,616] {dag.py:2919} INFO - Setting next_dagrun for example_branch_dop_operator_v3 to 2023-04-02T18:05:00+00:00, run_after=2023-04-02T18:06:00+00:00
[2023-04-02 18:06:12,632] {processor.py:161} INFO - Processing /home/airflow/.local/lib/python3.7/site-packages/airflow/example_dags/example_branch_python_dop_operator_3.py took 0.227 seconds
[2023-04-02 18:06:43,314] {processor.py:153} INFO - Started process (PID=1397) to work on /home/airflow/.local/lib/python3.7/site-packages/airflow/example_dags/example_branch_python_dop_operator_3.py
[2023-04-02 18:06:43,315] {processor.py:641} INFO - Processing file /home/airflow/.local/lib/python3.7/site-packages/airflow/example_dags/example_branch_python_dop_operator_3.py for tasks to queue
[2023-04-02 18:06:43,317] {logging_mixin.py:115} INFO - [2023-04-02 18:06:43,317] {dagbag.py:507} INFO - Filling up the DagBag from /home/airflow/.local/lib/python3.7/site-packages/airflow/example_dags/example_branch_python_dop_operator_3.py
[2023-04-02 18:06:43,328] {processor.py:651} INFO - DAG(s) dict_keys(['example_branch_dop_operator_v3']) retrieved from /home/airflow/.local/lib/python3.7/site-packages/airflow/example_dags/example_branch_python_dop_operator_3.py
[2023-04-02 18:06:43,357] {logging_mixin.py:115} INFO - [2023-04-02 18:06:43,357] {dag.py:2371} INFO - Sync 1 DAGs
[2023-04-02 18:06:43,513] {logging_mixin.py:115} INFO - [2023-04-02 18:06:43,513] {dag.py:2919} INFO - Setting next_dagrun for example_branch_dop_operator_v3 to 2023-04-02T18:05:00+00:00, run_after=2023-04-02T18:06:00+00:00
[2023-04-02 18:06:43,527] {processor.py:161} INFO - Processing /home/airflow/.local/lib/python3.7/site-packages/airflow/example_dags/example_branch_python_dop_operator_3.py took 0.217 seconds
[2023-04-02 18:07:14,116] {processor.py:153} INFO - Started process (PID=1450) to work on /home/airflow/.local/lib/python3.7/site-packages/airflow/example_dags/example_branch_python_dop_operator_3.py
[2023-04-02 18:07:14,117] {processor.py:641} INFO - Processing file /home/airflow/.local/lib/python3.7/site-packages/airflow/example_dags/example_branch_python_dop_operator_3.py for tasks to queue
[2023-04-02 18:07:14,118] {logging_mixin.py:115} INFO - [2023-04-02 18:07:14,118] {dagbag.py:507} INFO - Filling up the DagBag from /home/airflow/.local/lib/python3.7/site-packages/airflow/example_dags/example_branch_python_dop_operator_3.py
[2023-04-02 18:07:14,131] {processor.py:651} INFO - DAG(s) dict_keys(['example_branch_dop_operator_v3']) retrieved from /home/airflow/.local/lib/python3.7/site-packages/airflow/example_dags/example_branch_python_dop_operator_3.py
[2023-04-02 18:07:14,160] {logging_mixin.py:115} INFO - [2023-04-02 18:07:14,160] {dag.py:2371} INFO - Sync 1 DAGs
[2023-04-02 18:07:14,314] {logging_mixin.py:115} INFO - [2023-04-02 18:07:14,314] {dag.py:2919} INFO - Setting next_dagrun for example_branch_dop_operator_v3 to 2023-04-02T18:06:00+00:00, run_after=2023-04-02T18:07:00+00:00
[2023-04-02 18:07:14,327] {processor.py:161} INFO - Processing /home/airflow/.local/lib/python3.7/site-packages/airflow/example_dags/example_branch_python_dop_operator_3.py took 0.216 seconds
[2023-04-02 18:07:44,933] {processor.py:153} INFO - Started process (PID=1514) to work on /home/airflow/.local/lib/python3.7/site-packages/airflow/example_dags/example_branch_python_dop_operator_3.py
[2023-04-02 18:07:44,935] {processor.py:641} INFO - Processing file /home/airflow/.local/lib/python3.7/site-packages/airflow/example_dags/example_branch_python_dop_operator_3.py for tasks to queue
[2023-04-02 18:07:44,936] {logging_mixin.py:115} INFO - [2023-04-02 18:07:44,936] {dagbag.py:507} INFO - Filling up the DagBag from /home/airflow/.local/lib/python3.7/site-packages/airflow/example_dags/example_branch_python_dop_operator_3.py
[2023-04-02 18:07:44,947] {processor.py:651} INFO - DAG(s) dict_keys(['example_branch_dop_operator_v3']) retrieved from /home/airflow/.local/lib/python3.7/site-packages/airflow/example_dags/example_branch_python_dop_operator_3.py
[2023-04-02 18:07:44,975] {logging_mixin.py:115} INFO - [2023-04-02 18:07:44,975] {dag.py:2371} INFO - Sync 1 DAGs
[2023-04-02 18:07:45,121] {logging_mixin.py:115} INFO - [2023-04-02 18:07:45,120] {dag.py:2919} INFO - Setting next_dagrun for example_branch_dop_operator_v3 to 2023-04-02T18:06:00+00:00, run_after=2023-04-02T18:07:00+00:00
[2023-04-02 18:07:45,135] {processor.py:161} INFO - Processing /home/airflow/.local/lib/python3.7/site-packages/airflow/example_dags/example_branch_python_dop_operator_3.py took 0.206 seconds
[2023-04-02 18:08:15,598] {processor.py:153} INFO - Started process (PID=1577) to work on /home/airflow/.local/lib/python3.7/site-packages/airflow/example_dags/example_branch_python_dop_operator_3.py
[2023-04-02 18:08:15,599] {processor.py:641} INFO - Processing file /home/airflow/.local/lib/python3.7/site-packages/airflow/example_dags/example_branch_python_dop_operator_3.py for tasks to queue
[2023-04-02 18:08:15,601] {logging_mixin.py:115} INFO - [2023-04-02 18:08:15,601] {dagbag.py:507} INFO - Filling up the DagBag from /home/airflow/.local/lib/python3.7/site-packages/airflow/example_dags/example_branch_python_dop_operator_3.py
[2023-04-02 18:08:15,615] {processor.py:651} INFO - DAG(s) dict_keys(['example_branch_dop_operator_v3']) retrieved from /home/airflow/.local/lib/python3.7/site-packages/airflow/example_dags/example_branch_python_dop_operator_3.py
[2023-04-02 18:08:15,644] {logging_mixin.py:115} INFO - [2023-04-02 18:08:15,644] {dag.py:2371} INFO - Sync 1 DAGs
[2023-04-02 18:08:15,800] {logging_mixin.py:115} INFO - [2023-04-02 18:08:15,800] {dag.py:2919} INFO - Setting next_dagrun for example_branch_dop_operator_v3 to 2023-04-02T18:07:00+00:00, run_after=2023-04-02T18:08:00+00:00
[2023-04-02 18:08:15,815] {processor.py:161} INFO - Processing /home/airflow/.local/lib/python3.7/site-packages/airflow/example_dags/example_branch_python_dop_operator_3.py took 0.223 seconds
[2023-04-02 18:08:46,131] {processor.py:153} INFO - Started process (PID=1640) to work on /home/airflow/.local/lib/python3.7/site-packages/airflow/example_dags/example_branch_python_dop_operator_3.py
[2023-04-02 18:08:46,133] {processor.py:641} INFO - Processing file /home/airflow/.local/lib/python3.7/site-packages/airflow/example_dags/example_branch_python_dop_operator_3.py for tasks to queue
[2023-04-02 18:08:46,135] {logging_mixin.py:115} INFO - [2023-04-02 18:08:46,135] {dagbag.py:507} INFO - Filling up the DagBag from /home/airflow/.local/lib/python3.7/site-packages/airflow/example_dags/example_branch_python_dop_operator_3.py
[2023-04-02 18:08:46,150] {processor.py:651} INFO - DAG(s) dict_keys(['example_branch_dop_operator_v3']) retrieved from /home/airflow/.local/lib/python3.7/site-packages/airflow/example_dags/example_branch_python_dop_operator_3.py
[2023-04-02 18:08:46,182] {logging_mixin.py:115} INFO - [2023-04-02 18:08:46,182] {dag.py:2371} INFO - Sync 1 DAGs
[2023-04-02 18:08:46,344] {logging_mixin.py:115} INFO - [2023-04-02 18:08:46,344] {dag.py:2919} INFO - Setting next_dagrun for example_branch_dop_operator_v3 to 2023-04-02T18:07:00+00:00, run_after=2023-04-02T18:08:00+00:00
[2023-04-02 18:08:46,359] {processor.py:161} INFO - Processing /home/airflow/.local/lib/python3.7/site-packages/airflow/example_dags/example_branch_python_dop_operator_3.py took 0.232 seconds
[2023-04-02 18:09:16,887] {processor.py:153} INFO - Started process (PID=1694) to work on /home/airflow/.local/lib/python3.7/site-packages/airflow/example_dags/example_branch_python_dop_operator_3.py
[2023-04-02 18:09:16,889] {processor.py:641} INFO - Processing file /home/airflow/.local/lib/python3.7/site-packages/airflow/example_dags/example_branch_python_dop_operator_3.py for tasks to queue
[2023-04-02 18:09:16,891] {logging_mixin.py:115} INFO - [2023-04-02 18:09:16,891] {dagbag.py:507} INFO - Filling up the DagBag from /home/airflow/.local/lib/python3.7/site-packages/airflow/example_dags/example_branch_python_dop_operator_3.py
[2023-04-02 18:09:16,905] {processor.py:651} INFO - DAG(s) dict_keys(['example_branch_dop_operator_v3']) retrieved from /home/airflow/.local/lib/python3.7/site-packages/airflow/example_dags/example_branch_python_dop_operator_3.py
[2023-04-02 18:09:16,935] {logging_mixin.py:115} INFO - [2023-04-02 18:09:16,935] {dag.py:2371} INFO - Sync 1 DAGs
[2023-04-02 18:09:17,102] {logging_mixin.py:115} INFO - [2023-04-02 18:09:17,102] {dag.py:2919} INFO - Setting next_dagrun for example_branch_dop_operator_v3 to 2023-04-02T18:08:00+00:00, run_after=2023-04-02T18:09:00+00:00
[2023-04-02 18:09:17,117] {processor.py:161} INFO - Processing /home/airflow/.local/lib/python3.7/site-packages/airflow/example_dags/example_branch_python_dop_operator_3.py took 0.234 seconds
[2023-04-02 18:09:47,187] {processor.py:153} INFO - Started process (PID=1757) to work on /home/airflow/.local/lib/python3.7/site-packages/airflow/example_dags/example_branch_python_dop_operator_3.py
[2023-04-02 18:09:47,189] {processor.py:641} INFO - Processing file /home/airflow/.local/lib/python3.7/site-packages/airflow/example_dags/example_branch_python_dop_operator_3.py for tasks to queue
[2023-04-02 18:09:47,190] {logging_mixin.py:115} INFO - [2023-04-02 18:09:47,190] {dagbag.py:507} INFO - Filling up the DagBag from /home/airflow/.local/lib/python3.7/site-packages/airflow/example_dags/example_branch_python_dop_operator_3.py
[2023-04-02 18:09:47,204] {processor.py:651} INFO - DAG(s) dict_keys(['example_branch_dop_operator_v3']) retrieved from /home/airflow/.local/lib/python3.7/site-packages/airflow/example_dags/example_branch_python_dop_operator_3.py
[2023-04-02 18:09:47,233] {logging_mixin.py:115} INFO - [2023-04-02 18:09:47,233] {dag.py:2371} INFO - Sync 1 DAGs
[2023-04-02 18:09:47,386] {logging_mixin.py:115} INFO - [2023-04-02 18:09:47,386] {dag.py:2919} INFO - Setting next_dagrun for example_branch_dop_operator_v3 to 2023-04-02T18:08:00+00:00, run_after=2023-04-02T18:09:00+00:00
[2023-04-02 18:09:47,402] {processor.py:161} INFO - Processing /home/airflow/.local/lib/python3.7/site-packages/airflow/example_dags/example_branch_python_dop_operator_3.py took 0.219 seconds
[2023-04-02 18:10:18,159] {processor.py:153} INFO - Started process (PID=1820) to work on /home/airflow/.local/lib/python3.7/site-packages/airflow/example_dags/example_branch_python_dop_operator_3.py
[2023-04-02 18:10:18,160] {processor.py:641} INFO - Processing file /home/airflow/.local/lib/python3.7/site-packages/airflow/example_dags/example_branch_python_dop_operator_3.py for tasks to queue
[2023-04-02 18:10:18,162] {logging_mixin.py:115} INFO - [2023-04-02 18:10:18,162] {dagbag.py:507} INFO - Filling up the DagBag from /home/airflow/.local/lib/python3.7/site-packages/airflow/example_dags/example_branch_python_dop_operator_3.py
[2023-04-02 18:10:18,173] {processor.py:651} INFO - DAG(s) dict_keys(['example_branch_dop_operator_v3']) retrieved from /home/airflow/.local/lib/python3.7/site-packages/airflow/example_dags/example_branch_python_dop_operator_3.py
[2023-04-02 18:10:18,201] {logging_mixin.py:115} INFO - [2023-04-02 18:10:18,201] {dag.py:2371} INFO - Sync 1 DAGs
[2023-04-02 18:10:18,353] {logging_mixin.py:115} INFO - [2023-04-02 18:10:18,353] {dag.py:2919} INFO - Setting next_dagrun for example_branch_dop_operator_v3 to 2023-04-02T18:09:00+00:00, run_after=2023-04-02T18:10:00+00:00
[2023-04-02 18:10:18,365] {processor.py:161} INFO - Processing /home/airflow/.local/lib/python3.7/site-packages/airflow/example_dags/example_branch_python_dop_operator_3.py took 0.210 seconds
[2023-04-02 18:10:48,641] {processor.py:153} INFO - Started process (PID=1883) to work on /home/airflow/.local/lib/python3.7/site-packages/airflow/example_dags/example_branch_python_dop_operator_3.py
[2023-04-02 18:10:48,643] {processor.py:641} INFO - Processing file /home/airflow/.local/lib/python3.7/site-packages/airflow/example_dags/example_branch_python_dop_operator_3.py for tasks to queue
[2023-04-02 18:10:48,644] {logging_mixin.py:115} INFO - [2023-04-02 18:10:48,644] {dagbag.py:507} INFO - Filling up the DagBag from /home/airflow/.local/lib/python3.7/site-packages/airflow/example_dags/example_branch_python_dop_operator_3.py
[2023-04-02 18:10:48,657] {processor.py:651} INFO - DAG(s) dict_keys(['example_branch_dop_operator_v3']) retrieved from /home/airflow/.local/lib/python3.7/site-packages/airflow/example_dags/example_branch_python_dop_operator_3.py
[2023-04-02 18:10:48,691] {logging_mixin.py:115} INFO - [2023-04-02 18:10:48,691] {dag.py:2371} INFO - Sync 1 DAGs
[2023-04-02 18:10:48,725] {logging_mixin.py:115} INFO - [2023-04-02 18:10:48,725] {dag.py:2919} INFO - Setting next_dagrun for example_branch_dop_operator_v3 to 2023-04-02T18:09:00+00:00, run_after=2023-04-02T18:10:00+00:00
[2023-04-02 18:10:48,739] {processor.py:161} INFO - Processing /home/airflow/.local/lib/python3.7/site-packages/airflow/example_dags/example_branch_python_dop_operator_3.py took 0.102 seconds
[2023-04-02 18:11:19,048] {processor.py:153} INFO - Started process (PID=1937) to work on /home/airflow/.local/lib/python3.7/site-packages/airflow/example_dags/example_branch_python_dop_operator_3.py
[2023-04-02 18:11:19,049] {processor.py:641} INFO - Processing file /home/airflow/.local/lib/python3.7/site-packages/airflow/example_dags/example_branch_python_dop_operator_3.py for tasks to queue
[2023-04-02 18:11:19,050] {logging_mixin.py:115} INFO - [2023-04-02 18:11:19,050] {dagbag.py:507} INFO - Filling up the DagBag from /home/airflow/.local/lib/python3.7/site-packages/airflow/example_dags/example_branch_python_dop_operator_3.py
[2023-04-02 18:11:19,062] {processor.py:651} INFO - DAG(s) dict_keys(['example_branch_dop_operator_v3']) retrieved from /home/airflow/.local/lib/python3.7/site-packages/airflow/example_dags/example_branch_python_dop_operator_3.py
[2023-04-02 18:11:19,090] {logging_mixin.py:115} INFO - [2023-04-02 18:11:19,090] {dag.py:2371} INFO - Sync 1 DAGs
[2023-04-02 18:11:19,121] {logging_mixin.py:115} INFO - [2023-04-02 18:11:19,121] {dag.py:2919} INFO - Setting next_dagrun for example_branch_dop_operator_v3 to 2023-04-02T18:10:00+00:00, run_after=2023-04-02T18:11:00+00:00
[2023-04-02 18:11:19,134] {processor.py:161} INFO - Processing /home/airflow/.local/lib/python3.7/site-packages/airflow/example_dags/example_branch_python_dop_operator_3.py took 0.090 seconds
[2023-04-02 18:11:49,594] {processor.py:153} INFO - Started process (PID=2000) to work on /home/airflow/.local/lib/python3.7/site-packages/airflow/example_dags/example_branch_python_dop_operator_3.py
[2023-04-02 18:11:49,595] {processor.py:641} INFO - Processing file /home/airflow/.local/lib/python3.7/site-packages/airflow/example_dags/example_branch_python_dop_operator_3.py for tasks to queue
[2023-04-02 18:11:49,597] {logging_mixin.py:115} INFO - [2023-04-02 18:11:49,597] {dagbag.py:507} INFO - Filling up the DagBag from /home/airflow/.local/lib/python3.7/site-packages/airflow/example_dags/example_branch_python_dop_operator_3.py
[2023-04-02 18:11:49,608] {processor.py:651} INFO - DAG(s) dict_keys(['example_branch_dop_operator_v3']) retrieved from /home/airflow/.local/lib/python3.7/site-packages/airflow/example_dags/example_branch_python_dop_operator_3.py
[2023-04-02 18:11:49,638] {logging_mixin.py:115} INFO - [2023-04-02 18:11:49,637] {dag.py:2371} INFO - Sync 1 DAGs
[2023-04-02 18:11:49,668] {logging_mixin.py:115} INFO - [2023-04-02 18:11:49,668] {dag.py:2919} INFO - Setting next_dagrun for example_branch_dop_operator_v3 to 2023-04-02T18:10:00+00:00, run_after=2023-04-02T18:11:00+00:00
[2023-04-02 18:11:49,681] {processor.py:161} INFO - Processing /home/airflow/.local/lib/python3.7/site-packages/airflow/example_dags/example_branch_python_dop_operator_3.py took 0.091 seconds
[2023-04-02 18:12:19,962] {processor.py:153} INFO - Started process (PID=2063) to work on /home/airflow/.local/lib/python3.7/site-packages/airflow/example_dags/example_branch_python_dop_operator_3.py
[2023-04-02 18:12:19,963] {processor.py:641} INFO - Processing file /home/airflow/.local/lib/python3.7/site-packages/airflow/example_dags/example_branch_python_dop_operator_3.py for tasks to queue
[2023-04-02 18:12:19,965] {logging_mixin.py:115} INFO - [2023-04-02 18:12:19,964] {dagbag.py:507} INFO - Filling up the DagBag from /home/airflow/.local/lib/python3.7/site-packages/airflow/example_dags/example_branch_python_dop_operator_3.py
[2023-04-02 18:12:19,976] {processor.py:651} INFO - DAG(s) dict_keys(['example_branch_dop_operator_v3']) retrieved from /home/airflow/.local/lib/python3.7/site-packages/airflow/example_dags/example_branch_python_dop_operator_3.py
[2023-04-02 18:12:20,006] {logging_mixin.py:115} INFO - [2023-04-02 18:12:20,006] {dag.py:2371} INFO - Sync 1 DAGs
[2023-04-02 18:12:20,042] {logging_mixin.py:115} INFO - [2023-04-02 18:12:20,042] {dag.py:2919} INFO - Setting next_dagrun for example_branch_dop_operator_v3 to 2023-04-02T18:11:00+00:00, run_after=2023-04-02T18:12:00+00:00
[2023-04-02 18:12:20,055] {processor.py:161} INFO - Processing /home/airflow/.local/lib/python3.7/site-packages/airflow/example_dags/example_branch_python_dop_operator_3.py took 0.097 seconds
[2023-04-02 18:12:50,439] {processor.py:153} INFO - Started process (PID=2117) to work on /home/airflow/.local/lib/python3.7/site-packages/airflow/example_dags/example_branch_python_dop_operator_3.py
[2023-04-02 18:12:50,441] {processor.py:641} INFO - Processing file /home/airflow/.local/lib/python3.7/site-packages/airflow/example_dags/example_branch_python_dop_operator_3.py for tasks to queue
[2023-04-02 18:12:50,442] {logging_mixin.py:115} INFO - [2023-04-02 18:12:50,442] {dagbag.py:507} INFO - Filling up the DagBag from /home/airflow/.local/lib/python3.7/site-packages/airflow/example_dags/example_branch_python_dop_operator_3.py
[2023-04-02 18:12:50,454] {processor.py:651} INFO - DAG(s) dict_keys(['example_branch_dop_operator_v3']) retrieved from /home/airflow/.local/lib/python3.7/site-packages/airflow/example_dags/example_branch_python_dop_operator_3.py
[2023-04-02 18:12:50,484] {logging_mixin.py:115} INFO - [2023-04-02 18:12:50,483] {dag.py:2371} INFO - Sync 1 DAGs
[2023-04-02 18:12:50,517] {logging_mixin.py:115} INFO - [2023-04-02 18:12:50,517] {dag.py:2919} INFO - Setting next_dagrun for example_branch_dop_operator_v3 to 2023-04-02T18:11:00+00:00, run_after=2023-04-02T18:12:00+00:00
[2023-04-02 18:12:50,529] {processor.py:161} INFO - Processing /home/airflow/.local/lib/python3.7/site-packages/airflow/example_dags/example_branch_python_dop_operator_3.py took 0.094 seconds
[2023-04-02 18:13:20,701] {processor.py:153} INFO - Started process (PID=2180) to work on /home/airflow/.local/lib/python3.7/site-packages/airflow/example_dags/example_branch_python_dop_operator_3.py
[2023-04-02 18:13:20,703] {processor.py:641} INFO - Processing file /home/airflow/.local/lib/python3.7/site-packages/airflow/example_dags/example_branch_python_dop_operator_3.py for tasks to queue
[2023-04-02 18:13:20,705] {logging_mixin.py:115} INFO - [2023-04-02 18:13:20,705] {dagbag.py:507} INFO - Filling up the DagBag from /home/airflow/.local/lib/python3.7/site-packages/airflow/example_dags/example_branch_python_dop_operator_3.py
[2023-04-02 18:13:20,717] {processor.py:651} INFO - DAG(s) dict_keys(['example_branch_dop_operator_v3']) retrieved from /home/airflow/.local/lib/python3.7/site-packages/airflow/example_dags/example_branch_python_dop_operator_3.py
[2023-04-02 18:13:20,752] {logging_mixin.py:115} INFO - [2023-04-02 18:13:20,752] {dag.py:2371} INFO - Sync 1 DAGs
[2023-04-02 18:13:20,795] {logging_mixin.py:115} INFO - [2023-04-02 18:13:20,795] {dag.py:2919} INFO - Setting next_dagrun for example_branch_dop_operator_v3 to 2023-04-02T18:12:00+00:00, run_after=2023-04-02T18:13:00+00:00
[2023-04-02 18:13:20,809] {processor.py:161} INFO - Processing /home/airflow/.local/lib/python3.7/site-packages/airflow/example_dags/example_branch_python_dop_operator_3.py took 0.112 seconds
[2023-04-02 18:13:51,090] {processor.py:153} INFO - Started process (PID=2243) to work on /home/airflow/.local/lib/python3.7/site-packages/airflow/example_dags/example_branch_python_dop_operator_3.py
[2023-04-02 18:13:51,091] {processor.py:641} INFO - Processing file /home/airflow/.local/lib/python3.7/site-packages/airflow/example_dags/example_branch_python_dop_operator_3.py for tasks to queue
[2023-04-02 18:13:51,093] {logging_mixin.py:115} INFO - [2023-04-02 18:13:51,092] {dagbag.py:507} INFO - Filling up the DagBag from /home/airflow/.local/lib/python3.7/site-packages/airflow/example_dags/example_branch_python_dop_operator_3.py
[2023-04-02 18:13:51,104] {processor.py:651} INFO - DAG(s) dict_keys(['example_branch_dop_operator_v3']) retrieved from /home/airflow/.local/lib/python3.7/site-packages/airflow/example_dags/example_branch_python_dop_operator_3.py
[2023-04-02 18:13:51,133] {logging_mixin.py:115} INFO - [2023-04-02 18:13:51,133] {dag.py:2371} INFO - Sync 1 DAGs
[2023-04-02 18:13:51,162] {logging_mixin.py:115} INFO - [2023-04-02 18:13:51,162] {dag.py:2919} INFO - Setting next_dagrun for example_branch_dop_operator_v3 to 2023-04-02T18:12:00+00:00, run_after=2023-04-02T18:13:00+00:00
[2023-04-02 18:13:51,175] {processor.py:161} INFO - Processing /home/airflow/.local/lib/python3.7/site-packages/airflow/example_dags/example_branch_python_dop_operator_3.py took 0.089 seconds
[2023-04-02 18:14:21,362] {processor.py:153} INFO - Started process (PID=2297) to work on /home/airflow/.local/lib/python3.7/site-packages/airflow/example_dags/example_branch_python_dop_operator_3.py
[2023-04-02 18:14:21,364] {processor.py:641} INFO - Processing file /home/airflow/.local/lib/python3.7/site-packages/airflow/example_dags/example_branch_python_dop_operator_3.py for tasks to queue
[2023-04-02 18:14:21,365] {logging_mixin.py:115} INFO - [2023-04-02 18:14:21,365] {dagbag.py:507} INFO - Filling up the DagBag from /home/airflow/.local/lib/python3.7/site-packages/airflow/example_dags/example_branch_python_dop_operator_3.py
[2023-04-02 18:14:21,376] {processor.py:651} INFO - DAG(s) dict_keys(['example_branch_dop_operator_v3']) retrieved from /home/airflow/.local/lib/python3.7/site-packages/airflow/example_dags/example_branch_python_dop_operator_3.py
[2023-04-02 18:14:21,405] {logging_mixin.py:115} INFO - [2023-04-02 18:14:21,405] {dag.py:2371} INFO - Sync 1 DAGs
[2023-04-02 18:14:21,435] {logging_mixin.py:115} INFO - [2023-04-02 18:14:21,435] {dag.py:2919} INFO - Setting next_dagrun for example_branch_dop_operator_v3 to 2023-04-02T18:13:00+00:00, run_after=2023-04-02T18:14:00+00:00
[2023-04-02 18:14:21,448] {processor.py:161} INFO - Processing /home/airflow/.local/lib/python3.7/site-packages/airflow/example_dags/example_branch_python_dop_operator_3.py took 0.090 seconds
[2023-04-02 18:14:51,544] {processor.py:153} INFO - Started process (PID=2360) to work on /home/airflow/.local/lib/python3.7/site-packages/airflow/example_dags/example_branch_python_dop_operator_3.py
[2023-04-02 18:14:51,546] {processor.py:641} INFO - Processing file /home/airflow/.local/lib/python3.7/site-packages/airflow/example_dags/example_branch_python_dop_operator_3.py for tasks to queue
[2023-04-02 18:14:51,547] {logging_mixin.py:115} INFO - [2023-04-02 18:14:51,547] {dagbag.py:507} INFO - Filling up the DagBag from /home/airflow/.local/lib/python3.7/site-packages/airflow/example_dags/example_branch_python_dop_operator_3.py
[2023-04-02 18:14:51,558] {processor.py:651} INFO - DAG(s) dict_keys(['example_branch_dop_operator_v3']) retrieved from /home/airflow/.local/lib/python3.7/site-packages/airflow/example_dags/example_branch_python_dop_operator_3.py
[2023-04-02 18:14:51,586] {logging_mixin.py:115} INFO - [2023-04-02 18:14:51,586] {dag.py:2371} INFO - Sync 1 DAGs
[2023-04-02 18:14:51,616] {logging_mixin.py:115} INFO - [2023-04-02 18:14:51,616] {dag.py:2919} INFO - Setting next_dagrun for example_branch_dop_operator_v3 to 2023-04-02T18:13:00+00:00, run_after=2023-04-02T18:14:00+00:00
[2023-04-02 18:14:51,628] {processor.py:161} INFO - Processing /home/airflow/.local/lib/python3.7/site-packages/airflow/example_dags/example_branch_python_dop_operator_3.py took 0.088 seconds
[2023-04-02 18:15:21,848] {processor.py:153} INFO - Started process (PID=2423) to work on /home/airflow/.local/lib/python3.7/site-packages/airflow/example_dags/example_branch_python_dop_operator_3.py
[2023-04-02 18:15:21,849] {processor.py:641} INFO - Processing file /home/airflow/.local/lib/python3.7/site-packages/airflow/example_dags/example_branch_python_dop_operator_3.py for tasks to queue
[2023-04-02 18:15:21,851] {logging_mixin.py:115} INFO - [2023-04-02 18:15:21,851] {dagbag.py:507} INFO - Filling up the DagBag from /home/airflow/.local/lib/python3.7/site-packages/airflow/example_dags/example_branch_python_dop_operator_3.py
[2023-04-02 18:15:21,862] {processor.py:651} INFO - DAG(s) dict_keys(['example_branch_dop_operator_v3']) retrieved from /home/airflow/.local/lib/python3.7/site-packages/airflow/example_dags/example_branch_python_dop_operator_3.py
[2023-04-02 18:15:21,890] {logging_mixin.py:115} INFO - [2023-04-02 18:15:21,890] {dag.py:2371} INFO - Sync 1 DAGs
[2023-04-02 18:15:21,921] {logging_mixin.py:115} INFO - [2023-04-02 18:15:21,921] {dag.py:2919} INFO - Setting next_dagrun for example_branch_dop_operator_v3 to 2023-04-02T18:14:00+00:00, run_after=2023-04-02T18:15:00+00:00
[2023-04-02 18:15:21,933] {processor.py:161} INFO - Processing /home/airflow/.local/lib/python3.7/site-packages/airflow/example_dags/example_branch_python_dop_operator_3.py took 0.089 seconds
[2023-04-02 18:15:52,477] {processor.py:153} INFO - Started process (PID=2483) to work on /home/airflow/.local/lib/python3.7/site-packages/airflow/example_dags/example_branch_python_dop_operator_3.py
[2023-04-02 18:15:52,479] {processor.py:641} INFO - Processing file /home/airflow/.local/lib/python3.7/site-packages/airflow/example_dags/example_branch_python_dop_operator_3.py for tasks to queue
[2023-04-02 18:15:52,480] {logging_mixin.py:115} INFO - [2023-04-02 18:15:52,480] {dagbag.py:507} INFO - Filling up the DagBag from /home/airflow/.local/lib/python3.7/site-packages/airflow/example_dags/example_branch_python_dop_operator_3.py
[2023-04-02 18:15:52,493] {processor.py:651} INFO - DAG(s) dict_keys(['example_branch_dop_operator_v3']) retrieved from /home/airflow/.local/lib/python3.7/site-packages/airflow/example_dags/example_branch_python_dop_operator_3.py
[2023-04-02 18:15:52,524] {logging_mixin.py:115} INFO - [2023-04-02 18:15:52,524] {dag.py:2371} INFO - Sync 1 DAGs
[2023-04-02 18:15:52,551] {logging_mixin.py:115} INFO - [2023-04-02 18:15:52,551] {dag.py:2919} INFO - Setting next_dagrun for example_branch_dop_operator_v3 to 2023-04-02T18:14:00+00:00, run_after=2023-04-02T18:15:00+00:00
[2023-04-02 18:15:52,564] {processor.py:161} INFO - Processing /home/airflow/.local/lib/python3.7/site-packages/airflow/example_dags/example_branch_python_dop_operator_3.py took 0.091 seconds
[2023-04-02 18:16:23,022] {processor.py:153} INFO - Started process (PID=2540) to work on /home/airflow/.local/lib/python3.7/site-packages/airflow/example_dags/example_branch_python_dop_operator_3.py
[2023-04-02 18:16:23,024] {processor.py:641} INFO - Processing file /home/airflow/.local/lib/python3.7/site-packages/airflow/example_dags/example_branch_python_dop_operator_3.py for tasks to queue
[2023-04-02 18:16:23,025] {logging_mixin.py:115} INFO - [2023-04-02 18:16:23,025] {dagbag.py:507} INFO - Filling up the DagBag from /home/airflow/.local/lib/python3.7/site-packages/airflow/example_dags/example_branch_python_dop_operator_3.py
[2023-04-02 18:16:23,038] {processor.py:651} INFO - DAG(s) dict_keys(['example_branch_dop_operator_v3']) retrieved from /home/airflow/.local/lib/python3.7/site-packages/airflow/example_dags/example_branch_python_dop_operator_3.py
[2023-04-02 18:16:23,069] {logging_mixin.py:115} INFO - [2023-04-02 18:16:23,069] {dag.py:2371} INFO - Sync 1 DAGs
[2023-04-02 18:16:23,099] {logging_mixin.py:115} INFO - [2023-04-02 18:16:23,099] {dag.py:2919} INFO - Setting next_dagrun for example_branch_dop_operator_v3 to 2023-04-02T18:15:00+00:00, run_after=2023-04-02T18:16:00+00:00
[2023-04-02 18:16:23,112] {processor.py:161} INFO - Processing /home/airflow/.local/lib/python3.7/site-packages/airflow/example_dags/example_branch_python_dop_operator_3.py took 0.093 seconds
[2023-04-02 18:16:53,585] {processor.py:153} INFO - Started process (PID=2603) to work on /home/airflow/.local/lib/python3.7/site-packages/airflow/example_dags/example_branch_python_dop_operator_3.py
[2023-04-02 18:16:53,587] {processor.py:641} INFO - Processing file /home/airflow/.local/lib/python3.7/site-packages/airflow/example_dags/example_branch_python_dop_operator_3.py for tasks to queue
[2023-04-02 18:16:53,588] {logging_mixin.py:115} INFO - [2023-04-02 18:16:53,588] {dagbag.py:507} INFO - Filling up the DagBag from /home/airflow/.local/lib/python3.7/site-packages/airflow/example_dags/example_branch_python_dop_operator_3.py
[2023-04-02 18:16:53,602] {processor.py:651} INFO - DAG(s) dict_keys(['example_branch_dop_operator_v3']) retrieved from /home/airflow/.local/lib/python3.7/site-packages/airflow/example_dags/example_branch_python_dop_operator_3.py
[2023-04-02 18:16:53,643] {logging_mixin.py:115} INFO - [2023-04-02 18:16:53,643] {dag.py:2371} INFO - Sync 1 DAGs
[2023-04-02 18:16:53,675] {logging_mixin.py:115} INFO - [2023-04-02 18:16:53,675] {dag.py:2919} INFO - Setting next_dagrun for example_branch_dop_operator_v3 to 2023-04-02T18:15:00+00:00, run_after=2023-04-02T18:16:00+00:00
[2023-04-02 18:16:53,690] {processor.py:161} INFO - Processing /home/airflow/.local/lib/python3.7/site-packages/airflow/example_dags/example_branch_python_dop_operator_3.py took 0.109 seconds
[2023-04-02 18:17:23,963] {processor.py:153} INFO - Started process (PID=2666) to work on /home/airflow/.local/lib/python3.7/site-packages/airflow/example_dags/example_branch_python_dop_operator_3.py
[2023-04-02 18:17:23,965] {processor.py:641} INFO - Processing file /home/airflow/.local/lib/python3.7/site-packages/airflow/example_dags/example_branch_python_dop_operator_3.py for tasks to queue
[2023-04-02 18:17:23,966] {logging_mixin.py:115} INFO - [2023-04-02 18:17:23,966] {dagbag.py:507} INFO - Filling up the DagBag from /home/airflow/.local/lib/python3.7/site-packages/airflow/example_dags/example_branch_python_dop_operator_3.py
[2023-04-02 18:17:23,978] {processor.py:651} INFO - DAG(s) dict_keys(['example_branch_dop_operator_v3']) retrieved from /home/airflow/.local/lib/python3.7/site-packages/airflow/example_dags/example_branch_python_dop_operator_3.py
[2023-04-02 18:17:24,009] {logging_mixin.py:115} INFO - [2023-04-02 18:17:24,008] {dag.py:2371} INFO - Sync 1 DAGs
[2023-04-02 18:17:24,038] {logging_mixin.py:115} INFO - [2023-04-02 18:17:24,038] {dag.py:2919} INFO - Setting next_dagrun for example_branch_dop_operator_v3 to 2023-04-02T18:16:00+00:00, run_after=2023-04-02T18:17:00+00:00
[2023-04-02 18:17:24,051] {processor.py:161} INFO - Processing /home/airflow/.local/lib/python3.7/site-packages/airflow/example_dags/example_branch_python_dop_operator_3.py took 0.091 seconds
[2023-04-02 18:17:54,387] {processor.py:153} INFO - Started process (PID=2720) to work on /home/airflow/.local/lib/python3.7/site-packages/airflow/example_dags/example_branch_python_dop_operator_3.py
[2023-04-02 18:17:54,389] {processor.py:641} INFO - Processing file /home/airflow/.local/lib/python3.7/site-packages/airflow/example_dags/example_branch_python_dop_operator_3.py for tasks to queue
[2023-04-02 18:17:54,390] {logging_mixin.py:115} INFO - [2023-04-02 18:17:54,390] {dagbag.py:507} INFO - Filling up the DagBag from /home/airflow/.local/lib/python3.7/site-packages/airflow/example_dags/example_branch_python_dop_operator_3.py
[2023-04-02 18:17:54,402] {processor.py:651} INFO - DAG(s) dict_keys(['example_branch_dop_operator_v3']) retrieved from /home/airflow/.local/lib/python3.7/site-packages/airflow/example_dags/example_branch_python_dop_operator_3.py
[2023-04-02 18:17:54,436] {logging_mixin.py:115} INFO - [2023-04-02 18:17:54,435] {dag.py:2371} INFO - Sync 1 DAGs
[2023-04-02 18:17:54,467] {logging_mixin.py:115} INFO - [2023-04-02 18:17:54,467] {dag.py:2919} INFO - Setting next_dagrun for example_branch_dop_operator_v3 to 2023-04-02T18:16:00+00:00, run_after=2023-04-02T18:17:00+00:00
[2023-04-02 18:17:54,484] {processor.py:161} INFO - Processing /home/airflow/.local/lib/python3.7/site-packages/airflow/example_dags/example_branch_python_dop_operator_3.py took 0.100 seconds
[2023-04-02 18:18:24,713] {processor.py:153} INFO - Started process (PID=2784) to work on /home/airflow/.local/lib/python3.7/site-packages/airflow/example_dags/example_branch_python_dop_operator_3.py
[2023-04-02 18:18:24,715] {processor.py:641} INFO - Processing file /home/airflow/.local/lib/python3.7/site-packages/airflow/example_dags/example_branch_python_dop_operator_3.py for tasks to queue
[2023-04-02 18:18:24,716] {logging_mixin.py:115} INFO - [2023-04-02 18:18:24,716] {dagbag.py:507} INFO - Filling up the DagBag from /home/airflow/.local/lib/python3.7/site-packages/airflow/example_dags/example_branch_python_dop_operator_3.py
[2023-04-02 18:18:24,729] {processor.py:651} INFO - DAG(s) dict_keys(['example_branch_dop_operator_v3']) retrieved from /home/airflow/.local/lib/python3.7/site-packages/airflow/example_dags/example_branch_python_dop_operator_3.py
[2023-04-02 18:18:24,761] {logging_mixin.py:115} INFO - [2023-04-02 18:18:24,761] {dag.py:2371} INFO - Sync 1 DAGs
[2023-04-02 18:18:24,791] {logging_mixin.py:115} INFO - [2023-04-02 18:18:24,791] {dag.py:2919} INFO - Setting next_dagrun for example_branch_dop_operator_v3 to 2023-04-02T18:17:00+00:00, run_after=2023-04-02T18:18:00+00:00
[2023-04-02 18:18:24,805] {processor.py:161} INFO - Processing /home/airflow/.local/lib/python3.7/site-packages/airflow/example_dags/example_branch_python_dop_operator_3.py took 0.096 seconds
[2023-04-02 18:18:55,187] {processor.py:153} INFO - Started process (PID=2847) to work on /home/airflow/.local/lib/python3.7/site-packages/airflow/example_dags/example_branch_python_dop_operator_3.py
[2023-04-02 18:18:55,189] {processor.py:641} INFO - Processing file /home/airflow/.local/lib/python3.7/site-packages/airflow/example_dags/example_branch_python_dop_operator_3.py for tasks to queue
[2023-04-02 18:18:55,190] {logging_mixin.py:115} INFO - [2023-04-02 18:18:55,190] {dagbag.py:507} INFO - Filling up the DagBag from /home/airflow/.local/lib/python3.7/site-packages/airflow/example_dags/example_branch_python_dop_operator_3.py
[2023-04-02 18:18:55,203] {processor.py:651} INFO - DAG(s) dict_keys(['example_branch_dop_operator_v3']) retrieved from /home/airflow/.local/lib/python3.7/site-packages/airflow/example_dags/example_branch_python_dop_operator_3.py
[2023-04-02 18:18:55,233] {logging_mixin.py:115} INFO - [2023-04-02 18:18:55,233] {dag.py:2371} INFO - Sync 1 DAGs
[2023-04-02 18:18:55,264] {logging_mixin.py:115} INFO - [2023-04-02 18:18:55,264] {dag.py:2919} INFO - Setting next_dagrun for example_branch_dop_operator_v3 to 2023-04-02T18:17:00+00:00, run_after=2023-04-02T18:18:00+00:00
[2023-04-02 18:18:55,277] {processor.py:161} INFO - Processing /home/airflow/.local/lib/python3.7/site-packages/airflow/example_dags/example_branch_python_dop_operator_3.py took 0.094 seconds
[2023-04-02 18:19:25,529] {processor.py:153} INFO - Started process (PID=2902) to work on /home/airflow/.local/lib/python3.7/site-packages/airflow/example_dags/example_branch_python_dop_operator_3.py
[2023-04-02 18:19:25,531] {processor.py:641} INFO - Processing file /home/airflow/.local/lib/python3.7/site-packages/airflow/example_dags/example_branch_python_dop_operator_3.py for tasks to queue
[2023-04-02 18:19:25,532] {logging_mixin.py:115} INFO - [2023-04-02 18:19:25,532] {dagbag.py:507} INFO - Filling up the DagBag from /home/airflow/.local/lib/python3.7/site-packages/airflow/example_dags/example_branch_python_dop_operator_3.py
[2023-04-02 18:19:25,544] {processor.py:651} INFO - DAG(s) dict_keys(['example_branch_dop_operator_v3']) retrieved from /home/airflow/.local/lib/python3.7/site-packages/airflow/example_dags/example_branch_python_dop_operator_3.py
[2023-04-02 18:19:25,576] {logging_mixin.py:115} INFO - [2023-04-02 18:19:25,576] {dag.py:2371} INFO - Sync 1 DAGs
[2023-04-02 18:19:25,604] {logging_mixin.py:115} INFO - [2023-04-02 18:19:25,604] {dag.py:2919} INFO - Setting next_dagrun for example_branch_dop_operator_v3 to 2023-04-02T18:18:00+00:00, run_after=2023-04-02T18:19:00+00:00
[2023-04-02 18:19:25,616] {processor.py:161} INFO - Processing /home/airflow/.local/lib/python3.7/site-packages/airflow/example_dags/example_branch_python_dop_operator_3.py took 0.091 seconds
[2023-04-02 18:19:55,656] {processor.py:153} INFO - Started process (PID=2965) to work on /home/airflow/.local/lib/python3.7/site-packages/airflow/example_dags/example_branch_python_dop_operator_3.py
[2023-04-02 18:19:55,658] {processor.py:641} INFO - Processing file /home/airflow/.local/lib/python3.7/site-packages/airflow/example_dags/example_branch_python_dop_operator_3.py for tasks to queue
[2023-04-02 18:19:55,659] {logging_mixin.py:115} INFO - [2023-04-02 18:19:55,659] {dagbag.py:507} INFO - Filling up the DagBag from /home/airflow/.local/lib/python3.7/site-packages/airflow/example_dags/example_branch_python_dop_operator_3.py
[2023-04-02 18:19:55,676] {processor.py:651} INFO - DAG(s) dict_keys(['example_branch_dop_operator_v3']) retrieved from /home/airflow/.local/lib/python3.7/site-packages/airflow/example_dags/example_branch_python_dop_operator_3.py
[2023-04-02 18:19:55,715] {logging_mixin.py:115} INFO - [2023-04-02 18:19:55,715] {dag.py:2371} INFO - Sync 1 DAGs
[2023-04-02 18:19:55,751] {logging_mixin.py:115} INFO - [2023-04-02 18:19:55,751] {dag.py:2919} INFO - Setting next_dagrun for example_branch_dop_operator_v3 to 2023-04-02T18:18:00+00:00, run_after=2023-04-02T18:19:00+00:00
[2023-04-02 18:19:55,779] {processor.py:161} INFO - Processing /home/airflow/.local/lib/python3.7/site-packages/airflow/example_dags/example_branch_python_dop_operator_3.py took 0.128 seconds
[2023-04-02 18:20:26,580] {processor.py:153} INFO - Started process (PID=3028) to work on /home/airflow/.local/lib/python3.7/site-packages/airflow/example_dags/example_branch_python_dop_operator_3.py
[2023-04-02 18:20:26,581] {processor.py:641} INFO - Processing file /home/airflow/.local/lib/python3.7/site-packages/airflow/example_dags/example_branch_python_dop_operator_3.py for tasks to queue
[2023-04-02 18:20:26,583] {logging_mixin.py:115} INFO - [2023-04-02 18:20:26,583] {dagbag.py:507} INFO - Filling up the DagBag from /home/airflow/.local/lib/python3.7/site-packages/airflow/example_dags/example_branch_python_dop_operator_3.py
[2023-04-02 18:20:26,597] {processor.py:651} INFO - DAG(s) dict_keys(['example_branch_dop_operator_v3']) retrieved from /home/airflow/.local/lib/python3.7/site-packages/airflow/example_dags/example_branch_python_dop_operator_3.py
[2023-04-02 18:20:26,625] {logging_mixin.py:115} INFO - [2023-04-02 18:20:26,625] {dag.py:2371} INFO - Sync 1 DAGs
[2023-04-02 18:20:26,653] {logging_mixin.py:115} INFO - [2023-04-02 18:20:26,653] {dag.py:2919} INFO - Setting next_dagrun for example_branch_dop_operator_v3 to 2023-04-02T18:19:00+00:00, run_after=2023-04-02T18:20:00+00:00
[2023-04-02 18:20:26,665] {processor.py:161} INFO - Processing /home/airflow/.local/lib/python3.7/site-packages/airflow/example_dags/example_branch_python_dop_operator_3.py took 0.090 seconds
[2023-04-02 18:20:57,439] {processor.py:153} INFO - Started process (PID=3091) to work on /home/airflow/.local/lib/python3.7/site-packages/airflow/example_dags/example_branch_python_dop_operator_3.py
[2023-04-02 18:20:57,440] {processor.py:641} INFO - Processing file /home/airflow/.local/lib/python3.7/site-packages/airflow/example_dags/example_branch_python_dop_operator_3.py for tasks to queue
[2023-04-02 18:20:57,442] {logging_mixin.py:115} INFO - [2023-04-02 18:20:57,442] {dagbag.py:507} INFO - Filling up the DagBag from /home/airflow/.local/lib/python3.7/site-packages/airflow/example_dags/example_branch_python_dop_operator_3.py
[2023-04-02 18:20:57,457] {processor.py:651} INFO - DAG(s) dict_keys(['example_branch_dop_operator_v3']) retrieved from /home/airflow/.local/lib/python3.7/site-packages/airflow/example_dags/example_branch_python_dop_operator_3.py
[2023-04-02 18:20:57,491] {logging_mixin.py:115} INFO - [2023-04-02 18:20:57,491] {dag.py:2371} INFO - Sync 1 DAGs
[2023-04-02 18:20:57,525] {logging_mixin.py:115} INFO - [2023-04-02 18:20:57,525] {dag.py:2919} INFO - Setting next_dagrun for example_branch_dop_operator_v3 to 2023-04-02T18:19:00+00:00, run_after=2023-04-02T18:20:00+00:00
[2023-04-02 18:20:57,537] {processor.py:161} INFO - Processing /home/airflow/.local/lib/python3.7/site-packages/airflow/example_dags/example_branch_python_dop_operator_3.py took 0.102 seconds
[2023-04-02 18:21:27,858] {processor.py:153} INFO - Started process (PID=3145) to work on /home/airflow/.local/lib/python3.7/site-packages/airflow/example_dags/example_branch_python_dop_operator_3.py
[2023-04-02 18:21:27,861] {processor.py:641} INFO - Processing file /home/airflow/.local/lib/python3.7/site-packages/airflow/example_dags/example_branch_python_dop_operator_3.py for tasks to queue
[2023-04-02 18:21:27,863] {logging_mixin.py:115} INFO - [2023-04-02 18:21:27,862] {dagbag.py:507} INFO - Filling up the DagBag from /home/airflow/.local/lib/python3.7/site-packages/airflow/example_dags/example_branch_python_dop_operator_3.py
[2023-04-02 18:21:27,880] {processor.py:651} INFO - DAG(s) dict_keys(['example_branch_dop_operator_v3']) retrieved from /home/airflow/.local/lib/python3.7/site-packages/airflow/example_dags/example_branch_python_dop_operator_3.py
[2023-04-02 18:21:27,910] {logging_mixin.py:115} INFO - [2023-04-02 18:21:27,909] {dag.py:2371} INFO - Sync 1 DAGs
[2023-04-02 18:21:27,940] {logging_mixin.py:115} INFO - [2023-04-02 18:21:27,940] {dag.py:2919} INFO - Setting next_dagrun for example_branch_dop_operator_v3 to 2023-04-02T18:20:00+00:00, run_after=2023-04-02T18:21:00+00:00
[2023-04-02 18:21:27,953] {processor.py:161} INFO - Processing /home/airflow/.local/lib/python3.7/site-packages/airflow/example_dags/example_branch_python_dop_operator_3.py took 0.100 seconds
[2023-04-02 18:21:58,269] {processor.py:153} INFO - Started process (PID=3208) to work on /home/airflow/.local/lib/python3.7/site-packages/airflow/example_dags/example_branch_python_dop_operator_3.py
[2023-04-02 18:21:58,273] {processor.py:641} INFO - Processing file /home/airflow/.local/lib/python3.7/site-packages/airflow/example_dags/example_branch_python_dop_operator_3.py for tasks to queue
[2023-04-02 18:21:58,276] {logging_mixin.py:115} INFO - [2023-04-02 18:21:58,275] {dagbag.py:507} INFO - Filling up the DagBag from /home/airflow/.local/lib/python3.7/site-packages/airflow/example_dags/example_branch_python_dop_operator_3.py
[2023-04-02 18:21:58,291] {processor.py:651} INFO - DAG(s) dict_keys(['example_branch_dop_operator_v3']) retrieved from /home/airflow/.local/lib/python3.7/site-packages/airflow/example_dags/example_branch_python_dop_operator_3.py
[2023-04-02 18:21:58,324] {logging_mixin.py:115} INFO - [2023-04-02 18:21:58,323] {dag.py:2371} INFO - Sync 1 DAGs
[2023-04-02 18:21:58,353] {logging_mixin.py:115} INFO - [2023-04-02 18:21:58,353] {dag.py:2919} INFO - Setting next_dagrun for example_branch_dop_operator_v3 to 2023-04-02T18:20:00+00:00, run_after=2023-04-02T18:21:00+00:00
[2023-04-02 18:21:58,366] {processor.py:161} INFO - Processing /home/airflow/.local/lib/python3.7/site-packages/airflow/example_dags/example_branch_python_dop_operator_3.py took 0.102 seconds
[2023-04-02 18:22:28,647] {processor.py:153} INFO - Started process (PID=3271) to work on /home/airflow/.local/lib/python3.7/site-packages/airflow/example_dags/example_branch_python_dop_operator_3.py
[2023-04-02 18:22:28,648] {processor.py:641} INFO - Processing file /home/airflow/.local/lib/python3.7/site-packages/airflow/example_dags/example_branch_python_dop_operator_3.py for tasks to queue
[2023-04-02 18:22:28,650] {logging_mixin.py:115} INFO - [2023-04-02 18:22:28,650] {dagbag.py:507} INFO - Filling up the DagBag from /home/airflow/.local/lib/python3.7/site-packages/airflow/example_dags/example_branch_python_dop_operator_3.py
[2023-04-02 18:22:28,665] {processor.py:651} INFO - DAG(s) dict_keys(['example_branch_dop_operator_v3']) retrieved from /home/airflow/.local/lib/python3.7/site-packages/airflow/example_dags/example_branch_python_dop_operator_3.py
[2023-04-02 18:22:28,693] {logging_mixin.py:115} INFO - [2023-04-02 18:22:28,693] {dag.py:2371} INFO - Sync 1 DAGs
[2023-04-02 18:22:28,723] {logging_mixin.py:115} INFO - [2023-04-02 18:22:28,722] {dag.py:2919} INFO - Setting next_dagrun for example_branch_dop_operator_v3 to 2023-04-02T18:21:00+00:00, run_after=2023-04-02T18:22:00+00:00
[2023-04-02 18:22:28,736] {processor.py:161} INFO - Processing /home/airflow/.local/lib/python3.7/site-packages/airflow/example_dags/example_branch_python_dop_operator_3.py took 0.094 seconds
[2023-04-02 18:22:59,814] {processor.py:153} INFO - Started process (PID=3325) to work on /home/airflow/.local/lib/python3.7/site-packages/airflow/example_dags/example_branch_python_dop_operator_3.py
[2023-04-02 18:22:59,816] {processor.py:641} INFO - Processing file /home/airflow/.local/lib/python3.7/site-packages/airflow/example_dags/example_branch_python_dop_operator_3.py for tasks to queue
[2023-04-02 18:22:59,818] {logging_mixin.py:115} INFO - [2023-04-02 18:22:59,818] {dagbag.py:507} INFO - Filling up the DagBag from /home/airflow/.local/lib/python3.7/site-packages/airflow/example_dags/example_branch_python_dop_operator_3.py
[2023-04-02 18:22:59,833] {processor.py:651} INFO - DAG(s) dict_keys(['example_branch_dop_operator_v3']) retrieved from /home/airflow/.local/lib/python3.7/site-packages/airflow/example_dags/example_branch_python_dop_operator_3.py
[2023-04-02 18:22:59,861] {logging_mixin.py:115} INFO - [2023-04-02 18:22:59,861] {dag.py:2371} INFO - Sync 1 DAGs
[2023-04-02 18:22:59,889] {logging_mixin.py:115} INFO - [2023-04-02 18:22:59,889] {dag.py:2919} INFO - Setting next_dagrun for example_branch_dop_operator_v3 to 2023-04-02T18:21:00+00:00, run_after=2023-04-02T18:22:00+00:00
[2023-04-02 18:22:59,902] {processor.py:161} INFO - Processing /home/airflow/.local/lib/python3.7/site-packages/airflow/example_dags/example_branch_python_dop_operator_3.py took 0.092 seconds
[2023-04-02 18:23:29,930] {processor.py:153} INFO - Started process (PID=3386) to work on /home/airflow/.local/lib/python3.7/site-packages/airflow/example_dags/example_branch_python_dop_operator_3.py
[2023-04-02 18:23:29,932] {processor.py:641} INFO - Processing file /home/airflow/.local/lib/python3.7/site-packages/airflow/example_dags/example_branch_python_dop_operator_3.py for tasks to queue
[2023-04-02 18:23:29,934] {logging_mixin.py:115} INFO - [2023-04-02 18:23:29,934] {dagbag.py:507} INFO - Filling up the DagBag from /home/airflow/.local/lib/python3.7/site-packages/airflow/example_dags/example_branch_python_dop_operator_3.py
[2023-04-02 18:23:29,948] {processor.py:651} INFO - DAG(s) dict_keys(['example_branch_dop_operator_v3']) retrieved from /home/airflow/.local/lib/python3.7/site-packages/airflow/example_dags/example_branch_python_dop_operator_3.py
[2023-04-02 18:23:29,977] {logging_mixin.py:115} INFO - [2023-04-02 18:23:29,977] {dag.py:2371} INFO - Sync 1 DAGs
[2023-04-02 18:23:30,006] {logging_mixin.py:115} INFO - [2023-04-02 18:23:30,006] {dag.py:2919} INFO - Setting next_dagrun for example_branch_dop_operator_v3 to 2023-04-02T18:22:00+00:00, run_after=2023-04-02T18:23:00+00:00
[2023-04-02 18:23:30,021] {processor.py:161} INFO - Processing /home/airflow/.local/lib/python3.7/site-packages/airflow/example_dags/example_branch_python_dop_operator_3.py took 0.094 seconds
