[2023-04-02 17:55:23,760] {processor.py:153} INFO - Started process (PID=54) to work on /home/airflow/.local/lib/python3.7/site-packages/airflow/example_dags/example_sla_dag.py
[2023-04-02 17:55:23,762] {processor.py:641} INFO - Processing file /home/airflow/.local/lib/python3.7/site-packages/airflow/example_dags/example_sla_dag.py for tasks to queue
[2023-04-02 17:55:23,763] {logging_mixin.py:115} INFO - [2023-04-02 17:55:23,763] {dagbag.py:507} INFO - Filling up the DagBag from /home/airflow/.local/lib/python3.7/site-packages/airflow/example_dags/example_sla_dag.py
[2023-04-02 17:55:23,789] {processor.py:651} INFO - DAG(s) dict_keys(['example_sla_dag']) retrieved from /home/airflow/.local/lib/python3.7/site-packages/airflow/example_dags/example_sla_dag.py
[2023-04-02 17:55:24,007] {logging_mixin.py:115} INFO - [2023-04-02 17:55:24,007] {manager.py:508} INFO - Created Permission View: can edit on DAG:example_sla_dag
[2023-04-02 17:55:24,024] {logging_mixin.py:115} INFO - [2023-04-02 17:55:24,024] {manager.py:508} INFO - Created Permission View: can delete on DAG:example_sla_dag
[2023-04-02 17:55:24,034] {logging_mixin.py:115} INFO - [2023-04-02 17:55:24,034] {manager.py:508} INFO - Created Permission View: can read on DAG:example_sla_dag
[2023-04-02 17:55:24,035] {logging_mixin.py:115} INFO - [2023-04-02 17:55:24,035] {dag.py:2371} INFO - Sync 1 DAGs
[2023-04-02 17:55:24,044] {logging_mixin.py:115} INFO - [2023-04-02 17:55:24,044] {dag.py:2390} INFO - Creating ORM DAG for example_sla_dag
[2023-04-02 17:55:24,064] {logging_mixin.py:115} INFO - [2023-04-02 17:55:24,063] {dag.py:2919} INFO - Setting next_dagrun for example_sla_dag to 2023-04-02T17:52:00+00:00, run_after=2023-04-02T17:54:00+00:00
[2023-04-02 17:55:24,080] {processor.py:161} INFO - Processing /home/airflow/.local/lib/python3.7/site-packages/airflow/example_dags/example_sla_dag.py took 0.325 seconds
[2023-04-02 17:55:54,229] {processor.py:153} INFO - Started process (PID=106) to work on /home/airflow/.local/lib/python3.7/site-packages/airflow/example_dags/example_sla_dag.py
[2023-04-02 17:55:54,230] {processor.py:641} INFO - Processing file /home/airflow/.local/lib/python3.7/site-packages/airflow/example_dags/example_sla_dag.py for tasks to queue
[2023-04-02 17:55:54,232] {logging_mixin.py:115} INFO - [2023-04-02 17:55:54,232] {dagbag.py:507} INFO - Filling up the DagBag from /home/airflow/.local/lib/python3.7/site-packages/airflow/example_dags/example_sla_dag.py
[2023-04-02 17:55:54,251] {processor.py:651} INFO - DAG(s) dict_keys(['example_sla_dag']) retrieved from /home/airflow/.local/lib/python3.7/site-packages/airflow/example_dags/example_sla_dag.py
[2023-04-02 17:55:54,278] {logging_mixin.py:115} INFO - [2023-04-02 17:55:54,278] {dag.py:2371} INFO - Sync 1 DAGs
[2023-04-02 17:55:54,415] {logging_mixin.py:115} INFO - [2023-04-02 17:55:54,415] {dag.py:2919} INFO - Setting next_dagrun for example_sla_dag to 2023-04-02T17:52:00+00:00, run_after=2023-04-02T17:54:00+00:00
[2023-04-02 17:55:54,427] {processor.py:161} INFO - Processing /home/airflow/.local/lib/python3.7/site-packages/airflow/example_dags/example_sla_dag.py took 0.201 seconds
[2023-04-02 17:56:25,334] {processor.py:153} INFO - Started process (PID=167) to work on /home/airflow/.local/lib/python3.7/site-packages/airflow/example_dags/example_sla_dag.py
[2023-04-02 17:56:25,336] {processor.py:641} INFO - Processing file /home/airflow/.local/lib/python3.7/site-packages/airflow/example_dags/example_sla_dag.py for tasks to queue
[2023-04-02 17:56:25,337] {logging_mixin.py:115} INFO - [2023-04-02 17:56:25,337] {dagbag.py:507} INFO - Filling up the DagBag from /home/airflow/.local/lib/python3.7/site-packages/airflow/example_dags/example_sla_dag.py
[2023-04-02 17:56:25,357] {processor.py:651} INFO - DAG(s) dict_keys(['example_sla_dag']) retrieved from /home/airflow/.local/lib/python3.7/site-packages/airflow/example_dags/example_sla_dag.py
[2023-04-02 17:56:25,386] {logging_mixin.py:115} INFO - [2023-04-02 17:56:25,386] {dag.py:2371} INFO - Sync 1 DAGs
[2023-04-02 17:56:25,559] {logging_mixin.py:115} INFO - [2023-04-02 17:56:25,559] {dag.py:2919} INFO - Setting next_dagrun for example_sla_dag to 2023-04-02T17:54:00+00:00, run_after=2023-04-02T17:56:00+00:00
[2023-04-02 17:56:25,573] {processor.py:161} INFO - Processing /home/airflow/.local/lib/python3.7/site-packages/airflow/example_dags/example_sla_dag.py took 0.242 seconds
[2023-04-02 17:56:56,066] {processor.py:153} INFO - Started process (PID=228) to work on /home/airflow/.local/lib/python3.7/site-packages/airflow/example_dags/example_sla_dag.py
[2023-04-02 17:56:56,067] {processor.py:641} INFO - Processing file /home/airflow/.local/lib/python3.7/site-packages/airflow/example_dags/example_sla_dag.py for tasks to queue
[2023-04-02 17:56:56,069] {logging_mixin.py:115} INFO - [2023-04-02 17:56:56,068] {dagbag.py:507} INFO - Filling up the DagBag from /home/airflow/.local/lib/python3.7/site-packages/airflow/example_dags/example_sla_dag.py
[2023-04-02 17:56:56,088] {processor.py:651} INFO - DAG(s) dict_keys(['example_sla_dag']) retrieved from /home/airflow/.local/lib/python3.7/site-packages/airflow/example_dags/example_sla_dag.py
[2023-04-02 17:56:56,115] {logging_mixin.py:115} INFO - [2023-04-02 17:56:56,115] {dag.py:2371} INFO - Sync 1 DAGs
[2023-04-02 17:56:56,280] {logging_mixin.py:115} INFO - [2023-04-02 17:56:56,280] {dag.py:2919} INFO - Setting next_dagrun for example_sla_dag to 2023-04-02T17:54:00+00:00, run_after=2023-04-02T17:56:00+00:00
[2023-04-02 17:56:56,292] {processor.py:161} INFO - Processing /home/airflow/.local/lib/python3.7/site-packages/airflow/example_dags/example_sla_dag.py took 0.230 seconds
[2023-04-02 17:57:27,084] {processor.py:153} INFO - Started process (PID=289) to work on /home/airflow/.local/lib/python3.7/site-packages/airflow/example_dags/example_sla_dag.py
[2023-04-02 17:57:27,085] {processor.py:641} INFO - Processing file /home/airflow/.local/lib/python3.7/site-packages/airflow/example_dags/example_sla_dag.py for tasks to queue
[2023-04-02 17:57:27,087] {logging_mixin.py:115} INFO - [2023-04-02 17:57:27,087] {dagbag.py:507} INFO - Filling up the DagBag from /home/airflow/.local/lib/python3.7/site-packages/airflow/example_dags/example_sla_dag.py
[2023-04-02 17:57:27,114] {processor.py:651} INFO - DAG(s) dict_keys(['example_sla_dag']) retrieved from /home/airflow/.local/lib/python3.7/site-packages/airflow/example_dags/example_sla_dag.py
[2023-04-02 17:57:27,154] {logging_mixin.py:115} INFO - [2023-04-02 17:57:27,154] {dag.py:2371} INFO - Sync 1 DAGs
[2023-04-02 17:57:27,352] {logging_mixin.py:115} INFO - [2023-04-02 17:57:27,351] {dag.py:2919} INFO - Setting next_dagrun for example_sla_dag to 2023-04-02T17:54:00+00:00, run_after=2023-04-02T17:56:00+00:00
[2023-04-02 17:57:27,365] {processor.py:161} INFO - Processing /home/airflow/.local/lib/python3.7/site-packages/airflow/example_dags/example_sla_dag.py took 0.285 seconds
[2023-04-02 17:57:58,115] {processor.py:153} INFO - Started process (PID=341) to work on /home/airflow/.local/lib/python3.7/site-packages/airflow/example_dags/example_sla_dag.py
[2023-04-02 17:57:58,116] {processor.py:641} INFO - Processing file /home/airflow/.local/lib/python3.7/site-packages/airflow/example_dags/example_sla_dag.py for tasks to queue
[2023-04-02 17:57:58,117] {logging_mixin.py:115} INFO - [2023-04-02 17:57:58,117] {dagbag.py:507} INFO - Filling up the DagBag from /home/airflow/.local/lib/python3.7/site-packages/airflow/example_dags/example_sla_dag.py
[2023-04-02 17:57:58,138] {processor.py:651} INFO - DAG(s) dict_keys(['example_sla_dag']) retrieved from /home/airflow/.local/lib/python3.7/site-packages/airflow/example_dags/example_sla_dag.py
[2023-04-02 17:57:58,170] {logging_mixin.py:115} INFO - [2023-04-02 17:57:58,170] {dag.py:2371} INFO - Sync 1 DAGs
[2023-04-02 17:57:58,322] {logging_mixin.py:115} INFO - [2023-04-02 17:57:58,321] {dag.py:2919} INFO - Setting next_dagrun for example_sla_dag to 2023-04-02T17:54:00+00:00, run_after=2023-04-02T17:56:00+00:00
[2023-04-02 17:57:58,334] {processor.py:161} INFO - Processing /home/airflow/.local/lib/python3.7/site-packages/airflow/example_dags/example_sla_dag.py took 0.223 seconds
[2023-04-02 17:58:28,562] {processor.py:153} INFO - Started process (PID=402) to work on /home/airflow/.local/lib/python3.7/site-packages/airflow/example_dags/example_sla_dag.py
[2023-04-02 17:58:28,563] {processor.py:641} INFO - Processing file /home/airflow/.local/lib/python3.7/site-packages/airflow/example_dags/example_sla_dag.py for tasks to queue
[2023-04-02 17:58:28,565] {logging_mixin.py:115} INFO - [2023-04-02 17:58:28,565] {dagbag.py:507} INFO - Filling up the DagBag from /home/airflow/.local/lib/python3.7/site-packages/airflow/example_dags/example_sla_dag.py
[2023-04-02 17:58:28,584] {processor.py:651} INFO - DAG(s) dict_keys(['example_sla_dag']) retrieved from /home/airflow/.local/lib/python3.7/site-packages/airflow/example_dags/example_sla_dag.py
[2023-04-02 17:58:28,611] {logging_mixin.py:115} INFO - [2023-04-02 17:58:28,611] {dag.py:2371} INFO - Sync 1 DAGs
[2023-04-02 17:58:28,749] {logging_mixin.py:115} INFO - [2023-04-02 17:58:28,749] {dag.py:2919} INFO - Setting next_dagrun for example_sla_dag to 2023-04-02T17:56:00+00:00, run_after=2023-04-02T17:58:00+00:00
[2023-04-02 17:58:28,763] {processor.py:161} INFO - Processing /home/airflow/.local/lib/python3.7/site-packages/airflow/example_dags/example_sla_dag.py took 0.205 seconds
[2023-04-02 17:58:59,325] {processor.py:153} INFO - Started process (PID=464) to work on /home/airflow/.local/lib/python3.7/site-packages/airflow/example_dags/example_sla_dag.py
[2023-04-02 17:58:59,327] {processor.py:641} INFO - Processing file /home/airflow/.local/lib/python3.7/site-packages/airflow/example_dags/example_sla_dag.py for tasks to queue
[2023-04-02 17:58:59,328] {logging_mixin.py:115} INFO - [2023-04-02 17:58:59,328] {dagbag.py:507} INFO - Filling up the DagBag from /home/airflow/.local/lib/python3.7/site-packages/airflow/example_dags/example_sla_dag.py
[2023-04-02 17:58:59,348] {processor.py:651} INFO - DAG(s) dict_keys(['example_sla_dag']) retrieved from /home/airflow/.local/lib/python3.7/site-packages/airflow/example_dags/example_sla_dag.py
[2023-04-02 17:58:59,374] {logging_mixin.py:115} INFO - [2023-04-02 17:58:59,374] {dag.py:2371} INFO - Sync 1 DAGs
[2023-04-02 17:58:59,518] {logging_mixin.py:115} INFO - [2023-04-02 17:58:59,517] {dag.py:2919} INFO - Setting next_dagrun for example_sla_dag to 2023-04-02T17:56:00+00:00, run_after=2023-04-02T17:58:00+00:00
[2023-04-02 17:58:59,532] {processor.py:161} INFO - Processing /home/airflow/.local/lib/python3.7/site-packages/airflow/example_dags/example_sla_dag.py took 0.210 seconds
[2023-04-02 17:59:30,288] {processor.py:153} INFO - Started process (PID=525) to work on /home/airflow/.local/lib/python3.7/site-packages/airflow/example_dags/example_sla_dag.py
[2023-04-02 17:59:30,290] {processor.py:641} INFO - Processing file /home/airflow/.local/lib/python3.7/site-packages/airflow/example_dags/example_sla_dag.py for tasks to queue
[2023-04-02 17:59:30,292] {logging_mixin.py:115} INFO - [2023-04-02 17:59:30,292] {dagbag.py:507} INFO - Filling up the DagBag from /home/airflow/.local/lib/python3.7/site-packages/airflow/example_dags/example_sla_dag.py
[2023-04-02 17:59:30,315] {processor.py:651} INFO - DAG(s) dict_keys(['example_sla_dag']) retrieved from /home/airflow/.local/lib/python3.7/site-packages/airflow/example_dags/example_sla_dag.py
[2023-04-02 17:59:30,350] {logging_mixin.py:115} INFO - [2023-04-02 17:59:30,350] {dag.py:2371} INFO - Sync 1 DAGs
[2023-04-02 17:59:30,632] {logging_mixin.py:115} INFO - [2023-04-02 17:59:30,632] {dag.py:2919} INFO - Setting next_dagrun for example_sla_dag to 2023-04-02T17:56:00+00:00, run_after=2023-04-02T17:58:00+00:00
[2023-04-02 17:59:30,656] {processor.py:161} INFO - Processing /home/airflow/.local/lib/python3.7/site-packages/airflow/example_dags/example_sla_dag.py took 0.372 seconds
[2023-04-02 18:00:00,728] {processor.py:153} INFO - Started process (PID=576) to work on /home/airflow/.local/lib/python3.7/site-packages/airflow/example_dags/example_sla_dag.py
[2023-04-02 18:00:00,730] {processor.py:641} INFO - Processing file /home/airflow/.local/lib/python3.7/site-packages/airflow/example_dags/example_sla_dag.py for tasks to queue
[2023-04-02 18:00:00,732] {logging_mixin.py:115} INFO - [2023-04-02 18:00:00,732] {dagbag.py:507} INFO - Filling up the DagBag from /home/airflow/.local/lib/python3.7/site-packages/airflow/example_dags/example_sla_dag.py
[2023-04-02 18:00:00,754] {processor.py:651} INFO - DAG(s) dict_keys(['example_sla_dag']) retrieved from /home/airflow/.local/lib/python3.7/site-packages/airflow/example_dags/example_sla_dag.py
[2023-04-02 18:00:00,788] {logging_mixin.py:115} INFO - [2023-04-02 18:00:00,788] {dag.py:2371} INFO - Sync 1 DAGs
[2023-04-02 18:00:00,929] {logging_mixin.py:115} INFO - [2023-04-02 18:00:00,929] {dag.py:2919} INFO - Setting next_dagrun for example_sla_dag to 2023-04-02T17:58:00+00:00, run_after=2023-04-02T18:00:00+00:00
[2023-04-02 18:00:00,945] {processor.py:161} INFO - Processing /home/airflow/.local/lib/python3.7/site-packages/airflow/example_dags/example_sla_dag.py took 0.221 seconds
[2023-04-02 18:00:31,645] {processor.py:153} INFO - Started process (PID=640) to work on /home/airflow/.local/lib/python3.7/site-packages/airflow/example_dags/example_sla_dag.py
[2023-04-02 18:00:31,646] {processor.py:641} INFO - Processing file /home/airflow/.local/lib/python3.7/site-packages/airflow/example_dags/example_sla_dag.py for tasks to queue
[2023-04-02 18:00:31,648] {logging_mixin.py:115} INFO - [2023-04-02 18:00:31,648] {dagbag.py:507} INFO - Filling up the DagBag from /home/airflow/.local/lib/python3.7/site-packages/airflow/example_dags/example_sla_dag.py
[2023-04-02 18:00:31,667] {processor.py:651} INFO - DAG(s) dict_keys(['example_sla_dag']) retrieved from /home/airflow/.local/lib/python3.7/site-packages/airflow/example_dags/example_sla_dag.py
[2023-04-02 18:00:31,693] {logging_mixin.py:115} INFO - [2023-04-02 18:00:31,693] {dag.py:2371} INFO - Sync 1 DAGs
[2023-04-02 18:00:31,840] {logging_mixin.py:115} INFO - [2023-04-02 18:00:31,840] {dag.py:2919} INFO - Setting next_dagrun for example_sla_dag to 2023-04-02T17:58:00+00:00, run_after=2023-04-02T18:00:00+00:00
[2023-04-02 18:00:31,853] {processor.py:161} INFO - Processing /home/airflow/.local/lib/python3.7/site-packages/airflow/example_dags/example_sla_dag.py took 0.212 seconds
[2023-04-02 18:01:02,365] {processor.py:153} INFO - Started process (PID=703) to work on /home/airflow/.local/lib/python3.7/site-packages/airflow/example_dags/example_sla_dag.py
[2023-04-02 18:01:02,366] {processor.py:641} INFO - Processing file /home/airflow/.local/lib/python3.7/site-packages/airflow/example_dags/example_sla_dag.py for tasks to queue
[2023-04-02 18:01:02,367] {logging_mixin.py:115} INFO - [2023-04-02 18:01:02,367] {dagbag.py:507} INFO - Filling up the DagBag from /home/airflow/.local/lib/python3.7/site-packages/airflow/example_dags/example_sla_dag.py
[2023-04-02 18:01:02,387] {processor.py:651} INFO - DAG(s) dict_keys(['example_sla_dag']) retrieved from /home/airflow/.local/lib/python3.7/site-packages/airflow/example_dags/example_sla_dag.py
[2023-04-02 18:01:02,417] {logging_mixin.py:115} INFO - [2023-04-02 18:01:02,417] {dag.py:2371} INFO - Sync 1 DAGs
[2023-04-02 18:01:02,581] {logging_mixin.py:115} INFO - [2023-04-02 18:01:02,581] {dag.py:2919} INFO - Setting next_dagrun for example_sla_dag to 2023-04-02T17:58:00+00:00, run_after=2023-04-02T18:00:00+00:00
[2023-04-02 18:01:02,594] {processor.py:161} INFO - Processing /home/airflow/.local/lib/python3.7/site-packages/airflow/example_dags/example_sla_dag.py took 0.233 seconds
[2023-04-02 18:01:32,719] {processor.py:153} INFO - Started process (PID=761) to work on /home/airflow/.local/lib/python3.7/site-packages/airflow/example_dags/example_sla_dag.py
[2023-04-02 18:01:32,721] {processor.py:641} INFO - Processing file /home/airflow/.local/lib/python3.7/site-packages/airflow/example_dags/example_sla_dag.py for tasks to queue
[2023-04-02 18:01:32,723] {logging_mixin.py:115} INFO - [2023-04-02 18:01:32,723] {dagbag.py:507} INFO - Filling up the DagBag from /home/airflow/.local/lib/python3.7/site-packages/airflow/example_dags/example_sla_dag.py
[2023-04-02 18:01:32,762] {processor.py:651} INFO - DAG(s) dict_keys(['example_sla_dag']) retrieved from /home/airflow/.local/lib/python3.7/site-packages/airflow/example_dags/example_sla_dag.py
[2023-04-02 18:01:32,810] {logging_mixin.py:115} INFO - [2023-04-02 18:01:32,810] {dag.py:2371} INFO - Sync 1 DAGs
[2023-04-02 18:01:32,973] {logging_mixin.py:115} INFO - [2023-04-02 18:01:32,973] {dag.py:2919} INFO - Setting next_dagrun for example_sla_dag to 2023-04-02T17:58:00+00:00, run_after=2023-04-02T18:00:00+00:00
[2023-04-02 18:01:32,989] {processor.py:161} INFO - Processing /home/airflow/.local/lib/python3.7/site-packages/airflow/example_dags/example_sla_dag.py took 0.273 seconds
[2023-04-02 18:02:03,209] {processor.py:153} INFO - Started process (PID=824) to work on /home/airflow/.local/lib/python3.7/site-packages/airflow/example_dags/example_sla_dag.py
[2023-04-02 18:02:03,210] {processor.py:641} INFO - Processing file /home/airflow/.local/lib/python3.7/site-packages/airflow/example_dags/example_sla_dag.py for tasks to queue
[2023-04-02 18:02:03,212] {logging_mixin.py:115} INFO - [2023-04-02 18:02:03,211] {dagbag.py:507} INFO - Filling up the DagBag from /home/airflow/.local/lib/python3.7/site-packages/airflow/example_dags/example_sla_dag.py
[2023-04-02 18:02:03,234] {processor.py:651} INFO - DAG(s) dict_keys(['example_sla_dag']) retrieved from /home/airflow/.local/lib/python3.7/site-packages/airflow/example_dags/example_sla_dag.py
[2023-04-02 18:02:03,262] {logging_mixin.py:115} INFO - [2023-04-02 18:02:03,262] {dag.py:2371} INFO - Sync 1 DAGs
[2023-04-02 18:02:03,419] {logging_mixin.py:115} INFO - [2023-04-02 18:02:03,419] {dag.py:2919} INFO - Setting next_dagrun for example_sla_dag to 2023-04-02T18:00:00+00:00, run_after=2023-04-02T18:02:00+00:00
[2023-04-02 18:02:03,432] {processor.py:161} INFO - Processing /home/airflow/.local/lib/python3.7/site-packages/airflow/example_dags/example_sla_dag.py took 0.228 seconds
[2023-04-02 18:02:33,489] {processor.py:153} INFO - Started process (PID=887) to work on /home/airflow/.local/lib/python3.7/site-packages/airflow/example_dags/example_sla_dag.py
[2023-04-02 18:02:33,490] {processor.py:641} INFO - Processing file /home/airflow/.local/lib/python3.7/site-packages/airflow/example_dags/example_sla_dag.py for tasks to queue
[2023-04-02 18:02:33,492] {logging_mixin.py:115} INFO - [2023-04-02 18:02:33,492] {dagbag.py:507} INFO - Filling up the DagBag from /home/airflow/.local/lib/python3.7/site-packages/airflow/example_dags/example_sla_dag.py
[2023-04-02 18:02:33,512] {processor.py:651} INFO - DAG(s) dict_keys(['example_sla_dag']) retrieved from /home/airflow/.local/lib/python3.7/site-packages/airflow/example_dags/example_sla_dag.py
[2023-04-02 18:02:33,540] {logging_mixin.py:115} INFO - [2023-04-02 18:02:33,540] {dag.py:2371} INFO - Sync 1 DAGs
[2023-04-02 18:02:33,685] {logging_mixin.py:115} INFO - [2023-04-02 18:02:33,685] {dag.py:2919} INFO - Setting next_dagrun for example_sla_dag to 2023-04-02T18:00:00+00:00, run_after=2023-04-02T18:02:00+00:00
[2023-04-02 18:02:33,698] {processor.py:161} INFO - Processing /home/airflow/.local/lib/python3.7/site-packages/airflow/example_dags/example_sla_dag.py took 0.214 seconds
[2023-04-02 18:03:03,817] {processor.py:153} INFO - Started process (PID=941) to work on /home/airflow/.local/lib/python3.7/site-packages/airflow/example_dags/example_sla_dag.py
[2023-04-02 18:03:03,819] {processor.py:641} INFO - Processing file /home/airflow/.local/lib/python3.7/site-packages/airflow/example_dags/example_sla_dag.py for tasks to queue
[2023-04-02 18:03:03,820] {logging_mixin.py:115} INFO - [2023-04-02 18:03:03,820] {dagbag.py:507} INFO - Filling up the DagBag from /home/airflow/.local/lib/python3.7/site-packages/airflow/example_dags/example_sla_dag.py
[2023-04-02 18:03:03,838] {processor.py:651} INFO - DAG(s) dict_keys(['example_sla_dag']) retrieved from /home/airflow/.local/lib/python3.7/site-packages/airflow/example_dags/example_sla_dag.py
[2023-04-02 18:03:03,864] {logging_mixin.py:115} INFO - [2023-04-02 18:03:03,864] {dag.py:2371} INFO - Sync 1 DAGs
[2023-04-02 18:03:04,010] {logging_mixin.py:115} INFO - [2023-04-02 18:03:04,009] {dag.py:2919} INFO - Setting next_dagrun for example_sla_dag to 2023-04-02T18:00:00+00:00, run_after=2023-04-02T18:02:00+00:00
[2023-04-02 18:03:04,023] {processor.py:161} INFO - Processing /home/airflow/.local/lib/python3.7/site-packages/airflow/example_dags/example_sla_dag.py took 0.209 seconds
[2023-04-02 18:03:34,395] {processor.py:153} INFO - Started process (PID=1004) to work on /home/airflow/.local/lib/python3.7/site-packages/airflow/example_dags/example_sla_dag.py
[2023-04-02 18:03:34,396] {processor.py:641} INFO - Processing file /home/airflow/.local/lib/python3.7/site-packages/airflow/example_dags/example_sla_dag.py for tasks to queue
[2023-04-02 18:03:34,397] {logging_mixin.py:115} INFO - [2023-04-02 18:03:34,397] {dagbag.py:507} INFO - Filling up the DagBag from /home/airflow/.local/lib/python3.7/site-packages/airflow/example_dags/example_sla_dag.py
[2023-04-02 18:03:34,417] {processor.py:651} INFO - DAG(s) dict_keys(['example_sla_dag']) retrieved from /home/airflow/.local/lib/python3.7/site-packages/airflow/example_dags/example_sla_dag.py
[2023-04-02 18:03:34,446] {logging_mixin.py:115} INFO - [2023-04-02 18:03:34,446] {dag.py:2371} INFO - Sync 1 DAGs
[2023-04-02 18:03:34,602] {logging_mixin.py:115} INFO - [2023-04-02 18:03:34,602] {dag.py:2919} INFO - Setting next_dagrun for example_sla_dag to 2023-04-02T18:00:00+00:00, run_after=2023-04-02T18:02:00+00:00
[2023-04-02 18:03:34,616] {processor.py:161} INFO - Processing /home/airflow/.local/lib/python3.7/site-packages/airflow/example_dags/example_sla_dag.py took 0.225 seconds
[2023-04-02 18:04:04,950] {processor.py:153} INFO - Started process (PID=1067) to work on /home/airflow/.local/lib/python3.7/site-packages/airflow/example_dags/example_sla_dag.py
[2023-04-02 18:04:04,951] {processor.py:641} INFO - Processing file /home/airflow/.local/lib/python3.7/site-packages/airflow/example_dags/example_sla_dag.py for tasks to queue
[2023-04-02 18:04:04,953] {logging_mixin.py:115} INFO - [2023-04-02 18:04:04,953] {dagbag.py:507} INFO - Filling up the DagBag from /home/airflow/.local/lib/python3.7/site-packages/airflow/example_dags/example_sla_dag.py
[2023-04-02 18:04:04,972] {processor.py:651} INFO - DAG(s) dict_keys(['example_sla_dag']) retrieved from /home/airflow/.local/lib/python3.7/site-packages/airflow/example_dags/example_sla_dag.py
[2023-04-02 18:04:05,000] {logging_mixin.py:115} INFO - [2023-04-02 18:04:05,000] {dag.py:2371} INFO - Sync 1 DAGs
[2023-04-02 18:04:05,146] {logging_mixin.py:115} INFO - [2023-04-02 18:04:05,145] {dag.py:2919} INFO - Setting next_dagrun for example_sla_dag to 2023-04-02T18:02:00+00:00, run_after=2023-04-02T18:04:00+00:00
[2023-04-02 18:04:05,158] {processor.py:161} INFO - Processing /home/airflow/.local/lib/python3.7/site-packages/airflow/example_dags/example_sla_dag.py took 0.212 seconds
[2023-04-02 18:04:35,511] {processor.py:153} INFO - Started process (PID=1128) to work on /home/airflow/.local/lib/python3.7/site-packages/airflow/example_dags/example_sla_dag.py
[2023-04-02 18:04:35,513] {processor.py:641} INFO - Processing file /home/airflow/.local/lib/python3.7/site-packages/airflow/example_dags/example_sla_dag.py for tasks to queue
[2023-04-02 18:04:35,515] {logging_mixin.py:115} INFO - [2023-04-02 18:04:35,515] {dagbag.py:507} INFO - Filling up the DagBag from /home/airflow/.local/lib/python3.7/site-packages/airflow/example_dags/example_sla_dag.py
[2023-04-02 18:04:35,538] {processor.py:651} INFO - DAG(s) dict_keys(['example_sla_dag']) retrieved from /home/airflow/.local/lib/python3.7/site-packages/airflow/example_dags/example_sla_dag.py
[2023-04-02 18:04:35,576] {logging_mixin.py:115} INFO - [2023-04-02 18:04:35,576] {dag.py:2371} INFO - Sync 1 DAGs
[2023-04-02 18:04:35,728] {logging_mixin.py:115} INFO - [2023-04-02 18:04:35,727] {dag.py:2919} INFO - Setting next_dagrun for example_sla_dag to 2023-04-02T18:02:00+00:00, run_after=2023-04-02T18:04:00+00:00
[2023-04-02 18:04:35,779] {processor.py:161} INFO - Processing /home/airflow/.local/lib/python3.7/site-packages/airflow/example_dags/example_sla_dag.py took 0.271 seconds
[2023-04-02 18:05:06,177] {processor.py:153} INFO - Started process (PID=1184) to work on /home/airflow/.local/lib/python3.7/site-packages/airflow/example_dags/example_sla_dag.py
[2023-04-02 18:05:06,179] {processor.py:641} INFO - Processing file /home/airflow/.local/lib/python3.7/site-packages/airflow/example_dags/example_sla_dag.py for tasks to queue
[2023-04-02 18:05:06,180] {logging_mixin.py:115} INFO - [2023-04-02 18:05:06,180] {dagbag.py:507} INFO - Filling up the DagBag from /home/airflow/.local/lib/python3.7/site-packages/airflow/example_dags/example_sla_dag.py
[2023-04-02 18:05:06,199] {processor.py:651} INFO - DAG(s) dict_keys(['example_sla_dag']) retrieved from /home/airflow/.local/lib/python3.7/site-packages/airflow/example_dags/example_sla_dag.py
[2023-04-02 18:05:06,226] {logging_mixin.py:115} INFO - [2023-04-02 18:05:06,226] {dag.py:2371} INFO - Sync 1 DAGs
[2023-04-02 18:05:06,376] {logging_mixin.py:115} INFO - [2023-04-02 18:05:06,376] {dag.py:2919} INFO - Setting next_dagrun for example_sla_dag to 2023-04-02T18:02:00+00:00, run_after=2023-04-02T18:04:00+00:00
[2023-04-02 18:05:06,388] {processor.py:161} INFO - Processing /home/airflow/.local/lib/python3.7/site-packages/airflow/example_dags/example_sla_dag.py took 0.215 seconds
[2023-04-02 18:05:36,819] {processor.py:153} INFO - Started process (PID=1248) to work on /home/airflow/.local/lib/python3.7/site-packages/airflow/example_dags/example_sla_dag.py
[2023-04-02 18:05:36,821] {processor.py:641} INFO - Processing file /home/airflow/.local/lib/python3.7/site-packages/airflow/example_dags/example_sla_dag.py for tasks to queue
[2023-04-02 18:05:36,822] {logging_mixin.py:115} INFO - [2023-04-02 18:05:36,822] {dagbag.py:507} INFO - Filling up the DagBag from /home/airflow/.local/lib/python3.7/site-packages/airflow/example_dags/example_sla_dag.py
[2023-04-02 18:05:36,840] {processor.py:651} INFO - DAG(s) dict_keys(['example_sla_dag']) retrieved from /home/airflow/.local/lib/python3.7/site-packages/airflow/example_dags/example_sla_dag.py
[2023-04-02 18:05:36,868] {logging_mixin.py:115} INFO - [2023-04-02 18:05:36,867] {dag.py:2371} INFO - Sync 1 DAGs
[2023-04-02 18:05:37,017] {logging_mixin.py:115} INFO - [2023-04-02 18:05:37,016] {dag.py:2919} INFO - Setting next_dagrun for example_sla_dag to 2023-04-02T18:02:00+00:00, run_after=2023-04-02T18:04:00+00:00
[2023-04-02 18:05:37,029] {processor.py:161} INFO - Processing /home/airflow/.local/lib/python3.7/site-packages/airflow/example_dags/example_sla_dag.py took 0.213 seconds
[2023-04-02 18:06:07,521] {processor.py:153} INFO - Started process (PID=1312) to work on /home/airflow/.local/lib/python3.7/site-packages/airflow/example_dags/example_sla_dag.py
[2023-04-02 18:06:07,522] {processor.py:641} INFO - Processing file /home/airflow/.local/lib/python3.7/site-packages/airflow/example_dags/example_sla_dag.py for tasks to queue
[2023-04-02 18:06:07,523] {logging_mixin.py:115} INFO - [2023-04-02 18:06:07,523] {dagbag.py:507} INFO - Filling up the DagBag from /home/airflow/.local/lib/python3.7/site-packages/airflow/example_dags/example_sla_dag.py
[2023-04-02 18:06:07,543] {processor.py:651} INFO - DAG(s) dict_keys(['example_sla_dag']) retrieved from /home/airflow/.local/lib/python3.7/site-packages/airflow/example_dags/example_sla_dag.py
[2023-04-02 18:06:07,573] {logging_mixin.py:115} INFO - [2023-04-02 18:06:07,572] {dag.py:2371} INFO - Sync 1 DAGs
[2023-04-02 18:06:07,716] {logging_mixin.py:115} INFO - [2023-04-02 18:06:07,716] {dag.py:2919} INFO - Setting next_dagrun for example_sla_dag to 2023-04-02T18:04:00+00:00, run_after=2023-04-02T18:06:00+00:00
[2023-04-02 18:06:07,729] {processor.py:161} INFO - Processing /home/airflow/.local/lib/python3.7/site-packages/airflow/example_dags/example_sla_dag.py took 0.212 seconds
[2023-04-02 18:06:38,370] {processor.py:153} INFO - Started process (PID=1366) to work on /home/airflow/.local/lib/python3.7/site-packages/airflow/example_dags/example_sla_dag.py
[2023-04-02 18:06:38,371] {processor.py:641} INFO - Processing file /home/airflow/.local/lib/python3.7/site-packages/airflow/example_dags/example_sla_dag.py for tasks to queue
[2023-04-02 18:06:38,373] {logging_mixin.py:115} INFO - [2023-04-02 18:06:38,373] {dagbag.py:507} INFO - Filling up the DagBag from /home/airflow/.local/lib/python3.7/site-packages/airflow/example_dags/example_sla_dag.py
[2023-04-02 18:06:38,401] {processor.py:651} INFO - DAG(s) dict_keys(['example_sla_dag']) retrieved from /home/airflow/.local/lib/python3.7/site-packages/airflow/example_dags/example_sla_dag.py
[2023-04-02 18:06:38,434] {logging_mixin.py:115} INFO - [2023-04-02 18:06:38,433] {dag.py:2371} INFO - Sync 1 DAGs
[2023-04-02 18:06:38,585] {logging_mixin.py:115} INFO - [2023-04-02 18:06:38,585] {dag.py:2919} INFO - Setting next_dagrun for example_sla_dag to 2023-04-02T18:04:00+00:00, run_after=2023-04-02T18:06:00+00:00
[2023-04-02 18:06:38,597] {processor.py:161} INFO - Processing /home/airflow/.local/lib/python3.7/site-packages/airflow/example_dags/example_sla_dag.py took 0.232 seconds
[2023-04-02 18:07:09,032] {processor.py:153} INFO - Started process (PID=1429) to work on /home/airflow/.local/lib/python3.7/site-packages/airflow/example_dags/example_sla_dag.py
[2023-04-02 18:07:09,033] {processor.py:641} INFO - Processing file /home/airflow/.local/lib/python3.7/site-packages/airflow/example_dags/example_sla_dag.py for tasks to queue
[2023-04-02 18:07:09,035] {logging_mixin.py:115} INFO - [2023-04-02 18:07:09,034] {dagbag.py:507} INFO - Filling up the DagBag from /home/airflow/.local/lib/python3.7/site-packages/airflow/example_dags/example_sla_dag.py
[2023-04-02 18:07:09,055] {processor.py:651} INFO - DAG(s) dict_keys(['example_sla_dag']) retrieved from /home/airflow/.local/lib/python3.7/site-packages/airflow/example_dags/example_sla_dag.py
[2023-04-02 18:07:09,084] {logging_mixin.py:115} INFO - [2023-04-02 18:07:09,084] {dag.py:2371} INFO - Sync 1 DAGs
[2023-04-02 18:07:09,252] {logging_mixin.py:115} INFO - [2023-04-02 18:07:09,252] {dag.py:2919} INFO - Setting next_dagrun for example_sla_dag to 2023-04-02T18:04:00+00:00, run_after=2023-04-02T18:06:00+00:00
[2023-04-02 18:07:09,264] {processor.py:161} INFO - Processing /home/airflow/.local/lib/python3.7/site-packages/airflow/example_dags/example_sla_dag.py took 0.237 seconds
[2023-04-02 18:07:39,689] {processor.py:153} INFO - Started process (PID=1493) to work on /home/airflow/.local/lib/python3.7/site-packages/airflow/example_dags/example_sla_dag.py
[2023-04-02 18:07:39,691] {processor.py:641} INFO - Processing file /home/airflow/.local/lib/python3.7/site-packages/airflow/example_dags/example_sla_dag.py for tasks to queue
[2023-04-02 18:07:39,692] {logging_mixin.py:115} INFO - [2023-04-02 18:07:39,692] {dagbag.py:507} INFO - Filling up the DagBag from /home/airflow/.local/lib/python3.7/site-packages/airflow/example_dags/example_sla_dag.py
[2023-04-02 18:07:39,711] {processor.py:651} INFO - DAG(s) dict_keys(['example_sla_dag']) retrieved from /home/airflow/.local/lib/python3.7/site-packages/airflow/example_dags/example_sla_dag.py
[2023-04-02 18:07:39,740] {logging_mixin.py:115} INFO - [2023-04-02 18:07:39,740] {dag.py:2371} INFO - Sync 1 DAGs
[2023-04-02 18:07:39,883] {logging_mixin.py:115} INFO - [2023-04-02 18:07:39,883] {dag.py:2919} INFO - Setting next_dagrun for example_sla_dag to 2023-04-02T18:04:00+00:00, run_after=2023-04-02T18:06:00+00:00
[2023-04-02 18:07:39,895] {processor.py:161} INFO - Processing /home/airflow/.local/lib/python3.7/site-packages/airflow/example_dags/example_sla_dag.py took 0.211 seconds
[2023-04-02 18:08:10,533] {processor.py:153} INFO - Started process (PID=1556) to work on /home/airflow/.local/lib/python3.7/site-packages/airflow/example_dags/example_sla_dag.py
[2023-04-02 18:08:10,534] {processor.py:641} INFO - Processing file /home/airflow/.local/lib/python3.7/site-packages/airflow/example_dags/example_sla_dag.py for tasks to queue
[2023-04-02 18:08:10,536] {logging_mixin.py:115} INFO - [2023-04-02 18:08:10,535] {dagbag.py:507} INFO - Filling up the DagBag from /home/airflow/.local/lib/python3.7/site-packages/airflow/example_dags/example_sla_dag.py
[2023-04-02 18:08:10,557] {processor.py:651} INFO - DAG(s) dict_keys(['example_sla_dag']) retrieved from /home/airflow/.local/lib/python3.7/site-packages/airflow/example_dags/example_sla_dag.py
[2023-04-02 18:08:10,587] {logging_mixin.py:115} INFO - [2023-04-02 18:08:10,587] {dag.py:2371} INFO - Sync 1 DAGs
[2023-04-02 18:08:10,726] {logging_mixin.py:115} INFO - [2023-04-02 18:08:10,726] {dag.py:2919} INFO - Setting next_dagrun for example_sla_dag to 2023-04-02T18:06:00+00:00, run_after=2023-04-02T18:08:00+00:00
[2023-04-02 18:08:10,739] {processor.py:161} INFO - Processing /home/airflow/.local/lib/python3.7/site-packages/airflow/example_dags/example_sla_dag.py took 0.211 seconds
[2023-04-02 18:08:41,024] {processor.py:153} INFO - Started process (PID=1610) to work on /home/airflow/.local/lib/python3.7/site-packages/airflow/example_dags/example_sla_dag.py
[2023-04-02 18:08:41,025] {processor.py:641} INFO - Processing file /home/airflow/.local/lib/python3.7/site-packages/airflow/example_dags/example_sla_dag.py for tasks to queue
[2023-04-02 18:08:41,029] {logging_mixin.py:115} INFO - [2023-04-02 18:08:41,028] {dagbag.py:507} INFO - Filling up the DagBag from /home/airflow/.local/lib/python3.7/site-packages/airflow/example_dags/example_sla_dag.py
[2023-04-02 18:08:41,058] {processor.py:651} INFO - DAG(s) dict_keys(['example_sla_dag']) retrieved from /home/airflow/.local/lib/python3.7/site-packages/airflow/example_dags/example_sla_dag.py
[2023-04-02 18:08:41,092] {logging_mixin.py:115} INFO - [2023-04-02 18:08:41,092] {dag.py:2371} INFO - Sync 1 DAGs
[2023-04-02 18:08:41,240] {logging_mixin.py:115} INFO - [2023-04-02 18:08:41,240] {dag.py:2919} INFO - Setting next_dagrun for example_sla_dag to 2023-04-02T18:06:00+00:00, run_after=2023-04-02T18:08:00+00:00
[2023-04-02 18:08:41,252] {processor.py:161} INFO - Processing /home/airflow/.local/lib/python3.7/site-packages/airflow/example_dags/example_sla_dag.py took 0.234 seconds
[2023-04-02 18:09:11,808] {processor.py:153} INFO - Started process (PID=1673) to work on /home/airflow/.local/lib/python3.7/site-packages/airflow/example_dags/example_sla_dag.py
[2023-04-02 18:09:11,809] {processor.py:641} INFO - Processing file /home/airflow/.local/lib/python3.7/site-packages/airflow/example_dags/example_sla_dag.py for tasks to queue
[2023-04-02 18:09:11,810] {logging_mixin.py:115} INFO - [2023-04-02 18:09:11,810] {dagbag.py:507} INFO - Filling up the DagBag from /home/airflow/.local/lib/python3.7/site-packages/airflow/example_dags/example_sla_dag.py
[2023-04-02 18:09:11,830] {processor.py:651} INFO - DAG(s) dict_keys(['example_sla_dag']) retrieved from /home/airflow/.local/lib/python3.7/site-packages/airflow/example_dags/example_sla_dag.py
[2023-04-02 18:09:11,859] {logging_mixin.py:115} INFO - [2023-04-02 18:09:11,858] {dag.py:2371} INFO - Sync 1 DAGs
[2023-04-02 18:09:12,001] {logging_mixin.py:115} INFO - [2023-04-02 18:09:12,001] {dag.py:2919} INFO - Setting next_dagrun for example_sla_dag to 2023-04-02T18:06:00+00:00, run_after=2023-04-02T18:08:00+00:00
[2023-04-02 18:09:12,013] {processor.py:161} INFO - Processing /home/airflow/.local/lib/python3.7/site-packages/airflow/example_dags/example_sla_dag.py took 0.210 seconds
[2023-04-02 18:09:42,329] {processor.py:153} INFO - Started process (PID=1736) to work on /home/airflow/.local/lib/python3.7/site-packages/airflow/example_dags/example_sla_dag.py
[2023-04-02 18:09:42,331] {processor.py:641} INFO - Processing file /home/airflow/.local/lib/python3.7/site-packages/airflow/example_dags/example_sla_dag.py for tasks to queue
[2023-04-02 18:09:42,332] {logging_mixin.py:115} INFO - [2023-04-02 18:09:42,332] {dagbag.py:507} INFO - Filling up the DagBag from /home/airflow/.local/lib/python3.7/site-packages/airflow/example_dags/example_sla_dag.py
[2023-04-02 18:09:42,351] {processor.py:651} INFO - DAG(s) dict_keys(['example_sla_dag']) retrieved from /home/airflow/.local/lib/python3.7/site-packages/airflow/example_dags/example_sla_dag.py
[2023-04-02 18:09:42,381] {logging_mixin.py:115} INFO - [2023-04-02 18:09:42,381] {dag.py:2371} INFO - Sync 1 DAGs
[2023-04-02 18:09:42,531] {logging_mixin.py:115} INFO - [2023-04-02 18:09:42,531] {dag.py:2919} INFO - Setting next_dagrun for example_sla_dag to 2023-04-02T18:06:00+00:00, run_after=2023-04-02T18:08:00+00:00
[2023-04-02 18:09:42,544] {processor.py:161} INFO - Processing /home/airflow/.local/lib/python3.7/site-packages/airflow/example_dags/example_sla_dag.py took 0.218 seconds
[2023-04-02 18:10:13,028] {processor.py:153} INFO - Started process (PID=1790) to work on /home/airflow/.local/lib/python3.7/site-packages/airflow/example_dags/example_sla_dag.py
[2023-04-02 18:10:13,029] {processor.py:641} INFO - Processing file /home/airflow/.local/lib/python3.7/site-packages/airflow/example_dags/example_sla_dag.py for tasks to queue
[2023-04-02 18:10:13,031] {logging_mixin.py:115} INFO - [2023-04-02 18:10:13,030] {dagbag.py:507} INFO - Filling up the DagBag from /home/airflow/.local/lib/python3.7/site-packages/airflow/example_dags/example_sla_dag.py
[2023-04-02 18:10:13,052] {processor.py:651} INFO - DAG(s) dict_keys(['example_sla_dag']) retrieved from /home/airflow/.local/lib/python3.7/site-packages/airflow/example_dags/example_sla_dag.py
[2023-04-02 18:10:13,085] {logging_mixin.py:115} INFO - [2023-04-02 18:10:13,085] {dag.py:2371} INFO - Sync 1 DAGs
[2023-04-02 18:10:13,253] {logging_mixin.py:115} INFO - [2023-04-02 18:10:13,253] {dag.py:2919} INFO - Setting next_dagrun for example_sla_dag to 2023-04-02T18:08:00+00:00, run_after=2023-04-02T18:10:00+00:00
[2023-04-02 18:10:13,266] {processor.py:161} INFO - Processing /home/airflow/.local/lib/python3.7/site-packages/airflow/example_dags/example_sla_dag.py took 0.243 seconds
[2023-04-02 18:10:43,423] {processor.py:153} INFO - Started process (PID=1853) to work on /home/airflow/.local/lib/python3.7/site-packages/airflow/example_dags/example_sla_dag.py
[2023-04-02 18:10:43,424] {processor.py:641} INFO - Processing file /home/airflow/.local/lib/python3.7/site-packages/airflow/example_dags/example_sla_dag.py for tasks to queue
[2023-04-02 18:10:43,426] {logging_mixin.py:115} INFO - [2023-04-02 18:10:43,426] {dagbag.py:507} INFO - Filling up the DagBag from /home/airflow/.local/lib/python3.7/site-packages/airflow/example_dags/example_sla_dag.py
[2023-04-02 18:10:43,445] {processor.py:651} INFO - DAG(s) dict_keys(['example_sla_dag']) retrieved from /home/airflow/.local/lib/python3.7/site-packages/airflow/example_dags/example_sla_dag.py
[2023-04-02 18:10:43,477] {logging_mixin.py:115} INFO - [2023-04-02 18:10:43,476] {dag.py:2371} INFO - Sync 1 DAGs
[2023-04-02 18:10:43,505] {logging_mixin.py:115} INFO - [2023-04-02 18:10:43,505] {dag.py:2919} INFO - Setting next_dagrun for example_sla_dag to 2023-04-02T18:08:00+00:00, run_after=2023-04-02T18:10:00+00:00
[2023-04-02 18:10:43,515] {processor.py:161} INFO - Processing /home/airflow/.local/lib/python3.7/site-packages/airflow/example_dags/example_sla_dag.py took 0.098 seconds
[2023-04-02 18:11:13,631] {processor.py:153} INFO - Started process (PID=1916) to work on /home/airflow/.local/lib/python3.7/site-packages/airflow/example_dags/example_sla_dag.py
[2023-04-02 18:11:13,633] {processor.py:641} INFO - Processing file /home/airflow/.local/lib/python3.7/site-packages/airflow/example_dags/example_sla_dag.py for tasks to queue
[2023-04-02 18:11:13,634] {logging_mixin.py:115} INFO - [2023-04-02 18:11:13,634] {dagbag.py:507} INFO - Filling up the DagBag from /home/airflow/.local/lib/python3.7/site-packages/airflow/example_dags/example_sla_dag.py
[2023-04-02 18:11:13,655] {processor.py:651} INFO - DAG(s) dict_keys(['example_sla_dag']) retrieved from /home/airflow/.local/lib/python3.7/site-packages/airflow/example_dags/example_sla_dag.py
[2023-04-02 18:11:13,685] {logging_mixin.py:115} INFO - [2023-04-02 18:11:13,685] {dag.py:2371} INFO - Sync 1 DAGs
[2023-04-02 18:11:13,713] {logging_mixin.py:115} INFO - [2023-04-02 18:11:13,713] {dag.py:2919} INFO - Setting next_dagrun for example_sla_dag to 2023-04-02T18:08:00+00:00, run_after=2023-04-02T18:10:00+00:00
[2023-04-02 18:11:13,724] {processor.py:161} INFO - Processing /home/airflow/.local/lib/python3.7/site-packages/airflow/example_dags/example_sla_dag.py took 0.097 seconds
[2023-04-02 18:11:44,072] {processor.py:153} INFO - Started process (PID=1970) to work on /home/airflow/.local/lib/python3.7/site-packages/airflow/example_dags/example_sla_dag.py
[2023-04-02 18:11:44,074] {processor.py:641} INFO - Processing file /home/airflow/.local/lib/python3.7/site-packages/airflow/example_dags/example_sla_dag.py for tasks to queue
[2023-04-02 18:11:44,087] {logging_mixin.py:115} INFO - [2023-04-02 18:11:44,087] {dagbag.py:507} INFO - Filling up the DagBag from /home/airflow/.local/lib/python3.7/site-packages/airflow/example_dags/example_sla_dag.py
[2023-04-02 18:11:44,144] {processor.py:651} INFO - DAG(s) dict_keys(['example_sla_dag']) retrieved from /home/airflow/.local/lib/python3.7/site-packages/airflow/example_dags/example_sla_dag.py
[2023-04-02 18:11:44,225] {logging_mixin.py:115} INFO - [2023-04-02 18:11:44,225] {dag.py:2371} INFO - Sync 1 DAGs
[2023-04-02 18:11:44,294] {logging_mixin.py:115} INFO - [2023-04-02 18:11:44,294] {dag.py:2919} INFO - Setting next_dagrun for example_sla_dag to 2023-04-02T18:08:00+00:00, run_after=2023-04-02T18:10:00+00:00
[2023-04-02 18:11:44,314] {processor.py:161} INFO - Processing /home/airflow/.local/lib/python3.7/site-packages/airflow/example_dags/example_sla_dag.py took 0.247 seconds
[2023-04-02 18:12:14,723] {processor.py:153} INFO - Started process (PID=2033) to work on /home/airflow/.local/lib/python3.7/site-packages/airflow/example_dags/example_sla_dag.py
[2023-04-02 18:12:14,725] {processor.py:641} INFO - Processing file /home/airflow/.local/lib/python3.7/site-packages/airflow/example_dags/example_sla_dag.py for tasks to queue
[2023-04-02 18:12:14,726] {logging_mixin.py:115} INFO - [2023-04-02 18:12:14,726] {dagbag.py:507} INFO - Filling up the DagBag from /home/airflow/.local/lib/python3.7/site-packages/airflow/example_dags/example_sla_dag.py
[2023-04-02 18:12:14,744] {processor.py:651} INFO - DAG(s) dict_keys(['example_sla_dag']) retrieved from /home/airflow/.local/lib/python3.7/site-packages/airflow/example_dags/example_sla_dag.py
[2023-04-02 18:12:14,774] {logging_mixin.py:115} INFO - [2023-04-02 18:12:14,774] {dag.py:2371} INFO - Sync 1 DAGs
[2023-04-02 18:12:14,801] {logging_mixin.py:115} INFO - [2023-04-02 18:12:14,801] {dag.py:2919} INFO - Setting next_dagrun for example_sla_dag to 2023-04-02T18:10:00+00:00, run_after=2023-04-02T18:12:00+00:00
[2023-04-02 18:12:14,813] {processor.py:161} INFO - Processing /home/airflow/.local/lib/python3.7/site-packages/airflow/example_dags/example_sla_dag.py took 0.094 seconds
[2023-04-02 18:12:45,250] {processor.py:153} INFO - Started process (PID=2096) to work on /home/airflow/.local/lib/python3.7/site-packages/airflow/example_dags/example_sla_dag.py
[2023-04-02 18:12:45,251] {processor.py:641} INFO - Processing file /home/airflow/.local/lib/python3.7/site-packages/airflow/example_dags/example_sla_dag.py for tasks to queue
[2023-04-02 18:12:45,253] {logging_mixin.py:115} INFO - [2023-04-02 18:12:45,253] {dagbag.py:507} INFO - Filling up the DagBag from /home/airflow/.local/lib/python3.7/site-packages/airflow/example_dags/example_sla_dag.py
[2023-04-02 18:12:45,272] {processor.py:651} INFO - DAG(s) dict_keys(['example_sla_dag']) retrieved from /home/airflow/.local/lib/python3.7/site-packages/airflow/example_dags/example_sla_dag.py
[2023-04-02 18:12:45,303] {logging_mixin.py:115} INFO - [2023-04-02 18:12:45,303] {dag.py:2371} INFO - Sync 1 DAGs
[2023-04-02 18:12:45,330] {logging_mixin.py:115} INFO - [2023-04-02 18:12:45,330] {dag.py:2919} INFO - Setting next_dagrun for example_sla_dag to 2023-04-02T18:10:00+00:00, run_after=2023-04-02T18:12:00+00:00
[2023-04-02 18:12:45,342] {processor.py:161} INFO - Processing /home/airflow/.local/lib/python3.7/site-packages/airflow/example_dags/example_sla_dag.py took 0.096 seconds
[2023-04-02 18:13:15,504] {processor.py:153} INFO - Started process (PID=2159) to work on /home/airflow/.local/lib/python3.7/site-packages/airflow/example_dags/example_sla_dag.py
[2023-04-02 18:13:15,506] {processor.py:641} INFO - Processing file /home/airflow/.local/lib/python3.7/site-packages/airflow/example_dags/example_sla_dag.py for tasks to queue
[2023-04-02 18:13:15,507] {logging_mixin.py:115} INFO - [2023-04-02 18:13:15,507] {dagbag.py:507} INFO - Filling up the DagBag from /home/airflow/.local/lib/python3.7/site-packages/airflow/example_dags/example_sla_dag.py
[2023-04-02 18:13:15,526] {processor.py:651} INFO - DAG(s) dict_keys(['example_sla_dag']) retrieved from /home/airflow/.local/lib/python3.7/site-packages/airflow/example_dags/example_sla_dag.py
[2023-04-02 18:13:15,554] {logging_mixin.py:115} INFO - [2023-04-02 18:13:15,554] {dag.py:2371} INFO - Sync 1 DAGs
[2023-04-02 18:13:15,582] {logging_mixin.py:115} INFO - [2023-04-02 18:13:15,582] {dag.py:2919} INFO - Setting next_dagrun for example_sla_dag to 2023-04-02T18:10:00+00:00, run_after=2023-04-02T18:12:00+00:00
[2023-04-02 18:13:15,593] {processor.py:161} INFO - Processing /home/airflow/.local/lib/python3.7/site-packages/airflow/example_dags/example_sla_dag.py took 0.093 seconds
[2023-04-02 18:13:45,777] {processor.py:153} INFO - Started process (PID=2213) to work on /home/airflow/.local/lib/python3.7/site-packages/airflow/example_dags/example_sla_dag.py
[2023-04-02 18:13:45,780] {processor.py:641} INFO - Processing file /home/airflow/.local/lib/python3.7/site-packages/airflow/example_dags/example_sla_dag.py for tasks to queue
[2023-04-02 18:13:45,781] {logging_mixin.py:115} INFO - [2023-04-02 18:13:45,781] {dagbag.py:507} INFO - Filling up the DagBag from /home/airflow/.local/lib/python3.7/site-packages/airflow/example_dags/example_sla_dag.py
[2023-04-02 18:13:45,801] {processor.py:651} INFO - DAG(s) dict_keys(['example_sla_dag']) retrieved from /home/airflow/.local/lib/python3.7/site-packages/airflow/example_dags/example_sla_dag.py
[2023-04-02 18:13:45,830] {logging_mixin.py:115} INFO - [2023-04-02 18:13:45,830] {dag.py:2371} INFO - Sync 1 DAGs
[2023-04-02 18:13:45,855] {logging_mixin.py:115} INFO - [2023-04-02 18:13:45,855] {dag.py:2919} INFO - Setting next_dagrun for example_sla_dag to 2023-04-02T18:10:00+00:00, run_after=2023-04-02T18:12:00+00:00
[2023-04-02 18:13:45,865] {processor.py:161} INFO - Processing /home/airflow/.local/lib/python3.7/site-packages/airflow/example_dags/example_sla_dag.py took 0.094 seconds
[2023-04-02 18:14:16,215] {processor.py:153} INFO - Started process (PID=2276) to work on /home/airflow/.local/lib/python3.7/site-packages/airflow/example_dags/example_sla_dag.py
[2023-04-02 18:14:16,216] {processor.py:641} INFO - Processing file /home/airflow/.local/lib/python3.7/site-packages/airflow/example_dags/example_sla_dag.py for tasks to queue
[2023-04-02 18:14:16,218] {logging_mixin.py:115} INFO - [2023-04-02 18:14:16,218] {dagbag.py:507} INFO - Filling up the DagBag from /home/airflow/.local/lib/python3.7/site-packages/airflow/example_dags/example_sla_dag.py
[2023-04-02 18:14:16,238] {processor.py:651} INFO - DAG(s) dict_keys(['example_sla_dag']) retrieved from /home/airflow/.local/lib/python3.7/site-packages/airflow/example_dags/example_sla_dag.py
[2023-04-02 18:14:16,267] {logging_mixin.py:115} INFO - [2023-04-02 18:14:16,267] {dag.py:2371} INFO - Sync 1 DAGs
[2023-04-02 18:14:16,292] {logging_mixin.py:115} INFO - [2023-04-02 18:14:16,292] {dag.py:2919} INFO - Setting next_dagrun for example_sla_dag to 2023-04-02T18:12:00+00:00, run_after=2023-04-02T18:14:00+00:00
[2023-04-02 18:14:16,303] {processor.py:161} INFO - Processing /home/airflow/.local/lib/python3.7/site-packages/airflow/example_dags/example_sla_dag.py took 0.093 seconds
[2023-04-02 18:14:46,472] {processor.py:153} INFO - Started process (PID=2339) to work on /home/airflow/.local/lib/python3.7/site-packages/airflow/example_dags/example_sla_dag.py
[2023-04-02 18:14:46,473] {processor.py:641} INFO - Processing file /home/airflow/.local/lib/python3.7/site-packages/airflow/example_dags/example_sla_dag.py for tasks to queue
[2023-04-02 18:14:46,474] {logging_mixin.py:115} INFO - [2023-04-02 18:14:46,474] {dagbag.py:507} INFO - Filling up the DagBag from /home/airflow/.local/lib/python3.7/site-packages/airflow/example_dags/example_sla_dag.py
[2023-04-02 18:14:46,493] {processor.py:651} INFO - DAG(s) dict_keys(['example_sla_dag']) retrieved from /home/airflow/.local/lib/python3.7/site-packages/airflow/example_dags/example_sla_dag.py
[2023-04-02 18:14:46,522] {logging_mixin.py:115} INFO - [2023-04-02 18:14:46,521] {dag.py:2371} INFO - Sync 1 DAGs
[2023-04-02 18:14:46,547] {logging_mixin.py:115} INFO - [2023-04-02 18:14:46,547] {dag.py:2919} INFO - Setting next_dagrun for example_sla_dag to 2023-04-02T18:12:00+00:00, run_after=2023-04-02T18:14:00+00:00
[2023-04-02 18:14:46,558] {processor.py:161} INFO - Processing /home/airflow/.local/lib/python3.7/site-packages/airflow/example_dags/example_sla_dag.py took 0.090 seconds
[2023-04-02 18:15:17,384] {processor.py:153} INFO - Started process (PID=2393) to work on /home/airflow/.local/lib/python3.7/site-packages/airflow/example_dags/example_sla_dag.py
[2023-04-02 18:15:17,385] {processor.py:641} INFO - Processing file /home/airflow/.local/lib/python3.7/site-packages/airflow/example_dags/example_sla_dag.py for tasks to queue
[2023-04-02 18:15:17,387] {logging_mixin.py:115} INFO - [2023-04-02 18:15:17,387] {dagbag.py:507} INFO - Filling up the DagBag from /home/airflow/.local/lib/python3.7/site-packages/airflow/example_dags/example_sla_dag.py
[2023-04-02 18:15:17,406] {processor.py:651} INFO - DAG(s) dict_keys(['example_sla_dag']) retrieved from /home/airflow/.local/lib/python3.7/site-packages/airflow/example_dags/example_sla_dag.py
[2023-04-02 18:15:17,436] {logging_mixin.py:115} INFO - [2023-04-02 18:15:17,436] {dag.py:2371} INFO - Sync 1 DAGs
[2023-04-02 18:15:17,468] {logging_mixin.py:115} INFO - [2023-04-02 18:15:17,468] {dag.py:2919} INFO - Setting next_dagrun for example_sla_dag to 2023-04-02T18:12:00+00:00, run_after=2023-04-02T18:14:00+00:00
[2023-04-02 18:15:17,479] {processor.py:161} INFO - Processing /home/airflow/.local/lib/python3.7/site-packages/airflow/example_dags/example_sla_dag.py took 0.099 seconds
[2023-04-02 18:15:47,617] {processor.py:153} INFO - Started process (PID=2454) to work on /home/airflow/.local/lib/python3.7/site-packages/airflow/example_dags/example_sla_dag.py
[2023-04-02 18:15:47,619] {processor.py:641} INFO - Processing file /home/airflow/.local/lib/python3.7/site-packages/airflow/example_dags/example_sla_dag.py for tasks to queue
[2023-04-02 18:15:47,621] {logging_mixin.py:115} INFO - [2023-04-02 18:15:47,620] {dagbag.py:507} INFO - Filling up the DagBag from /home/airflow/.local/lib/python3.7/site-packages/airflow/example_dags/example_sla_dag.py
[2023-04-02 18:15:47,644] {processor.py:651} INFO - DAG(s) dict_keys(['example_sla_dag']) retrieved from /home/airflow/.local/lib/python3.7/site-packages/airflow/example_dags/example_sla_dag.py
[2023-04-02 18:15:47,670] {logging_mixin.py:115} INFO - [2023-04-02 18:15:47,669] {dag.py:2371} INFO - Sync 1 DAGs
[2023-04-02 18:15:47,696] {logging_mixin.py:115} INFO - [2023-04-02 18:15:47,696] {dag.py:2919} INFO - Setting next_dagrun for example_sla_dag to 2023-04-02T18:12:00+00:00, run_after=2023-04-02T18:14:00+00:00
[2023-04-02 18:15:47,707] {processor.py:161} INFO - Processing /home/airflow/.local/lib/python3.7/site-packages/airflow/example_dags/example_sla_dag.py took 0.093 seconds
[2023-04-02 18:16:18,204] {processor.py:153} INFO - Started process (PID=2517) to work on /home/airflow/.local/lib/python3.7/site-packages/airflow/example_dags/example_sla_dag.py
[2023-04-02 18:16:18,206] {processor.py:641} INFO - Processing file /home/airflow/.local/lib/python3.7/site-packages/airflow/example_dags/example_sla_dag.py for tasks to queue
[2023-04-02 18:16:18,207] {logging_mixin.py:115} INFO - [2023-04-02 18:16:18,207] {dagbag.py:507} INFO - Filling up the DagBag from /home/airflow/.local/lib/python3.7/site-packages/airflow/example_dags/example_sla_dag.py
[2023-04-02 18:16:18,236] {processor.py:651} INFO - DAG(s) dict_keys(['example_sla_dag']) retrieved from /home/airflow/.local/lib/python3.7/site-packages/airflow/example_dags/example_sla_dag.py
[2023-04-02 18:16:18,265] {logging_mixin.py:115} INFO - [2023-04-02 18:16:18,265] {dag.py:2371} INFO - Sync 1 DAGs
[2023-04-02 18:16:18,291] {logging_mixin.py:115} INFO - [2023-04-02 18:16:18,291] {dag.py:2919} INFO - Setting next_dagrun for example_sla_dag to 2023-04-02T18:14:00+00:00, run_after=2023-04-02T18:16:00+00:00
[2023-04-02 18:16:18,303] {processor.py:161} INFO - Processing /home/airflow/.local/lib/python3.7/site-packages/airflow/example_dags/example_sla_dag.py took 0.104 seconds
[2023-04-02 18:16:48,698] {processor.py:153} INFO - Started process (PID=2580) to work on /home/airflow/.local/lib/python3.7/site-packages/airflow/example_dags/example_sla_dag.py
[2023-04-02 18:16:48,700] {processor.py:641} INFO - Processing file /home/airflow/.local/lib/python3.7/site-packages/airflow/example_dags/example_sla_dag.py for tasks to queue
[2023-04-02 18:16:48,701] {logging_mixin.py:115} INFO - [2023-04-02 18:16:48,701] {dagbag.py:507} INFO - Filling up the DagBag from /home/airflow/.local/lib/python3.7/site-packages/airflow/example_dags/example_sla_dag.py
[2023-04-02 18:16:48,723] {processor.py:651} INFO - DAG(s) dict_keys(['example_sla_dag']) retrieved from /home/airflow/.local/lib/python3.7/site-packages/airflow/example_dags/example_sla_dag.py
[2023-04-02 18:16:48,751] {logging_mixin.py:115} INFO - [2023-04-02 18:16:48,751] {dag.py:2371} INFO - Sync 1 DAGs
[2023-04-02 18:16:48,780] {logging_mixin.py:115} INFO - [2023-04-02 18:16:48,780] {dag.py:2919} INFO - Setting next_dagrun for example_sla_dag to 2023-04-02T18:14:00+00:00, run_after=2023-04-02T18:16:00+00:00
[2023-04-02 18:16:48,792] {processor.py:161} INFO - Processing /home/airflow/.local/lib/python3.7/site-packages/airflow/example_dags/example_sla_dag.py took 0.098 seconds
[2023-04-02 18:17:19,273] {processor.py:153} INFO - Started process (PID=2634) to work on /home/airflow/.local/lib/python3.7/site-packages/airflow/example_dags/example_sla_dag.py
[2023-04-02 18:17:19,274] {processor.py:641} INFO - Processing file /home/airflow/.local/lib/python3.7/site-packages/airflow/example_dags/example_sla_dag.py for tasks to queue
[2023-04-02 18:17:19,276] {logging_mixin.py:115} INFO - [2023-04-02 18:17:19,275] {dagbag.py:507} INFO - Filling up the DagBag from /home/airflow/.local/lib/python3.7/site-packages/airflow/example_dags/example_sla_dag.py
[2023-04-02 18:17:19,297] {processor.py:651} INFO - DAG(s) dict_keys(['example_sla_dag']) retrieved from /home/airflow/.local/lib/python3.7/site-packages/airflow/example_dags/example_sla_dag.py
[2023-04-02 18:17:19,323] {logging_mixin.py:115} INFO - [2023-04-02 18:17:19,323] {dag.py:2371} INFO - Sync 1 DAGs
[2023-04-02 18:17:19,351] {logging_mixin.py:115} INFO - [2023-04-02 18:17:19,351] {dag.py:2919} INFO - Setting next_dagrun for example_sla_dag to 2023-04-02T18:14:00+00:00, run_after=2023-04-02T18:16:00+00:00
[2023-04-02 18:17:19,363] {processor.py:161} INFO - Processing /home/airflow/.local/lib/python3.7/site-packages/airflow/example_dags/example_sla_dag.py took 0.094 seconds
[2023-04-02 18:17:49,669] {processor.py:153} INFO - Started process (PID=2697) to work on /home/airflow/.local/lib/python3.7/site-packages/airflow/example_dags/example_sla_dag.py
[2023-04-02 18:17:49,670] {processor.py:641} INFO - Processing file /home/airflow/.local/lib/python3.7/site-packages/airflow/example_dags/example_sla_dag.py for tasks to queue
[2023-04-02 18:17:49,672] {logging_mixin.py:115} INFO - [2023-04-02 18:17:49,671] {dagbag.py:507} INFO - Filling up the DagBag from /home/airflow/.local/lib/python3.7/site-packages/airflow/example_dags/example_sla_dag.py
[2023-04-02 18:17:49,694] {processor.py:651} INFO - DAG(s) dict_keys(['example_sla_dag']) retrieved from /home/airflow/.local/lib/python3.7/site-packages/airflow/example_dags/example_sla_dag.py
[2023-04-02 18:17:49,721] {logging_mixin.py:115} INFO - [2023-04-02 18:17:49,721] {dag.py:2371} INFO - Sync 1 DAGs
[2023-04-02 18:17:49,748] {logging_mixin.py:115} INFO - [2023-04-02 18:17:49,748] {dag.py:2919} INFO - Setting next_dagrun for example_sla_dag to 2023-04-02T18:14:00+00:00, run_after=2023-04-02T18:16:00+00:00
[2023-04-02 18:17:49,762] {processor.py:161} INFO - Processing /home/airflow/.local/lib/python3.7/site-packages/airflow/example_dags/example_sla_dag.py took 0.098 seconds
[2023-04-02 18:18:20,134] {processor.py:153} INFO - Started process (PID=2761) to work on /home/airflow/.local/lib/python3.7/site-packages/airflow/example_dags/example_sla_dag.py
[2023-04-02 18:18:20,135] {processor.py:641} INFO - Processing file /home/airflow/.local/lib/python3.7/site-packages/airflow/example_dags/example_sla_dag.py for tasks to queue
[2023-04-02 18:18:20,136] {logging_mixin.py:115} INFO - [2023-04-02 18:18:20,136] {dagbag.py:507} INFO - Filling up the DagBag from /home/airflow/.local/lib/python3.7/site-packages/airflow/example_dags/example_sla_dag.py
[2023-04-02 18:18:20,158] {processor.py:651} INFO - DAG(s) dict_keys(['example_sla_dag']) retrieved from /home/airflow/.local/lib/python3.7/site-packages/airflow/example_dags/example_sla_dag.py
[2023-04-02 18:18:20,185] {logging_mixin.py:115} INFO - [2023-04-02 18:18:20,185] {dag.py:2371} INFO - Sync 1 DAGs
[2023-04-02 18:18:20,211] {logging_mixin.py:115} INFO - [2023-04-02 18:18:20,211] {dag.py:2919} INFO - Setting next_dagrun for example_sla_dag to 2023-04-02T18:16:00+00:00, run_after=2023-04-02T18:18:00+00:00
[2023-04-02 18:18:20,221] {processor.py:161} INFO - Processing /home/airflow/.local/lib/python3.7/site-packages/airflow/example_dags/example_sla_dag.py took 0.092 seconds
[2023-04-02 18:18:50,488] {processor.py:153} INFO - Started process (PID=2815) to work on /home/airflow/.local/lib/python3.7/site-packages/airflow/example_dags/example_sla_dag.py
[2023-04-02 18:18:50,489] {processor.py:641} INFO - Processing file /home/airflow/.local/lib/python3.7/site-packages/airflow/example_dags/example_sla_dag.py for tasks to queue
[2023-04-02 18:18:50,491] {logging_mixin.py:115} INFO - [2023-04-02 18:18:50,491] {dagbag.py:507} INFO - Filling up the DagBag from /home/airflow/.local/lib/python3.7/site-packages/airflow/example_dags/example_sla_dag.py
[2023-04-02 18:18:50,514] {processor.py:651} INFO - DAG(s) dict_keys(['example_sla_dag']) retrieved from /home/airflow/.local/lib/python3.7/site-packages/airflow/example_dags/example_sla_dag.py
[2023-04-02 18:18:50,542] {logging_mixin.py:115} INFO - [2023-04-02 18:18:50,541] {dag.py:2371} INFO - Sync 1 DAGs
[2023-04-02 18:18:50,569] {logging_mixin.py:115} INFO - [2023-04-02 18:18:50,568] {dag.py:2919} INFO - Setting next_dagrun for example_sla_dag to 2023-04-02T18:16:00+00:00, run_after=2023-04-02T18:18:00+00:00
[2023-04-02 18:18:50,580] {processor.py:161} INFO - Processing /home/airflow/.local/lib/python3.7/site-packages/airflow/example_dags/example_sla_dag.py took 0.096 seconds
[2023-04-02 18:19:20,885] {processor.py:153} INFO - Started process (PID=2879) to work on /home/airflow/.local/lib/python3.7/site-packages/airflow/example_dags/example_sla_dag.py
[2023-04-02 18:19:20,886] {processor.py:641} INFO - Processing file /home/airflow/.local/lib/python3.7/site-packages/airflow/example_dags/example_sla_dag.py for tasks to queue
[2023-04-02 18:19:20,887] {logging_mixin.py:115} INFO - [2023-04-02 18:19:20,887] {dagbag.py:507} INFO - Filling up the DagBag from /home/airflow/.local/lib/python3.7/site-packages/airflow/example_dags/example_sla_dag.py
[2023-04-02 18:19:20,907] {processor.py:651} INFO - DAG(s) dict_keys(['example_sla_dag']) retrieved from /home/airflow/.local/lib/python3.7/site-packages/airflow/example_dags/example_sla_dag.py
[2023-04-02 18:19:20,933] {logging_mixin.py:115} INFO - [2023-04-02 18:19:20,933] {dag.py:2371} INFO - Sync 1 DAGs
[2023-04-02 18:19:20,960] {logging_mixin.py:115} INFO - [2023-04-02 18:19:20,959] {dag.py:2919} INFO - Setting next_dagrun for example_sla_dag to 2023-04-02T18:16:00+00:00, run_after=2023-04-02T18:18:00+00:00
[2023-04-02 18:19:20,972] {processor.py:161} INFO - Processing /home/airflow/.local/lib/python3.7/site-packages/airflow/example_dags/example_sla_dag.py took 0.091 seconds
[2023-04-02 18:19:51,186] {processor.py:153} INFO - Started process (PID=2942) to work on /home/airflow/.local/lib/python3.7/site-packages/airflow/example_dags/example_sla_dag.py
[2023-04-02 18:19:51,188] {processor.py:641} INFO - Processing file /home/airflow/.local/lib/python3.7/site-packages/airflow/example_dags/example_sla_dag.py for tasks to queue
[2023-04-02 18:19:51,189] {logging_mixin.py:115} INFO - [2023-04-02 18:19:51,189] {dagbag.py:507} INFO - Filling up the DagBag from /home/airflow/.local/lib/python3.7/site-packages/airflow/example_dags/example_sla_dag.py
[2023-04-02 18:19:51,211] {processor.py:651} INFO - DAG(s) dict_keys(['example_sla_dag']) retrieved from /home/airflow/.local/lib/python3.7/site-packages/airflow/example_dags/example_sla_dag.py
[2023-04-02 18:19:51,236] {logging_mixin.py:115} INFO - [2023-04-02 18:19:51,236] {dag.py:2371} INFO - Sync 1 DAGs
[2023-04-02 18:19:51,262] {logging_mixin.py:115} INFO - [2023-04-02 18:19:51,262] {dag.py:2919} INFO - Setting next_dagrun for example_sla_dag to 2023-04-02T18:16:00+00:00, run_after=2023-04-02T18:18:00+00:00
[2023-04-02 18:19:51,273] {processor.py:161} INFO - Processing /home/airflow/.local/lib/python3.7/site-packages/airflow/example_dags/example_sla_dag.py took 0.092 seconds
[2023-04-02 18:20:21,349] {processor.py:153} INFO - Started process (PID=2996) to work on /home/airflow/.local/lib/python3.7/site-packages/airflow/example_dags/example_sla_dag.py
[2023-04-02 18:20:21,350] {processor.py:641} INFO - Processing file /home/airflow/.local/lib/python3.7/site-packages/airflow/example_dags/example_sla_dag.py for tasks to queue
[2023-04-02 18:20:21,351] {logging_mixin.py:115} INFO - [2023-04-02 18:20:21,351] {dagbag.py:507} INFO - Filling up the DagBag from /home/airflow/.local/lib/python3.7/site-packages/airflow/example_dags/example_sla_dag.py
[2023-04-02 18:20:21,373] {processor.py:651} INFO - DAG(s) dict_keys(['example_sla_dag']) retrieved from /home/airflow/.local/lib/python3.7/site-packages/airflow/example_dags/example_sla_dag.py
[2023-04-02 18:20:21,400] {logging_mixin.py:115} INFO - [2023-04-02 18:20:21,400] {dag.py:2371} INFO - Sync 1 DAGs
[2023-04-02 18:20:21,427] {logging_mixin.py:115} INFO - [2023-04-02 18:20:21,426] {dag.py:2919} INFO - Setting next_dagrun for example_sla_dag to 2023-04-02T18:18:00+00:00, run_after=2023-04-02T18:20:00+00:00
[2023-04-02 18:20:21,438] {processor.py:161} INFO - Processing /home/airflow/.local/lib/python3.7/site-packages/airflow/example_dags/example_sla_dag.py took 0.094 seconds
[2023-04-02 18:20:51,577] {processor.py:153} INFO - Started process (PID=3059) to work on /home/airflow/.local/lib/python3.7/site-packages/airflow/example_dags/example_sla_dag.py
[2023-04-02 18:20:51,579] {processor.py:641} INFO - Processing file /home/airflow/.local/lib/python3.7/site-packages/airflow/example_dags/example_sla_dag.py for tasks to queue
[2023-04-02 18:20:51,580] {logging_mixin.py:115} INFO - [2023-04-02 18:20:51,580] {dagbag.py:507} INFO - Filling up the DagBag from /home/airflow/.local/lib/python3.7/site-packages/airflow/example_dags/example_sla_dag.py
[2023-04-02 18:20:51,602] {processor.py:651} INFO - DAG(s) dict_keys(['example_sla_dag']) retrieved from /home/airflow/.local/lib/python3.7/site-packages/airflow/example_dags/example_sla_dag.py
[2023-04-02 18:20:51,628] {logging_mixin.py:115} INFO - [2023-04-02 18:20:51,628] {dag.py:2371} INFO - Sync 1 DAGs
[2023-04-02 18:20:51,656] {logging_mixin.py:115} INFO - [2023-04-02 18:20:51,656] {dag.py:2919} INFO - Setting next_dagrun for example_sla_dag to 2023-04-02T18:18:00+00:00, run_after=2023-04-02T18:20:00+00:00
[2023-04-02 18:20:51,667] {processor.py:161} INFO - Processing /home/airflow/.local/lib/python3.7/site-packages/airflow/example_dags/example_sla_dag.py took 0.094 seconds
[2023-04-02 18:21:22,167] {processor.py:153} INFO - Started process (PID=3122) to work on /home/airflow/.local/lib/python3.7/site-packages/airflow/example_dags/example_sla_dag.py
[2023-04-02 18:21:22,168] {processor.py:641} INFO - Processing file /home/airflow/.local/lib/python3.7/site-packages/airflow/example_dags/example_sla_dag.py for tasks to queue
[2023-04-02 18:21:22,169] {logging_mixin.py:115} INFO - [2023-04-02 18:21:22,169] {dagbag.py:507} INFO - Filling up the DagBag from /home/airflow/.local/lib/python3.7/site-packages/airflow/example_dags/example_sla_dag.py
[2023-04-02 18:21:22,191] {processor.py:651} INFO - DAG(s) dict_keys(['example_sla_dag']) retrieved from /home/airflow/.local/lib/python3.7/site-packages/airflow/example_dags/example_sla_dag.py
[2023-04-02 18:21:22,217] {logging_mixin.py:115} INFO - [2023-04-02 18:21:22,217] {dag.py:2371} INFO - Sync 1 DAGs
[2023-04-02 18:21:22,243] {logging_mixin.py:115} INFO - [2023-04-02 18:21:22,243] {dag.py:2919} INFO - Setting next_dagrun for example_sla_dag to 2023-04-02T18:18:00+00:00, run_after=2023-04-02T18:20:00+00:00
[2023-04-02 18:21:22,254] {processor.py:161} INFO - Processing /home/airflow/.local/lib/python3.7/site-packages/airflow/example_dags/example_sla_dag.py took 0.090 seconds
[2023-04-02 18:21:52,548] {processor.py:153} INFO - Started process (PID=3183) to work on /home/airflow/.local/lib/python3.7/site-packages/airflow/example_dags/example_sla_dag.py
[2023-04-02 18:21:52,550] {processor.py:641} INFO - Processing file /home/airflow/.local/lib/python3.7/site-packages/airflow/example_dags/example_sla_dag.py for tasks to queue
[2023-04-02 18:21:52,551] {logging_mixin.py:115} INFO - [2023-04-02 18:21:52,551] {dagbag.py:507} INFO - Filling up the DagBag from /home/airflow/.local/lib/python3.7/site-packages/airflow/example_dags/example_sla_dag.py
[2023-04-02 18:21:52,572] {processor.py:651} INFO - DAG(s) dict_keys(['example_sla_dag']) retrieved from /home/airflow/.local/lib/python3.7/site-packages/airflow/example_dags/example_sla_dag.py
[2023-04-02 18:21:52,598] {logging_mixin.py:115} INFO - [2023-04-02 18:21:52,598] {dag.py:2371} INFO - Sync 1 DAGs
[2023-04-02 18:21:52,625] {logging_mixin.py:115} INFO - [2023-04-02 18:21:52,625] {dag.py:2919} INFO - Setting next_dagrun for example_sla_dag to 2023-04-02T18:18:00+00:00, run_after=2023-04-02T18:20:00+00:00
[2023-04-02 18:21:52,637] {processor.py:161} INFO - Processing /home/airflow/.local/lib/python3.7/site-packages/airflow/example_dags/example_sla_dag.py took 0.092 seconds
[2023-04-02 18:22:22,966] {processor.py:153} INFO - Started process (PID=3239) to work on /home/airflow/.local/lib/python3.7/site-packages/airflow/example_dags/example_sla_dag.py
[2023-04-02 18:22:22,968] {processor.py:641} INFO - Processing file /home/airflow/.local/lib/python3.7/site-packages/airflow/example_dags/example_sla_dag.py for tasks to queue
[2023-04-02 18:22:22,969] {logging_mixin.py:115} INFO - [2023-04-02 18:22:22,969] {dagbag.py:507} INFO - Filling up the DagBag from /home/airflow/.local/lib/python3.7/site-packages/airflow/example_dags/example_sla_dag.py
[2023-04-02 18:22:22,991] {processor.py:651} INFO - DAG(s) dict_keys(['example_sla_dag']) retrieved from /home/airflow/.local/lib/python3.7/site-packages/airflow/example_dags/example_sla_dag.py
[2023-04-02 18:22:23,018] {logging_mixin.py:115} INFO - [2023-04-02 18:22:23,018] {dag.py:2371} INFO - Sync 1 DAGs
[2023-04-02 18:22:23,044] {logging_mixin.py:115} INFO - [2023-04-02 18:22:23,044] {dag.py:2919} INFO - Setting next_dagrun for example_sla_dag to 2023-04-02T18:20:00+00:00, run_after=2023-04-02T18:22:00+00:00
[2023-04-02 18:22:23,056] {processor.py:161} INFO - Processing /home/airflow/.local/lib/python3.7/site-packages/airflow/example_dags/example_sla_dag.py took 0.094 seconds
[2023-04-02 18:22:53,318] {processor.py:153} INFO - Started process (PID=3302) to work on /home/airflow/.local/lib/python3.7/site-packages/airflow/example_dags/example_sla_dag.py
[2023-04-02 18:22:53,320] {processor.py:641} INFO - Processing file /home/airflow/.local/lib/python3.7/site-packages/airflow/example_dags/example_sla_dag.py for tasks to queue
[2023-04-02 18:22:53,322] {logging_mixin.py:115} INFO - [2023-04-02 18:22:53,321] {dagbag.py:507} INFO - Filling up the DagBag from /home/airflow/.local/lib/python3.7/site-packages/airflow/example_dags/example_sla_dag.py
[2023-04-02 18:22:53,348] {processor.py:651} INFO - DAG(s) dict_keys(['example_sla_dag']) retrieved from /home/airflow/.local/lib/python3.7/site-packages/airflow/example_dags/example_sla_dag.py
[2023-04-02 18:22:53,379] {logging_mixin.py:115} INFO - [2023-04-02 18:22:53,379] {dag.py:2371} INFO - Sync 1 DAGs
[2023-04-02 18:22:53,406] {logging_mixin.py:115} INFO - [2023-04-02 18:22:53,406] {dag.py:2919} INFO - Setting next_dagrun for example_sla_dag to 2023-04-02T18:20:00+00:00, run_after=2023-04-02T18:22:00+00:00
[2023-04-02 18:22:53,418] {processor.py:161} INFO - Processing /home/airflow/.local/lib/python3.7/site-packages/airflow/example_dags/example_sla_dag.py took 0.104 seconds
[2023-04-02 18:23:23,609] {processor.py:153} INFO - Started process (PID=3365) to work on /home/airflow/.local/lib/python3.7/site-packages/airflow/example_dags/example_sla_dag.py
[2023-04-02 18:23:23,610] {processor.py:641} INFO - Processing file /home/airflow/.local/lib/python3.7/site-packages/airflow/example_dags/example_sla_dag.py for tasks to queue
[2023-04-02 18:23:23,611] {logging_mixin.py:115} INFO - [2023-04-02 18:23:23,611] {dagbag.py:507} INFO - Filling up the DagBag from /home/airflow/.local/lib/python3.7/site-packages/airflow/example_dags/example_sla_dag.py
[2023-04-02 18:23:23,634] {processor.py:651} INFO - DAG(s) dict_keys(['example_sla_dag']) retrieved from /home/airflow/.local/lib/python3.7/site-packages/airflow/example_dags/example_sla_dag.py
[2023-04-02 18:23:23,666] {logging_mixin.py:115} INFO - [2023-04-02 18:23:23,666] {dag.py:2371} INFO - Sync 1 DAGs
[2023-04-02 18:23:23,700] {logging_mixin.py:115} INFO - [2023-04-02 18:23:23,700] {dag.py:2919} INFO - Setting next_dagrun for example_sla_dag to 2023-04-02T18:20:00+00:00, run_after=2023-04-02T18:22:00+00:00
[2023-04-02 18:23:23,713] {processor.py:161} INFO - Processing /home/airflow/.local/lib/python3.7/site-packages/airflow/example_dags/example_sla_dag.py took 0.109 seconds
