[2023-04-02 17:55:24,583] {processor.py:153} INFO - Started process (PID=58) to work on /home/airflow/.local/lib/python3.7/site-packages/airflow/example_dags/example_xcomargs.py
[2023-04-02 17:55:24,585] {processor.py:641} INFO - Processing file /home/airflow/.local/lib/python3.7/site-packages/airflow/example_dags/example_xcomargs.py for tasks to queue
[2023-04-02 17:55:24,586] {logging_mixin.py:115} INFO - [2023-04-02 17:55:24,586] {dagbag.py:507} INFO - Filling up the DagBag from /home/airflow/.local/lib/python3.7/site-packages/airflow/example_dags/example_xcomargs.py
[2023-04-02 17:55:24,608] {processor.py:651} INFO - DAG(s) dict_keys(['example_xcom_args', 'example_xcom_args_with_operators']) retrieved from /home/airflow/.local/lib/python3.7/site-packages/airflow/example_dags/example_xcomargs.py
[2023-04-02 17:55:25,109] {logging_mixin.py:115} INFO - [2023-04-02 17:55:25,109] {manager.py:508} INFO - Created Permission View: can edit on DAG:example_xcom_args
[2023-04-02 17:55:25,124] {logging_mixin.py:115} INFO - [2023-04-02 17:55:25,124] {manager.py:508} INFO - Created Permission View: can delete on DAG:example_xcom_args
[2023-04-02 17:55:25,134] {logging_mixin.py:115} INFO - [2023-04-02 17:55:25,134] {manager.py:508} INFO - Created Permission View: can read on DAG:example_xcom_args
[2023-04-02 17:55:25,152] {logging_mixin.py:115} INFO - [2023-04-02 17:55:25,152] {manager.py:508} INFO - Created Permission View: can edit on DAG:example_xcom_args_with_operators
[2023-04-02 17:55:25,164] {logging_mixin.py:115} INFO - [2023-04-02 17:55:25,164] {manager.py:508} INFO - Created Permission View: can delete on DAG:example_xcom_args_with_operators
[2023-04-02 17:55:25,177] {logging_mixin.py:115} INFO - [2023-04-02 17:55:25,177] {manager.py:508} INFO - Created Permission View: can read on DAG:example_xcom_args_with_operators
[2023-04-02 17:55:25,179] {logging_mixin.py:115} INFO - [2023-04-02 17:55:25,179] {dag.py:2371} INFO - Sync 2 DAGs
[2023-04-02 17:55:25,191] {logging_mixin.py:115} INFO - [2023-04-02 17:55:25,191] {dag.py:2390} INFO - Creating ORM DAG for example_xcom_args
[2023-04-02 17:55:25,193] {logging_mixin.py:115} INFO - [2023-04-02 17:55:25,193] {dag.py:2390} INFO - Creating ORM DAG for example_xcom_args_with_operators
[2023-04-02 17:55:25,212] {logging_mixin.py:115} INFO - [2023-04-02 17:55:25,212] {dag.py:2919} INFO - Setting next_dagrun for example_xcom_args to None, run_after=None
[2023-04-02 17:55:25,215] {logging_mixin.py:115} INFO - [2023-04-02 17:55:25,215] {dag.py:2919} INFO - Setting next_dagrun for example_xcom_args_with_operators to None, run_after=None
[2023-04-02 17:55:25,236] {processor.py:161} INFO - Processing /home/airflow/.local/lib/python3.7/site-packages/airflow/example_dags/example_xcomargs.py took 0.657 seconds
[2023-04-02 17:55:55,664] {processor.py:153} INFO - Started process (PID=110) to work on /home/airflow/.local/lib/python3.7/site-packages/airflow/example_dags/example_xcomargs.py
[2023-04-02 17:55:55,665] {processor.py:641} INFO - Processing file /home/airflow/.local/lib/python3.7/site-packages/airflow/example_dags/example_xcomargs.py for tasks to queue
[2023-04-02 17:55:55,666] {logging_mixin.py:115} INFO - [2023-04-02 17:55:55,666] {dagbag.py:507} INFO - Filling up the DagBag from /home/airflow/.local/lib/python3.7/site-packages/airflow/example_dags/example_xcomargs.py
[2023-04-02 17:55:55,690] {processor.py:651} INFO - DAG(s) dict_keys(['example_xcom_args', 'example_xcom_args_with_operators']) retrieved from /home/airflow/.local/lib/python3.7/site-packages/airflow/example_dags/example_xcomargs.py
[2023-04-02 17:55:55,885] {logging_mixin.py:115} INFO - [2023-04-02 17:55:55,885] {dag.py:2371} INFO - Sync 2 DAGs
[2023-04-02 17:55:55,904] {logging_mixin.py:115} INFO - [2023-04-02 17:55:55,904] {dag.py:2919} INFO - Setting next_dagrun for example_xcom_args to None, run_after=None
[2023-04-02 17:55:55,906] {logging_mixin.py:115} INFO - [2023-04-02 17:55:55,905] {dag.py:2919} INFO - Setting next_dagrun for example_xcom_args_with_operators to None, run_after=None
[2023-04-02 17:55:55,919] {processor.py:161} INFO - Processing /home/airflow/.local/lib/python3.7/site-packages/airflow/example_dags/example_xcomargs.py took 0.259 seconds
[2023-04-02 17:56:26,753] {processor.py:153} INFO - Started process (PID=171) to work on /home/airflow/.local/lib/python3.7/site-packages/airflow/example_dags/example_xcomargs.py
[2023-04-02 17:56:26,754] {processor.py:641} INFO - Processing file /home/airflow/.local/lib/python3.7/site-packages/airflow/example_dags/example_xcomargs.py for tasks to queue
[2023-04-02 17:56:26,755] {logging_mixin.py:115} INFO - [2023-04-02 17:56:26,755] {dagbag.py:507} INFO - Filling up the DagBag from /home/airflow/.local/lib/python3.7/site-packages/airflow/example_dags/example_xcomargs.py
[2023-04-02 17:56:26,782] {processor.py:651} INFO - DAG(s) dict_keys(['example_xcom_args', 'example_xcom_args_with_operators']) retrieved from /home/airflow/.local/lib/python3.7/site-packages/airflow/example_dags/example_xcomargs.py
[2023-04-02 17:56:26,977] {logging_mixin.py:115} INFO - [2023-04-02 17:56:26,977] {dag.py:2371} INFO - Sync 2 DAGs
[2023-04-02 17:56:27,001] {logging_mixin.py:115} INFO - [2023-04-02 17:56:27,001] {dag.py:2919} INFO - Setting next_dagrun for example_xcom_args to None, run_after=None
[2023-04-02 17:56:27,002] {logging_mixin.py:115} INFO - [2023-04-02 17:56:27,002] {dag.py:2919} INFO - Setting next_dagrun for example_xcom_args_with_operators to None, run_after=None
[2023-04-02 17:56:27,015] {processor.py:161} INFO - Processing /home/airflow/.local/lib/python3.7/site-packages/airflow/example_dags/example_xcomargs.py took 0.267 seconds
[2023-04-02 17:56:57,581] {processor.py:153} INFO - Started process (PID=232) to work on /home/airflow/.local/lib/python3.7/site-packages/airflow/example_dags/example_xcomargs.py
[2023-04-02 17:56:57,582] {processor.py:641} INFO - Processing file /home/airflow/.local/lib/python3.7/site-packages/airflow/example_dags/example_xcomargs.py for tasks to queue
[2023-04-02 17:56:57,584] {logging_mixin.py:115} INFO - [2023-04-02 17:56:57,584] {dagbag.py:507} INFO - Filling up the DagBag from /home/airflow/.local/lib/python3.7/site-packages/airflow/example_dags/example_xcomargs.py
[2023-04-02 17:56:57,609] {processor.py:651} INFO - DAG(s) dict_keys(['example_xcom_args', 'example_xcom_args_with_operators']) retrieved from /home/airflow/.local/lib/python3.7/site-packages/airflow/example_dags/example_xcomargs.py
[2023-04-02 17:56:57,805] {logging_mixin.py:115} INFO - [2023-04-02 17:56:57,804] {dag.py:2371} INFO - Sync 2 DAGs
[2023-04-02 17:56:57,828] {logging_mixin.py:115} INFO - [2023-04-02 17:56:57,828] {dag.py:2919} INFO - Setting next_dagrun for example_xcom_args to None, run_after=None
[2023-04-02 17:56:57,829] {logging_mixin.py:115} INFO - [2023-04-02 17:56:57,829] {dag.py:2919} INFO - Setting next_dagrun for example_xcom_args_with_operators to None, run_after=None
[2023-04-02 17:56:57,842] {processor.py:161} INFO - Processing /home/airflow/.local/lib/python3.7/site-packages/airflow/example_dags/example_xcomargs.py took 0.265 seconds
[2023-04-02 17:57:28,520] {processor.py:153} INFO - Started process (PID=293) to work on /home/airflow/.local/lib/python3.7/site-packages/airflow/example_dags/example_xcomargs.py
[2023-04-02 17:57:28,522] {processor.py:641} INFO - Processing file /home/airflow/.local/lib/python3.7/site-packages/airflow/example_dags/example_xcomargs.py for tasks to queue
[2023-04-02 17:57:28,524] {logging_mixin.py:115} INFO - [2023-04-02 17:57:28,523] {dagbag.py:507} INFO - Filling up the DagBag from /home/airflow/.local/lib/python3.7/site-packages/airflow/example_dags/example_xcomargs.py
[2023-04-02 17:57:28,546] {processor.py:651} INFO - DAG(s) dict_keys(['example_xcom_args', 'example_xcom_args_with_operators']) retrieved from /home/airflow/.local/lib/python3.7/site-packages/airflow/example_dags/example_xcomargs.py
[2023-04-02 17:57:28,754] {logging_mixin.py:115} INFO - [2023-04-02 17:57:28,754] {dag.py:2371} INFO - Sync 2 DAGs
[2023-04-02 17:57:28,779] {logging_mixin.py:115} INFO - [2023-04-02 17:57:28,779] {dag.py:2919} INFO - Setting next_dagrun for example_xcom_args to None, run_after=None
[2023-04-02 17:57:28,804] {logging_mixin.py:115} INFO - [2023-04-02 17:57:28,804] {dag.py:2919} INFO - Setting next_dagrun for example_xcom_args_with_operators to None, run_after=None
[2023-04-02 17:57:28,817] {processor.py:161} INFO - Processing /home/airflow/.local/lib/python3.7/site-packages/airflow/example_dags/example_xcomargs.py took 0.301 seconds
[2023-04-02 17:57:59,662] {processor.py:153} INFO - Started process (PID=354) to work on /home/airflow/.local/lib/python3.7/site-packages/airflow/example_dags/example_xcomargs.py
[2023-04-02 17:57:59,664] {processor.py:641} INFO - Processing file /home/airflow/.local/lib/python3.7/site-packages/airflow/example_dags/example_xcomargs.py for tasks to queue
[2023-04-02 17:57:59,665] {logging_mixin.py:115} INFO - [2023-04-02 17:57:59,665] {dagbag.py:507} INFO - Filling up the DagBag from /home/airflow/.local/lib/python3.7/site-packages/airflow/example_dags/example_xcomargs.py
[2023-04-02 17:57:59,690] {processor.py:651} INFO - DAG(s) dict_keys(['example_xcom_args', 'example_xcom_args_with_operators']) retrieved from /home/airflow/.local/lib/python3.7/site-packages/airflow/example_dags/example_xcomargs.py
[2023-04-02 17:57:59,922] {logging_mixin.py:115} INFO - [2023-04-02 17:57:59,922] {dag.py:2371} INFO - Sync 2 DAGs
[2023-04-02 17:57:59,950] {logging_mixin.py:115} INFO - [2023-04-02 17:57:59,949] {dag.py:2919} INFO - Setting next_dagrun for example_xcom_args to None, run_after=None
[2023-04-02 17:57:59,952] {logging_mixin.py:115} INFO - [2023-04-02 17:57:59,952] {dag.py:2919} INFO - Setting next_dagrun for example_xcom_args_with_operators to None, run_after=None
[2023-04-02 17:57:59,971] {processor.py:161} INFO - Processing /home/airflow/.local/lib/python3.7/site-packages/airflow/example_dags/example_xcomargs.py took 0.313 seconds
[2023-04-02 17:58:30,927] {processor.py:153} INFO - Started process (PID=406) to work on /home/airflow/.local/lib/python3.7/site-packages/airflow/example_dags/example_xcomargs.py
[2023-04-02 17:58:30,928] {processor.py:641} INFO - Processing file /home/airflow/.local/lib/python3.7/site-packages/airflow/example_dags/example_xcomargs.py for tasks to queue
[2023-04-02 17:58:30,930] {logging_mixin.py:115} INFO - [2023-04-02 17:58:30,930] {dagbag.py:507} INFO - Filling up the DagBag from /home/airflow/.local/lib/python3.7/site-packages/airflow/example_dags/example_xcomargs.py
[2023-04-02 17:58:30,952] {processor.py:651} INFO - DAG(s) dict_keys(['example_xcom_args', 'example_xcom_args_with_operators']) retrieved from /home/airflow/.local/lib/python3.7/site-packages/airflow/example_dags/example_xcomargs.py
[2023-04-02 17:58:31,144] {logging_mixin.py:115} INFO - [2023-04-02 17:58:31,144] {dag.py:2371} INFO - Sync 2 DAGs
[2023-04-02 17:58:31,165] {logging_mixin.py:115} INFO - [2023-04-02 17:58:31,165] {dag.py:2919} INFO - Setting next_dagrun for example_xcom_args to None, run_after=None
[2023-04-02 17:58:31,166] {logging_mixin.py:115} INFO - [2023-04-02 17:58:31,166] {dag.py:2919} INFO - Setting next_dagrun for example_xcom_args_with_operators to None, run_after=None
[2023-04-02 17:58:31,179] {processor.py:161} INFO - Processing /home/airflow/.local/lib/python3.7/site-packages/airflow/example_dags/example_xcomargs.py took 0.257 seconds
[2023-04-02 17:59:01,833] {processor.py:153} INFO - Started process (PID=468) to work on /home/airflow/.local/lib/python3.7/site-packages/airflow/example_dags/example_xcomargs.py
[2023-04-02 17:59:01,835] {processor.py:641} INFO - Processing file /home/airflow/.local/lib/python3.7/site-packages/airflow/example_dags/example_xcomargs.py for tasks to queue
[2023-04-02 17:59:01,836] {logging_mixin.py:115} INFO - [2023-04-02 17:59:01,836] {dagbag.py:507} INFO - Filling up the DagBag from /home/airflow/.local/lib/python3.7/site-packages/airflow/example_dags/example_xcomargs.py
[2023-04-02 17:59:01,856] {processor.py:651} INFO - DAG(s) dict_keys(['example_xcom_args', 'example_xcom_args_with_operators']) retrieved from /home/airflow/.local/lib/python3.7/site-packages/airflow/example_dags/example_xcomargs.py
[2023-04-02 17:59:02,088] {logging_mixin.py:115} INFO - [2023-04-02 17:59:02,088] {dag.py:2371} INFO - Sync 2 DAGs
[2023-04-02 17:59:02,116] {logging_mixin.py:115} INFO - [2023-04-02 17:59:02,116] {dag.py:2919} INFO - Setting next_dagrun for example_xcom_args to None, run_after=None
[2023-04-02 17:59:02,118] {logging_mixin.py:115} INFO - [2023-04-02 17:59:02,118] {dag.py:2919} INFO - Setting next_dagrun for example_xcom_args_with_operators to None, run_after=None
[2023-04-02 17:59:02,133] {processor.py:161} INFO - Processing /home/airflow/.local/lib/python3.7/site-packages/airflow/example_dags/example_xcomargs.py took 0.304 seconds
[2023-04-02 17:59:32,201] {processor.py:153} INFO - Started process (PID=529) to work on /home/airflow/.local/lib/python3.7/site-packages/airflow/example_dags/example_xcomargs.py
[2023-04-02 17:59:32,203] {processor.py:641} INFO - Processing file /home/airflow/.local/lib/python3.7/site-packages/airflow/example_dags/example_xcomargs.py for tasks to queue
[2023-04-02 17:59:32,204] {logging_mixin.py:115} INFO - [2023-04-02 17:59:32,204] {dagbag.py:507} INFO - Filling up the DagBag from /home/airflow/.local/lib/python3.7/site-packages/airflow/example_dags/example_xcomargs.py
[2023-04-02 17:59:32,224] {processor.py:651} INFO - DAG(s) dict_keys(['example_xcom_args', 'example_xcom_args_with_operators']) retrieved from /home/airflow/.local/lib/python3.7/site-packages/airflow/example_dags/example_xcomargs.py
[2023-04-02 17:59:32,254] {logging_mixin.py:115} INFO - [2023-04-02 17:59:32,254] {dag.py:2371} INFO - Sync 2 DAGs
[2023-04-02 17:59:32,395] {logging_mixin.py:115} INFO - [2023-04-02 17:59:32,394] {dag.py:2919} INFO - Setting next_dagrun for example_xcom_args to None, run_after=None
[2023-04-02 17:59:32,396] {logging_mixin.py:115} INFO - [2023-04-02 17:59:32,396] {dag.py:2919} INFO - Setting next_dagrun for example_xcom_args_with_operators to None, run_after=None
[2023-04-02 17:59:32,411] {processor.py:161} INFO - Processing /home/airflow/.local/lib/python3.7/site-packages/airflow/example_dags/example_xcomargs.py took 0.213 seconds
[2023-04-02 18:00:02,506] {processor.py:153} INFO - Started process (PID=581) to work on /home/airflow/.local/lib/python3.7/site-packages/airflow/example_dags/example_xcomargs.py
[2023-04-02 18:00:02,507] {processor.py:641} INFO - Processing file /home/airflow/.local/lib/python3.7/site-packages/airflow/example_dags/example_xcomargs.py for tasks to queue
[2023-04-02 18:00:02,509] {logging_mixin.py:115} INFO - [2023-04-02 18:00:02,508] {dagbag.py:507} INFO - Filling up the DagBag from /home/airflow/.local/lib/python3.7/site-packages/airflow/example_dags/example_xcomargs.py
[2023-04-02 18:00:02,529] {processor.py:651} INFO - DAG(s) dict_keys(['example_xcom_args', 'example_xcom_args_with_operators']) retrieved from /home/airflow/.local/lib/python3.7/site-packages/airflow/example_dags/example_xcomargs.py
[2023-04-02 18:00:02,561] {logging_mixin.py:115} INFO - [2023-04-02 18:00:02,561] {dag.py:2371} INFO - Sync 2 DAGs
[2023-04-02 18:00:02,742] {logging_mixin.py:115} INFO - [2023-04-02 18:00:02,742] {dag.py:2919} INFO - Setting next_dagrun for example_xcom_args to None, run_after=None
[2023-04-02 18:00:02,752] {logging_mixin.py:115} INFO - [2023-04-02 18:00:02,752] {dag.py:2919} INFO - Setting next_dagrun for example_xcom_args_with_operators to None, run_after=None
[2023-04-02 18:00:02,770] {processor.py:161} INFO - Processing /home/airflow/.local/lib/python3.7/site-packages/airflow/example_dags/example_xcomargs.py took 0.268 seconds
[2023-04-02 18:00:33,391] {processor.py:153} INFO - Started process (PID=644) to work on /home/airflow/.local/lib/python3.7/site-packages/airflow/example_dags/example_xcomargs.py
[2023-04-02 18:00:33,392] {processor.py:641} INFO - Processing file /home/airflow/.local/lib/python3.7/site-packages/airflow/example_dags/example_xcomargs.py for tasks to queue
[2023-04-02 18:00:33,393] {logging_mixin.py:115} INFO - [2023-04-02 18:00:33,393] {dagbag.py:507} INFO - Filling up the DagBag from /home/airflow/.local/lib/python3.7/site-packages/airflow/example_dags/example_xcomargs.py
[2023-04-02 18:00:33,415] {processor.py:651} INFO - DAG(s) dict_keys(['example_xcom_args', 'example_xcom_args_with_operators']) retrieved from /home/airflow/.local/lib/python3.7/site-packages/airflow/example_dags/example_xcomargs.py
[2023-04-02 18:00:33,637] {logging_mixin.py:115} INFO - [2023-04-02 18:00:33,637] {dag.py:2371} INFO - Sync 2 DAGs
[2023-04-02 18:00:33,661] {logging_mixin.py:115} INFO - [2023-04-02 18:00:33,661] {dag.py:2919} INFO - Setting next_dagrun for example_xcom_args to None, run_after=None
[2023-04-02 18:00:33,662] {logging_mixin.py:115} INFO - [2023-04-02 18:00:33,662] {dag.py:2919} INFO - Setting next_dagrun for example_xcom_args_with_operators to None, run_after=None
[2023-04-02 18:00:33,678] {processor.py:161} INFO - Processing /home/airflow/.local/lib/python3.7/site-packages/airflow/example_dags/example_xcomargs.py took 0.291 seconds
[2023-04-02 18:01:04,124] {processor.py:153} INFO - Started process (PID=707) to work on /home/airflow/.local/lib/python3.7/site-packages/airflow/example_dags/example_xcomargs.py
[2023-04-02 18:01:04,125] {processor.py:641} INFO - Processing file /home/airflow/.local/lib/python3.7/site-packages/airflow/example_dags/example_xcomargs.py for tasks to queue
[2023-04-02 18:01:04,126] {logging_mixin.py:115} INFO - [2023-04-02 18:01:04,126] {dagbag.py:507} INFO - Filling up the DagBag from /home/airflow/.local/lib/python3.7/site-packages/airflow/example_dags/example_xcomargs.py
[2023-04-02 18:01:04,146] {processor.py:651} INFO - DAG(s) dict_keys(['example_xcom_args', 'example_xcom_args_with_operators']) retrieved from /home/airflow/.local/lib/python3.7/site-packages/airflow/example_dags/example_xcomargs.py
[2023-04-02 18:01:04,349] {logging_mixin.py:115} INFO - [2023-04-02 18:01:04,349] {dag.py:2371} INFO - Sync 2 DAGs
[2023-04-02 18:01:04,374] {logging_mixin.py:115} INFO - [2023-04-02 18:01:04,374] {dag.py:2919} INFO - Setting next_dagrun for example_xcom_args to None, run_after=None
[2023-04-02 18:01:04,397] {logging_mixin.py:115} INFO - [2023-04-02 18:01:04,397] {dag.py:2919} INFO - Setting next_dagrun for example_xcom_args_with_operators to None, run_after=None
[2023-04-02 18:01:04,411] {processor.py:161} INFO - Processing /home/airflow/.local/lib/python3.7/site-packages/airflow/example_dags/example_xcomargs.py took 0.291 seconds
[2023-04-02 18:01:34,544] {processor.py:153} INFO - Started process (PID=767) to work on /home/airflow/.local/lib/python3.7/site-packages/airflow/example_dags/example_xcomargs.py
[2023-04-02 18:01:34,545] {processor.py:641} INFO - Processing file /home/airflow/.local/lib/python3.7/site-packages/airflow/example_dags/example_xcomargs.py for tasks to queue
[2023-04-02 18:01:34,547] {logging_mixin.py:115} INFO - [2023-04-02 18:01:34,547] {dagbag.py:507} INFO - Filling up the DagBag from /home/airflow/.local/lib/python3.7/site-packages/airflow/example_dags/example_xcomargs.py
[2023-04-02 18:01:34,569] {processor.py:651} INFO - DAG(s) dict_keys(['example_xcom_args', 'example_xcom_args_with_operators']) retrieved from /home/airflow/.local/lib/python3.7/site-packages/airflow/example_dags/example_xcomargs.py
[2023-04-02 18:01:34,760] {logging_mixin.py:115} INFO - [2023-04-02 18:01:34,760] {dag.py:2371} INFO - Sync 2 DAGs
[2023-04-02 18:01:34,782] {logging_mixin.py:115} INFO - [2023-04-02 18:01:34,782] {dag.py:2919} INFO - Setting next_dagrun for example_xcom_args to None, run_after=None
[2023-04-02 18:01:34,784] {logging_mixin.py:115} INFO - [2023-04-02 18:01:34,784] {dag.py:2919} INFO - Setting next_dagrun for example_xcom_args_with_operators to None, run_after=None
[2023-04-02 18:01:34,797] {processor.py:161} INFO - Processing /home/airflow/.local/lib/python3.7/site-packages/airflow/example_dags/example_xcomargs.py took 0.257 seconds
[2023-04-02 18:02:04,962] {processor.py:153} INFO - Started process (PID=828) to work on /home/airflow/.local/lib/python3.7/site-packages/airflow/example_dags/example_xcomargs.py
[2023-04-02 18:02:04,963] {processor.py:641} INFO - Processing file /home/airflow/.local/lib/python3.7/site-packages/airflow/example_dags/example_xcomargs.py for tasks to queue
[2023-04-02 18:02:04,965] {logging_mixin.py:115} INFO - [2023-04-02 18:02:04,965] {dagbag.py:507} INFO - Filling up the DagBag from /home/airflow/.local/lib/python3.7/site-packages/airflow/example_dags/example_xcomargs.py
[2023-04-02 18:02:04,985] {processor.py:651} INFO - DAG(s) dict_keys(['example_xcom_args', 'example_xcom_args_with_operators']) retrieved from /home/airflow/.local/lib/python3.7/site-packages/airflow/example_dags/example_xcomargs.py
[2023-04-02 18:02:05,178] {logging_mixin.py:115} INFO - [2023-04-02 18:02:05,178] {dag.py:2371} INFO - Sync 2 DAGs
[2023-04-02 18:02:05,200] {logging_mixin.py:115} INFO - [2023-04-02 18:02:05,200] {dag.py:2919} INFO - Setting next_dagrun for example_xcom_args to None, run_after=None
[2023-04-02 18:02:05,201] {logging_mixin.py:115} INFO - [2023-04-02 18:02:05,201] {dag.py:2919} INFO - Setting next_dagrun for example_xcom_args_with_operators to None, run_after=None
[2023-04-02 18:02:05,214] {processor.py:161} INFO - Processing /home/airflow/.local/lib/python3.7/site-packages/airflow/example_dags/example_xcomargs.py took 0.257 seconds
[2023-04-02 18:02:35,491] {processor.py:153} INFO - Started process (PID=892) to work on /home/airflow/.local/lib/python3.7/site-packages/airflow/example_dags/example_xcomargs.py
[2023-04-02 18:02:35,492] {processor.py:641} INFO - Processing file /home/airflow/.local/lib/python3.7/site-packages/airflow/example_dags/example_xcomargs.py for tasks to queue
[2023-04-02 18:02:35,494] {logging_mixin.py:115} INFO - [2023-04-02 18:02:35,493] {dagbag.py:507} INFO - Filling up the DagBag from /home/airflow/.local/lib/python3.7/site-packages/airflow/example_dags/example_xcomargs.py
[2023-04-02 18:02:35,515] {processor.py:651} INFO - DAG(s) dict_keys(['example_xcom_args', 'example_xcom_args_with_operators']) retrieved from /home/airflow/.local/lib/python3.7/site-packages/airflow/example_dags/example_xcomargs.py
[2023-04-02 18:02:35,719] {logging_mixin.py:115} INFO - [2023-04-02 18:02:35,719] {dag.py:2371} INFO - Sync 2 DAGs
[2023-04-02 18:02:35,741] {logging_mixin.py:115} INFO - [2023-04-02 18:02:35,741] {dag.py:2919} INFO - Setting next_dagrun for example_xcom_args to None, run_after=None
[2023-04-02 18:02:35,742] {logging_mixin.py:115} INFO - [2023-04-02 18:02:35,742] {dag.py:2919} INFO - Setting next_dagrun for example_xcom_args_with_operators to None, run_after=None
[2023-04-02 18:02:35,757] {processor.py:161} INFO - Processing /home/airflow/.local/lib/python3.7/site-packages/airflow/example_dags/example_xcomargs.py took 0.270 seconds
[2023-04-02 18:03:05,828] {processor.py:153} INFO - Started process (PID=955) to work on /home/airflow/.local/lib/python3.7/site-packages/airflow/example_dags/example_xcomargs.py
[2023-04-02 18:03:05,830] {processor.py:641} INFO - Processing file /home/airflow/.local/lib/python3.7/site-packages/airflow/example_dags/example_xcomargs.py for tasks to queue
[2023-04-02 18:03:05,832] {logging_mixin.py:115} INFO - [2023-04-02 18:03:05,831] {dagbag.py:507} INFO - Filling up the DagBag from /home/airflow/.local/lib/python3.7/site-packages/airflow/example_dags/example_xcomargs.py
[2023-04-02 18:03:05,855] {processor.py:651} INFO - DAG(s) dict_keys(['example_xcom_args', 'example_xcom_args_with_operators']) retrieved from /home/airflow/.local/lib/python3.7/site-packages/airflow/example_dags/example_xcomargs.py
[2023-04-02 18:03:05,888] {logging_mixin.py:115} INFO - [2023-04-02 18:03:05,888] {dag.py:2371} INFO - Sync 2 DAGs
[2023-04-02 18:03:06,068] {logging_mixin.py:115} INFO - [2023-04-02 18:03:06,067] {dag.py:2919} INFO - Setting next_dagrun for example_xcom_args to None, run_after=None
[2023-04-02 18:03:06,069] {logging_mixin.py:115} INFO - [2023-04-02 18:03:06,069] {dag.py:2919} INFO - Setting next_dagrun for example_xcom_args_with_operators to None, run_after=None
[2023-04-02 18:03:06,086] {processor.py:161} INFO - Processing /home/airflow/.local/lib/python3.7/site-packages/airflow/example_dags/example_xcomargs.py took 0.263 seconds
[2023-04-02 18:03:36,186] {processor.py:153} INFO - Started process (PID=1008) to work on /home/airflow/.local/lib/python3.7/site-packages/airflow/example_dags/example_xcomargs.py
[2023-04-02 18:03:36,188] {processor.py:641} INFO - Processing file /home/airflow/.local/lib/python3.7/site-packages/airflow/example_dags/example_xcomargs.py for tasks to queue
[2023-04-02 18:03:36,189] {logging_mixin.py:115} INFO - [2023-04-02 18:03:36,189] {dagbag.py:507} INFO - Filling up the DagBag from /home/airflow/.local/lib/python3.7/site-packages/airflow/example_dags/example_xcomargs.py
[2023-04-02 18:03:36,211] {processor.py:651} INFO - DAG(s) dict_keys(['example_xcom_args', 'example_xcom_args_with_operators']) retrieved from /home/airflow/.local/lib/python3.7/site-packages/airflow/example_dags/example_xcomargs.py
[2023-04-02 18:03:36,247] {logging_mixin.py:115} INFO - [2023-04-02 18:03:36,247] {dag.py:2371} INFO - Sync 2 DAGs
[2023-04-02 18:03:36,400] {logging_mixin.py:115} INFO - [2023-04-02 18:03:36,400] {dag.py:2919} INFO - Setting next_dagrun for example_xcom_args to None, run_after=None
[2023-04-02 18:03:36,402] {logging_mixin.py:115} INFO - [2023-04-02 18:03:36,402] {dag.py:2919} INFO - Setting next_dagrun for example_xcom_args_with_operators to None, run_after=None
[2023-04-02 18:03:36,419] {processor.py:161} INFO - Processing /home/airflow/.local/lib/python3.7/site-packages/airflow/example_dags/example_xcomargs.py took 0.237 seconds
[2023-04-02 18:04:06,703] {processor.py:153} INFO - Started process (PID=1071) to work on /home/airflow/.local/lib/python3.7/site-packages/airflow/example_dags/example_xcomargs.py
[2023-04-02 18:04:06,704] {processor.py:641} INFO - Processing file /home/airflow/.local/lib/python3.7/site-packages/airflow/example_dags/example_xcomargs.py for tasks to queue
[2023-04-02 18:04:06,706] {logging_mixin.py:115} INFO - [2023-04-02 18:04:06,705] {dagbag.py:507} INFO - Filling up the DagBag from /home/airflow/.local/lib/python3.7/site-packages/airflow/example_dags/example_xcomargs.py
[2023-04-02 18:04:06,726] {processor.py:651} INFO - DAG(s) dict_keys(['example_xcom_args', 'example_xcom_args_with_operators']) retrieved from /home/airflow/.local/lib/python3.7/site-packages/airflow/example_dags/example_xcomargs.py
[2023-04-02 18:04:06,951] {logging_mixin.py:115} INFO - [2023-04-02 18:04:06,951] {dag.py:2371} INFO - Sync 2 DAGs
[2023-04-02 18:04:06,975] {logging_mixin.py:115} INFO - [2023-04-02 18:04:06,975] {dag.py:2919} INFO - Setting next_dagrun for example_xcom_args to None, run_after=None
[2023-04-02 18:04:06,977] {logging_mixin.py:115} INFO - [2023-04-02 18:04:06,977] {dag.py:2919} INFO - Setting next_dagrun for example_xcom_args_with_operators to None, run_after=None
[2023-04-02 18:04:06,994] {processor.py:161} INFO - Processing /home/airflow/.local/lib/python3.7/site-packages/airflow/example_dags/example_xcomargs.py took 0.295 seconds
[2023-04-02 18:04:37,367] {processor.py:153} INFO - Started process (PID=1134) to work on /home/airflow/.local/lib/python3.7/site-packages/airflow/example_dags/example_xcomargs.py
[2023-04-02 18:04:37,369] {processor.py:641} INFO - Processing file /home/airflow/.local/lib/python3.7/site-packages/airflow/example_dags/example_xcomargs.py for tasks to queue
[2023-04-02 18:04:37,371] {logging_mixin.py:115} INFO - [2023-04-02 18:04:37,370] {dagbag.py:507} INFO - Filling up the DagBag from /home/airflow/.local/lib/python3.7/site-packages/airflow/example_dags/example_xcomargs.py
[2023-04-02 18:04:37,393] {processor.py:651} INFO - DAG(s) dict_keys(['example_xcom_args', 'example_xcom_args_with_operators']) retrieved from /home/airflow/.local/lib/python3.7/site-packages/airflow/example_dags/example_xcomargs.py
[2023-04-02 18:04:37,426] {logging_mixin.py:115} INFO - [2023-04-02 18:04:37,426] {dag.py:2371} INFO - Sync 2 DAGs
[2023-04-02 18:04:37,582] {logging_mixin.py:115} INFO - [2023-04-02 18:04:37,581] {dag.py:2919} INFO - Setting next_dagrun for example_xcom_args to None, run_after=None
[2023-04-02 18:04:37,584] {logging_mixin.py:115} INFO - [2023-04-02 18:04:37,584] {dag.py:2919} INFO - Setting next_dagrun for example_xcom_args_with_operators to None, run_after=None
[2023-04-02 18:04:37,599] {processor.py:161} INFO - Processing /home/airflow/.local/lib/python3.7/site-packages/airflow/example_dags/example_xcomargs.py took 0.236 seconds
[2023-04-02 18:05:07,938] {processor.py:153} INFO - Started process (PID=1188) to work on /home/airflow/.local/lib/python3.7/site-packages/airflow/example_dags/example_xcomargs.py
[2023-04-02 18:05:07,940] {processor.py:641} INFO - Processing file /home/airflow/.local/lib/python3.7/site-packages/airflow/example_dags/example_xcomargs.py for tasks to queue
[2023-04-02 18:05:07,941] {logging_mixin.py:115} INFO - [2023-04-02 18:05:07,941] {dagbag.py:507} INFO - Filling up the DagBag from /home/airflow/.local/lib/python3.7/site-packages/airflow/example_dags/example_xcomargs.py
[2023-04-02 18:05:07,963] {processor.py:651} INFO - DAG(s) dict_keys(['example_xcom_args', 'example_xcom_args_with_operators']) retrieved from /home/airflow/.local/lib/python3.7/site-packages/airflow/example_dags/example_xcomargs.py
[2023-04-02 18:05:07,999] {logging_mixin.py:115} INFO - [2023-04-02 18:05:07,998] {dag.py:2371} INFO - Sync 2 DAGs
[2023-04-02 18:05:08,157] {logging_mixin.py:115} INFO - [2023-04-02 18:05:08,157] {dag.py:2919} INFO - Setting next_dagrun for example_xcom_args to None, run_after=None
[2023-04-02 18:05:08,160] {logging_mixin.py:115} INFO - [2023-04-02 18:05:08,160] {dag.py:2919} INFO - Setting next_dagrun for example_xcom_args_with_operators to None, run_after=None
[2023-04-02 18:05:08,175] {processor.py:161} INFO - Processing /home/airflow/.local/lib/python3.7/site-packages/airflow/example_dags/example_xcomargs.py took 0.241 seconds
[2023-04-02 18:05:38,318] {processor.py:153} INFO - Started process (PID=1252) to work on /home/airflow/.local/lib/python3.7/site-packages/airflow/example_dags/example_xcomargs.py
[2023-04-02 18:05:38,319] {processor.py:641} INFO - Processing file /home/airflow/.local/lib/python3.7/site-packages/airflow/example_dags/example_xcomargs.py for tasks to queue
[2023-04-02 18:05:38,321] {logging_mixin.py:115} INFO - [2023-04-02 18:05:38,320] {dagbag.py:507} INFO - Filling up the DagBag from /home/airflow/.local/lib/python3.7/site-packages/airflow/example_dags/example_xcomargs.py
[2023-04-02 18:05:38,342] {processor.py:651} INFO - DAG(s) dict_keys(['example_xcom_args', 'example_xcom_args_with_operators']) retrieved from /home/airflow/.local/lib/python3.7/site-packages/airflow/example_dags/example_xcomargs.py
[2023-04-02 18:05:38,553] {logging_mixin.py:115} INFO - [2023-04-02 18:05:38,553] {dag.py:2371} INFO - Sync 2 DAGs
[2023-04-02 18:05:38,574] {logging_mixin.py:115} INFO - [2023-04-02 18:05:38,574] {dag.py:2919} INFO - Setting next_dagrun for example_xcom_args to None, run_after=None
[2023-04-02 18:05:38,575] {logging_mixin.py:115} INFO - [2023-04-02 18:05:38,575] {dag.py:2919} INFO - Setting next_dagrun for example_xcom_args_with_operators to None, run_after=None
[2023-04-02 18:05:38,589] {processor.py:161} INFO - Processing /home/airflow/.local/lib/python3.7/site-packages/airflow/example_dags/example_xcomargs.py took 0.275 seconds
[2023-04-02 18:06:09,261] {processor.py:153} INFO - Started process (PID=1316) to work on /home/airflow/.local/lib/python3.7/site-packages/airflow/example_dags/example_xcomargs.py
[2023-04-02 18:06:09,262] {processor.py:641} INFO - Processing file /home/airflow/.local/lib/python3.7/site-packages/airflow/example_dags/example_xcomargs.py for tasks to queue
[2023-04-02 18:06:09,264] {logging_mixin.py:115} INFO - [2023-04-02 18:06:09,264] {dagbag.py:507} INFO - Filling up the DagBag from /home/airflow/.local/lib/python3.7/site-packages/airflow/example_dags/example_xcomargs.py
[2023-04-02 18:06:09,284] {processor.py:651} INFO - DAG(s) dict_keys(['example_xcom_args', 'example_xcom_args_with_operators']) retrieved from /home/airflow/.local/lib/python3.7/site-packages/airflow/example_dags/example_xcomargs.py
[2023-04-02 18:06:09,472] {logging_mixin.py:115} INFO - [2023-04-02 18:06:09,472] {dag.py:2371} INFO - Sync 2 DAGs
[2023-04-02 18:06:09,491] {logging_mixin.py:115} INFO - [2023-04-02 18:06:09,491] {dag.py:2919} INFO - Setting next_dagrun for example_xcom_args to None, run_after=None
[2023-04-02 18:06:09,493] {logging_mixin.py:115} INFO - [2023-04-02 18:06:09,493] {dag.py:2919} INFO - Setting next_dagrun for example_xcom_args_with_operators to None, run_after=None
[2023-04-02 18:06:09,505] {processor.py:161} INFO - Processing /home/airflow/.local/lib/python3.7/site-packages/airflow/example_dags/example_xcomargs.py took 0.248 seconds
[2023-04-02 18:06:40,118] {processor.py:153} INFO - Started process (PID=1377) to work on /home/airflow/.local/lib/python3.7/site-packages/airflow/example_dags/example_xcomargs.py
[2023-04-02 18:06:40,119] {processor.py:641} INFO - Processing file /home/airflow/.local/lib/python3.7/site-packages/airflow/example_dags/example_xcomargs.py for tasks to queue
[2023-04-02 18:06:40,121] {logging_mixin.py:115} INFO - [2023-04-02 18:06:40,120] {dagbag.py:507} INFO - Filling up the DagBag from /home/airflow/.local/lib/python3.7/site-packages/airflow/example_dags/example_xcomargs.py
[2023-04-02 18:06:40,144] {processor.py:651} INFO - DAG(s) dict_keys(['example_xcom_args', 'example_xcom_args_with_operators']) retrieved from /home/airflow/.local/lib/python3.7/site-packages/airflow/example_dags/example_xcomargs.py
[2023-04-02 18:06:40,346] {logging_mixin.py:115} INFO - [2023-04-02 18:06:40,346] {dag.py:2371} INFO - Sync 2 DAGs
[2023-04-02 18:06:40,368] {logging_mixin.py:115} INFO - [2023-04-02 18:06:40,368] {dag.py:2919} INFO - Setting next_dagrun for example_xcom_args to None, run_after=None
[2023-04-02 18:06:40,370] {logging_mixin.py:115} INFO - [2023-04-02 18:06:40,370] {dag.py:2919} INFO - Setting next_dagrun for example_xcom_args_with_operators to None, run_after=None
[2023-04-02 18:06:40,386] {processor.py:161} INFO - Processing /home/airflow/.local/lib/python3.7/site-packages/airflow/example_dags/example_xcomargs.py took 0.272 seconds
[2023-04-02 18:07:10,799] {processor.py:153} INFO - Started process (PID=1433) to work on /home/airflow/.local/lib/python3.7/site-packages/airflow/example_dags/example_xcomargs.py
[2023-04-02 18:07:10,800] {processor.py:641} INFO - Processing file /home/airflow/.local/lib/python3.7/site-packages/airflow/example_dags/example_xcomargs.py for tasks to queue
[2023-04-02 18:07:10,801] {logging_mixin.py:115} INFO - [2023-04-02 18:07:10,801] {dagbag.py:507} INFO - Filling up the DagBag from /home/airflow/.local/lib/python3.7/site-packages/airflow/example_dags/example_xcomargs.py
[2023-04-02 18:07:10,823] {processor.py:651} INFO - DAG(s) dict_keys(['example_xcom_args', 'example_xcom_args_with_operators']) retrieved from /home/airflow/.local/lib/python3.7/site-packages/airflow/example_dags/example_xcomargs.py
[2023-04-02 18:07:10,857] {logging_mixin.py:115} INFO - [2023-04-02 18:07:10,857] {dag.py:2371} INFO - Sync 2 DAGs
[2023-04-02 18:07:11,003] {logging_mixin.py:115} INFO - [2023-04-02 18:07:11,003] {dag.py:2919} INFO - Setting next_dagrun for example_xcom_args to None, run_after=None
[2023-04-02 18:07:11,005] {logging_mixin.py:115} INFO - [2023-04-02 18:07:11,004] {dag.py:2919} INFO - Setting next_dagrun for example_xcom_args_with_operators to None, run_after=None
[2023-04-02 18:07:11,018] {processor.py:161} INFO - Processing /home/airflow/.local/lib/python3.7/site-packages/airflow/example_dags/example_xcomargs.py took 0.223 seconds
[2023-04-02 18:07:41,412] {processor.py:153} INFO - Started process (PID=1497) to work on /home/airflow/.local/lib/python3.7/site-packages/airflow/example_dags/example_xcomargs.py
[2023-04-02 18:07:41,414] {processor.py:641} INFO - Processing file /home/airflow/.local/lib/python3.7/site-packages/airflow/example_dags/example_xcomargs.py for tasks to queue
[2023-04-02 18:07:41,415] {logging_mixin.py:115} INFO - [2023-04-02 18:07:41,415] {dagbag.py:507} INFO - Filling up the DagBag from /home/airflow/.local/lib/python3.7/site-packages/airflow/example_dags/example_xcomargs.py
[2023-04-02 18:07:41,436] {processor.py:651} INFO - DAG(s) dict_keys(['example_xcom_args', 'example_xcom_args_with_operators']) retrieved from /home/airflow/.local/lib/python3.7/site-packages/airflow/example_dags/example_xcomargs.py
[2023-04-02 18:07:41,634] {logging_mixin.py:115} INFO - [2023-04-02 18:07:41,633] {dag.py:2371} INFO - Sync 2 DAGs
[2023-04-02 18:07:41,656] {logging_mixin.py:115} INFO - [2023-04-02 18:07:41,656] {dag.py:2919} INFO - Setting next_dagrun for example_xcom_args to None, run_after=None
[2023-04-02 18:07:41,657] {logging_mixin.py:115} INFO - [2023-04-02 18:07:41,657] {dag.py:2919} INFO - Setting next_dagrun for example_xcom_args_with_operators to None, run_after=None
[2023-04-02 18:07:41,670] {processor.py:161} INFO - Processing /home/airflow/.local/lib/python3.7/site-packages/airflow/example_dags/example_xcomargs.py took 0.262 seconds
[2023-04-02 18:08:12,255] {processor.py:153} INFO - Started process (PID=1560) to work on /home/airflow/.local/lib/python3.7/site-packages/airflow/example_dags/example_xcomargs.py
[2023-04-02 18:08:12,257] {processor.py:641} INFO - Processing file /home/airflow/.local/lib/python3.7/site-packages/airflow/example_dags/example_xcomargs.py for tasks to queue
[2023-04-02 18:08:12,258] {logging_mixin.py:115} INFO - [2023-04-02 18:08:12,258] {dagbag.py:507} INFO - Filling up the DagBag from /home/airflow/.local/lib/python3.7/site-packages/airflow/example_dags/example_xcomargs.py
[2023-04-02 18:08:12,278] {processor.py:651} INFO - DAG(s) dict_keys(['example_xcom_args', 'example_xcom_args_with_operators']) retrieved from /home/airflow/.local/lib/python3.7/site-packages/airflow/example_dags/example_xcomargs.py
[2023-04-02 18:08:12,471] {logging_mixin.py:115} INFO - [2023-04-02 18:08:12,471] {dag.py:2371} INFO - Sync 2 DAGs
[2023-04-02 18:08:12,493] {logging_mixin.py:115} INFO - [2023-04-02 18:08:12,493] {dag.py:2919} INFO - Setting next_dagrun for example_xcom_args to None, run_after=None
[2023-04-02 18:08:12,494] {logging_mixin.py:115} INFO - [2023-04-02 18:08:12,494] {dag.py:2919} INFO - Setting next_dagrun for example_xcom_args_with_operators to None, run_after=None
[2023-04-02 18:08:12,507] {processor.py:161} INFO - Processing /home/airflow/.local/lib/python3.7/site-packages/airflow/example_dags/example_xcomargs.py took 0.256 seconds
[2023-04-02 18:08:42,857] {processor.py:153} INFO - Started process (PID=1614) to work on /home/airflow/.local/lib/python3.7/site-packages/airflow/example_dags/example_xcomargs.py
[2023-04-02 18:08:42,859] {processor.py:641} INFO - Processing file /home/airflow/.local/lib/python3.7/site-packages/airflow/example_dags/example_xcomargs.py for tasks to queue
[2023-04-02 18:08:42,862] {logging_mixin.py:115} INFO - [2023-04-02 18:08:42,862] {dagbag.py:507} INFO - Filling up the DagBag from /home/airflow/.local/lib/python3.7/site-packages/airflow/example_dags/example_xcomargs.py
[2023-04-02 18:08:42,887] {processor.py:651} INFO - DAG(s) dict_keys(['example_xcom_args', 'example_xcom_args_with_operators']) retrieved from /home/airflow/.local/lib/python3.7/site-packages/airflow/example_dags/example_xcomargs.py
[2023-04-02 18:08:42,924] {logging_mixin.py:115} INFO - [2023-04-02 18:08:42,924] {dag.py:2371} INFO - Sync 2 DAGs
[2023-04-02 18:08:43,080] {logging_mixin.py:115} INFO - [2023-04-02 18:08:43,080] {dag.py:2919} INFO - Setting next_dagrun for example_xcom_args to None, run_after=None
[2023-04-02 18:08:43,082] {logging_mixin.py:115} INFO - [2023-04-02 18:08:43,082] {dag.py:2919} INFO - Setting next_dagrun for example_xcom_args_with_operators to None, run_after=None
[2023-04-02 18:08:43,097] {processor.py:161} INFO - Processing /home/airflow/.local/lib/python3.7/site-packages/airflow/example_dags/example_xcomargs.py took 0.245 seconds
[2023-04-02 18:09:13,531] {processor.py:153} INFO - Started process (PID=1677) to work on /home/airflow/.local/lib/python3.7/site-packages/airflow/example_dags/example_xcomargs.py
[2023-04-02 18:09:13,532] {processor.py:641} INFO - Processing file /home/airflow/.local/lib/python3.7/site-packages/airflow/example_dags/example_xcomargs.py for tasks to queue
[2023-04-02 18:09:13,534] {logging_mixin.py:115} INFO - [2023-04-02 18:09:13,534] {dagbag.py:507} INFO - Filling up the DagBag from /home/airflow/.local/lib/python3.7/site-packages/airflow/example_dags/example_xcomargs.py
[2023-04-02 18:09:13,557] {processor.py:651} INFO - DAG(s) dict_keys(['example_xcom_args', 'example_xcom_args_with_operators']) retrieved from /home/airflow/.local/lib/python3.7/site-packages/airflow/example_dags/example_xcomargs.py
[2023-04-02 18:09:13,589] {logging_mixin.py:115} INFO - [2023-04-02 18:09:13,589] {dag.py:2371} INFO - Sync 2 DAGs
[2023-04-02 18:09:13,730] {logging_mixin.py:115} INFO - [2023-04-02 18:09:13,730] {dag.py:2919} INFO - Setting next_dagrun for example_xcom_args to None, run_after=None
[2023-04-02 18:09:13,732] {logging_mixin.py:115} INFO - [2023-04-02 18:09:13,732] {dag.py:2919} INFO - Setting next_dagrun for example_xcom_args_with_operators to None, run_after=None
[2023-04-02 18:09:13,745] {processor.py:161} INFO - Processing /home/airflow/.local/lib/python3.7/site-packages/airflow/example_dags/example_xcomargs.py took 0.219 seconds
[2023-04-02 18:09:44,098] {processor.py:153} INFO - Started process (PID=1740) to work on /home/airflow/.local/lib/python3.7/site-packages/airflow/example_dags/example_xcomargs.py
[2023-04-02 18:09:44,099] {processor.py:641} INFO - Processing file /home/airflow/.local/lib/python3.7/site-packages/airflow/example_dags/example_xcomargs.py for tasks to queue
[2023-04-02 18:09:44,101] {logging_mixin.py:115} INFO - [2023-04-02 18:09:44,101] {dagbag.py:507} INFO - Filling up the DagBag from /home/airflow/.local/lib/python3.7/site-packages/airflow/example_dags/example_xcomargs.py
[2023-04-02 18:09:44,122] {processor.py:651} INFO - DAG(s) dict_keys(['example_xcom_args', 'example_xcom_args_with_operators']) retrieved from /home/airflow/.local/lib/python3.7/site-packages/airflow/example_dags/example_xcomargs.py
[2023-04-02 18:09:44,158] {logging_mixin.py:115} INFO - [2023-04-02 18:09:44,158] {dag.py:2371} INFO - Sync 2 DAGs
[2023-04-02 18:09:44,322] {logging_mixin.py:115} INFO - [2023-04-02 18:09:44,322] {dag.py:2919} INFO - Setting next_dagrun for example_xcom_args to None, run_after=None
[2023-04-02 18:09:44,324] {logging_mixin.py:115} INFO - [2023-04-02 18:09:44,324] {dag.py:2919} INFO - Setting next_dagrun for example_xcom_args_with_operators to None, run_after=None
[2023-04-02 18:09:44,339] {processor.py:161} INFO - Processing /home/airflow/.local/lib/python3.7/site-packages/airflow/example_dags/example_xcomargs.py took 0.245 seconds
[2023-04-02 18:10:15,006] {processor.py:153} INFO - Started process (PID=1803) to work on /home/airflow/.local/lib/python3.7/site-packages/airflow/example_dags/example_xcomargs.py
[2023-04-02 18:10:15,008] {processor.py:641} INFO - Processing file /home/airflow/.local/lib/python3.7/site-packages/airflow/example_dags/example_xcomargs.py for tasks to queue
[2023-04-02 18:10:15,011] {logging_mixin.py:115} INFO - [2023-04-02 18:10:15,011] {dagbag.py:507} INFO - Filling up the DagBag from /home/airflow/.local/lib/python3.7/site-packages/airflow/example_dags/example_xcomargs.py
[2023-04-02 18:10:15,036] {processor.py:651} INFO - DAG(s) dict_keys(['example_xcom_args', 'example_xcom_args_with_operators']) retrieved from /home/airflow/.local/lib/python3.7/site-packages/airflow/example_dags/example_xcomargs.py
[2023-04-02 18:10:15,071] {logging_mixin.py:115} INFO - [2023-04-02 18:10:15,071] {dag.py:2371} INFO - Sync 2 DAGs
[2023-04-02 18:10:15,214] {logging_mixin.py:115} INFO - [2023-04-02 18:10:15,214] {dag.py:2919} INFO - Setting next_dagrun for example_xcom_args to None, run_after=None
[2023-04-02 18:10:15,216] {logging_mixin.py:115} INFO - [2023-04-02 18:10:15,216] {dag.py:2919} INFO - Setting next_dagrun for example_xcom_args_with_operators to None, run_after=None
[2023-04-02 18:10:15,230] {processor.py:161} INFO - Processing /home/airflow/.local/lib/python3.7/site-packages/airflow/example_dags/example_xcomargs.py took 0.232 seconds
[2023-04-02 18:10:45,643] {processor.py:153} INFO - Started process (PID=1857) to work on /home/airflow/.local/lib/python3.7/site-packages/airflow/example_dags/example_xcomargs.py
[2023-04-02 18:10:45,645] {processor.py:641} INFO - Processing file /home/airflow/.local/lib/python3.7/site-packages/airflow/example_dags/example_xcomargs.py for tasks to queue
[2023-04-02 18:10:45,646] {logging_mixin.py:115} INFO - [2023-04-02 18:10:45,646] {dagbag.py:507} INFO - Filling up the DagBag from /home/airflow/.local/lib/python3.7/site-packages/airflow/example_dags/example_xcomargs.py
[2023-04-02 18:10:45,669] {processor.py:651} INFO - DAG(s) dict_keys(['example_xcom_args', 'example_xcom_args_with_operators']) retrieved from /home/airflow/.local/lib/python3.7/site-packages/airflow/example_dags/example_xcomargs.py
[2023-04-02 18:10:45,740] {logging_mixin.py:115} INFO - [2023-04-02 18:10:45,740] {dag.py:2371} INFO - Sync 2 DAGs
[2023-04-02 18:10:45,765] {logging_mixin.py:115} INFO - [2023-04-02 18:10:45,765] {dag.py:2919} INFO - Setting next_dagrun for example_xcom_args to None, run_after=None
[2023-04-02 18:10:45,766] {logging_mixin.py:115} INFO - [2023-04-02 18:10:45,766] {dag.py:2919} INFO - Setting next_dagrun for example_xcom_args_with_operators to None, run_after=None
[2023-04-02 18:10:45,783] {processor.py:161} INFO - Processing /home/airflow/.local/lib/python3.7/site-packages/airflow/example_dags/example_xcomargs.py took 0.145 seconds
[2023-04-02 18:11:15,896] {processor.py:153} INFO - Started process (PID=1920) to work on /home/airflow/.local/lib/python3.7/site-packages/airflow/example_dags/example_xcomargs.py
[2023-04-02 18:11:15,899] {processor.py:641} INFO - Processing file /home/airflow/.local/lib/python3.7/site-packages/airflow/example_dags/example_xcomargs.py for tasks to queue
[2023-04-02 18:11:15,901] {logging_mixin.py:115} INFO - [2023-04-02 18:11:15,901] {dagbag.py:507} INFO - Filling up the DagBag from /home/airflow/.local/lib/python3.7/site-packages/airflow/example_dags/example_xcomargs.py
[2023-04-02 18:11:15,926] {processor.py:651} INFO - DAG(s) dict_keys(['example_xcom_args', 'example_xcom_args_with_operators']) retrieved from /home/airflow/.local/lib/python3.7/site-packages/airflow/example_dags/example_xcomargs.py
[2023-04-02 18:11:15,962] {logging_mixin.py:115} INFO - [2023-04-02 18:11:15,961] {dag.py:2371} INFO - Sync 2 DAGs
[2023-04-02 18:11:15,988] {logging_mixin.py:115} INFO - [2023-04-02 18:11:15,988] {dag.py:2919} INFO - Setting next_dagrun for example_xcom_args to None, run_after=None
[2023-04-02 18:11:15,990] {logging_mixin.py:115} INFO - [2023-04-02 18:11:15,990] {dag.py:2919} INFO - Setting next_dagrun for example_xcom_args_with_operators to None, run_after=None
[2023-04-02 18:11:16,004] {processor.py:161} INFO - Processing /home/airflow/.local/lib/python3.7/site-packages/airflow/example_dags/example_xcomargs.py took 0.114 seconds
[2023-04-02 18:11:46,515] {processor.py:153} INFO - Started process (PID=1983) to work on /home/airflow/.local/lib/python3.7/site-packages/airflow/example_dags/example_xcomargs.py
[2023-04-02 18:11:46,516] {processor.py:641} INFO - Processing file /home/airflow/.local/lib/python3.7/site-packages/airflow/example_dags/example_xcomargs.py for tasks to queue
[2023-04-02 18:11:46,518] {logging_mixin.py:115} INFO - [2023-04-02 18:11:46,518] {dagbag.py:507} INFO - Filling up the DagBag from /home/airflow/.local/lib/python3.7/site-packages/airflow/example_dags/example_xcomargs.py
[2023-04-02 18:11:46,541] {processor.py:651} INFO - DAG(s) dict_keys(['example_xcom_args', 'example_xcom_args_with_operators']) retrieved from /home/airflow/.local/lib/python3.7/site-packages/airflow/example_dags/example_xcomargs.py
[2023-04-02 18:11:46,578] {logging_mixin.py:115} INFO - [2023-04-02 18:11:46,577] {dag.py:2371} INFO - Sync 2 DAGs
[2023-04-02 18:11:46,605] {logging_mixin.py:115} INFO - [2023-04-02 18:11:46,605] {dag.py:2919} INFO - Setting next_dagrun for example_xcom_args to None, run_after=None
[2023-04-02 18:11:46,607] {logging_mixin.py:115} INFO - [2023-04-02 18:11:46,607] {dag.py:2919} INFO - Setting next_dagrun for example_xcom_args_with_operators to None, run_after=None
[2023-04-02 18:11:46,621] {processor.py:161} INFO - Processing /home/airflow/.local/lib/python3.7/site-packages/airflow/example_dags/example_xcomargs.py took 0.110 seconds
[2023-04-02 18:12:16,870] {processor.py:153} INFO - Started process (PID=2037) to work on /home/airflow/.local/lib/python3.7/site-packages/airflow/example_dags/example_xcomargs.py
[2023-04-02 18:12:16,871] {processor.py:641} INFO - Processing file /home/airflow/.local/lib/python3.7/site-packages/airflow/example_dags/example_xcomargs.py for tasks to queue
[2023-04-02 18:12:16,873] {logging_mixin.py:115} INFO - [2023-04-02 18:12:16,873] {dagbag.py:507} INFO - Filling up the DagBag from /home/airflow/.local/lib/python3.7/site-packages/airflow/example_dags/example_xcomargs.py
[2023-04-02 18:12:16,894] {processor.py:651} INFO - DAG(s) dict_keys(['example_xcom_args', 'example_xcom_args_with_operators']) retrieved from /home/airflow/.local/lib/python3.7/site-packages/airflow/example_dags/example_xcomargs.py
[2023-04-02 18:12:16,927] {logging_mixin.py:115} INFO - [2023-04-02 18:12:16,927] {dag.py:2371} INFO - Sync 2 DAGs
[2023-04-02 18:12:16,949] {logging_mixin.py:115} INFO - [2023-04-02 18:12:16,948] {dag.py:2919} INFO - Setting next_dagrun for example_xcom_args to None, run_after=None
[2023-04-02 18:12:16,950] {logging_mixin.py:115} INFO - [2023-04-02 18:12:16,950] {dag.py:2919} INFO - Setting next_dagrun for example_xcom_args_with_operators to None, run_after=None
[2023-04-02 18:12:16,962] {processor.py:161} INFO - Processing /home/airflow/.local/lib/python3.7/site-packages/airflow/example_dags/example_xcomargs.py took 0.096 seconds
[2023-04-02 18:12:47,392] {processor.py:153} INFO - Started process (PID=2100) to work on /home/airflow/.local/lib/python3.7/site-packages/airflow/example_dags/example_xcomargs.py
[2023-04-02 18:12:47,394] {processor.py:641} INFO - Processing file /home/airflow/.local/lib/python3.7/site-packages/airflow/example_dags/example_xcomargs.py for tasks to queue
[2023-04-02 18:12:47,395] {logging_mixin.py:115} INFO - [2023-04-02 18:12:47,395] {dagbag.py:507} INFO - Filling up the DagBag from /home/airflow/.local/lib/python3.7/site-packages/airflow/example_dags/example_xcomargs.py
[2023-04-02 18:12:47,416] {processor.py:651} INFO - DAG(s) dict_keys(['example_xcom_args', 'example_xcom_args_with_operators']) retrieved from /home/airflow/.local/lib/python3.7/site-packages/airflow/example_dags/example_xcomargs.py
[2023-04-02 18:12:47,490] {logging_mixin.py:115} INFO - [2023-04-02 18:12:47,490] {dag.py:2371} INFO - Sync 2 DAGs
[2023-04-02 18:12:47,512] {logging_mixin.py:115} INFO - [2023-04-02 18:12:47,512] {dag.py:2919} INFO - Setting next_dagrun for example_xcom_args to None, run_after=None
[2023-04-02 18:12:47,513] {logging_mixin.py:115} INFO - [2023-04-02 18:12:47,513] {dag.py:2919} INFO - Setting next_dagrun for example_xcom_args_with_operators to None, run_after=None
[2023-04-02 18:12:47,526] {processor.py:161} INFO - Processing /home/airflow/.local/lib/python3.7/site-packages/airflow/example_dags/example_xcomargs.py took 0.138 seconds
[2023-04-02 18:13:17,739] {processor.py:153} INFO - Started process (PID=2163) to work on /home/airflow/.local/lib/python3.7/site-packages/airflow/example_dags/example_xcomargs.py
[2023-04-02 18:13:17,741] {processor.py:641} INFO - Processing file /home/airflow/.local/lib/python3.7/site-packages/airflow/example_dags/example_xcomargs.py for tasks to queue
[2023-04-02 18:13:17,742] {logging_mixin.py:115} INFO - [2023-04-02 18:13:17,742] {dagbag.py:507} INFO - Filling up the DagBag from /home/airflow/.local/lib/python3.7/site-packages/airflow/example_dags/example_xcomargs.py
[2023-04-02 18:13:17,764] {processor.py:651} INFO - DAG(s) dict_keys(['example_xcom_args', 'example_xcom_args_with_operators']) retrieved from /home/airflow/.local/lib/python3.7/site-packages/airflow/example_dags/example_xcomargs.py
[2023-04-02 18:13:17,840] {logging_mixin.py:115} INFO - [2023-04-02 18:13:17,840] {dag.py:2371} INFO - Sync 2 DAGs
[2023-04-02 18:13:17,864] {logging_mixin.py:115} INFO - [2023-04-02 18:13:17,864] {dag.py:2919} INFO - Setting next_dagrun for example_xcom_args to None, run_after=None
[2023-04-02 18:13:17,865] {logging_mixin.py:115} INFO - [2023-04-02 18:13:17,865] {dag.py:2919} INFO - Setting next_dagrun for example_xcom_args_with_operators to None, run_after=None
[2023-04-02 18:13:17,881] {processor.py:161} INFO - Processing /home/airflow/.local/lib/python3.7/site-packages/airflow/example_dags/example_xcomargs.py took 0.146 seconds
[2023-04-02 18:13:47,985] {processor.py:153} INFO - Started process (PID=2217) to work on /home/airflow/.local/lib/python3.7/site-packages/airflow/example_dags/example_xcomargs.py
[2023-04-02 18:13:47,986] {processor.py:641} INFO - Processing file /home/airflow/.local/lib/python3.7/site-packages/airflow/example_dags/example_xcomargs.py for tasks to queue
[2023-04-02 18:13:47,987] {logging_mixin.py:115} INFO - [2023-04-02 18:13:47,987] {dagbag.py:507} INFO - Filling up the DagBag from /home/airflow/.local/lib/python3.7/site-packages/airflow/example_dags/example_xcomargs.py
[2023-04-02 18:13:48,008] {processor.py:651} INFO - DAG(s) dict_keys(['example_xcom_args', 'example_xcom_args_with_operators']) retrieved from /home/airflow/.local/lib/python3.7/site-packages/airflow/example_dags/example_xcomargs.py
[2023-04-02 18:13:48,041] {logging_mixin.py:115} INFO - [2023-04-02 18:13:48,041] {dag.py:2371} INFO - Sync 2 DAGs
[2023-04-02 18:13:48,064] {logging_mixin.py:115} INFO - [2023-04-02 18:13:48,064] {dag.py:2919} INFO - Setting next_dagrun for example_xcom_args to None, run_after=None
[2023-04-02 18:13:48,065] {logging_mixin.py:115} INFO - [2023-04-02 18:13:48,065] {dag.py:2919} INFO - Setting next_dagrun for example_xcom_args_with_operators to None, run_after=None
[2023-04-02 18:13:48,078] {processor.py:161} INFO - Processing /home/airflow/.local/lib/python3.7/site-packages/airflow/example_dags/example_xcomargs.py took 0.097 seconds
[2023-04-02 18:14:18,440] {processor.py:153} INFO - Started process (PID=2280) to work on /home/airflow/.local/lib/python3.7/site-packages/airflow/example_dags/example_xcomargs.py
[2023-04-02 18:14:18,441] {processor.py:641} INFO - Processing file /home/airflow/.local/lib/python3.7/site-packages/airflow/example_dags/example_xcomargs.py for tasks to queue
[2023-04-02 18:14:18,443] {logging_mixin.py:115} INFO - [2023-04-02 18:14:18,442] {dagbag.py:507} INFO - Filling up the DagBag from /home/airflow/.local/lib/python3.7/site-packages/airflow/example_dags/example_xcomargs.py
[2023-04-02 18:14:18,465] {processor.py:651} INFO - DAG(s) dict_keys(['example_xcom_args', 'example_xcom_args_with_operators']) retrieved from /home/airflow/.local/lib/python3.7/site-packages/airflow/example_dags/example_xcomargs.py
[2023-04-02 18:14:18,498] {logging_mixin.py:115} INFO - [2023-04-02 18:14:18,498] {dag.py:2371} INFO - Sync 2 DAGs
[2023-04-02 18:14:18,521] {logging_mixin.py:115} INFO - [2023-04-02 18:14:18,521] {dag.py:2919} INFO - Setting next_dagrun for example_xcom_args to None, run_after=None
[2023-04-02 18:14:18,523] {logging_mixin.py:115} INFO - [2023-04-02 18:14:18,523] {dag.py:2919} INFO - Setting next_dagrun for example_xcom_args_with_operators to None, run_after=None
[2023-04-02 18:14:18,534] {processor.py:161} INFO - Processing /home/airflow/.local/lib/python3.7/site-packages/airflow/example_dags/example_xcomargs.py took 0.099 seconds
[2023-04-02 18:14:48,618] {processor.py:153} INFO - Started process (PID=2343) to work on /home/airflow/.local/lib/python3.7/site-packages/airflow/example_dags/example_xcomargs.py
[2023-04-02 18:14:48,619] {processor.py:641} INFO - Processing file /home/airflow/.local/lib/python3.7/site-packages/airflow/example_dags/example_xcomargs.py for tasks to queue
[2023-04-02 18:14:48,621] {logging_mixin.py:115} INFO - [2023-04-02 18:14:48,621] {dagbag.py:507} INFO - Filling up the DagBag from /home/airflow/.local/lib/python3.7/site-packages/airflow/example_dags/example_xcomargs.py
[2023-04-02 18:14:48,643] {processor.py:651} INFO - DAG(s) dict_keys(['example_xcom_args', 'example_xcom_args_with_operators']) retrieved from /home/airflow/.local/lib/python3.7/site-packages/airflow/example_dags/example_xcomargs.py
[2023-04-02 18:14:48,677] {logging_mixin.py:115} INFO - [2023-04-02 18:14:48,677] {dag.py:2371} INFO - Sync 2 DAGs
[2023-04-02 18:14:48,700] {logging_mixin.py:115} INFO - [2023-04-02 18:14:48,700] {dag.py:2919} INFO - Setting next_dagrun for example_xcom_args to None, run_after=None
[2023-04-02 18:14:48,702] {logging_mixin.py:115} INFO - [2023-04-02 18:14:48,702] {dag.py:2919} INFO - Setting next_dagrun for example_xcom_args_with_operators to None, run_after=None
[2023-04-02 18:14:48,714] {processor.py:161} INFO - Processing /home/airflow/.local/lib/python3.7/site-packages/airflow/example_dags/example_xcomargs.py took 0.100 seconds
[2023-04-02 18:15:18,824] {processor.py:153} INFO - Started process (PID=2404) to work on /home/airflow/.local/lib/python3.7/site-packages/airflow/example_dags/example_xcomargs.py
[2023-04-02 18:15:18,825] {processor.py:641} INFO - Processing file /home/airflow/.local/lib/python3.7/site-packages/airflow/example_dags/example_xcomargs.py for tasks to queue
[2023-04-02 18:15:18,826] {logging_mixin.py:115} INFO - [2023-04-02 18:15:18,826] {dagbag.py:507} INFO - Filling up the DagBag from /home/airflow/.local/lib/python3.7/site-packages/airflow/example_dags/example_xcomargs.py
[2023-04-02 18:15:18,846] {processor.py:651} INFO - DAG(s) dict_keys(['example_xcom_args', 'example_xcom_args_with_operators']) retrieved from /home/airflow/.local/lib/python3.7/site-packages/airflow/example_dags/example_xcomargs.py
[2023-04-02 18:15:18,880] {logging_mixin.py:115} INFO - [2023-04-02 18:15:18,880] {dag.py:2371} INFO - Sync 2 DAGs
[2023-04-02 18:15:18,903] {logging_mixin.py:115} INFO - [2023-04-02 18:15:18,903] {dag.py:2919} INFO - Setting next_dagrun for example_xcom_args to None, run_after=None
[2023-04-02 18:15:18,905] {logging_mixin.py:115} INFO - [2023-04-02 18:15:18,905] {dag.py:2919} INFO - Setting next_dagrun for example_xcom_args_with_operators to None, run_after=None
[2023-04-02 18:15:18,917] {processor.py:161} INFO - Processing /home/airflow/.local/lib/python3.7/site-packages/airflow/example_dags/example_xcomargs.py took 0.097 seconds
[2023-04-02 18:15:49,340] {processor.py:153} INFO - Started process (PID=2460) to work on /home/airflow/.local/lib/python3.7/site-packages/airflow/example_dags/example_xcomargs.py
[2023-04-02 18:15:49,341] {processor.py:641} INFO - Processing file /home/airflow/.local/lib/python3.7/site-packages/airflow/example_dags/example_xcomargs.py for tasks to queue
[2023-04-02 18:15:49,342] {logging_mixin.py:115} INFO - [2023-04-02 18:15:49,342] {dagbag.py:507} INFO - Filling up the DagBag from /home/airflow/.local/lib/python3.7/site-packages/airflow/example_dags/example_xcomargs.py
[2023-04-02 18:15:49,371] {processor.py:651} INFO - DAG(s) dict_keys(['example_xcom_args', 'example_xcom_args_with_operators']) retrieved from /home/airflow/.local/lib/python3.7/site-packages/airflow/example_dags/example_xcomargs.py
[2023-04-02 18:15:49,442] {logging_mixin.py:115} INFO - [2023-04-02 18:15:49,442] {dag.py:2371} INFO - Sync 2 DAGs
[2023-04-02 18:15:49,464] {logging_mixin.py:115} INFO - [2023-04-02 18:15:49,464] {dag.py:2919} INFO - Setting next_dagrun for example_xcom_args to None, run_after=None
[2023-04-02 18:15:49,465] {logging_mixin.py:115} INFO - [2023-04-02 18:15:49,465] {dag.py:2919} INFO - Setting next_dagrun for example_xcom_args_with_operators to None, run_after=None
[2023-04-02 18:15:49,479] {processor.py:161} INFO - Processing /home/airflow/.local/lib/python3.7/site-packages/airflow/example_dags/example_xcomargs.py took 0.143 seconds
[2023-04-02 18:16:19,922] {processor.py:153} INFO - Started process (PID=2523) to work on /home/airflow/.local/lib/python3.7/site-packages/airflow/example_dags/example_xcomargs.py
[2023-04-02 18:16:19,924] {processor.py:641} INFO - Processing file /home/airflow/.local/lib/python3.7/site-packages/airflow/example_dags/example_xcomargs.py for tasks to queue
[2023-04-02 18:16:19,925] {logging_mixin.py:115} INFO - [2023-04-02 18:16:19,925] {dagbag.py:507} INFO - Filling up the DagBag from /home/airflow/.local/lib/python3.7/site-packages/airflow/example_dags/example_xcomargs.py
[2023-04-02 18:16:19,948] {processor.py:651} INFO - DAG(s) dict_keys(['example_xcom_args', 'example_xcom_args_with_operators']) retrieved from /home/airflow/.local/lib/python3.7/site-packages/airflow/example_dags/example_xcomargs.py
[2023-04-02 18:16:20,019] {logging_mixin.py:115} INFO - [2023-04-02 18:16:20,019] {dag.py:2371} INFO - Sync 2 DAGs
[2023-04-02 18:16:20,041] {logging_mixin.py:115} INFO - [2023-04-02 18:16:20,041] {dag.py:2919} INFO - Setting next_dagrun for example_xcom_args to None, run_after=None
[2023-04-02 18:16:20,043] {logging_mixin.py:115} INFO - [2023-04-02 18:16:20,042] {dag.py:2919} INFO - Setting next_dagrun for example_xcom_args_with_operators to None, run_after=None
[2023-04-02 18:16:20,057] {processor.py:161} INFO - Processing /home/airflow/.local/lib/python3.7/site-packages/airflow/example_dags/example_xcomargs.py took 0.138 seconds
[2023-04-02 18:16:50,435] {processor.py:153} INFO - Started process (PID=2586) to work on /home/airflow/.local/lib/python3.7/site-packages/airflow/example_dags/example_xcomargs.py
[2023-04-02 18:16:50,447] {processor.py:641} INFO - Processing file /home/airflow/.local/lib/python3.7/site-packages/airflow/example_dags/example_xcomargs.py for tasks to queue
[2023-04-02 18:16:50,448] {logging_mixin.py:115} INFO - [2023-04-02 18:16:50,448] {dagbag.py:507} INFO - Filling up the DagBag from /home/airflow/.local/lib/python3.7/site-packages/airflow/example_dags/example_xcomargs.py
[2023-04-02 18:16:50,472] {processor.py:651} INFO - DAG(s) dict_keys(['example_xcom_args', 'example_xcom_args_with_operators']) retrieved from /home/airflow/.local/lib/python3.7/site-packages/airflow/example_dags/example_xcomargs.py
[2023-04-02 18:16:50,558] {logging_mixin.py:115} INFO - [2023-04-02 18:16:50,558] {dag.py:2371} INFO - Sync 2 DAGs
[2023-04-02 18:16:50,587] {logging_mixin.py:115} INFO - [2023-04-02 18:16:50,587] {dag.py:2919} INFO - Setting next_dagrun for example_xcom_args to None, run_after=None
[2023-04-02 18:16:50,588] {logging_mixin.py:115} INFO - [2023-04-02 18:16:50,588] {dag.py:2919} INFO - Setting next_dagrun for example_xcom_args_with_operators to None, run_after=None
[2023-04-02 18:16:50,607] {processor.py:161} INFO - Processing /home/airflow/.local/lib/python3.7/site-packages/airflow/example_dags/example_xcomargs.py took 0.177 seconds
[2023-04-02 18:17:20,983] {processor.py:153} INFO - Started process (PID=2640) to work on /home/airflow/.local/lib/python3.7/site-packages/airflow/example_dags/example_xcomargs.py
[2023-04-02 18:17:20,984] {processor.py:641} INFO - Processing file /home/airflow/.local/lib/python3.7/site-packages/airflow/example_dags/example_xcomargs.py for tasks to queue
[2023-04-02 18:17:20,986] {logging_mixin.py:115} INFO - [2023-04-02 18:17:20,986] {dagbag.py:507} INFO - Filling up the DagBag from /home/airflow/.local/lib/python3.7/site-packages/airflow/example_dags/example_xcomargs.py
[2023-04-02 18:17:21,011] {processor.py:651} INFO - DAG(s) dict_keys(['example_xcom_args', 'example_xcom_args_with_operators']) retrieved from /home/airflow/.local/lib/python3.7/site-packages/airflow/example_dags/example_xcomargs.py
[2023-04-02 18:17:21,098] {logging_mixin.py:115} INFO - [2023-04-02 18:17:21,098] {dag.py:2371} INFO - Sync 2 DAGs
[2023-04-02 18:17:21,127] {logging_mixin.py:115} INFO - [2023-04-02 18:17:21,127] {dag.py:2919} INFO - Setting next_dagrun for example_xcom_args to None, run_after=None
[2023-04-02 18:17:21,129] {logging_mixin.py:115} INFO - [2023-04-02 18:17:21,128] {dag.py:2919} INFO - Setting next_dagrun for example_xcom_args_with_operators to None, run_after=None
[2023-04-02 18:17:21,146] {processor.py:161} INFO - Processing /home/airflow/.local/lib/python3.7/site-packages/airflow/example_dags/example_xcomargs.py took 0.168 seconds
[2023-04-02 18:17:51,258] {processor.py:153} INFO - Started process (PID=2704) to work on /home/airflow/.local/lib/python3.7/site-packages/airflow/example_dags/example_xcomargs.py
[2023-04-02 18:17:51,260] {processor.py:641} INFO - Processing file /home/airflow/.local/lib/python3.7/site-packages/airflow/example_dags/example_xcomargs.py for tasks to queue
[2023-04-02 18:17:51,262] {logging_mixin.py:115} INFO - [2023-04-02 18:17:51,262] {dagbag.py:507} INFO - Filling up the DagBag from /home/airflow/.local/lib/python3.7/site-packages/airflow/example_dags/example_xcomargs.py
[2023-04-02 18:17:51,288] {processor.py:651} INFO - DAG(s) dict_keys(['example_xcom_args', 'example_xcom_args_with_operators']) retrieved from /home/airflow/.local/lib/python3.7/site-packages/airflow/example_dags/example_xcomargs.py
[2023-04-02 18:17:51,364] {logging_mixin.py:115} INFO - [2023-04-02 18:17:51,364] {dag.py:2371} INFO - Sync 2 DAGs
[2023-04-02 18:17:51,385] {logging_mixin.py:115} INFO - [2023-04-02 18:17:51,385] {dag.py:2919} INFO - Setting next_dagrun for example_xcom_args to None, run_after=None
[2023-04-02 18:17:51,387] {logging_mixin.py:115} INFO - [2023-04-02 18:17:51,386] {dag.py:2919} INFO - Setting next_dagrun for example_xcom_args_with_operators to None, run_after=None
[2023-04-02 18:17:51,400] {processor.py:161} INFO - Processing /home/airflow/.local/lib/python3.7/site-packages/airflow/example_dags/example_xcomargs.py took 0.145 seconds
[2023-04-02 18:18:21,566] {processor.py:153} INFO - Started process (PID=2768) to work on /home/airflow/.local/lib/python3.7/site-packages/airflow/example_dags/example_xcomargs.py
[2023-04-02 18:18:21,568] {processor.py:641} INFO - Processing file /home/airflow/.local/lib/python3.7/site-packages/airflow/example_dags/example_xcomargs.py for tasks to queue
[2023-04-02 18:18:21,570] {logging_mixin.py:115} INFO - [2023-04-02 18:18:21,570] {dagbag.py:507} INFO - Filling up the DagBag from /home/airflow/.local/lib/python3.7/site-packages/airflow/example_dags/example_xcomargs.py
[2023-04-02 18:18:21,595] {processor.py:651} INFO - DAG(s) dict_keys(['example_xcom_args', 'example_xcom_args_with_operators']) retrieved from /home/airflow/.local/lib/python3.7/site-packages/airflow/example_dags/example_xcomargs.py
[2023-04-02 18:18:21,673] {logging_mixin.py:115} INFO - [2023-04-02 18:18:21,673] {dag.py:2371} INFO - Sync 2 DAGs
[2023-04-02 18:18:21,693] {logging_mixin.py:115} INFO - [2023-04-02 18:18:21,693] {dag.py:2919} INFO - Setting next_dagrun for example_xcom_args to None, run_after=None
[2023-04-02 18:18:21,695] {logging_mixin.py:115} INFO - [2023-04-02 18:18:21,695] {dag.py:2919} INFO - Setting next_dagrun for example_xcom_args_with_operators to None, run_after=None
[2023-04-02 18:18:21,709] {processor.py:161} INFO - Processing /home/airflow/.local/lib/python3.7/site-packages/airflow/example_dags/example_xcomargs.py took 0.153 seconds
[2023-04-02 18:18:51,889] {processor.py:153} INFO - Started process (PID=2821) to work on /home/airflow/.local/lib/python3.7/site-packages/airflow/example_dags/example_xcomargs.py
[2023-04-02 18:18:51,890] {processor.py:641} INFO - Processing file /home/airflow/.local/lib/python3.7/site-packages/airflow/example_dags/example_xcomargs.py for tasks to queue
[2023-04-02 18:18:51,891] {logging_mixin.py:115} INFO - [2023-04-02 18:18:51,891] {dagbag.py:507} INFO - Filling up the DagBag from /home/airflow/.local/lib/python3.7/site-packages/airflow/example_dags/example_xcomargs.py
[2023-04-02 18:18:51,915] {processor.py:651} INFO - DAG(s) dict_keys(['example_xcom_args', 'example_xcom_args_with_operators']) retrieved from /home/airflow/.local/lib/python3.7/site-packages/airflow/example_dags/example_xcomargs.py
[2023-04-02 18:18:51,994] {logging_mixin.py:115} INFO - [2023-04-02 18:18:51,994] {dag.py:2371} INFO - Sync 2 DAGs
[2023-04-02 18:18:52,018] {logging_mixin.py:115} INFO - [2023-04-02 18:18:52,018] {dag.py:2919} INFO - Setting next_dagrun for example_xcom_args to None, run_after=None
[2023-04-02 18:18:52,020] {logging_mixin.py:115} INFO - [2023-04-02 18:18:52,020] {dag.py:2919} INFO - Setting next_dagrun for example_xcom_args_with_operators to None, run_after=None
[2023-04-02 18:18:52,039] {processor.py:161} INFO - Processing /home/airflow/.local/lib/python3.7/site-packages/airflow/example_dags/example_xcomargs.py took 0.154 seconds
[2023-04-02 18:19:22,123] {processor.py:153} INFO - Started process (PID=2884) to work on /home/airflow/.local/lib/python3.7/site-packages/airflow/example_dags/example_xcomargs.py
[2023-04-02 18:19:22,124] {processor.py:641} INFO - Processing file /home/airflow/.local/lib/python3.7/site-packages/airflow/example_dags/example_xcomargs.py for tasks to queue
[2023-04-02 18:19:22,125] {logging_mixin.py:115} INFO - [2023-04-02 18:19:22,125] {dagbag.py:507} INFO - Filling up the DagBag from /home/airflow/.local/lib/python3.7/site-packages/airflow/example_dags/example_xcomargs.py
[2023-04-02 18:19:22,147] {processor.py:651} INFO - DAG(s) dict_keys(['example_xcom_args', 'example_xcom_args_with_operators']) retrieved from /home/airflow/.local/lib/python3.7/site-packages/airflow/example_dags/example_xcomargs.py
[2023-04-02 18:19:22,211] {logging_mixin.py:115} INFO - [2023-04-02 18:19:22,211] {dag.py:2371} INFO - Sync 2 DAGs
[2023-04-02 18:19:22,229] {logging_mixin.py:115} INFO - [2023-04-02 18:19:22,229] {dag.py:2919} INFO - Setting next_dagrun for example_xcom_args to None, run_after=None
[2023-04-02 18:19:22,231] {logging_mixin.py:115} INFO - [2023-04-02 18:19:22,231] {dag.py:2919} INFO - Setting next_dagrun for example_xcom_args_with_operators to None, run_after=None
[2023-04-02 18:19:22,243] {processor.py:161} INFO - Processing /home/airflow/.local/lib/python3.7/site-packages/airflow/example_dags/example_xcomargs.py took 0.124 seconds
[2023-04-02 18:19:52,480] {processor.py:153} INFO - Started process (PID=2947) to work on /home/airflow/.local/lib/python3.7/site-packages/airflow/example_dags/example_xcomargs.py
[2023-04-02 18:19:52,481] {processor.py:641} INFO - Processing file /home/airflow/.local/lib/python3.7/site-packages/airflow/example_dags/example_xcomargs.py for tasks to queue
[2023-04-02 18:19:52,482] {logging_mixin.py:115} INFO - [2023-04-02 18:19:52,482] {dagbag.py:507} INFO - Filling up the DagBag from /home/airflow/.local/lib/python3.7/site-packages/airflow/example_dags/example_xcomargs.py
[2023-04-02 18:19:52,508] {processor.py:651} INFO - DAG(s) dict_keys(['example_xcom_args', 'example_xcom_args_with_operators']) retrieved from /home/airflow/.local/lib/python3.7/site-packages/airflow/example_dags/example_xcomargs.py
[2023-04-02 18:19:52,584] {logging_mixin.py:115} INFO - [2023-04-02 18:19:52,584] {dag.py:2371} INFO - Sync 2 DAGs
[2023-04-02 18:19:52,604] {logging_mixin.py:115} INFO - [2023-04-02 18:19:52,604] {dag.py:2919} INFO - Setting next_dagrun for example_xcom_args to None, run_after=None
[2023-04-02 18:19:52,605] {logging_mixin.py:115} INFO - [2023-04-02 18:19:52,605] {dag.py:2919} INFO - Setting next_dagrun for example_xcom_args_with_operators to None, run_after=None
[2023-04-02 18:19:52,619] {processor.py:161} INFO - Processing /home/airflow/.local/lib/python3.7/site-packages/airflow/example_dags/example_xcomargs.py took 0.142 seconds
[2023-04-02 18:20:22,671] {processor.py:153} INFO - Started process (PID=3008) to work on /home/airflow/.local/lib/python3.7/site-packages/airflow/example_dags/example_xcomargs.py
[2023-04-02 18:20:22,672] {processor.py:641} INFO - Processing file /home/airflow/.local/lib/python3.7/site-packages/airflow/example_dags/example_xcomargs.py for tasks to queue
[2023-04-02 18:20:22,673] {logging_mixin.py:115} INFO - [2023-04-02 18:20:22,673] {dagbag.py:507} INFO - Filling up the DagBag from /home/airflow/.local/lib/python3.7/site-packages/airflow/example_dags/example_xcomargs.py
[2023-04-02 18:20:22,697] {processor.py:651} INFO - DAG(s) dict_keys(['example_xcom_args', 'example_xcom_args_with_operators']) retrieved from /home/airflow/.local/lib/python3.7/site-packages/airflow/example_dags/example_xcomargs.py
[2023-04-02 18:20:22,767] {logging_mixin.py:115} INFO - [2023-04-02 18:20:22,767] {dag.py:2371} INFO - Sync 2 DAGs
[2023-04-02 18:20:22,788] {logging_mixin.py:115} INFO - [2023-04-02 18:20:22,788] {dag.py:2919} INFO - Setting next_dagrun for example_xcom_args to None, run_after=None
[2023-04-02 18:20:22,789] {logging_mixin.py:115} INFO - [2023-04-02 18:20:22,789] {dag.py:2919} INFO - Setting next_dagrun for example_xcom_args_with_operators to None, run_after=None
[2023-04-02 18:20:22,803] {processor.py:161} INFO - Processing /home/airflow/.local/lib/python3.7/site-packages/airflow/example_dags/example_xcomargs.py took 0.136 seconds
[2023-04-02 18:20:52,926] {processor.py:153} INFO - Started process (PID=3064) to work on /home/airflow/.local/lib/python3.7/site-packages/airflow/example_dags/example_xcomargs.py
[2023-04-02 18:20:52,927] {processor.py:641} INFO - Processing file /home/airflow/.local/lib/python3.7/site-packages/airflow/example_dags/example_xcomargs.py for tasks to queue
[2023-04-02 18:20:52,930] {logging_mixin.py:115} INFO - [2023-04-02 18:20:52,929] {dagbag.py:507} INFO - Filling up the DagBag from /home/airflow/.local/lib/python3.7/site-packages/airflow/example_dags/example_xcomargs.py
[2023-04-02 18:20:52,957] {processor.py:651} INFO - DAG(s) dict_keys(['example_xcom_args', 'example_xcom_args_with_operators']) retrieved from /home/airflow/.local/lib/python3.7/site-packages/airflow/example_dags/example_xcomargs.py
[2023-04-02 18:20:53,034] {logging_mixin.py:115} INFO - [2023-04-02 18:20:53,033] {dag.py:2371} INFO - Sync 2 DAGs
[2023-04-02 18:20:53,055] {logging_mixin.py:115} INFO - [2023-04-02 18:20:53,055] {dag.py:2919} INFO - Setting next_dagrun for example_xcom_args to None, run_after=None
[2023-04-02 18:20:53,056] {logging_mixin.py:115} INFO - [2023-04-02 18:20:53,056] {dag.py:2919} INFO - Setting next_dagrun for example_xcom_args_with_operators to None, run_after=None
[2023-04-02 18:20:53,072] {processor.py:161} INFO - Processing /home/airflow/.local/lib/python3.7/site-packages/airflow/example_dags/example_xcomargs.py took 0.151 seconds
[2023-04-02 18:21:23,379] {processor.py:153} INFO - Started process (PID=3126) to work on /home/airflow/.local/lib/python3.7/site-packages/airflow/example_dags/example_xcomargs.py
[2023-04-02 18:21:23,381] {processor.py:641} INFO - Processing file /home/airflow/.local/lib/python3.7/site-packages/airflow/example_dags/example_xcomargs.py for tasks to queue
[2023-04-02 18:21:23,383] {logging_mixin.py:115} INFO - [2023-04-02 18:21:23,383] {dagbag.py:507} INFO - Filling up the DagBag from /home/airflow/.local/lib/python3.7/site-packages/airflow/example_dags/example_xcomargs.py
[2023-04-02 18:21:23,406] {processor.py:651} INFO - DAG(s) dict_keys(['example_xcom_args', 'example_xcom_args_with_operators']) retrieved from /home/airflow/.local/lib/python3.7/site-packages/airflow/example_dags/example_xcomargs.py
[2023-04-02 18:21:23,437] {logging_mixin.py:115} INFO - [2023-04-02 18:21:23,437] {dag.py:2371} INFO - Sync 2 DAGs
[2023-04-02 18:21:23,460] {logging_mixin.py:115} INFO - [2023-04-02 18:21:23,460] {dag.py:2919} INFO - Setting next_dagrun for example_xcom_args to None, run_after=None
[2023-04-02 18:21:23,461] {logging_mixin.py:115} INFO - [2023-04-02 18:21:23,461] {dag.py:2919} INFO - Setting next_dagrun for example_xcom_args_with_operators to None, run_after=None
[2023-04-02 18:21:23,474] {processor.py:161} INFO - Processing /home/airflow/.local/lib/python3.7/site-packages/airflow/example_dags/example_xcomargs.py took 0.098 seconds
[2023-04-02 18:21:53,762] {processor.py:153} INFO - Started process (PID=3189) to work on /home/airflow/.local/lib/python3.7/site-packages/airflow/example_dags/example_xcomargs.py
[2023-04-02 18:21:53,764] {processor.py:641} INFO - Processing file /home/airflow/.local/lib/python3.7/site-packages/airflow/example_dags/example_xcomargs.py for tasks to queue
[2023-04-02 18:21:53,765] {logging_mixin.py:115} INFO - [2023-04-02 18:21:53,765] {dagbag.py:507} INFO - Filling up the DagBag from /home/airflow/.local/lib/python3.7/site-packages/airflow/example_dags/example_xcomargs.py
[2023-04-02 18:21:53,788] {processor.py:651} INFO - DAG(s) dict_keys(['example_xcom_args', 'example_xcom_args_with_operators']) retrieved from /home/airflow/.local/lib/python3.7/site-packages/airflow/example_dags/example_xcomargs.py
[2023-04-02 18:21:53,861] {logging_mixin.py:115} INFO - [2023-04-02 18:21:53,861] {dag.py:2371} INFO - Sync 2 DAGs
[2023-04-02 18:21:53,884] {logging_mixin.py:115} INFO - [2023-04-02 18:21:53,884] {dag.py:2919} INFO - Setting next_dagrun for example_xcom_args to None, run_after=None
[2023-04-02 18:21:53,886] {logging_mixin.py:115} INFO - [2023-04-02 18:21:53,886] {dag.py:2919} INFO - Setting next_dagrun for example_xcom_args_with_operators to None, run_after=None
[2023-04-02 18:21:53,904] {processor.py:161} INFO - Processing /home/airflow/.local/lib/python3.7/site-packages/airflow/example_dags/example_xcomargs.py took 0.146 seconds
[2023-04-02 18:22:24,226] {processor.py:153} INFO - Started process (PID=3243) to work on /home/airflow/.local/lib/python3.7/site-packages/airflow/example_dags/example_xcomargs.py
[2023-04-02 18:22:24,229] {processor.py:641} INFO - Processing file /home/airflow/.local/lib/python3.7/site-packages/airflow/example_dags/example_xcomargs.py for tasks to queue
[2023-04-02 18:22:24,231] {logging_mixin.py:115} INFO - [2023-04-02 18:22:24,231] {dagbag.py:507} INFO - Filling up the DagBag from /home/airflow/.local/lib/python3.7/site-packages/airflow/example_dags/example_xcomargs.py
[2023-04-02 18:22:24,261] {processor.py:651} INFO - DAG(s) dict_keys(['example_xcom_args', 'example_xcom_args_with_operators']) retrieved from /home/airflow/.local/lib/python3.7/site-packages/airflow/example_dags/example_xcomargs.py
[2023-04-02 18:22:24,335] {logging_mixin.py:115} INFO - [2023-04-02 18:22:24,335] {dag.py:2371} INFO - Sync 2 DAGs
[2023-04-02 18:22:24,357] {logging_mixin.py:115} INFO - [2023-04-02 18:22:24,357] {dag.py:2919} INFO - Setting next_dagrun for example_xcom_args to None, run_after=None
[2023-04-02 18:22:24,358] {logging_mixin.py:115} INFO - [2023-04-02 18:22:24,358] {dag.py:2919} INFO - Setting next_dagrun for example_xcom_args_with_operators to None, run_after=None
[2023-04-02 18:22:24,375] {processor.py:161} INFO - Processing /home/airflow/.local/lib/python3.7/site-packages/airflow/example_dags/example_xcomargs.py took 0.154 seconds
[2023-04-02 18:22:54,508] {processor.py:153} INFO - Started process (PID=3306) to work on /home/airflow/.local/lib/python3.7/site-packages/airflow/example_dags/example_xcomargs.py
[2023-04-02 18:22:54,510] {processor.py:641} INFO - Processing file /home/airflow/.local/lib/python3.7/site-packages/airflow/example_dags/example_xcomargs.py for tasks to queue
[2023-04-02 18:22:54,512] {logging_mixin.py:115} INFO - [2023-04-02 18:22:54,511] {dagbag.py:507} INFO - Filling up the DagBag from /home/airflow/.local/lib/python3.7/site-packages/airflow/example_dags/example_xcomargs.py
[2023-04-02 18:22:54,536] {processor.py:651} INFO - DAG(s) dict_keys(['example_xcom_args', 'example_xcom_args_with_operators']) retrieved from /home/airflow/.local/lib/python3.7/site-packages/airflow/example_dags/example_xcomargs.py
[2023-04-02 18:22:54,569] {logging_mixin.py:115} INFO - [2023-04-02 18:22:54,568] {dag.py:2371} INFO - Sync 2 DAGs
[2023-04-02 18:22:54,593] {logging_mixin.py:115} INFO - [2023-04-02 18:22:54,592] {dag.py:2919} INFO - Setting next_dagrun for example_xcom_args to None, run_after=None
[2023-04-02 18:22:54,594] {logging_mixin.py:115} INFO - [2023-04-02 18:22:54,594] {dag.py:2919} INFO - Setting next_dagrun for example_xcom_args_with_operators to None, run_after=None
[2023-04-02 18:22:54,608] {processor.py:161} INFO - Processing /home/airflow/.local/lib/python3.7/site-packages/airflow/example_dags/example_xcomargs.py took 0.104 seconds
[2023-04-02 18:23:24,786] {processor.py:153} INFO - Started process (PID=3369) to work on /home/airflow/.local/lib/python3.7/site-packages/airflow/example_dags/example_xcomargs.py
[2023-04-02 18:23:24,787] {processor.py:641} INFO - Processing file /home/airflow/.local/lib/python3.7/site-packages/airflow/example_dags/example_xcomargs.py for tasks to queue
[2023-04-02 18:23:24,788] {logging_mixin.py:115} INFO - [2023-04-02 18:23:24,788] {dagbag.py:507} INFO - Filling up the DagBag from /home/airflow/.local/lib/python3.7/site-packages/airflow/example_dags/example_xcomargs.py
[2023-04-02 18:23:24,812] {processor.py:651} INFO - DAG(s) dict_keys(['example_xcom_args', 'example_xcom_args_with_operators']) retrieved from /home/airflow/.local/lib/python3.7/site-packages/airflow/example_dags/example_xcomargs.py
[2023-04-02 18:23:24,843] {logging_mixin.py:115} INFO - [2023-04-02 18:23:24,843] {dag.py:2371} INFO - Sync 2 DAGs
[2023-04-02 18:23:24,866] {logging_mixin.py:115} INFO - [2023-04-02 18:23:24,866] {dag.py:2919} INFO - Setting next_dagrun for example_xcom_args to None, run_after=None
[2023-04-02 18:23:24,867] {logging_mixin.py:115} INFO - [2023-04-02 18:23:24,867] {dag.py:2919} INFO - Setting next_dagrun for example_xcom_args_with_operators to None, run_after=None
[2023-04-02 18:23:24,880] {processor.py:161} INFO - Processing /home/airflow/.local/lib/python3.7/site-packages/airflow/example_dags/example_xcomargs.py took 0.099 seconds
