[2023-04-02 17:55:28,811] {processor.py:153} INFO - Started process (PID=71) to work on /home/airflow/.local/lib/python3.7/site-packages/airflow/example_dags/example_nested_branch_dag.py
[2023-04-02 17:55:28,814] {processor.py:641} INFO - Processing file /home/airflow/.local/lib/python3.7/site-packages/airflow/example_dags/example_nested_branch_dag.py for tasks to queue
[2023-04-02 17:55:28,816] {logging_mixin.py:115} INFO - [2023-04-02 17:55:28,815] {dagbag.py:507} INFO - Filling up the DagBag from /home/airflow/.local/lib/python3.7/site-packages/airflow/example_dags/example_nested_branch_dag.py
[2023-04-02 17:55:28,834] {processor.py:651} INFO - DAG(s) dict_keys(['example_nested_branch_dag']) retrieved from /home/airflow/.local/lib/python3.7/site-packages/airflow/example_dags/example_nested_branch_dag.py
[2023-04-02 17:55:29,159] {logging_mixin.py:115} INFO - [2023-04-02 17:55:29,159] {manager.py:508} INFO - Created Permission View: can edit on DAG:example_nested_branch_dag
[2023-04-02 17:55:29,178] {logging_mixin.py:115} INFO - [2023-04-02 17:55:29,178] {manager.py:508} INFO - Created Permission View: can delete on DAG:example_nested_branch_dag
[2023-04-02 17:55:29,189] {logging_mixin.py:115} INFO - [2023-04-02 17:55:29,188] {manager.py:508} INFO - Created Permission View: can read on DAG:example_nested_branch_dag
[2023-04-02 17:55:29,194] {logging_mixin.py:115} INFO - [2023-04-02 17:55:29,193] {dag.py:2371} INFO - Sync 1 DAGs
[2023-04-02 17:55:29,209] {logging_mixin.py:115} INFO - [2023-04-02 17:55:29,209] {dag.py:2390} INFO - Creating ORM DAG for example_nested_branch_dag
[2023-04-02 17:55:29,270] {logging_mixin.py:115} INFO - [2023-04-02 17:55:29,270] {dag.py:2919} INFO - Setting next_dagrun for example_nested_branch_dag to 2023-04-01T00:00:00+00:00, run_after=2023-04-02T00:00:00+00:00
[2023-04-02 17:55:29,293] {processor.py:161} INFO - Processing /home/airflow/.local/lib/python3.7/site-packages/airflow/example_dags/example_nested_branch_dag.py took 0.488 seconds
[2023-04-02 17:56:00,157] {processor.py:153} INFO - Started process (PID=132) to work on /home/airflow/.local/lib/python3.7/site-packages/airflow/example_dags/example_nested_branch_dag.py
[2023-04-02 17:56:00,159] {processor.py:641} INFO - Processing file /home/airflow/.local/lib/python3.7/site-packages/airflow/example_dags/example_nested_branch_dag.py for tasks to queue
[2023-04-02 17:56:00,160] {logging_mixin.py:115} INFO - [2023-04-02 17:56:00,160] {dagbag.py:507} INFO - Filling up the DagBag from /home/airflow/.local/lib/python3.7/site-packages/airflow/example_dags/example_nested_branch_dag.py
[2023-04-02 17:56:00,175] {processor.py:651} INFO - DAG(s) dict_keys(['example_nested_branch_dag']) retrieved from /home/airflow/.local/lib/python3.7/site-packages/airflow/example_dags/example_nested_branch_dag.py
[2023-04-02 17:56:00,209] {logging_mixin.py:115} INFO - [2023-04-02 17:56:00,209] {dag.py:2371} INFO - Sync 1 DAGs
[2023-04-02 17:56:00,245] {logging_mixin.py:115} INFO - [2023-04-02 17:56:00,245] {dag.py:2919} INFO - Setting next_dagrun for example_nested_branch_dag to 2023-04-01T00:00:00+00:00, run_after=2023-04-02T00:00:00+00:00
[2023-04-02 17:56:00,262] {processor.py:161} INFO - Processing /home/airflow/.local/lib/python3.7/site-packages/airflow/example_dags/example_nested_branch_dag.py took 0.109 seconds
[2023-04-02 17:56:30,920] {processor.py:153} INFO - Started process (PID=193) to work on /home/airflow/.local/lib/python3.7/site-packages/airflow/example_dags/example_nested_branch_dag.py
[2023-04-02 17:56:30,921] {processor.py:641} INFO - Processing file /home/airflow/.local/lib/python3.7/site-packages/airflow/example_dags/example_nested_branch_dag.py for tasks to queue
[2023-04-02 17:56:30,922] {logging_mixin.py:115} INFO - [2023-04-02 17:56:30,922] {dagbag.py:507} INFO - Filling up the DagBag from /home/airflow/.local/lib/python3.7/site-packages/airflow/example_dags/example_nested_branch_dag.py
[2023-04-02 17:56:30,933] {processor.py:651} INFO - DAG(s) dict_keys(['example_nested_branch_dag']) retrieved from /home/airflow/.local/lib/python3.7/site-packages/airflow/example_dags/example_nested_branch_dag.py
[2023-04-02 17:56:30,963] {logging_mixin.py:115} INFO - [2023-04-02 17:56:30,963] {dag.py:2371} INFO - Sync 1 DAGs
[2023-04-02 17:56:30,990] {logging_mixin.py:115} INFO - [2023-04-02 17:56:30,990] {dag.py:2919} INFO - Setting next_dagrun for example_nested_branch_dag to 2023-04-01T00:00:00+00:00, run_after=2023-04-02T00:00:00+00:00
[2023-04-02 17:56:31,003] {processor.py:161} INFO - Processing /home/airflow/.local/lib/python3.7/site-packages/airflow/example_dags/example_nested_branch_dag.py took 0.086 seconds
[2023-04-02 17:57:01,826] {processor.py:153} INFO - Started process (PID=245) to work on /home/airflow/.local/lib/python3.7/site-packages/airflow/example_dags/example_nested_branch_dag.py
[2023-04-02 17:57:01,828] {processor.py:641} INFO - Processing file /home/airflow/.local/lib/python3.7/site-packages/airflow/example_dags/example_nested_branch_dag.py for tasks to queue
[2023-04-02 17:57:01,829] {logging_mixin.py:115} INFO - [2023-04-02 17:57:01,829] {dagbag.py:507} INFO - Filling up the DagBag from /home/airflow/.local/lib/python3.7/site-packages/airflow/example_dags/example_nested_branch_dag.py
[2023-04-02 17:57:01,841] {processor.py:651} INFO - DAG(s) dict_keys(['example_nested_branch_dag']) retrieved from /home/airflow/.local/lib/python3.7/site-packages/airflow/example_dags/example_nested_branch_dag.py
[2023-04-02 17:57:01,869] {logging_mixin.py:115} INFO - [2023-04-02 17:57:01,869] {dag.py:2371} INFO - Sync 1 DAGs
[2023-04-02 17:57:01,895] {logging_mixin.py:115} INFO - [2023-04-02 17:57:01,895] {dag.py:2919} INFO - Setting next_dagrun for example_nested_branch_dag to 2023-04-01T00:00:00+00:00, run_after=2023-04-02T00:00:00+00:00
[2023-04-02 17:57:01,908] {processor.py:161} INFO - Processing /home/airflow/.local/lib/python3.7/site-packages/airflow/example_dags/example_nested_branch_dag.py took 0.085 seconds
[2023-04-02 17:57:31,977] {processor.py:153} INFO - Started process (PID=306) to work on /home/airflow/.local/lib/python3.7/site-packages/airflow/example_dags/example_nested_branch_dag.py
[2023-04-02 17:57:31,979] {processor.py:641} INFO - Processing file /home/airflow/.local/lib/python3.7/site-packages/airflow/example_dags/example_nested_branch_dag.py for tasks to queue
[2023-04-02 17:57:31,980] {logging_mixin.py:115} INFO - [2023-04-02 17:57:31,980] {dagbag.py:507} INFO - Filling up the DagBag from /home/airflow/.local/lib/python3.7/site-packages/airflow/example_dags/example_nested_branch_dag.py
[2023-04-02 17:57:31,992] {processor.py:651} INFO - DAG(s) dict_keys(['example_nested_branch_dag']) retrieved from /home/airflow/.local/lib/python3.7/site-packages/airflow/example_dags/example_nested_branch_dag.py
[2023-04-02 17:57:32,023] {logging_mixin.py:115} INFO - [2023-04-02 17:57:32,023] {dag.py:2371} INFO - Sync 1 DAGs
[2023-04-02 17:57:32,053] {logging_mixin.py:115} INFO - [2023-04-02 17:57:32,052] {dag.py:2919} INFO - Setting next_dagrun for example_nested_branch_dag to 2023-04-01T00:00:00+00:00, run_after=2023-04-02T00:00:00+00:00
[2023-04-02 17:57:32,068] {processor.py:161} INFO - Processing /home/airflow/.local/lib/python3.7/site-packages/airflow/example_dags/example_nested_branch_dag.py took 0.094 seconds
[2023-04-02 17:58:02,150] {processor.py:153} INFO - Started process (PID=367) to work on /home/airflow/.local/lib/python3.7/site-packages/airflow/example_dags/example_nested_branch_dag.py
[2023-04-02 17:58:02,151] {processor.py:641} INFO - Processing file /home/airflow/.local/lib/python3.7/site-packages/airflow/example_dags/example_nested_branch_dag.py for tasks to queue
[2023-04-02 17:58:02,152] {logging_mixin.py:115} INFO - [2023-04-02 17:58:02,152] {dagbag.py:507} INFO - Filling up the DagBag from /home/airflow/.local/lib/python3.7/site-packages/airflow/example_dags/example_nested_branch_dag.py
[2023-04-02 17:58:02,164] {processor.py:651} INFO - DAG(s) dict_keys(['example_nested_branch_dag']) retrieved from /home/airflow/.local/lib/python3.7/site-packages/airflow/example_dags/example_nested_branch_dag.py
[2023-04-02 17:58:02,194] {logging_mixin.py:115} INFO - [2023-04-02 17:58:02,194] {dag.py:2371} INFO - Sync 1 DAGs
[2023-04-02 17:58:02,223] {logging_mixin.py:115} INFO - [2023-04-02 17:58:02,223] {dag.py:2919} INFO - Setting next_dagrun for example_nested_branch_dag to 2023-04-01T00:00:00+00:00, run_after=2023-04-02T00:00:00+00:00
[2023-04-02 17:58:02,235] {processor.py:161} INFO - Processing /home/airflow/.local/lib/python3.7/site-packages/airflow/example_dags/example_nested_branch_dag.py took 0.089 seconds
[2023-04-02 17:58:33,061] {processor.py:153} INFO - Started process (PID=418) to work on /home/airflow/.local/lib/python3.7/site-packages/airflow/example_dags/example_nested_branch_dag.py
[2023-04-02 17:58:33,063] {processor.py:641} INFO - Processing file /home/airflow/.local/lib/python3.7/site-packages/airflow/example_dags/example_nested_branch_dag.py for tasks to queue
[2023-04-02 17:58:33,065] {logging_mixin.py:115} INFO - [2023-04-02 17:58:33,064] {dagbag.py:507} INFO - Filling up the DagBag from /home/airflow/.local/lib/python3.7/site-packages/airflow/example_dags/example_nested_branch_dag.py
[2023-04-02 17:58:33,078] {processor.py:651} INFO - DAG(s) dict_keys(['example_nested_branch_dag']) retrieved from /home/airflow/.local/lib/python3.7/site-packages/airflow/example_dags/example_nested_branch_dag.py
[2023-04-02 17:58:33,106] {logging_mixin.py:115} INFO - [2023-04-02 17:58:33,106] {dag.py:2371} INFO - Sync 1 DAGs
[2023-04-02 17:58:33,136] {logging_mixin.py:115} INFO - [2023-04-02 17:58:33,136] {dag.py:2919} INFO - Setting next_dagrun for example_nested_branch_dag to 2023-04-01T00:00:00+00:00, run_after=2023-04-02T00:00:00+00:00
[2023-04-02 17:58:33,147] {processor.py:161} INFO - Processing /home/airflow/.local/lib/python3.7/site-packages/airflow/example_dags/example_nested_branch_dag.py took 0.090 seconds
[2023-04-02 17:59:04,059] {processor.py:153} INFO - Started process (PID=480) to work on /home/airflow/.local/lib/python3.7/site-packages/airflow/example_dags/example_nested_branch_dag.py
[2023-04-02 17:59:04,060] {processor.py:641} INFO - Processing file /home/airflow/.local/lib/python3.7/site-packages/airflow/example_dags/example_nested_branch_dag.py for tasks to queue
[2023-04-02 17:59:04,062] {logging_mixin.py:115} INFO - [2023-04-02 17:59:04,061] {dagbag.py:507} INFO - Filling up the DagBag from /home/airflow/.local/lib/python3.7/site-packages/airflow/example_dags/example_nested_branch_dag.py
[2023-04-02 17:59:04,074] {processor.py:651} INFO - DAG(s) dict_keys(['example_nested_branch_dag']) retrieved from /home/airflow/.local/lib/python3.7/site-packages/airflow/example_dags/example_nested_branch_dag.py
[2023-04-02 17:59:04,106] {logging_mixin.py:115} INFO - [2023-04-02 17:59:04,106] {dag.py:2371} INFO - Sync 1 DAGs
[2023-04-02 17:59:04,134] {logging_mixin.py:115} INFO - [2023-04-02 17:59:04,134] {dag.py:2919} INFO - Setting next_dagrun for example_nested_branch_dag to 2023-04-01T00:00:00+00:00, run_after=2023-04-02T00:00:00+00:00
[2023-04-02 17:59:04,147] {processor.py:161} INFO - Processing /home/airflow/.local/lib/python3.7/site-packages/airflow/example_dags/example_nested_branch_dag.py took 0.092 seconds
[2023-04-02 17:59:34,356] {processor.py:153} INFO - Started process (PID=541) to work on /home/airflow/.local/lib/python3.7/site-packages/airflow/example_dags/example_nested_branch_dag.py
[2023-04-02 17:59:34,357] {processor.py:641} INFO - Processing file /home/airflow/.local/lib/python3.7/site-packages/airflow/example_dags/example_nested_branch_dag.py for tasks to queue
[2023-04-02 17:59:34,358] {logging_mixin.py:115} INFO - [2023-04-02 17:59:34,358] {dagbag.py:507} INFO - Filling up the DagBag from /home/airflow/.local/lib/python3.7/site-packages/airflow/example_dags/example_nested_branch_dag.py
[2023-04-02 17:59:34,370] {processor.py:651} INFO - DAG(s) dict_keys(['example_nested_branch_dag']) retrieved from /home/airflow/.local/lib/python3.7/site-packages/airflow/example_dags/example_nested_branch_dag.py
[2023-04-02 17:59:34,406] {logging_mixin.py:115} INFO - [2023-04-02 17:59:34,406] {dag.py:2371} INFO - Sync 1 DAGs
[2023-04-02 17:59:34,444] {logging_mixin.py:115} INFO - [2023-04-02 17:59:34,444] {dag.py:2919} INFO - Setting next_dagrun for example_nested_branch_dag to 2023-04-01T00:00:00+00:00, run_after=2023-04-02T00:00:00+00:00
[2023-04-02 17:59:34,463] {processor.py:161} INFO - Processing /home/airflow/.local/lib/python3.7/site-packages/airflow/example_dags/example_nested_branch_dag.py took 0.111 seconds
[2023-04-02 18:00:05,116] {processor.py:153} INFO - Started process (PID=603) to work on /home/airflow/.local/lib/python3.7/site-packages/airflow/example_dags/example_nested_branch_dag.py
[2023-04-02 18:00:05,118] {processor.py:641} INFO - Processing file /home/airflow/.local/lib/python3.7/site-packages/airflow/example_dags/example_nested_branch_dag.py for tasks to queue
[2023-04-02 18:00:05,119] {logging_mixin.py:115} INFO - [2023-04-02 18:00:05,119] {dagbag.py:507} INFO - Filling up the DagBag from /home/airflow/.local/lib/python3.7/site-packages/airflow/example_dags/example_nested_branch_dag.py
[2023-04-02 18:00:05,132] {processor.py:651} INFO - DAG(s) dict_keys(['example_nested_branch_dag']) retrieved from /home/airflow/.local/lib/python3.7/site-packages/airflow/example_dags/example_nested_branch_dag.py
[2023-04-02 18:00:05,179] {logging_mixin.py:115} INFO - [2023-04-02 18:00:05,178] {dag.py:2371} INFO - Sync 1 DAGs
[2023-04-02 18:00:05,219] {logging_mixin.py:115} INFO - [2023-04-02 18:00:05,218] {dag.py:2919} INFO - Setting next_dagrun for example_nested_branch_dag to 2023-04-01T00:00:00+00:00, run_after=2023-04-02T00:00:00+00:00
[2023-04-02 18:00:05,233] {processor.py:161} INFO - Processing /home/airflow/.local/lib/python3.7/site-packages/airflow/example_dags/example_nested_branch_dag.py took 0.121 seconds
[2023-04-02 18:00:36,092] {processor.py:153} INFO - Started process (PID=657) to work on /home/airflow/.local/lib/python3.7/site-packages/airflow/example_dags/example_nested_branch_dag.py
[2023-04-02 18:00:36,094] {processor.py:641} INFO - Processing file /home/airflow/.local/lib/python3.7/site-packages/airflow/example_dags/example_nested_branch_dag.py for tasks to queue
[2023-04-02 18:00:36,096] {logging_mixin.py:115} INFO - [2023-04-02 18:00:36,096] {dagbag.py:507} INFO - Filling up the DagBag from /home/airflow/.local/lib/python3.7/site-packages/airflow/example_dags/example_nested_branch_dag.py
[2023-04-02 18:00:36,112] {processor.py:651} INFO - DAG(s) dict_keys(['example_nested_branch_dag']) retrieved from /home/airflow/.local/lib/python3.7/site-packages/airflow/example_dags/example_nested_branch_dag.py
[2023-04-02 18:00:36,158] {logging_mixin.py:115} INFO - [2023-04-02 18:00:36,158] {dag.py:2371} INFO - Sync 1 DAGs
[2023-04-02 18:00:36,199] {logging_mixin.py:115} INFO - [2023-04-02 18:00:36,199] {dag.py:2919} INFO - Setting next_dagrun for example_nested_branch_dag to 2023-04-01T00:00:00+00:00, run_after=2023-04-02T00:00:00+00:00
[2023-04-02 18:00:36,383] {processor.py:161} INFO - Processing /home/airflow/.local/lib/python3.7/site-packages/airflow/example_dags/example_nested_branch_dag.py took 0.296 seconds
[2023-04-02 18:01:06,719] {processor.py:153} INFO - Started process (PID=720) to work on /home/airflow/.local/lib/python3.7/site-packages/airflow/example_dags/example_nested_branch_dag.py
[2023-04-02 18:01:06,720] {processor.py:641} INFO - Processing file /home/airflow/.local/lib/python3.7/site-packages/airflow/example_dags/example_nested_branch_dag.py for tasks to queue
[2023-04-02 18:01:06,721] {logging_mixin.py:115} INFO - [2023-04-02 18:01:06,721] {dagbag.py:507} INFO - Filling up the DagBag from /home/airflow/.local/lib/python3.7/site-packages/airflow/example_dags/example_nested_branch_dag.py
[2023-04-02 18:01:06,733] {processor.py:651} INFO - DAG(s) dict_keys(['example_nested_branch_dag']) retrieved from /home/airflow/.local/lib/python3.7/site-packages/airflow/example_dags/example_nested_branch_dag.py
[2023-04-02 18:01:06,762] {logging_mixin.py:115} INFO - [2023-04-02 18:01:06,762] {dag.py:2371} INFO - Sync 1 DAGs
[2023-04-02 18:01:06,797] {logging_mixin.py:115} INFO - [2023-04-02 18:01:06,797] {dag.py:2919} INFO - Setting next_dagrun for example_nested_branch_dag to 2023-04-01T00:00:00+00:00, run_after=2023-04-02T00:00:00+00:00
[2023-04-02 18:01:06,928] {processor.py:161} INFO - Processing /home/airflow/.local/lib/python3.7/site-packages/airflow/example_dags/example_nested_branch_dag.py took 0.214 seconds
[2023-04-02 18:01:37,081] {processor.py:153} INFO - Started process (PID=787) to work on /home/airflow/.local/lib/python3.7/site-packages/airflow/example_dags/example_nested_branch_dag.py
[2023-04-02 18:01:37,083] {processor.py:641} INFO - Processing file /home/airflow/.local/lib/python3.7/site-packages/airflow/example_dags/example_nested_branch_dag.py for tasks to queue
[2023-04-02 18:01:37,084] {logging_mixin.py:115} INFO - [2023-04-02 18:01:37,084] {dagbag.py:507} INFO - Filling up the DagBag from /home/airflow/.local/lib/python3.7/site-packages/airflow/example_dags/example_nested_branch_dag.py
[2023-04-02 18:01:37,099] {processor.py:651} INFO - DAG(s) dict_keys(['example_nested_branch_dag']) retrieved from /home/airflow/.local/lib/python3.7/site-packages/airflow/example_dags/example_nested_branch_dag.py
[2023-04-02 18:01:37,129] {logging_mixin.py:115} INFO - [2023-04-02 18:01:37,129] {dag.py:2371} INFO - Sync 1 DAGs
[2023-04-02 18:01:37,156] {logging_mixin.py:115} INFO - [2023-04-02 18:01:37,156] {dag.py:2919} INFO - Setting next_dagrun for example_nested_branch_dag to 2023-04-01T00:00:00+00:00, run_after=2023-04-02T00:00:00+00:00
[2023-04-02 18:01:37,278] {processor.py:161} INFO - Processing /home/airflow/.local/lib/python3.7/site-packages/airflow/example_dags/example_nested_branch_dag.py took 0.202 seconds
[2023-04-02 18:02:07,433] {processor.py:153} INFO - Started process (PID=841) to work on /home/airflow/.local/lib/python3.7/site-packages/airflow/example_dags/example_nested_branch_dag.py
[2023-04-02 18:02:07,434] {processor.py:641} INFO - Processing file /home/airflow/.local/lib/python3.7/site-packages/airflow/example_dags/example_nested_branch_dag.py for tasks to queue
[2023-04-02 18:02:07,435] {logging_mixin.py:115} INFO - [2023-04-02 18:02:07,435] {dagbag.py:507} INFO - Filling up the DagBag from /home/airflow/.local/lib/python3.7/site-packages/airflow/example_dags/example_nested_branch_dag.py
[2023-04-02 18:02:07,446] {processor.py:651} INFO - DAG(s) dict_keys(['example_nested_branch_dag']) retrieved from /home/airflow/.local/lib/python3.7/site-packages/airflow/example_dags/example_nested_branch_dag.py
[2023-04-02 18:02:07,474] {logging_mixin.py:115} INFO - [2023-04-02 18:02:07,473] {dag.py:2371} INFO - Sync 1 DAGs
[2023-04-02 18:02:07,500] {logging_mixin.py:115} INFO - [2023-04-02 18:02:07,500] {dag.py:2919} INFO - Setting next_dagrun for example_nested_branch_dag to 2023-04-01T00:00:00+00:00, run_after=2023-04-02T00:00:00+00:00
[2023-04-02 18:02:07,625] {processor.py:161} INFO - Processing /home/airflow/.local/lib/python3.7/site-packages/airflow/example_dags/example_nested_branch_dag.py took 0.196 seconds
[2023-04-02 18:02:37,961] {processor.py:153} INFO - Started process (PID=905) to work on /home/airflow/.local/lib/python3.7/site-packages/airflow/example_dags/example_nested_branch_dag.py
[2023-04-02 18:02:37,963] {processor.py:641} INFO - Processing file /home/airflow/.local/lib/python3.7/site-packages/airflow/example_dags/example_nested_branch_dag.py for tasks to queue
[2023-04-02 18:02:37,964] {logging_mixin.py:115} INFO - [2023-04-02 18:02:37,964] {dagbag.py:507} INFO - Filling up the DagBag from /home/airflow/.local/lib/python3.7/site-packages/airflow/example_dags/example_nested_branch_dag.py
[2023-04-02 18:02:37,976] {processor.py:651} INFO - DAG(s) dict_keys(['example_nested_branch_dag']) retrieved from /home/airflow/.local/lib/python3.7/site-packages/airflow/example_dags/example_nested_branch_dag.py
[2023-04-02 18:02:38,005] {logging_mixin.py:115} INFO - [2023-04-02 18:02:38,005] {dag.py:2371} INFO - Sync 1 DAGs
[2023-04-02 18:02:38,032] {logging_mixin.py:115} INFO - [2023-04-02 18:02:38,032] {dag.py:2919} INFO - Setting next_dagrun for example_nested_branch_dag to 2023-04-01T00:00:00+00:00, run_after=2023-04-02T00:00:00+00:00
[2023-04-02 18:02:38,162] {processor.py:161} INFO - Processing /home/airflow/.local/lib/python3.7/site-packages/airflow/example_dags/example_nested_branch_dag.py took 0.205 seconds
[2023-04-02 18:03:08,501] {processor.py:153} INFO - Started process (PID=967) to work on /home/airflow/.local/lib/python3.7/site-packages/airflow/example_dags/example_nested_branch_dag.py
[2023-04-02 18:03:08,503] {processor.py:641} INFO - Processing file /home/airflow/.local/lib/python3.7/site-packages/airflow/example_dags/example_nested_branch_dag.py for tasks to queue
[2023-04-02 18:03:08,505] {logging_mixin.py:115} INFO - [2023-04-02 18:03:08,505] {dagbag.py:507} INFO - Filling up the DagBag from /home/airflow/.local/lib/python3.7/site-packages/airflow/example_dags/example_nested_branch_dag.py
[2023-04-02 18:03:08,520] {processor.py:651} INFO - DAG(s) dict_keys(['example_nested_branch_dag']) retrieved from /home/airflow/.local/lib/python3.7/site-packages/airflow/example_dags/example_nested_branch_dag.py
[2023-04-02 18:03:08,558] {logging_mixin.py:115} INFO - [2023-04-02 18:03:08,558] {dag.py:2371} INFO - Sync 1 DAGs
[2023-04-02 18:03:08,598] {logging_mixin.py:115} INFO - [2023-04-02 18:03:08,597] {dag.py:2919} INFO - Setting next_dagrun for example_nested_branch_dag to 2023-04-01T00:00:00+00:00, run_after=2023-04-02T00:00:00+00:00
[2023-04-02 18:03:08,745] {processor.py:161} INFO - Processing /home/airflow/.local/lib/python3.7/site-packages/airflow/example_dags/example_nested_branch_dag.py took 0.248 seconds
[2023-04-02 18:03:39,029] {processor.py:153} INFO - Started process (PID=1030) to work on /home/airflow/.local/lib/python3.7/site-packages/airflow/example_dags/example_nested_branch_dag.py
[2023-04-02 18:03:39,031] {processor.py:641} INFO - Processing file /home/airflow/.local/lib/python3.7/site-packages/airflow/example_dags/example_nested_branch_dag.py for tasks to queue
[2023-04-02 18:03:39,033] {logging_mixin.py:115} INFO - [2023-04-02 18:03:39,033] {dagbag.py:507} INFO - Filling up the DagBag from /home/airflow/.local/lib/python3.7/site-packages/airflow/example_dags/example_nested_branch_dag.py
[2023-04-02 18:03:39,048] {processor.py:651} INFO - DAG(s) dict_keys(['example_nested_branch_dag']) retrieved from /home/airflow/.local/lib/python3.7/site-packages/airflow/example_dags/example_nested_branch_dag.py
[2023-04-02 18:03:39,085] {logging_mixin.py:115} INFO - [2023-04-02 18:03:39,084] {dag.py:2371} INFO - Sync 1 DAGs
[2023-04-02 18:03:39,114] {logging_mixin.py:115} INFO - [2023-04-02 18:03:39,114] {dag.py:2919} INFO - Setting next_dagrun for example_nested_branch_dag to 2023-04-01T00:00:00+00:00, run_after=2023-04-02T00:00:00+00:00
[2023-04-02 18:03:39,242] {processor.py:161} INFO - Processing /home/airflow/.local/lib/python3.7/site-packages/airflow/example_dags/example_nested_branch_dag.py took 0.218 seconds
[2023-04-02 18:04:09,509] {processor.py:153} INFO - Started process (PID=1084) to work on /home/airflow/.local/lib/python3.7/site-packages/airflow/example_dags/example_nested_branch_dag.py
[2023-04-02 18:04:09,510] {processor.py:641} INFO - Processing file /home/airflow/.local/lib/python3.7/site-packages/airflow/example_dags/example_nested_branch_dag.py for tasks to queue
[2023-04-02 18:04:09,512] {logging_mixin.py:115} INFO - [2023-04-02 18:04:09,512] {dagbag.py:507} INFO - Filling up the DagBag from /home/airflow/.local/lib/python3.7/site-packages/airflow/example_dags/example_nested_branch_dag.py
[2023-04-02 18:04:09,525] {processor.py:651} INFO - DAG(s) dict_keys(['example_nested_branch_dag']) retrieved from /home/airflow/.local/lib/python3.7/site-packages/airflow/example_dags/example_nested_branch_dag.py
[2023-04-02 18:04:09,560] {logging_mixin.py:115} INFO - [2023-04-02 18:04:09,560] {dag.py:2371} INFO - Sync 1 DAGs
[2023-04-02 18:04:09,589] {logging_mixin.py:115} INFO - [2023-04-02 18:04:09,589] {dag.py:2919} INFO - Setting next_dagrun for example_nested_branch_dag to 2023-04-01T00:00:00+00:00, run_after=2023-04-02T00:00:00+00:00
[2023-04-02 18:04:09,719] {processor.py:161} INFO - Processing /home/airflow/.local/lib/python3.7/site-packages/airflow/example_dags/example_nested_branch_dag.py took 0.214 seconds
[2023-04-02 18:04:40,026] {processor.py:153} INFO - Started process (PID=1147) to work on /home/airflow/.local/lib/python3.7/site-packages/airflow/example_dags/example_nested_branch_dag.py
[2023-04-02 18:04:40,028] {processor.py:641} INFO - Processing file /home/airflow/.local/lib/python3.7/site-packages/airflow/example_dags/example_nested_branch_dag.py for tasks to queue
[2023-04-02 18:04:40,029] {logging_mixin.py:115} INFO - [2023-04-02 18:04:40,029] {dagbag.py:507} INFO - Filling up the DagBag from /home/airflow/.local/lib/python3.7/site-packages/airflow/example_dags/example_nested_branch_dag.py
[2023-04-02 18:04:40,043] {processor.py:651} INFO - DAG(s) dict_keys(['example_nested_branch_dag']) retrieved from /home/airflow/.local/lib/python3.7/site-packages/airflow/example_dags/example_nested_branch_dag.py
[2023-04-02 18:04:40,077] {logging_mixin.py:115} INFO - [2023-04-02 18:04:40,077] {dag.py:2371} INFO - Sync 1 DAGs
[2023-04-02 18:04:40,109] {logging_mixin.py:115} INFO - [2023-04-02 18:04:40,109] {dag.py:2919} INFO - Setting next_dagrun for example_nested_branch_dag to 2023-04-01T00:00:00+00:00, run_after=2023-04-02T00:00:00+00:00
[2023-04-02 18:04:40,250] {processor.py:161} INFO - Processing /home/airflow/.local/lib/python3.7/site-packages/airflow/example_dags/example_nested_branch_dag.py took 0.228 seconds
[2023-04-02 18:05:10,677] {processor.py:153} INFO - Started process (PID=1210) to work on /home/airflow/.local/lib/python3.7/site-packages/airflow/example_dags/example_nested_branch_dag.py
[2023-04-02 18:05:10,679] {processor.py:641} INFO - Processing file /home/airflow/.local/lib/python3.7/site-packages/airflow/example_dags/example_nested_branch_dag.py for tasks to queue
[2023-04-02 18:05:10,680] {logging_mixin.py:115} INFO - [2023-04-02 18:05:10,680] {dagbag.py:507} INFO - Filling up the DagBag from /home/airflow/.local/lib/python3.7/site-packages/airflow/example_dags/example_nested_branch_dag.py
[2023-04-02 18:05:10,692] {processor.py:651} INFO - DAG(s) dict_keys(['example_nested_branch_dag']) retrieved from /home/airflow/.local/lib/python3.7/site-packages/airflow/example_dags/example_nested_branch_dag.py
[2023-04-02 18:05:10,722] {logging_mixin.py:115} INFO - [2023-04-02 18:05:10,722] {dag.py:2371} INFO - Sync 1 DAGs
[2023-04-02 18:05:10,751] {logging_mixin.py:115} INFO - [2023-04-02 18:05:10,751] {dag.py:2919} INFO - Setting next_dagrun for example_nested_branch_dag to 2023-04-01T00:00:00+00:00, run_after=2023-04-02T00:00:00+00:00
[2023-04-02 18:05:10,887] {processor.py:161} INFO - Processing /home/airflow/.local/lib/python3.7/site-packages/airflow/example_dags/example_nested_branch_dag.py took 0.214 seconds
[2023-04-02 18:05:41,131] {processor.py:153} INFO - Started process (PID=1265) to work on /home/airflow/.local/lib/python3.7/site-packages/airflow/example_dags/example_nested_branch_dag.py
[2023-04-02 18:05:41,133] {processor.py:641} INFO - Processing file /home/airflow/.local/lib/python3.7/site-packages/airflow/example_dags/example_nested_branch_dag.py for tasks to queue
[2023-04-02 18:05:41,134] {logging_mixin.py:115} INFO - [2023-04-02 18:05:41,134] {dagbag.py:507} INFO - Filling up the DagBag from /home/airflow/.local/lib/python3.7/site-packages/airflow/example_dags/example_nested_branch_dag.py
[2023-04-02 18:05:41,149] {processor.py:651} INFO - DAG(s) dict_keys(['example_nested_branch_dag']) retrieved from /home/airflow/.local/lib/python3.7/site-packages/airflow/example_dags/example_nested_branch_dag.py
[2023-04-02 18:05:41,181] {logging_mixin.py:115} INFO - [2023-04-02 18:05:41,181] {dag.py:2371} INFO - Sync 1 DAGs
[2023-04-02 18:05:41,325] {logging_mixin.py:115} INFO - [2023-04-02 18:05:41,325] {dag.py:2919} INFO - Setting next_dagrun for example_nested_branch_dag to 2023-04-01T00:00:00+00:00, run_after=2023-04-02T00:00:00+00:00
[2023-04-02 18:05:41,339] {processor.py:161} INFO - Processing /home/airflow/.local/lib/python3.7/site-packages/airflow/example_dags/example_nested_branch_dag.py took 0.213 seconds
[2023-04-02 18:06:11,869] {processor.py:153} INFO - Started process (PID=1329) to work on /home/airflow/.local/lib/python3.7/site-packages/airflow/example_dags/example_nested_branch_dag.py
[2023-04-02 18:06:11,870] {processor.py:641} INFO - Processing file /home/airflow/.local/lib/python3.7/site-packages/airflow/example_dags/example_nested_branch_dag.py for tasks to queue
[2023-04-02 18:06:11,872] {logging_mixin.py:115} INFO - [2023-04-02 18:06:11,872] {dagbag.py:507} INFO - Filling up the DagBag from /home/airflow/.local/lib/python3.7/site-packages/airflow/example_dags/example_nested_branch_dag.py
[2023-04-02 18:06:11,884] {processor.py:651} INFO - DAG(s) dict_keys(['example_nested_branch_dag']) retrieved from /home/airflow/.local/lib/python3.7/site-packages/airflow/example_dags/example_nested_branch_dag.py
[2023-04-02 18:06:11,912] {logging_mixin.py:115} INFO - [2023-04-02 18:06:11,912] {dag.py:2371} INFO - Sync 1 DAGs
[2023-04-02 18:06:12,063] {logging_mixin.py:115} INFO - [2023-04-02 18:06:12,062] {dag.py:2919} INFO - Setting next_dagrun for example_nested_branch_dag to 2023-04-01T00:00:00+00:00, run_after=2023-04-02T00:00:00+00:00
[2023-04-02 18:06:12,075] {processor.py:161} INFO - Processing /home/airflow/.local/lib/python3.7/site-packages/airflow/example_dags/example_nested_branch_dag.py took 0.209 seconds
[2023-04-02 18:06:42,795] {processor.py:153} INFO - Started process (PID=1392) to work on /home/airflow/.local/lib/python3.7/site-packages/airflow/example_dags/example_nested_branch_dag.py
[2023-04-02 18:06:42,796] {processor.py:641} INFO - Processing file /home/airflow/.local/lib/python3.7/site-packages/airflow/example_dags/example_nested_branch_dag.py for tasks to queue
[2023-04-02 18:06:42,798] {logging_mixin.py:115} INFO - [2023-04-02 18:06:42,798] {dagbag.py:507} INFO - Filling up the DagBag from /home/airflow/.local/lib/python3.7/site-packages/airflow/example_dags/example_nested_branch_dag.py
[2023-04-02 18:06:42,810] {processor.py:651} INFO - DAG(s) dict_keys(['example_nested_branch_dag']) retrieved from /home/airflow/.local/lib/python3.7/site-packages/airflow/example_dags/example_nested_branch_dag.py
[2023-04-02 18:06:42,847] {logging_mixin.py:115} INFO - [2023-04-02 18:06:42,847] {dag.py:2371} INFO - Sync 1 DAGs
[2023-04-02 18:06:43,004] {logging_mixin.py:115} INFO - [2023-04-02 18:06:43,004] {dag.py:2919} INFO - Setting next_dagrun for example_nested_branch_dag to 2023-04-01T00:00:00+00:00, run_after=2023-04-02T00:00:00+00:00
[2023-04-02 18:06:43,017] {processor.py:161} INFO - Processing /home/airflow/.local/lib/python3.7/site-packages/airflow/example_dags/example_nested_branch_dag.py took 0.226 seconds
[2023-04-02 18:07:13,608] {processor.py:153} INFO - Started process (PID=1446) to work on /home/airflow/.local/lib/python3.7/site-packages/airflow/example_dags/example_nested_branch_dag.py
[2023-04-02 18:07:13,610] {processor.py:641} INFO - Processing file /home/airflow/.local/lib/python3.7/site-packages/airflow/example_dags/example_nested_branch_dag.py for tasks to queue
[2023-04-02 18:07:13,611] {logging_mixin.py:115} INFO - [2023-04-02 18:07:13,611] {dagbag.py:507} INFO - Filling up the DagBag from /home/airflow/.local/lib/python3.7/site-packages/airflow/example_dags/example_nested_branch_dag.py
[2023-04-02 18:07:13,623] {processor.py:651} INFO - DAG(s) dict_keys(['example_nested_branch_dag']) retrieved from /home/airflow/.local/lib/python3.7/site-packages/airflow/example_dags/example_nested_branch_dag.py
[2023-04-02 18:07:13,653] {logging_mixin.py:115} INFO - [2023-04-02 18:07:13,653] {dag.py:2371} INFO - Sync 1 DAGs
[2023-04-02 18:07:13,806] {logging_mixin.py:115} INFO - [2023-04-02 18:07:13,806] {dag.py:2919} INFO - Setting next_dagrun for example_nested_branch_dag to 2023-04-01T00:00:00+00:00, run_after=2023-04-02T00:00:00+00:00
[2023-04-02 18:07:13,818] {processor.py:161} INFO - Processing /home/airflow/.local/lib/python3.7/site-packages/airflow/example_dags/example_nested_branch_dag.py took 0.213 seconds
[2023-04-02 18:07:44,216] {processor.py:153} INFO - Started process (PID=1510) to work on /home/airflow/.local/lib/python3.7/site-packages/airflow/example_dags/example_nested_branch_dag.py
[2023-04-02 18:07:44,218] {processor.py:641} INFO - Processing file /home/airflow/.local/lib/python3.7/site-packages/airflow/example_dags/example_nested_branch_dag.py for tasks to queue
[2023-04-02 18:07:44,219] {logging_mixin.py:115} INFO - [2023-04-02 18:07:44,219] {dagbag.py:507} INFO - Filling up the DagBag from /home/airflow/.local/lib/python3.7/site-packages/airflow/example_dags/example_nested_branch_dag.py
[2023-04-02 18:07:44,231] {processor.py:651} INFO - DAG(s) dict_keys(['example_nested_branch_dag']) retrieved from /home/airflow/.local/lib/python3.7/site-packages/airflow/example_dags/example_nested_branch_dag.py
[2023-04-02 18:07:44,260] {logging_mixin.py:115} INFO - [2023-04-02 18:07:44,260] {dag.py:2371} INFO - Sync 1 DAGs
[2023-04-02 18:07:44,402] {logging_mixin.py:115} INFO - [2023-04-02 18:07:44,402] {dag.py:2919} INFO - Setting next_dagrun for example_nested_branch_dag to 2023-04-01T00:00:00+00:00, run_after=2023-04-02T00:00:00+00:00
[2023-04-02 18:07:44,416] {processor.py:161} INFO - Processing /home/airflow/.local/lib/python3.7/site-packages/airflow/example_dags/example_nested_branch_dag.py took 0.204 seconds
[2023-04-02 18:08:15,108] {processor.py:153} INFO - Started process (PID=1573) to work on /home/airflow/.local/lib/python3.7/site-packages/airflow/example_dags/example_nested_branch_dag.py
[2023-04-02 18:08:15,109] {processor.py:641} INFO - Processing file /home/airflow/.local/lib/python3.7/site-packages/airflow/example_dags/example_nested_branch_dag.py for tasks to queue
[2023-04-02 18:08:15,111] {logging_mixin.py:115} INFO - [2023-04-02 18:08:15,111] {dagbag.py:507} INFO - Filling up the DagBag from /home/airflow/.local/lib/python3.7/site-packages/airflow/example_dags/example_nested_branch_dag.py
[2023-04-02 18:08:15,124] {processor.py:651} INFO - DAG(s) dict_keys(['example_nested_branch_dag']) retrieved from /home/airflow/.local/lib/python3.7/site-packages/airflow/example_dags/example_nested_branch_dag.py
[2023-04-02 18:08:15,153] {logging_mixin.py:115} INFO - [2023-04-02 18:08:15,153] {dag.py:2371} INFO - Sync 1 DAGs
[2023-04-02 18:08:15,304] {logging_mixin.py:115} INFO - [2023-04-02 18:08:15,303] {dag.py:2919} INFO - Setting next_dagrun for example_nested_branch_dag to 2023-04-01T00:00:00+00:00, run_after=2023-04-02T00:00:00+00:00
[2023-04-02 18:08:15,318] {processor.py:161} INFO - Processing /home/airflow/.local/lib/python3.7/site-packages/airflow/example_dags/example_nested_branch_dag.py took 0.215 seconds
[2023-04-02 18:08:45,623] {processor.py:153} INFO - Started process (PID=1636) to work on /home/airflow/.local/lib/python3.7/site-packages/airflow/example_dags/example_nested_branch_dag.py
[2023-04-02 18:08:45,624] {processor.py:641} INFO - Processing file /home/airflow/.local/lib/python3.7/site-packages/airflow/example_dags/example_nested_branch_dag.py for tasks to queue
[2023-04-02 18:08:45,625] {logging_mixin.py:115} INFO - [2023-04-02 18:08:45,625] {dagbag.py:507} INFO - Filling up the DagBag from /home/airflow/.local/lib/python3.7/site-packages/airflow/example_dags/example_nested_branch_dag.py
[2023-04-02 18:08:45,638] {processor.py:651} INFO - DAG(s) dict_keys(['example_nested_branch_dag']) retrieved from /home/airflow/.local/lib/python3.7/site-packages/airflow/example_dags/example_nested_branch_dag.py
[2023-04-02 18:08:45,668] {logging_mixin.py:115} INFO - [2023-04-02 18:08:45,668] {dag.py:2371} INFO - Sync 1 DAGs
[2023-04-02 18:08:45,815] {logging_mixin.py:115} INFO - [2023-04-02 18:08:45,815] {dag.py:2919} INFO - Setting next_dagrun for example_nested_branch_dag to 2023-04-01T00:00:00+00:00, run_after=2023-04-02T00:00:00+00:00
[2023-04-02 18:08:45,829] {processor.py:161} INFO - Processing /home/airflow/.local/lib/python3.7/site-packages/airflow/example_dags/example_nested_branch_dag.py took 0.210 seconds
[2023-04-02 18:09:16,377] {processor.py:153} INFO - Started process (PID=1690) to work on /home/airflow/.local/lib/python3.7/site-packages/airflow/example_dags/example_nested_branch_dag.py
[2023-04-02 18:09:16,380] {processor.py:641} INFO - Processing file /home/airflow/.local/lib/python3.7/site-packages/airflow/example_dags/example_nested_branch_dag.py for tasks to queue
[2023-04-02 18:09:16,382] {logging_mixin.py:115} INFO - [2023-04-02 18:09:16,381] {dagbag.py:507} INFO - Filling up the DagBag from /home/airflow/.local/lib/python3.7/site-packages/airflow/example_dags/example_nested_branch_dag.py
[2023-04-02 18:09:16,395] {processor.py:651} INFO - DAG(s) dict_keys(['example_nested_branch_dag']) retrieved from /home/airflow/.local/lib/python3.7/site-packages/airflow/example_dags/example_nested_branch_dag.py
[2023-04-02 18:09:16,425] {logging_mixin.py:115} INFO - [2023-04-02 18:09:16,425] {dag.py:2371} INFO - Sync 1 DAGs
[2023-04-02 18:09:16,575] {logging_mixin.py:115} INFO - [2023-04-02 18:09:16,575] {dag.py:2919} INFO - Setting next_dagrun for example_nested_branch_dag to 2023-04-01T00:00:00+00:00, run_after=2023-04-02T00:00:00+00:00
[2023-04-02 18:09:16,590] {processor.py:161} INFO - Processing /home/airflow/.local/lib/python3.7/site-packages/airflow/example_dags/example_nested_branch_dag.py took 0.217 seconds
[2023-04-02 18:09:46,664] {processor.py:153} INFO - Started process (PID=1753) to work on /home/airflow/.local/lib/python3.7/site-packages/airflow/example_dags/example_nested_branch_dag.py
[2023-04-02 18:09:46,665] {processor.py:641} INFO - Processing file /home/airflow/.local/lib/python3.7/site-packages/airflow/example_dags/example_nested_branch_dag.py for tasks to queue
[2023-04-02 18:09:46,667] {logging_mixin.py:115} INFO - [2023-04-02 18:09:46,666] {dagbag.py:507} INFO - Filling up the DagBag from /home/airflow/.local/lib/python3.7/site-packages/airflow/example_dags/example_nested_branch_dag.py
[2023-04-02 18:09:46,678] {processor.py:651} INFO - DAG(s) dict_keys(['example_nested_branch_dag']) retrieved from /home/airflow/.local/lib/python3.7/site-packages/airflow/example_dags/example_nested_branch_dag.py
[2023-04-02 18:09:46,707] {logging_mixin.py:115} INFO - [2023-04-02 18:09:46,707] {dag.py:2371} INFO - Sync 1 DAGs
[2023-04-02 18:09:46,861] {logging_mixin.py:115} INFO - [2023-04-02 18:09:46,860] {dag.py:2919} INFO - Setting next_dagrun for example_nested_branch_dag to 2023-04-01T00:00:00+00:00, run_after=2023-04-02T00:00:00+00:00
[2023-04-02 18:09:46,878] {processor.py:161} INFO - Processing /home/airflow/.local/lib/python3.7/site-packages/airflow/example_dags/example_nested_branch_dag.py took 0.218 seconds
[2023-04-02 18:10:17,556] {processor.py:153} INFO - Started process (PID=1816) to work on /home/airflow/.local/lib/python3.7/site-packages/airflow/example_dags/example_nested_branch_dag.py
[2023-04-02 18:10:17,557] {processor.py:641} INFO - Processing file /home/airflow/.local/lib/python3.7/site-packages/airflow/example_dags/example_nested_branch_dag.py for tasks to queue
[2023-04-02 18:10:17,559] {logging_mixin.py:115} INFO - [2023-04-02 18:10:17,559] {dagbag.py:507} INFO - Filling up the DagBag from /home/airflow/.local/lib/python3.7/site-packages/airflow/example_dags/example_nested_branch_dag.py
[2023-04-02 18:10:17,574] {processor.py:651} INFO - DAG(s) dict_keys(['example_nested_branch_dag']) retrieved from /home/airflow/.local/lib/python3.7/site-packages/airflow/example_dags/example_nested_branch_dag.py
[2023-04-02 18:10:17,610] {logging_mixin.py:115} INFO - [2023-04-02 18:10:17,610] {dag.py:2371} INFO - Sync 1 DAGs
[2023-04-02 18:10:17,778] {logging_mixin.py:115} INFO - [2023-04-02 18:10:17,778] {dag.py:2919} INFO - Setting next_dagrun for example_nested_branch_dag to 2023-04-01T00:00:00+00:00, run_after=2023-04-02T00:00:00+00:00
[2023-04-02 18:10:17,794] {processor.py:161} INFO - Processing /home/airflow/.local/lib/python3.7/site-packages/airflow/example_dags/example_nested_branch_dag.py took 0.243 seconds
[2023-04-02 18:10:48,383] {processor.py:153} INFO - Started process (PID=1879) to work on /home/airflow/.local/lib/python3.7/site-packages/airflow/example_dags/example_nested_branch_dag.py
[2023-04-02 18:10:48,384] {processor.py:641} INFO - Processing file /home/airflow/.local/lib/python3.7/site-packages/airflow/example_dags/example_nested_branch_dag.py for tasks to queue
[2023-04-02 18:10:48,386] {logging_mixin.py:115} INFO - [2023-04-02 18:10:48,386] {dagbag.py:507} INFO - Filling up the DagBag from /home/airflow/.local/lib/python3.7/site-packages/airflow/example_dags/example_nested_branch_dag.py
[2023-04-02 18:10:48,398] {processor.py:651} INFO - DAG(s) dict_keys(['example_nested_branch_dag']) retrieved from /home/airflow/.local/lib/python3.7/site-packages/airflow/example_dags/example_nested_branch_dag.py
[2023-04-02 18:10:48,433] {logging_mixin.py:115} INFO - [2023-04-02 18:10:48,433] {dag.py:2371} INFO - Sync 1 DAGs
[2023-04-02 18:10:48,463] {logging_mixin.py:115} INFO - [2023-04-02 18:10:48,463] {dag.py:2919} INFO - Setting next_dagrun for example_nested_branch_dag to 2023-04-01T00:00:00+00:00, run_after=2023-04-02T00:00:00+00:00
[2023-04-02 18:10:48,477] {processor.py:161} INFO - Processing /home/airflow/.local/lib/python3.7/site-packages/airflow/example_dags/example_nested_branch_dag.py took 0.098 seconds
[2023-04-02 18:11:18,813] {processor.py:153} INFO - Started process (PID=1933) to work on /home/airflow/.local/lib/python3.7/site-packages/airflow/example_dags/example_nested_branch_dag.py
[2023-04-02 18:11:18,815] {processor.py:641} INFO - Processing file /home/airflow/.local/lib/python3.7/site-packages/airflow/example_dags/example_nested_branch_dag.py for tasks to queue
[2023-04-02 18:11:18,816] {logging_mixin.py:115} INFO - [2023-04-02 18:11:18,816] {dagbag.py:507} INFO - Filling up the DagBag from /home/airflow/.local/lib/python3.7/site-packages/airflow/example_dags/example_nested_branch_dag.py
[2023-04-02 18:11:18,829] {processor.py:651} INFO - DAG(s) dict_keys(['example_nested_branch_dag']) retrieved from /home/airflow/.local/lib/python3.7/site-packages/airflow/example_dags/example_nested_branch_dag.py
[2023-04-02 18:11:18,862] {logging_mixin.py:115} INFO - [2023-04-02 18:11:18,862] {dag.py:2371} INFO - Sync 1 DAGs
[2023-04-02 18:11:18,888] {logging_mixin.py:115} INFO - [2023-04-02 18:11:18,888] {dag.py:2919} INFO - Setting next_dagrun for example_nested_branch_dag to 2023-04-01T00:00:00+00:00, run_after=2023-04-02T00:00:00+00:00
[2023-04-02 18:11:18,903] {processor.py:161} INFO - Processing /home/airflow/.local/lib/python3.7/site-packages/airflow/example_dags/example_nested_branch_dag.py took 0.094 seconds
[2023-04-02 18:11:49,364] {processor.py:153} INFO - Started process (PID=1996) to work on /home/airflow/.local/lib/python3.7/site-packages/airflow/example_dags/example_nested_branch_dag.py
[2023-04-02 18:11:49,365] {processor.py:641} INFO - Processing file /home/airflow/.local/lib/python3.7/site-packages/airflow/example_dags/example_nested_branch_dag.py for tasks to queue
[2023-04-02 18:11:49,366] {logging_mixin.py:115} INFO - [2023-04-02 18:11:49,366] {dagbag.py:507} INFO - Filling up the DagBag from /home/airflow/.local/lib/python3.7/site-packages/airflow/example_dags/example_nested_branch_dag.py
[2023-04-02 18:11:49,379] {processor.py:651} INFO - DAG(s) dict_keys(['example_nested_branch_dag']) retrieved from /home/airflow/.local/lib/python3.7/site-packages/airflow/example_dags/example_nested_branch_dag.py
[2023-04-02 18:11:49,411] {logging_mixin.py:115} INFO - [2023-04-02 18:11:49,411] {dag.py:2371} INFO - Sync 1 DAGs
[2023-04-02 18:11:49,438] {logging_mixin.py:115} INFO - [2023-04-02 18:11:49,438] {dag.py:2919} INFO - Setting next_dagrun for example_nested_branch_dag to 2023-04-01T00:00:00+00:00, run_after=2023-04-02T00:00:00+00:00
[2023-04-02 18:11:49,451] {processor.py:161} INFO - Processing /home/airflow/.local/lib/python3.7/site-packages/airflow/example_dags/example_nested_branch_dag.py took 0.092 seconds
[2023-04-02 18:12:19,699] {processor.py:153} INFO - Started process (PID=2059) to work on /home/airflow/.local/lib/python3.7/site-packages/airflow/example_dags/example_nested_branch_dag.py
[2023-04-02 18:12:19,701] {processor.py:641} INFO - Processing file /home/airflow/.local/lib/python3.7/site-packages/airflow/example_dags/example_nested_branch_dag.py for tasks to queue
[2023-04-02 18:12:19,703] {logging_mixin.py:115} INFO - [2023-04-02 18:12:19,703] {dagbag.py:507} INFO - Filling up the DagBag from /home/airflow/.local/lib/python3.7/site-packages/airflow/example_dags/example_nested_branch_dag.py
[2023-04-02 18:12:19,714] {processor.py:651} INFO - DAG(s) dict_keys(['example_nested_branch_dag']) retrieved from /home/airflow/.local/lib/python3.7/site-packages/airflow/example_dags/example_nested_branch_dag.py
[2023-04-02 18:12:19,745] {logging_mixin.py:115} INFO - [2023-04-02 18:12:19,745] {dag.py:2371} INFO - Sync 1 DAGs
[2023-04-02 18:12:19,773] {logging_mixin.py:115} INFO - [2023-04-02 18:12:19,773] {dag.py:2919} INFO - Setting next_dagrun for example_nested_branch_dag to 2023-04-01T00:00:00+00:00, run_after=2023-04-02T00:00:00+00:00
[2023-04-02 18:12:19,785] {processor.py:161} INFO - Processing /home/airflow/.local/lib/python3.7/site-packages/airflow/example_dags/example_nested_branch_dag.py took 0.089 seconds
[2023-04-02 18:12:50,211] {processor.py:153} INFO - Started process (PID=2113) to work on /home/airflow/.local/lib/python3.7/site-packages/airflow/example_dags/example_nested_branch_dag.py
[2023-04-02 18:12:50,212] {processor.py:641} INFO - Processing file /home/airflow/.local/lib/python3.7/site-packages/airflow/example_dags/example_nested_branch_dag.py for tasks to queue
[2023-04-02 18:12:50,214] {logging_mixin.py:115} INFO - [2023-04-02 18:12:50,214] {dagbag.py:507} INFO - Filling up the DagBag from /home/airflow/.local/lib/python3.7/site-packages/airflow/example_dags/example_nested_branch_dag.py
[2023-04-02 18:12:50,226] {processor.py:651} INFO - DAG(s) dict_keys(['example_nested_branch_dag']) retrieved from /home/airflow/.local/lib/python3.7/site-packages/airflow/example_dags/example_nested_branch_dag.py
[2023-04-02 18:12:50,264] {logging_mixin.py:115} INFO - [2023-04-02 18:12:50,264] {dag.py:2371} INFO - Sync 1 DAGs
[2023-04-02 18:12:50,290] {logging_mixin.py:115} INFO - [2023-04-02 18:12:50,290] {dag.py:2919} INFO - Setting next_dagrun for example_nested_branch_dag to 2023-04-01T00:00:00+00:00, run_after=2023-04-02T00:00:00+00:00
[2023-04-02 18:12:50,303] {processor.py:161} INFO - Processing /home/airflow/.local/lib/python3.7/site-packages/airflow/example_dags/example_nested_branch_dag.py took 0.096 seconds
[2023-04-02 18:13:20,467] {processor.py:153} INFO - Started process (PID=2176) to work on /home/airflow/.local/lib/python3.7/site-packages/airflow/example_dags/example_nested_branch_dag.py
[2023-04-02 18:13:20,468] {processor.py:641} INFO - Processing file /home/airflow/.local/lib/python3.7/site-packages/airflow/example_dags/example_nested_branch_dag.py for tasks to queue
[2023-04-02 18:13:20,470] {logging_mixin.py:115} INFO - [2023-04-02 18:13:20,470] {dagbag.py:507} INFO - Filling up the DagBag from /home/airflow/.local/lib/python3.7/site-packages/airflow/example_dags/example_nested_branch_dag.py
[2023-04-02 18:13:20,481] {processor.py:651} INFO - DAG(s) dict_keys(['example_nested_branch_dag']) retrieved from /home/airflow/.local/lib/python3.7/site-packages/airflow/example_dags/example_nested_branch_dag.py
[2023-04-02 18:13:20,513] {logging_mixin.py:115} INFO - [2023-04-02 18:13:20,513] {dag.py:2371} INFO - Sync 1 DAGs
[2023-04-02 18:13:20,540] {logging_mixin.py:115} INFO - [2023-04-02 18:13:20,540] {dag.py:2919} INFO - Setting next_dagrun for example_nested_branch_dag to 2023-04-01T00:00:00+00:00, run_after=2023-04-02T00:00:00+00:00
[2023-04-02 18:13:20,553] {processor.py:161} INFO - Processing /home/airflow/.local/lib/python3.7/site-packages/airflow/example_dags/example_nested_branch_dag.py took 0.089 seconds
[2023-04-02 18:13:50,750] {processor.py:153} INFO - Started process (PID=2239) to work on /home/airflow/.local/lib/python3.7/site-packages/airflow/example_dags/example_nested_branch_dag.py
[2023-04-02 18:13:50,752] {processor.py:641} INFO - Processing file /home/airflow/.local/lib/python3.7/site-packages/airflow/example_dags/example_nested_branch_dag.py for tasks to queue
[2023-04-02 18:13:50,754] {logging_mixin.py:115} INFO - [2023-04-02 18:13:50,754] {dagbag.py:507} INFO - Filling up the DagBag from /home/airflow/.local/lib/python3.7/site-packages/airflow/example_dags/example_nested_branch_dag.py
[2023-04-02 18:13:50,772] {processor.py:651} INFO - DAG(s) dict_keys(['example_nested_branch_dag']) retrieved from /home/airflow/.local/lib/python3.7/site-packages/airflow/example_dags/example_nested_branch_dag.py
[2023-04-02 18:13:50,804] {logging_mixin.py:115} INFO - [2023-04-02 18:13:50,804] {dag.py:2371} INFO - Sync 1 DAGs
[2023-04-02 18:13:50,828] {logging_mixin.py:115} INFO - [2023-04-02 18:13:50,828] {dag.py:2919} INFO - Setting next_dagrun for example_nested_branch_dag to 2023-04-01T00:00:00+00:00, run_after=2023-04-02T00:00:00+00:00
[2023-04-02 18:13:50,840] {processor.py:161} INFO - Processing /home/airflow/.local/lib/python3.7/site-packages/airflow/example_dags/example_nested_branch_dag.py took 0.095 seconds
[2023-04-02 18:14:21,146] {processor.py:153} INFO - Started process (PID=2293) to work on /home/airflow/.local/lib/python3.7/site-packages/airflow/example_dags/example_nested_branch_dag.py
[2023-04-02 18:14:21,147] {processor.py:641} INFO - Processing file /home/airflow/.local/lib/python3.7/site-packages/airflow/example_dags/example_nested_branch_dag.py for tasks to queue
[2023-04-02 18:14:21,148] {logging_mixin.py:115} INFO - [2023-04-02 18:14:21,148] {dagbag.py:507} INFO - Filling up the DagBag from /home/airflow/.local/lib/python3.7/site-packages/airflow/example_dags/example_nested_branch_dag.py
[2023-04-02 18:14:21,160] {processor.py:651} INFO - DAG(s) dict_keys(['example_nested_branch_dag']) retrieved from /home/airflow/.local/lib/python3.7/site-packages/airflow/example_dags/example_nested_branch_dag.py
[2023-04-02 18:14:21,189] {logging_mixin.py:115} INFO - [2023-04-02 18:14:21,189] {dag.py:2371} INFO - Sync 1 DAGs
[2023-04-02 18:14:21,216] {logging_mixin.py:115} INFO - [2023-04-02 18:14:21,216] {dag.py:2919} INFO - Setting next_dagrun for example_nested_branch_dag to 2023-04-01T00:00:00+00:00, run_after=2023-04-02T00:00:00+00:00
[2023-04-02 18:14:21,228] {processor.py:161} INFO - Processing /home/airflow/.local/lib/python3.7/site-packages/airflow/example_dags/example_nested_branch_dag.py took 0.086 seconds
[2023-04-02 18:14:51,319] {processor.py:153} INFO - Started process (PID=2356) to work on /home/airflow/.local/lib/python3.7/site-packages/airflow/example_dags/example_nested_branch_dag.py
[2023-04-02 18:14:51,320] {processor.py:641} INFO - Processing file /home/airflow/.local/lib/python3.7/site-packages/airflow/example_dags/example_nested_branch_dag.py for tasks to queue
[2023-04-02 18:14:51,321] {logging_mixin.py:115} INFO - [2023-04-02 18:14:51,321] {dagbag.py:507} INFO - Filling up the DagBag from /home/airflow/.local/lib/python3.7/site-packages/airflow/example_dags/example_nested_branch_dag.py
[2023-04-02 18:14:51,333] {processor.py:651} INFO - DAG(s) dict_keys(['example_nested_branch_dag']) retrieved from /home/airflow/.local/lib/python3.7/site-packages/airflow/example_dags/example_nested_branch_dag.py
[2023-04-02 18:14:51,363] {logging_mixin.py:115} INFO - [2023-04-02 18:14:51,363] {dag.py:2371} INFO - Sync 1 DAGs
[2023-04-02 18:14:51,386] {logging_mixin.py:115} INFO - [2023-04-02 18:14:51,386] {dag.py:2919} INFO - Setting next_dagrun for example_nested_branch_dag to 2023-04-01T00:00:00+00:00, run_after=2023-04-02T00:00:00+00:00
[2023-04-02 18:14:51,398] {processor.py:161} INFO - Processing /home/airflow/.local/lib/python3.7/site-packages/airflow/example_dags/example_nested_branch_dag.py took 0.083 seconds
[2023-04-02 18:15:21,539] {processor.py:153} INFO - Started process (PID=2419) to work on /home/airflow/.local/lib/python3.7/site-packages/airflow/example_dags/example_nested_branch_dag.py
[2023-04-02 18:15:21,541] {processor.py:641} INFO - Processing file /home/airflow/.local/lib/python3.7/site-packages/airflow/example_dags/example_nested_branch_dag.py for tasks to queue
[2023-04-02 18:15:21,542] {logging_mixin.py:115} INFO - [2023-04-02 18:15:21,542] {dagbag.py:507} INFO - Filling up the DagBag from /home/airflow/.local/lib/python3.7/site-packages/airflow/example_dags/example_nested_branch_dag.py
[2023-04-02 18:15:21,554] {processor.py:651} INFO - DAG(s) dict_keys(['example_nested_branch_dag']) retrieved from /home/airflow/.local/lib/python3.7/site-packages/airflow/example_dags/example_nested_branch_dag.py
[2023-04-02 18:15:21,585] {logging_mixin.py:115} INFO - [2023-04-02 18:15:21,585] {dag.py:2371} INFO - Sync 1 DAGs
[2023-04-02 18:15:21,608] {logging_mixin.py:115} INFO - [2023-04-02 18:15:21,608] {dag.py:2919} INFO - Setting next_dagrun for example_nested_branch_dag to 2023-04-01T00:00:00+00:00, run_after=2023-04-02T00:00:00+00:00
[2023-04-02 18:15:21,620] {processor.py:161} INFO - Processing /home/airflow/.local/lib/python3.7/site-packages/airflow/example_dags/example_nested_branch_dag.py took 0.084 seconds
[2023-04-02 18:15:52,231] {processor.py:153} INFO - Started process (PID=2473) to work on /home/airflow/.local/lib/python3.7/site-packages/airflow/example_dags/example_nested_branch_dag.py
[2023-04-02 18:15:52,233] {processor.py:641} INFO - Processing file /home/airflow/.local/lib/python3.7/site-packages/airflow/example_dags/example_nested_branch_dag.py for tasks to queue
[2023-04-02 18:15:52,234] {logging_mixin.py:115} INFO - [2023-04-02 18:15:52,234] {dagbag.py:507} INFO - Filling up the DagBag from /home/airflow/.local/lib/python3.7/site-packages/airflow/example_dags/example_nested_branch_dag.py
[2023-04-02 18:15:52,246] {processor.py:651} INFO - DAG(s) dict_keys(['example_nested_branch_dag']) retrieved from /home/airflow/.local/lib/python3.7/site-packages/airflow/example_dags/example_nested_branch_dag.py
[2023-04-02 18:15:52,277] {logging_mixin.py:115} INFO - [2023-04-02 18:15:52,277] {dag.py:2371} INFO - Sync 1 DAGs
[2023-04-02 18:15:52,300] {logging_mixin.py:115} INFO - [2023-04-02 18:15:52,300] {dag.py:2919} INFO - Setting next_dagrun for example_nested_branch_dag to 2023-04-01T00:00:00+00:00, run_after=2023-04-02T00:00:00+00:00
[2023-04-02 18:15:52,312] {processor.py:161} INFO - Processing /home/airflow/.local/lib/python3.7/site-packages/airflow/example_dags/example_nested_branch_dag.py took 0.085 seconds
[2023-04-02 18:16:22,772] {processor.py:153} INFO - Started process (PID=2536) to work on /home/airflow/.local/lib/python3.7/site-packages/airflow/example_dags/example_nested_branch_dag.py
[2023-04-02 18:16:22,774] {processor.py:641} INFO - Processing file /home/airflow/.local/lib/python3.7/site-packages/airflow/example_dags/example_nested_branch_dag.py for tasks to queue
[2023-04-02 18:16:22,776] {logging_mixin.py:115} INFO - [2023-04-02 18:16:22,776] {dagbag.py:507} INFO - Filling up the DagBag from /home/airflow/.local/lib/python3.7/site-packages/airflow/example_dags/example_nested_branch_dag.py
[2023-04-02 18:16:22,789] {processor.py:651} INFO - DAG(s) dict_keys(['example_nested_branch_dag']) retrieved from /home/airflow/.local/lib/python3.7/site-packages/airflow/example_dags/example_nested_branch_dag.py
[2023-04-02 18:16:22,822] {logging_mixin.py:115} INFO - [2023-04-02 18:16:22,822] {dag.py:2371} INFO - Sync 1 DAGs
[2023-04-02 18:16:22,848] {logging_mixin.py:115} INFO - [2023-04-02 18:16:22,848] {dag.py:2919} INFO - Setting next_dagrun for example_nested_branch_dag to 2023-04-01T00:00:00+00:00, run_after=2023-04-02T00:00:00+00:00
[2023-04-02 18:16:22,860] {processor.py:161} INFO - Processing /home/airflow/.local/lib/python3.7/site-packages/airflow/example_dags/example_nested_branch_dag.py took 0.103 seconds
[2023-04-02 18:16:53,266] {processor.py:153} INFO - Started process (PID=2599) to work on /home/airflow/.local/lib/python3.7/site-packages/airflow/example_dags/example_nested_branch_dag.py
[2023-04-02 18:16:53,268] {processor.py:641} INFO - Processing file /home/airflow/.local/lib/python3.7/site-packages/airflow/example_dags/example_nested_branch_dag.py for tasks to queue
[2023-04-02 18:16:53,270] {logging_mixin.py:115} INFO - [2023-04-02 18:16:53,270] {dagbag.py:507} INFO - Filling up the DagBag from /home/airflow/.local/lib/python3.7/site-packages/airflow/example_dags/example_nested_branch_dag.py
[2023-04-02 18:16:53,294] {processor.py:651} INFO - DAG(s) dict_keys(['example_nested_branch_dag']) retrieved from /home/airflow/.local/lib/python3.7/site-packages/airflow/example_dags/example_nested_branch_dag.py
[2023-04-02 18:16:53,344] {logging_mixin.py:115} INFO - [2023-04-02 18:16:53,344] {dag.py:2371} INFO - Sync 1 DAGs
[2023-04-02 18:16:53,392] {logging_mixin.py:115} INFO - [2023-04-02 18:16:53,392] {dag.py:2919} INFO - Setting next_dagrun for example_nested_branch_dag to 2023-04-01T00:00:00+00:00, run_after=2023-04-02T00:00:00+00:00
[2023-04-02 18:16:53,415] {processor.py:161} INFO - Processing /home/airflow/.local/lib/python3.7/site-packages/airflow/example_dags/example_nested_branch_dag.py took 0.155 seconds
[2023-04-02 18:17:23,732] {processor.py:153} INFO - Started process (PID=2662) to work on /home/airflow/.local/lib/python3.7/site-packages/airflow/example_dags/example_nested_branch_dag.py
[2023-04-02 18:17:23,734] {processor.py:641} INFO - Processing file /home/airflow/.local/lib/python3.7/site-packages/airflow/example_dags/example_nested_branch_dag.py for tasks to queue
[2023-04-02 18:17:23,736] {logging_mixin.py:115} INFO - [2023-04-02 18:17:23,736] {dagbag.py:507} INFO - Filling up the DagBag from /home/airflow/.local/lib/python3.7/site-packages/airflow/example_dags/example_nested_branch_dag.py
[2023-04-02 18:17:23,752] {processor.py:651} INFO - DAG(s) dict_keys(['example_nested_branch_dag']) retrieved from /home/airflow/.local/lib/python3.7/site-packages/airflow/example_dags/example_nested_branch_dag.py
[2023-04-02 18:17:23,791] {logging_mixin.py:115} INFO - [2023-04-02 18:17:23,790] {dag.py:2371} INFO - Sync 1 DAGs
[2023-04-02 18:17:23,819] {logging_mixin.py:115} INFO - [2023-04-02 18:17:23,819] {dag.py:2919} INFO - Setting next_dagrun for example_nested_branch_dag to 2023-04-01T00:00:00+00:00, run_after=2023-04-02T00:00:00+00:00
[2023-04-02 18:17:23,831] {processor.py:161} INFO - Processing /home/airflow/.local/lib/python3.7/site-packages/airflow/example_dags/example_nested_branch_dag.py took 0.104 seconds
[2023-04-02 18:17:54,169] {processor.py:153} INFO - Started process (PID=2716) to work on /home/airflow/.local/lib/python3.7/site-packages/airflow/example_dags/example_nested_branch_dag.py
[2023-04-02 18:17:54,170] {processor.py:641} INFO - Processing file /home/airflow/.local/lib/python3.7/site-packages/airflow/example_dags/example_nested_branch_dag.py for tasks to queue
[2023-04-02 18:17:54,172] {logging_mixin.py:115} INFO - [2023-04-02 18:17:54,171] {dagbag.py:507} INFO - Filling up the DagBag from /home/airflow/.local/lib/python3.7/site-packages/airflow/example_dags/example_nested_branch_dag.py
[2023-04-02 18:17:54,183] {processor.py:651} INFO - DAG(s) dict_keys(['example_nested_branch_dag']) retrieved from /home/airflow/.local/lib/python3.7/site-packages/airflow/example_dags/example_nested_branch_dag.py
[2023-04-02 18:17:54,215] {logging_mixin.py:115} INFO - [2023-04-02 18:17:54,215] {dag.py:2371} INFO - Sync 1 DAGs
[2023-04-02 18:17:54,240] {logging_mixin.py:115} INFO - [2023-04-02 18:17:54,240] {dag.py:2919} INFO - Setting next_dagrun for example_nested_branch_dag to 2023-04-01T00:00:00+00:00, run_after=2023-04-02T00:00:00+00:00
[2023-04-02 18:17:54,252] {processor.py:161} INFO - Processing /home/airflow/.local/lib/python3.7/site-packages/airflow/example_dags/example_nested_branch_dag.py took 0.087 seconds
[2023-04-02 18:18:24,449] {processor.py:153} INFO - Started process (PID=2780) to work on /home/airflow/.local/lib/python3.7/site-packages/airflow/example_dags/example_nested_branch_dag.py
[2023-04-02 18:18:24,451] {processor.py:641} INFO - Processing file /home/airflow/.local/lib/python3.7/site-packages/airflow/example_dags/example_nested_branch_dag.py for tasks to queue
[2023-04-02 18:18:24,452] {logging_mixin.py:115} INFO - [2023-04-02 18:18:24,452] {dagbag.py:507} INFO - Filling up the DagBag from /home/airflow/.local/lib/python3.7/site-packages/airflow/example_dags/example_nested_branch_dag.py
[2023-04-02 18:18:24,466] {processor.py:651} INFO - DAG(s) dict_keys(['example_nested_branch_dag']) retrieved from /home/airflow/.local/lib/python3.7/site-packages/airflow/example_dags/example_nested_branch_dag.py
[2023-04-02 18:18:24,502] {logging_mixin.py:115} INFO - [2023-04-02 18:18:24,501] {dag.py:2371} INFO - Sync 1 DAGs
[2023-04-02 18:18:24,526] {logging_mixin.py:115} INFO - [2023-04-02 18:18:24,526] {dag.py:2919} INFO - Setting next_dagrun for example_nested_branch_dag to 2023-04-01T00:00:00+00:00, run_after=2023-04-02T00:00:00+00:00
[2023-04-02 18:18:24,538] {processor.py:161} INFO - Processing /home/airflow/.local/lib/python3.7/site-packages/airflow/example_dags/example_nested_branch_dag.py took 0.094 seconds
[2023-04-02 18:18:54,956] {processor.py:153} INFO - Started process (PID=2843) to work on /home/airflow/.local/lib/python3.7/site-packages/airflow/example_dags/example_nested_branch_dag.py
[2023-04-02 18:18:54,957] {processor.py:641} INFO - Processing file /home/airflow/.local/lib/python3.7/site-packages/airflow/example_dags/example_nested_branch_dag.py for tasks to queue
[2023-04-02 18:18:54,959] {logging_mixin.py:115} INFO - [2023-04-02 18:18:54,959] {dagbag.py:507} INFO - Filling up the DagBag from /home/airflow/.local/lib/python3.7/site-packages/airflow/example_dags/example_nested_branch_dag.py
[2023-04-02 18:18:54,971] {processor.py:651} INFO - DAG(s) dict_keys(['example_nested_branch_dag']) retrieved from /home/airflow/.local/lib/python3.7/site-packages/airflow/example_dags/example_nested_branch_dag.py
[2023-04-02 18:18:55,000] {logging_mixin.py:115} INFO - [2023-04-02 18:18:55,000] {dag.py:2371} INFO - Sync 1 DAGs
[2023-04-02 18:18:55,026] {logging_mixin.py:115} INFO - [2023-04-02 18:18:55,026] {dag.py:2919} INFO - Setting next_dagrun for example_nested_branch_dag to 2023-04-01T00:00:00+00:00, run_after=2023-04-02T00:00:00+00:00
[2023-04-02 18:18:55,038] {processor.py:161} INFO - Processing /home/airflow/.local/lib/python3.7/site-packages/airflow/example_dags/example_nested_branch_dag.py took 0.085 seconds
[2023-04-02 18:19:25,287] {processor.py:153} INFO - Started process (PID=2898) to work on /home/airflow/.local/lib/python3.7/site-packages/airflow/example_dags/example_nested_branch_dag.py
[2023-04-02 18:19:25,288] {processor.py:641} INFO - Processing file /home/airflow/.local/lib/python3.7/site-packages/airflow/example_dags/example_nested_branch_dag.py for tasks to queue
[2023-04-02 18:19:25,289] {logging_mixin.py:115} INFO - [2023-04-02 18:19:25,289] {dagbag.py:507} INFO - Filling up the DagBag from /home/airflow/.local/lib/python3.7/site-packages/airflow/example_dags/example_nested_branch_dag.py
[2023-04-02 18:19:25,302] {processor.py:651} INFO - DAG(s) dict_keys(['example_nested_branch_dag']) retrieved from /home/airflow/.local/lib/python3.7/site-packages/airflow/example_dags/example_nested_branch_dag.py
[2023-04-02 18:19:25,333] {logging_mixin.py:115} INFO - [2023-04-02 18:19:25,333] {dag.py:2371} INFO - Sync 1 DAGs
[2023-04-02 18:19:25,357] {logging_mixin.py:115} INFO - [2023-04-02 18:19:25,357] {dag.py:2919} INFO - Setting next_dagrun for example_nested_branch_dag to 2023-04-01T00:00:00+00:00, run_after=2023-04-02T00:00:00+00:00
[2023-04-02 18:19:25,369] {processor.py:161} INFO - Processing /home/airflow/.local/lib/python3.7/site-packages/airflow/example_dags/example_nested_branch_dag.py took 0.087 seconds
[2023-04-02 18:19:55,425] {processor.py:153} INFO - Started process (PID=2961) to work on /home/airflow/.local/lib/python3.7/site-packages/airflow/example_dags/example_nested_branch_dag.py
[2023-04-02 18:19:55,427] {processor.py:641} INFO - Processing file /home/airflow/.local/lib/python3.7/site-packages/airflow/example_dags/example_nested_branch_dag.py for tasks to queue
[2023-04-02 18:19:55,428] {logging_mixin.py:115} INFO - [2023-04-02 18:19:55,428] {dagbag.py:507} INFO - Filling up the DagBag from /home/airflow/.local/lib/python3.7/site-packages/airflow/example_dags/example_nested_branch_dag.py
[2023-04-02 18:19:55,440] {processor.py:651} INFO - DAG(s) dict_keys(['example_nested_branch_dag']) retrieved from /home/airflow/.local/lib/python3.7/site-packages/airflow/example_dags/example_nested_branch_dag.py
[2023-04-02 18:19:55,472] {logging_mixin.py:115} INFO - [2023-04-02 18:19:55,472] {dag.py:2371} INFO - Sync 1 DAGs
[2023-04-02 18:19:55,498] {logging_mixin.py:115} INFO - [2023-04-02 18:19:55,498] {dag.py:2919} INFO - Setting next_dagrun for example_nested_branch_dag to 2023-04-01T00:00:00+00:00, run_after=2023-04-02T00:00:00+00:00
[2023-04-02 18:19:55,510] {processor.py:161} INFO - Processing /home/airflow/.local/lib/python3.7/site-packages/airflow/example_dags/example_nested_branch_dag.py took 0.088 seconds
[2023-04-02 18:20:26,266] {processor.py:153} INFO - Started process (PID=3024) to work on /home/airflow/.local/lib/python3.7/site-packages/airflow/example_dags/example_nested_branch_dag.py
[2023-04-02 18:20:26,268] {processor.py:641} INFO - Processing file /home/airflow/.local/lib/python3.7/site-packages/airflow/example_dags/example_nested_branch_dag.py for tasks to queue
[2023-04-02 18:20:26,269] {logging_mixin.py:115} INFO - [2023-04-02 18:20:26,269] {dagbag.py:507} INFO - Filling up the DagBag from /home/airflow/.local/lib/python3.7/site-packages/airflow/example_dags/example_nested_branch_dag.py
[2023-04-02 18:20:26,284] {processor.py:651} INFO - DAG(s) dict_keys(['example_nested_branch_dag']) retrieved from /home/airflow/.local/lib/python3.7/site-packages/airflow/example_dags/example_nested_branch_dag.py
[2023-04-02 18:20:26,311] {logging_mixin.py:115} INFO - [2023-04-02 18:20:26,311] {dag.py:2371} INFO - Sync 1 DAGs
[2023-04-02 18:20:26,336] {logging_mixin.py:115} INFO - [2023-04-02 18:20:26,336] {dag.py:2919} INFO - Setting next_dagrun for example_nested_branch_dag to 2023-04-01T00:00:00+00:00, run_after=2023-04-02T00:00:00+00:00
[2023-04-02 18:20:26,348] {processor.py:161} INFO - Processing /home/airflow/.local/lib/python3.7/site-packages/airflow/example_dags/example_nested_branch_dag.py took 0.086 seconds
[2023-04-02 18:20:57,085] {processor.py:153} INFO - Started process (PID=3087) to work on /home/airflow/.local/lib/python3.7/site-packages/airflow/example_dags/example_nested_branch_dag.py
[2023-04-02 18:20:57,086] {processor.py:641} INFO - Processing file /home/airflow/.local/lib/python3.7/site-packages/airflow/example_dags/example_nested_branch_dag.py for tasks to queue
[2023-04-02 18:20:57,088] {logging_mixin.py:115} INFO - [2023-04-02 18:20:57,088] {dagbag.py:507} INFO - Filling up the DagBag from /home/airflow/.local/lib/python3.7/site-packages/airflow/example_dags/example_nested_branch_dag.py
[2023-04-02 18:20:57,106] {processor.py:651} INFO - DAG(s) dict_keys(['example_nested_branch_dag']) retrieved from /home/airflow/.local/lib/python3.7/site-packages/airflow/example_dags/example_nested_branch_dag.py
[2023-04-02 18:20:57,141] {logging_mixin.py:115} INFO - [2023-04-02 18:20:57,141] {dag.py:2371} INFO - Sync 1 DAGs
[2023-04-02 18:20:57,166] {logging_mixin.py:115} INFO - [2023-04-02 18:20:57,166] {dag.py:2919} INFO - Setting next_dagrun for example_nested_branch_dag to 2023-04-01T00:00:00+00:00, run_after=2023-04-02T00:00:00+00:00
[2023-04-02 18:20:57,179] {processor.py:161} INFO - Processing /home/airflow/.local/lib/python3.7/site-packages/airflow/example_dags/example_nested_branch_dag.py took 0.100 seconds
[2023-04-02 18:21:27,529] {processor.py:153} INFO - Started process (PID=3141) to work on /home/airflow/.local/lib/python3.7/site-packages/airflow/example_dags/example_nested_branch_dag.py
[2023-04-02 18:21:27,531] {processor.py:641} INFO - Processing file /home/airflow/.local/lib/python3.7/site-packages/airflow/example_dags/example_nested_branch_dag.py for tasks to queue
[2023-04-02 18:21:27,532] {logging_mixin.py:115} INFO - [2023-04-02 18:21:27,532] {dagbag.py:507} INFO - Filling up the DagBag from /home/airflow/.local/lib/python3.7/site-packages/airflow/example_dags/example_nested_branch_dag.py
[2023-04-02 18:21:27,547] {processor.py:651} INFO - DAG(s) dict_keys(['example_nested_branch_dag']) retrieved from /home/airflow/.local/lib/python3.7/site-packages/airflow/example_dags/example_nested_branch_dag.py
[2023-04-02 18:21:27,576] {logging_mixin.py:115} INFO - [2023-04-02 18:21:27,576] {dag.py:2371} INFO - Sync 1 DAGs
[2023-04-02 18:21:27,602] {logging_mixin.py:115} INFO - [2023-04-02 18:21:27,601] {dag.py:2919} INFO - Setting next_dagrun for example_nested_branch_dag to 2023-04-01T00:00:00+00:00, run_after=2023-04-02T00:00:00+00:00
[2023-04-02 18:21:27,613] {processor.py:161} INFO - Processing /home/airflow/.local/lib/python3.7/site-packages/airflow/example_dags/example_nested_branch_dag.py took 0.088 seconds
[2023-04-02 18:21:57,873] {processor.py:153} INFO - Started process (PID=3204) to work on /home/airflow/.local/lib/python3.7/site-packages/airflow/example_dags/example_nested_branch_dag.py
[2023-04-02 18:21:57,875] {processor.py:641} INFO - Processing file /home/airflow/.local/lib/python3.7/site-packages/airflow/example_dags/example_nested_branch_dag.py for tasks to queue
[2023-04-02 18:21:57,877] {logging_mixin.py:115} INFO - [2023-04-02 18:21:57,877] {dagbag.py:507} INFO - Filling up the DagBag from /home/airflow/.local/lib/python3.7/site-packages/airflow/example_dags/example_nested_branch_dag.py
[2023-04-02 18:21:57,894] {processor.py:651} INFO - DAG(s) dict_keys(['example_nested_branch_dag']) retrieved from /home/airflow/.local/lib/python3.7/site-packages/airflow/example_dags/example_nested_branch_dag.py
[2023-04-02 18:21:57,924] {logging_mixin.py:115} INFO - [2023-04-02 18:21:57,923] {dag.py:2371} INFO - Sync 1 DAGs
[2023-04-02 18:21:57,949] {logging_mixin.py:115} INFO - [2023-04-02 18:21:57,948] {dag.py:2919} INFO - Setting next_dagrun for example_nested_branch_dag to 2023-04-01T00:00:00+00:00, run_after=2023-04-02T00:00:00+00:00
[2023-04-02 18:21:57,961] {processor.py:161} INFO - Processing /home/airflow/.local/lib/python3.7/site-packages/airflow/example_dags/example_nested_branch_dag.py took 0.093 seconds
[2023-04-02 18:22:28,119] {processor.py:153} INFO - Started process (PID=3265) to work on /home/airflow/.local/lib/python3.7/site-packages/airflow/example_dags/example_nested_branch_dag.py
[2023-04-02 18:22:28,121] {processor.py:641} INFO - Processing file /home/airflow/.local/lib/python3.7/site-packages/airflow/example_dags/example_nested_branch_dag.py for tasks to queue
[2023-04-02 18:22:28,122] {logging_mixin.py:115} INFO - [2023-04-02 18:22:28,122] {dagbag.py:507} INFO - Filling up the DagBag from /home/airflow/.local/lib/python3.7/site-packages/airflow/example_dags/example_nested_branch_dag.py
[2023-04-02 18:22:28,137] {processor.py:651} INFO - DAG(s) dict_keys(['example_nested_branch_dag']) retrieved from /home/airflow/.local/lib/python3.7/site-packages/airflow/example_dags/example_nested_branch_dag.py
[2023-04-02 18:22:28,167] {logging_mixin.py:115} INFO - [2023-04-02 18:22:28,167] {dag.py:2371} INFO - Sync 1 DAGs
[2023-04-02 18:22:28,192] {logging_mixin.py:115} INFO - [2023-04-02 18:22:28,192] {dag.py:2919} INFO - Setting next_dagrun for example_nested_branch_dag to 2023-04-01T00:00:00+00:00, run_after=2023-04-02T00:00:00+00:00
[2023-04-02 18:22:28,205] {processor.py:161} INFO - Processing /home/airflow/.local/lib/python3.7/site-packages/airflow/example_dags/example_nested_branch_dag.py took 0.090 seconds
[2023-04-02 18:22:58,445] {processor.py:153} INFO - Started process (PID=3319) to work on /home/airflow/.local/lib/python3.7/site-packages/airflow/example_dags/example_nested_branch_dag.py
[2023-04-02 18:22:58,446] {processor.py:641} INFO - Processing file /home/airflow/.local/lib/python3.7/site-packages/airflow/example_dags/example_nested_branch_dag.py for tasks to queue
[2023-04-02 18:22:58,448] {logging_mixin.py:115} INFO - [2023-04-02 18:22:58,448] {dagbag.py:507} INFO - Filling up the DagBag from /home/airflow/.local/lib/python3.7/site-packages/airflow/example_dags/example_nested_branch_dag.py
[2023-04-02 18:22:58,462] {processor.py:651} INFO - DAG(s) dict_keys(['example_nested_branch_dag']) retrieved from /home/airflow/.local/lib/python3.7/site-packages/airflow/example_dags/example_nested_branch_dag.py
[2023-04-02 18:22:58,492] {logging_mixin.py:115} INFO - [2023-04-02 18:22:58,492] {dag.py:2371} INFO - Sync 1 DAGs
[2023-04-02 18:22:58,518] {logging_mixin.py:115} INFO - [2023-04-02 18:22:58,518] {dag.py:2919} INFO - Setting next_dagrun for example_nested_branch_dag to 2023-04-01T00:00:00+00:00, run_after=2023-04-02T00:00:00+00:00
[2023-04-02 18:22:58,531] {processor.py:161} INFO - Processing /home/airflow/.local/lib/python3.7/site-packages/airflow/example_dags/example_nested_branch_dag.py took 0.091 seconds
[2023-04-02 18:23:28,695] {processor.py:153} INFO - Started process (PID=3382) to work on /home/airflow/.local/lib/python3.7/site-packages/airflow/example_dags/example_nested_branch_dag.py
[2023-04-02 18:23:28,696] {processor.py:641} INFO - Processing file /home/airflow/.local/lib/python3.7/site-packages/airflow/example_dags/example_nested_branch_dag.py for tasks to queue
[2023-04-02 18:23:28,697] {logging_mixin.py:115} INFO - [2023-04-02 18:23:28,697] {dagbag.py:507} INFO - Filling up the DagBag from /home/airflow/.local/lib/python3.7/site-packages/airflow/example_dags/example_nested_branch_dag.py
[2023-04-02 18:23:28,712] {processor.py:651} INFO - DAG(s) dict_keys(['example_nested_branch_dag']) retrieved from /home/airflow/.local/lib/python3.7/site-packages/airflow/example_dags/example_nested_branch_dag.py
[2023-04-02 18:23:28,742] {logging_mixin.py:115} INFO - [2023-04-02 18:23:28,742] {dag.py:2371} INFO - Sync 1 DAGs
[2023-04-02 18:23:28,768] {logging_mixin.py:115} INFO - [2023-04-02 18:23:28,768] {dag.py:2919} INFO - Setting next_dagrun for example_nested_branch_dag to 2023-04-01T00:00:00+00:00, run_after=2023-04-02T00:00:00+00:00
[2023-04-02 18:23:28,781] {processor.py:161} INFO - Processing /home/airflow/.local/lib/python3.7/site-packages/airflow/example_dags/example_nested_branch_dag.py took 0.090 seconds
