[2023-04-02 17:55:23,781] {processor.py:153} INFO - Started process (PID=55) to work on /home/airflow/.local/lib/python3.7/site-packages/airflow/example_dags/example_latest_only_with_trigger.py
[2023-04-02 17:55:23,782] {processor.py:641} INFO - Processing file /home/airflow/.local/lib/python3.7/site-packages/airflow/example_dags/example_latest_only_with_trigger.py for tasks to queue
[2023-04-02 17:55:23,784] {logging_mixin.py:115} INFO - [2023-04-02 17:55:23,784] {dagbag.py:507} INFO - Filling up the DagBag from /home/airflow/.local/lib/python3.7/site-packages/airflow/example_dags/example_latest_only_with_trigger.py
[2023-04-02 17:55:23,792] {processor.py:651} INFO - DAG(s) dict_keys(['latest_only_with_trigger']) retrieved from /home/airflow/.local/lib/python3.7/site-packages/airflow/example_dags/example_latest_only_with_trigger.py
[2023-04-02 17:55:24,017] {logging_mixin.py:115} INFO - [2023-04-02 17:55:24,017] {manager.py:508} INFO - Created Permission View: can edit on DAG:latest_only_with_trigger
[2023-04-02 17:55:24,032] {logging_mixin.py:115} INFO - [2023-04-02 17:55:24,031] {manager.py:508} INFO - Created Permission View: can delete on DAG:latest_only_with_trigger
[2023-04-02 17:55:24,039] {logging_mixin.py:115} INFO - [2023-04-02 17:55:24,039] {manager.py:508} INFO - Created Permission View: can read on DAG:latest_only_with_trigger
[2023-04-02 17:55:24,040] {logging_mixin.py:115} INFO - [2023-04-02 17:55:24,040] {dag.py:2371} INFO - Sync 1 DAGs
[2023-04-02 17:55:24,052] {logging_mixin.py:115} INFO - [2023-04-02 17:55:24,052] {dag.py:2390} INFO - Creating ORM DAG for latest_only_with_trigger
[2023-04-02 17:55:24,068] {logging_mixin.py:115} INFO - [2023-04-02 17:55:24,068] {dag.py:2919} INFO - Setting next_dagrun for latest_only_with_trigger to 2023-04-02T13:55:24.068212+00:00, run_after=2023-04-02T17:55:24.068212+00:00
[2023-04-02 17:55:24,086] {processor.py:161} INFO - Processing /home/airflow/.local/lib/python3.7/site-packages/airflow/example_dags/example_latest_only_with_trigger.py took 0.309 seconds
[2023-04-02 17:55:54,315] {processor.py:153} INFO - Started process (PID=107) to work on /home/airflow/.local/lib/python3.7/site-packages/airflow/example_dags/example_latest_only_with_trigger.py
[2023-04-02 17:55:54,316] {processor.py:641} INFO - Processing file /home/airflow/.local/lib/python3.7/site-packages/airflow/example_dags/example_latest_only_with_trigger.py for tasks to queue
[2023-04-02 17:55:54,318] {logging_mixin.py:115} INFO - [2023-04-02 17:55:54,318] {dagbag.py:507} INFO - Filling up the DagBag from /home/airflow/.local/lib/python3.7/site-packages/airflow/example_dags/example_latest_only_with_trigger.py
[2023-04-02 17:55:54,326] {processor.py:651} INFO - DAG(s) dict_keys(['latest_only_with_trigger']) retrieved from /home/airflow/.local/lib/python3.7/site-packages/airflow/example_dags/example_latest_only_with_trigger.py
[2023-04-02 17:55:54,354] {logging_mixin.py:115} INFO - [2023-04-02 17:55:54,354] {dag.py:2371} INFO - Sync 1 DAGs
[2023-04-02 17:55:54,378] {logging_mixin.py:115} INFO - [2023-04-02 17:55:54,378] {dag.py:2919} INFO - Setting next_dagrun for latest_only_with_trigger to 2023-04-02T13:55:54.378373+00:00, run_after=2023-04-02T17:55:54.378373+00:00
[2023-04-02 17:55:54,394] {processor.py:161} INFO - Processing /home/airflow/.local/lib/python3.7/site-packages/airflow/example_dags/example_latest_only_with_trigger.py took 0.083 seconds
[2023-04-02 17:56:25,352] {processor.py:153} INFO - Started process (PID=168) to work on /home/airflow/.local/lib/python3.7/site-packages/airflow/example_dags/example_latest_only_with_trigger.py
[2023-04-02 17:56:25,354] {processor.py:641} INFO - Processing file /home/airflow/.local/lib/python3.7/site-packages/airflow/example_dags/example_latest_only_with_trigger.py for tasks to queue
[2023-04-02 17:56:25,355] {logging_mixin.py:115} INFO - [2023-04-02 17:56:25,355] {dagbag.py:507} INFO - Filling up the DagBag from /home/airflow/.local/lib/python3.7/site-packages/airflow/example_dags/example_latest_only_with_trigger.py
[2023-04-02 17:56:25,363] {processor.py:651} INFO - DAG(s) dict_keys(['latest_only_with_trigger']) retrieved from /home/airflow/.local/lib/python3.7/site-packages/airflow/example_dags/example_latest_only_with_trigger.py
[2023-04-02 17:56:25,410] {logging_mixin.py:115} INFO - [2023-04-02 17:56:25,410] {dag.py:2371} INFO - Sync 1 DAGs
[2023-04-02 17:56:25,443] {logging_mixin.py:115} INFO - [2023-04-02 17:56:25,443] {dag.py:2919} INFO - Setting next_dagrun for latest_only_with_trigger to 2023-04-02T13:56:25.442695+00:00, run_after=2023-04-02T17:56:25.442695+00:00
[2023-04-02 17:56:25,457] {processor.py:161} INFO - Processing /home/airflow/.local/lib/python3.7/site-packages/airflow/example_dags/example_latest_only_with_trigger.py took 0.109 seconds
[2023-04-02 17:56:56,327] {processor.py:153} INFO - Started process (PID=229) to work on /home/airflow/.local/lib/python3.7/site-packages/airflow/example_dags/example_latest_only_with_trigger.py
[2023-04-02 17:56:56,329] {processor.py:641} INFO - Processing file /home/airflow/.local/lib/python3.7/site-packages/airflow/example_dags/example_latest_only_with_trigger.py for tasks to queue
[2023-04-02 17:56:56,330] {logging_mixin.py:115} INFO - [2023-04-02 17:56:56,330] {dagbag.py:507} INFO - Filling up the DagBag from /home/airflow/.local/lib/python3.7/site-packages/airflow/example_dags/example_latest_only_with_trigger.py
[2023-04-02 17:56:56,338] {processor.py:651} INFO - DAG(s) dict_keys(['latest_only_with_trigger']) retrieved from /home/airflow/.local/lib/python3.7/site-packages/airflow/example_dags/example_latest_only_with_trigger.py
[2023-04-02 17:56:56,368] {logging_mixin.py:115} INFO - [2023-04-02 17:56:56,368] {dag.py:2371} INFO - Sync 1 DAGs
[2023-04-02 17:56:56,392] {logging_mixin.py:115} INFO - [2023-04-02 17:56:56,392] {dag.py:2919} INFO - Setting next_dagrun for latest_only_with_trigger to 2023-04-02T13:56:56.392477+00:00, run_after=2023-04-02T17:56:56.392477+00:00
[2023-04-02 17:56:56,408] {processor.py:161} INFO - Processing /home/airflow/.local/lib/python3.7/site-packages/airflow/example_dags/example_latest_only_with_trigger.py took 0.084 seconds
[2023-04-02 17:57:27,105] {processor.py:153} INFO - Started process (PID=290) to work on /home/airflow/.local/lib/python3.7/site-packages/airflow/example_dags/example_latest_only_with_trigger.py
[2023-04-02 17:57:27,107] {processor.py:641} INFO - Processing file /home/airflow/.local/lib/python3.7/site-packages/airflow/example_dags/example_latest_only_with_trigger.py for tasks to queue
[2023-04-02 17:57:27,109] {logging_mixin.py:115} INFO - [2023-04-02 17:57:27,109] {dagbag.py:507} INFO - Filling up the DagBag from /home/airflow/.local/lib/python3.7/site-packages/airflow/example_dags/example_latest_only_with_trigger.py
[2023-04-02 17:57:27,120] {processor.py:651} INFO - DAG(s) dict_keys(['latest_only_with_trigger']) retrieved from /home/airflow/.local/lib/python3.7/site-packages/airflow/example_dags/example_latest_only_with_trigger.py
[2023-04-02 17:57:27,161] {logging_mixin.py:115} INFO - [2023-04-02 17:57:27,161] {dag.py:2371} INFO - Sync 1 DAGs
[2023-04-02 17:57:27,201] {logging_mixin.py:115} INFO - [2023-04-02 17:57:27,200] {dag.py:2919} INFO - Setting next_dagrun for latest_only_with_trigger to 2023-04-02T13:57:27.200477+00:00, run_after=2023-04-02T17:57:27.200477+00:00
[2023-04-02 17:57:27,227] {processor.py:161} INFO - Processing /home/airflow/.local/lib/python3.7/site-packages/airflow/example_dags/example_latest_only_with_trigger.py took 0.126 seconds
[2023-04-02 17:57:58,251] {processor.py:153} INFO - Started process (PID=342) to work on /home/airflow/.local/lib/python3.7/site-packages/airflow/example_dags/example_latest_only_with_trigger.py
[2023-04-02 17:57:58,252] {processor.py:641} INFO - Processing file /home/airflow/.local/lib/python3.7/site-packages/airflow/example_dags/example_latest_only_with_trigger.py for tasks to queue
[2023-04-02 17:57:58,254] {logging_mixin.py:115} INFO - [2023-04-02 17:57:58,253] {dagbag.py:507} INFO - Filling up the DagBag from /home/airflow/.local/lib/python3.7/site-packages/airflow/example_dags/example_latest_only_with_trigger.py
[2023-04-02 17:57:58,262] {processor.py:651} INFO - DAG(s) dict_keys(['latest_only_with_trigger']) retrieved from /home/airflow/.local/lib/python3.7/site-packages/airflow/example_dags/example_latest_only_with_trigger.py
[2023-04-02 17:57:58,293] {logging_mixin.py:115} INFO - [2023-04-02 17:57:58,292] {dag.py:2371} INFO - Sync 1 DAGs
[2023-04-02 17:57:58,321] {logging_mixin.py:115} INFO - [2023-04-02 17:57:58,321] {dag.py:2919} INFO - Setting next_dagrun for latest_only_with_trigger to 2023-04-02T13:57:58.321131+00:00, run_after=2023-04-02T17:57:58.321131+00:00
[2023-04-02 17:57:58,338] {processor.py:161} INFO - Processing /home/airflow/.local/lib/python3.7/site-packages/airflow/example_dags/example_latest_only_with_trigger.py took 0.091 seconds
[2023-04-02 17:58:28,565] {processor.py:153} INFO - Started process (PID=403) to work on /home/airflow/.local/lib/python3.7/site-packages/airflow/example_dags/example_latest_only_with_trigger.py
[2023-04-02 17:58:28,566] {processor.py:641} INFO - Processing file /home/airflow/.local/lib/python3.7/site-packages/airflow/example_dags/example_latest_only_with_trigger.py for tasks to queue
[2023-04-02 17:58:28,568] {logging_mixin.py:115} INFO - [2023-04-02 17:58:28,568] {dagbag.py:507} INFO - Filling up the DagBag from /home/airflow/.local/lib/python3.7/site-packages/airflow/example_dags/example_latest_only_with_trigger.py
[2023-04-02 17:58:28,575] {processor.py:651} INFO - DAG(s) dict_keys(['latest_only_with_trigger']) retrieved from /home/airflow/.local/lib/python3.7/site-packages/airflow/example_dags/example_latest_only_with_trigger.py
[2023-04-02 17:58:28,604] {logging_mixin.py:115} INFO - [2023-04-02 17:58:28,604] {dag.py:2371} INFO - Sync 1 DAGs
[2023-04-02 17:58:28,627] {logging_mixin.py:115} INFO - [2023-04-02 17:58:28,627] {dag.py:2919} INFO - Setting next_dagrun for latest_only_with_trigger to 2023-04-02T13:58:28.626804+00:00, run_after=2023-04-02T17:58:28.626804+00:00
[2023-04-02 17:58:28,641] {processor.py:161} INFO - Processing /home/airflow/.local/lib/python3.7/site-packages/airflow/example_dags/example_latest_only_with_trigger.py took 0.080 seconds
[2023-04-02 17:58:59,569] {processor.py:153} INFO - Started process (PID=465) to work on /home/airflow/.local/lib/python3.7/site-packages/airflow/example_dags/example_latest_only_with_trigger.py
[2023-04-02 17:58:59,571] {processor.py:641} INFO - Processing file /home/airflow/.local/lib/python3.7/site-packages/airflow/example_dags/example_latest_only_with_trigger.py for tasks to queue
[2023-04-02 17:58:59,572] {logging_mixin.py:115} INFO - [2023-04-02 17:58:59,572] {dagbag.py:507} INFO - Filling up the DagBag from /home/airflow/.local/lib/python3.7/site-packages/airflow/example_dags/example_latest_only_with_trigger.py
[2023-04-02 17:58:59,580] {processor.py:651} INFO - DAG(s) dict_keys(['latest_only_with_trigger']) retrieved from /home/airflow/.local/lib/python3.7/site-packages/airflow/example_dags/example_latest_only_with_trigger.py
[2023-04-02 17:58:59,613] {logging_mixin.py:115} INFO - [2023-04-02 17:58:59,613] {dag.py:2371} INFO - Sync 1 DAGs
[2023-04-02 17:58:59,638] {logging_mixin.py:115} INFO - [2023-04-02 17:58:59,638] {dag.py:2919} INFO - Setting next_dagrun for latest_only_with_trigger to 2023-04-02T13:58:59.638509+00:00, run_after=2023-04-02T17:58:59.638509+00:00
[2023-04-02 17:58:59,653] {processor.py:161} INFO - Processing /home/airflow/.local/lib/python3.7/site-packages/airflow/example_dags/example_latest_only_with_trigger.py took 0.088 seconds
[2023-04-02 17:59:30,906] {processor.py:153} INFO - Started process (PID=526) to work on /home/airflow/.local/lib/python3.7/site-packages/airflow/example_dags/example_latest_only_with_trigger.py
[2023-04-02 17:59:30,909] {processor.py:641} INFO - Processing file /home/airflow/.local/lib/python3.7/site-packages/airflow/example_dags/example_latest_only_with_trigger.py for tasks to queue
[2023-04-02 17:59:30,911] {logging_mixin.py:115} INFO - [2023-04-02 17:59:30,911] {dagbag.py:507} INFO - Filling up the DagBag from /home/airflow/.local/lib/python3.7/site-packages/airflow/example_dags/example_latest_only_with_trigger.py
[2023-04-02 17:59:30,923] {processor.py:651} INFO - DAG(s) dict_keys(['latest_only_with_trigger']) retrieved from /home/airflow/.local/lib/python3.7/site-packages/airflow/example_dags/example_latest_only_with_trigger.py
[2023-04-02 17:59:30,960] {logging_mixin.py:115} INFO - [2023-04-02 17:59:30,960] {dag.py:2371} INFO - Sync 1 DAGs
[2023-04-02 17:59:30,984] {logging_mixin.py:115} INFO - [2023-04-02 17:59:30,984] {dag.py:2919} INFO - Setting next_dagrun for latest_only_with_trigger to 2023-04-02T13:59:30.984382+00:00, run_after=2023-04-02T17:59:30.984382+00:00
[2023-04-02 17:59:31,004] {processor.py:161} INFO - Processing /home/airflow/.local/lib/python3.7/site-packages/airflow/example_dags/example_latest_only_with_trigger.py took 0.102 seconds
[2023-04-02 18:00:01,252] {processor.py:153} INFO - Started process (PID=578) to work on /home/airflow/.local/lib/python3.7/site-packages/airflow/example_dags/example_latest_only_with_trigger.py
[2023-04-02 18:00:01,254] {processor.py:641} INFO - Processing file /home/airflow/.local/lib/python3.7/site-packages/airflow/example_dags/example_latest_only_with_trigger.py for tasks to queue
[2023-04-02 18:00:01,255] {logging_mixin.py:115} INFO - [2023-04-02 18:00:01,255] {dagbag.py:507} INFO - Filling up the DagBag from /home/airflow/.local/lib/python3.7/site-packages/airflow/example_dags/example_latest_only_with_trigger.py
[2023-04-02 18:00:01,263] {processor.py:651} INFO - DAG(s) dict_keys(['latest_only_with_trigger']) retrieved from /home/airflow/.local/lib/python3.7/site-packages/airflow/example_dags/example_latest_only_with_trigger.py
[2023-04-02 18:00:01,293] {logging_mixin.py:115} INFO - [2023-04-02 18:00:01,293] {dag.py:2371} INFO - Sync 1 DAGs
[2023-04-02 18:00:01,317] {logging_mixin.py:115} INFO - [2023-04-02 18:00:01,317] {dag.py:2919} INFO - Setting next_dagrun for latest_only_with_trigger to 2023-04-02T14:00:01.317442+00:00, run_after=2023-04-02T18:00:01.317442+00:00
[2023-04-02 18:00:01,331] {processor.py:161} INFO - Processing /home/airflow/.local/lib/python3.7/site-packages/airflow/example_dags/example_latest_only_with_trigger.py took 0.084 seconds
[2023-04-02 18:00:31,893] {processor.py:153} INFO - Started process (PID=641) to work on /home/airflow/.local/lib/python3.7/site-packages/airflow/example_dags/example_latest_only_with_trigger.py
[2023-04-02 18:00:31,895] {processor.py:641} INFO - Processing file /home/airflow/.local/lib/python3.7/site-packages/airflow/example_dags/example_latest_only_with_trigger.py for tasks to queue
[2023-04-02 18:00:31,896] {logging_mixin.py:115} INFO - [2023-04-02 18:00:31,896] {dagbag.py:507} INFO - Filling up the DagBag from /home/airflow/.local/lib/python3.7/site-packages/airflow/example_dags/example_latest_only_with_trigger.py
[2023-04-02 18:00:31,903] {processor.py:651} INFO - DAG(s) dict_keys(['latest_only_with_trigger']) retrieved from /home/airflow/.local/lib/python3.7/site-packages/airflow/example_dags/example_latest_only_with_trigger.py
[2023-04-02 18:00:31,933] {logging_mixin.py:115} INFO - [2023-04-02 18:00:31,933] {dag.py:2371} INFO - Sync 1 DAGs
[2023-04-02 18:00:31,959] {logging_mixin.py:115} INFO - [2023-04-02 18:00:31,959] {dag.py:2919} INFO - Setting next_dagrun for latest_only_with_trigger to 2023-04-02T14:00:31.959369+00:00, run_after=2023-04-02T18:00:31.959369+00:00
[2023-04-02 18:00:32,093] {processor.py:161} INFO - Processing /home/airflow/.local/lib/python3.7/site-packages/airflow/example_dags/example_latest_only_with_trigger.py took 0.204 seconds
[2023-04-02 18:01:02,633] {processor.py:153} INFO - Started process (PID=704) to work on /home/airflow/.local/lib/python3.7/site-packages/airflow/example_dags/example_latest_only_with_trigger.py
[2023-04-02 18:01:02,635] {processor.py:641} INFO - Processing file /home/airflow/.local/lib/python3.7/site-packages/airflow/example_dags/example_latest_only_with_trigger.py for tasks to queue
[2023-04-02 18:01:02,636] {logging_mixin.py:115} INFO - [2023-04-02 18:01:02,636] {dagbag.py:507} INFO - Filling up the DagBag from /home/airflow/.local/lib/python3.7/site-packages/airflow/example_dags/example_latest_only_with_trigger.py
[2023-04-02 18:01:02,644] {processor.py:651} INFO - DAG(s) dict_keys(['latest_only_with_trigger']) retrieved from /home/airflow/.local/lib/python3.7/site-packages/airflow/example_dags/example_latest_only_with_trigger.py
[2023-04-02 18:01:02,673] {logging_mixin.py:115} INFO - [2023-04-02 18:01:02,672] {dag.py:2371} INFO - Sync 1 DAGs
[2023-04-02 18:01:02,697] {logging_mixin.py:115} INFO - [2023-04-02 18:01:02,697] {dag.py:2919} INFO - Setting next_dagrun for latest_only_with_trigger to 2023-04-02T14:01:02.697091+00:00, run_after=2023-04-02T18:01:02.697091+00:00
[2023-04-02 18:01:02,819] {processor.py:161} INFO - Processing /home/airflow/.local/lib/python3.7/site-packages/airflow/example_dags/example_latest_only_with_trigger.py took 0.190 seconds
[2023-04-02 18:01:33,024] {processor.py:153} INFO - Started process (PID=762) to work on /home/airflow/.local/lib/python3.7/site-packages/airflow/example_dags/example_latest_only_with_trigger.py
[2023-04-02 18:01:33,025] {processor.py:641} INFO - Processing file /home/airflow/.local/lib/python3.7/site-packages/airflow/example_dags/example_latest_only_with_trigger.py for tasks to queue
[2023-04-02 18:01:33,026] {logging_mixin.py:115} INFO - [2023-04-02 18:01:33,026] {dagbag.py:507} INFO - Filling up the DagBag from /home/airflow/.local/lib/python3.7/site-packages/airflow/example_dags/example_latest_only_with_trigger.py
[2023-04-02 18:01:33,034] {processor.py:651} INFO - DAG(s) dict_keys(['latest_only_with_trigger']) retrieved from /home/airflow/.local/lib/python3.7/site-packages/airflow/example_dags/example_latest_only_with_trigger.py
[2023-04-02 18:01:33,065] {logging_mixin.py:115} INFO - [2023-04-02 18:01:33,065] {dag.py:2371} INFO - Sync 1 DAGs
[2023-04-02 18:01:33,094] {logging_mixin.py:115} INFO - [2023-04-02 18:01:33,094] {dag.py:2919} INFO - Setting next_dagrun for latest_only_with_trigger to 2023-04-02T14:01:33.093813+00:00, run_after=2023-04-02T18:01:33.093813+00:00
[2023-04-02 18:01:33,231] {processor.py:161} INFO - Processing /home/airflow/.local/lib/python3.7/site-packages/airflow/example_dags/example_latest_only_with_trigger.py took 0.211 seconds
[2023-04-02 18:02:03,470] {processor.py:153} INFO - Started process (PID=825) to work on /home/airflow/.local/lib/python3.7/site-packages/airflow/example_dags/example_latest_only_with_trigger.py
[2023-04-02 18:02:03,472] {processor.py:641} INFO - Processing file /home/airflow/.local/lib/python3.7/site-packages/airflow/example_dags/example_latest_only_with_trigger.py for tasks to queue
[2023-04-02 18:02:03,473] {logging_mixin.py:115} INFO - [2023-04-02 18:02:03,473] {dagbag.py:507} INFO - Filling up the DagBag from /home/airflow/.local/lib/python3.7/site-packages/airflow/example_dags/example_latest_only_with_trigger.py
[2023-04-02 18:02:03,480] {processor.py:651} INFO - DAG(s) dict_keys(['latest_only_with_trigger']) retrieved from /home/airflow/.local/lib/python3.7/site-packages/airflow/example_dags/example_latest_only_with_trigger.py
[2023-04-02 18:02:03,509] {logging_mixin.py:115} INFO - [2023-04-02 18:02:03,509] {dag.py:2371} INFO - Sync 1 DAGs
[2023-04-02 18:02:03,533] {logging_mixin.py:115} INFO - [2023-04-02 18:02:03,533] {dag.py:2919} INFO - Setting next_dagrun for latest_only_with_trigger to 2023-04-02T14:02:03.533299+00:00, run_after=2023-04-02T18:02:03.533299+00:00
[2023-04-02 18:02:03,660] {processor.py:161} INFO - Processing /home/airflow/.local/lib/python3.7/site-packages/airflow/example_dags/example_latest_only_with_trigger.py took 0.194 seconds
[2023-04-02 18:02:33,737] {processor.py:153} INFO - Started process (PID=888) to work on /home/airflow/.local/lib/python3.7/site-packages/airflow/example_dags/example_latest_only_with_trigger.py
[2023-04-02 18:02:33,739] {processor.py:641} INFO - Processing file /home/airflow/.local/lib/python3.7/site-packages/airflow/example_dags/example_latest_only_with_trigger.py for tasks to queue
[2023-04-02 18:02:33,740] {logging_mixin.py:115} INFO - [2023-04-02 18:02:33,740] {dagbag.py:507} INFO - Filling up the DagBag from /home/airflow/.local/lib/python3.7/site-packages/airflow/example_dags/example_latest_only_with_trigger.py
[2023-04-02 18:02:33,748] {processor.py:651} INFO - DAG(s) dict_keys(['latest_only_with_trigger']) retrieved from /home/airflow/.local/lib/python3.7/site-packages/airflow/example_dags/example_latest_only_with_trigger.py
[2023-04-02 18:02:33,777] {logging_mixin.py:115} INFO - [2023-04-02 18:02:33,777] {dag.py:2371} INFO - Sync 1 DAGs
[2023-04-02 18:02:33,801] {logging_mixin.py:115} INFO - [2023-04-02 18:02:33,801] {dag.py:2919} INFO - Setting next_dagrun for latest_only_with_trigger to 2023-04-02T14:02:33.801360+00:00, run_after=2023-04-02T18:02:33.801360+00:00
[2023-04-02 18:02:33,928] {processor.py:161} INFO - Processing /home/airflow/.local/lib/python3.7/site-packages/airflow/example_dags/example_latest_only_with_trigger.py took 0.195 seconds
[2023-04-02 18:03:04,063] {processor.py:153} INFO - Started process (PID=942) to work on /home/airflow/.local/lib/python3.7/site-packages/airflow/example_dags/example_latest_only_with_trigger.py
[2023-04-02 18:03:04,065] {processor.py:641} INFO - Processing file /home/airflow/.local/lib/python3.7/site-packages/airflow/example_dags/example_latest_only_with_trigger.py for tasks to queue
[2023-04-02 18:03:04,067] {logging_mixin.py:115} INFO - [2023-04-02 18:03:04,066] {dagbag.py:507} INFO - Filling up the DagBag from /home/airflow/.local/lib/python3.7/site-packages/airflow/example_dags/example_latest_only_with_trigger.py
[2023-04-02 18:03:04,075] {processor.py:651} INFO - DAG(s) dict_keys(['latest_only_with_trigger']) retrieved from /home/airflow/.local/lib/python3.7/site-packages/airflow/example_dags/example_latest_only_with_trigger.py
[2023-04-02 18:03:04,108] {logging_mixin.py:115} INFO - [2023-04-02 18:03:04,108] {dag.py:2371} INFO - Sync 1 DAGs
[2023-04-02 18:03:04,133] {logging_mixin.py:115} INFO - [2023-04-02 18:03:04,133] {dag.py:2919} INFO - Setting next_dagrun for latest_only_with_trigger to 2023-04-02T14:03:04.133515+00:00, run_after=2023-04-02T18:03:04.133515+00:00
[2023-04-02 18:03:04,258] {processor.py:161} INFO - Processing /home/airflow/.local/lib/python3.7/site-packages/airflow/example_dags/example_latest_only_with_trigger.py took 0.200 seconds
[2023-04-02 18:03:34,658] {processor.py:153} INFO - Started process (PID=1005) to work on /home/airflow/.local/lib/python3.7/site-packages/airflow/example_dags/example_latest_only_with_trigger.py
[2023-04-02 18:03:34,660] {processor.py:641} INFO - Processing file /home/airflow/.local/lib/python3.7/site-packages/airflow/example_dags/example_latest_only_with_trigger.py for tasks to queue
[2023-04-02 18:03:34,661] {logging_mixin.py:115} INFO - [2023-04-02 18:03:34,661] {dagbag.py:507} INFO - Filling up the DagBag from /home/airflow/.local/lib/python3.7/site-packages/airflow/example_dags/example_latest_only_with_trigger.py
[2023-04-02 18:03:34,669] {processor.py:651} INFO - DAG(s) dict_keys(['latest_only_with_trigger']) retrieved from /home/airflow/.local/lib/python3.7/site-packages/airflow/example_dags/example_latest_only_with_trigger.py
[2023-04-02 18:03:34,700] {logging_mixin.py:115} INFO - [2023-04-02 18:03:34,700] {dag.py:2371} INFO - Sync 1 DAGs
[2023-04-02 18:03:34,728] {logging_mixin.py:115} INFO - [2023-04-02 18:03:34,727] {dag.py:2919} INFO - Setting next_dagrun for latest_only_with_trigger to 2023-04-02T14:03:34.727615+00:00, run_after=2023-04-02T18:03:34.727615+00:00
[2023-04-02 18:03:34,865] {processor.py:161} INFO - Processing /home/airflow/.local/lib/python3.7/site-packages/airflow/example_dags/example_latest_only_with_trigger.py took 0.211 seconds
[2023-04-02 18:04:05,200] {processor.py:153} INFO - Started process (PID=1068) to work on /home/airflow/.local/lib/python3.7/site-packages/airflow/example_dags/example_latest_only_with_trigger.py
[2023-04-02 18:04:05,202] {processor.py:641} INFO - Processing file /home/airflow/.local/lib/python3.7/site-packages/airflow/example_dags/example_latest_only_with_trigger.py for tasks to queue
[2023-04-02 18:04:05,203] {logging_mixin.py:115} INFO - [2023-04-02 18:04:05,203] {dagbag.py:507} INFO - Filling up the DagBag from /home/airflow/.local/lib/python3.7/site-packages/airflow/example_dags/example_latest_only_with_trigger.py
[2023-04-02 18:04:05,211] {processor.py:651} INFO - DAG(s) dict_keys(['latest_only_with_trigger']) retrieved from /home/airflow/.local/lib/python3.7/site-packages/airflow/example_dags/example_latest_only_with_trigger.py
[2023-04-02 18:04:05,242] {logging_mixin.py:115} INFO - [2023-04-02 18:04:05,241] {dag.py:2371} INFO - Sync 1 DAGs
[2023-04-02 18:04:05,267] {logging_mixin.py:115} INFO - [2023-04-02 18:04:05,267] {dag.py:2919} INFO - Setting next_dagrun for latest_only_with_trigger to 2023-04-02T14:04:05.267019+00:00, run_after=2023-04-02T18:04:05.267019+00:00
[2023-04-02 18:04:05,397] {processor.py:161} INFO - Processing /home/airflow/.local/lib/python3.7/site-packages/airflow/example_dags/example_latest_only_with_trigger.py took 0.201 seconds
[2023-04-02 18:04:35,834] {processor.py:153} INFO - Started process (PID=1131) to work on /home/airflow/.local/lib/python3.7/site-packages/airflow/example_dags/example_latest_only_with_trigger.py
[2023-04-02 18:04:35,836] {processor.py:641} INFO - Processing file /home/airflow/.local/lib/python3.7/site-packages/airflow/example_dags/example_latest_only_with_trigger.py for tasks to queue
[2023-04-02 18:04:35,838] {logging_mixin.py:115} INFO - [2023-04-02 18:04:35,838] {dagbag.py:507} INFO - Filling up the DagBag from /home/airflow/.local/lib/python3.7/site-packages/airflow/example_dags/example_latest_only_with_trigger.py
[2023-04-02 18:04:35,847] {processor.py:651} INFO - DAG(s) dict_keys(['latest_only_with_trigger']) retrieved from /home/airflow/.local/lib/python3.7/site-packages/airflow/example_dags/example_latest_only_with_trigger.py
[2023-04-02 18:04:35,884] {logging_mixin.py:115} INFO - [2023-04-02 18:04:35,884] {dag.py:2371} INFO - Sync 1 DAGs
[2023-04-02 18:04:35,912] {logging_mixin.py:115} INFO - [2023-04-02 18:04:35,912] {dag.py:2919} INFO - Setting next_dagrun for latest_only_with_trigger to 2023-04-02T14:04:35.912558+00:00, run_after=2023-04-02T18:04:35.912558+00:00
[2023-04-02 18:04:36,041] {processor.py:161} INFO - Processing /home/airflow/.local/lib/python3.7/site-packages/airflow/example_dags/example_latest_only_with_trigger.py took 0.213 seconds
[2023-04-02 18:05:06,428] {processor.py:153} INFO - Started process (PID=1185) to work on /home/airflow/.local/lib/python3.7/site-packages/airflow/example_dags/example_latest_only_with_trigger.py
[2023-04-02 18:05:06,430] {processor.py:641} INFO - Processing file /home/airflow/.local/lib/python3.7/site-packages/airflow/example_dags/example_latest_only_with_trigger.py for tasks to queue
[2023-04-02 18:05:06,431] {logging_mixin.py:115} INFO - [2023-04-02 18:05:06,431] {dagbag.py:507} INFO - Filling up the DagBag from /home/airflow/.local/lib/python3.7/site-packages/airflow/example_dags/example_latest_only_with_trigger.py
[2023-04-02 18:05:06,438] {processor.py:651} INFO - DAG(s) dict_keys(['latest_only_with_trigger']) retrieved from /home/airflow/.local/lib/python3.7/site-packages/airflow/example_dags/example_latest_only_with_trigger.py
[2023-04-02 18:05:06,468] {logging_mixin.py:115} INFO - [2023-04-02 18:05:06,467] {dag.py:2371} INFO - Sync 1 DAGs
[2023-04-02 18:05:06,492] {logging_mixin.py:115} INFO - [2023-04-02 18:05:06,492] {dag.py:2919} INFO - Setting next_dagrun for latest_only_with_trigger to 2023-04-02T14:05:06.492237+00:00, run_after=2023-04-02T18:05:06.492237+00:00
[2023-04-02 18:05:06,625] {processor.py:161} INFO - Processing /home/airflow/.local/lib/python3.7/site-packages/airflow/example_dags/example_latest_only_with_trigger.py took 0.201 seconds
[2023-04-02 18:05:37,069] {processor.py:153} INFO - Started process (PID=1249) to work on /home/airflow/.local/lib/python3.7/site-packages/airflow/example_dags/example_latest_only_with_trigger.py
[2023-04-02 18:05:37,070] {processor.py:641} INFO - Processing file /home/airflow/.local/lib/python3.7/site-packages/airflow/example_dags/example_latest_only_with_trigger.py for tasks to queue
[2023-04-02 18:05:37,072] {logging_mixin.py:115} INFO - [2023-04-02 18:05:37,072] {dagbag.py:507} INFO - Filling up the DagBag from /home/airflow/.local/lib/python3.7/site-packages/airflow/example_dags/example_latest_only_with_trigger.py
[2023-04-02 18:05:37,079] {processor.py:651} INFO - DAG(s) dict_keys(['latest_only_with_trigger']) retrieved from /home/airflow/.local/lib/python3.7/site-packages/airflow/example_dags/example_latest_only_with_trigger.py
[2023-04-02 18:05:37,109] {logging_mixin.py:115} INFO - [2023-04-02 18:05:37,108] {dag.py:2371} INFO - Sync 1 DAGs
[2023-04-02 18:05:37,250] {logging_mixin.py:115} INFO - [2023-04-02 18:05:37,250] {dag.py:2919} INFO - Setting next_dagrun for latest_only_with_trigger to 2023-04-02T14:05:37.250367+00:00, run_after=2023-04-02T18:05:37.250367+00:00
[2023-04-02 18:05:37,264] {processor.py:161} INFO - Processing /home/airflow/.local/lib/python3.7/site-packages/airflow/example_dags/example_latest_only_with_trigger.py took 0.200 seconds
[2023-04-02 18:06:07,762] {processor.py:153} INFO - Started process (PID=1313) to work on /home/airflow/.local/lib/python3.7/site-packages/airflow/example_dags/example_latest_only_with_trigger.py
[2023-04-02 18:06:07,763] {processor.py:641} INFO - Processing file /home/airflow/.local/lib/python3.7/site-packages/airflow/example_dags/example_latest_only_with_trigger.py for tasks to queue
[2023-04-02 18:06:07,765] {logging_mixin.py:115} INFO - [2023-04-02 18:06:07,764] {dagbag.py:507} INFO - Filling up the DagBag from /home/airflow/.local/lib/python3.7/site-packages/airflow/example_dags/example_latest_only_with_trigger.py
[2023-04-02 18:06:07,772] {processor.py:651} INFO - DAG(s) dict_keys(['latest_only_with_trigger']) retrieved from /home/airflow/.local/lib/python3.7/site-packages/airflow/example_dags/example_latest_only_with_trigger.py
[2023-04-02 18:06:07,801] {logging_mixin.py:115} INFO - [2023-04-02 18:06:07,800] {dag.py:2371} INFO - Sync 1 DAGs
[2023-04-02 18:06:07,937] {logging_mixin.py:115} INFO - [2023-04-02 18:06:07,937] {dag.py:2919} INFO - Setting next_dagrun for latest_only_with_trigger to 2023-04-02T14:06:07.936861+00:00, run_after=2023-04-02T18:06:07.936861+00:00
[2023-04-02 18:06:07,953] {processor.py:161} INFO - Processing /home/airflow/.local/lib/python3.7/site-packages/airflow/example_dags/example_latest_only_with_trigger.py took 0.194 seconds
[2023-04-02 18:06:38,632] {processor.py:153} INFO - Started process (PID=1367) to work on /home/airflow/.local/lib/python3.7/site-packages/airflow/example_dags/example_latest_only_with_trigger.py
[2023-04-02 18:06:38,633] {processor.py:641} INFO - Processing file /home/airflow/.local/lib/python3.7/site-packages/airflow/example_dags/example_latest_only_with_trigger.py for tasks to queue
[2023-04-02 18:06:38,634] {logging_mixin.py:115} INFO - [2023-04-02 18:06:38,634] {dagbag.py:507} INFO - Filling up the DagBag from /home/airflow/.local/lib/python3.7/site-packages/airflow/example_dags/example_latest_only_with_trigger.py
[2023-04-02 18:06:38,641] {processor.py:651} INFO - DAG(s) dict_keys(['latest_only_with_trigger']) retrieved from /home/airflow/.local/lib/python3.7/site-packages/airflow/example_dags/example_latest_only_with_trigger.py
[2023-04-02 18:06:38,669] {logging_mixin.py:115} INFO - [2023-04-02 18:06:38,669] {dag.py:2371} INFO - Sync 1 DAGs
[2023-04-02 18:06:38,809] {logging_mixin.py:115} INFO - [2023-04-02 18:06:38,809] {dag.py:2919} INFO - Setting next_dagrun for latest_only_with_trigger to 2023-04-02T14:06:38.809078+00:00, run_after=2023-04-02T18:06:38.809078+00:00
[2023-04-02 18:06:38,824] {processor.py:161} INFO - Processing /home/airflow/.local/lib/python3.7/site-packages/airflow/example_dags/example_latest_only_with_trigger.py took 0.196 seconds
[2023-04-02 18:07:09,306] {processor.py:153} INFO - Started process (PID=1430) to work on /home/airflow/.local/lib/python3.7/site-packages/airflow/example_dags/example_latest_only_with_trigger.py
[2023-04-02 18:07:09,308] {processor.py:641} INFO - Processing file /home/airflow/.local/lib/python3.7/site-packages/airflow/example_dags/example_latest_only_with_trigger.py for tasks to queue
[2023-04-02 18:07:09,310] {logging_mixin.py:115} INFO - [2023-04-02 18:07:09,310] {dagbag.py:507} INFO - Filling up the DagBag from /home/airflow/.local/lib/python3.7/site-packages/airflow/example_dags/example_latest_only_with_trigger.py
[2023-04-02 18:07:09,318] {processor.py:651} INFO - DAG(s) dict_keys(['latest_only_with_trigger']) retrieved from /home/airflow/.local/lib/python3.7/site-packages/airflow/example_dags/example_latest_only_with_trigger.py
[2023-04-02 18:07:09,348] {logging_mixin.py:115} INFO - [2023-04-02 18:07:09,348] {dag.py:2371} INFO - Sync 1 DAGs
[2023-04-02 18:07:09,491] {logging_mixin.py:115} INFO - [2023-04-02 18:07:09,491] {dag.py:2919} INFO - Setting next_dagrun for latest_only_with_trigger to 2023-04-02T14:07:09.491262+00:00, run_after=2023-04-02T18:07:09.491262+00:00
[2023-04-02 18:07:09,505] {processor.py:161} INFO - Processing /home/airflow/.local/lib/python3.7/site-packages/airflow/example_dags/example_latest_only_with_trigger.py took 0.204 seconds
[2023-04-02 18:07:39,933] {processor.py:153} INFO - Started process (PID=1494) to work on /home/airflow/.local/lib/python3.7/site-packages/airflow/example_dags/example_latest_only_with_trigger.py
[2023-04-02 18:07:39,934] {processor.py:641} INFO - Processing file /home/airflow/.local/lib/python3.7/site-packages/airflow/example_dags/example_latest_only_with_trigger.py for tasks to queue
[2023-04-02 18:07:39,935] {logging_mixin.py:115} INFO - [2023-04-02 18:07:39,935] {dagbag.py:507} INFO - Filling up the DagBag from /home/airflow/.local/lib/python3.7/site-packages/airflow/example_dags/example_latest_only_with_trigger.py
[2023-04-02 18:07:39,942] {processor.py:651} INFO - DAG(s) dict_keys(['latest_only_with_trigger']) retrieved from /home/airflow/.local/lib/python3.7/site-packages/airflow/example_dags/example_latest_only_with_trigger.py
[2023-04-02 18:07:39,970] {logging_mixin.py:115} INFO - [2023-04-02 18:07:39,970] {dag.py:2371} INFO - Sync 1 DAGs
[2023-04-02 18:07:40,106] {logging_mixin.py:115} INFO - [2023-04-02 18:07:40,106] {dag.py:2919} INFO - Setting next_dagrun for latest_only_with_trigger to 2023-04-02T14:07:40.106525+00:00, run_after=2023-04-02T18:07:40.106525+00:00
[2023-04-02 18:07:40,120] {processor.py:161} INFO - Processing /home/airflow/.local/lib/python3.7/site-packages/airflow/example_dags/example_latest_only_with_trigger.py took 0.192 seconds
[2023-04-02 18:08:10,781] {processor.py:153} INFO - Started process (PID=1557) to work on /home/airflow/.local/lib/python3.7/site-packages/airflow/example_dags/example_latest_only_with_trigger.py
[2023-04-02 18:08:10,782] {processor.py:641} INFO - Processing file /home/airflow/.local/lib/python3.7/site-packages/airflow/example_dags/example_latest_only_with_trigger.py for tasks to queue
[2023-04-02 18:08:10,784] {logging_mixin.py:115} INFO - [2023-04-02 18:08:10,784] {dagbag.py:507} INFO - Filling up the DagBag from /home/airflow/.local/lib/python3.7/site-packages/airflow/example_dags/example_latest_only_with_trigger.py
[2023-04-02 18:08:10,791] {processor.py:651} INFO - DAG(s) dict_keys(['latest_only_with_trigger']) retrieved from /home/airflow/.local/lib/python3.7/site-packages/airflow/example_dags/example_latest_only_with_trigger.py
[2023-04-02 18:08:10,821] {logging_mixin.py:115} INFO - [2023-04-02 18:08:10,821] {dag.py:2371} INFO - Sync 1 DAGs
[2023-04-02 18:08:10,956] {logging_mixin.py:115} INFO - [2023-04-02 18:08:10,956] {dag.py:2919} INFO - Setting next_dagrun for latest_only_with_trigger to 2023-04-02T14:08:10.956456+00:00, run_after=2023-04-02T18:08:10.956456+00:00
[2023-04-02 18:08:10,970] {processor.py:161} INFO - Processing /home/airflow/.local/lib/python3.7/site-packages/airflow/example_dags/example_latest_only_with_trigger.py took 0.194 seconds
[2023-04-02 18:08:41,290] {processor.py:153} INFO - Started process (PID=1611) to work on /home/airflow/.local/lib/python3.7/site-packages/airflow/example_dags/example_latest_only_with_trigger.py
[2023-04-02 18:08:41,291] {processor.py:641} INFO - Processing file /home/airflow/.local/lib/python3.7/site-packages/airflow/example_dags/example_latest_only_with_trigger.py for tasks to queue
[2023-04-02 18:08:41,293] {logging_mixin.py:115} INFO - [2023-04-02 18:08:41,293] {dagbag.py:507} INFO - Filling up the DagBag from /home/airflow/.local/lib/python3.7/site-packages/airflow/example_dags/example_latest_only_with_trigger.py
[2023-04-02 18:08:41,300] {processor.py:651} INFO - DAG(s) dict_keys(['latest_only_with_trigger']) retrieved from /home/airflow/.local/lib/python3.7/site-packages/airflow/example_dags/example_latest_only_with_trigger.py
[2023-04-02 18:08:41,329] {logging_mixin.py:115} INFO - [2023-04-02 18:08:41,329] {dag.py:2371} INFO - Sync 1 DAGs
[2023-04-02 18:08:41,471] {logging_mixin.py:115} INFO - [2023-04-02 18:08:41,471] {dag.py:2919} INFO - Setting next_dagrun for latest_only_with_trigger to 2023-04-02T14:08:41.471405+00:00, run_after=2023-04-02T18:08:41.471405+00:00
[2023-04-02 18:08:41,486] {processor.py:161} INFO - Processing /home/airflow/.local/lib/python3.7/site-packages/airflow/example_dags/example_latest_only_with_trigger.py took 0.200 seconds
[2023-04-02 18:09:12,051] {processor.py:153} INFO - Started process (PID=1674) to work on /home/airflow/.local/lib/python3.7/site-packages/airflow/example_dags/example_latest_only_with_trigger.py
[2023-04-02 18:09:12,052] {processor.py:641} INFO - Processing file /home/airflow/.local/lib/python3.7/site-packages/airflow/example_dags/example_latest_only_with_trigger.py for tasks to queue
[2023-04-02 18:09:12,053] {logging_mixin.py:115} INFO - [2023-04-02 18:09:12,053] {dagbag.py:507} INFO - Filling up the DagBag from /home/airflow/.local/lib/python3.7/site-packages/airflow/example_dags/example_latest_only_with_trigger.py
[2023-04-02 18:09:12,060] {processor.py:651} INFO - DAG(s) dict_keys(['latest_only_with_trigger']) retrieved from /home/airflow/.local/lib/python3.7/site-packages/airflow/example_dags/example_latest_only_with_trigger.py
[2023-04-02 18:09:12,089] {logging_mixin.py:115} INFO - [2023-04-02 18:09:12,089] {dag.py:2371} INFO - Sync 1 DAGs
[2023-04-02 18:09:12,227] {logging_mixin.py:115} INFO - [2023-04-02 18:09:12,227] {dag.py:2919} INFO - Setting next_dagrun for latest_only_with_trigger to 2023-04-02T14:09:12.226777+00:00, run_after=2023-04-02T18:09:12.226777+00:00
[2023-04-02 18:09:12,241] {processor.py:161} INFO - Processing /home/airflow/.local/lib/python3.7/site-packages/airflow/example_dags/example_latest_only_with_trigger.py took 0.194 seconds
[2023-04-02 18:09:42,584] {processor.py:153} INFO - Started process (PID=1737) to work on /home/airflow/.local/lib/python3.7/site-packages/airflow/example_dags/example_latest_only_with_trigger.py
[2023-04-02 18:09:42,585] {processor.py:641} INFO - Processing file /home/airflow/.local/lib/python3.7/site-packages/airflow/example_dags/example_latest_only_with_trigger.py for tasks to queue
[2023-04-02 18:09:42,586] {logging_mixin.py:115} INFO - [2023-04-02 18:09:42,586] {dagbag.py:507} INFO - Filling up the DagBag from /home/airflow/.local/lib/python3.7/site-packages/airflow/example_dags/example_latest_only_with_trigger.py
[2023-04-02 18:09:42,594] {processor.py:651} INFO - DAG(s) dict_keys(['latest_only_with_trigger']) retrieved from /home/airflow/.local/lib/python3.7/site-packages/airflow/example_dags/example_latest_only_with_trigger.py
[2023-04-02 18:09:42,623] {logging_mixin.py:115} INFO - [2023-04-02 18:09:42,623] {dag.py:2371} INFO - Sync 1 DAGs
[2023-04-02 18:09:42,764] {logging_mixin.py:115} INFO - [2023-04-02 18:09:42,764] {dag.py:2919} INFO - Setting next_dagrun for latest_only_with_trigger to 2023-04-02T14:09:42.763794+00:00, run_after=2023-04-02T18:09:42.763794+00:00
[2023-04-02 18:09:42,778] {processor.py:161} INFO - Processing /home/airflow/.local/lib/python3.7/site-packages/airflow/example_dags/example_latest_only_with_trigger.py took 0.199 seconds
[2023-04-02 18:10:13,304] {processor.py:153} INFO - Started process (PID=1791) to work on /home/airflow/.local/lib/python3.7/site-packages/airflow/example_dags/example_latest_only_with_trigger.py
[2023-04-02 18:10:13,306] {processor.py:641} INFO - Processing file /home/airflow/.local/lib/python3.7/site-packages/airflow/example_dags/example_latest_only_with_trigger.py for tasks to queue
[2023-04-02 18:10:13,308] {logging_mixin.py:115} INFO - [2023-04-02 18:10:13,308] {dagbag.py:507} INFO - Filling up the DagBag from /home/airflow/.local/lib/python3.7/site-packages/airflow/example_dags/example_latest_only_with_trigger.py
[2023-04-02 18:10:13,315] {processor.py:651} INFO - DAG(s) dict_keys(['latest_only_with_trigger']) retrieved from /home/airflow/.local/lib/python3.7/site-packages/airflow/example_dags/example_latest_only_with_trigger.py
[2023-04-02 18:10:13,344] {logging_mixin.py:115} INFO - [2023-04-02 18:10:13,344] {dag.py:2371} INFO - Sync 1 DAGs
[2023-04-02 18:10:13,540] {logging_mixin.py:115} INFO - [2023-04-02 18:10:13,540] {dag.py:2919} INFO - Setting next_dagrun for latest_only_with_trigger to 2023-04-02T14:10:13.539737+00:00, run_after=2023-04-02T18:10:13.539737+00:00
[2023-04-02 18:10:13,554] {processor.py:161} INFO - Processing /home/airflow/.local/lib/python3.7/site-packages/airflow/example_dags/example_latest_only_with_trigger.py took 0.254 seconds
[2023-04-02 18:10:44,516] {processor.py:153} INFO - Started process (PID=1854) to work on /home/airflow/.local/lib/python3.7/site-packages/airflow/example_dags/example_latest_only_with_trigger.py
[2023-04-02 18:10:44,517] {processor.py:641} INFO - Processing file /home/airflow/.local/lib/python3.7/site-packages/airflow/example_dags/example_latest_only_with_trigger.py for tasks to queue
[2023-04-02 18:10:44,519] {logging_mixin.py:115} INFO - [2023-04-02 18:10:44,519] {dagbag.py:507} INFO - Filling up the DagBag from /home/airflow/.local/lib/python3.7/site-packages/airflow/example_dags/example_latest_only_with_trigger.py
[2023-04-02 18:10:44,526] {processor.py:651} INFO - DAG(s) dict_keys(['latest_only_with_trigger']) retrieved from /home/airflow/.local/lib/python3.7/site-packages/airflow/example_dags/example_latest_only_with_trigger.py
[2023-04-02 18:10:44,555] {logging_mixin.py:115} INFO - [2023-04-02 18:10:44,555] {dag.py:2371} INFO - Sync 1 DAGs
[2023-04-02 18:10:44,580] {logging_mixin.py:115} INFO - [2023-04-02 18:10:44,580] {dag.py:2919} INFO - Setting next_dagrun for latest_only_with_trigger to 2023-04-02T14:10:44.580402+00:00, run_after=2023-04-02T18:10:44.580402+00:00
[2023-04-02 18:10:44,592] {processor.py:161} INFO - Processing /home/airflow/.local/lib/python3.7/site-packages/airflow/example_dags/example_latest_only_with_trigger.py took 0.081 seconds
[2023-04-02 18:11:14,754] {processor.py:153} INFO - Started process (PID=1917) to work on /home/airflow/.local/lib/python3.7/site-packages/airflow/example_dags/example_latest_only_with_trigger.py
[2023-04-02 18:11:14,755] {processor.py:641} INFO - Processing file /home/airflow/.local/lib/python3.7/site-packages/airflow/example_dags/example_latest_only_with_trigger.py for tasks to queue
[2023-04-02 18:11:14,756] {logging_mixin.py:115} INFO - [2023-04-02 18:11:14,756] {dagbag.py:507} INFO - Filling up the DagBag from /home/airflow/.local/lib/python3.7/site-packages/airflow/example_dags/example_latest_only_with_trigger.py
[2023-04-02 18:11:14,764] {processor.py:651} INFO - DAG(s) dict_keys(['latest_only_with_trigger']) retrieved from /home/airflow/.local/lib/python3.7/site-packages/airflow/example_dags/example_latest_only_with_trigger.py
[2023-04-02 18:11:14,797] {logging_mixin.py:115} INFO - [2023-04-02 18:11:14,797] {dag.py:2371} INFO - Sync 1 DAGs
[2023-04-02 18:11:14,826] {logging_mixin.py:115} INFO - [2023-04-02 18:11:14,825] {dag.py:2919} INFO - Setting next_dagrun for latest_only_with_trigger to 2023-04-02T14:11:14.825638+00:00, run_after=2023-04-02T18:11:14.825638+00:00
[2023-04-02 18:11:14,840] {processor.py:161} INFO - Processing /home/airflow/.local/lib/python3.7/site-packages/airflow/example_dags/example_latest_only_with_trigger.py took 0.091 seconds
[2023-04-02 18:11:45,343] {processor.py:153} INFO - Started process (PID=1980) to work on /home/airflow/.local/lib/python3.7/site-packages/airflow/example_dags/example_latest_only_with_trigger.py
[2023-04-02 18:11:45,346] {processor.py:641} INFO - Processing file /home/airflow/.local/lib/python3.7/site-packages/airflow/example_dags/example_latest_only_with_trigger.py for tasks to queue
[2023-04-02 18:11:45,347] {logging_mixin.py:115} INFO - [2023-04-02 18:11:45,347] {dagbag.py:507} INFO - Filling up the DagBag from /home/airflow/.local/lib/python3.7/site-packages/airflow/example_dags/example_latest_only_with_trigger.py
[2023-04-02 18:11:45,356] {processor.py:651} INFO - DAG(s) dict_keys(['latest_only_with_trigger']) retrieved from /home/airflow/.local/lib/python3.7/site-packages/airflow/example_dags/example_latest_only_with_trigger.py
[2023-04-02 18:11:45,398] {logging_mixin.py:115} INFO - [2023-04-02 18:11:45,398] {dag.py:2371} INFO - Sync 1 DAGs
[2023-04-02 18:11:45,433] {logging_mixin.py:115} INFO - [2023-04-02 18:11:45,433] {dag.py:2919} INFO - Setting next_dagrun for latest_only_with_trigger to 2023-04-02T14:11:45.432948+00:00, run_after=2023-04-02T18:11:45.432948+00:00
[2023-04-02 18:11:45,449] {processor.py:161} INFO - Processing /home/airflow/.local/lib/python3.7/site-packages/airflow/example_dags/example_latest_only_with_trigger.py took 0.111 seconds
[2023-04-02 18:12:15,736] {processor.py:153} INFO - Started process (PID=2034) to work on /home/airflow/.local/lib/python3.7/site-packages/airflow/example_dags/example_latest_only_with_trigger.py
[2023-04-02 18:12:15,737] {processor.py:641} INFO - Processing file /home/airflow/.local/lib/python3.7/site-packages/airflow/example_dags/example_latest_only_with_trigger.py for tasks to queue
[2023-04-02 18:12:15,738] {logging_mixin.py:115} INFO - [2023-04-02 18:12:15,738] {dagbag.py:507} INFO - Filling up the DagBag from /home/airflow/.local/lib/python3.7/site-packages/airflow/example_dags/example_latest_only_with_trigger.py
[2023-04-02 18:12:15,746] {processor.py:651} INFO - DAG(s) dict_keys(['latest_only_with_trigger']) retrieved from /home/airflow/.local/lib/python3.7/site-packages/airflow/example_dags/example_latest_only_with_trigger.py
[2023-04-02 18:12:15,780] {logging_mixin.py:115} INFO - [2023-04-02 18:12:15,780] {dag.py:2371} INFO - Sync 1 DAGs
[2023-04-02 18:12:15,805] {logging_mixin.py:115} INFO - [2023-04-02 18:12:15,805] {dag.py:2919} INFO - Setting next_dagrun for latest_only_with_trigger to 2023-04-02T14:12:15.805152+00:00, run_after=2023-04-02T18:12:15.805152+00:00
[2023-04-02 18:12:15,817] {processor.py:161} INFO - Processing /home/airflow/.local/lib/python3.7/site-packages/airflow/example_dags/example_latest_only_with_trigger.py took 0.085 seconds
[2023-04-02 18:12:46,262] {processor.py:153} INFO - Started process (PID=2097) to work on /home/airflow/.local/lib/python3.7/site-packages/airflow/example_dags/example_latest_only_with_trigger.py
[2023-04-02 18:12:46,264] {processor.py:641} INFO - Processing file /home/airflow/.local/lib/python3.7/site-packages/airflow/example_dags/example_latest_only_with_trigger.py for tasks to queue
[2023-04-02 18:12:46,265] {logging_mixin.py:115} INFO - [2023-04-02 18:12:46,265] {dagbag.py:507} INFO - Filling up the DagBag from /home/airflow/.local/lib/python3.7/site-packages/airflow/example_dags/example_latest_only_with_trigger.py
[2023-04-02 18:12:46,272] {processor.py:651} INFO - DAG(s) dict_keys(['latest_only_with_trigger']) retrieved from /home/airflow/.local/lib/python3.7/site-packages/airflow/example_dags/example_latest_only_with_trigger.py
[2023-04-02 18:12:46,302] {logging_mixin.py:115} INFO - [2023-04-02 18:12:46,302] {dag.py:2371} INFO - Sync 1 DAGs
[2023-04-02 18:12:46,328] {logging_mixin.py:115} INFO - [2023-04-02 18:12:46,328] {dag.py:2919} INFO - Setting next_dagrun for latest_only_with_trigger to 2023-04-02T14:12:46.328392+00:00, run_after=2023-04-02T18:12:46.328392+00:00
[2023-04-02 18:12:46,340] {processor.py:161} INFO - Processing /home/airflow/.local/lib/python3.7/site-packages/airflow/example_dags/example_latest_only_with_trigger.py took 0.083 seconds
[2023-04-02 18:13:16,609] {processor.py:153} INFO - Started process (PID=2160) to work on /home/airflow/.local/lib/python3.7/site-packages/airflow/example_dags/example_latest_only_with_trigger.py
[2023-04-02 18:13:16,611] {processor.py:641} INFO - Processing file /home/airflow/.local/lib/python3.7/site-packages/airflow/example_dags/example_latest_only_with_trigger.py for tasks to queue
[2023-04-02 18:13:16,613] {logging_mixin.py:115} INFO - [2023-04-02 18:13:16,612] {dagbag.py:507} INFO - Filling up the DagBag from /home/airflow/.local/lib/python3.7/site-packages/airflow/example_dags/example_latest_only_with_trigger.py
[2023-04-02 18:13:16,621] {processor.py:651} INFO - DAG(s) dict_keys(['latest_only_with_trigger']) retrieved from /home/airflow/.local/lib/python3.7/site-packages/airflow/example_dags/example_latest_only_with_trigger.py
[2023-04-02 18:13:16,652] {logging_mixin.py:115} INFO - [2023-04-02 18:13:16,651] {dag.py:2371} INFO - Sync 1 DAGs
[2023-04-02 18:13:16,678] {logging_mixin.py:115} INFO - [2023-04-02 18:13:16,678] {dag.py:2919} INFO - Setting next_dagrun for latest_only_with_trigger to 2023-04-02T14:13:16.678347+00:00, run_after=2023-04-02T18:13:16.678347+00:00
[2023-04-02 18:13:16,691] {processor.py:161} INFO - Processing /home/airflow/.local/lib/python3.7/site-packages/airflow/example_dags/example_latest_only_with_trigger.py took 0.088 seconds
[2023-04-02 18:13:46,860] {processor.py:153} INFO - Started process (PID=2214) to work on /home/airflow/.local/lib/python3.7/site-packages/airflow/example_dags/example_latest_only_with_trigger.py
[2023-04-02 18:13:46,861] {processor.py:641} INFO - Processing file /home/airflow/.local/lib/python3.7/site-packages/airflow/example_dags/example_latest_only_with_trigger.py for tasks to queue
[2023-04-02 18:13:46,863] {logging_mixin.py:115} INFO - [2023-04-02 18:13:46,862] {dagbag.py:507} INFO - Filling up the DagBag from /home/airflow/.local/lib/python3.7/site-packages/airflow/example_dags/example_latest_only_with_trigger.py
[2023-04-02 18:13:46,870] {processor.py:651} INFO - DAG(s) dict_keys(['latest_only_with_trigger']) retrieved from /home/airflow/.local/lib/python3.7/site-packages/airflow/example_dags/example_latest_only_with_trigger.py
[2023-04-02 18:13:46,900] {logging_mixin.py:115} INFO - [2023-04-02 18:13:46,900] {dag.py:2371} INFO - Sync 1 DAGs
[2023-04-02 18:13:46,926] {logging_mixin.py:115} INFO - [2023-04-02 18:13:46,926] {dag.py:2919} INFO - Setting next_dagrun for latest_only_with_trigger to 2023-04-02T14:13:46.925733+00:00, run_after=2023-04-02T18:13:46.925733+00:00
[2023-04-02 18:13:46,938] {processor.py:161} INFO - Processing /home/airflow/.local/lib/python3.7/site-packages/airflow/example_dags/example_latest_only_with_trigger.py took 0.082 seconds
[2023-04-02 18:14:17,312] {processor.py:153} INFO - Started process (PID=2277) to work on /home/airflow/.local/lib/python3.7/site-packages/airflow/example_dags/example_latest_only_with_trigger.py
[2023-04-02 18:14:17,314] {processor.py:641} INFO - Processing file /home/airflow/.local/lib/python3.7/site-packages/airflow/example_dags/example_latest_only_with_trigger.py for tasks to queue
[2023-04-02 18:14:17,315] {logging_mixin.py:115} INFO - [2023-04-02 18:14:17,315] {dagbag.py:507} INFO - Filling up the DagBag from /home/airflow/.local/lib/python3.7/site-packages/airflow/example_dags/example_latest_only_with_trigger.py
[2023-04-02 18:14:17,322] {processor.py:651} INFO - DAG(s) dict_keys(['latest_only_with_trigger']) retrieved from /home/airflow/.local/lib/python3.7/site-packages/airflow/example_dags/example_latest_only_with_trigger.py
[2023-04-02 18:14:17,352] {logging_mixin.py:115} INFO - [2023-04-02 18:14:17,352] {dag.py:2371} INFO - Sync 1 DAGs
[2023-04-02 18:14:17,377] {logging_mixin.py:115} INFO - [2023-04-02 18:14:17,377] {dag.py:2919} INFO - Setting next_dagrun for latest_only_with_trigger to 2023-04-02T14:14:17.377053+00:00, run_after=2023-04-02T18:14:17.377053+00:00
[2023-04-02 18:14:17,389] {processor.py:161} INFO - Processing /home/airflow/.local/lib/python3.7/site-packages/airflow/example_dags/example_latest_only_with_trigger.py took 0.081 seconds
[2023-04-02 18:14:47,484] {processor.py:153} INFO - Started process (PID=2340) to work on /home/airflow/.local/lib/python3.7/site-packages/airflow/example_dags/example_latest_only_with_trigger.py
[2023-04-02 18:14:47,487] {processor.py:641} INFO - Processing file /home/airflow/.local/lib/python3.7/site-packages/airflow/example_dags/example_latest_only_with_trigger.py for tasks to queue
[2023-04-02 18:14:47,488] {logging_mixin.py:115} INFO - [2023-04-02 18:14:47,488] {dagbag.py:507} INFO - Filling up the DagBag from /home/airflow/.local/lib/python3.7/site-packages/airflow/example_dags/example_latest_only_with_trigger.py
[2023-04-02 18:14:47,497] {processor.py:651} INFO - DAG(s) dict_keys(['latest_only_with_trigger']) retrieved from /home/airflow/.local/lib/python3.7/site-packages/airflow/example_dags/example_latest_only_with_trigger.py
[2023-04-02 18:14:47,529] {logging_mixin.py:115} INFO - [2023-04-02 18:14:47,528] {dag.py:2371} INFO - Sync 1 DAGs
[2023-04-02 18:14:47,554] {logging_mixin.py:115} INFO - [2023-04-02 18:14:47,553] {dag.py:2919} INFO - Setting next_dagrun for latest_only_with_trigger to 2023-04-02T14:14:47.553637+00:00, run_after=2023-04-02T18:14:47.553637+00:00
[2023-04-02 18:14:47,566] {processor.py:161} INFO - Processing /home/airflow/.local/lib/python3.7/site-packages/airflow/example_dags/example_latest_only_with_trigger.py took 0.086 seconds
[2023-04-02 18:15:17,702] {processor.py:153} INFO - Started process (PID=2394) to work on /home/airflow/.local/lib/python3.7/site-packages/airflow/example_dags/example_latest_only_with_trigger.py
[2023-04-02 18:15:17,703] {processor.py:641} INFO - Processing file /home/airflow/.local/lib/python3.7/site-packages/airflow/example_dags/example_latest_only_with_trigger.py for tasks to queue
[2023-04-02 18:15:17,704] {logging_mixin.py:115} INFO - [2023-04-02 18:15:17,704] {dagbag.py:507} INFO - Filling up the DagBag from /home/airflow/.local/lib/python3.7/site-packages/airflow/example_dags/example_latest_only_with_trigger.py
[2023-04-02 18:15:17,711] {processor.py:651} INFO - DAG(s) dict_keys(['latest_only_with_trigger']) retrieved from /home/airflow/.local/lib/python3.7/site-packages/airflow/example_dags/example_latest_only_with_trigger.py
[2023-04-02 18:15:17,740] {logging_mixin.py:115} INFO - [2023-04-02 18:15:17,740] {dag.py:2371} INFO - Sync 1 DAGs
[2023-04-02 18:15:17,765] {logging_mixin.py:115} INFO - [2023-04-02 18:15:17,765] {dag.py:2919} INFO - Setting next_dagrun for latest_only_with_trigger to 2023-04-02T14:15:17.765414+00:00, run_after=2023-04-02T18:15:17.765414+00:00
[2023-04-02 18:15:17,777] {processor.py:161} INFO - Processing /home/airflow/.local/lib/python3.7/site-packages/airflow/example_dags/example_latest_only_with_trigger.py took 0.080 seconds
[2023-04-02 18:15:48,210] {processor.py:153} INFO - Started process (PID=2457) to work on /home/airflow/.local/lib/python3.7/site-packages/airflow/example_dags/example_latest_only_with_trigger.py
[2023-04-02 18:15:48,212] {processor.py:641} INFO - Processing file /home/airflow/.local/lib/python3.7/site-packages/airflow/example_dags/example_latest_only_with_trigger.py for tasks to queue
[2023-04-02 18:15:48,213] {logging_mixin.py:115} INFO - [2023-04-02 18:15:48,213] {dagbag.py:507} INFO - Filling up the DagBag from /home/airflow/.local/lib/python3.7/site-packages/airflow/example_dags/example_latest_only_with_trigger.py
[2023-04-02 18:15:48,220] {processor.py:651} INFO - DAG(s) dict_keys(['latest_only_with_trigger']) retrieved from /home/airflow/.local/lib/python3.7/site-packages/airflow/example_dags/example_latest_only_with_trigger.py
[2023-04-02 18:15:48,252] {logging_mixin.py:115} INFO - [2023-04-02 18:15:48,252] {dag.py:2371} INFO - Sync 1 DAGs
[2023-04-02 18:15:48,277] {logging_mixin.py:115} INFO - [2023-04-02 18:15:48,277] {dag.py:2919} INFO - Setting next_dagrun for latest_only_with_trigger to 2023-04-02T14:15:48.276794+00:00, run_after=2023-04-02T18:15:48.276794+00:00
[2023-04-02 18:15:48,290] {processor.py:161} INFO - Processing /home/airflow/.local/lib/python3.7/site-packages/airflow/example_dags/example_latest_only_with_trigger.py took 0.083 seconds
[2023-04-02 18:16:18,792] {processor.py:153} INFO - Started process (PID=2520) to work on /home/airflow/.local/lib/python3.7/site-packages/airflow/example_dags/example_latest_only_with_trigger.py
[2023-04-02 18:16:18,794] {processor.py:641} INFO - Processing file /home/airflow/.local/lib/python3.7/site-packages/airflow/example_dags/example_latest_only_with_trigger.py for tasks to queue
[2023-04-02 18:16:18,795] {logging_mixin.py:115} INFO - [2023-04-02 18:16:18,795] {dagbag.py:507} INFO - Filling up the DagBag from /home/airflow/.local/lib/python3.7/site-packages/airflow/example_dags/example_latest_only_with_trigger.py
[2023-04-02 18:16:18,802] {processor.py:651} INFO - DAG(s) dict_keys(['latest_only_with_trigger']) retrieved from /home/airflow/.local/lib/python3.7/site-packages/airflow/example_dags/example_latest_only_with_trigger.py
[2023-04-02 18:16:18,835] {logging_mixin.py:115} INFO - [2023-04-02 18:16:18,835] {dag.py:2371} INFO - Sync 1 DAGs
[2023-04-02 18:16:18,860] {logging_mixin.py:115} INFO - [2023-04-02 18:16:18,860] {dag.py:2919} INFO - Setting next_dagrun for latest_only_with_trigger to 2023-04-02T14:16:18.859808+00:00, run_after=2023-04-02T18:16:18.859808+00:00
[2023-04-02 18:16:18,874] {processor.py:161} INFO - Processing /home/airflow/.local/lib/python3.7/site-packages/airflow/example_dags/example_latest_only_with_trigger.py took 0.086 seconds
[2023-04-02 18:16:49,294] {processor.py:153} INFO - Started process (PID=2583) to work on /home/airflow/.local/lib/python3.7/site-packages/airflow/example_dags/example_latest_only_with_trigger.py
[2023-04-02 18:16:49,311] {processor.py:641} INFO - Processing file /home/airflow/.local/lib/python3.7/site-packages/airflow/example_dags/example_latest_only_with_trigger.py for tasks to queue
[2023-04-02 18:16:49,312] {logging_mixin.py:115} INFO - [2023-04-02 18:16:49,312] {dagbag.py:507} INFO - Filling up the DagBag from /home/airflow/.local/lib/python3.7/site-packages/airflow/example_dags/example_latest_only_with_trigger.py
[2023-04-02 18:16:49,320] {processor.py:651} INFO - DAG(s) dict_keys(['latest_only_with_trigger']) retrieved from /home/airflow/.local/lib/python3.7/site-packages/airflow/example_dags/example_latest_only_with_trigger.py
[2023-04-02 18:16:49,352] {logging_mixin.py:115} INFO - [2023-04-02 18:16:49,352] {dag.py:2371} INFO - Sync 1 DAGs
[2023-04-02 18:16:49,377] {logging_mixin.py:115} INFO - [2023-04-02 18:16:49,377] {dag.py:2919} INFO - Setting next_dagrun for latest_only_with_trigger to 2023-04-02T14:16:49.377315+00:00, run_after=2023-04-02T18:16:49.377315+00:00
[2023-04-02 18:16:49,391] {processor.py:161} INFO - Processing /home/airflow/.local/lib/python3.7/site-packages/airflow/example_dags/example_latest_only_with_trigger.py took 0.100 seconds
[2023-04-02 18:17:19,853] {processor.py:153} INFO - Started process (PID=2637) to work on /home/airflow/.local/lib/python3.7/site-packages/airflow/example_dags/example_latest_only_with_trigger.py
[2023-04-02 18:17:19,854] {processor.py:641} INFO - Processing file /home/airflow/.local/lib/python3.7/site-packages/airflow/example_dags/example_latest_only_with_trigger.py for tasks to queue
[2023-04-02 18:17:19,855] {logging_mixin.py:115} INFO - [2023-04-02 18:17:19,855] {dagbag.py:507} INFO - Filling up the DagBag from /home/airflow/.local/lib/python3.7/site-packages/airflow/example_dags/example_latest_only_with_trigger.py
[2023-04-02 18:17:19,862] {processor.py:651} INFO - DAG(s) dict_keys(['latest_only_with_trigger']) retrieved from /home/airflow/.local/lib/python3.7/site-packages/airflow/example_dags/example_latest_only_with_trigger.py
[2023-04-02 18:17:19,894] {logging_mixin.py:115} INFO - [2023-04-02 18:17:19,894] {dag.py:2371} INFO - Sync 1 DAGs
[2023-04-02 18:17:19,919] {logging_mixin.py:115} INFO - [2023-04-02 18:17:19,919] {dag.py:2919} INFO - Setting next_dagrun for latest_only_with_trigger to 2023-04-02T14:17:19.919149+00:00, run_after=2023-04-02T18:17:19.919149+00:00
[2023-04-02 18:17:19,932] {processor.py:161} INFO - Processing /home/airflow/.local/lib/python3.7/site-packages/airflow/example_dags/example_latest_only_with_trigger.py took 0.083 seconds
[2023-04-02 18:17:50,798] {processor.py:153} INFO - Started process (PID=2699) to work on /home/airflow/.local/lib/python3.7/site-packages/airflow/example_dags/example_latest_only_with_trigger.py
[2023-04-02 18:17:50,799] {processor.py:641} INFO - Processing file /home/airflow/.local/lib/python3.7/site-packages/airflow/example_dags/example_latest_only_with_trigger.py for tasks to queue
[2023-04-02 18:17:50,801] {logging_mixin.py:115} INFO - [2023-04-02 18:17:50,801] {dagbag.py:507} INFO - Filling up the DagBag from /home/airflow/.local/lib/python3.7/site-packages/airflow/example_dags/example_latest_only_with_trigger.py
[2023-04-02 18:17:50,808] {processor.py:651} INFO - DAG(s) dict_keys(['latest_only_with_trigger']) retrieved from /home/airflow/.local/lib/python3.7/site-packages/airflow/example_dags/example_latest_only_with_trigger.py
[2023-04-02 18:17:50,841] {logging_mixin.py:115} INFO - [2023-04-02 18:17:50,841] {dag.py:2371} INFO - Sync 1 DAGs
[2023-04-02 18:17:50,865] {logging_mixin.py:115} INFO - [2023-04-02 18:17:50,865] {dag.py:2919} INFO - Setting next_dagrun for latest_only_with_trigger to 2023-04-02T14:17:50.864861+00:00, run_after=2023-04-02T18:17:50.864861+00:00
[2023-04-02 18:17:50,877] {processor.py:161} INFO - Processing /home/airflow/.local/lib/python3.7/site-packages/airflow/example_dags/example_latest_only_with_trigger.py took 0.083 seconds
[2023-04-02 18:18:21,195] {processor.py:153} INFO - Started process (PID=2762) to work on /home/airflow/.local/lib/python3.7/site-packages/airflow/example_dags/example_latest_only_with_trigger.py
[2023-04-02 18:18:21,197] {processor.py:641} INFO - Processing file /home/airflow/.local/lib/python3.7/site-packages/airflow/example_dags/example_latest_only_with_trigger.py for tasks to queue
[2023-04-02 18:18:21,198] {logging_mixin.py:115} INFO - [2023-04-02 18:18:21,198] {dagbag.py:507} INFO - Filling up the DagBag from /home/airflow/.local/lib/python3.7/site-packages/airflow/example_dags/example_latest_only_with_trigger.py
[2023-04-02 18:18:21,205] {processor.py:651} INFO - DAG(s) dict_keys(['latest_only_with_trigger']) retrieved from /home/airflow/.local/lib/python3.7/site-packages/airflow/example_dags/example_latest_only_with_trigger.py
[2023-04-02 18:18:21,236] {logging_mixin.py:115} INFO - [2023-04-02 18:18:21,236] {dag.py:2371} INFO - Sync 1 DAGs
[2023-04-02 18:18:21,259] {logging_mixin.py:115} INFO - [2023-04-02 18:18:21,259] {dag.py:2919} INFO - Setting next_dagrun for latest_only_with_trigger to 2023-04-02T14:18:21.258873+00:00, run_after=2023-04-02T18:18:21.258873+00:00
[2023-04-02 18:18:21,271] {processor.py:161} INFO - Processing /home/airflow/.local/lib/python3.7/site-packages/airflow/example_dags/example_latest_only_with_trigger.py took 0.079 seconds
[2023-04-02 18:18:51,598] {processor.py:153} INFO - Started process (PID=2816) to work on /home/airflow/.local/lib/python3.7/site-packages/airflow/example_dags/example_latest_only_with_trigger.py
[2023-04-02 18:18:51,599] {processor.py:641} INFO - Processing file /home/airflow/.local/lib/python3.7/site-packages/airflow/example_dags/example_latest_only_with_trigger.py for tasks to queue
[2023-04-02 18:18:51,601] {logging_mixin.py:115} INFO - [2023-04-02 18:18:51,600] {dagbag.py:507} INFO - Filling up the DagBag from /home/airflow/.local/lib/python3.7/site-packages/airflow/example_dags/example_latest_only_with_trigger.py
[2023-04-02 18:18:51,609] {processor.py:651} INFO - DAG(s) dict_keys(['latest_only_with_trigger']) retrieved from /home/airflow/.local/lib/python3.7/site-packages/airflow/example_dags/example_latest_only_with_trigger.py
[2023-04-02 18:18:51,643] {logging_mixin.py:115} INFO - [2023-04-02 18:18:51,643] {dag.py:2371} INFO - Sync 1 DAGs
[2023-04-02 18:18:51,669] {logging_mixin.py:115} INFO - [2023-04-02 18:18:51,668] {dag.py:2919} INFO - Setting next_dagrun for latest_only_with_trigger to 2023-04-02T14:18:51.668608+00:00, run_after=2023-04-02T18:18:51.668608+00:00
[2023-04-02 18:18:51,681] {processor.py:161} INFO - Processing /home/airflow/.local/lib/python3.7/site-packages/airflow/example_dags/example_latest_only_with_trigger.py took 0.087 seconds
[2023-04-02 18:19:21,899] {processor.py:153} INFO - Started process (PID=2880) to work on /home/airflow/.local/lib/python3.7/site-packages/airflow/example_dags/example_latest_only_with_trigger.py
[2023-04-02 18:19:21,900] {processor.py:641} INFO - Processing file /home/airflow/.local/lib/python3.7/site-packages/airflow/example_dags/example_latest_only_with_trigger.py for tasks to queue
[2023-04-02 18:19:21,902] {logging_mixin.py:115} INFO - [2023-04-02 18:19:21,902] {dagbag.py:507} INFO - Filling up the DagBag from /home/airflow/.local/lib/python3.7/site-packages/airflow/example_dags/example_latest_only_with_trigger.py
[2023-04-02 18:19:21,910] {processor.py:651} INFO - DAG(s) dict_keys(['latest_only_with_trigger']) retrieved from /home/airflow/.local/lib/python3.7/site-packages/airflow/example_dags/example_latest_only_with_trigger.py
[2023-04-02 18:19:21,942] {logging_mixin.py:115} INFO - [2023-04-02 18:19:21,942] {dag.py:2371} INFO - Sync 1 DAGs
[2023-04-02 18:19:21,964] {logging_mixin.py:115} INFO - [2023-04-02 18:19:21,964] {dag.py:2919} INFO - Setting next_dagrun for latest_only_with_trigger to 2023-04-02T14:19:21.964400+00:00, run_after=2023-04-02T18:19:21.964400+00:00
[2023-04-02 18:19:21,976] {processor.py:161} INFO - Processing /home/airflow/.local/lib/python3.7/site-packages/airflow/example_dags/example_latest_only_with_trigger.py took 0.082 seconds
[2023-04-02 18:19:52,245] {processor.py:153} INFO - Started process (PID=2943) to work on /home/airflow/.local/lib/python3.7/site-packages/airflow/example_dags/example_latest_only_with_trigger.py
[2023-04-02 18:19:52,247] {processor.py:641} INFO - Processing file /home/airflow/.local/lib/python3.7/site-packages/airflow/example_dags/example_latest_only_with_trigger.py for tasks to queue
[2023-04-02 18:19:52,248] {logging_mixin.py:115} INFO - [2023-04-02 18:19:52,248] {dagbag.py:507} INFO - Filling up the DagBag from /home/airflow/.local/lib/python3.7/site-packages/airflow/example_dags/example_latest_only_with_trigger.py
[2023-04-02 18:19:52,255] {processor.py:651} INFO - DAG(s) dict_keys(['latest_only_with_trigger']) retrieved from /home/airflow/.local/lib/python3.7/site-packages/airflow/example_dags/example_latest_only_with_trigger.py
[2023-04-02 18:19:52,287] {logging_mixin.py:115} INFO - [2023-04-02 18:19:52,287] {dag.py:2371} INFO - Sync 1 DAGs
[2023-04-02 18:19:52,311] {logging_mixin.py:115} INFO - [2023-04-02 18:19:52,311] {dag.py:2919} INFO - Setting next_dagrun for latest_only_with_trigger to 2023-04-02T14:19:52.311554+00:00, run_after=2023-04-02T18:19:52.311554+00:00
[2023-04-02 18:19:52,324] {processor.py:161} INFO - Processing /home/airflow/.local/lib/python3.7/site-packages/airflow/example_dags/example_latest_only_with_trigger.py took 0.083 seconds
[2023-04-02 18:20:22,429] {processor.py:153} INFO - Started process (PID=3003) to work on /home/airflow/.local/lib/python3.7/site-packages/airflow/example_dags/example_latest_only_with_trigger.py
[2023-04-02 18:20:22,430] {processor.py:641} INFO - Processing file /home/airflow/.local/lib/python3.7/site-packages/airflow/example_dags/example_latest_only_with_trigger.py for tasks to queue
[2023-04-02 18:20:22,432] {logging_mixin.py:115} INFO - [2023-04-02 18:20:22,432] {dagbag.py:507} INFO - Filling up the DagBag from /home/airflow/.local/lib/python3.7/site-packages/airflow/example_dags/example_latest_only_with_trigger.py
[2023-04-02 18:20:22,440] {processor.py:651} INFO - DAG(s) dict_keys(['latest_only_with_trigger']) retrieved from /home/airflow/.local/lib/python3.7/site-packages/airflow/example_dags/example_latest_only_with_trigger.py
[2023-04-02 18:20:22,476] {logging_mixin.py:115} INFO - [2023-04-02 18:20:22,476] {dag.py:2371} INFO - Sync 1 DAGs
[2023-04-02 18:20:22,501] {logging_mixin.py:115} INFO - [2023-04-02 18:20:22,501] {dag.py:2919} INFO - Setting next_dagrun for latest_only_with_trigger to 2023-04-02T14:20:22.501444+00:00, run_after=2023-04-02T18:20:22.501444+00:00
[2023-04-02 18:20:22,515] {processor.py:161} INFO - Processing /home/airflow/.local/lib/python3.7/site-packages/airflow/example_dags/example_latest_only_with_trigger.py took 0.091 seconds
[2023-04-02 18:20:52,667] {processor.py:153} INFO - Started process (PID=3060) to work on /home/airflow/.local/lib/python3.7/site-packages/airflow/example_dags/example_latest_only_with_trigger.py
[2023-04-02 18:20:52,669] {processor.py:641} INFO - Processing file /home/airflow/.local/lib/python3.7/site-packages/airflow/example_dags/example_latest_only_with_trigger.py for tasks to queue
[2023-04-02 18:20:52,671] {logging_mixin.py:115} INFO - [2023-04-02 18:20:52,670] {dagbag.py:507} INFO - Filling up the DagBag from /home/airflow/.local/lib/python3.7/site-packages/airflow/example_dags/example_latest_only_with_trigger.py
[2023-04-02 18:20:52,679] {processor.py:651} INFO - DAG(s) dict_keys(['latest_only_with_trigger']) retrieved from /home/airflow/.local/lib/python3.7/site-packages/airflow/example_dags/example_latest_only_with_trigger.py
[2023-04-02 18:20:52,710] {logging_mixin.py:115} INFO - [2023-04-02 18:20:52,710] {dag.py:2371} INFO - Sync 1 DAGs
[2023-04-02 18:20:52,735] {logging_mixin.py:115} INFO - [2023-04-02 18:20:52,734] {dag.py:2919} INFO - Setting next_dagrun for latest_only_with_trigger to 2023-04-02T14:20:52.734674+00:00, run_after=2023-04-02T18:20:52.734674+00:00
[2023-04-02 18:20:52,747] {processor.py:161} INFO - Processing /home/airflow/.local/lib/python3.7/site-packages/airflow/example_dags/example_latest_only_with_trigger.py took 0.084 seconds
[2023-04-02 18:21:23,257] {processor.py:153} INFO - Started process (PID=3123) to work on /home/airflow/.local/lib/python3.7/site-packages/airflow/example_dags/example_latest_only_with_trigger.py
[2023-04-02 18:21:23,259] {processor.py:641} INFO - Processing file /home/airflow/.local/lib/python3.7/site-packages/airflow/example_dags/example_latest_only_with_trigger.py for tasks to queue
[2023-04-02 18:21:23,261] {logging_mixin.py:115} INFO - [2023-04-02 18:21:23,261] {dagbag.py:507} INFO - Filling up the DagBag from /home/airflow/.local/lib/python3.7/site-packages/airflow/example_dags/example_latest_only_with_trigger.py
[2023-04-02 18:21:23,270] {processor.py:651} INFO - DAG(s) dict_keys(['latest_only_with_trigger']) retrieved from /home/airflow/.local/lib/python3.7/site-packages/airflow/example_dags/example_latest_only_with_trigger.py
[2023-04-02 18:21:23,302] {logging_mixin.py:115} INFO - [2023-04-02 18:21:23,302] {dag.py:2371} INFO - Sync 1 DAGs
[2023-04-02 18:21:23,326] {logging_mixin.py:115} INFO - [2023-04-02 18:21:23,326] {dag.py:2919} INFO - Setting next_dagrun for latest_only_with_trigger to 2023-04-02T14:21:23.326102+00:00, run_after=2023-04-02T18:21:23.326102+00:00
[2023-04-02 18:21:23,338] {processor.py:161} INFO - Processing /home/airflow/.local/lib/python3.7/site-packages/airflow/example_dags/example_latest_only_with_trigger.py took 0.085 seconds
[2023-04-02 18:21:53,627] {processor.py:153} INFO - Started process (PID=3186) to work on /home/airflow/.local/lib/python3.7/site-packages/airflow/example_dags/example_latest_only_with_trigger.py
[2023-04-02 18:21:53,629] {processor.py:641} INFO - Processing file /home/airflow/.local/lib/python3.7/site-packages/airflow/example_dags/example_latest_only_with_trigger.py for tasks to queue
[2023-04-02 18:21:53,631] {logging_mixin.py:115} INFO - [2023-04-02 18:21:53,631] {dagbag.py:507} INFO - Filling up the DagBag from /home/airflow/.local/lib/python3.7/site-packages/airflow/example_dags/example_latest_only_with_trigger.py
[2023-04-02 18:21:53,639] {processor.py:651} INFO - DAG(s) dict_keys(['latest_only_with_trigger']) retrieved from /home/airflow/.local/lib/python3.7/site-packages/airflow/example_dags/example_latest_only_with_trigger.py
[2023-04-02 18:21:53,678] {logging_mixin.py:115} INFO - [2023-04-02 18:21:53,678] {dag.py:2371} INFO - Sync 1 DAGs
[2023-04-02 18:21:53,707] {logging_mixin.py:115} INFO - [2023-04-02 18:21:53,707] {dag.py:2919} INFO - Setting next_dagrun for latest_only_with_trigger to 2023-04-02T14:21:53.707454+00:00, run_after=2023-04-02T18:21:53.707454+00:00
[2023-04-02 18:21:53,720] {processor.py:161} INFO - Processing /home/airflow/.local/lib/python3.7/site-packages/airflow/example_dags/example_latest_only_with_trigger.py took 0.098 seconds
[2023-04-02 18:22:24,045] {processor.py:153} INFO - Started process (PID=3240) to work on /home/airflow/.local/lib/python3.7/site-packages/airflow/example_dags/example_latest_only_with_trigger.py
[2023-04-02 18:22:24,047] {processor.py:641} INFO - Processing file /home/airflow/.local/lib/python3.7/site-packages/airflow/example_dags/example_latest_only_with_trigger.py for tasks to queue
[2023-04-02 18:22:24,049] {logging_mixin.py:115} INFO - [2023-04-02 18:22:24,049] {dagbag.py:507} INFO - Filling up the DagBag from /home/airflow/.local/lib/python3.7/site-packages/airflow/example_dags/example_latest_only_with_trigger.py
[2023-04-02 18:22:24,071] {processor.py:651} INFO - DAG(s) dict_keys(['latest_only_with_trigger']) retrieved from /home/airflow/.local/lib/python3.7/site-packages/airflow/example_dags/example_latest_only_with_trigger.py
[2023-04-02 18:22:24,123] {logging_mixin.py:115} INFO - [2023-04-02 18:22:24,123] {dag.py:2371} INFO - Sync 1 DAGs
[2023-04-02 18:22:24,156] {logging_mixin.py:115} INFO - [2023-04-02 18:22:24,155] {dag.py:2919} INFO - Setting next_dagrun for latest_only_with_trigger to 2023-04-02T14:22:24.155638+00:00, run_after=2023-04-02T18:22:24.155638+00:00
[2023-04-02 18:22:24,171] {processor.py:161} INFO - Processing /home/airflow/.local/lib/python3.7/site-packages/airflow/example_dags/example_latest_only_with_trigger.py took 0.131 seconds
[2023-04-02 18:22:54,377] {processor.py:153} INFO - Started process (PID=3303) to work on /home/airflow/.local/lib/python3.7/site-packages/airflow/example_dags/example_latest_only_with_trigger.py
[2023-04-02 18:22:54,379] {processor.py:641} INFO - Processing file /home/airflow/.local/lib/python3.7/site-packages/airflow/example_dags/example_latest_only_with_trigger.py for tasks to queue
[2023-04-02 18:22:54,380] {logging_mixin.py:115} INFO - [2023-04-02 18:22:54,380] {dagbag.py:507} INFO - Filling up the DagBag from /home/airflow/.local/lib/python3.7/site-packages/airflow/example_dags/example_latest_only_with_trigger.py
[2023-04-02 18:22:54,387] {processor.py:651} INFO - DAG(s) dict_keys(['latest_only_with_trigger']) retrieved from /home/airflow/.local/lib/python3.7/site-packages/airflow/example_dags/example_latest_only_with_trigger.py
[2023-04-02 18:22:54,422] {logging_mixin.py:115} INFO - [2023-04-02 18:22:54,422] {dag.py:2371} INFO - Sync 1 DAGs
[2023-04-02 18:22:54,449] {logging_mixin.py:115} INFO - [2023-04-02 18:22:54,449] {dag.py:2919} INFO - Setting next_dagrun for latest_only_with_trigger to 2023-04-02T14:22:54.449124+00:00, run_after=2023-04-02T18:22:54.449124+00:00
[2023-04-02 18:22:54,466] {processor.py:161} INFO - Processing /home/airflow/.local/lib/python3.7/site-packages/airflow/example_dags/example_latest_only_with_trigger.py took 0.093 seconds
[2023-04-02 18:23:24,669] {processor.py:153} INFO - Started process (PID=3366) to work on /home/airflow/.local/lib/python3.7/site-packages/airflow/example_dags/example_latest_only_with_trigger.py
[2023-04-02 18:23:24,670] {processor.py:641} INFO - Processing file /home/airflow/.local/lib/python3.7/site-packages/airflow/example_dags/example_latest_only_with_trigger.py for tasks to queue
[2023-04-02 18:23:24,671] {logging_mixin.py:115} INFO - [2023-04-02 18:23:24,671] {dagbag.py:507} INFO - Filling up the DagBag from /home/airflow/.local/lib/python3.7/site-packages/airflow/example_dags/example_latest_only_with_trigger.py
[2023-04-02 18:23:24,678] {processor.py:651} INFO - DAG(s) dict_keys(['latest_only_with_trigger']) retrieved from /home/airflow/.local/lib/python3.7/site-packages/airflow/example_dags/example_latest_only_with_trigger.py
[2023-04-02 18:23:24,709] {logging_mixin.py:115} INFO - [2023-04-02 18:23:24,709] {dag.py:2371} INFO - Sync 1 DAGs
[2023-04-02 18:23:24,733] {logging_mixin.py:115} INFO - [2023-04-02 18:23:24,733] {dag.py:2919} INFO - Setting next_dagrun for latest_only_with_trigger to 2023-04-02T14:23:24.733025+00:00, run_after=2023-04-02T18:23:24.733025+00:00
[2023-04-02 18:23:24,746] {processor.py:161} INFO - Processing /home/airflow/.local/lib/python3.7/site-packages/airflow/example_dags/example_latest_only_with_trigger.py took 0.081 seconds
