[2023-04-02 17:55:29,359] {processor.py:153} INFO - Started process (PID=73) to work on /home/airflow/.local/lib/python3.7/site-packages/airflow/example_dags/example_skip_dag.py
[2023-04-02 17:55:29,361] {processor.py:641} INFO - Processing file /home/airflow/.local/lib/python3.7/site-packages/airflow/example_dags/example_skip_dag.py for tasks to queue
[2023-04-02 17:55:29,363] {logging_mixin.py:115} INFO - [2023-04-02 17:55:29,363] {dagbag.py:507} INFO - Filling up the DagBag from /home/airflow/.local/lib/python3.7/site-packages/airflow/example_dags/example_skip_dag.py
[2023-04-02 17:55:29,375] {processor.py:651} INFO - DAG(s) dict_keys(['example_skip_dag']) retrieved from /home/airflow/.local/lib/python3.7/site-packages/airflow/example_dags/example_skip_dag.py
[2023-04-02 17:55:29,678] {logging_mixin.py:115} INFO - [2023-04-02 17:55:29,678] {manager.py:508} INFO - Created Permission View: can edit on DAG:example_skip_dag
[2023-04-02 17:55:29,693] {logging_mixin.py:115} INFO - [2023-04-02 17:55:29,693] {manager.py:508} INFO - Created Permission View: can delete on DAG:example_skip_dag
[2023-04-02 17:55:29,706] {logging_mixin.py:115} INFO - [2023-04-02 17:55:29,706] {manager.py:508} INFO - Created Permission View: can read on DAG:example_skip_dag
[2023-04-02 17:55:29,708] {logging_mixin.py:115} INFO - [2023-04-02 17:55:29,708] {dag.py:2371} INFO - Sync 1 DAGs
[2023-04-02 17:55:29,723] {logging_mixin.py:115} INFO - [2023-04-02 17:55:29,723] {dag.py:2390} INFO - Creating ORM DAG for example_skip_dag
[2023-04-02 17:55:29,741] {logging_mixin.py:115} INFO - [2023-04-02 17:55:29,741] {dag.py:2919} INFO - Setting next_dagrun for example_skip_dag to 2023-04-01T17:55:29.740929+00:00, run_after=2023-04-02T17:55:29.740929+00:00
[2023-04-02 17:55:29,760] {processor.py:161} INFO - Processing /home/airflow/.local/lib/python3.7/site-packages/airflow/example_dags/example_skip_dag.py took 0.407 seconds
[2023-04-02 17:56:00,304] {processor.py:153} INFO - Started process (PID=134) to work on /home/airflow/.local/lib/python3.7/site-packages/airflow/example_dags/example_skip_dag.py
[2023-04-02 17:56:00,306] {processor.py:641} INFO - Processing file /home/airflow/.local/lib/python3.7/site-packages/airflow/example_dags/example_skip_dag.py for tasks to queue
[2023-04-02 17:56:00,307] {logging_mixin.py:115} INFO - [2023-04-02 17:56:00,307] {dagbag.py:507} INFO - Filling up the DagBag from /home/airflow/.local/lib/python3.7/site-packages/airflow/example_dags/example_skip_dag.py
[2023-04-02 17:56:00,315] {processor.py:651} INFO - DAG(s) dict_keys(['example_skip_dag']) retrieved from /home/airflow/.local/lib/python3.7/site-packages/airflow/example_dags/example_skip_dag.py
[2023-04-02 17:56:00,346] {logging_mixin.py:115} INFO - [2023-04-02 17:56:00,346] {dag.py:2371} INFO - Sync 1 DAGs
[2023-04-02 17:56:00,372] {logging_mixin.py:115} INFO - [2023-04-02 17:56:00,372] {dag.py:2919} INFO - Setting next_dagrun for example_skip_dag to 2023-04-01T17:56:00.372433+00:00, run_after=2023-04-02T17:56:00.372433+00:00
[2023-04-02 17:56:00,388] {processor.py:161} INFO - Processing /home/airflow/.local/lib/python3.7/site-packages/airflow/example_dags/example_skip_dag.py took 0.087 seconds
[2023-04-02 17:56:31,029] {processor.py:153} INFO - Started process (PID=195) to work on /home/airflow/.local/lib/python3.7/site-packages/airflow/example_dags/example_skip_dag.py
[2023-04-02 17:56:31,030] {processor.py:641} INFO - Processing file /home/airflow/.local/lib/python3.7/site-packages/airflow/example_dags/example_skip_dag.py for tasks to queue
[2023-04-02 17:56:31,032] {logging_mixin.py:115} INFO - [2023-04-02 17:56:31,032] {dagbag.py:507} INFO - Filling up the DagBag from /home/airflow/.local/lib/python3.7/site-packages/airflow/example_dags/example_skip_dag.py
[2023-04-02 17:56:31,039] {processor.py:651} INFO - DAG(s) dict_keys(['example_skip_dag']) retrieved from /home/airflow/.local/lib/python3.7/site-packages/airflow/example_dags/example_skip_dag.py
[2023-04-02 17:56:31,069] {logging_mixin.py:115} INFO - [2023-04-02 17:56:31,069] {dag.py:2371} INFO - Sync 1 DAGs
[2023-04-02 17:56:31,120] {logging_mixin.py:115} INFO - [2023-04-02 17:56:31,120] {dag.py:2919} INFO - Setting next_dagrun for example_skip_dag to 2023-04-01T17:56:31.120452+00:00, run_after=2023-04-02T17:56:31.120452+00:00
[2023-04-02 17:56:31,140] {processor.py:161} INFO - Processing /home/airflow/.local/lib/python3.7/site-packages/airflow/example_dags/example_skip_dag.py took 0.115 seconds
[2023-04-02 17:57:01,934] {processor.py:153} INFO - Started process (PID=247) to work on /home/airflow/.local/lib/python3.7/site-packages/airflow/example_dags/example_skip_dag.py
[2023-04-02 17:57:01,935] {processor.py:641} INFO - Processing file /home/airflow/.local/lib/python3.7/site-packages/airflow/example_dags/example_skip_dag.py for tasks to queue
[2023-04-02 17:57:01,937] {logging_mixin.py:115} INFO - [2023-04-02 17:57:01,937] {dagbag.py:507} INFO - Filling up the DagBag from /home/airflow/.local/lib/python3.7/site-packages/airflow/example_dags/example_skip_dag.py
[2023-04-02 17:57:01,944] {processor.py:651} INFO - DAG(s) dict_keys(['example_skip_dag']) retrieved from /home/airflow/.local/lib/python3.7/site-packages/airflow/example_dags/example_skip_dag.py
[2023-04-02 17:57:01,975] {logging_mixin.py:115} INFO - [2023-04-02 17:57:01,975] {dag.py:2371} INFO - Sync 1 DAGs
[2023-04-02 17:57:01,999] {logging_mixin.py:115} INFO - [2023-04-02 17:57:01,999] {dag.py:2919} INFO - Setting next_dagrun for example_skip_dag to 2023-04-01T17:57:01.999343+00:00, run_after=2023-04-02T17:57:01.999343+00:00
[2023-04-02 17:57:02,016] {processor.py:161} INFO - Processing /home/airflow/.local/lib/python3.7/site-packages/airflow/example_dags/example_skip_dag.py took 0.085 seconds
[2023-04-02 17:57:32,098] {processor.py:153} INFO - Started process (PID=307) to work on /home/airflow/.local/lib/python3.7/site-packages/airflow/example_dags/example_skip_dag.py
[2023-04-02 17:57:32,099] {processor.py:641} INFO - Processing file /home/airflow/.local/lib/python3.7/site-packages/airflow/example_dags/example_skip_dag.py for tasks to queue
[2023-04-02 17:57:32,101] {logging_mixin.py:115} INFO - [2023-04-02 17:57:32,101] {dagbag.py:507} INFO - Filling up the DagBag from /home/airflow/.local/lib/python3.7/site-packages/airflow/example_dags/example_skip_dag.py
[2023-04-02 17:57:32,120] {processor.py:651} INFO - DAG(s) dict_keys(['example_skip_dag']) retrieved from /home/airflow/.local/lib/python3.7/site-packages/airflow/example_dags/example_skip_dag.py
[2023-04-02 17:57:32,157] {logging_mixin.py:115} INFO - [2023-04-02 17:57:32,157] {dag.py:2371} INFO - Sync 1 DAGs
[2023-04-02 17:57:32,181] {logging_mixin.py:115} INFO - [2023-04-02 17:57:32,181] {dag.py:2919} INFO - Setting next_dagrun for example_skip_dag to 2023-04-01T17:57:32.181524+00:00, run_after=2023-04-02T17:57:32.181524+00:00
[2023-04-02 17:57:32,197] {processor.py:161} INFO - Processing /home/airflow/.local/lib/python3.7/site-packages/airflow/example_dags/example_skip_dag.py took 0.103 seconds
[2023-04-02 17:58:02,262] {processor.py:153} INFO - Started process (PID=368) to work on /home/airflow/.local/lib/python3.7/site-packages/airflow/example_dags/example_skip_dag.py
[2023-04-02 17:58:02,264] {processor.py:641} INFO - Processing file /home/airflow/.local/lib/python3.7/site-packages/airflow/example_dags/example_skip_dag.py for tasks to queue
[2023-04-02 17:58:02,265] {logging_mixin.py:115} INFO - [2023-04-02 17:58:02,265] {dagbag.py:507} INFO - Filling up the DagBag from /home/airflow/.local/lib/python3.7/site-packages/airflow/example_dags/example_skip_dag.py
[2023-04-02 17:58:02,272] {processor.py:651} INFO - DAG(s) dict_keys(['example_skip_dag']) retrieved from /home/airflow/.local/lib/python3.7/site-packages/airflow/example_dags/example_skip_dag.py
[2023-04-02 17:58:02,306] {logging_mixin.py:115} INFO - [2023-04-02 17:58:02,306] {dag.py:2371} INFO - Sync 1 DAGs
[2023-04-02 17:58:02,335] {logging_mixin.py:115} INFO - [2023-04-02 17:58:02,335] {dag.py:2919} INFO - Setting next_dagrun for example_skip_dag to 2023-04-01T17:58:02.334954+00:00, run_after=2023-04-02T17:58:02.334954+00:00
[2023-04-02 17:58:02,352] {processor.py:161} INFO - Processing /home/airflow/.local/lib/python3.7/site-packages/airflow/example_dags/example_skip_dag.py took 0.094 seconds
[2023-04-02 17:58:33,174] {processor.py:153} INFO - Started process (PID=420) to work on /home/airflow/.local/lib/python3.7/site-packages/airflow/example_dags/example_skip_dag.py
[2023-04-02 17:58:33,176] {processor.py:641} INFO - Processing file /home/airflow/.local/lib/python3.7/site-packages/airflow/example_dags/example_skip_dag.py for tasks to queue
[2023-04-02 17:58:33,177] {logging_mixin.py:115} INFO - [2023-04-02 17:58:33,177] {dagbag.py:507} INFO - Filling up the DagBag from /home/airflow/.local/lib/python3.7/site-packages/airflow/example_dags/example_skip_dag.py
[2023-04-02 17:58:33,184] {processor.py:651} INFO - DAG(s) dict_keys(['example_skip_dag']) retrieved from /home/airflow/.local/lib/python3.7/site-packages/airflow/example_dags/example_skip_dag.py
[2023-04-02 17:58:33,213] {logging_mixin.py:115} INFO - [2023-04-02 17:58:33,213] {dag.py:2371} INFO - Sync 1 DAGs
[2023-04-02 17:58:33,237] {logging_mixin.py:115} INFO - [2023-04-02 17:58:33,237] {dag.py:2919} INFO - Setting next_dagrun for example_skip_dag to 2023-04-01T17:58:33.237409+00:00, run_after=2023-04-02T17:58:33.237409+00:00
[2023-04-02 17:58:33,262] {processor.py:161} INFO - Processing /home/airflow/.local/lib/python3.7/site-packages/airflow/example_dags/example_skip_dag.py took 0.091 seconds
[2023-04-02 17:59:04,174] {processor.py:153} INFO - Started process (PID=482) to work on /home/airflow/.local/lib/python3.7/site-packages/airflow/example_dags/example_skip_dag.py
[2023-04-02 17:59:04,176] {processor.py:641} INFO - Processing file /home/airflow/.local/lib/python3.7/site-packages/airflow/example_dags/example_skip_dag.py for tasks to queue
[2023-04-02 17:59:04,177] {logging_mixin.py:115} INFO - [2023-04-02 17:59:04,177] {dagbag.py:507} INFO - Filling up the DagBag from /home/airflow/.local/lib/python3.7/site-packages/airflow/example_dags/example_skip_dag.py
[2023-04-02 17:59:04,184] {processor.py:651} INFO - DAG(s) dict_keys(['example_skip_dag']) retrieved from /home/airflow/.local/lib/python3.7/site-packages/airflow/example_dags/example_skip_dag.py
[2023-04-02 17:59:04,215] {logging_mixin.py:115} INFO - [2023-04-02 17:59:04,215] {dag.py:2371} INFO - Sync 1 DAGs
[2023-04-02 17:59:04,240] {logging_mixin.py:115} INFO - [2023-04-02 17:59:04,240] {dag.py:2919} INFO - Setting next_dagrun for example_skip_dag to 2023-04-01T17:59:04.240022+00:00, run_after=2023-04-02T17:59:04.240022+00:00
[2023-04-02 17:59:04,256] {processor.py:161} INFO - Processing /home/airflow/.local/lib/python3.7/site-packages/airflow/example_dags/example_skip_dag.py took 0.086 seconds
[2023-04-02 17:59:34,497] {processor.py:153} INFO - Started process (PID=543) to work on /home/airflow/.local/lib/python3.7/site-packages/airflow/example_dags/example_skip_dag.py
[2023-04-02 17:59:34,499] {processor.py:641} INFO - Processing file /home/airflow/.local/lib/python3.7/site-packages/airflow/example_dags/example_skip_dag.py for tasks to queue
[2023-04-02 17:59:34,500] {logging_mixin.py:115} INFO - [2023-04-02 17:59:34,500] {dagbag.py:507} INFO - Filling up the DagBag from /home/airflow/.local/lib/python3.7/site-packages/airflow/example_dags/example_skip_dag.py
[2023-04-02 17:59:34,507] {processor.py:651} INFO - DAG(s) dict_keys(['example_skip_dag']) retrieved from /home/airflow/.local/lib/python3.7/site-packages/airflow/example_dags/example_skip_dag.py
[2023-04-02 17:59:34,541] {logging_mixin.py:115} INFO - [2023-04-02 17:59:34,541] {dag.py:2371} INFO - Sync 1 DAGs
[2023-04-02 17:59:34,576] {logging_mixin.py:115} INFO - [2023-04-02 17:59:34,576] {dag.py:2919} INFO - Setting next_dagrun for example_skip_dag to 2023-04-01T17:59:34.576171+00:00, run_after=2023-04-02T17:59:34.576171+00:00
[2023-04-02 17:59:34,597] {processor.py:161} INFO - Processing /home/airflow/.local/lib/python3.7/site-packages/airflow/example_dags/example_skip_dag.py took 0.104 seconds
[2023-04-02 18:00:05,171] {processor.py:153} INFO - Started process (PID=604) to work on /home/airflow/.local/lib/python3.7/site-packages/airflow/example_dags/example_skip_dag.py
[2023-04-02 18:00:05,175] {processor.py:641} INFO - Processing file /home/airflow/.local/lib/python3.7/site-packages/airflow/example_dags/example_skip_dag.py for tasks to queue
[2023-04-02 18:00:05,177] {logging_mixin.py:115} INFO - [2023-04-02 18:00:05,177] {dagbag.py:507} INFO - Filling up the DagBag from /home/airflow/.local/lib/python3.7/site-packages/airflow/example_dags/example_skip_dag.py
[2023-04-02 18:00:05,185] {processor.py:651} INFO - DAG(s) dict_keys(['example_skip_dag']) retrieved from /home/airflow/.local/lib/python3.7/site-packages/airflow/example_dags/example_skip_dag.py
[2023-04-02 18:00:05,226] {logging_mixin.py:115} INFO - [2023-04-02 18:00:05,226] {dag.py:2371} INFO - Sync 1 DAGs
[2023-04-02 18:00:05,255] {logging_mixin.py:115} INFO - [2023-04-02 18:00:05,255] {dag.py:2919} INFO - Setting next_dagrun for example_skip_dag to 2023-04-01T18:00:05.255078+00:00, run_after=2023-04-02T18:00:05.255078+00:00
[2023-04-02 18:00:05,272] {processor.py:161} INFO - Processing /home/airflow/.local/lib/python3.7/site-packages/airflow/example_dags/example_skip_dag.py took 0.106 seconds
[2023-04-02 18:00:36,169] {processor.py:153} INFO - Started process (PID=658) to work on /home/airflow/.local/lib/python3.7/site-packages/airflow/example_dags/example_skip_dag.py
[2023-04-02 18:00:36,171] {processor.py:641} INFO - Processing file /home/airflow/.local/lib/python3.7/site-packages/airflow/example_dags/example_skip_dag.py for tasks to queue
[2023-04-02 18:00:36,173] {logging_mixin.py:115} INFO - [2023-04-02 18:00:36,173] {dagbag.py:507} INFO - Filling up the DagBag from /home/airflow/.local/lib/python3.7/site-packages/airflow/example_dags/example_skip_dag.py
[2023-04-02 18:00:36,183] {processor.py:651} INFO - DAG(s) dict_keys(['example_skip_dag']) retrieved from /home/airflow/.local/lib/python3.7/site-packages/airflow/example_dags/example_skip_dag.py
[2023-04-02 18:00:36,228] {logging_mixin.py:115} INFO - [2023-04-02 18:00:36,228] {dag.py:2371} INFO - Sync 1 DAGs
[2023-04-02 18:00:36,269] {logging_mixin.py:115} INFO - [2023-04-02 18:00:36,268] {dag.py:2919} INFO - Setting next_dagrun for example_skip_dag to 2023-04-01T18:00:36.268579+00:00, run_after=2023-04-02T18:00:36.268579+00:00
[2023-04-02 18:00:36,455] {processor.py:161} INFO - Processing /home/airflow/.local/lib/python3.7/site-packages/airflow/example_dags/example_skip_dag.py took 0.291 seconds
[2023-04-02 18:01:06,970] {processor.py:153} INFO - Started process (PID=721) to work on /home/airflow/.local/lib/python3.7/site-packages/airflow/example_dags/example_skip_dag.py
[2023-04-02 18:01:06,972] {processor.py:641} INFO - Processing file /home/airflow/.local/lib/python3.7/site-packages/airflow/example_dags/example_skip_dag.py for tasks to queue
[2023-04-02 18:01:06,973] {logging_mixin.py:115} INFO - [2023-04-02 18:01:06,973] {dagbag.py:507} INFO - Filling up the DagBag from /home/airflow/.local/lib/python3.7/site-packages/airflow/example_dags/example_skip_dag.py
[2023-04-02 18:01:06,982] {processor.py:651} INFO - DAG(s) dict_keys(['example_skip_dag']) retrieved from /home/airflow/.local/lib/python3.7/site-packages/airflow/example_dags/example_skip_dag.py
[2023-04-02 18:01:07,015] {logging_mixin.py:115} INFO - [2023-04-02 18:01:07,015] {dag.py:2371} INFO - Sync 1 DAGs
[2023-04-02 18:01:07,042] {logging_mixin.py:115} INFO - [2023-04-02 18:01:07,042] {dag.py:2919} INFO - Setting next_dagrun for example_skip_dag to 2023-04-01T18:01:07.041912+00:00, run_after=2023-04-02T18:01:07.041912+00:00
[2023-04-02 18:01:07,171] {processor.py:161} INFO - Processing /home/airflow/.local/lib/python3.7/site-packages/airflow/example_dags/example_skip_dag.py took 0.206 seconds
[2023-04-02 18:01:37,215] {processor.py:153} INFO - Started process (PID=789) to work on /home/airflow/.local/lib/python3.7/site-packages/airflow/example_dags/example_skip_dag.py
[2023-04-02 18:01:37,216] {processor.py:641} INFO - Processing file /home/airflow/.local/lib/python3.7/site-packages/airflow/example_dags/example_skip_dag.py for tasks to queue
[2023-04-02 18:01:37,218] {logging_mixin.py:115} INFO - [2023-04-02 18:01:37,218] {dagbag.py:507} INFO - Filling up the DagBag from /home/airflow/.local/lib/python3.7/site-packages/airflow/example_dags/example_skip_dag.py
[2023-04-02 18:01:37,225] {processor.py:651} INFO - DAG(s) dict_keys(['example_skip_dag']) retrieved from /home/airflow/.local/lib/python3.7/site-packages/airflow/example_dags/example_skip_dag.py
[2023-04-02 18:01:37,257] {logging_mixin.py:115} INFO - [2023-04-02 18:01:37,257] {dag.py:2371} INFO - Sync 1 DAGs
[2023-04-02 18:01:37,285] {logging_mixin.py:115} INFO - [2023-04-02 18:01:37,284] {dag.py:2919} INFO - Setting next_dagrun for example_skip_dag to 2023-04-01T18:01:37.284651+00:00, run_after=2023-04-02T18:01:37.284651+00:00
[2023-04-02 18:01:37,407] {processor.py:161} INFO - Processing /home/airflow/.local/lib/python3.7/site-packages/airflow/example_dags/example_skip_dag.py took 0.196 seconds
[2023-04-02 18:02:07,538] {processor.py:153} INFO - Started process (PID=843) to work on /home/airflow/.local/lib/python3.7/site-packages/airflow/example_dags/example_skip_dag.py
[2023-04-02 18:02:07,540] {processor.py:641} INFO - Processing file /home/airflow/.local/lib/python3.7/site-packages/airflow/example_dags/example_skip_dag.py for tasks to queue
[2023-04-02 18:02:07,541] {logging_mixin.py:115} INFO - [2023-04-02 18:02:07,541] {dagbag.py:507} INFO - Filling up the DagBag from /home/airflow/.local/lib/python3.7/site-packages/airflow/example_dags/example_skip_dag.py
[2023-04-02 18:02:07,548] {processor.py:651} INFO - DAG(s) dict_keys(['example_skip_dag']) retrieved from /home/airflow/.local/lib/python3.7/site-packages/airflow/example_dags/example_skip_dag.py
[2023-04-02 18:02:07,578] {logging_mixin.py:115} INFO - [2023-04-02 18:02:07,578] {dag.py:2371} INFO - Sync 1 DAGs
[2023-04-02 18:02:07,607] {logging_mixin.py:115} INFO - [2023-04-02 18:02:07,607] {dag.py:2919} INFO - Setting next_dagrun for example_skip_dag to 2023-04-01T18:02:07.607279+00:00, run_after=2023-04-02T18:02:07.607279+00:00
[2023-04-02 18:02:07,742] {processor.py:161} INFO - Processing /home/airflow/.local/lib/python3.7/site-packages/airflow/example_dags/example_skip_dag.py took 0.208 seconds
[2023-04-02 18:02:37,981] {processor.py:153} INFO - Started process (PID=906) to work on /home/airflow/.local/lib/python3.7/site-packages/airflow/example_dags/example_skip_dag.py
[2023-04-02 18:02:37,983] {processor.py:641} INFO - Processing file /home/airflow/.local/lib/python3.7/site-packages/airflow/example_dags/example_skip_dag.py for tasks to queue
[2023-04-02 18:02:37,984] {logging_mixin.py:115} INFO - [2023-04-02 18:02:37,984] {dagbag.py:507} INFO - Filling up the DagBag from /home/airflow/.local/lib/python3.7/site-packages/airflow/example_dags/example_skip_dag.py
[2023-04-02 18:02:37,990] {processor.py:651} INFO - DAG(s) dict_keys(['example_skip_dag']) retrieved from /home/airflow/.local/lib/python3.7/site-packages/airflow/example_dags/example_skip_dag.py
[2023-04-02 18:02:38,021] {logging_mixin.py:115} INFO - [2023-04-02 18:02:38,020] {dag.py:2371} INFO - Sync 1 DAGs
[2023-04-02 18:02:38,045] {logging_mixin.py:115} INFO - [2023-04-02 18:02:38,045] {dag.py:2919} INFO - Setting next_dagrun for example_skip_dag to 2023-04-01T18:02:38.045567+00:00, run_after=2023-04-02T18:02:38.045567+00:00
[2023-04-02 18:02:38,178] {processor.py:161} INFO - Processing /home/airflow/.local/lib/python3.7/site-packages/airflow/example_dags/example_skip_dag.py took 0.201 seconds
[2023-04-02 18:03:08,607] {processor.py:153} INFO - Started process (PID=968) to work on /home/airflow/.local/lib/python3.7/site-packages/airflow/example_dags/example_skip_dag.py
[2023-04-02 18:03:08,609] {processor.py:641} INFO - Processing file /home/airflow/.local/lib/python3.7/site-packages/airflow/example_dags/example_skip_dag.py for tasks to queue
[2023-04-02 18:03:08,611] {logging_mixin.py:115} INFO - [2023-04-02 18:03:08,611] {dagbag.py:507} INFO - Filling up the DagBag from /home/airflow/.local/lib/python3.7/site-packages/airflow/example_dags/example_skip_dag.py
[2023-04-02 18:03:08,620] {processor.py:651} INFO - DAG(s) dict_keys(['example_skip_dag']) retrieved from /home/airflow/.local/lib/python3.7/site-packages/airflow/example_dags/example_skip_dag.py
[2023-04-02 18:03:08,654] {logging_mixin.py:115} INFO - [2023-04-02 18:03:08,654] {dag.py:2371} INFO - Sync 1 DAGs
[2023-04-02 18:03:08,689] {logging_mixin.py:115} INFO - [2023-04-02 18:03:08,689] {dag.py:2919} INFO - Setting next_dagrun for example_skip_dag to 2023-04-01T18:03:08.689404+00:00, run_after=2023-04-02T18:03:08.689404+00:00
[2023-04-02 18:03:08,831] {processor.py:161} INFO - Processing /home/airflow/.local/lib/python3.7/site-packages/airflow/example_dags/example_skip_dag.py took 0.229 seconds
[2023-04-02 18:03:39,103] {processor.py:153} INFO - Started process (PID=1031) to work on /home/airflow/.local/lib/python3.7/site-packages/airflow/example_dags/example_skip_dag.py
[2023-04-02 18:03:39,104] {processor.py:641} INFO - Processing file /home/airflow/.local/lib/python3.7/site-packages/airflow/example_dags/example_skip_dag.py for tasks to queue
[2023-04-02 18:03:39,106] {logging_mixin.py:115} INFO - [2023-04-02 18:03:39,106] {dagbag.py:507} INFO - Filling up the DagBag from /home/airflow/.local/lib/python3.7/site-packages/airflow/example_dags/example_skip_dag.py
[2023-04-02 18:03:39,113] {processor.py:651} INFO - DAG(s) dict_keys(['example_skip_dag']) retrieved from /home/airflow/.local/lib/python3.7/site-packages/airflow/example_dags/example_skip_dag.py
[2023-04-02 18:03:39,144] {logging_mixin.py:115} INFO - [2023-04-02 18:03:39,144] {dag.py:2371} INFO - Sync 1 DAGs
[2023-04-02 18:03:39,172] {logging_mixin.py:115} INFO - [2023-04-02 18:03:39,172] {dag.py:2919} INFO - Setting next_dagrun for example_skip_dag to 2023-04-01T18:03:39.171799+00:00, run_after=2023-04-02T18:03:39.171799+00:00
[2023-04-02 18:03:39,312] {processor.py:161} INFO - Processing /home/airflow/.local/lib/python3.7/site-packages/airflow/example_dags/example_skip_dag.py took 0.213 seconds
[2023-04-02 18:04:09,557] {processor.py:153} INFO - Started process (PID=1085) to work on /home/airflow/.local/lib/python3.7/site-packages/airflow/example_dags/example_skip_dag.py
[2023-04-02 18:04:09,558] {processor.py:641} INFO - Processing file /home/airflow/.local/lib/python3.7/site-packages/airflow/example_dags/example_skip_dag.py for tasks to queue
[2023-04-02 18:04:09,560] {logging_mixin.py:115} INFO - [2023-04-02 18:04:09,560] {dagbag.py:507} INFO - Filling up the DagBag from /home/airflow/.local/lib/python3.7/site-packages/airflow/example_dags/example_skip_dag.py
[2023-04-02 18:04:09,567] {processor.py:651} INFO - DAG(s) dict_keys(['example_skip_dag']) retrieved from /home/airflow/.local/lib/python3.7/site-packages/airflow/example_dags/example_skip_dag.py
[2023-04-02 18:04:09,599] {logging_mixin.py:115} INFO - [2023-04-02 18:04:09,599] {dag.py:2371} INFO - Sync 1 DAGs
[2023-04-02 18:04:09,626] {logging_mixin.py:115} INFO - [2023-04-02 18:04:09,625] {dag.py:2919} INFO - Setting next_dagrun for example_skip_dag to 2023-04-01T18:04:09.625670+00:00, run_after=2023-04-02T18:04:09.625670+00:00
[2023-04-02 18:04:09,761] {processor.py:161} INFO - Processing /home/airflow/.local/lib/python3.7/site-packages/airflow/example_dags/example_skip_dag.py took 0.208 seconds
[2023-04-02 18:04:40,138] {processor.py:153} INFO - Started process (PID=1148) to work on /home/airflow/.local/lib/python3.7/site-packages/airflow/example_dags/example_skip_dag.py
[2023-04-02 18:04:40,140] {processor.py:641} INFO - Processing file /home/airflow/.local/lib/python3.7/site-packages/airflow/example_dags/example_skip_dag.py for tasks to queue
[2023-04-02 18:04:40,142] {logging_mixin.py:115} INFO - [2023-04-02 18:04:40,142] {dagbag.py:507} INFO - Filling up the DagBag from /home/airflow/.local/lib/python3.7/site-packages/airflow/example_dags/example_skip_dag.py
[2023-04-02 18:04:40,149] {processor.py:651} INFO - DAG(s) dict_keys(['example_skip_dag']) retrieved from /home/airflow/.local/lib/python3.7/site-packages/airflow/example_dags/example_skip_dag.py
[2023-04-02 18:04:40,182] {logging_mixin.py:115} INFO - [2023-04-02 18:04:40,182] {dag.py:2371} INFO - Sync 1 DAGs
[2023-04-02 18:04:40,216] {logging_mixin.py:115} INFO - [2023-04-02 18:04:40,216] {dag.py:2919} INFO - Setting next_dagrun for example_skip_dag to 2023-04-01T18:04:40.216458+00:00, run_after=2023-04-02T18:04:40.216458+00:00
[2023-04-02 18:04:40,370] {processor.py:161} INFO - Processing /home/airflow/.local/lib/python3.7/site-packages/airflow/example_dags/example_skip_dag.py took 0.236 seconds
[2023-04-02 18:05:10,930] {processor.py:153} INFO - Started process (PID=1212) to work on /home/airflow/.local/lib/python3.7/site-packages/airflow/example_dags/example_skip_dag.py
[2023-04-02 18:05:10,932] {processor.py:641} INFO - Processing file /home/airflow/.local/lib/python3.7/site-packages/airflow/example_dags/example_skip_dag.py for tasks to queue
[2023-04-02 18:05:10,934] {logging_mixin.py:115} INFO - [2023-04-02 18:05:10,934] {dagbag.py:507} INFO - Filling up the DagBag from /home/airflow/.local/lib/python3.7/site-packages/airflow/example_dags/example_skip_dag.py
[2023-04-02 18:05:10,943] {processor.py:651} INFO - DAG(s) dict_keys(['example_skip_dag']) retrieved from /home/airflow/.local/lib/python3.7/site-packages/airflow/example_dags/example_skip_dag.py
[2023-04-02 18:05:10,986] {logging_mixin.py:115} INFO - [2023-04-02 18:05:10,986] {dag.py:2371} INFO - Sync 1 DAGs
[2023-04-02 18:05:11,023] {logging_mixin.py:115} INFO - [2023-04-02 18:05:11,023] {dag.py:2919} INFO - Setting next_dagrun for example_skip_dag to 2023-04-01T18:05:11.023183+00:00, run_after=2023-04-02T18:05:11.023183+00:00
[2023-04-02 18:05:11,184] {processor.py:161} INFO - Processing /home/airflow/.local/lib/python3.7/site-packages/airflow/example_dags/example_skip_dag.py took 0.259 seconds
[2023-04-02 18:05:41,383] {processor.py:153} INFO - Started process (PID=1267) to work on /home/airflow/.local/lib/python3.7/site-packages/airflow/example_dags/example_skip_dag.py
[2023-04-02 18:05:41,384] {processor.py:641} INFO - Processing file /home/airflow/.local/lib/python3.7/site-packages/airflow/example_dags/example_skip_dag.py for tasks to queue
[2023-04-02 18:05:41,386] {logging_mixin.py:115} INFO - [2023-04-02 18:05:41,386] {dagbag.py:507} INFO - Filling up the DagBag from /home/airflow/.local/lib/python3.7/site-packages/airflow/example_dags/example_skip_dag.py
[2023-04-02 18:05:41,393] {processor.py:651} INFO - DAG(s) dict_keys(['example_skip_dag']) retrieved from /home/airflow/.local/lib/python3.7/site-packages/airflow/example_dags/example_skip_dag.py
[2023-04-02 18:05:41,424] {logging_mixin.py:115} INFO - [2023-04-02 18:05:41,424] {dag.py:2371} INFO - Sync 1 DAGs
[2023-04-02 18:05:41,569] {logging_mixin.py:115} INFO - [2023-04-02 18:05:41,569] {dag.py:2919} INFO - Setting next_dagrun for example_skip_dag to 2023-04-01T18:05:41.569320+00:00, run_after=2023-04-02T18:05:41.569320+00:00
[2023-04-02 18:05:41,583] {processor.py:161} INFO - Processing /home/airflow/.local/lib/python3.7/site-packages/airflow/example_dags/example_skip_dag.py took 0.205 seconds
[2023-04-02 18:06:12,112] {processor.py:153} INFO - Started process (PID=1331) to work on /home/airflow/.local/lib/python3.7/site-packages/airflow/example_dags/example_skip_dag.py
[2023-04-02 18:06:12,113] {processor.py:641} INFO - Processing file /home/airflow/.local/lib/python3.7/site-packages/airflow/example_dags/example_skip_dag.py for tasks to queue
[2023-04-02 18:06:12,114] {logging_mixin.py:115} INFO - [2023-04-02 18:06:12,114] {dagbag.py:507} INFO - Filling up the DagBag from /home/airflow/.local/lib/python3.7/site-packages/airflow/example_dags/example_skip_dag.py
[2023-04-02 18:06:12,121] {processor.py:651} INFO - DAG(s) dict_keys(['example_skip_dag']) retrieved from /home/airflow/.local/lib/python3.7/site-packages/airflow/example_dags/example_skip_dag.py
[2023-04-02 18:06:12,152] {logging_mixin.py:115} INFO - [2023-04-02 18:06:12,152] {dag.py:2371} INFO - Sync 1 DAGs
[2023-04-02 18:06:12,301] {logging_mixin.py:115} INFO - [2023-04-02 18:06:12,301] {dag.py:2919} INFO - Setting next_dagrun for example_skip_dag to 2023-04-01T18:06:12.300844+00:00, run_after=2023-04-02T18:06:12.300844+00:00
[2023-04-02 18:06:12,317] {processor.py:161} INFO - Processing /home/airflow/.local/lib/python3.7/site-packages/airflow/example_dags/example_skip_dag.py took 0.209 seconds
[2023-04-02 18:06:43,051] {processor.py:153} INFO - Started process (PID=1394) to work on /home/airflow/.local/lib/python3.7/site-packages/airflow/example_dags/example_skip_dag.py
[2023-04-02 18:06:43,052] {processor.py:641} INFO - Processing file /home/airflow/.local/lib/python3.7/site-packages/airflow/example_dags/example_skip_dag.py for tasks to queue
[2023-04-02 18:06:43,053] {logging_mixin.py:115} INFO - [2023-04-02 18:06:43,053] {dagbag.py:507} INFO - Filling up the DagBag from /home/airflow/.local/lib/python3.7/site-packages/airflow/example_dags/example_skip_dag.py
[2023-04-02 18:06:43,060] {processor.py:651} INFO - DAG(s) dict_keys(['example_skip_dag']) retrieved from /home/airflow/.local/lib/python3.7/site-packages/airflow/example_dags/example_skip_dag.py
[2023-04-02 18:06:43,090] {logging_mixin.py:115} INFO - [2023-04-02 18:06:43,090] {dag.py:2371} INFO - Sync 1 DAGs
[2023-04-02 18:06:43,240] {logging_mixin.py:115} INFO - [2023-04-02 18:06:43,240] {dag.py:2919} INFO - Setting next_dagrun for example_skip_dag to 2023-04-01T18:06:43.239943+00:00, run_after=2023-04-02T18:06:43.239943+00:00
[2023-04-02 18:06:43,255] {processor.py:161} INFO - Processing /home/airflow/.local/lib/python3.7/site-packages/airflow/example_dags/example_skip_dag.py took 0.208 seconds
[2023-04-02 18:07:13,862] {processor.py:153} INFO - Started process (PID=1448) to work on /home/airflow/.local/lib/python3.7/site-packages/airflow/example_dags/example_skip_dag.py
[2023-04-02 18:07:13,864] {processor.py:641} INFO - Processing file /home/airflow/.local/lib/python3.7/site-packages/airflow/example_dags/example_skip_dag.py for tasks to queue
[2023-04-02 18:07:13,865] {logging_mixin.py:115} INFO - [2023-04-02 18:07:13,865] {dagbag.py:507} INFO - Filling up the DagBag from /home/airflow/.local/lib/python3.7/site-packages/airflow/example_dags/example_skip_dag.py
[2023-04-02 18:07:13,872] {processor.py:651} INFO - DAG(s) dict_keys(['example_skip_dag']) retrieved from /home/airflow/.local/lib/python3.7/site-packages/airflow/example_dags/example_skip_dag.py
[2023-04-02 18:07:13,903] {logging_mixin.py:115} INFO - [2023-04-02 18:07:13,902] {dag.py:2371} INFO - Sync 1 DAGs
[2023-04-02 18:07:14,059] {logging_mixin.py:115} INFO - [2023-04-02 18:07:14,059] {dag.py:2919} INFO - Setting next_dagrun for example_skip_dag to 2023-04-01T18:07:14.059226+00:00, run_after=2023-04-02T18:07:14.059226+00:00
[2023-04-02 18:07:14,074] {processor.py:161} INFO - Processing /home/airflow/.local/lib/python3.7/site-packages/airflow/example_dags/example_skip_dag.py took 0.216 seconds
[2023-04-02 18:07:44,702] {processor.py:153} INFO - Started process (PID=1512) to work on /home/airflow/.local/lib/python3.7/site-packages/airflow/example_dags/example_skip_dag.py
[2023-04-02 18:07:44,703] {processor.py:641} INFO - Processing file /home/airflow/.local/lib/python3.7/site-packages/airflow/example_dags/example_skip_dag.py for tasks to queue
[2023-04-02 18:07:44,704] {logging_mixin.py:115} INFO - [2023-04-02 18:07:44,704] {dagbag.py:507} INFO - Filling up the DagBag from /home/airflow/.local/lib/python3.7/site-packages/airflow/example_dags/example_skip_dag.py
[2023-04-02 18:07:44,711] {processor.py:651} INFO - DAG(s) dict_keys(['example_skip_dag']) retrieved from /home/airflow/.local/lib/python3.7/site-packages/airflow/example_dags/example_skip_dag.py
[2023-04-02 18:07:44,740] {logging_mixin.py:115} INFO - [2023-04-02 18:07:44,740] {dag.py:2371} INFO - Sync 1 DAGs
[2023-04-02 18:07:44,876] {logging_mixin.py:115} INFO - [2023-04-02 18:07:44,876] {dag.py:2919} INFO - Setting next_dagrun for example_skip_dag to 2023-04-01T18:07:44.876138+00:00, run_after=2023-04-02T18:07:44.876138+00:00
[2023-04-02 18:07:44,890] {processor.py:161} INFO - Processing /home/airflow/.local/lib/python3.7/site-packages/airflow/example_dags/example_skip_dag.py took 0.192 seconds
[2023-04-02 18:08:15,359] {processor.py:153} INFO - Started process (PID=1575) to work on /home/airflow/.local/lib/python3.7/site-packages/airflow/example_dags/example_skip_dag.py
[2023-04-02 18:08:15,361] {processor.py:641} INFO - Processing file /home/airflow/.local/lib/python3.7/site-packages/airflow/example_dags/example_skip_dag.py for tasks to queue
[2023-04-02 18:08:15,362] {logging_mixin.py:115} INFO - [2023-04-02 18:08:15,362] {dagbag.py:507} INFO - Filling up the DagBag from /home/airflow/.local/lib/python3.7/site-packages/airflow/example_dags/example_skip_dag.py
[2023-04-02 18:08:15,371] {processor.py:651} INFO - DAG(s) dict_keys(['example_skip_dag']) retrieved from /home/airflow/.local/lib/python3.7/site-packages/airflow/example_dags/example_skip_dag.py
[2023-04-02 18:08:15,402] {logging_mixin.py:115} INFO - [2023-04-02 18:08:15,402] {dag.py:2371} INFO - Sync 1 DAGs
[2023-04-02 18:08:15,541] {logging_mixin.py:115} INFO - [2023-04-02 18:08:15,541] {dag.py:2919} INFO - Setting next_dagrun for example_skip_dag to 2023-04-01T18:08:15.540942+00:00, run_after=2023-04-02T18:08:15.540942+00:00
[2023-04-02 18:08:15,556] {processor.py:161} INFO - Processing /home/airflow/.local/lib/python3.7/site-packages/airflow/example_dags/example_skip_dag.py took 0.202 seconds
[2023-04-02 18:08:45,872] {processor.py:153} INFO - Started process (PID=1638) to work on /home/airflow/.local/lib/python3.7/site-packages/airflow/example_dags/example_skip_dag.py
[2023-04-02 18:08:45,875] {processor.py:641} INFO - Processing file /home/airflow/.local/lib/python3.7/site-packages/airflow/example_dags/example_skip_dag.py for tasks to queue
[2023-04-02 18:08:45,877] {logging_mixin.py:115} INFO - [2023-04-02 18:08:45,877] {dagbag.py:507} INFO - Filling up the DagBag from /home/airflow/.local/lib/python3.7/site-packages/airflow/example_dags/example_skip_dag.py
[2023-04-02 18:08:45,885] {processor.py:651} INFO - DAG(s) dict_keys(['example_skip_dag']) retrieved from /home/airflow/.local/lib/python3.7/site-packages/airflow/example_dags/example_skip_dag.py
[2023-04-02 18:08:45,920] {logging_mixin.py:115} INFO - [2023-04-02 18:08:45,920] {dag.py:2371} INFO - Sync 1 DAGs
[2023-04-02 18:08:46,071] {logging_mixin.py:115} INFO - [2023-04-02 18:08:46,071] {dag.py:2919} INFO - Setting next_dagrun for example_skip_dag to 2023-04-01T18:08:46.071180+00:00, run_after=2023-04-02T18:08:46.071180+00:00
[2023-04-02 18:08:46,088] {processor.py:161} INFO - Processing /home/airflow/.local/lib/python3.7/site-packages/airflow/example_dags/example_skip_dag.py took 0.221 seconds
[2023-04-02 18:09:16,632] {processor.py:153} INFO - Started process (PID=1692) to work on /home/airflow/.local/lib/python3.7/site-packages/airflow/example_dags/example_skip_dag.py
[2023-04-02 18:09:16,634] {processor.py:641} INFO - Processing file /home/airflow/.local/lib/python3.7/site-packages/airflow/example_dags/example_skip_dag.py for tasks to queue
[2023-04-02 18:09:16,635] {logging_mixin.py:115} INFO - [2023-04-02 18:09:16,635] {dagbag.py:507} INFO - Filling up the DagBag from /home/airflow/.local/lib/python3.7/site-packages/airflow/example_dags/example_skip_dag.py
[2023-04-02 18:09:16,642] {processor.py:651} INFO - DAG(s) dict_keys(['example_skip_dag']) retrieved from /home/airflow/.local/lib/python3.7/site-packages/airflow/example_dags/example_skip_dag.py
[2023-04-02 18:09:16,673] {logging_mixin.py:115} INFO - [2023-04-02 18:09:16,673] {dag.py:2371} INFO - Sync 1 DAGs
[2023-04-02 18:09:16,828] {logging_mixin.py:115} INFO - [2023-04-02 18:09:16,828] {dag.py:2919} INFO - Setting next_dagrun for example_skip_dag to 2023-04-01T18:09:16.828060+00:00, run_after=2023-04-02T18:09:16.828060+00:00
[2023-04-02 18:09:16,843] {processor.py:161} INFO - Processing /home/airflow/.local/lib/python3.7/site-packages/airflow/example_dags/example_skip_dag.py took 0.216 seconds
[2023-04-02 18:09:46,918] {processor.py:153} INFO - Started process (PID=1755) to work on /home/airflow/.local/lib/python3.7/site-packages/airflow/example_dags/example_skip_dag.py
[2023-04-02 18:09:46,919] {processor.py:641} INFO - Processing file /home/airflow/.local/lib/python3.7/site-packages/airflow/example_dags/example_skip_dag.py for tasks to queue
[2023-04-02 18:09:46,921] {logging_mixin.py:115} INFO - [2023-04-02 18:09:46,921] {dagbag.py:507} INFO - Filling up the DagBag from /home/airflow/.local/lib/python3.7/site-packages/airflow/example_dags/example_skip_dag.py
[2023-04-02 18:09:46,928] {processor.py:651} INFO - DAG(s) dict_keys(['example_skip_dag']) retrieved from /home/airflow/.local/lib/python3.7/site-packages/airflow/example_dags/example_skip_dag.py
[2023-04-02 18:09:46,959] {logging_mixin.py:115} INFO - [2023-04-02 18:09:46,959] {dag.py:2371} INFO - Sync 1 DAGs
[2023-04-02 18:09:47,111] {logging_mixin.py:115} INFO - [2023-04-02 18:09:47,111] {dag.py:2919} INFO - Setting next_dagrun for example_skip_dag to 2023-04-01T18:09:47.110652+00:00, run_after=2023-04-02T18:09:47.110652+00:00
[2023-04-02 18:09:47,126] {processor.py:161} INFO - Processing /home/airflow/.local/lib/python3.7/site-packages/airflow/example_dags/example_skip_dag.py took 0.212 seconds
[2023-04-02 18:10:17,839] {processor.py:153} INFO - Started process (PID=1818) to work on /home/airflow/.local/lib/python3.7/site-packages/airflow/example_dags/example_skip_dag.py
[2023-04-02 18:10:17,841] {processor.py:641} INFO - Processing file /home/airflow/.local/lib/python3.7/site-packages/airflow/example_dags/example_skip_dag.py for tasks to queue
[2023-04-02 18:10:17,842] {logging_mixin.py:115} INFO - [2023-04-02 18:10:17,842] {dagbag.py:507} INFO - Filling up the DagBag from /home/airflow/.local/lib/python3.7/site-packages/airflow/example_dags/example_skip_dag.py
[2023-04-02 18:10:17,850] {processor.py:651} INFO - DAG(s) dict_keys(['example_skip_dag']) retrieved from /home/airflow/.local/lib/python3.7/site-packages/airflow/example_dags/example_skip_dag.py
[2023-04-02 18:10:17,883] {logging_mixin.py:115} INFO - [2023-04-02 18:10:17,883] {dag.py:2371} INFO - Sync 1 DAGs
[2023-04-02 18:10:18,040] {logging_mixin.py:115} INFO - [2023-04-02 18:10:18,040] {dag.py:2919} INFO - Setting next_dagrun for example_skip_dag to 2023-04-01T18:10:18.040267+00:00, run_after=2023-04-02T18:10:18.040267+00:00
[2023-04-02 18:10:18,054] {processor.py:161} INFO - Processing /home/airflow/.local/lib/python3.7/site-packages/airflow/example_dags/example_skip_dag.py took 0.220 seconds
[2023-04-02 18:10:48,504] {processor.py:153} INFO - Started process (PID=1881) to work on /home/airflow/.local/lib/python3.7/site-packages/airflow/example_dags/example_skip_dag.py
[2023-04-02 18:10:48,506] {processor.py:641} INFO - Processing file /home/airflow/.local/lib/python3.7/site-packages/airflow/example_dags/example_skip_dag.py for tasks to queue
[2023-04-02 18:10:48,507] {logging_mixin.py:115} INFO - [2023-04-02 18:10:48,507] {dagbag.py:507} INFO - Filling up the DagBag from /home/airflow/.local/lib/python3.7/site-packages/airflow/example_dags/example_skip_dag.py
[2023-04-02 18:10:48,513] {processor.py:651} INFO - DAG(s) dict_keys(['example_skip_dag']) retrieved from /home/airflow/.local/lib/python3.7/site-packages/airflow/example_dags/example_skip_dag.py
[2023-04-02 18:10:48,543] {logging_mixin.py:115} INFO - [2023-04-02 18:10:48,543] {dag.py:2371} INFO - Sync 1 DAGs
[2023-04-02 18:10:48,568] {logging_mixin.py:115} INFO - [2023-04-02 18:10:48,568] {dag.py:2919} INFO - Setting next_dagrun for example_skip_dag to 2023-04-01T18:10:48.568456+00:00, run_after=2023-04-02T18:10:48.568456+00:00
[2023-04-02 18:10:48,581] {processor.py:161} INFO - Processing /home/airflow/.local/lib/python3.7/site-packages/airflow/example_dags/example_skip_dag.py took 0.080 seconds
[2023-04-02 18:11:18,934] {processor.py:153} INFO - Started process (PID=1935) to work on /home/airflow/.local/lib/python3.7/site-packages/airflow/example_dags/example_skip_dag.py
[2023-04-02 18:11:18,935] {processor.py:641} INFO - Processing file /home/airflow/.local/lib/python3.7/site-packages/airflow/example_dags/example_skip_dag.py for tasks to queue
[2023-04-02 18:11:18,936] {logging_mixin.py:115} INFO - [2023-04-02 18:11:18,936] {dagbag.py:507} INFO - Filling up the DagBag from /home/airflow/.local/lib/python3.7/site-packages/airflow/example_dags/example_skip_dag.py
[2023-04-02 18:11:18,944] {processor.py:651} INFO - DAG(s) dict_keys(['example_skip_dag']) retrieved from /home/airflow/.local/lib/python3.7/site-packages/airflow/example_dags/example_skip_dag.py
[2023-04-02 18:11:18,975] {logging_mixin.py:115} INFO - [2023-04-02 18:11:18,975] {dag.py:2371} INFO - Sync 1 DAGs
[2023-04-02 18:11:19,001] {logging_mixin.py:115} INFO - [2023-04-02 18:11:19,001] {dag.py:2919} INFO - Setting next_dagrun for example_skip_dag to 2023-04-01T18:11:19.001468+00:00, run_after=2023-04-02T18:11:19.001468+00:00
[2023-04-02 18:11:19,015] {processor.py:161} INFO - Processing /home/airflow/.local/lib/python3.7/site-packages/airflow/example_dags/example_skip_dag.py took 0.085 seconds
[2023-04-02 18:11:49,478] {processor.py:153} INFO - Started process (PID=1998) to work on /home/airflow/.local/lib/python3.7/site-packages/airflow/example_dags/example_skip_dag.py
[2023-04-02 18:11:49,480] {processor.py:641} INFO - Processing file /home/airflow/.local/lib/python3.7/site-packages/airflow/example_dags/example_skip_dag.py for tasks to queue
[2023-04-02 18:11:49,481] {logging_mixin.py:115} INFO - [2023-04-02 18:11:49,481] {dagbag.py:507} INFO - Filling up the DagBag from /home/airflow/.local/lib/python3.7/site-packages/airflow/example_dags/example_skip_dag.py
[2023-04-02 18:11:49,488] {processor.py:651} INFO - DAG(s) dict_keys(['example_skip_dag']) retrieved from /home/airflow/.local/lib/python3.7/site-packages/airflow/example_dags/example_skip_dag.py
[2023-04-02 18:11:49,518] {logging_mixin.py:115} INFO - [2023-04-02 18:11:49,518] {dag.py:2371} INFO - Sync 1 DAGs
[2023-04-02 18:11:49,544] {logging_mixin.py:115} INFO - [2023-04-02 18:11:49,544] {dag.py:2919} INFO - Setting next_dagrun for example_skip_dag to 2023-04-01T18:11:49.544499+00:00, run_after=2023-04-02T18:11:49.544499+00:00
[2023-04-02 18:11:49,556] {processor.py:161} INFO - Processing /home/airflow/.local/lib/python3.7/site-packages/airflow/example_dags/example_skip_dag.py took 0.082 seconds
[2023-04-02 18:12:19,813] {processor.py:153} INFO - Started process (PID=2061) to work on /home/airflow/.local/lib/python3.7/site-packages/airflow/example_dags/example_skip_dag.py
[2023-04-02 18:12:19,815] {processor.py:641} INFO - Processing file /home/airflow/.local/lib/python3.7/site-packages/airflow/example_dags/example_skip_dag.py for tasks to queue
[2023-04-02 18:12:19,816] {logging_mixin.py:115} INFO - [2023-04-02 18:12:19,816] {dagbag.py:507} INFO - Filling up the DagBag from /home/airflow/.local/lib/python3.7/site-packages/airflow/example_dags/example_skip_dag.py
[2023-04-02 18:12:19,823] {processor.py:651} INFO - DAG(s) dict_keys(['example_skip_dag']) retrieved from /home/airflow/.local/lib/python3.7/site-packages/airflow/example_dags/example_skip_dag.py
[2023-04-02 18:12:19,860] {logging_mixin.py:115} INFO - [2023-04-02 18:12:19,860] {dag.py:2371} INFO - Sync 1 DAGs
[2023-04-02 18:12:19,887] {logging_mixin.py:115} INFO - [2023-04-02 18:12:19,887] {dag.py:2919} INFO - Setting next_dagrun for example_skip_dag to 2023-04-01T18:12:19.887205+00:00, run_after=2023-04-02T18:12:19.887205+00:00
[2023-04-02 18:12:19,902] {processor.py:161} INFO - Processing /home/airflow/.local/lib/python3.7/site-packages/airflow/example_dags/example_skip_dag.py took 0.093 seconds
[2023-04-02 18:12:50,330] {processor.py:153} INFO - Started process (PID=2115) to work on /home/airflow/.local/lib/python3.7/site-packages/airflow/example_dags/example_skip_dag.py
[2023-04-02 18:12:50,332] {processor.py:641} INFO - Processing file /home/airflow/.local/lib/python3.7/site-packages/airflow/example_dags/example_skip_dag.py for tasks to queue
[2023-04-02 18:12:50,333] {logging_mixin.py:115} INFO - [2023-04-02 18:12:50,333] {dagbag.py:507} INFO - Filling up the DagBag from /home/airflow/.local/lib/python3.7/site-packages/airflow/example_dags/example_skip_dag.py
[2023-04-02 18:12:50,340] {processor.py:651} INFO - DAG(s) dict_keys(['example_skip_dag']) retrieved from /home/airflow/.local/lib/python3.7/site-packages/airflow/example_dags/example_skip_dag.py
[2023-04-02 18:12:50,372] {logging_mixin.py:115} INFO - [2023-04-02 18:12:50,372] {dag.py:2371} INFO - Sync 1 DAGs
[2023-04-02 18:12:50,400] {logging_mixin.py:115} INFO - [2023-04-02 18:12:50,399] {dag.py:2919} INFO - Setting next_dagrun for example_skip_dag to 2023-04-01T18:12:50.399597+00:00, run_after=2023-04-02T18:12:50.399597+00:00
[2023-04-02 18:12:50,412] {processor.py:161} INFO - Processing /home/airflow/.local/lib/python3.7/site-packages/airflow/example_dags/example_skip_dag.py took 0.086 seconds
[2023-04-02 18:13:20,580] {processor.py:153} INFO - Started process (PID=2178) to work on /home/airflow/.local/lib/python3.7/site-packages/airflow/example_dags/example_skip_dag.py
[2023-04-02 18:13:20,581] {processor.py:641} INFO - Processing file /home/airflow/.local/lib/python3.7/site-packages/airflow/example_dags/example_skip_dag.py for tasks to queue
[2023-04-02 18:13:20,582] {logging_mixin.py:115} INFO - [2023-04-02 18:13:20,582] {dagbag.py:507} INFO - Filling up the DagBag from /home/airflow/.local/lib/python3.7/site-packages/airflow/example_dags/example_skip_dag.py
[2023-04-02 18:13:20,589] {processor.py:651} INFO - DAG(s) dict_keys(['example_skip_dag']) retrieved from /home/airflow/.local/lib/python3.7/site-packages/airflow/example_dags/example_skip_dag.py
[2023-04-02 18:13:20,620] {logging_mixin.py:115} INFO - [2023-04-02 18:13:20,620] {dag.py:2371} INFO - Sync 1 DAGs
[2023-04-02 18:13:20,646] {logging_mixin.py:115} INFO - [2023-04-02 18:13:20,646] {dag.py:2919} INFO - Setting next_dagrun for example_skip_dag to 2023-04-01T18:13:20.646354+00:00, run_after=2023-04-02T18:13:20.646354+00:00
[2023-04-02 18:13:20,658] {processor.py:161} INFO - Processing /home/airflow/.local/lib/python3.7/site-packages/airflow/example_dags/example_skip_dag.py took 0.082 seconds
[2023-04-02 18:13:50,985] {processor.py:153} INFO - Started process (PID=2241) to work on /home/airflow/.local/lib/python3.7/site-packages/airflow/example_dags/example_skip_dag.py
[2023-04-02 18:13:50,986] {processor.py:641} INFO - Processing file /home/airflow/.local/lib/python3.7/site-packages/airflow/example_dags/example_skip_dag.py for tasks to queue
[2023-04-02 18:13:50,987] {logging_mixin.py:115} INFO - [2023-04-02 18:13:50,987] {dagbag.py:507} INFO - Filling up the DagBag from /home/airflow/.local/lib/python3.7/site-packages/airflow/example_dags/example_skip_dag.py
[2023-04-02 18:13:50,994] {processor.py:651} INFO - DAG(s) dict_keys(['example_skip_dag']) retrieved from /home/airflow/.local/lib/python3.7/site-packages/airflow/example_dags/example_skip_dag.py
[2023-04-02 18:13:51,023] {logging_mixin.py:115} INFO - [2023-04-02 18:13:51,023] {dag.py:2371} INFO - Sync 1 DAGs
[2023-04-02 18:13:51,048] {logging_mixin.py:115} INFO - [2023-04-02 18:13:51,048] {dag.py:2919} INFO - Setting next_dagrun for example_skip_dag to 2023-04-01T18:13:51.047940+00:00, run_after=2023-04-02T18:13:51.047940+00:00
[2023-04-02 18:13:51,060] {processor.py:161} INFO - Processing /home/airflow/.local/lib/python3.7/site-packages/airflow/example_dags/example_skip_dag.py took 0.079 seconds
[2023-04-02 18:14:21,256] {processor.py:153} INFO - Started process (PID=2295) to work on /home/airflow/.local/lib/python3.7/site-packages/airflow/example_dags/example_skip_dag.py
[2023-04-02 18:14:21,257] {processor.py:641} INFO - Processing file /home/airflow/.local/lib/python3.7/site-packages/airflow/example_dags/example_skip_dag.py for tasks to queue
[2023-04-02 18:14:21,259] {logging_mixin.py:115} INFO - [2023-04-02 18:14:21,259] {dagbag.py:507} INFO - Filling up the DagBag from /home/airflow/.local/lib/python3.7/site-packages/airflow/example_dags/example_skip_dag.py
[2023-04-02 18:14:21,265] {processor.py:651} INFO - DAG(s) dict_keys(['example_skip_dag']) retrieved from /home/airflow/.local/lib/python3.7/site-packages/airflow/example_dags/example_skip_dag.py
[2023-04-02 18:14:21,297] {logging_mixin.py:115} INFO - [2023-04-02 18:14:21,296] {dag.py:2371} INFO - Sync 1 DAGs
[2023-04-02 18:14:21,322] {logging_mixin.py:115} INFO - [2023-04-02 18:14:21,322] {dag.py:2919} INFO - Setting next_dagrun for example_skip_dag to 2023-04-01T18:14:21.322152+00:00, run_after=2023-04-02T18:14:21.322152+00:00
[2023-04-02 18:14:21,335] {processor.py:161} INFO - Processing /home/airflow/.local/lib/python3.7/site-packages/airflow/example_dags/example_skip_dag.py took 0.083 seconds
[2023-04-02 18:14:51,426] {processor.py:153} INFO - Started process (PID=2358) to work on /home/airflow/.local/lib/python3.7/site-packages/airflow/example_dags/example_skip_dag.py
[2023-04-02 18:14:51,428] {processor.py:641} INFO - Processing file /home/airflow/.local/lib/python3.7/site-packages/airflow/example_dags/example_skip_dag.py for tasks to queue
[2023-04-02 18:14:51,429] {logging_mixin.py:115} INFO - [2023-04-02 18:14:51,429] {dagbag.py:507} INFO - Filling up the DagBag from /home/airflow/.local/lib/python3.7/site-packages/airflow/example_dags/example_skip_dag.py
[2023-04-02 18:14:51,435] {processor.py:651} INFO - DAG(s) dict_keys(['example_skip_dag']) retrieved from /home/airflow/.local/lib/python3.7/site-packages/airflow/example_dags/example_skip_dag.py
[2023-04-02 18:14:51,465] {logging_mixin.py:115} INFO - [2023-04-02 18:14:51,465] {dag.py:2371} INFO - Sync 1 DAGs
[2023-04-02 18:14:51,490] {logging_mixin.py:115} INFO - [2023-04-02 18:14:51,490] {dag.py:2919} INFO - Setting next_dagrun for example_skip_dag to 2023-04-01T18:14:51.490099+00:00, run_after=2023-04-02T18:14:51.490099+00:00
[2023-04-02 18:14:51,502] {processor.py:161} INFO - Processing /home/airflow/.local/lib/python3.7/site-packages/airflow/example_dags/example_skip_dag.py took 0.079 seconds
[2023-04-02 18:15:21,642] {processor.py:153} INFO - Started process (PID=2420) to work on /home/airflow/.local/lib/python3.7/site-packages/airflow/example_dags/example_skip_dag.py
[2023-04-02 18:15:21,643] {processor.py:641} INFO - Processing file /home/airflow/.local/lib/python3.7/site-packages/airflow/example_dags/example_skip_dag.py for tasks to queue
[2023-04-02 18:15:21,644] {logging_mixin.py:115} INFO - [2023-04-02 18:15:21,644] {dagbag.py:507} INFO - Filling up the DagBag from /home/airflow/.local/lib/python3.7/site-packages/airflow/example_dags/example_skip_dag.py
[2023-04-02 18:15:21,650] {processor.py:651} INFO - DAG(s) dict_keys(['example_skip_dag']) retrieved from /home/airflow/.local/lib/python3.7/site-packages/airflow/example_dags/example_skip_dag.py
[2023-04-02 18:15:21,680] {logging_mixin.py:115} INFO - [2023-04-02 18:15:21,680] {dag.py:2371} INFO - Sync 1 DAGs
[2023-04-02 18:15:21,704] {logging_mixin.py:115} INFO - [2023-04-02 18:15:21,704] {dag.py:2919} INFO - Setting next_dagrun for example_skip_dag to 2023-04-01T18:15:21.704218+00:00, run_after=2023-04-02T18:15:21.704218+00:00
[2023-04-02 18:15:21,716] {processor.py:161} INFO - Processing /home/airflow/.local/lib/python3.7/site-packages/airflow/example_dags/example_skip_dag.py took 0.078 seconds
[2023-04-02 18:15:52,271] {processor.py:153} INFO - Started process (PID=2474) to work on /home/airflow/.local/lib/python3.7/site-packages/airflow/example_dags/example_skip_dag.py
[2023-04-02 18:15:52,272] {processor.py:641} INFO - Processing file /home/airflow/.local/lib/python3.7/site-packages/airflow/example_dags/example_skip_dag.py for tasks to queue
[2023-04-02 18:15:52,274] {logging_mixin.py:115} INFO - [2023-04-02 18:15:52,273] {dagbag.py:507} INFO - Filling up the DagBag from /home/airflow/.local/lib/python3.7/site-packages/airflow/example_dags/example_skip_dag.py
[2023-04-02 18:15:52,280] {processor.py:651} INFO - DAG(s) dict_keys(['example_skip_dag']) retrieved from /home/airflow/.local/lib/python3.7/site-packages/airflow/example_dags/example_skip_dag.py
[2023-04-02 18:15:52,312] {logging_mixin.py:115} INFO - [2023-04-02 18:15:52,312] {dag.py:2371} INFO - Sync 1 DAGs
[2023-04-02 18:15:52,337] {logging_mixin.py:115} INFO - [2023-04-02 18:15:52,337] {dag.py:2919} INFO - Setting next_dagrun for example_skip_dag to 2023-04-01T18:15:52.337449+00:00, run_after=2023-04-02T18:15:52.337449+00:00
[2023-04-02 18:15:52,349] {processor.py:161} INFO - Processing /home/airflow/.local/lib/python3.7/site-packages/airflow/example_dags/example_skip_dag.py took 0.082 seconds
[2023-04-02 18:16:22,796] {processor.py:153} INFO - Started process (PID=2537) to work on /home/airflow/.local/lib/python3.7/site-packages/airflow/example_dags/example_skip_dag.py
[2023-04-02 18:16:22,798] {processor.py:641} INFO - Processing file /home/airflow/.local/lib/python3.7/site-packages/airflow/example_dags/example_skip_dag.py for tasks to queue
[2023-04-02 18:16:22,799] {logging_mixin.py:115} INFO - [2023-04-02 18:16:22,799] {dagbag.py:507} INFO - Filling up the DagBag from /home/airflow/.local/lib/python3.7/site-packages/airflow/example_dags/example_skip_dag.py
[2023-04-02 18:16:22,806] {processor.py:651} INFO - DAG(s) dict_keys(['example_skip_dag']) retrieved from /home/airflow/.local/lib/python3.7/site-packages/airflow/example_dags/example_skip_dag.py
[2023-04-02 18:16:22,841] {logging_mixin.py:115} INFO - [2023-04-02 18:16:22,841] {dag.py:2371} INFO - Sync 1 DAGs
[2023-04-02 18:16:22,865] {logging_mixin.py:115} INFO - [2023-04-02 18:16:22,864] {dag.py:2919} INFO - Setting next_dagrun for example_skip_dag to 2023-04-01T18:16:22.864630+00:00, run_after=2023-04-02T18:16:22.864630+00:00
[2023-04-02 18:16:22,880] {processor.py:161} INFO - Processing /home/airflow/.local/lib/python3.7/site-packages/airflow/example_dags/example_skip_dag.py took 0.088 seconds
[2023-04-02 18:16:53,448] {processor.py:153} INFO - Started process (PID=2601) to work on /home/airflow/.local/lib/python3.7/site-packages/airflow/example_dags/example_skip_dag.py
[2023-04-02 18:16:53,450] {processor.py:641} INFO - Processing file /home/airflow/.local/lib/python3.7/site-packages/airflow/example_dags/example_skip_dag.py for tasks to queue
[2023-04-02 18:16:53,451] {logging_mixin.py:115} INFO - [2023-04-02 18:16:53,451] {dagbag.py:507} INFO - Filling up the DagBag from /home/airflow/.local/lib/python3.7/site-packages/airflow/example_dags/example_skip_dag.py
[2023-04-02 18:16:53,459] {processor.py:651} INFO - DAG(s) dict_keys(['example_skip_dag']) retrieved from /home/airflow/.local/lib/python3.7/site-packages/airflow/example_dags/example_skip_dag.py
[2023-04-02 18:16:53,495] {logging_mixin.py:115} INFO - [2023-04-02 18:16:53,495] {dag.py:2371} INFO - Sync 1 DAGs
[2023-04-02 18:16:53,522] {logging_mixin.py:115} INFO - [2023-04-02 18:16:53,522] {dag.py:2919} INFO - Setting next_dagrun for example_skip_dag to 2023-04-01T18:16:53.521976+00:00, run_after=2023-04-02T18:16:53.521976+00:00
[2023-04-02 18:16:53,539] {processor.py:161} INFO - Processing /home/airflow/.local/lib/python3.7/site-packages/airflow/example_dags/example_skip_dag.py took 0.096 seconds
[2023-04-02 18:17:23,859] {processor.py:153} INFO - Started process (PID=2664) to work on /home/airflow/.local/lib/python3.7/site-packages/airflow/example_dags/example_skip_dag.py
[2023-04-02 18:17:23,860] {processor.py:641} INFO - Processing file /home/airflow/.local/lib/python3.7/site-packages/airflow/example_dags/example_skip_dag.py for tasks to queue
[2023-04-02 18:17:23,861] {logging_mixin.py:115} INFO - [2023-04-02 18:17:23,861] {dagbag.py:507} INFO - Filling up the DagBag from /home/airflow/.local/lib/python3.7/site-packages/airflow/example_dags/example_skip_dag.py
[2023-04-02 18:17:23,868] {processor.py:651} INFO - DAG(s) dict_keys(['example_skip_dag']) retrieved from /home/airflow/.local/lib/python3.7/site-packages/airflow/example_dags/example_skip_dag.py
[2023-04-02 18:17:23,900] {logging_mixin.py:115} INFO - [2023-04-02 18:17:23,900] {dag.py:2371} INFO - Sync 1 DAGs
[2023-04-02 18:17:23,923] {logging_mixin.py:115} INFO - [2023-04-02 18:17:23,923] {dag.py:2919} INFO - Setting next_dagrun for example_skip_dag to 2023-04-01T18:17:23.923472+00:00, run_after=2023-04-02T18:17:23.923472+00:00
[2023-04-02 18:17:23,936] {processor.py:161} INFO - Processing /home/airflow/.local/lib/python3.7/site-packages/airflow/example_dags/example_skip_dag.py took 0.081 seconds
[2023-04-02 18:17:54,280] {processor.py:153} INFO - Started process (PID=2718) to work on /home/airflow/.local/lib/python3.7/site-packages/airflow/example_dags/example_skip_dag.py
[2023-04-02 18:17:54,282] {processor.py:641} INFO - Processing file /home/airflow/.local/lib/python3.7/site-packages/airflow/example_dags/example_skip_dag.py for tasks to queue
[2023-04-02 18:17:54,283] {logging_mixin.py:115} INFO - [2023-04-02 18:17:54,283] {dagbag.py:507} INFO - Filling up the DagBag from /home/airflow/.local/lib/python3.7/site-packages/airflow/example_dags/example_skip_dag.py
[2023-04-02 18:17:54,290] {processor.py:651} INFO - DAG(s) dict_keys(['example_skip_dag']) retrieved from /home/airflow/.local/lib/python3.7/site-packages/airflow/example_dags/example_skip_dag.py
[2023-04-02 18:17:54,322] {logging_mixin.py:115} INFO - [2023-04-02 18:17:54,322] {dag.py:2371} INFO - Sync 1 DAGs
[2023-04-02 18:17:54,346] {logging_mixin.py:115} INFO - [2023-04-02 18:17:54,346] {dag.py:2919} INFO - Setting next_dagrun for example_skip_dag to 2023-04-01T18:17:54.346342+00:00, run_after=2023-04-02T18:17:54.346342+00:00
[2023-04-02 18:17:54,359] {processor.py:161} INFO - Processing /home/airflow/.local/lib/python3.7/site-packages/airflow/example_dags/example_skip_dag.py took 0.083 seconds
[2023-04-02 18:18:24,582] {processor.py:153} INFO - Started process (PID=2782) to work on /home/airflow/.local/lib/python3.7/site-packages/airflow/example_dags/example_skip_dag.py
[2023-04-02 18:18:24,583] {processor.py:641} INFO - Processing file /home/airflow/.local/lib/python3.7/site-packages/airflow/example_dags/example_skip_dag.py for tasks to queue
[2023-04-02 18:18:24,584] {logging_mixin.py:115} INFO - [2023-04-02 18:18:24,584] {dagbag.py:507} INFO - Filling up the DagBag from /home/airflow/.local/lib/python3.7/site-packages/airflow/example_dags/example_skip_dag.py
[2023-04-02 18:18:24,592] {processor.py:651} INFO - DAG(s) dict_keys(['example_skip_dag']) retrieved from /home/airflow/.local/lib/python3.7/site-packages/airflow/example_dags/example_skip_dag.py
[2023-04-02 18:18:24,628] {logging_mixin.py:115} INFO - [2023-04-02 18:18:24,628] {dag.py:2371} INFO - Sync 1 DAGs
[2023-04-02 18:18:24,653] {logging_mixin.py:115} INFO - [2023-04-02 18:18:24,653] {dag.py:2919} INFO - Setting next_dagrun for example_skip_dag to 2023-04-01T18:18:24.653095+00:00, run_after=2023-04-02T18:18:24.653095+00:00
[2023-04-02 18:18:24,666] {processor.py:161} INFO - Processing /home/airflow/.local/lib/python3.7/site-packages/airflow/example_dags/example_skip_dag.py took 0.088 seconds
[2023-04-02 18:18:55,065] {processor.py:153} INFO - Started process (PID=2845) to work on /home/airflow/.local/lib/python3.7/site-packages/airflow/example_dags/example_skip_dag.py
[2023-04-02 18:18:55,066] {processor.py:641} INFO - Processing file /home/airflow/.local/lib/python3.7/site-packages/airflow/example_dags/example_skip_dag.py for tasks to queue
[2023-04-02 18:18:55,067] {logging_mixin.py:115} INFO - [2023-04-02 18:18:55,067] {dagbag.py:507} INFO - Filling up the DagBag from /home/airflow/.local/lib/python3.7/site-packages/airflow/example_dags/example_skip_dag.py
[2023-04-02 18:18:55,074] {processor.py:651} INFO - DAG(s) dict_keys(['example_skip_dag']) retrieved from /home/airflow/.local/lib/python3.7/site-packages/airflow/example_dags/example_skip_dag.py
[2023-04-02 18:18:55,110] {logging_mixin.py:115} INFO - [2023-04-02 18:18:55,110] {dag.py:2371} INFO - Sync 1 DAGs
[2023-04-02 18:18:55,133] {logging_mixin.py:115} INFO - [2023-04-02 18:18:55,133] {dag.py:2919} INFO - Setting next_dagrun for example_skip_dag to 2023-04-01T18:18:55.133304+00:00, run_after=2023-04-02T18:18:55.133304+00:00
[2023-04-02 18:18:55,145] {processor.py:161} INFO - Processing /home/airflow/.local/lib/python3.7/site-packages/airflow/example_dags/example_skip_dag.py took 0.085 seconds
[2023-04-02 18:19:25,415] {processor.py:153} INFO - Started process (PID=2900) to work on /home/airflow/.local/lib/python3.7/site-packages/airflow/example_dags/example_skip_dag.py
[2023-04-02 18:19:25,417] {processor.py:641} INFO - Processing file /home/airflow/.local/lib/python3.7/site-packages/airflow/example_dags/example_skip_dag.py for tasks to queue
[2023-04-02 18:19:25,419] {logging_mixin.py:115} INFO - [2023-04-02 18:19:25,419] {dagbag.py:507} INFO - Filling up the DagBag from /home/airflow/.local/lib/python3.7/site-packages/airflow/example_dags/example_skip_dag.py
[2023-04-02 18:19:25,428] {processor.py:651} INFO - DAG(s) dict_keys(['example_skip_dag']) retrieved from /home/airflow/.local/lib/python3.7/site-packages/airflow/example_dags/example_skip_dag.py
[2023-04-02 18:19:25,464] {logging_mixin.py:115} INFO - [2023-04-02 18:19:25,464] {dag.py:2371} INFO - Sync 1 DAGs
[2023-04-02 18:19:25,488] {logging_mixin.py:115} INFO - [2023-04-02 18:19:25,488] {dag.py:2919} INFO - Setting next_dagrun for example_skip_dag to 2023-04-01T18:19:25.487847+00:00, run_after=2023-04-02T18:19:25.487847+00:00
[2023-04-02 18:19:25,500] {processor.py:161} INFO - Processing /home/airflow/.local/lib/python3.7/site-packages/airflow/example_dags/example_skip_dag.py took 0.091 seconds
[2023-04-02 18:19:55,538] {processor.py:153} INFO - Started process (PID=2963) to work on /home/airflow/.local/lib/python3.7/site-packages/airflow/example_dags/example_skip_dag.py
[2023-04-02 18:19:55,539] {processor.py:641} INFO - Processing file /home/airflow/.local/lib/python3.7/site-packages/airflow/example_dags/example_skip_dag.py for tasks to queue
[2023-04-02 18:19:55,541] {logging_mixin.py:115} INFO - [2023-04-02 18:19:55,540] {dagbag.py:507} INFO - Filling up the DagBag from /home/airflow/.local/lib/python3.7/site-packages/airflow/example_dags/example_skip_dag.py
[2023-04-02 18:19:55,547] {processor.py:651} INFO - DAG(s) dict_keys(['example_skip_dag']) retrieved from /home/airflow/.local/lib/python3.7/site-packages/airflow/example_dags/example_skip_dag.py
[2023-04-02 18:19:55,582] {logging_mixin.py:115} INFO - [2023-04-02 18:19:55,582] {dag.py:2371} INFO - Sync 1 DAGs
[2023-04-02 18:19:55,607] {logging_mixin.py:115} INFO - [2023-04-02 18:19:55,607] {dag.py:2919} INFO - Setting next_dagrun for example_skip_dag to 2023-04-01T18:19:55.607313+00:00, run_after=2023-04-02T18:19:55.607313+00:00
[2023-04-02 18:19:55,622] {processor.py:161} INFO - Processing /home/airflow/.local/lib/python3.7/site-packages/airflow/example_dags/example_skip_dag.py took 0.089 seconds
[2023-04-02 18:20:26,375] {processor.py:153} INFO - Started process (PID=3026) to work on /home/airflow/.local/lib/python3.7/site-packages/airflow/example_dags/example_skip_dag.py
[2023-04-02 18:20:26,376] {processor.py:641} INFO - Processing file /home/airflow/.local/lib/python3.7/site-packages/airflow/example_dags/example_skip_dag.py for tasks to queue
[2023-04-02 18:20:26,377] {logging_mixin.py:115} INFO - [2023-04-02 18:20:26,377] {dagbag.py:507} INFO - Filling up the DagBag from /home/airflow/.local/lib/python3.7/site-packages/airflow/example_dags/example_skip_dag.py
[2023-04-02 18:20:26,384] {processor.py:651} INFO - DAG(s) dict_keys(['example_skip_dag']) retrieved from /home/airflow/.local/lib/python3.7/site-packages/airflow/example_dags/example_skip_dag.py
[2023-04-02 18:20:26,415] {logging_mixin.py:115} INFO - [2023-04-02 18:20:26,415] {dag.py:2371} INFO - Sync 1 DAGs
[2023-04-02 18:20:26,438] {logging_mixin.py:115} INFO - [2023-04-02 18:20:26,438] {dag.py:2919} INFO - Setting next_dagrun for example_skip_dag to 2023-04-01T18:20:26.438316+00:00, run_after=2023-04-02T18:20:26.438316+00:00
[2023-04-02 18:20:26,450] {processor.py:161} INFO - Processing /home/airflow/.local/lib/python3.7/site-packages/airflow/example_dags/example_skip_dag.py took 0.080 seconds
[2023-04-02 18:20:57,212] {processor.py:153} INFO - Started process (PID=3089) to work on /home/airflow/.local/lib/python3.7/site-packages/airflow/example_dags/example_skip_dag.py
[2023-04-02 18:20:57,213] {processor.py:641} INFO - Processing file /home/airflow/.local/lib/python3.7/site-packages/airflow/example_dags/example_skip_dag.py for tasks to queue
[2023-04-02 18:20:57,215] {logging_mixin.py:115} INFO - [2023-04-02 18:20:57,215] {dagbag.py:507} INFO - Filling up the DagBag from /home/airflow/.local/lib/python3.7/site-packages/airflow/example_dags/example_skip_dag.py
[2023-04-02 18:20:57,223] {processor.py:651} INFO - DAG(s) dict_keys(['example_skip_dag']) retrieved from /home/airflow/.local/lib/python3.7/site-packages/airflow/example_dags/example_skip_dag.py
[2023-04-02 18:20:57,263] {logging_mixin.py:115} INFO - [2023-04-02 18:20:57,263] {dag.py:2371} INFO - Sync 1 DAGs
[2023-04-02 18:20:57,292] {logging_mixin.py:115} INFO - [2023-04-02 18:20:57,292] {dag.py:2919} INFO - Setting next_dagrun for example_skip_dag to 2023-04-01T18:20:57.291636+00:00, run_after=2023-04-02T18:20:57.291636+00:00
[2023-04-02 18:20:57,308] {processor.py:161} INFO - Processing /home/airflow/.local/lib/python3.7/site-packages/airflow/example_dags/example_skip_dag.py took 0.101 seconds
[2023-04-02 18:21:27,642] {processor.py:153} INFO - Started process (PID=3143) to work on /home/airflow/.local/lib/python3.7/site-packages/airflow/example_dags/example_skip_dag.py
[2023-04-02 18:21:27,644] {processor.py:641} INFO - Processing file /home/airflow/.local/lib/python3.7/site-packages/airflow/example_dags/example_skip_dag.py for tasks to queue
[2023-04-02 18:21:27,645] {logging_mixin.py:115} INFO - [2023-04-02 18:21:27,645] {dagbag.py:507} INFO - Filling up the DagBag from /home/airflow/.local/lib/python3.7/site-packages/airflow/example_dags/example_skip_dag.py
[2023-04-02 18:21:27,652] {processor.py:651} INFO - DAG(s) dict_keys(['example_skip_dag']) retrieved from /home/airflow/.local/lib/python3.7/site-packages/airflow/example_dags/example_skip_dag.py
[2023-04-02 18:21:27,685] {logging_mixin.py:115} INFO - [2023-04-02 18:21:27,685] {dag.py:2371} INFO - Sync 1 DAGs
[2023-04-02 18:21:27,708] {logging_mixin.py:115} INFO - [2023-04-02 18:21:27,708] {dag.py:2919} INFO - Setting next_dagrun for example_skip_dag to 2023-04-01T18:21:27.708316+00:00, run_after=2023-04-02T18:21:27.708316+00:00
[2023-04-02 18:21:27,719] {processor.py:161} INFO - Processing /home/airflow/.local/lib/python3.7/site-packages/airflow/example_dags/example_skip_dag.py took 0.081 seconds
[2023-04-02 18:21:58,046] {processor.py:153} INFO - Started process (PID=3206) to work on /home/airflow/.local/lib/python3.7/site-packages/airflow/example_dags/example_skip_dag.py
[2023-04-02 18:21:58,048] {processor.py:641} INFO - Processing file /home/airflow/.local/lib/python3.7/site-packages/airflow/example_dags/example_skip_dag.py for tasks to queue
[2023-04-02 18:21:58,049] {logging_mixin.py:115} INFO - [2023-04-02 18:21:58,049] {dagbag.py:507} INFO - Filling up the DagBag from /home/airflow/.local/lib/python3.7/site-packages/airflow/example_dags/example_skip_dag.py
[2023-04-02 18:21:58,056] {processor.py:651} INFO - DAG(s) dict_keys(['example_skip_dag']) retrieved from /home/airflow/.local/lib/python3.7/site-packages/airflow/example_dags/example_skip_dag.py
[2023-04-02 18:21:58,087] {logging_mixin.py:115} INFO - [2023-04-02 18:21:58,087] {dag.py:2371} INFO - Sync 1 DAGs
[2023-04-02 18:21:58,110] {logging_mixin.py:115} INFO - [2023-04-02 18:21:58,110] {dag.py:2919} INFO - Setting next_dagrun for example_skip_dag to 2023-04-01T18:21:58.109998+00:00, run_after=2023-04-02T18:21:58.109998+00:00
[2023-04-02 18:21:58,122] {processor.py:161} INFO - Processing /home/airflow/.local/lib/python3.7/site-packages/airflow/example_dags/example_skip_dag.py took 0.080 seconds
[2023-04-02 18:22:28,232] {processor.py:153} INFO - Started process (PID=3267) to work on /home/airflow/.local/lib/python3.7/site-packages/airflow/example_dags/example_skip_dag.py
[2023-04-02 18:22:28,235] {processor.py:641} INFO - Processing file /home/airflow/.local/lib/python3.7/site-packages/airflow/example_dags/example_skip_dag.py for tasks to queue
[2023-04-02 18:22:28,237] {logging_mixin.py:115} INFO - [2023-04-02 18:22:28,236] {dagbag.py:507} INFO - Filling up the DagBag from /home/airflow/.local/lib/python3.7/site-packages/airflow/example_dags/example_skip_dag.py
[2023-04-02 18:22:28,244] {processor.py:651} INFO - DAG(s) dict_keys(['example_skip_dag']) retrieved from /home/airflow/.local/lib/python3.7/site-packages/airflow/example_dags/example_skip_dag.py
[2023-04-02 18:22:28,278] {logging_mixin.py:115} INFO - [2023-04-02 18:22:28,278] {dag.py:2371} INFO - Sync 1 DAGs
[2023-04-02 18:22:28,303] {logging_mixin.py:115} INFO - [2023-04-02 18:22:28,303] {dag.py:2919} INFO - Setting next_dagrun for example_skip_dag to 2023-04-01T18:22:28.303399+00:00, run_after=2023-04-02T18:22:28.303399+00:00
[2023-04-02 18:22:28,317] {processor.py:161} INFO - Processing /home/airflow/.local/lib/python3.7/site-packages/airflow/example_dags/example_skip_dag.py took 0.089 seconds
[2023-04-02 18:22:58,516] {processor.py:153} INFO - Started process (PID=3320) to work on /home/airflow/.local/lib/python3.7/site-packages/airflow/example_dags/example_skip_dag.py
[2023-04-02 18:22:58,517] {processor.py:641} INFO - Processing file /home/airflow/.local/lib/python3.7/site-packages/airflow/example_dags/example_skip_dag.py for tasks to queue
[2023-04-02 18:22:58,519] {logging_mixin.py:115} INFO - [2023-04-02 18:22:58,519] {dagbag.py:507} INFO - Filling up the DagBag from /home/airflow/.local/lib/python3.7/site-packages/airflow/example_dags/example_skip_dag.py
[2023-04-02 18:22:58,526] {processor.py:651} INFO - DAG(s) dict_keys(['example_skip_dag']) retrieved from /home/airflow/.local/lib/python3.7/site-packages/airflow/example_dags/example_skip_dag.py
[2023-04-02 18:22:58,559] {logging_mixin.py:115} INFO - [2023-04-02 18:22:58,559] {dag.py:2371} INFO - Sync 1 DAGs
[2023-04-02 18:22:58,583] {logging_mixin.py:115} INFO - [2023-04-02 18:22:58,583] {dag.py:2919} INFO - Setting next_dagrun for example_skip_dag to 2023-04-01T18:22:58.583210+00:00, run_after=2023-04-02T18:22:58.583210+00:00
[2023-04-02 18:22:58,595] {processor.py:161} INFO - Processing /home/airflow/.local/lib/python3.7/site-packages/airflow/example_dags/example_skip_dag.py took 0.083 seconds
[2023-04-02 18:23:28,736] {processor.py:153} INFO - Started process (PID=3383) to work on /home/airflow/.local/lib/python3.7/site-packages/airflow/example_dags/example_skip_dag.py
[2023-04-02 18:23:28,738] {processor.py:641} INFO - Processing file /home/airflow/.local/lib/python3.7/site-packages/airflow/example_dags/example_skip_dag.py for tasks to queue
[2023-04-02 18:23:28,739] {logging_mixin.py:115} INFO - [2023-04-02 18:23:28,739] {dagbag.py:507} INFO - Filling up the DagBag from /home/airflow/.local/lib/python3.7/site-packages/airflow/example_dags/example_skip_dag.py
[2023-04-02 18:23:28,746] {processor.py:651} INFO - DAG(s) dict_keys(['example_skip_dag']) retrieved from /home/airflow/.local/lib/python3.7/site-packages/airflow/example_dags/example_skip_dag.py
[2023-04-02 18:23:28,778] {logging_mixin.py:115} INFO - [2023-04-02 18:23:28,778] {dag.py:2371} INFO - Sync 1 DAGs
[2023-04-02 18:23:28,803] {logging_mixin.py:115} INFO - [2023-04-02 18:23:28,803] {dag.py:2919} INFO - Setting next_dagrun for example_skip_dag to 2023-04-01T18:23:28.802784+00:00, run_after=2023-04-02T18:23:28.802784+00:00
[2023-04-02 18:23:28,815] {processor.py:161} INFO - Processing /home/airflow/.local/lib/python3.7/site-packages/airflow/example_dags/example_skip_dag.py took 0.082 seconds
