[2023-04-02 17:55:28,418] {processor.py:153} INFO - Started process (PID=70) to work on /home/airflow/.local/lib/python3.7/site-packages/airflow/example_dags/example_bash_operator.py
[2023-04-02 17:55:28,421] {processor.py:641} INFO - Processing file /home/airflow/.local/lib/python3.7/site-packages/airflow/example_dags/example_bash_operator.py for tasks to queue
[2023-04-02 17:55:28,423] {logging_mixin.py:115} INFO - [2023-04-02 17:55:28,422] {dagbag.py:507} INFO - Filling up the DagBag from /home/airflow/.local/lib/python3.7/site-packages/airflow/example_dags/example_bash_operator.py
[2023-04-02 17:55:28,444] {processor.py:651} INFO - DAG(s) dict_keys(['example_bash_operator']) retrieved from /home/airflow/.local/lib/python3.7/site-packages/airflow/example_dags/example_bash_operator.py
[2023-04-02 17:55:28,742] {logging_mixin.py:115} INFO - [2023-04-02 17:55:28,742] {manager.py:508} INFO - Created Permission View: can edit on DAG:example_bash_operator
[2023-04-02 17:55:28,765] {logging_mixin.py:115} INFO - [2023-04-02 17:55:28,765] {manager.py:508} INFO - Created Permission View: can delete on DAG:example_bash_operator
[2023-04-02 17:55:28,781] {logging_mixin.py:115} INFO - [2023-04-02 17:55:28,780] {manager.py:508} INFO - Created Permission View: can read on DAG:example_bash_operator
[2023-04-02 17:55:28,782] {logging_mixin.py:115} INFO - [2023-04-02 17:55:28,782] {dag.py:2371} INFO - Sync 1 DAGs
[2023-04-02 17:55:28,794] {logging_mixin.py:115} INFO - [2023-04-02 17:55:28,794] {dag.py:2390} INFO - Creating ORM DAG for example_bash_operator
[2023-04-02 17:55:28,819] {logging_mixin.py:115} INFO - [2023-04-02 17:55:28,818] {dag.py:2919} INFO - Setting next_dagrun for example_bash_operator to 2023-04-01T00:00:00+00:00, run_after=2023-04-02T00:00:00+00:00
[2023-04-02 17:55:28,878] {processor.py:161} INFO - Processing /home/airflow/.local/lib/python3.7/site-packages/airflow/example_dags/example_bash_operator.py took 0.466 seconds
[2023-04-02 17:55:59,152] {processor.py:153} INFO - Started process (PID=131) to work on /home/airflow/.local/lib/python3.7/site-packages/airflow/example_dags/example_bash_operator.py
[2023-04-02 17:55:59,154] {processor.py:641} INFO - Processing file /home/airflow/.local/lib/python3.7/site-packages/airflow/example_dags/example_bash_operator.py for tasks to queue
[2023-04-02 17:55:59,155] {logging_mixin.py:115} INFO - [2023-04-02 17:55:59,155] {dagbag.py:507} INFO - Filling up the DagBag from /home/airflow/.local/lib/python3.7/site-packages/airflow/example_dags/example_bash_operator.py
[2023-04-02 17:55:59,170] {processor.py:651} INFO - DAG(s) dict_keys(['example_bash_operator']) retrieved from /home/airflow/.local/lib/python3.7/site-packages/airflow/example_dags/example_bash_operator.py
[2023-04-02 17:55:59,200] {logging_mixin.py:115} INFO - [2023-04-02 17:55:59,200] {dag.py:2371} INFO - Sync 1 DAGs
[2023-04-02 17:55:59,229] {logging_mixin.py:115} INFO - [2023-04-02 17:55:59,229] {dag.py:2919} INFO - Setting next_dagrun for example_bash_operator to 2023-04-01T00:00:00+00:00, run_after=2023-04-02T00:00:00+00:00
[2023-04-02 17:55:59,241] {processor.py:161} INFO - Processing /home/airflow/.local/lib/python3.7/site-packages/airflow/example_dags/example_bash_operator.py took 0.093 seconds
[2023-04-02 17:56:29,809] {processor.py:153} INFO - Started process (PID=192) to work on /home/airflow/.local/lib/python3.7/site-packages/airflow/example_dags/example_bash_operator.py
[2023-04-02 17:56:29,810] {processor.py:641} INFO - Processing file /home/airflow/.local/lib/python3.7/site-packages/airflow/example_dags/example_bash_operator.py for tasks to queue
[2023-04-02 17:56:29,811] {logging_mixin.py:115} INFO - [2023-04-02 17:56:29,811] {dagbag.py:507} INFO - Filling up the DagBag from /home/airflow/.local/lib/python3.7/site-packages/airflow/example_dags/example_bash_operator.py
[2023-04-02 17:56:29,824] {processor.py:651} INFO - DAG(s) dict_keys(['example_bash_operator']) retrieved from /home/airflow/.local/lib/python3.7/site-packages/airflow/example_dags/example_bash_operator.py
[2023-04-02 17:56:29,852] {logging_mixin.py:115} INFO - [2023-04-02 17:56:29,852] {dag.py:2371} INFO - Sync 1 DAGs
[2023-04-02 17:56:29,879] {logging_mixin.py:115} INFO - [2023-04-02 17:56:29,879] {dag.py:2919} INFO - Setting next_dagrun for example_bash_operator to 2023-04-01T00:00:00+00:00, run_after=2023-04-02T00:00:00+00:00
[2023-04-02 17:56:29,891] {processor.py:161} INFO - Processing /home/airflow/.local/lib/python3.7/site-packages/airflow/example_dags/example_bash_operator.py took 0.086 seconds
[2023-04-02 17:57:00,705] {processor.py:153} INFO - Started process (PID=244) to work on /home/airflow/.local/lib/python3.7/site-packages/airflow/example_dags/example_bash_operator.py
[2023-04-02 17:57:00,706] {processor.py:641} INFO - Processing file /home/airflow/.local/lib/python3.7/site-packages/airflow/example_dags/example_bash_operator.py for tasks to queue
[2023-04-02 17:57:00,707] {logging_mixin.py:115} INFO - [2023-04-02 17:57:00,707] {dagbag.py:507} INFO - Filling up the DagBag from /home/airflow/.local/lib/python3.7/site-packages/airflow/example_dags/example_bash_operator.py
[2023-04-02 17:57:00,721] {processor.py:651} INFO - DAG(s) dict_keys(['example_bash_operator']) retrieved from /home/airflow/.local/lib/python3.7/site-packages/airflow/example_dags/example_bash_operator.py
[2023-04-02 17:57:00,749] {logging_mixin.py:115} INFO - [2023-04-02 17:57:00,749] {dag.py:2371} INFO - Sync 1 DAGs
[2023-04-02 17:57:00,781] {logging_mixin.py:115} INFO - [2023-04-02 17:57:00,781] {dag.py:2919} INFO - Setting next_dagrun for example_bash_operator to 2023-04-01T00:00:00+00:00, run_after=2023-04-02T00:00:00+00:00
[2023-04-02 17:57:00,794] {processor.py:161} INFO - Processing /home/airflow/.local/lib/python3.7/site-packages/airflow/example_dags/example_bash_operator.py took 0.093 seconds
[2023-04-02 17:57:31,683] {processor.py:153} INFO - Started process (PID=305) to work on /home/airflow/.local/lib/python3.7/site-packages/airflow/example_dags/example_bash_operator.py
[2023-04-02 17:57:31,685] {processor.py:641} INFO - Processing file /home/airflow/.local/lib/python3.7/site-packages/airflow/example_dags/example_bash_operator.py for tasks to queue
[2023-04-02 17:57:31,686] {logging_mixin.py:115} INFO - [2023-04-02 17:57:31,686] {dagbag.py:507} INFO - Filling up the DagBag from /home/airflow/.local/lib/python3.7/site-packages/airflow/example_dags/example_bash_operator.py
[2023-04-02 17:57:31,700] {processor.py:651} INFO - DAG(s) dict_keys(['example_bash_operator']) retrieved from /home/airflow/.local/lib/python3.7/site-packages/airflow/example_dags/example_bash_operator.py
[2023-04-02 17:57:31,730] {logging_mixin.py:115} INFO - [2023-04-02 17:57:31,730] {dag.py:2371} INFO - Sync 1 DAGs
[2023-04-02 17:57:31,759] {logging_mixin.py:115} INFO - [2023-04-02 17:57:31,758] {dag.py:2919} INFO - Setting next_dagrun for example_bash_operator to 2023-04-01T00:00:00+00:00, run_after=2023-04-02T00:00:00+00:00
[2023-04-02 17:57:31,775] {processor.py:161} INFO - Processing /home/airflow/.local/lib/python3.7/site-packages/airflow/example_dags/example_bash_operator.py took 0.095 seconds
[2023-04-02 17:58:01,991] {processor.py:153} INFO - Started process (PID=365) to work on /home/airflow/.local/lib/python3.7/site-packages/airflow/example_dags/example_bash_operator.py
[2023-04-02 17:58:01,993] {processor.py:641} INFO - Processing file /home/airflow/.local/lib/python3.7/site-packages/airflow/example_dags/example_bash_operator.py for tasks to queue
[2023-04-02 17:58:01,994] {logging_mixin.py:115} INFO - [2023-04-02 17:58:01,994] {dagbag.py:507} INFO - Filling up the DagBag from /home/airflow/.local/lib/python3.7/site-packages/airflow/example_dags/example_bash_operator.py
[2023-04-02 17:58:02,008] {processor.py:651} INFO - DAG(s) dict_keys(['example_bash_operator']) retrieved from /home/airflow/.local/lib/python3.7/site-packages/airflow/example_dags/example_bash_operator.py
[2023-04-02 17:58:02,041] {logging_mixin.py:115} INFO - [2023-04-02 17:58:02,041] {dag.py:2371} INFO - Sync 1 DAGs
[2023-04-02 17:58:02,072] {logging_mixin.py:115} INFO - [2023-04-02 17:58:02,072] {dag.py:2919} INFO - Setting next_dagrun for example_bash_operator to 2023-04-01T00:00:00+00:00, run_after=2023-04-02T00:00:00+00:00
[2023-04-02 17:58:02,085] {processor.py:161} INFO - Processing /home/airflow/.local/lib/python3.7/site-packages/airflow/example_dags/example_bash_operator.py took 0.098 seconds
[2023-04-02 17:58:32,964] {processor.py:153} INFO - Started process (PID=417) to work on /home/airflow/.local/lib/python3.7/site-packages/airflow/example_dags/example_bash_operator.py
[2023-04-02 17:58:32,965] {processor.py:641} INFO - Processing file /home/airflow/.local/lib/python3.7/site-packages/airflow/example_dags/example_bash_operator.py for tasks to queue
[2023-04-02 17:58:32,966] {logging_mixin.py:115} INFO - [2023-04-02 17:58:32,966] {dagbag.py:507} INFO - Filling up the DagBag from /home/airflow/.local/lib/python3.7/site-packages/airflow/example_dags/example_bash_operator.py
[2023-04-02 17:58:32,980] {processor.py:651} INFO - DAG(s) dict_keys(['example_bash_operator']) retrieved from /home/airflow/.local/lib/python3.7/site-packages/airflow/example_dags/example_bash_operator.py
[2023-04-02 17:58:33,009] {logging_mixin.py:115} INFO - [2023-04-02 17:58:33,009] {dag.py:2371} INFO - Sync 1 DAGs
[2023-04-02 17:58:33,035] {logging_mixin.py:115} INFO - [2023-04-02 17:58:33,034] {dag.py:2919} INFO - Setting next_dagrun for example_bash_operator to 2023-04-01T00:00:00+00:00, run_after=2023-04-02T00:00:00+00:00
[2023-04-02 17:58:33,047] {processor.py:161} INFO - Processing /home/airflow/.local/lib/python3.7/site-packages/airflow/example_dags/example_bash_operator.py took 0.088 seconds
[2023-04-02 17:59:03,966] {processor.py:153} INFO - Started process (PID=479) to work on /home/airflow/.local/lib/python3.7/site-packages/airflow/example_dags/example_bash_operator.py
[2023-04-02 17:59:03,968] {processor.py:641} INFO - Processing file /home/airflow/.local/lib/python3.7/site-packages/airflow/example_dags/example_bash_operator.py for tasks to queue
[2023-04-02 17:59:03,969] {logging_mixin.py:115} INFO - [2023-04-02 17:59:03,969] {dagbag.py:507} INFO - Filling up the DagBag from /home/airflow/.local/lib/python3.7/site-packages/airflow/example_dags/example_bash_operator.py
[2023-04-02 17:59:03,983] {processor.py:651} INFO - DAG(s) dict_keys(['example_bash_operator']) retrieved from /home/airflow/.local/lib/python3.7/site-packages/airflow/example_dags/example_bash_operator.py
[2023-04-02 17:59:04,016] {logging_mixin.py:115} INFO - [2023-04-02 17:59:04,016] {dag.py:2371} INFO - Sync 1 DAGs
[2023-04-02 17:59:04,045] {logging_mixin.py:115} INFO - [2023-04-02 17:59:04,045] {dag.py:2919} INFO - Setting next_dagrun for example_bash_operator to 2023-04-01T00:00:00+00:00, run_after=2023-04-02T00:00:00+00:00
[2023-04-02 17:59:04,059] {processor.py:161} INFO - Processing /home/airflow/.local/lib/python3.7/site-packages/airflow/example_dags/example_bash_operator.py took 0.097 seconds
[2023-04-02 17:59:34,265] {processor.py:153} INFO - Started process (PID=540) to work on /home/airflow/.local/lib/python3.7/site-packages/airflow/example_dags/example_bash_operator.py
[2023-04-02 17:59:34,266] {processor.py:641} INFO - Processing file /home/airflow/.local/lib/python3.7/site-packages/airflow/example_dags/example_bash_operator.py for tasks to queue
[2023-04-02 17:59:34,267] {logging_mixin.py:115} INFO - [2023-04-02 17:59:34,267] {dagbag.py:507} INFO - Filling up the DagBag from /home/airflow/.local/lib/python3.7/site-packages/airflow/example_dags/example_bash_operator.py
[2023-04-02 17:59:34,281] {processor.py:651} INFO - DAG(s) dict_keys(['example_bash_operator']) retrieved from /home/airflow/.local/lib/python3.7/site-packages/airflow/example_dags/example_bash_operator.py
[2023-04-02 17:59:34,310] {logging_mixin.py:115} INFO - [2023-04-02 17:59:34,310] {dag.py:2371} INFO - Sync 1 DAGs
[2023-04-02 17:59:34,336] {logging_mixin.py:115} INFO - [2023-04-02 17:59:34,336] {dag.py:2919} INFO - Setting next_dagrun for example_bash_operator to 2023-04-01T00:00:00+00:00, run_after=2023-04-02T00:00:00+00:00
[2023-04-02 17:59:34,348] {processor.py:161} INFO - Processing /home/airflow/.local/lib/python3.7/site-packages/airflow/example_dags/example_bash_operator.py took 0.087 seconds
[2023-04-02 18:00:04,955] {processor.py:153} INFO - Started process (PID=602) to work on /home/airflow/.local/lib/python3.7/site-packages/airflow/example_dags/example_bash_operator.py
[2023-04-02 18:00:04,956] {processor.py:641} INFO - Processing file /home/airflow/.local/lib/python3.7/site-packages/airflow/example_dags/example_bash_operator.py for tasks to queue
[2023-04-02 18:00:04,958] {logging_mixin.py:115} INFO - [2023-04-02 18:00:04,958] {dagbag.py:507} INFO - Filling up the DagBag from /home/airflow/.local/lib/python3.7/site-packages/airflow/example_dags/example_bash_operator.py
[2023-04-02 18:00:04,971] {processor.py:651} INFO - DAG(s) dict_keys(['example_bash_operator']) retrieved from /home/airflow/.local/lib/python3.7/site-packages/airflow/example_dags/example_bash_operator.py
[2023-04-02 18:00:05,002] {logging_mixin.py:115} INFO - [2023-04-02 18:00:05,002] {dag.py:2371} INFO - Sync 1 DAGs
[2023-04-02 18:00:05,032] {logging_mixin.py:115} INFO - [2023-04-02 18:00:05,032] {dag.py:2919} INFO - Setting next_dagrun for example_bash_operator to 2023-04-01T00:00:00+00:00, run_after=2023-04-02T00:00:00+00:00
[2023-04-02 18:00:05,067] {processor.py:161} INFO - Processing /home/airflow/.local/lib/python3.7/site-packages/airflow/example_dags/example_bash_operator.py took 0.116 seconds
[2023-04-02 18:00:35,854] {processor.py:153} INFO - Started process (PID=656) to work on /home/airflow/.local/lib/python3.7/site-packages/airflow/example_dags/example_bash_operator.py
[2023-04-02 18:00:35,856] {processor.py:641} INFO - Processing file /home/airflow/.local/lib/python3.7/site-packages/airflow/example_dags/example_bash_operator.py for tasks to queue
[2023-04-02 18:00:35,857] {logging_mixin.py:115} INFO - [2023-04-02 18:00:35,857] {dagbag.py:507} INFO - Filling up the DagBag from /home/airflow/.local/lib/python3.7/site-packages/airflow/example_dags/example_bash_operator.py
[2023-04-02 18:00:35,873] {processor.py:651} INFO - DAG(s) dict_keys(['example_bash_operator']) retrieved from /home/airflow/.local/lib/python3.7/site-packages/airflow/example_dags/example_bash_operator.py
[2023-04-02 18:00:35,910] {logging_mixin.py:115} INFO - [2023-04-02 18:00:35,910] {dag.py:2371} INFO - Sync 1 DAGs
[2023-04-02 18:00:36,103] {logging_mixin.py:115} INFO - [2023-04-02 18:00:36,103] {dag.py:2919} INFO - Setting next_dagrun for example_bash_operator to 2023-04-01T00:00:00+00:00, run_after=2023-04-02T00:00:00+00:00
[2023-04-02 18:00:36,120] {processor.py:161} INFO - Processing /home/airflow/.local/lib/python3.7/site-packages/airflow/example_dags/example_bash_operator.py took 0.269 seconds
[2023-04-02 18:01:06,474] {processor.py:153} INFO - Started process (PID=719) to work on /home/airflow/.local/lib/python3.7/site-packages/airflow/example_dags/example_bash_operator.py
[2023-04-02 18:01:06,476] {processor.py:641} INFO - Processing file /home/airflow/.local/lib/python3.7/site-packages/airflow/example_dags/example_bash_operator.py for tasks to queue
[2023-04-02 18:01:06,477] {logging_mixin.py:115} INFO - [2023-04-02 18:01:06,477] {dagbag.py:507} INFO - Filling up the DagBag from /home/airflow/.local/lib/python3.7/site-packages/airflow/example_dags/example_bash_operator.py
[2023-04-02 18:01:06,492] {processor.py:651} INFO - DAG(s) dict_keys(['example_bash_operator']) retrieved from /home/airflow/.local/lib/python3.7/site-packages/airflow/example_dags/example_bash_operator.py
[2023-04-02 18:01:06,522] {logging_mixin.py:115} INFO - [2023-04-02 18:01:06,521] {dag.py:2371} INFO - Sync 1 DAGs
[2023-04-02 18:01:06,670] {logging_mixin.py:115} INFO - [2023-04-02 18:01:06,670] {dag.py:2919} INFO - Setting next_dagrun for example_bash_operator to 2023-04-01T00:00:00+00:00, run_after=2023-04-02T00:00:00+00:00
[2023-04-02 18:01:06,683] {processor.py:161} INFO - Processing /home/airflow/.local/lib/python3.7/site-packages/airflow/example_dags/example_bash_operator.py took 0.213 seconds
[2023-04-02 18:01:36,864] {processor.py:153} INFO - Started process (PID=786) to work on /home/airflow/.local/lib/python3.7/site-packages/airflow/example_dags/example_bash_operator.py
[2023-04-02 18:01:36,866] {processor.py:641} INFO - Processing file /home/airflow/.local/lib/python3.7/site-packages/airflow/example_dags/example_bash_operator.py for tasks to queue
[2023-04-02 18:01:36,867] {logging_mixin.py:115} INFO - [2023-04-02 18:01:36,867] {dagbag.py:507} INFO - Filling up the DagBag from /home/airflow/.local/lib/python3.7/site-packages/airflow/example_dags/example_bash_operator.py
[2023-04-02 18:01:36,881] {processor.py:651} INFO - DAG(s) dict_keys(['example_bash_operator']) retrieved from /home/airflow/.local/lib/python3.7/site-packages/airflow/example_dags/example_bash_operator.py
[2023-04-02 18:01:36,911] {logging_mixin.py:115} INFO - [2023-04-02 18:01:36,911] {dag.py:2371} INFO - Sync 1 DAGs
[2023-04-02 18:01:37,065] {logging_mixin.py:115} INFO - [2023-04-02 18:01:37,065] {dag.py:2919} INFO - Setting next_dagrun for example_bash_operator to 2023-04-01T00:00:00+00:00, run_after=2023-04-02T00:00:00+00:00
[2023-04-02 18:01:37,078] {processor.py:161} INFO - Processing /home/airflow/.local/lib/python3.7/site-packages/airflow/example_dags/example_bash_operator.py took 0.218 seconds
[2023-04-02 18:02:07,193] {processor.py:153} INFO - Started process (PID=840) to work on /home/airflow/.local/lib/python3.7/site-packages/airflow/example_dags/example_bash_operator.py
[2023-04-02 18:02:07,194] {processor.py:641} INFO - Processing file /home/airflow/.local/lib/python3.7/site-packages/airflow/example_dags/example_bash_operator.py for tasks to queue
[2023-04-02 18:02:07,196] {logging_mixin.py:115} INFO - [2023-04-02 18:02:07,196] {dagbag.py:507} INFO - Filling up the DagBag from /home/airflow/.local/lib/python3.7/site-packages/airflow/example_dags/example_bash_operator.py
[2023-04-02 18:02:07,209] {processor.py:651} INFO - DAG(s) dict_keys(['example_bash_operator']) retrieved from /home/airflow/.local/lib/python3.7/site-packages/airflow/example_dags/example_bash_operator.py
[2023-04-02 18:02:07,237] {logging_mixin.py:115} INFO - [2023-04-02 18:02:07,237] {dag.py:2371} INFO - Sync 1 DAGs
[2023-04-02 18:02:07,381] {logging_mixin.py:115} INFO - [2023-04-02 18:02:07,381] {dag.py:2919} INFO - Setting next_dagrun for example_bash_operator to 2023-04-01T00:00:00+00:00, run_after=2023-04-02T00:00:00+00:00
[2023-04-02 18:02:07,394] {processor.py:161} INFO - Processing /home/airflow/.local/lib/python3.7/site-packages/airflow/example_dags/example_bash_operator.py took 0.204 seconds
[2023-04-02 18:02:37,699] {processor.py:153} INFO - Started process (PID=903) to work on /home/airflow/.local/lib/python3.7/site-packages/airflow/example_dags/example_bash_operator.py
[2023-04-02 18:02:37,701] {processor.py:641} INFO - Processing file /home/airflow/.local/lib/python3.7/site-packages/airflow/example_dags/example_bash_operator.py for tasks to queue
[2023-04-02 18:02:37,702] {logging_mixin.py:115} INFO - [2023-04-02 18:02:37,702] {dagbag.py:507} INFO - Filling up the DagBag from /home/airflow/.local/lib/python3.7/site-packages/airflow/example_dags/example_bash_operator.py
[2023-04-02 18:02:37,716] {processor.py:651} INFO - DAG(s) dict_keys(['example_bash_operator']) retrieved from /home/airflow/.local/lib/python3.7/site-packages/airflow/example_dags/example_bash_operator.py
[2023-04-02 18:02:37,746] {logging_mixin.py:115} INFO - [2023-04-02 18:02:37,746] {dag.py:2371} INFO - Sync 1 DAGs
[2023-04-02 18:02:37,906] {logging_mixin.py:115} INFO - [2023-04-02 18:02:37,906] {dag.py:2919} INFO - Setting next_dagrun for example_bash_operator to 2023-04-01T00:00:00+00:00, run_after=2023-04-02T00:00:00+00:00
[2023-04-02 18:02:37,921] {processor.py:161} INFO - Processing /home/airflow/.local/lib/python3.7/site-packages/airflow/example_dags/example_bash_operator.py took 0.226 seconds
[2023-04-02 18:03:08,338] {processor.py:153} INFO - Started process (PID=966) to work on /home/airflow/.local/lib/python3.7/site-packages/airflow/example_dags/example_bash_operator.py
[2023-04-02 18:03:08,340] {processor.py:641} INFO - Processing file /home/airflow/.local/lib/python3.7/site-packages/airflow/example_dags/example_bash_operator.py for tasks to queue
[2023-04-02 18:03:08,342] {logging_mixin.py:115} INFO - [2023-04-02 18:03:08,342] {dagbag.py:507} INFO - Filling up the DagBag from /home/airflow/.local/lib/python3.7/site-packages/airflow/example_dags/example_bash_operator.py
[2023-04-02 18:03:08,356] {processor.py:651} INFO - DAG(s) dict_keys(['example_bash_operator']) retrieved from /home/airflow/.local/lib/python3.7/site-packages/airflow/example_dags/example_bash_operator.py
[2023-04-02 18:03:08,387] {logging_mixin.py:115} INFO - [2023-04-02 18:03:08,387] {dag.py:2371} INFO - Sync 1 DAGs
[2023-04-02 18:03:08,547] {logging_mixin.py:115} INFO - [2023-04-02 18:03:08,547] {dag.py:2919} INFO - Setting next_dagrun for example_bash_operator to 2023-04-01T00:00:00+00:00, run_after=2023-04-02T00:00:00+00:00
[2023-04-02 18:03:08,562] {processor.py:161} INFO - Processing /home/airflow/.local/lib/python3.7/site-packages/airflow/example_dags/example_bash_operator.py took 0.228 seconds
[2023-04-02 18:03:38,832] {processor.py:153} INFO - Started process (PID=1029) to work on /home/airflow/.local/lib/python3.7/site-packages/airflow/example_dags/example_bash_operator.py
[2023-04-02 18:03:38,834] {processor.py:641} INFO - Processing file /home/airflow/.local/lib/python3.7/site-packages/airflow/example_dags/example_bash_operator.py for tasks to queue
[2023-04-02 18:03:38,836] {logging_mixin.py:115} INFO - [2023-04-02 18:03:38,836] {dagbag.py:507} INFO - Filling up the DagBag from /home/airflow/.local/lib/python3.7/site-packages/airflow/example_dags/example_bash_operator.py
[2023-04-02 18:03:38,853] {processor.py:651} INFO - DAG(s) dict_keys(['example_bash_operator']) retrieved from /home/airflow/.local/lib/python3.7/site-packages/airflow/example_dags/example_bash_operator.py
[2023-04-02 18:03:38,887] {logging_mixin.py:115} INFO - [2023-04-02 18:03:38,887] {dag.py:2371} INFO - Sync 1 DAGs
[2023-04-02 18:03:39,054] {logging_mixin.py:115} INFO - [2023-04-02 18:03:39,054] {dag.py:2919} INFO - Setting next_dagrun for example_bash_operator to 2023-04-01T00:00:00+00:00, run_after=2023-04-02T00:00:00+00:00
[2023-04-02 18:03:39,067] {processor.py:161} INFO - Processing /home/airflow/.local/lib/python3.7/site-packages/airflow/example_dags/example_bash_operator.py took 0.240 seconds
[2023-04-02 18:04:09,284] {processor.py:153} INFO - Started process (PID=1083) to work on /home/airflow/.local/lib/python3.7/site-packages/airflow/example_dags/example_bash_operator.py
[2023-04-02 18:04:09,286] {processor.py:641} INFO - Processing file /home/airflow/.local/lib/python3.7/site-packages/airflow/example_dags/example_bash_operator.py for tasks to queue
[2023-04-02 18:04:09,287] {logging_mixin.py:115} INFO - [2023-04-02 18:04:09,287] {dagbag.py:507} INFO - Filling up the DagBag from /home/airflow/.local/lib/python3.7/site-packages/airflow/example_dags/example_bash_operator.py
[2023-04-02 18:04:09,302] {processor.py:651} INFO - DAG(s) dict_keys(['example_bash_operator']) retrieved from /home/airflow/.local/lib/python3.7/site-packages/airflow/example_dags/example_bash_operator.py
[2023-04-02 18:04:09,334] {logging_mixin.py:115} INFO - [2023-04-02 18:04:09,334] {dag.py:2371} INFO - Sync 1 DAGs
[2023-04-02 18:04:09,505] {logging_mixin.py:115} INFO - [2023-04-02 18:04:09,504] {dag.py:2919} INFO - Setting next_dagrun for example_bash_operator to 2023-04-01T00:00:00+00:00, run_after=2023-04-02T00:00:00+00:00
[2023-04-02 18:04:09,518] {processor.py:161} INFO - Processing /home/airflow/.local/lib/python3.7/site-packages/airflow/example_dags/example_bash_operator.py took 0.238 seconds
[2023-04-02 18:04:39,883] {processor.py:153} INFO - Started process (PID=1146) to work on /home/airflow/.local/lib/python3.7/site-packages/airflow/example_dags/example_bash_operator.py
[2023-04-02 18:04:39,885] {processor.py:641} INFO - Processing file /home/airflow/.local/lib/python3.7/site-packages/airflow/example_dags/example_bash_operator.py for tasks to queue
[2023-04-02 18:04:39,886] {logging_mixin.py:115} INFO - [2023-04-02 18:04:39,886] {dagbag.py:507} INFO - Filling up the DagBag from /home/airflow/.local/lib/python3.7/site-packages/airflow/example_dags/example_bash_operator.py
[2023-04-02 18:04:39,901] {processor.py:651} INFO - DAG(s) dict_keys(['example_bash_operator']) retrieved from /home/airflow/.local/lib/python3.7/site-packages/airflow/example_dags/example_bash_operator.py
[2023-04-02 18:04:39,934] {logging_mixin.py:115} INFO - [2023-04-02 18:04:39,934] {dag.py:2371} INFO - Sync 1 DAGs
[2023-04-02 18:04:40,089] {logging_mixin.py:115} INFO - [2023-04-02 18:04:40,089] {dag.py:2919} INFO - Setting next_dagrun for example_bash_operator to 2023-04-01T00:00:00+00:00, run_after=2023-04-02T00:00:00+00:00
[2023-04-02 18:04:40,102] {processor.py:161} INFO - Processing /home/airflow/.local/lib/python3.7/site-packages/airflow/example_dags/example_bash_operator.py took 0.222 seconds
[2023-04-02 18:05:10,586] {processor.py:153} INFO - Started process (PID=1209) to work on /home/airflow/.local/lib/python3.7/site-packages/airflow/example_dags/example_bash_operator.py
[2023-04-02 18:05:10,587] {processor.py:641} INFO - Processing file /home/airflow/.local/lib/python3.7/site-packages/airflow/example_dags/example_bash_operator.py for tasks to queue
[2023-04-02 18:05:10,588] {logging_mixin.py:115} INFO - [2023-04-02 18:05:10,588] {dagbag.py:507} INFO - Filling up the DagBag from /home/airflow/.local/lib/python3.7/site-packages/airflow/example_dags/example_bash_operator.py
[2023-04-02 18:05:10,603] {processor.py:651} INFO - DAG(s) dict_keys(['example_bash_operator']) retrieved from /home/airflow/.local/lib/python3.7/site-packages/airflow/example_dags/example_bash_operator.py
[2023-04-02 18:05:10,634] {logging_mixin.py:115} INFO - [2023-04-02 18:05:10,634] {dag.py:2371} INFO - Sync 1 DAGs
[2023-04-02 18:05:10,783] {logging_mixin.py:115} INFO - [2023-04-02 18:05:10,783] {dag.py:2919} INFO - Setting next_dagrun for example_bash_operator to 2023-04-01T00:00:00+00:00, run_after=2023-04-02T00:00:00+00:00
[2023-04-02 18:05:10,796] {processor.py:161} INFO - Processing /home/airflow/.local/lib/python3.7/site-packages/airflow/example_dags/example_bash_operator.py took 0.215 seconds
[2023-04-02 18:05:40,908] {processor.py:153} INFO - Started process (PID=1264) to work on /home/airflow/.local/lib/python3.7/site-packages/airflow/example_dags/example_bash_operator.py
[2023-04-02 18:05:40,909] {processor.py:641} INFO - Processing file /home/airflow/.local/lib/python3.7/site-packages/airflow/example_dags/example_bash_operator.py for tasks to queue
[2023-04-02 18:05:40,910] {logging_mixin.py:115} INFO - [2023-04-02 18:05:40,910] {dagbag.py:507} INFO - Filling up the DagBag from /home/airflow/.local/lib/python3.7/site-packages/airflow/example_dags/example_bash_operator.py
[2023-04-02 18:05:40,924] {processor.py:651} INFO - DAG(s) dict_keys(['example_bash_operator']) retrieved from /home/airflow/.local/lib/python3.7/site-packages/airflow/example_dags/example_bash_operator.py
[2023-04-02 18:05:40,954] {logging_mixin.py:115} INFO - [2023-04-02 18:05:40,954] {dag.py:2371} INFO - Sync 1 DAGs
[2023-04-02 18:05:41,110] {logging_mixin.py:115} INFO - [2023-04-02 18:05:41,110] {dag.py:2919} INFO - Setting next_dagrun for example_bash_operator to 2023-04-01T00:00:00+00:00, run_after=2023-04-02T00:00:00+00:00
[2023-04-02 18:05:41,124] {processor.py:161} INFO - Processing /home/airflow/.local/lib/python3.7/site-packages/airflow/example_dags/example_bash_operator.py took 0.220 seconds
[2023-04-02 18:06:11,807] {processor.py:153} INFO - Started process (PID=1328) to work on /home/airflow/.local/lib/python3.7/site-packages/airflow/example_dags/example_bash_operator.py
[2023-04-02 18:06:11,808] {processor.py:641} INFO - Processing file /home/airflow/.local/lib/python3.7/site-packages/airflow/example_dags/example_bash_operator.py for tasks to queue
[2023-04-02 18:06:11,810] {logging_mixin.py:115} INFO - [2023-04-02 18:06:11,810] {dagbag.py:507} INFO - Filling up the DagBag from /home/airflow/.local/lib/python3.7/site-packages/airflow/example_dags/example_bash_operator.py
[2023-04-02 18:06:11,824] {processor.py:651} INFO - DAG(s) dict_keys(['example_bash_operator']) retrieved from /home/airflow/.local/lib/python3.7/site-packages/airflow/example_dags/example_bash_operator.py
[2023-04-02 18:06:11,855] {logging_mixin.py:115} INFO - [2023-04-02 18:06:11,855] {dag.py:2371} INFO - Sync 1 DAGs
[2023-04-02 18:06:11,993] {logging_mixin.py:115} INFO - [2023-04-02 18:06:11,993] {dag.py:2919} INFO - Setting next_dagrun for example_bash_operator to 2023-04-01T00:00:00+00:00, run_after=2023-04-02T00:00:00+00:00
[2023-04-02 18:06:12,007] {processor.py:161} INFO - Processing /home/airflow/.local/lib/python3.7/site-packages/airflow/example_dags/example_bash_operator.py took 0.205 seconds
[2023-04-02 18:06:42,729] {processor.py:153} INFO - Started process (PID=1391) to work on /home/airflow/.local/lib/python3.7/site-packages/airflow/example_dags/example_bash_operator.py
[2023-04-02 18:06:42,731] {processor.py:641} INFO - Processing file /home/airflow/.local/lib/python3.7/site-packages/airflow/example_dags/example_bash_operator.py for tasks to queue
[2023-04-02 18:06:42,732] {logging_mixin.py:115} INFO - [2023-04-02 18:06:42,732] {dagbag.py:507} INFO - Filling up the DagBag from /home/airflow/.local/lib/python3.7/site-packages/airflow/example_dags/example_bash_operator.py
[2023-04-02 18:06:42,746] {processor.py:651} INFO - DAG(s) dict_keys(['example_bash_operator']) retrieved from /home/airflow/.local/lib/python3.7/site-packages/airflow/example_dags/example_bash_operator.py
[2023-04-02 18:06:42,776] {logging_mixin.py:115} INFO - [2023-04-02 18:06:42,776] {dag.py:2371} INFO - Sync 1 DAGs
[2023-04-02 18:06:42,930] {logging_mixin.py:115} INFO - [2023-04-02 18:06:42,930] {dag.py:2919} INFO - Setting next_dagrun for example_bash_operator to 2023-04-01T00:00:00+00:00, run_after=2023-04-02T00:00:00+00:00
[2023-04-02 18:06:42,942] {processor.py:161} INFO - Processing /home/airflow/.local/lib/python3.7/site-packages/airflow/example_dags/example_bash_operator.py took 0.217 seconds
[2023-04-02 18:07:13,546] {processor.py:153} INFO - Started process (PID=1445) to work on /home/airflow/.local/lib/python3.7/site-packages/airflow/example_dags/example_bash_operator.py
[2023-04-02 18:07:13,547] {processor.py:641} INFO - Processing file /home/airflow/.local/lib/python3.7/site-packages/airflow/example_dags/example_bash_operator.py for tasks to queue
[2023-04-02 18:07:13,548] {logging_mixin.py:115} INFO - [2023-04-02 18:07:13,548] {dagbag.py:507} INFO - Filling up the DagBag from /home/airflow/.local/lib/python3.7/site-packages/airflow/example_dags/example_bash_operator.py
[2023-04-02 18:07:13,562] {processor.py:651} INFO - DAG(s) dict_keys(['example_bash_operator']) retrieved from /home/airflow/.local/lib/python3.7/site-packages/airflow/example_dags/example_bash_operator.py
[2023-04-02 18:07:13,592] {logging_mixin.py:115} INFO - [2023-04-02 18:07:13,592] {dag.py:2371} INFO - Sync 1 DAGs
[2023-04-02 18:07:13,733] {logging_mixin.py:115} INFO - [2023-04-02 18:07:13,733] {dag.py:2919} INFO - Setting next_dagrun for example_bash_operator to 2023-04-01T00:00:00+00:00, run_after=2023-04-02T00:00:00+00:00
[2023-04-02 18:07:13,748] {processor.py:161} INFO - Processing /home/airflow/.local/lib/python3.7/site-packages/airflow/example_dags/example_bash_operator.py took 0.206 seconds
[2023-04-02 18:07:44,212] {processor.py:153} INFO - Started process (PID=1509) to work on /home/airflow/.local/lib/python3.7/site-packages/airflow/example_dags/example_bash_operator.py
[2023-04-02 18:07:44,213] {processor.py:641} INFO - Processing file /home/airflow/.local/lib/python3.7/site-packages/airflow/example_dags/example_bash_operator.py for tasks to queue
[2023-04-02 18:07:44,215] {logging_mixin.py:115} INFO - [2023-04-02 18:07:44,215] {dagbag.py:507} INFO - Filling up the DagBag from /home/airflow/.local/lib/python3.7/site-packages/airflow/example_dags/example_bash_operator.py
[2023-04-02 18:07:44,230] {processor.py:651} INFO - DAG(s) dict_keys(['example_bash_operator']) retrieved from /home/airflow/.local/lib/python3.7/site-packages/airflow/example_dags/example_bash_operator.py
[2023-04-02 18:07:44,260] {logging_mixin.py:115} INFO - [2023-04-02 18:07:44,260] {dag.py:2371} INFO - Sync 1 DAGs
[2023-04-02 18:07:44,403] {logging_mixin.py:115} INFO - [2023-04-02 18:07:44,403] {dag.py:2919} INFO - Setting next_dagrun for example_bash_operator to 2023-04-01T00:00:00+00:00, run_after=2023-04-02T00:00:00+00:00
[2023-04-02 18:07:44,417] {processor.py:161} INFO - Processing /home/airflow/.local/lib/python3.7/site-packages/airflow/example_dags/example_bash_operator.py took 0.208 seconds
[2023-04-02 18:08:14,851] {processor.py:153} INFO - Started process (PID=1572) to work on /home/airflow/.local/lib/python3.7/site-packages/airflow/example_dags/example_bash_operator.py
[2023-04-02 18:08:14,852] {processor.py:641} INFO - Processing file /home/airflow/.local/lib/python3.7/site-packages/airflow/example_dags/example_bash_operator.py for tasks to queue
[2023-04-02 18:08:14,854] {logging_mixin.py:115} INFO - [2023-04-02 18:08:14,853] {dagbag.py:507} INFO - Filling up the DagBag from /home/airflow/.local/lib/python3.7/site-packages/airflow/example_dags/example_bash_operator.py
[2023-04-02 18:08:14,867] {processor.py:651} INFO - DAG(s) dict_keys(['example_bash_operator']) retrieved from /home/airflow/.local/lib/python3.7/site-packages/airflow/example_dags/example_bash_operator.py
[2023-04-02 18:08:14,897] {logging_mixin.py:115} INFO - [2023-04-02 18:08:14,896] {dag.py:2371} INFO - Sync 1 DAGs
[2023-04-02 18:08:15,053] {logging_mixin.py:115} INFO - [2023-04-02 18:08:15,053] {dag.py:2919} INFO - Setting next_dagrun for example_bash_operator to 2023-04-01T00:00:00+00:00, run_after=2023-04-02T00:00:00+00:00
[2023-04-02 18:08:15,067] {processor.py:161} INFO - Processing /home/airflow/.local/lib/python3.7/site-packages/airflow/example_dags/example_bash_operator.py took 0.220 seconds
[2023-04-02 18:08:45,388] {processor.py:153} INFO - Started process (PID=1635) to work on /home/airflow/.local/lib/python3.7/site-packages/airflow/example_dags/example_bash_operator.py
[2023-04-02 18:08:45,390] {processor.py:641} INFO - Processing file /home/airflow/.local/lib/python3.7/site-packages/airflow/example_dags/example_bash_operator.py for tasks to queue
[2023-04-02 18:08:45,391] {logging_mixin.py:115} INFO - [2023-04-02 18:08:45,391] {dagbag.py:507} INFO - Filling up the DagBag from /home/airflow/.local/lib/python3.7/site-packages/airflow/example_dags/example_bash_operator.py
[2023-04-02 18:08:45,405] {processor.py:651} INFO - DAG(s) dict_keys(['example_bash_operator']) retrieved from /home/airflow/.local/lib/python3.7/site-packages/airflow/example_dags/example_bash_operator.py
[2023-04-02 18:08:45,433] {logging_mixin.py:115} INFO - [2023-04-02 18:08:45,433] {dag.py:2371} INFO - Sync 1 DAGs
[2023-04-02 18:08:45,581] {logging_mixin.py:115} INFO - [2023-04-02 18:08:45,581] {dag.py:2919} INFO - Setting next_dagrun for example_bash_operator to 2023-04-01T00:00:00+00:00, run_after=2023-04-02T00:00:00+00:00
[2023-04-02 18:08:45,594] {processor.py:161} INFO - Processing /home/airflow/.local/lib/python3.7/site-packages/airflow/example_dags/example_bash_operator.py took 0.210 seconds
[2023-04-02 18:09:16,117] {processor.py:153} INFO - Started process (PID=1689) to work on /home/airflow/.local/lib/python3.7/site-packages/airflow/example_dags/example_bash_operator.py
[2023-04-02 18:09:16,119] {processor.py:641} INFO - Processing file /home/airflow/.local/lib/python3.7/site-packages/airflow/example_dags/example_bash_operator.py for tasks to queue
[2023-04-02 18:09:16,120] {logging_mixin.py:115} INFO - [2023-04-02 18:09:16,120] {dagbag.py:507} INFO - Filling up the DagBag from /home/airflow/.local/lib/python3.7/site-packages/airflow/example_dags/example_bash_operator.py
[2023-04-02 18:09:16,136] {processor.py:651} INFO - DAG(s) dict_keys(['example_bash_operator']) retrieved from /home/airflow/.local/lib/python3.7/site-packages/airflow/example_dags/example_bash_operator.py
[2023-04-02 18:09:16,168] {logging_mixin.py:115} INFO - [2023-04-02 18:09:16,168] {dag.py:2371} INFO - Sync 1 DAGs
[2023-04-02 18:09:16,326] {logging_mixin.py:115} INFO - [2023-04-02 18:09:16,326] {dag.py:2919} INFO - Setting next_dagrun for example_bash_operator to 2023-04-01T00:00:00+00:00, run_after=2023-04-02T00:00:00+00:00
[2023-04-02 18:09:16,344] {processor.py:161} INFO - Processing /home/airflow/.local/lib/python3.7/site-packages/airflow/example_dags/example_bash_operator.py took 0.232 seconds
[2023-04-02 18:09:46,643] {processor.py:153} INFO - Started process (PID=1752) to work on /home/airflow/.local/lib/python3.7/site-packages/airflow/example_dags/example_bash_operator.py
[2023-04-02 18:09:46,647] {processor.py:641} INFO - Processing file /home/airflow/.local/lib/python3.7/site-packages/airflow/example_dags/example_bash_operator.py for tasks to queue
[2023-04-02 18:09:46,648] {logging_mixin.py:115} INFO - [2023-04-02 18:09:46,648] {dagbag.py:507} INFO - Filling up the DagBag from /home/airflow/.local/lib/python3.7/site-packages/airflow/example_dags/example_bash_operator.py
[2023-04-02 18:09:46,663] {processor.py:651} INFO - DAG(s) dict_keys(['example_bash_operator']) retrieved from /home/airflow/.local/lib/python3.7/site-packages/airflow/example_dags/example_bash_operator.py
[2023-04-02 18:09:46,691] {logging_mixin.py:115} INFO - [2023-04-02 18:09:46,691] {dag.py:2371} INFO - Sync 1 DAGs
[2023-04-02 18:09:46,843] {logging_mixin.py:115} INFO - [2023-04-02 18:09:46,843] {dag.py:2919} INFO - Setting next_dagrun for example_bash_operator to 2023-04-01T00:00:00+00:00, run_after=2023-04-02T00:00:00+00:00
[2023-04-02 18:09:46,858] {processor.py:161} INFO - Processing /home/airflow/.local/lib/python3.7/site-packages/airflow/example_dags/example_bash_operator.py took 0.220 seconds
[2023-04-02 18:10:17,540] {processor.py:153} INFO - Started process (PID=1815) to work on /home/airflow/.local/lib/python3.7/site-packages/airflow/example_dags/example_bash_operator.py
[2023-04-02 18:10:17,541] {processor.py:641} INFO - Processing file /home/airflow/.local/lib/python3.7/site-packages/airflow/example_dags/example_bash_operator.py for tasks to queue
[2023-04-02 18:10:17,543] {logging_mixin.py:115} INFO - [2023-04-02 18:10:17,543] {dagbag.py:507} INFO - Filling up the DagBag from /home/airflow/.local/lib/python3.7/site-packages/airflow/example_dags/example_bash_operator.py
[2023-04-02 18:10:17,563] {processor.py:651} INFO - DAG(s) dict_keys(['example_bash_operator']) retrieved from /home/airflow/.local/lib/python3.7/site-packages/airflow/example_dags/example_bash_operator.py
[2023-04-02 18:10:17,598] {logging_mixin.py:115} INFO - [2023-04-02 18:10:17,598] {dag.py:2371} INFO - Sync 1 DAGs
[2023-04-02 18:10:17,768] {logging_mixin.py:115} INFO - [2023-04-02 18:10:17,767] {dag.py:2919} INFO - Setting next_dagrun for example_bash_operator to 2023-04-01T00:00:00+00:00, run_after=2023-04-02T00:00:00+00:00
[2023-04-02 18:10:17,784] {processor.py:161} INFO - Processing /home/airflow/.local/lib/python3.7/site-packages/airflow/example_dags/example_bash_operator.py took 0.249 seconds
[2023-04-02 18:10:48,339] {processor.py:153} INFO - Started process (PID=1878) to work on /home/airflow/.local/lib/python3.7/site-packages/airflow/example_dags/example_bash_operator.py
[2023-04-02 18:10:48,341] {processor.py:641} INFO - Processing file /home/airflow/.local/lib/python3.7/site-packages/airflow/example_dags/example_bash_operator.py for tasks to queue
[2023-04-02 18:10:48,342] {logging_mixin.py:115} INFO - [2023-04-02 18:10:48,342] {dagbag.py:507} INFO - Filling up the DagBag from /home/airflow/.local/lib/python3.7/site-packages/airflow/example_dags/example_bash_operator.py
[2023-04-02 18:10:48,357] {processor.py:651} INFO - DAG(s) dict_keys(['example_bash_operator']) retrieved from /home/airflow/.local/lib/python3.7/site-packages/airflow/example_dags/example_bash_operator.py
[2023-04-02 18:10:48,393] {logging_mixin.py:115} INFO - [2023-04-02 18:10:48,393] {dag.py:2371} INFO - Sync 1 DAGs
[2023-04-02 18:10:48,419] {logging_mixin.py:115} INFO - [2023-04-02 18:10:48,419] {dag.py:2919} INFO - Setting next_dagrun for example_bash_operator to 2023-04-01T00:00:00+00:00, run_after=2023-04-02T00:00:00+00:00
[2023-04-02 18:10:48,435] {processor.py:161} INFO - Processing /home/airflow/.local/lib/python3.7/site-packages/airflow/example_dags/example_bash_operator.py took 0.100 seconds
[2023-04-02 18:11:18,786] {processor.py:153} INFO - Started process (PID=1932) to work on /home/airflow/.local/lib/python3.7/site-packages/airflow/example_dags/example_bash_operator.py
[2023-04-02 18:11:18,788] {processor.py:641} INFO - Processing file /home/airflow/.local/lib/python3.7/site-packages/airflow/example_dags/example_bash_operator.py for tasks to queue
[2023-04-02 18:11:18,789] {logging_mixin.py:115} INFO - [2023-04-02 18:11:18,789] {dagbag.py:507} INFO - Filling up the DagBag from /home/airflow/.local/lib/python3.7/site-packages/airflow/example_dags/example_bash_operator.py
[2023-04-02 18:11:18,805] {processor.py:651} INFO - DAG(s) dict_keys(['example_bash_operator']) retrieved from /home/airflow/.local/lib/python3.7/site-packages/airflow/example_dags/example_bash_operator.py
[2023-04-02 18:11:18,838] {logging_mixin.py:115} INFO - [2023-04-02 18:11:18,838] {dag.py:2371} INFO - Sync 1 DAGs
[2023-04-02 18:11:18,864] {logging_mixin.py:115} INFO - [2023-04-02 18:11:18,864] {dag.py:2919} INFO - Setting next_dagrun for example_bash_operator to 2023-04-01T00:00:00+00:00, run_after=2023-04-02T00:00:00+00:00
[2023-04-02 18:11:18,877] {processor.py:161} INFO - Processing /home/airflow/.local/lib/python3.7/site-packages/airflow/example_dags/example_bash_operator.py took 0.095 seconds
[2023-04-02 18:11:49,343] {processor.py:153} INFO - Started process (PID=1995) to work on /home/airflow/.local/lib/python3.7/site-packages/airflow/example_dags/example_bash_operator.py
[2023-04-02 18:11:49,344] {processor.py:641} INFO - Processing file /home/airflow/.local/lib/python3.7/site-packages/airflow/example_dags/example_bash_operator.py for tasks to queue
[2023-04-02 18:11:49,346] {logging_mixin.py:115} INFO - [2023-04-02 18:11:49,346] {dagbag.py:507} INFO - Filling up the DagBag from /home/airflow/.local/lib/python3.7/site-packages/airflow/example_dags/example_bash_operator.py
[2023-04-02 18:11:49,359] {processor.py:651} INFO - DAG(s) dict_keys(['example_bash_operator']) retrieved from /home/airflow/.local/lib/python3.7/site-packages/airflow/example_dags/example_bash_operator.py
[2023-04-02 18:11:49,392] {logging_mixin.py:115} INFO - [2023-04-02 18:11:49,392] {dag.py:2371} INFO - Sync 1 DAGs
[2023-04-02 18:11:49,417] {logging_mixin.py:115} INFO - [2023-04-02 18:11:49,417] {dag.py:2919} INFO - Setting next_dagrun for example_bash_operator to 2023-04-01T00:00:00+00:00, run_after=2023-04-02T00:00:00+00:00
[2023-04-02 18:11:49,429] {processor.py:161} INFO - Processing /home/airflow/.local/lib/python3.7/site-packages/airflow/example_dags/example_bash_operator.py took 0.090 seconds
[2023-04-02 18:12:19,647] {processor.py:153} INFO - Started process (PID=2058) to work on /home/airflow/.local/lib/python3.7/site-packages/airflow/example_dags/example_bash_operator.py
[2023-04-02 18:12:19,649] {processor.py:641} INFO - Processing file /home/airflow/.local/lib/python3.7/site-packages/airflow/example_dags/example_bash_operator.py for tasks to queue
[2023-04-02 18:12:19,653] {logging_mixin.py:115} INFO - [2023-04-02 18:12:19,653] {dagbag.py:507} INFO - Filling up the DagBag from /home/airflow/.local/lib/python3.7/site-packages/airflow/example_dags/example_bash_operator.py
[2023-04-02 18:12:19,669] {processor.py:651} INFO - DAG(s) dict_keys(['example_bash_operator']) retrieved from /home/airflow/.local/lib/python3.7/site-packages/airflow/example_dags/example_bash_operator.py
[2023-04-02 18:12:19,710] {logging_mixin.py:115} INFO - [2023-04-02 18:12:19,709] {dag.py:2371} INFO - Sync 1 DAGs
[2023-04-02 18:12:19,734] {logging_mixin.py:115} INFO - [2023-04-02 18:12:19,734] {dag.py:2919} INFO - Setting next_dagrun for example_bash_operator to 2023-04-01T00:00:00+00:00, run_after=2023-04-02T00:00:00+00:00
[2023-04-02 18:12:19,747] {processor.py:161} INFO - Processing /home/airflow/.local/lib/python3.7/site-packages/airflow/example_dags/example_bash_operator.py took 0.105 seconds
[2023-04-02 18:12:50,156] {processor.py:153} INFO - Started process (PID=2112) to work on /home/airflow/.local/lib/python3.7/site-packages/airflow/example_dags/example_bash_operator.py
[2023-04-02 18:12:50,157] {processor.py:641} INFO - Processing file /home/airflow/.local/lib/python3.7/site-packages/airflow/example_dags/example_bash_operator.py for tasks to queue
[2023-04-02 18:12:50,159] {logging_mixin.py:115} INFO - [2023-04-02 18:12:50,159] {dagbag.py:507} INFO - Filling up the DagBag from /home/airflow/.local/lib/python3.7/site-packages/airflow/example_dags/example_bash_operator.py
[2023-04-02 18:12:50,172] {processor.py:651} INFO - DAG(s) dict_keys(['example_bash_operator']) retrieved from /home/airflow/.local/lib/python3.7/site-packages/airflow/example_dags/example_bash_operator.py
[2023-04-02 18:12:50,209] {logging_mixin.py:115} INFO - [2023-04-02 18:12:50,209] {dag.py:2371} INFO - Sync 1 DAGs
[2023-04-02 18:12:50,236] {logging_mixin.py:115} INFO - [2023-04-02 18:12:50,236] {dag.py:2919} INFO - Setting next_dagrun for example_bash_operator to 2023-04-01T00:00:00+00:00, run_after=2023-04-02T00:00:00+00:00
[2023-04-02 18:12:50,250] {processor.py:161} INFO - Processing /home/airflow/.local/lib/python3.7/site-packages/airflow/example_dags/example_bash_operator.py took 0.098 seconds
[2023-04-02 18:13:20,458] {processor.py:153} INFO - Started process (PID=2175) to work on /home/airflow/.local/lib/python3.7/site-packages/airflow/example_dags/example_bash_operator.py
[2023-04-02 18:13:20,459] {processor.py:641} INFO - Processing file /home/airflow/.local/lib/python3.7/site-packages/airflow/example_dags/example_bash_operator.py for tasks to queue
[2023-04-02 18:13:20,461] {logging_mixin.py:115} INFO - [2023-04-02 18:13:20,460] {dagbag.py:507} INFO - Filling up the DagBag from /home/airflow/.local/lib/python3.7/site-packages/airflow/example_dags/example_bash_operator.py
[2023-04-02 18:13:20,474] {processor.py:651} INFO - DAG(s) dict_keys(['example_bash_operator']) retrieved from /home/airflow/.local/lib/python3.7/site-packages/airflow/example_dags/example_bash_operator.py
[2023-04-02 18:13:20,505] {logging_mixin.py:115} INFO - [2023-04-02 18:13:20,505] {dag.py:2371} INFO - Sync 1 DAGs
[2023-04-02 18:13:20,529] {logging_mixin.py:115} INFO - [2023-04-02 18:13:20,529] {dag.py:2919} INFO - Setting next_dagrun for example_bash_operator to 2023-04-01T00:00:00+00:00, run_after=2023-04-02T00:00:00+00:00
[2023-04-02 18:13:20,545] {processor.py:161} INFO - Processing /home/airflow/.local/lib/python3.7/site-packages/airflow/example_dags/example_bash_operator.py took 0.090 seconds
[2023-04-02 18:13:50,742] {processor.py:153} INFO - Started process (PID=2238) to work on /home/airflow/.local/lib/python3.7/site-packages/airflow/example_dags/example_bash_operator.py
[2023-04-02 18:13:50,743] {processor.py:641} INFO - Processing file /home/airflow/.local/lib/python3.7/site-packages/airflow/example_dags/example_bash_operator.py for tasks to queue
[2023-04-02 18:13:50,745] {logging_mixin.py:115} INFO - [2023-04-02 18:13:50,745] {dagbag.py:507} INFO - Filling up the DagBag from /home/airflow/.local/lib/python3.7/site-packages/airflow/example_dags/example_bash_operator.py
[2023-04-02 18:13:50,767] {processor.py:651} INFO - DAG(s) dict_keys(['example_bash_operator']) retrieved from /home/airflow/.local/lib/python3.7/site-packages/airflow/example_dags/example_bash_operator.py
[2023-04-02 18:13:50,801] {logging_mixin.py:115} INFO - [2023-04-02 18:13:50,801] {dag.py:2371} INFO - Sync 1 DAGs
[2023-04-02 18:13:50,825] {logging_mixin.py:115} INFO - [2023-04-02 18:13:50,825] {dag.py:2919} INFO - Setting next_dagrun for example_bash_operator to 2023-04-01T00:00:00+00:00, run_after=2023-04-02T00:00:00+00:00
[2023-04-02 18:13:50,837] {processor.py:161} INFO - Processing /home/airflow/.local/lib/python3.7/site-packages/airflow/example_dags/example_bash_operator.py took 0.101 seconds
[2023-04-02 18:14:21,037] {processor.py:153} INFO - Started process (PID=2292) to work on /home/airflow/.local/lib/python3.7/site-packages/airflow/example_dags/example_bash_operator.py
[2023-04-02 18:14:21,039] {processor.py:641} INFO - Processing file /home/airflow/.local/lib/python3.7/site-packages/airflow/example_dags/example_bash_operator.py for tasks to queue
[2023-04-02 18:14:21,040] {logging_mixin.py:115} INFO - [2023-04-02 18:14:21,040] {dagbag.py:507} INFO - Filling up the DagBag from /home/airflow/.local/lib/python3.7/site-packages/airflow/example_dags/example_bash_operator.py
[2023-04-02 18:14:21,054] {processor.py:651} INFO - DAG(s) dict_keys(['example_bash_operator']) retrieved from /home/airflow/.local/lib/python3.7/site-packages/airflow/example_dags/example_bash_operator.py
[2023-04-02 18:14:21,084] {logging_mixin.py:115} INFO - [2023-04-02 18:14:21,084] {dag.py:2371} INFO - Sync 1 DAGs
[2023-04-02 18:14:21,107] {logging_mixin.py:115} INFO - [2023-04-02 18:14:21,107] {dag.py:2919} INFO - Setting next_dagrun for example_bash_operator to 2023-04-01T00:00:00+00:00, run_after=2023-04-02T00:00:00+00:00
[2023-04-02 18:14:21,120] {processor.py:161} INFO - Processing /home/airflow/.local/lib/python3.7/site-packages/airflow/example_dags/example_bash_operator.py took 0.087 seconds
[2023-04-02 18:14:51,312] {processor.py:153} INFO - Started process (PID=2355) to work on /home/airflow/.local/lib/python3.7/site-packages/airflow/example_dags/example_bash_operator.py
[2023-04-02 18:14:51,313] {processor.py:641} INFO - Processing file /home/airflow/.local/lib/python3.7/site-packages/airflow/example_dags/example_bash_operator.py for tasks to queue
[2023-04-02 18:14:51,314] {logging_mixin.py:115} INFO - [2023-04-02 18:14:51,314] {dagbag.py:507} INFO - Filling up the DagBag from /home/airflow/.local/lib/python3.7/site-packages/airflow/example_dags/example_bash_operator.py
[2023-04-02 18:14:51,328] {processor.py:651} INFO - DAG(s) dict_keys(['example_bash_operator']) retrieved from /home/airflow/.local/lib/python3.7/site-packages/airflow/example_dags/example_bash_operator.py
[2023-04-02 18:14:51,358] {logging_mixin.py:115} INFO - [2023-04-02 18:14:51,358] {dag.py:2371} INFO - Sync 1 DAGs
[2023-04-02 18:14:51,382] {logging_mixin.py:115} INFO - [2023-04-02 18:14:51,381] {dag.py:2919} INFO - Setting next_dagrun for example_bash_operator to 2023-04-01T00:00:00+00:00, run_after=2023-04-02T00:00:00+00:00
[2023-04-02 18:14:51,394] {processor.py:161} INFO - Processing /home/airflow/.local/lib/python3.7/site-packages/airflow/example_dags/example_bash_operator.py took 0.085 seconds
[2023-04-02 18:15:21,533] {processor.py:153} INFO - Started process (PID=2418) to work on /home/airflow/.local/lib/python3.7/site-packages/airflow/example_dags/example_bash_operator.py
[2023-04-02 18:15:21,534] {processor.py:641} INFO - Processing file /home/airflow/.local/lib/python3.7/site-packages/airflow/example_dags/example_bash_operator.py for tasks to queue
[2023-04-02 18:15:21,536] {logging_mixin.py:115} INFO - [2023-04-02 18:15:21,535] {dagbag.py:507} INFO - Filling up the DagBag from /home/airflow/.local/lib/python3.7/site-packages/airflow/example_dags/example_bash_operator.py
[2023-04-02 18:15:21,549] {processor.py:651} INFO - DAG(s) dict_keys(['example_bash_operator']) retrieved from /home/airflow/.local/lib/python3.7/site-packages/airflow/example_dags/example_bash_operator.py
[2023-04-02 18:15:21,580] {logging_mixin.py:115} INFO - [2023-04-02 18:15:21,580] {dag.py:2371} INFO - Sync 1 DAGs
[2023-04-02 18:15:21,603] {logging_mixin.py:115} INFO - [2023-04-02 18:15:21,603] {dag.py:2919} INFO - Setting next_dagrun for example_bash_operator to 2023-04-01T00:00:00+00:00, run_after=2023-04-02T00:00:00+00:00
[2023-04-02 18:15:21,615] {processor.py:161} INFO - Processing /home/airflow/.local/lib/python3.7/site-packages/airflow/example_dags/example_bash_operator.py took 0.085 seconds
[2023-04-02 18:15:52,124] {processor.py:153} INFO - Started process (PID=2472) to work on /home/airflow/.local/lib/python3.7/site-packages/airflow/example_dags/example_bash_operator.py
[2023-04-02 18:15:52,125] {processor.py:641} INFO - Processing file /home/airflow/.local/lib/python3.7/site-packages/airflow/example_dags/example_bash_operator.py for tasks to queue
[2023-04-02 18:15:52,127] {logging_mixin.py:115} INFO - [2023-04-02 18:15:52,127] {dagbag.py:507} INFO - Filling up the DagBag from /home/airflow/.local/lib/python3.7/site-packages/airflow/example_dags/example_bash_operator.py
[2023-04-02 18:15:52,140] {processor.py:651} INFO - DAG(s) dict_keys(['example_bash_operator']) retrieved from /home/airflow/.local/lib/python3.7/site-packages/airflow/example_dags/example_bash_operator.py
[2023-04-02 18:15:52,170] {logging_mixin.py:115} INFO - [2023-04-02 18:15:52,170] {dag.py:2371} INFO - Sync 1 DAGs
[2023-04-02 18:15:52,193] {logging_mixin.py:115} INFO - [2023-04-02 18:15:52,193] {dag.py:2919} INFO - Setting next_dagrun for example_bash_operator to 2023-04-01T00:00:00+00:00, run_after=2023-04-02T00:00:00+00:00
[2023-04-02 18:15:52,205] {processor.py:161} INFO - Processing /home/airflow/.local/lib/python3.7/site-packages/airflow/example_dags/example_bash_operator.py took 0.084 seconds
[2023-04-02 18:16:22,661] {processor.py:153} INFO - Started process (PID=2535) to work on /home/airflow/.local/lib/python3.7/site-packages/airflow/example_dags/example_bash_operator.py
[2023-04-02 18:16:22,663] {processor.py:641} INFO - Processing file /home/airflow/.local/lib/python3.7/site-packages/airflow/example_dags/example_bash_operator.py for tasks to queue
[2023-04-02 18:16:22,664] {logging_mixin.py:115} INFO - [2023-04-02 18:16:22,664] {dagbag.py:507} INFO - Filling up the DagBag from /home/airflow/.local/lib/python3.7/site-packages/airflow/example_dags/example_bash_operator.py
[2023-04-02 18:16:22,680] {processor.py:651} INFO - DAG(s) dict_keys(['example_bash_operator']) retrieved from /home/airflow/.local/lib/python3.7/site-packages/airflow/example_dags/example_bash_operator.py
[2023-04-02 18:16:22,716] {logging_mixin.py:115} INFO - [2023-04-02 18:16:22,716] {dag.py:2371} INFO - Sync 1 DAGs
[2023-04-02 18:16:22,743] {logging_mixin.py:115} INFO - [2023-04-02 18:16:22,742] {dag.py:2919} INFO - Setting next_dagrun for example_bash_operator to 2023-04-01T00:00:00+00:00, run_after=2023-04-02T00:00:00+00:00
[2023-04-02 18:16:22,756] {processor.py:161} INFO - Processing /home/airflow/.local/lib/python3.7/site-packages/airflow/example_dags/example_bash_operator.py took 0.099 seconds
[2023-04-02 18:16:53,165] {processor.py:153} INFO - Started process (PID=2598) to work on /home/airflow/.local/lib/python3.7/site-packages/airflow/example_dags/example_bash_operator.py
[2023-04-02 18:16:53,167] {processor.py:641} INFO - Processing file /home/airflow/.local/lib/python3.7/site-packages/airflow/example_dags/example_bash_operator.py for tasks to queue
[2023-04-02 18:16:53,168] {logging_mixin.py:115} INFO - [2023-04-02 18:16:53,168] {dagbag.py:507} INFO - Filling up the DagBag from /home/airflow/.local/lib/python3.7/site-packages/airflow/example_dags/example_bash_operator.py
[2023-04-02 18:16:53,192] {processor.py:651} INFO - DAG(s) dict_keys(['example_bash_operator']) retrieved from /home/airflow/.local/lib/python3.7/site-packages/airflow/example_dags/example_bash_operator.py
[2023-04-02 18:16:53,251] {logging_mixin.py:115} INFO - [2023-04-02 18:16:53,251] {dag.py:2371} INFO - Sync 1 DAGs
[2023-04-02 18:16:53,299] {logging_mixin.py:115} INFO - [2023-04-02 18:16:53,299] {dag.py:2919} INFO - Setting next_dagrun for example_bash_operator to 2023-04-01T00:00:00+00:00, run_after=2023-04-02T00:00:00+00:00
[2023-04-02 18:16:53,317] {processor.py:161} INFO - Processing /home/airflow/.local/lib/python3.7/site-packages/airflow/example_dags/example_bash_operator.py took 0.157 seconds
[2023-04-02 18:17:23,641] {processor.py:153} INFO - Started process (PID=2661) to work on /home/airflow/.local/lib/python3.7/site-packages/airflow/example_dags/example_bash_operator.py
[2023-04-02 18:17:23,642] {processor.py:641} INFO - Processing file /home/airflow/.local/lib/python3.7/site-packages/airflow/example_dags/example_bash_operator.py for tasks to queue
[2023-04-02 18:17:23,644] {logging_mixin.py:115} INFO - [2023-04-02 18:17:23,644] {dagbag.py:507} INFO - Filling up the DagBag from /home/airflow/.local/lib/python3.7/site-packages/airflow/example_dags/example_bash_operator.py
[2023-04-02 18:17:23,659] {processor.py:651} INFO - DAG(s) dict_keys(['example_bash_operator']) retrieved from /home/airflow/.local/lib/python3.7/site-packages/airflow/example_dags/example_bash_operator.py
[2023-04-02 18:17:23,691] {logging_mixin.py:115} INFO - [2023-04-02 18:17:23,690] {dag.py:2371} INFO - Sync 1 DAGs
[2023-04-02 18:17:23,720] {logging_mixin.py:115} INFO - [2023-04-02 18:17:23,720] {dag.py:2919} INFO - Setting next_dagrun for example_bash_operator to 2023-04-01T00:00:00+00:00, run_after=2023-04-02T00:00:00+00:00
[2023-04-02 18:17:23,736] {processor.py:161} INFO - Processing /home/airflow/.local/lib/python3.7/site-packages/airflow/example_dags/example_bash_operator.py took 0.099 seconds
[2023-04-02 18:17:54,070] {processor.py:153} INFO - Started process (PID=2715) to work on /home/airflow/.local/lib/python3.7/site-packages/airflow/example_dags/example_bash_operator.py
[2023-04-02 18:17:54,071] {processor.py:641} INFO - Processing file /home/airflow/.local/lib/python3.7/site-packages/airflow/example_dags/example_bash_operator.py for tasks to queue
[2023-04-02 18:17:54,073] {logging_mixin.py:115} INFO - [2023-04-02 18:17:54,073] {dagbag.py:507} INFO - Filling up the DagBag from /home/airflow/.local/lib/python3.7/site-packages/airflow/example_dags/example_bash_operator.py
[2023-04-02 18:17:54,086] {processor.py:651} INFO - DAG(s) dict_keys(['example_bash_operator']) retrieved from /home/airflow/.local/lib/python3.7/site-packages/airflow/example_dags/example_bash_operator.py
[2023-04-02 18:17:54,118] {logging_mixin.py:115} INFO - [2023-04-02 18:17:54,118] {dag.py:2371} INFO - Sync 1 DAGs
[2023-04-02 18:17:54,143] {logging_mixin.py:115} INFO - [2023-04-02 18:17:54,143] {dag.py:2919} INFO - Setting next_dagrun for example_bash_operator to 2023-04-01T00:00:00+00:00, run_after=2023-04-02T00:00:00+00:00
[2023-04-02 18:17:54,156] {processor.py:161} INFO - Processing /home/airflow/.local/lib/python3.7/site-packages/airflow/example_dags/example_bash_operator.py took 0.089 seconds
[2023-04-02 18:18:24,387] {processor.py:153} INFO - Started process (PID=2779) to work on /home/airflow/.local/lib/python3.7/site-packages/airflow/example_dags/example_bash_operator.py
[2023-04-02 18:18:24,388] {processor.py:641} INFO - Processing file /home/airflow/.local/lib/python3.7/site-packages/airflow/example_dags/example_bash_operator.py for tasks to queue
[2023-04-02 18:18:24,390] {logging_mixin.py:115} INFO - [2023-04-02 18:18:24,390] {dagbag.py:507} INFO - Filling up the DagBag from /home/airflow/.local/lib/python3.7/site-packages/airflow/example_dags/example_bash_operator.py
[2023-04-02 18:18:24,407] {processor.py:651} INFO - DAG(s) dict_keys(['example_bash_operator']) retrieved from /home/airflow/.local/lib/python3.7/site-packages/airflow/example_dags/example_bash_operator.py
[2023-04-02 18:18:24,447] {logging_mixin.py:115} INFO - [2023-04-02 18:18:24,447] {dag.py:2371} INFO - Sync 1 DAGs
[2023-04-02 18:18:24,479] {logging_mixin.py:115} INFO - [2023-04-02 18:18:24,478] {dag.py:2919} INFO - Setting next_dagrun for example_bash_operator to 2023-04-01T00:00:00+00:00, run_after=2023-04-02T00:00:00+00:00
[2023-04-02 18:18:24,491] {processor.py:161} INFO - Processing /home/airflow/.local/lib/python3.7/site-packages/airflow/example_dags/example_bash_operator.py took 0.109 seconds
[2023-04-02 18:18:54,855] {processor.py:153} INFO - Started process (PID=2842) to work on /home/airflow/.local/lib/python3.7/site-packages/airflow/example_dags/example_bash_operator.py
[2023-04-02 18:18:54,856] {processor.py:641} INFO - Processing file /home/airflow/.local/lib/python3.7/site-packages/airflow/example_dags/example_bash_operator.py for tasks to queue
[2023-04-02 18:18:54,858] {logging_mixin.py:115} INFO - [2023-04-02 18:18:54,858] {dagbag.py:507} INFO - Filling up the DagBag from /home/airflow/.local/lib/python3.7/site-packages/airflow/example_dags/example_bash_operator.py
[2023-04-02 18:18:54,872] {processor.py:651} INFO - DAG(s) dict_keys(['example_bash_operator']) retrieved from /home/airflow/.local/lib/python3.7/site-packages/airflow/example_dags/example_bash_operator.py
[2023-04-02 18:18:54,903] {logging_mixin.py:115} INFO - [2023-04-02 18:18:54,903] {dag.py:2371} INFO - Sync 1 DAGs
[2023-04-02 18:18:54,927] {logging_mixin.py:115} INFO - [2023-04-02 18:18:54,927] {dag.py:2919} INFO - Setting next_dagrun for example_bash_operator to 2023-04-01T00:00:00+00:00, run_after=2023-04-02T00:00:00+00:00
[2023-04-02 18:18:54,939] {processor.py:161} INFO - Processing /home/airflow/.local/lib/python3.7/site-packages/airflow/example_dags/example_bash_operator.py took 0.088 seconds
[2023-04-02 18:19:25,199] {processor.py:153} INFO - Started process (PID=2897) to work on /home/airflow/.local/lib/python3.7/site-packages/airflow/example_dags/example_bash_operator.py
[2023-04-02 18:19:25,200] {processor.py:641} INFO - Processing file /home/airflow/.local/lib/python3.7/site-packages/airflow/example_dags/example_bash_operator.py for tasks to queue
[2023-04-02 18:19:25,201] {logging_mixin.py:115} INFO - [2023-04-02 18:19:25,201] {dagbag.py:507} INFO - Filling up the DagBag from /home/airflow/.local/lib/python3.7/site-packages/airflow/example_dags/example_bash_operator.py
[2023-04-02 18:19:25,215] {processor.py:651} INFO - DAG(s) dict_keys(['example_bash_operator']) retrieved from /home/airflow/.local/lib/python3.7/site-packages/airflow/example_dags/example_bash_operator.py
[2023-04-02 18:19:25,245] {logging_mixin.py:115} INFO - [2023-04-02 18:19:25,245] {dag.py:2371} INFO - Sync 1 DAGs
[2023-04-02 18:19:25,269] {logging_mixin.py:115} INFO - [2023-04-02 18:19:25,269] {dag.py:2919} INFO - Setting next_dagrun for example_bash_operator to 2023-04-01T00:00:00+00:00, run_after=2023-04-02T00:00:00+00:00
[2023-04-02 18:19:25,282] {processor.py:161} INFO - Processing /home/airflow/.local/lib/python3.7/site-packages/airflow/example_dags/example_bash_operator.py took 0.087 seconds
[2023-04-02 18:19:55,380] {processor.py:153} INFO - Started process (PID=2960) to work on /home/airflow/.local/lib/python3.7/site-packages/airflow/example_dags/example_bash_operator.py
[2023-04-02 18:19:55,382] {processor.py:641} INFO - Processing file /home/airflow/.local/lib/python3.7/site-packages/airflow/example_dags/example_bash_operator.py for tasks to queue
[2023-04-02 18:19:55,383] {logging_mixin.py:115} INFO - [2023-04-02 18:19:55,383] {dagbag.py:507} INFO - Filling up the DagBag from /home/airflow/.local/lib/python3.7/site-packages/airflow/example_dags/example_bash_operator.py
[2023-04-02 18:19:55,397] {processor.py:651} INFO - DAG(s) dict_keys(['example_bash_operator']) retrieved from /home/airflow/.local/lib/python3.7/site-packages/airflow/example_dags/example_bash_operator.py
[2023-04-02 18:19:55,429] {logging_mixin.py:115} INFO - [2023-04-02 18:19:55,429] {dag.py:2371} INFO - Sync 1 DAGs
[2023-04-02 18:19:55,454] {logging_mixin.py:115} INFO - [2023-04-02 18:19:55,454] {dag.py:2919} INFO - Setting next_dagrun for example_bash_operator to 2023-04-01T00:00:00+00:00, run_after=2023-04-02T00:00:00+00:00
[2023-04-02 18:19:55,466] {processor.py:161} INFO - Processing /home/airflow/.local/lib/python3.7/site-packages/airflow/example_dags/example_bash_operator.py took 0.089 seconds
[2023-04-02 18:20:26,153] {processor.py:153} INFO - Started process (PID=3023) to work on /home/airflow/.local/lib/python3.7/site-packages/airflow/example_dags/example_bash_operator.py
[2023-04-02 18:20:26,155] {processor.py:641} INFO - Processing file /home/airflow/.local/lib/python3.7/site-packages/airflow/example_dags/example_bash_operator.py for tasks to queue
[2023-04-02 18:20:26,156] {logging_mixin.py:115} INFO - [2023-04-02 18:20:26,156] {dagbag.py:507} INFO - Filling up the DagBag from /home/airflow/.local/lib/python3.7/site-packages/airflow/example_dags/example_bash_operator.py
[2023-04-02 18:20:26,172] {processor.py:651} INFO - DAG(s) dict_keys(['example_bash_operator']) retrieved from /home/airflow/.local/lib/python3.7/site-packages/airflow/example_dags/example_bash_operator.py
[2023-04-02 18:20:26,199] {logging_mixin.py:115} INFO - [2023-04-02 18:20:26,199] {dag.py:2371} INFO - Sync 1 DAGs
[2023-04-02 18:20:26,227] {logging_mixin.py:115} INFO - [2023-04-02 18:20:26,227] {dag.py:2919} INFO - Setting next_dagrun for example_bash_operator to 2023-04-01T00:00:00+00:00, run_after=2023-04-02T00:00:00+00:00
[2023-04-02 18:20:26,239] {processor.py:161} INFO - Processing /home/airflow/.local/lib/python3.7/site-packages/airflow/example_dags/example_bash_operator.py took 0.089 seconds
[2023-04-02 18:20:56,957] {processor.py:153} INFO - Started process (PID=3086) to work on /home/airflow/.local/lib/python3.7/site-packages/airflow/example_dags/example_bash_operator.py
[2023-04-02 18:20:56,958] {processor.py:641} INFO - Processing file /home/airflow/.local/lib/python3.7/site-packages/airflow/example_dags/example_bash_operator.py for tasks to queue
[2023-04-02 18:20:56,960] {logging_mixin.py:115} INFO - [2023-04-02 18:20:56,959] {dagbag.py:507} INFO - Filling up the DagBag from /home/airflow/.local/lib/python3.7/site-packages/airflow/example_dags/example_bash_operator.py
[2023-04-02 18:20:56,978] {processor.py:651} INFO - DAG(s) dict_keys(['example_bash_operator']) retrieved from /home/airflow/.local/lib/python3.7/site-packages/airflow/example_dags/example_bash_operator.py
[2023-04-02 18:20:57,011] {logging_mixin.py:115} INFO - [2023-04-02 18:20:57,011] {dag.py:2371} INFO - Sync 1 DAGs
[2023-04-02 18:20:57,038] {logging_mixin.py:115} INFO - [2023-04-02 18:20:57,038] {dag.py:2919} INFO - Setting next_dagrun for example_bash_operator to 2023-04-01T00:00:00+00:00, run_after=2023-04-02T00:00:00+00:00
[2023-04-02 18:20:57,052] {processor.py:161} INFO - Processing /home/airflow/.local/lib/python3.7/site-packages/airflow/example_dags/example_bash_operator.py took 0.099 seconds
[2023-04-02 18:21:27,480] {processor.py:153} INFO - Started process (PID=3140) to work on /home/airflow/.local/lib/python3.7/site-packages/airflow/example_dags/example_bash_operator.py
[2023-04-02 18:21:27,482] {processor.py:641} INFO - Processing file /home/airflow/.local/lib/python3.7/site-packages/airflow/example_dags/example_bash_operator.py for tasks to queue
[2023-04-02 18:21:27,483] {logging_mixin.py:115} INFO - [2023-04-02 18:21:27,483] {dagbag.py:507} INFO - Filling up the DagBag from /home/airflow/.local/lib/python3.7/site-packages/airflow/example_dags/example_bash_operator.py
[2023-04-02 18:21:27,500] {processor.py:651} INFO - DAG(s) dict_keys(['example_bash_operator']) retrieved from /home/airflow/.local/lib/python3.7/site-packages/airflow/example_dags/example_bash_operator.py
[2023-04-02 18:21:27,531] {logging_mixin.py:115} INFO - [2023-04-02 18:21:27,531] {dag.py:2371} INFO - Sync 1 DAGs
[2023-04-02 18:21:27,556] {logging_mixin.py:115} INFO - [2023-04-02 18:21:27,556] {dag.py:2919} INFO - Setting next_dagrun for example_bash_operator to 2023-04-01T00:00:00+00:00, run_after=2023-04-02T00:00:00+00:00
[2023-04-02 18:21:27,568] {processor.py:161} INFO - Processing /home/airflow/.local/lib/python3.7/site-packages/airflow/example_dags/example_bash_operator.py took 0.091 seconds
[2023-04-02 18:21:57,741] {processor.py:153} INFO - Started process (PID=3203) to work on /home/airflow/.local/lib/python3.7/site-packages/airflow/example_dags/example_bash_operator.py
[2023-04-02 18:21:57,744] {processor.py:641} INFO - Processing file /home/airflow/.local/lib/python3.7/site-packages/airflow/example_dags/example_bash_operator.py for tasks to queue
[2023-04-02 18:21:57,745] {logging_mixin.py:115} INFO - [2023-04-02 18:21:57,745] {dagbag.py:507} INFO - Filling up the DagBag from /home/airflow/.local/lib/python3.7/site-packages/airflow/example_dags/example_bash_operator.py
[2023-04-02 18:21:57,766] {processor.py:651} INFO - DAG(s) dict_keys(['example_bash_operator']) retrieved from /home/airflow/.local/lib/python3.7/site-packages/airflow/example_dags/example_bash_operator.py
[2023-04-02 18:21:57,800] {logging_mixin.py:115} INFO - [2023-04-02 18:21:57,799] {dag.py:2371} INFO - Sync 1 DAGs
[2023-04-02 18:21:57,827] {logging_mixin.py:115} INFO - [2023-04-02 18:21:57,827] {dag.py:2919} INFO - Setting next_dagrun for example_bash_operator to 2023-04-01T00:00:00+00:00, run_after=2023-04-02T00:00:00+00:00
[2023-04-02 18:21:57,841] {processor.py:161} INFO - Processing /home/airflow/.local/lib/python3.7/site-packages/airflow/example_dags/example_bash_operator.py took 0.104 seconds
[2023-04-02 18:22:28,047] {processor.py:153} INFO - Started process (PID=3264) to work on /home/airflow/.local/lib/python3.7/site-packages/airflow/example_dags/example_bash_operator.py
[2023-04-02 18:22:28,048] {processor.py:641} INFO - Processing file /home/airflow/.local/lib/python3.7/site-packages/airflow/example_dags/example_bash_operator.py for tasks to queue
[2023-04-02 18:22:28,049] {logging_mixin.py:115} INFO - [2023-04-02 18:22:28,049] {dagbag.py:507} INFO - Filling up the DagBag from /home/airflow/.local/lib/python3.7/site-packages/airflow/example_dags/example_bash_operator.py
[2023-04-02 18:22:28,066] {processor.py:651} INFO - DAG(s) dict_keys(['example_bash_operator']) retrieved from /home/airflow/.local/lib/python3.7/site-packages/airflow/example_dags/example_bash_operator.py
[2023-04-02 18:22:28,095] {logging_mixin.py:115} INFO - [2023-04-02 18:22:28,095] {dag.py:2371} INFO - Sync 1 DAGs
[2023-04-02 18:22:28,122] {logging_mixin.py:115} INFO - [2023-04-02 18:22:28,122] {dag.py:2919} INFO - Setting next_dagrun for example_bash_operator to 2023-04-01T00:00:00+00:00, run_after=2023-04-02T00:00:00+00:00
[2023-04-02 18:22:28,135] {processor.py:161} INFO - Processing /home/airflow/.local/lib/python3.7/site-packages/airflow/example_dags/example_bash_operator.py took 0.092 seconds
[2023-04-02 18:22:58,401] {processor.py:153} INFO - Started process (PID=3318) to work on /home/airflow/.local/lib/python3.7/site-packages/airflow/example_dags/example_bash_operator.py
[2023-04-02 18:22:58,403] {processor.py:641} INFO - Processing file /home/airflow/.local/lib/python3.7/site-packages/airflow/example_dags/example_bash_operator.py for tasks to queue
[2023-04-02 18:22:58,404] {logging_mixin.py:115} INFO - [2023-04-02 18:22:58,404] {dagbag.py:507} INFO - Filling up the DagBag from /home/airflow/.local/lib/python3.7/site-packages/airflow/example_dags/example_bash_operator.py
[2023-04-02 18:22:58,421] {processor.py:651} INFO - DAG(s) dict_keys(['example_bash_operator']) retrieved from /home/airflow/.local/lib/python3.7/site-packages/airflow/example_dags/example_bash_operator.py
[2023-04-02 18:22:58,450] {logging_mixin.py:115} INFO - [2023-04-02 18:22:58,450] {dag.py:2371} INFO - Sync 1 DAGs
[2023-04-02 18:22:58,475] {logging_mixin.py:115} INFO - [2023-04-02 18:22:58,475] {dag.py:2919} INFO - Setting next_dagrun for example_bash_operator to 2023-04-01T00:00:00+00:00, run_after=2023-04-02T00:00:00+00:00
[2023-04-02 18:22:58,487] {processor.py:161} INFO - Processing /home/airflow/.local/lib/python3.7/site-packages/airflow/example_dags/example_bash_operator.py took 0.090 seconds
[2023-04-02 18:23:28,621] {processor.py:153} INFO - Started process (PID=3381) to work on /home/airflow/.local/lib/python3.7/site-packages/airflow/example_dags/example_bash_operator.py
[2023-04-02 18:23:28,622] {processor.py:641} INFO - Processing file /home/airflow/.local/lib/python3.7/site-packages/airflow/example_dags/example_bash_operator.py for tasks to queue
[2023-04-02 18:23:28,623] {logging_mixin.py:115} INFO - [2023-04-02 18:23:28,623] {dagbag.py:507} INFO - Filling up the DagBag from /home/airflow/.local/lib/python3.7/site-packages/airflow/example_dags/example_bash_operator.py
[2023-04-02 18:23:28,640] {processor.py:651} INFO - DAG(s) dict_keys(['example_bash_operator']) retrieved from /home/airflow/.local/lib/python3.7/site-packages/airflow/example_dags/example_bash_operator.py
[2023-04-02 18:23:28,668] {logging_mixin.py:115} INFO - [2023-04-02 18:23:28,668] {dag.py:2371} INFO - Sync 1 DAGs
[2023-04-02 18:23:28,694] {logging_mixin.py:115} INFO - [2023-04-02 18:23:28,693] {dag.py:2919} INFO - Setting next_dagrun for example_bash_operator to 2023-04-01T00:00:00+00:00, run_after=2023-04-02T00:00:00+00:00
[2023-04-02 18:23:28,705] {processor.py:161} INFO - Processing /home/airflow/.local/lib/python3.7/site-packages/airflow/example_dags/example_bash_operator.py took 0.089 seconds
