[2023-04-02 17:55:27,211] {processor.py:153} INFO - Started process (PID=66) to work on /home/airflow/.local/lib/python3.7/site-packages/airflow/example_dags/tutorial_taskflow_api_etl.py
[2023-04-02 17:55:27,213] {processor.py:641} INFO - Processing file /home/airflow/.local/lib/python3.7/site-packages/airflow/example_dags/tutorial_taskflow_api_etl.py for tasks to queue
[2023-04-02 17:55:27,216] {logging_mixin.py:115} INFO - [2023-04-02 17:55:27,216] {dagbag.py:507} INFO - Filling up the DagBag from /home/airflow/.local/lib/python3.7/site-packages/airflow/example_dags/tutorial_taskflow_api_etl.py
[2023-04-02 17:55:27,242] {processor.py:651} INFO - DAG(s) dict_keys(['tutorial_taskflow_api_etl']) retrieved from /home/airflow/.local/lib/python3.7/site-packages/airflow/example_dags/tutorial_taskflow_api_etl.py
[2023-04-02 17:55:27,528] {logging_mixin.py:115} INFO - [2023-04-02 17:55:27,528] {manager.py:508} INFO - Created Permission View: can edit on DAG:tutorial_taskflow_api_etl
[2023-04-02 17:55:27,546] {logging_mixin.py:115} INFO - [2023-04-02 17:55:27,546] {manager.py:508} INFO - Created Permission View: can delete on DAG:tutorial_taskflow_api_etl
[2023-04-02 17:55:27,559] {logging_mixin.py:115} INFO - [2023-04-02 17:55:27,559] {manager.py:508} INFO - Created Permission View: can read on DAG:tutorial_taskflow_api_etl
[2023-04-02 17:55:27,561] {logging_mixin.py:115} INFO - [2023-04-02 17:55:27,561] {dag.py:2371} INFO - Sync 1 DAGs
[2023-04-02 17:55:27,576] {logging_mixin.py:115} INFO - [2023-04-02 17:55:27,576] {dag.py:2390} INFO - Creating ORM DAG for tutorial_taskflow_api_etl
[2023-04-02 17:55:27,591] {logging_mixin.py:115} INFO - [2023-04-02 17:55:27,591] {dag.py:2919} INFO - Setting next_dagrun for tutorial_taskflow_api_etl to None, run_after=None
[2023-04-02 17:55:27,611] {processor.py:161} INFO - Processing /home/airflow/.local/lib/python3.7/site-packages/airflow/example_dags/tutorial_taskflow_api_etl.py took 0.406 seconds
[2023-04-02 17:55:58,436] {processor.py:153} INFO - Started process (PID=127) to work on /home/airflow/.local/lib/python3.7/site-packages/airflow/example_dags/tutorial_taskflow_api_etl.py
[2023-04-02 17:55:58,438] {processor.py:641} INFO - Processing file /home/airflow/.local/lib/python3.7/site-packages/airflow/example_dags/tutorial_taskflow_api_etl.py for tasks to queue
[2023-04-02 17:55:58,439] {logging_mixin.py:115} INFO - [2023-04-02 17:55:58,439] {dagbag.py:507} INFO - Filling up the DagBag from /home/airflow/.local/lib/python3.7/site-packages/airflow/example_dags/tutorial_taskflow_api_etl.py
[2023-04-02 17:55:58,459] {processor.py:651} INFO - DAG(s) dict_keys(['tutorial_taskflow_api_etl']) retrieved from /home/airflow/.local/lib/python3.7/site-packages/airflow/example_dags/tutorial_taskflow_api_etl.py
[2023-04-02 17:55:58,663] {logging_mixin.py:115} INFO - [2023-04-02 17:55:58,663] {dag.py:2371} INFO - Sync 1 DAGs
[2023-04-02 17:55:58,682] {logging_mixin.py:115} INFO - [2023-04-02 17:55:58,682] {dag.py:2919} INFO - Setting next_dagrun for tutorial_taskflow_api_etl to None, run_after=None
[2023-04-02 17:55:58,694] {processor.py:161} INFO - Processing /home/airflow/.local/lib/python3.7/site-packages/airflow/example_dags/tutorial_taskflow_api_etl.py took 0.262 seconds
[2023-04-02 17:56:29,414] {processor.py:153} INFO - Started process (PID=186) to work on /home/airflow/.local/lib/python3.7/site-packages/airflow/example_dags/tutorial_taskflow_api_etl.py
[2023-04-02 17:56:29,415] {processor.py:641} INFO - Processing file /home/airflow/.local/lib/python3.7/site-packages/airflow/example_dags/tutorial_taskflow_api_etl.py for tasks to queue
[2023-04-02 17:56:29,416] {logging_mixin.py:115} INFO - [2023-04-02 17:56:29,416] {dagbag.py:507} INFO - Filling up the DagBag from /home/airflow/.local/lib/python3.7/site-packages/airflow/example_dags/tutorial_taskflow_api_etl.py
[2023-04-02 17:56:29,435] {processor.py:651} INFO - DAG(s) dict_keys(['tutorial_taskflow_api_etl']) retrieved from /home/airflow/.local/lib/python3.7/site-packages/airflow/example_dags/tutorial_taskflow_api_etl.py
[2023-04-02 17:56:29,617] {logging_mixin.py:115} INFO - [2023-04-02 17:56:29,617] {dag.py:2371} INFO - Sync 1 DAGs
[2023-04-02 17:56:29,638] {logging_mixin.py:115} INFO - [2023-04-02 17:56:29,638] {dag.py:2919} INFO - Setting next_dagrun for tutorial_taskflow_api_etl to None, run_after=None
[2023-04-02 17:56:29,650] {processor.py:161} INFO - Processing /home/airflow/.local/lib/python3.7/site-packages/airflow/example_dags/tutorial_taskflow_api_etl.py took 0.241 seconds
[2023-04-02 17:57:00,273] {processor.py:153} INFO - Started process (PID=240) to work on /home/airflow/.local/lib/python3.7/site-packages/airflow/example_dags/tutorial_taskflow_api_etl.py
[2023-04-02 17:57:00,274] {processor.py:641} INFO - Processing file /home/airflow/.local/lib/python3.7/site-packages/airflow/example_dags/tutorial_taskflow_api_etl.py for tasks to queue
[2023-04-02 17:57:00,276] {logging_mixin.py:115} INFO - [2023-04-02 17:57:00,275] {dagbag.py:507} INFO - Filling up the DagBag from /home/airflow/.local/lib/python3.7/site-packages/airflow/example_dags/tutorial_taskflow_api_etl.py
[2023-04-02 17:57:00,294] {processor.py:651} INFO - DAG(s) dict_keys(['tutorial_taskflow_api_etl']) retrieved from /home/airflow/.local/lib/python3.7/site-packages/airflow/example_dags/tutorial_taskflow_api_etl.py
[2023-04-02 17:57:00,484] {logging_mixin.py:115} INFO - [2023-04-02 17:57:00,484] {dag.py:2371} INFO - Sync 1 DAGs
[2023-04-02 17:57:00,508] {logging_mixin.py:115} INFO - [2023-04-02 17:57:00,508] {dag.py:2919} INFO - Setting next_dagrun for tutorial_taskflow_api_etl to None, run_after=None
[2023-04-02 17:57:00,524] {processor.py:161} INFO - Processing /home/airflow/.local/lib/python3.7/site-packages/airflow/example_dags/tutorial_taskflow_api_etl.py took 0.255 seconds
[2023-04-02 17:57:31,251] {processor.py:153} INFO - Started process (PID=301) to work on /home/airflow/.local/lib/python3.7/site-packages/airflow/example_dags/tutorial_taskflow_api_etl.py
[2023-04-02 17:57:31,253] {processor.py:641} INFO - Processing file /home/airflow/.local/lib/python3.7/site-packages/airflow/example_dags/tutorial_taskflow_api_etl.py for tasks to queue
[2023-04-02 17:57:31,254] {logging_mixin.py:115} INFO - [2023-04-02 17:57:31,254] {dagbag.py:507} INFO - Filling up the DagBag from /home/airflow/.local/lib/python3.7/site-packages/airflow/example_dags/tutorial_taskflow_api_etl.py
[2023-04-02 17:57:31,278] {processor.py:651} INFO - DAG(s) dict_keys(['tutorial_taskflow_api_etl']) retrieved from /home/airflow/.local/lib/python3.7/site-packages/airflow/example_dags/tutorial_taskflow_api_etl.py
[2023-04-02 17:57:31,476] {logging_mixin.py:115} INFO - [2023-04-02 17:57:31,476] {dag.py:2371} INFO - Sync 1 DAGs
[2023-04-02 17:57:31,497] {logging_mixin.py:115} INFO - [2023-04-02 17:57:31,497] {dag.py:2919} INFO - Setting next_dagrun for tutorial_taskflow_api_etl to None, run_after=None
[2023-04-02 17:57:31,511] {processor.py:161} INFO - Processing /home/airflow/.local/lib/python3.7/site-packages/airflow/example_dags/tutorial_taskflow_api_etl.py took 0.265 seconds
[2023-04-02 17:58:01,575] {processor.py:153} INFO - Started process (PID=362) to work on /home/airflow/.local/lib/python3.7/site-packages/airflow/example_dags/tutorial_taskflow_api_etl.py
[2023-04-02 17:58:01,577] {processor.py:641} INFO - Processing file /home/airflow/.local/lib/python3.7/site-packages/airflow/example_dags/tutorial_taskflow_api_etl.py for tasks to queue
[2023-04-02 17:58:01,578] {logging_mixin.py:115} INFO - [2023-04-02 17:58:01,578] {dagbag.py:507} INFO - Filling up the DagBag from /home/airflow/.local/lib/python3.7/site-packages/airflow/example_dags/tutorial_taskflow_api_etl.py
[2023-04-02 17:58:01,599] {processor.py:651} INFO - DAG(s) dict_keys(['tutorial_taskflow_api_etl']) retrieved from /home/airflow/.local/lib/python3.7/site-packages/airflow/example_dags/tutorial_taskflow_api_etl.py
[2023-04-02 17:58:01,793] {logging_mixin.py:115} INFO - [2023-04-02 17:58:01,793] {dag.py:2371} INFO - Sync 1 DAGs
[2023-04-02 17:58:01,813] {logging_mixin.py:115} INFO - [2023-04-02 17:58:01,813] {dag.py:2919} INFO - Setting next_dagrun for tutorial_taskflow_api_etl to None, run_after=None
[2023-04-02 17:58:01,827] {processor.py:161} INFO - Processing /home/airflow/.local/lib/python3.7/site-packages/airflow/example_dags/tutorial_taskflow_api_etl.py took 0.257 seconds
[2023-04-02 17:58:32,644] {processor.py:153} INFO - Started process (PID=414) to work on /home/airflow/.local/lib/python3.7/site-packages/airflow/example_dags/tutorial_taskflow_api_etl.py
[2023-04-02 17:58:32,645] {processor.py:641} INFO - Processing file /home/airflow/.local/lib/python3.7/site-packages/airflow/example_dags/tutorial_taskflow_api_etl.py for tasks to queue
[2023-04-02 17:58:32,646] {logging_mixin.py:115} INFO - [2023-04-02 17:58:32,646] {dagbag.py:507} INFO - Filling up the DagBag from /home/airflow/.local/lib/python3.7/site-packages/airflow/example_dags/tutorial_taskflow_api_etl.py
[2023-04-02 17:58:32,665] {processor.py:651} INFO - DAG(s) dict_keys(['tutorial_taskflow_api_etl']) retrieved from /home/airflow/.local/lib/python3.7/site-packages/airflow/example_dags/tutorial_taskflow_api_etl.py
[2023-04-02 17:58:32,852] {logging_mixin.py:115} INFO - [2023-04-02 17:58:32,852] {dag.py:2371} INFO - Sync 1 DAGs
[2023-04-02 17:58:32,875] {logging_mixin.py:115} INFO - [2023-04-02 17:58:32,875] {dag.py:2919} INFO - Setting next_dagrun for tutorial_taskflow_api_etl to None, run_after=None
[2023-04-02 17:58:32,890] {processor.py:161} INFO - Processing /home/airflow/.local/lib/python3.7/site-packages/airflow/example_dags/tutorial_taskflow_api_etl.py took 0.251 seconds
[2023-04-02 17:59:03,616] {processor.py:153} INFO - Started process (PID=476) to work on /home/airflow/.local/lib/python3.7/site-packages/airflow/example_dags/tutorial_taskflow_api_etl.py
[2023-04-02 17:59:03,617] {processor.py:641} INFO - Processing file /home/airflow/.local/lib/python3.7/site-packages/airflow/example_dags/tutorial_taskflow_api_etl.py for tasks to queue
[2023-04-02 17:59:03,618] {logging_mixin.py:115} INFO - [2023-04-02 17:59:03,618] {dagbag.py:507} INFO - Filling up the DagBag from /home/airflow/.local/lib/python3.7/site-packages/airflow/example_dags/tutorial_taskflow_api_etl.py
[2023-04-02 17:59:03,637] {processor.py:651} INFO - DAG(s) dict_keys(['tutorial_taskflow_api_etl']) retrieved from /home/airflow/.local/lib/python3.7/site-packages/airflow/example_dags/tutorial_taskflow_api_etl.py
[2023-04-02 17:59:03,856] {logging_mixin.py:115} INFO - [2023-04-02 17:59:03,856] {dag.py:2371} INFO - Sync 1 DAGs
[2023-04-02 17:59:03,878] {logging_mixin.py:115} INFO - [2023-04-02 17:59:03,878] {dag.py:2919} INFO - Setting next_dagrun for tutorial_taskflow_api_etl to None, run_after=None
[2023-04-02 17:59:03,893] {processor.py:161} INFO - Processing /home/airflow/.local/lib/python3.7/site-packages/airflow/example_dags/tutorial_taskflow_api_etl.py took 0.282 seconds
[2023-04-02 17:59:33,940] {processor.py:153} INFO - Started process (PID=537) to work on /home/airflow/.local/lib/python3.7/site-packages/airflow/example_dags/tutorial_taskflow_api_etl.py
[2023-04-02 17:59:33,941] {processor.py:641} INFO - Processing file /home/airflow/.local/lib/python3.7/site-packages/airflow/example_dags/tutorial_taskflow_api_etl.py for tasks to queue
[2023-04-02 17:59:33,943] {logging_mixin.py:115} INFO - [2023-04-02 17:59:33,943] {dagbag.py:507} INFO - Filling up the DagBag from /home/airflow/.local/lib/python3.7/site-packages/airflow/example_dags/tutorial_taskflow_api_etl.py
[2023-04-02 17:59:33,963] {processor.py:651} INFO - DAG(s) dict_keys(['tutorial_taskflow_api_etl']) retrieved from /home/airflow/.local/lib/python3.7/site-packages/airflow/example_dags/tutorial_taskflow_api_etl.py
[2023-04-02 17:59:34,156] {logging_mixin.py:115} INFO - [2023-04-02 17:59:34,156] {dag.py:2371} INFO - Sync 1 DAGs
[2023-04-02 17:59:34,178] {logging_mixin.py:115} INFO - [2023-04-02 17:59:34,178] {dag.py:2919} INFO - Setting next_dagrun for tutorial_taskflow_api_etl to None, run_after=None
[2023-04-02 17:59:34,193] {processor.py:161} INFO - Processing /home/airflow/.local/lib/python3.7/site-packages/airflow/example_dags/tutorial_taskflow_api_etl.py took 0.256 seconds
[2023-04-02 18:00:04,454] {processor.py:153} INFO - Started process (PID=598) to work on /home/airflow/.local/lib/python3.7/site-packages/airflow/example_dags/tutorial_taskflow_api_etl.py
[2023-04-02 18:00:04,456] {processor.py:641} INFO - Processing file /home/airflow/.local/lib/python3.7/site-packages/airflow/example_dags/tutorial_taskflow_api_etl.py for tasks to queue
[2023-04-02 18:00:04,457] {logging_mixin.py:115} INFO - [2023-04-02 18:00:04,457] {dagbag.py:507} INFO - Filling up the DagBag from /home/airflow/.local/lib/python3.7/site-packages/airflow/example_dags/tutorial_taskflow_api_etl.py
[2023-04-02 18:00:04,480] {processor.py:651} INFO - DAG(s) dict_keys(['tutorial_taskflow_api_etl']) retrieved from /home/airflow/.local/lib/python3.7/site-packages/airflow/example_dags/tutorial_taskflow_api_etl.py
[2023-04-02 18:00:04,741] {logging_mixin.py:115} INFO - [2023-04-02 18:00:04,740] {dag.py:2371} INFO - Sync 1 DAGs
[2023-04-02 18:00:04,769] {logging_mixin.py:115} INFO - [2023-04-02 18:00:04,769] {dag.py:2919} INFO - Setting next_dagrun for tutorial_taskflow_api_etl to None, run_after=None
[2023-04-02 18:00:04,784] {processor.py:161} INFO - Processing /home/airflow/.local/lib/python3.7/site-packages/airflow/example_dags/tutorial_taskflow_api_etl.py took 0.334 seconds
[2023-04-02 18:00:35,352] {processor.py:153} INFO - Started process (PID=652) to work on /home/airflow/.local/lib/python3.7/site-packages/airflow/example_dags/tutorial_taskflow_api_etl.py
[2023-04-02 18:00:35,354] {processor.py:641} INFO - Processing file /home/airflow/.local/lib/python3.7/site-packages/airflow/example_dags/tutorial_taskflow_api_etl.py for tasks to queue
[2023-04-02 18:00:35,356] {logging_mixin.py:115} INFO - [2023-04-02 18:00:35,355] {dagbag.py:507} INFO - Filling up the DagBag from /home/airflow/.local/lib/python3.7/site-packages/airflow/example_dags/tutorial_taskflow_api_etl.py
[2023-04-02 18:00:35,379] {processor.py:651} INFO - DAG(s) dict_keys(['tutorial_taskflow_api_etl']) retrieved from /home/airflow/.local/lib/python3.7/site-packages/airflow/example_dags/tutorial_taskflow_api_etl.py
[2023-04-02 18:00:35,581] {logging_mixin.py:115} INFO - [2023-04-02 18:00:35,580] {dag.py:2371} INFO - Sync 1 DAGs
[2023-04-02 18:00:35,606] {logging_mixin.py:115} INFO - [2023-04-02 18:00:35,606] {dag.py:2919} INFO - Setting next_dagrun for tutorial_taskflow_api_etl to None, run_after=None
[2023-04-02 18:00:35,623] {processor.py:161} INFO - Processing /home/airflow/.local/lib/python3.7/site-packages/airflow/example_dags/tutorial_taskflow_api_etl.py took 0.275 seconds
[2023-04-02 18:01:06,066] {processor.py:153} INFO - Started process (PID=715) to work on /home/airflow/.local/lib/python3.7/site-packages/airflow/example_dags/tutorial_taskflow_api_etl.py
[2023-04-02 18:01:06,067] {processor.py:641} INFO - Processing file /home/airflow/.local/lib/python3.7/site-packages/airflow/example_dags/tutorial_taskflow_api_etl.py for tasks to queue
[2023-04-02 18:01:06,069] {logging_mixin.py:115} INFO - [2023-04-02 18:01:06,069] {dagbag.py:507} INFO - Filling up the DagBag from /home/airflow/.local/lib/python3.7/site-packages/airflow/example_dags/tutorial_taskflow_api_etl.py
[2023-04-02 18:01:06,095] {processor.py:651} INFO - DAG(s) dict_keys(['tutorial_taskflow_api_etl']) retrieved from /home/airflow/.local/lib/python3.7/site-packages/airflow/example_dags/tutorial_taskflow_api_etl.py
[2023-04-02 18:01:06,124] {logging_mixin.py:115} INFO - [2023-04-02 18:01:06,124] {dag.py:2371} INFO - Sync 1 DAGs
[2023-04-02 18:01:06,265] {logging_mixin.py:115} INFO - [2023-04-02 18:01:06,265] {dag.py:2919} INFO - Setting next_dagrun for tutorial_taskflow_api_etl to None, run_after=None
[2023-04-02 18:01:06,280] {processor.py:161} INFO - Processing /home/airflow/.local/lib/python3.7/site-packages/airflow/example_dags/tutorial_taskflow_api_etl.py took 0.218 seconds
[2023-04-02 18:01:36,450] {processor.py:153} INFO - Started process (PID=782) to work on /home/airflow/.local/lib/python3.7/site-packages/airflow/example_dags/tutorial_taskflow_api_etl.py
[2023-04-02 18:01:36,452] {processor.py:641} INFO - Processing file /home/airflow/.local/lib/python3.7/site-packages/airflow/example_dags/tutorial_taskflow_api_etl.py for tasks to queue
[2023-04-02 18:01:36,454] {logging_mixin.py:115} INFO - [2023-04-02 18:01:36,454] {dagbag.py:507} INFO - Filling up the DagBag from /home/airflow/.local/lib/python3.7/site-packages/airflow/example_dags/tutorial_taskflow_api_etl.py
[2023-04-02 18:01:36,477] {processor.py:651} INFO - DAG(s) dict_keys(['tutorial_taskflow_api_etl']) retrieved from /home/airflow/.local/lib/python3.7/site-packages/airflow/example_dags/tutorial_taskflow_api_etl.py
[2023-04-02 18:01:36,669] {logging_mixin.py:115} INFO - [2023-04-02 18:01:36,669] {dag.py:2371} INFO - Sync 1 DAGs
[2023-04-02 18:01:36,692] {logging_mixin.py:115} INFO - [2023-04-02 18:01:36,691] {dag.py:2919} INFO - Setting next_dagrun for tutorial_taskflow_api_etl to None, run_after=None
[2023-04-02 18:01:36,705] {processor.py:161} INFO - Processing /home/airflow/.local/lib/python3.7/site-packages/airflow/example_dags/tutorial_taskflow_api_etl.py took 0.259 seconds
[2023-04-02 18:02:06,826] {processor.py:153} INFO - Started process (PID=836) to work on /home/airflow/.local/lib/python3.7/site-packages/airflow/example_dags/tutorial_taskflow_api_etl.py
[2023-04-02 18:02:06,828] {processor.py:641} INFO - Processing file /home/airflow/.local/lib/python3.7/site-packages/airflow/example_dags/tutorial_taskflow_api_etl.py for tasks to queue
[2023-04-02 18:02:06,829] {logging_mixin.py:115} INFO - [2023-04-02 18:02:06,829] {dagbag.py:507} INFO - Filling up the DagBag from /home/airflow/.local/lib/python3.7/site-packages/airflow/example_dags/tutorial_taskflow_api_etl.py
[2023-04-02 18:02:06,852] {processor.py:651} INFO - DAG(s) dict_keys(['tutorial_taskflow_api_etl']) retrieved from /home/airflow/.local/lib/python3.7/site-packages/airflow/example_dags/tutorial_taskflow_api_etl.py
[2023-04-02 18:02:06,879] {logging_mixin.py:115} INFO - [2023-04-02 18:02:06,879] {dag.py:2371} INFO - Sync 1 DAGs
[2023-04-02 18:02:07,023] {logging_mixin.py:115} INFO - [2023-04-02 18:02:07,023] {dag.py:2919} INFO - Setting next_dagrun for tutorial_taskflow_api_etl to None, run_after=None
[2023-04-02 18:02:07,037] {processor.py:161} INFO - Processing /home/airflow/.local/lib/python3.7/site-packages/airflow/example_dags/tutorial_taskflow_api_etl.py took 0.216 seconds
[2023-04-02 18:02:37,328] {processor.py:153} INFO - Started process (PID=899) to work on /home/airflow/.local/lib/python3.7/site-packages/airflow/example_dags/tutorial_taskflow_api_etl.py
[2023-04-02 18:02:37,329] {processor.py:641} INFO - Processing file /home/airflow/.local/lib/python3.7/site-packages/airflow/example_dags/tutorial_taskflow_api_etl.py for tasks to queue
[2023-04-02 18:02:37,331] {logging_mixin.py:115} INFO - [2023-04-02 18:02:37,330] {dagbag.py:507} INFO - Filling up the DagBag from /home/airflow/.local/lib/python3.7/site-packages/airflow/example_dags/tutorial_taskflow_api_etl.py
[2023-04-02 18:02:37,353] {processor.py:651} INFO - DAG(s) dict_keys(['tutorial_taskflow_api_etl']) retrieved from /home/airflow/.local/lib/python3.7/site-packages/airflow/example_dags/tutorial_taskflow_api_etl.py
[2023-04-02 18:02:37,382] {logging_mixin.py:115} INFO - [2023-04-02 18:02:37,382] {dag.py:2371} INFO - Sync 1 DAGs
[2023-04-02 18:02:37,525] {logging_mixin.py:115} INFO - [2023-04-02 18:02:37,525] {dag.py:2919} INFO - Setting next_dagrun for tutorial_taskflow_api_etl to None, run_after=None
[2023-04-02 18:02:37,539] {processor.py:161} INFO - Processing /home/airflow/.local/lib/python3.7/site-packages/airflow/example_dags/tutorial_taskflow_api_etl.py took 0.216 seconds
[2023-04-02 18:03:07,931] {processor.py:153} INFO - Started process (PID=962) to work on /home/airflow/.local/lib/python3.7/site-packages/airflow/example_dags/tutorial_taskflow_api_etl.py
[2023-04-02 18:03:07,933] {processor.py:641} INFO - Processing file /home/airflow/.local/lib/python3.7/site-packages/airflow/example_dags/tutorial_taskflow_api_etl.py for tasks to queue
[2023-04-02 18:03:07,934] {logging_mixin.py:115} INFO - [2023-04-02 18:03:07,934] {dagbag.py:507} INFO - Filling up the DagBag from /home/airflow/.local/lib/python3.7/site-packages/airflow/example_dags/tutorial_taskflow_api_etl.py
[2023-04-02 18:03:07,956] {processor.py:651} INFO - DAG(s) dict_keys(['tutorial_taskflow_api_etl']) retrieved from /home/airflow/.local/lib/python3.7/site-packages/airflow/example_dags/tutorial_taskflow_api_etl.py
[2023-04-02 18:03:08,164] {logging_mixin.py:115} INFO - [2023-04-02 18:03:08,164] {dag.py:2371} INFO - Sync 1 DAGs
[2023-04-02 18:03:08,194] {logging_mixin.py:115} INFO - [2023-04-02 18:03:08,194] {dag.py:2919} INFO - Setting next_dagrun for tutorial_taskflow_api_etl to None, run_after=None
[2023-04-02 18:03:08,210] {processor.py:161} INFO - Processing /home/airflow/.local/lib/python3.7/site-packages/airflow/example_dags/tutorial_taskflow_api_etl.py took 0.284 seconds
[2023-04-02 18:03:38,257] {processor.py:153} INFO - Started process (PID=1016) to work on /home/airflow/.local/lib/python3.7/site-packages/airflow/example_dags/tutorial_taskflow_api_etl.py
[2023-04-02 18:03:38,258] {processor.py:641} INFO - Processing file /home/airflow/.local/lib/python3.7/site-packages/airflow/example_dags/tutorial_taskflow_api_etl.py for tasks to queue
[2023-04-02 18:03:38,260] {logging_mixin.py:115} INFO - [2023-04-02 18:03:38,260] {dagbag.py:507} INFO - Filling up the DagBag from /home/airflow/.local/lib/python3.7/site-packages/airflow/example_dags/tutorial_taskflow_api_etl.py
[2023-04-02 18:03:38,282] {processor.py:651} INFO - DAG(s) dict_keys(['tutorial_taskflow_api_etl']) retrieved from /home/airflow/.local/lib/python3.7/site-packages/airflow/example_dags/tutorial_taskflow_api_etl.py
[2023-04-02 18:03:38,518] {logging_mixin.py:115} INFO - [2023-04-02 18:03:38,518] {dag.py:2371} INFO - Sync 1 DAGs
[2023-04-02 18:03:38,547] {logging_mixin.py:115} INFO - [2023-04-02 18:03:38,547] {dag.py:2919} INFO - Setting next_dagrun for tutorial_taskflow_api_etl to None, run_after=None
[2023-04-02 18:03:38,563] {processor.py:161} INFO - Processing /home/airflow/.local/lib/python3.7/site-packages/airflow/example_dags/tutorial_taskflow_api_etl.py took 0.311 seconds
[2023-04-02 18:04:08,710] {processor.py:153} INFO - Started process (PID=1079) to work on /home/airflow/.local/lib/python3.7/site-packages/airflow/example_dags/tutorial_taskflow_api_etl.py
[2023-04-02 18:04:08,712] {processor.py:641} INFO - Processing file /home/airflow/.local/lib/python3.7/site-packages/airflow/example_dags/tutorial_taskflow_api_etl.py for tasks to queue
[2023-04-02 18:04:08,714] {logging_mixin.py:115} INFO - [2023-04-02 18:04:08,714] {dagbag.py:507} INFO - Filling up the DagBag from /home/airflow/.local/lib/python3.7/site-packages/airflow/example_dags/tutorial_taskflow_api_etl.py
[2023-04-02 18:04:08,738] {processor.py:651} INFO - DAG(s) dict_keys(['tutorial_taskflow_api_etl']) retrieved from /home/airflow/.local/lib/python3.7/site-packages/airflow/example_dags/tutorial_taskflow_api_etl.py
[2023-04-02 18:04:08,943] {logging_mixin.py:115} INFO - [2023-04-02 18:04:08,943] {dag.py:2371} INFO - Sync 1 DAGs
[2023-04-02 18:04:08,968] {logging_mixin.py:115} INFO - [2023-04-02 18:04:08,967] {dag.py:2919} INFO - Setting next_dagrun for tutorial_taskflow_api_etl to None, run_after=None
[2023-04-02 18:04:08,982] {processor.py:161} INFO - Processing /home/airflow/.local/lib/python3.7/site-packages/airflow/example_dags/tutorial_taskflow_api_etl.py took 0.276 seconds
[2023-04-02 18:04:39,311] {processor.py:153} INFO - Started process (PID=1142) to work on /home/airflow/.local/lib/python3.7/site-packages/airflow/example_dags/tutorial_taskflow_api_etl.py
[2023-04-02 18:04:39,312] {processor.py:641} INFO - Processing file /home/airflow/.local/lib/python3.7/site-packages/airflow/example_dags/tutorial_taskflow_api_etl.py for tasks to queue
[2023-04-02 18:04:39,314] {logging_mixin.py:115} INFO - [2023-04-02 18:04:39,314] {dagbag.py:507} INFO - Filling up the DagBag from /home/airflow/.local/lib/python3.7/site-packages/airflow/example_dags/tutorial_taskflow_api_etl.py
[2023-04-02 18:04:39,332] {processor.py:651} INFO - DAG(s) dict_keys(['tutorial_taskflow_api_etl']) retrieved from /home/airflow/.local/lib/python3.7/site-packages/airflow/example_dags/tutorial_taskflow_api_etl.py
[2023-04-02 18:04:39,535] {logging_mixin.py:115} INFO - [2023-04-02 18:04:39,535] {dag.py:2371} INFO - Sync 1 DAGs
[2023-04-02 18:04:39,559] {logging_mixin.py:115} INFO - [2023-04-02 18:04:39,559] {dag.py:2919} INFO - Setting next_dagrun for tutorial_taskflow_api_etl to None, run_after=None
[2023-04-02 18:04:39,575] {processor.py:161} INFO - Processing /home/airflow/.local/lib/python3.7/site-packages/airflow/example_dags/tutorial_taskflow_api_etl.py took 0.269 seconds
[2023-04-02 18:05:09,951] {processor.py:153} INFO - Started process (PID=1205) to work on /home/airflow/.local/lib/python3.7/site-packages/airflow/example_dags/tutorial_taskflow_api_etl.py
[2023-04-02 18:05:09,954] {processor.py:641} INFO - Processing file /home/airflow/.local/lib/python3.7/site-packages/airflow/example_dags/tutorial_taskflow_api_etl.py for tasks to queue
[2023-04-02 18:05:09,956] {logging_mixin.py:115} INFO - [2023-04-02 18:05:09,956] {dagbag.py:507} INFO - Filling up the DagBag from /home/airflow/.local/lib/python3.7/site-packages/airflow/example_dags/tutorial_taskflow_api_etl.py
[2023-04-02 18:05:09,977] {processor.py:651} INFO - DAG(s) dict_keys(['tutorial_taskflow_api_etl']) retrieved from /home/airflow/.local/lib/python3.7/site-packages/airflow/example_dags/tutorial_taskflow_api_etl.py
[2023-04-02 18:05:10,012] {logging_mixin.py:115} INFO - [2023-04-02 18:05:10,011] {dag.py:2371} INFO - Sync 1 DAGs
[2023-04-02 18:05:10,173] {logging_mixin.py:115} INFO - [2023-04-02 18:05:10,173] {dag.py:2919} INFO - Setting next_dagrun for tutorial_taskflow_api_etl to None, run_after=None
[2023-04-02 18:05:10,190] {processor.py:161} INFO - Processing /home/airflow/.local/lib/python3.7/site-packages/airflow/example_dags/tutorial_taskflow_api_etl.py took 0.244 seconds
[2023-04-02 18:05:40,319] {processor.py:153} INFO - Started process (PID=1260) to work on /home/airflow/.local/lib/python3.7/site-packages/airflow/example_dags/tutorial_taskflow_api_etl.py
[2023-04-02 18:05:40,320] {processor.py:641} INFO - Processing file /home/airflow/.local/lib/python3.7/site-packages/airflow/example_dags/tutorial_taskflow_api_etl.py for tasks to queue
[2023-04-02 18:05:40,322] {logging_mixin.py:115} INFO - [2023-04-02 18:05:40,322] {dagbag.py:507} INFO - Filling up the DagBag from /home/airflow/.local/lib/python3.7/site-packages/airflow/example_dags/tutorial_taskflow_api_etl.py
[2023-04-02 18:05:40,341] {processor.py:651} INFO - DAG(s) dict_keys(['tutorial_taskflow_api_etl']) retrieved from /home/airflow/.local/lib/python3.7/site-packages/airflow/example_dags/tutorial_taskflow_api_etl.py
[2023-04-02 18:05:40,537] {logging_mixin.py:115} INFO - [2023-04-02 18:05:40,537] {dag.py:2371} INFO - Sync 1 DAGs
[2023-04-02 18:05:40,561] {logging_mixin.py:115} INFO - [2023-04-02 18:05:40,561] {dag.py:2919} INFO - Setting next_dagrun for tutorial_taskflow_api_etl to None, run_after=None
[2023-04-02 18:05:40,574] {processor.py:161} INFO - Processing /home/airflow/.local/lib/python3.7/site-packages/airflow/example_dags/tutorial_taskflow_api_etl.py took 0.259 seconds
[2023-04-02 18:06:11,258] {processor.py:153} INFO - Started process (PID=1324) to work on /home/airflow/.local/lib/python3.7/site-packages/airflow/example_dags/tutorial_taskflow_api_etl.py
[2023-04-02 18:06:11,259] {processor.py:641} INFO - Processing file /home/airflow/.local/lib/python3.7/site-packages/airflow/example_dags/tutorial_taskflow_api_etl.py for tasks to queue
[2023-04-02 18:06:11,261] {logging_mixin.py:115} INFO - [2023-04-02 18:06:11,261] {dagbag.py:507} INFO - Filling up the DagBag from /home/airflow/.local/lib/python3.7/site-packages/airflow/example_dags/tutorial_taskflow_api_etl.py
[2023-04-02 18:06:11,282] {processor.py:651} INFO - DAG(s) dict_keys(['tutorial_taskflow_api_etl']) retrieved from /home/airflow/.local/lib/python3.7/site-packages/airflow/example_dags/tutorial_taskflow_api_etl.py
[2023-04-02 18:06:11,474] {logging_mixin.py:115} INFO - [2023-04-02 18:06:11,474] {dag.py:2371} INFO - Sync 1 DAGs
[2023-04-02 18:06:11,496] {logging_mixin.py:115} INFO - [2023-04-02 18:06:11,496] {dag.py:2919} INFO - Setting next_dagrun for tutorial_taskflow_api_etl to None, run_after=None
[2023-04-02 18:06:11,509] {processor.py:161} INFO - Processing /home/airflow/.local/lib/python3.7/site-packages/airflow/example_dags/tutorial_taskflow_api_etl.py took 0.256 seconds
[2023-04-02 18:06:42,196] {processor.py:153} INFO - Started process (PID=1387) to work on /home/airflow/.local/lib/python3.7/site-packages/airflow/example_dags/tutorial_taskflow_api_etl.py
[2023-04-02 18:06:42,198] {processor.py:641} INFO - Processing file /home/airflow/.local/lib/python3.7/site-packages/airflow/example_dags/tutorial_taskflow_api_etl.py for tasks to queue
[2023-04-02 18:06:42,200] {logging_mixin.py:115} INFO - [2023-04-02 18:06:42,199] {dagbag.py:507} INFO - Filling up the DagBag from /home/airflow/.local/lib/python3.7/site-packages/airflow/example_dags/tutorial_taskflow_api_etl.py
[2023-04-02 18:06:42,222] {processor.py:651} INFO - DAG(s) dict_keys(['tutorial_taskflow_api_etl']) retrieved from /home/airflow/.local/lib/python3.7/site-packages/airflow/example_dags/tutorial_taskflow_api_etl.py
[2023-04-02 18:06:42,253] {logging_mixin.py:115} INFO - [2023-04-02 18:06:42,253] {dag.py:2371} INFO - Sync 1 DAGs
[2023-04-02 18:06:42,403] {logging_mixin.py:115} INFO - [2023-04-02 18:06:42,403] {dag.py:2919} INFO - Setting next_dagrun for tutorial_taskflow_api_etl to None, run_after=None
[2023-04-02 18:06:42,420] {processor.py:161} INFO - Processing /home/airflow/.local/lib/python3.7/site-packages/airflow/example_dags/tutorial_taskflow_api_etl.py took 0.228 seconds
[2023-04-02 18:07:13,035] {processor.py:153} INFO - Started process (PID=1441) to work on /home/airflow/.local/lib/python3.7/site-packages/airflow/example_dags/tutorial_taskflow_api_etl.py
[2023-04-02 18:07:13,037] {processor.py:641} INFO - Processing file /home/airflow/.local/lib/python3.7/site-packages/airflow/example_dags/tutorial_taskflow_api_etl.py for tasks to queue
[2023-04-02 18:07:13,038] {logging_mixin.py:115} INFO - [2023-04-02 18:07:13,038] {dagbag.py:507} INFO - Filling up the DagBag from /home/airflow/.local/lib/python3.7/site-packages/airflow/example_dags/tutorial_taskflow_api_etl.py
[2023-04-02 18:07:13,056] {processor.py:651} INFO - DAG(s) dict_keys(['tutorial_taskflow_api_etl']) retrieved from /home/airflow/.local/lib/python3.7/site-packages/airflow/example_dags/tutorial_taskflow_api_etl.py
[2023-04-02 18:07:13,258] {logging_mixin.py:115} INFO - [2023-04-02 18:07:13,257] {dag.py:2371} INFO - Sync 1 DAGs
[2023-04-02 18:07:13,278] {logging_mixin.py:115} INFO - [2023-04-02 18:07:13,278] {dag.py:2919} INFO - Setting next_dagrun for tutorial_taskflow_api_etl to None, run_after=None
[2023-04-02 18:07:13,292] {processor.py:161} INFO - Processing /home/airflow/.local/lib/python3.7/site-packages/airflow/example_dags/tutorial_taskflow_api_etl.py took 0.261 seconds
[2023-04-02 18:07:43,403] {processor.py:153} INFO - Started process (PID=1505) to work on /home/airflow/.local/lib/python3.7/site-packages/airflow/example_dags/tutorial_taskflow_api_etl.py
[2023-04-02 18:07:43,404] {processor.py:641} INFO - Processing file /home/airflow/.local/lib/python3.7/site-packages/airflow/example_dags/tutorial_taskflow_api_etl.py for tasks to queue
[2023-04-02 18:07:43,406] {logging_mixin.py:115} INFO - [2023-04-02 18:07:43,406] {dagbag.py:507} INFO - Filling up the DagBag from /home/airflow/.local/lib/python3.7/site-packages/airflow/example_dags/tutorial_taskflow_api_etl.py
[2023-04-02 18:07:43,426] {processor.py:651} INFO - DAG(s) dict_keys(['tutorial_taskflow_api_etl']) retrieved from /home/airflow/.local/lib/python3.7/site-packages/airflow/example_dags/tutorial_taskflow_api_etl.py
[2023-04-02 18:07:43,617] {logging_mixin.py:115} INFO - [2023-04-02 18:07:43,617] {dag.py:2371} INFO - Sync 1 DAGs
[2023-04-02 18:07:43,639] {logging_mixin.py:115} INFO - [2023-04-02 18:07:43,639] {dag.py:2919} INFO - Setting next_dagrun for tutorial_taskflow_api_etl to None, run_after=None
[2023-04-02 18:07:43,652] {processor.py:161} INFO - Processing /home/airflow/.local/lib/python3.7/site-packages/airflow/example_dags/tutorial_taskflow_api_etl.py took 0.253 seconds
[2023-04-02 18:08:14,284] {processor.py:153} INFO - Started process (PID=1568) to work on /home/airflow/.local/lib/python3.7/site-packages/airflow/example_dags/tutorial_taskflow_api_etl.py
[2023-04-02 18:08:14,285] {processor.py:641} INFO - Processing file /home/airflow/.local/lib/python3.7/site-packages/airflow/example_dags/tutorial_taskflow_api_etl.py for tasks to queue
[2023-04-02 18:08:14,286] {logging_mixin.py:115} INFO - [2023-04-02 18:08:14,286] {dagbag.py:507} INFO - Filling up the DagBag from /home/airflow/.local/lib/python3.7/site-packages/airflow/example_dags/tutorial_taskflow_api_etl.py
[2023-04-02 18:08:14,305] {processor.py:651} INFO - DAG(s) dict_keys(['tutorial_taskflow_api_etl']) retrieved from /home/airflow/.local/lib/python3.7/site-packages/airflow/example_dags/tutorial_taskflow_api_etl.py
[2023-04-02 18:08:14,343] {logging_mixin.py:115} INFO - [2023-04-02 18:08:14,342] {dag.py:2371} INFO - Sync 1 DAGs
[2023-04-02 18:08:14,489] {logging_mixin.py:115} INFO - [2023-04-02 18:08:14,489] {dag.py:2919} INFO - Setting next_dagrun for tutorial_taskflow_api_etl to None, run_after=None
[2023-04-02 18:08:14,504] {processor.py:161} INFO - Processing /home/airflow/.local/lib/python3.7/site-packages/airflow/example_dags/tutorial_taskflow_api_etl.py took 0.224 seconds
[2023-04-02 18:08:44,871] {processor.py:153} INFO - Started process (PID=1631) to work on /home/airflow/.local/lib/python3.7/site-packages/airflow/example_dags/tutorial_taskflow_api_etl.py
[2023-04-02 18:08:44,873] {processor.py:641} INFO - Processing file /home/airflow/.local/lib/python3.7/site-packages/airflow/example_dags/tutorial_taskflow_api_etl.py for tasks to queue
[2023-04-02 18:08:44,874] {logging_mixin.py:115} INFO - [2023-04-02 18:08:44,874] {dagbag.py:507} INFO - Filling up the DagBag from /home/airflow/.local/lib/python3.7/site-packages/airflow/example_dags/tutorial_taskflow_api_etl.py
[2023-04-02 18:08:44,893] {processor.py:651} INFO - DAG(s) dict_keys(['tutorial_taskflow_api_etl']) retrieved from /home/airflow/.local/lib/python3.7/site-packages/airflow/example_dags/tutorial_taskflow_api_etl.py
[2023-04-02 18:08:44,924] {logging_mixin.py:115} INFO - [2023-04-02 18:08:44,924] {dag.py:2371} INFO - Sync 1 DAGs
[2023-04-02 18:08:45,083] {logging_mixin.py:115} INFO - [2023-04-02 18:08:45,083] {dag.py:2919} INFO - Setting next_dagrun for tutorial_taskflow_api_etl to None, run_after=None
[2023-04-02 18:08:45,098] {processor.py:161} INFO - Processing /home/airflow/.local/lib/python3.7/site-packages/airflow/example_dags/tutorial_taskflow_api_etl.py took 0.232 seconds
[2023-04-02 18:09:15,522] {processor.py:153} INFO - Started process (PID=1685) to work on /home/airflow/.local/lib/python3.7/site-packages/airflow/example_dags/tutorial_taskflow_api_etl.py
[2023-04-02 18:09:15,523] {processor.py:641} INFO - Processing file /home/airflow/.local/lib/python3.7/site-packages/airflow/example_dags/tutorial_taskflow_api_etl.py for tasks to queue
[2023-04-02 18:09:15,525] {logging_mixin.py:115} INFO - [2023-04-02 18:09:15,525] {dagbag.py:507} INFO - Filling up the DagBag from /home/airflow/.local/lib/python3.7/site-packages/airflow/example_dags/tutorial_taskflow_api_etl.py
[2023-04-02 18:09:15,544] {processor.py:651} INFO - DAG(s) dict_keys(['tutorial_taskflow_api_etl']) retrieved from /home/airflow/.local/lib/python3.7/site-packages/airflow/example_dags/tutorial_taskflow_api_etl.py
[2023-04-02 18:09:15,574] {logging_mixin.py:115} INFO - [2023-04-02 18:09:15,574] {dag.py:2371} INFO - Sync 1 DAGs
[2023-04-02 18:09:15,725] {logging_mixin.py:115} INFO - [2023-04-02 18:09:15,725] {dag.py:2919} INFO - Setting next_dagrun for tutorial_taskflow_api_etl to None, run_after=None
[2023-04-02 18:09:15,741] {processor.py:161} INFO - Processing /home/airflow/.local/lib/python3.7/site-packages/airflow/example_dags/tutorial_taskflow_api_etl.py took 0.223 seconds
[2023-04-02 18:09:46,124] {processor.py:153} INFO - Started process (PID=1748) to work on /home/airflow/.local/lib/python3.7/site-packages/airflow/example_dags/tutorial_taskflow_api_etl.py
[2023-04-02 18:09:46,127] {processor.py:641} INFO - Processing file /home/airflow/.local/lib/python3.7/site-packages/airflow/example_dags/tutorial_taskflow_api_etl.py for tasks to queue
[2023-04-02 18:09:46,129] {logging_mixin.py:115} INFO - [2023-04-02 18:09:46,129] {dagbag.py:507} INFO - Filling up the DagBag from /home/airflow/.local/lib/python3.7/site-packages/airflow/example_dags/tutorial_taskflow_api_etl.py
[2023-04-02 18:09:46,153] {processor.py:651} INFO - DAG(s) dict_keys(['tutorial_taskflow_api_etl']) retrieved from /home/airflow/.local/lib/python3.7/site-packages/airflow/example_dags/tutorial_taskflow_api_etl.py
[2023-04-02 18:09:46,185] {logging_mixin.py:115} INFO - [2023-04-02 18:09:46,185] {dag.py:2371} INFO - Sync 1 DAGs
[2023-04-02 18:09:46,333] {logging_mixin.py:115} INFO - [2023-04-02 18:09:46,332] {dag.py:2919} INFO - Setting next_dagrun for tutorial_taskflow_api_etl to None, run_after=None
[2023-04-02 18:09:46,346] {processor.py:161} INFO - Processing /home/airflow/.local/lib/python3.7/site-packages/airflow/example_dags/tutorial_taskflow_api_etl.py took 0.227 seconds
[2023-04-02 18:10:17,015] {processor.py:153} INFO - Started process (PID=1811) to work on /home/airflow/.local/lib/python3.7/site-packages/airflow/example_dags/tutorial_taskflow_api_etl.py
[2023-04-02 18:10:17,019] {processor.py:641} INFO - Processing file /home/airflow/.local/lib/python3.7/site-packages/airflow/example_dags/tutorial_taskflow_api_etl.py for tasks to queue
[2023-04-02 18:10:17,020] {logging_mixin.py:115} INFO - [2023-04-02 18:10:17,020] {dagbag.py:507} INFO - Filling up the DagBag from /home/airflow/.local/lib/python3.7/site-packages/airflow/example_dags/tutorial_taskflow_api_etl.py
[2023-04-02 18:10:17,039] {processor.py:651} INFO - DAG(s) dict_keys(['tutorial_taskflow_api_etl']) retrieved from /home/airflow/.local/lib/python3.7/site-packages/airflow/example_dags/tutorial_taskflow_api_etl.py
[2023-04-02 18:10:17,233] {logging_mixin.py:115} INFO - [2023-04-02 18:10:17,233] {dag.py:2371} INFO - Sync 1 DAGs
[2023-04-02 18:10:17,253] {logging_mixin.py:115} INFO - [2023-04-02 18:10:17,253] {dag.py:2919} INFO - Setting next_dagrun for tutorial_taskflow_api_etl to None, run_after=None
[2023-04-02 18:10:17,267] {processor.py:161} INFO - Processing /home/airflow/.local/lib/python3.7/site-packages/airflow/example_dags/tutorial_taskflow_api_etl.py took 0.257 seconds
[2023-04-02 18:10:48,055] {processor.py:153} INFO - Started process (PID=1874) to work on /home/airflow/.local/lib/python3.7/site-packages/airflow/example_dags/tutorial_taskflow_api_etl.py
[2023-04-02 18:10:48,057] {processor.py:641} INFO - Processing file /home/airflow/.local/lib/python3.7/site-packages/airflow/example_dags/tutorial_taskflow_api_etl.py for tasks to queue
[2023-04-02 18:10:48,058] {logging_mixin.py:115} INFO - [2023-04-02 18:10:48,058] {dagbag.py:507} INFO - Filling up the DagBag from /home/airflow/.local/lib/python3.7/site-packages/airflow/example_dags/tutorial_taskflow_api_etl.py
[2023-04-02 18:10:48,076] {processor.py:651} INFO - DAG(s) dict_keys(['tutorial_taskflow_api_etl']) retrieved from /home/airflow/.local/lib/python3.7/site-packages/airflow/example_dags/tutorial_taskflow_api_etl.py
[2023-04-02 18:10:48,148] {logging_mixin.py:115} INFO - [2023-04-02 18:10:48,148] {dag.py:2371} INFO - Sync 1 DAGs
[2023-04-02 18:10:48,170] {logging_mixin.py:115} INFO - [2023-04-02 18:10:48,170] {dag.py:2919} INFO - Setting next_dagrun for tutorial_taskflow_api_etl to None, run_after=None
[2023-04-02 18:10:48,185] {processor.py:161} INFO - Processing /home/airflow/.local/lib/python3.7/site-packages/airflow/example_dags/tutorial_taskflow_api_etl.py took 0.133 seconds
[2023-04-02 18:11:18,444] {processor.py:153} INFO - Started process (PID=1928) to work on /home/airflow/.local/lib/python3.7/site-packages/airflow/example_dags/tutorial_taskflow_api_etl.py
[2023-04-02 18:11:18,445] {processor.py:641} INFO - Processing file /home/airflow/.local/lib/python3.7/site-packages/airflow/example_dags/tutorial_taskflow_api_etl.py for tasks to queue
[2023-04-02 18:11:18,447] {logging_mixin.py:115} INFO - [2023-04-02 18:11:18,447] {dagbag.py:507} INFO - Filling up the DagBag from /home/airflow/.local/lib/python3.7/site-packages/airflow/example_dags/tutorial_taskflow_api_etl.py
[2023-04-02 18:11:18,466] {processor.py:651} INFO - DAG(s) dict_keys(['tutorial_taskflow_api_etl']) retrieved from /home/airflow/.local/lib/python3.7/site-packages/airflow/example_dags/tutorial_taskflow_api_etl.py
[2023-04-02 18:11:18,545] {logging_mixin.py:115} INFO - [2023-04-02 18:11:18,544] {dag.py:2371} INFO - Sync 1 DAGs
[2023-04-02 18:11:18,566] {logging_mixin.py:115} INFO - [2023-04-02 18:11:18,566] {dag.py:2919} INFO - Setting next_dagrun for tutorial_taskflow_api_etl to None, run_after=None
[2023-04-02 18:11:18,587] {processor.py:161} INFO - Processing /home/airflow/.local/lib/python3.7/site-packages/airflow/example_dags/tutorial_taskflow_api_etl.py took 0.147 seconds
[2023-04-02 18:11:49,041] {processor.py:153} INFO - Started process (PID=1991) to work on /home/airflow/.local/lib/python3.7/site-packages/airflow/example_dags/tutorial_taskflow_api_etl.py
[2023-04-02 18:11:49,042] {processor.py:641} INFO - Processing file /home/airflow/.local/lib/python3.7/site-packages/airflow/example_dags/tutorial_taskflow_api_etl.py for tasks to queue
[2023-04-02 18:11:49,044] {logging_mixin.py:115} INFO - [2023-04-02 18:11:49,044] {dagbag.py:507} INFO - Filling up the DagBag from /home/airflow/.local/lib/python3.7/site-packages/airflow/example_dags/tutorial_taskflow_api_etl.py
[2023-04-02 18:11:49,062] {processor.py:651} INFO - DAG(s) dict_keys(['tutorial_taskflow_api_etl']) retrieved from /home/airflow/.local/lib/python3.7/site-packages/airflow/example_dags/tutorial_taskflow_api_etl.py
[2023-04-02 18:11:49,138] {logging_mixin.py:115} INFO - [2023-04-02 18:11:49,138] {dag.py:2371} INFO - Sync 1 DAGs
[2023-04-02 18:11:49,158] {logging_mixin.py:115} INFO - [2023-04-02 18:11:49,158] {dag.py:2919} INFO - Setting next_dagrun for tutorial_taskflow_api_etl to None, run_after=None
[2023-04-02 18:11:49,172] {processor.py:161} INFO - Processing /home/airflow/.local/lib/python3.7/site-packages/airflow/example_dags/tutorial_taskflow_api_etl.py took 0.135 seconds
[2023-04-02 18:12:19,341] {processor.py:153} INFO - Started process (PID=2054) to work on /home/airflow/.local/lib/python3.7/site-packages/airflow/example_dags/tutorial_taskflow_api_etl.py
[2023-04-02 18:12:19,342] {processor.py:641} INFO - Processing file /home/airflow/.local/lib/python3.7/site-packages/airflow/example_dags/tutorial_taskflow_api_etl.py for tasks to queue
[2023-04-02 18:12:19,343] {logging_mixin.py:115} INFO - [2023-04-02 18:12:19,343] {dagbag.py:507} INFO - Filling up the DagBag from /home/airflow/.local/lib/python3.7/site-packages/airflow/example_dags/tutorial_taskflow_api_etl.py
[2023-04-02 18:12:19,361] {processor.py:651} INFO - DAG(s) dict_keys(['tutorial_taskflow_api_etl']) retrieved from /home/airflow/.local/lib/python3.7/site-packages/airflow/example_dags/tutorial_taskflow_api_etl.py
[2023-04-02 18:12:19,433] {logging_mixin.py:115} INFO - [2023-04-02 18:12:19,433] {dag.py:2371} INFO - Sync 1 DAGs
[2023-04-02 18:12:19,455] {logging_mixin.py:115} INFO - [2023-04-02 18:12:19,455] {dag.py:2919} INFO - Setting next_dagrun for tutorial_taskflow_api_etl to None, run_after=None
[2023-04-02 18:12:19,477] {processor.py:161} INFO - Processing /home/airflow/.local/lib/python3.7/site-packages/airflow/example_dags/tutorial_taskflow_api_etl.py took 0.140 seconds
[2023-04-02 18:12:49,864] {processor.py:153} INFO - Started process (PID=2108) to work on /home/airflow/.local/lib/python3.7/site-packages/airflow/example_dags/tutorial_taskflow_api_etl.py
[2023-04-02 18:12:49,866] {processor.py:641} INFO - Processing file /home/airflow/.local/lib/python3.7/site-packages/airflow/example_dags/tutorial_taskflow_api_etl.py for tasks to queue
[2023-04-02 18:12:49,867] {logging_mixin.py:115} INFO - [2023-04-02 18:12:49,867] {dagbag.py:507} INFO - Filling up the DagBag from /home/airflow/.local/lib/python3.7/site-packages/airflow/example_dags/tutorial_taskflow_api_etl.py
[2023-04-02 18:12:49,886] {processor.py:651} INFO - DAG(s) dict_keys(['tutorial_taskflow_api_etl']) retrieved from /home/airflow/.local/lib/python3.7/site-packages/airflow/example_dags/tutorial_taskflow_api_etl.py
[2023-04-02 18:12:49,962] {logging_mixin.py:115} INFO - [2023-04-02 18:12:49,962] {dag.py:2371} INFO - Sync 1 DAGs
[2023-04-02 18:12:49,983] {logging_mixin.py:115} INFO - [2023-04-02 18:12:49,983] {dag.py:2919} INFO - Setting next_dagrun for tutorial_taskflow_api_etl to None, run_after=None
[2023-04-02 18:12:49,997] {processor.py:161} INFO - Processing /home/airflow/.local/lib/python3.7/site-packages/airflow/example_dags/tutorial_taskflow_api_etl.py took 0.136 seconds
[2023-04-02 18:13:20,226] {processor.py:153} INFO - Started process (PID=2171) to work on /home/airflow/.local/lib/python3.7/site-packages/airflow/example_dags/tutorial_taskflow_api_etl.py
[2023-04-02 18:13:20,228] {processor.py:641} INFO - Processing file /home/airflow/.local/lib/python3.7/site-packages/airflow/example_dags/tutorial_taskflow_api_etl.py for tasks to queue
[2023-04-02 18:13:20,229] {logging_mixin.py:115} INFO - [2023-04-02 18:13:20,229] {dagbag.py:507} INFO - Filling up the DagBag from /home/airflow/.local/lib/python3.7/site-packages/airflow/example_dags/tutorial_taskflow_api_etl.py
[2023-04-02 18:13:20,249] {processor.py:651} INFO - DAG(s) dict_keys(['tutorial_taskflow_api_etl']) retrieved from /home/airflow/.local/lib/python3.7/site-packages/airflow/example_dags/tutorial_taskflow_api_etl.py
[2023-04-02 18:13:20,279] {logging_mixin.py:115} INFO - [2023-04-02 18:13:20,279] {dag.py:2371} INFO - Sync 1 DAGs
[2023-04-02 18:13:20,302] {logging_mixin.py:115} INFO - [2023-04-02 18:13:20,302] {dag.py:2919} INFO - Setting next_dagrun for tutorial_taskflow_api_etl to None, run_after=None
[2023-04-02 18:13:20,314] {processor.py:161} INFO - Processing /home/airflow/.local/lib/python3.7/site-packages/airflow/example_dags/tutorial_taskflow_api_etl.py took 0.092 seconds
[2023-04-02 18:13:50,474] {processor.py:153} INFO - Started process (PID=2234) to work on /home/airflow/.local/lib/python3.7/site-packages/airflow/example_dags/tutorial_taskflow_api_etl.py
[2023-04-02 18:13:50,475] {processor.py:641} INFO - Processing file /home/airflow/.local/lib/python3.7/site-packages/airflow/example_dags/tutorial_taskflow_api_etl.py for tasks to queue
[2023-04-02 18:13:50,477] {logging_mixin.py:115} INFO - [2023-04-02 18:13:50,477] {dagbag.py:507} INFO - Filling up the DagBag from /home/airflow/.local/lib/python3.7/site-packages/airflow/example_dags/tutorial_taskflow_api_etl.py
[2023-04-02 18:13:50,495] {processor.py:651} INFO - DAG(s) dict_keys(['tutorial_taskflow_api_etl']) retrieved from /home/airflow/.local/lib/python3.7/site-packages/airflow/example_dags/tutorial_taskflow_api_etl.py
[2023-04-02 18:13:50,526] {logging_mixin.py:115} INFO - [2023-04-02 18:13:50,526] {dag.py:2371} INFO - Sync 1 DAGs
[2023-04-02 18:13:50,550] {logging_mixin.py:115} INFO - [2023-04-02 18:13:50,550] {dag.py:2919} INFO - Setting next_dagrun for tutorial_taskflow_api_etl to None, run_after=None
[2023-04-02 18:13:50,563] {processor.py:161} INFO - Processing /home/airflow/.local/lib/python3.7/site-packages/airflow/example_dags/tutorial_taskflow_api_etl.py took 0.093 seconds
[2023-04-02 18:14:20,803] {processor.py:153} INFO - Started process (PID=2288) to work on /home/airflow/.local/lib/python3.7/site-packages/airflow/example_dags/tutorial_taskflow_api_etl.py
[2023-04-02 18:14:20,805] {processor.py:641} INFO - Processing file /home/airflow/.local/lib/python3.7/site-packages/airflow/example_dags/tutorial_taskflow_api_etl.py for tasks to queue
[2023-04-02 18:14:20,806] {logging_mixin.py:115} INFO - [2023-04-02 18:14:20,806] {dagbag.py:507} INFO - Filling up the DagBag from /home/airflow/.local/lib/python3.7/site-packages/airflow/example_dags/tutorial_taskflow_api_etl.py
[2023-04-02 18:14:20,824] {processor.py:651} INFO - DAG(s) dict_keys(['tutorial_taskflow_api_etl']) retrieved from /home/airflow/.local/lib/python3.7/site-packages/airflow/example_dags/tutorial_taskflow_api_etl.py
[2023-04-02 18:14:20,855] {logging_mixin.py:115} INFO - [2023-04-02 18:14:20,854] {dag.py:2371} INFO - Sync 1 DAGs
[2023-04-02 18:14:20,877] {logging_mixin.py:115} INFO - [2023-04-02 18:14:20,877] {dag.py:2919} INFO - Setting next_dagrun for tutorial_taskflow_api_etl to None, run_after=None
[2023-04-02 18:14:20,888] {processor.py:161} INFO - Processing /home/airflow/.local/lib/python3.7/site-packages/airflow/example_dags/tutorial_taskflow_api_etl.py took 0.089 seconds
[2023-04-02 18:14:51,080] {processor.py:153} INFO - Started process (PID=2351) to work on /home/airflow/.local/lib/python3.7/site-packages/airflow/example_dags/tutorial_taskflow_api_etl.py
[2023-04-02 18:14:51,081] {processor.py:641} INFO - Processing file /home/airflow/.local/lib/python3.7/site-packages/airflow/example_dags/tutorial_taskflow_api_etl.py for tasks to queue
[2023-04-02 18:14:51,083] {logging_mixin.py:115} INFO - [2023-04-02 18:14:51,083] {dagbag.py:507} INFO - Filling up the DagBag from /home/airflow/.local/lib/python3.7/site-packages/airflow/example_dags/tutorial_taskflow_api_etl.py
[2023-04-02 18:14:51,104] {processor.py:651} INFO - DAG(s) dict_keys(['tutorial_taskflow_api_etl']) retrieved from /home/airflow/.local/lib/python3.7/site-packages/airflow/example_dags/tutorial_taskflow_api_etl.py
[2023-04-02 18:14:51,134] {logging_mixin.py:115} INFO - [2023-04-02 18:14:51,134] {dag.py:2371} INFO - Sync 1 DAGs
[2023-04-02 18:14:51,157] {logging_mixin.py:115} INFO - [2023-04-02 18:14:51,157] {dag.py:2919} INFO - Setting next_dagrun for tutorial_taskflow_api_etl to None, run_after=None
[2023-04-02 18:14:51,169] {processor.py:161} INFO - Processing /home/airflow/.local/lib/python3.7/site-packages/airflow/example_dags/tutorial_taskflow_api_etl.py took 0.094 seconds
[2023-04-02 18:15:21,302] {processor.py:153} INFO - Started process (PID=2414) to work on /home/airflow/.local/lib/python3.7/site-packages/airflow/example_dags/tutorial_taskflow_api_etl.py
[2023-04-02 18:15:21,303] {processor.py:641} INFO - Processing file /home/airflow/.local/lib/python3.7/site-packages/airflow/example_dags/tutorial_taskflow_api_etl.py for tasks to queue
[2023-04-02 18:15:21,304] {logging_mixin.py:115} INFO - [2023-04-02 18:15:21,304] {dagbag.py:507} INFO - Filling up the DagBag from /home/airflow/.local/lib/python3.7/site-packages/airflow/example_dags/tutorial_taskflow_api_etl.py
[2023-04-02 18:15:21,324] {processor.py:651} INFO - DAG(s) dict_keys(['tutorial_taskflow_api_etl']) retrieved from /home/airflow/.local/lib/python3.7/site-packages/airflow/example_dags/tutorial_taskflow_api_etl.py
[2023-04-02 18:15:21,355] {logging_mixin.py:115} INFO - [2023-04-02 18:15:21,355] {dag.py:2371} INFO - Sync 1 DAGs
[2023-04-02 18:15:21,378] {logging_mixin.py:115} INFO - [2023-04-02 18:15:21,378] {dag.py:2919} INFO - Setting next_dagrun for tutorial_taskflow_api_etl to None, run_after=None
[2023-04-02 18:15:21,390] {processor.py:161} INFO - Processing /home/airflow/.local/lib/python3.7/site-packages/airflow/example_dags/tutorial_taskflow_api_etl.py took 0.092 seconds
[2023-04-02 18:15:51,841] {processor.py:153} INFO - Started process (PID=2468) to work on /home/airflow/.local/lib/python3.7/site-packages/airflow/example_dags/tutorial_taskflow_api_etl.py
[2023-04-02 18:15:51,842] {processor.py:641} INFO - Processing file /home/airflow/.local/lib/python3.7/site-packages/airflow/example_dags/tutorial_taskflow_api_etl.py for tasks to queue
[2023-04-02 18:15:51,844] {logging_mixin.py:115} INFO - [2023-04-02 18:15:51,844] {dagbag.py:507} INFO - Filling up the DagBag from /home/airflow/.local/lib/python3.7/site-packages/airflow/example_dags/tutorial_taskflow_api_etl.py
[2023-04-02 18:15:51,865] {processor.py:651} INFO - DAG(s) dict_keys(['tutorial_taskflow_api_etl']) retrieved from /home/airflow/.local/lib/python3.7/site-packages/airflow/example_dags/tutorial_taskflow_api_etl.py
[2023-04-02 18:15:51,928] {logging_mixin.py:115} INFO - [2023-04-02 18:15:51,928] {dag.py:2371} INFO - Sync 1 DAGs
[2023-04-02 18:15:51,951] {logging_mixin.py:115} INFO - [2023-04-02 18:15:51,951] {dag.py:2919} INFO - Setting next_dagrun for tutorial_taskflow_api_etl to None, run_after=None
[2023-04-02 18:15:51,967] {processor.py:161} INFO - Processing /home/airflow/.local/lib/python3.7/site-packages/airflow/example_dags/tutorial_taskflow_api_etl.py took 0.131 seconds
[2023-04-02 18:16:22,413] {processor.py:153} INFO - Started process (PID=2531) to work on /home/airflow/.local/lib/python3.7/site-packages/airflow/example_dags/tutorial_taskflow_api_etl.py
[2023-04-02 18:16:22,415] {processor.py:641} INFO - Processing file /home/airflow/.local/lib/python3.7/site-packages/airflow/example_dags/tutorial_taskflow_api_etl.py for tasks to queue
[2023-04-02 18:16:22,416] {logging_mixin.py:115} INFO - [2023-04-02 18:16:22,416] {dagbag.py:507} INFO - Filling up the DagBag from /home/airflow/.local/lib/python3.7/site-packages/airflow/example_dags/tutorial_taskflow_api_etl.py
[2023-04-02 18:16:22,445] {processor.py:651} INFO - DAG(s) dict_keys(['tutorial_taskflow_api_etl']) retrieved from /home/airflow/.local/lib/python3.7/site-packages/airflow/example_dags/tutorial_taskflow_api_etl.py
[2023-04-02 18:16:22,474] {logging_mixin.py:115} INFO - [2023-04-02 18:16:22,473] {dag.py:2371} INFO - Sync 1 DAGs
[2023-04-02 18:16:22,497] {logging_mixin.py:115} INFO - [2023-04-02 18:16:22,497] {dag.py:2919} INFO - Setting next_dagrun for tutorial_taskflow_api_etl to None, run_after=None
[2023-04-02 18:16:22,510] {processor.py:161} INFO - Processing /home/airflow/.local/lib/python3.7/site-packages/airflow/example_dags/tutorial_taskflow_api_etl.py took 0.101 seconds
[2023-04-02 18:16:52,847] {processor.py:153} INFO - Started process (PID=2594) to work on /home/airflow/.local/lib/python3.7/site-packages/airflow/example_dags/tutorial_taskflow_api_etl.py
[2023-04-02 18:16:52,849] {processor.py:641} INFO - Processing file /home/airflow/.local/lib/python3.7/site-packages/airflow/example_dags/tutorial_taskflow_api_etl.py for tasks to queue
[2023-04-02 18:16:52,851] {logging_mixin.py:115} INFO - [2023-04-02 18:16:52,851] {dagbag.py:507} INFO - Filling up the DagBag from /home/airflow/.local/lib/python3.7/site-packages/airflow/example_dags/tutorial_taskflow_api_etl.py
[2023-04-02 18:16:52,875] {processor.py:651} INFO - DAG(s) dict_keys(['tutorial_taskflow_api_etl']) retrieved from /home/airflow/.local/lib/python3.7/site-packages/airflow/example_dags/tutorial_taskflow_api_etl.py
[2023-04-02 18:16:52,912] {logging_mixin.py:115} INFO - [2023-04-02 18:16:52,912] {dag.py:2371} INFO - Sync 1 DAGs
[2023-04-02 18:16:52,941] {logging_mixin.py:115} INFO - [2023-04-02 18:16:52,940] {dag.py:2919} INFO - Setting next_dagrun for tutorial_taskflow_api_etl to None, run_after=None
[2023-04-02 18:16:52,955] {processor.py:161} INFO - Processing /home/airflow/.local/lib/python3.7/site-packages/airflow/example_dags/tutorial_taskflow_api_etl.py took 0.112 seconds
[2023-04-02 18:17:23,406] {processor.py:153} INFO - Started process (PID=2657) to work on /home/airflow/.local/lib/python3.7/site-packages/airflow/example_dags/tutorial_taskflow_api_etl.py
[2023-04-02 18:17:23,407] {processor.py:641} INFO - Processing file /home/airflow/.local/lib/python3.7/site-packages/airflow/example_dags/tutorial_taskflow_api_etl.py for tasks to queue
[2023-04-02 18:17:23,408] {logging_mixin.py:115} INFO - [2023-04-02 18:17:23,408] {dagbag.py:507} INFO - Filling up the DagBag from /home/airflow/.local/lib/python3.7/site-packages/airflow/example_dags/tutorial_taskflow_api_etl.py
[2023-04-02 18:17:23,429] {processor.py:651} INFO - DAG(s) dict_keys(['tutorial_taskflow_api_etl']) retrieved from /home/airflow/.local/lib/python3.7/site-packages/airflow/example_dags/tutorial_taskflow_api_etl.py
[2023-04-02 18:17:23,456] {logging_mixin.py:115} INFO - [2023-04-02 18:17:23,456] {dag.py:2371} INFO - Sync 1 DAGs
[2023-04-02 18:17:23,478] {logging_mixin.py:115} INFO - [2023-04-02 18:17:23,478] {dag.py:2919} INFO - Setting next_dagrun for tutorial_taskflow_api_etl to None, run_after=None
[2023-04-02 18:17:23,491] {processor.py:161} INFO - Processing /home/airflow/.local/lib/python3.7/site-packages/airflow/example_dags/tutorial_taskflow_api_etl.py took 0.089 seconds
[2023-04-02 18:17:53,828] {processor.py:153} INFO - Started process (PID=2711) to work on /home/airflow/.local/lib/python3.7/site-packages/airflow/example_dags/tutorial_taskflow_api_etl.py
[2023-04-02 18:17:53,829] {processor.py:641} INFO - Processing file /home/airflow/.local/lib/python3.7/site-packages/airflow/example_dags/tutorial_taskflow_api_etl.py for tasks to queue
[2023-04-02 18:17:53,830] {logging_mixin.py:115} INFO - [2023-04-02 18:17:53,830] {dagbag.py:507} INFO - Filling up the DagBag from /home/airflow/.local/lib/python3.7/site-packages/airflow/example_dags/tutorial_taskflow_api_etl.py
[2023-04-02 18:17:53,851] {processor.py:651} INFO - DAG(s) dict_keys(['tutorial_taskflow_api_etl']) retrieved from /home/airflow/.local/lib/python3.7/site-packages/airflow/example_dags/tutorial_taskflow_api_etl.py
[2023-04-02 18:17:53,878] {logging_mixin.py:115} INFO - [2023-04-02 18:17:53,878] {dag.py:2371} INFO - Sync 1 DAGs
[2023-04-02 18:17:53,902] {logging_mixin.py:115} INFO - [2023-04-02 18:17:53,902] {dag.py:2919} INFO - Setting next_dagrun for tutorial_taskflow_api_etl to None, run_after=None
[2023-04-02 18:17:53,914] {processor.py:161} INFO - Processing /home/airflow/.local/lib/python3.7/site-packages/airflow/example_dags/tutorial_taskflow_api_etl.py took 0.091 seconds
[2023-04-02 18:18:24,132] {processor.py:153} INFO - Started process (PID=2775) to work on /home/airflow/.local/lib/python3.7/site-packages/airflow/example_dags/tutorial_taskflow_api_etl.py
[2023-04-02 18:18:24,134] {processor.py:641} INFO - Processing file /home/airflow/.local/lib/python3.7/site-packages/airflow/example_dags/tutorial_taskflow_api_etl.py for tasks to queue
[2023-04-02 18:18:24,135] {logging_mixin.py:115} INFO - [2023-04-02 18:18:24,135] {dagbag.py:507} INFO - Filling up the DagBag from /home/airflow/.local/lib/python3.7/site-packages/airflow/example_dags/tutorial_taskflow_api_etl.py
[2023-04-02 18:18:24,157] {processor.py:651} INFO - DAG(s) dict_keys(['tutorial_taskflow_api_etl']) retrieved from /home/airflow/.local/lib/python3.7/site-packages/airflow/example_dags/tutorial_taskflow_api_etl.py
[2023-04-02 18:18:24,185] {logging_mixin.py:115} INFO - [2023-04-02 18:18:24,185] {dag.py:2371} INFO - Sync 1 DAGs
[2023-04-02 18:18:24,210] {logging_mixin.py:115} INFO - [2023-04-02 18:18:24,209] {dag.py:2919} INFO - Setting next_dagrun for tutorial_taskflow_api_etl to None, run_after=None
[2023-04-02 18:18:24,222] {processor.py:161} INFO - Processing /home/airflow/.local/lib/python3.7/site-packages/airflow/example_dags/tutorial_taskflow_api_etl.py took 0.094 seconds
[2023-04-02 18:18:54,618] {processor.py:153} INFO - Started process (PID=2838) to work on /home/airflow/.local/lib/python3.7/site-packages/airflow/example_dags/tutorial_taskflow_api_etl.py
[2023-04-02 18:18:54,620] {processor.py:641} INFO - Processing file /home/airflow/.local/lib/python3.7/site-packages/airflow/example_dags/tutorial_taskflow_api_etl.py for tasks to queue
[2023-04-02 18:18:54,621] {logging_mixin.py:115} INFO - [2023-04-02 18:18:54,621] {dagbag.py:507} INFO - Filling up the DagBag from /home/airflow/.local/lib/python3.7/site-packages/airflow/example_dags/tutorial_taskflow_api_etl.py
[2023-04-02 18:18:54,642] {processor.py:651} INFO - DAG(s) dict_keys(['tutorial_taskflow_api_etl']) retrieved from /home/airflow/.local/lib/python3.7/site-packages/airflow/example_dags/tutorial_taskflow_api_etl.py
[2023-04-02 18:18:54,668] {logging_mixin.py:115} INFO - [2023-04-02 18:18:54,668] {dag.py:2371} INFO - Sync 1 DAGs
[2023-04-02 18:18:54,690] {logging_mixin.py:115} INFO - [2023-04-02 18:18:54,690] {dag.py:2919} INFO - Setting next_dagrun for tutorial_taskflow_api_etl to None, run_after=None
[2023-04-02 18:18:54,702] {processor.py:161} INFO - Processing /home/airflow/.local/lib/python3.7/site-packages/airflow/example_dags/tutorial_taskflow_api_etl.py took 0.088 seconds
[2023-04-02 18:19:24,956] {processor.py:153} INFO - Started process (PID=2893) to work on /home/airflow/.local/lib/python3.7/site-packages/airflow/example_dags/tutorial_taskflow_api_etl.py
[2023-04-02 18:19:24,958] {processor.py:641} INFO - Processing file /home/airflow/.local/lib/python3.7/site-packages/airflow/example_dags/tutorial_taskflow_api_etl.py for tasks to queue
[2023-04-02 18:19:24,960] {logging_mixin.py:115} INFO - [2023-04-02 18:19:24,960] {dagbag.py:507} INFO - Filling up the DagBag from /home/airflow/.local/lib/python3.7/site-packages/airflow/example_dags/tutorial_taskflow_api_etl.py
[2023-04-02 18:19:24,983] {processor.py:651} INFO - DAG(s) dict_keys(['tutorial_taskflow_api_etl']) retrieved from /home/airflow/.local/lib/python3.7/site-packages/airflow/example_dags/tutorial_taskflow_api_etl.py
[2023-04-02 18:19:25,011] {logging_mixin.py:115} INFO - [2023-04-02 18:19:25,011] {dag.py:2371} INFO - Sync 1 DAGs
[2023-04-02 18:19:25,036] {logging_mixin.py:115} INFO - [2023-04-02 18:19:25,036] {dag.py:2919} INFO - Setting next_dagrun for tutorial_taskflow_api_etl to None, run_after=None
[2023-04-02 18:19:25,049] {processor.py:161} INFO - Processing /home/airflow/.local/lib/python3.7/site-packages/airflow/example_dags/tutorial_taskflow_api_etl.py took 0.097 seconds
[2023-04-02 18:19:55,105] {processor.py:153} INFO - Started process (PID=2956) to work on /home/airflow/.local/lib/python3.7/site-packages/airflow/example_dags/tutorial_taskflow_api_etl.py
[2023-04-02 18:19:55,107] {processor.py:641} INFO - Processing file /home/airflow/.local/lib/python3.7/site-packages/airflow/example_dags/tutorial_taskflow_api_etl.py for tasks to queue
[2023-04-02 18:19:55,108] {logging_mixin.py:115} INFO - [2023-04-02 18:19:55,108] {dagbag.py:507} INFO - Filling up the DagBag from /home/airflow/.local/lib/python3.7/site-packages/airflow/example_dags/tutorial_taskflow_api_etl.py
[2023-04-02 18:19:55,130] {processor.py:651} INFO - DAG(s) dict_keys(['tutorial_taskflow_api_etl']) retrieved from /home/airflow/.local/lib/python3.7/site-packages/airflow/example_dags/tutorial_taskflow_api_etl.py
[2023-04-02 18:19:55,198] {logging_mixin.py:115} INFO - [2023-04-02 18:19:55,198] {dag.py:2371} INFO - Sync 1 DAGs
[2023-04-02 18:19:55,218] {logging_mixin.py:115} INFO - [2023-04-02 18:19:55,218] {dag.py:2919} INFO - Setting next_dagrun for tutorial_taskflow_api_etl to None, run_after=None
[2023-04-02 18:19:55,232] {processor.py:161} INFO - Processing /home/airflow/.local/lib/python3.7/site-packages/airflow/example_dags/tutorial_taskflow_api_etl.py took 0.130 seconds
[2023-04-02 18:20:25,302] {processor.py:153} INFO - Started process (PID=3019) to work on /home/airflow/.local/lib/python3.7/site-packages/airflow/example_dags/tutorial_taskflow_api_etl.py
[2023-04-02 18:20:25,303] {processor.py:641} INFO - Processing file /home/airflow/.local/lib/python3.7/site-packages/airflow/example_dags/tutorial_taskflow_api_etl.py for tasks to queue
[2023-04-02 18:20:25,305] {logging_mixin.py:115} INFO - [2023-04-02 18:20:25,304] {dagbag.py:507} INFO - Filling up the DagBag from /home/airflow/.local/lib/python3.7/site-packages/airflow/example_dags/tutorial_taskflow_api_etl.py
[2023-04-02 18:20:25,325] {processor.py:651} INFO - DAG(s) dict_keys(['tutorial_taskflow_api_etl']) retrieved from /home/airflow/.local/lib/python3.7/site-packages/airflow/example_dags/tutorial_taskflow_api_etl.py
[2023-04-02 18:20:25,404] {logging_mixin.py:115} INFO - [2023-04-02 18:20:25,404] {dag.py:2371} INFO - Sync 1 DAGs
[2023-04-02 18:20:25,426] {logging_mixin.py:115} INFO - [2023-04-02 18:20:25,426] {dag.py:2919} INFO - Setting next_dagrun for tutorial_taskflow_api_etl to None, run_after=None
[2023-04-02 18:20:25,441] {processor.py:161} INFO - Processing /home/airflow/.local/lib/python3.7/site-packages/airflow/example_dags/tutorial_taskflow_api_etl.py took 0.143 seconds
[2023-04-02 18:20:56,344] {processor.py:153} INFO - Started process (PID=3081) to work on /home/airflow/.local/lib/python3.7/site-packages/airflow/example_dags/tutorial_taskflow_api_etl.py
[2023-04-02 18:20:56,345] {processor.py:641} INFO - Processing file /home/airflow/.local/lib/python3.7/site-packages/airflow/example_dags/tutorial_taskflow_api_etl.py for tasks to queue
[2023-04-02 18:20:56,347] {logging_mixin.py:115} INFO - [2023-04-02 18:20:56,347] {dagbag.py:507} INFO - Filling up the DagBag from /home/airflow/.local/lib/python3.7/site-packages/airflow/example_dags/tutorial_taskflow_api_etl.py
[2023-04-02 18:20:56,370] {processor.py:651} INFO - DAG(s) dict_keys(['tutorial_taskflow_api_etl']) retrieved from /home/airflow/.local/lib/python3.7/site-packages/airflow/example_dags/tutorial_taskflow_api_etl.py
[2023-04-02 18:20:56,401] {logging_mixin.py:115} INFO - [2023-04-02 18:20:56,401] {dag.py:2371} INFO - Sync 1 DAGs
[2023-04-02 18:20:56,428] {logging_mixin.py:115} INFO - [2023-04-02 18:20:56,428] {dag.py:2919} INFO - Setting next_dagrun for tutorial_taskflow_api_etl to None, run_after=None
[2023-04-02 18:20:56,442] {processor.py:161} INFO - Processing /home/airflow/.local/lib/python3.7/site-packages/airflow/example_dags/tutorial_taskflow_api_etl.py took 0.103 seconds
[2023-04-02 18:21:26,877] {processor.py:153} INFO - Started process (PID=3134) to work on /home/airflow/.local/lib/python3.7/site-packages/airflow/example_dags/tutorial_taskflow_api_etl.py
[2023-04-02 18:21:26,878] {processor.py:641} INFO - Processing file /home/airflow/.local/lib/python3.7/site-packages/airflow/example_dags/tutorial_taskflow_api_etl.py for tasks to queue
[2023-04-02 18:21:26,879] {logging_mixin.py:115} INFO - [2023-04-02 18:21:26,879] {dagbag.py:507} INFO - Filling up the DagBag from /home/airflow/.local/lib/python3.7/site-packages/airflow/example_dags/tutorial_taskflow_api_etl.py
[2023-04-02 18:21:26,900] {processor.py:651} INFO - DAG(s) dict_keys(['tutorial_taskflow_api_etl']) retrieved from /home/airflow/.local/lib/python3.7/site-packages/airflow/example_dags/tutorial_taskflow_api_etl.py
[2023-04-02 18:21:26,966] {logging_mixin.py:115} INFO - [2023-04-02 18:21:26,966] {dag.py:2371} INFO - Sync 1 DAGs
[2023-04-02 18:21:26,989] {logging_mixin.py:115} INFO - [2023-04-02 18:21:26,989] {dag.py:2919} INFO - Setting next_dagrun for tutorial_taskflow_api_etl to None, run_after=None
[2023-04-02 18:21:27,005] {processor.py:161} INFO - Processing /home/airflow/.local/lib/python3.7/site-packages/airflow/example_dags/tutorial_taskflow_api_etl.py took 0.132 seconds
[2023-04-02 18:21:57,286] {processor.py:153} INFO - Started process (PID=3197) to work on /home/airflow/.local/lib/python3.7/site-packages/airflow/example_dags/tutorial_taskflow_api_etl.py
[2023-04-02 18:21:57,288] {processor.py:641} INFO - Processing file /home/airflow/.local/lib/python3.7/site-packages/airflow/example_dags/tutorial_taskflow_api_etl.py for tasks to queue
[2023-04-02 18:21:57,289] {logging_mixin.py:115} INFO - [2023-04-02 18:21:57,289] {dagbag.py:507} INFO - Filling up the DagBag from /home/airflow/.local/lib/python3.7/site-packages/airflow/example_dags/tutorial_taskflow_api_etl.py
[2023-04-02 18:21:57,311] {processor.py:651} INFO - DAG(s) dict_keys(['tutorial_taskflow_api_etl']) retrieved from /home/airflow/.local/lib/python3.7/site-packages/airflow/example_dags/tutorial_taskflow_api_etl.py
[2023-04-02 18:21:57,381] {logging_mixin.py:115} INFO - [2023-04-02 18:21:57,380] {dag.py:2371} INFO - Sync 1 DAGs
[2023-04-02 18:21:57,401] {logging_mixin.py:115} INFO - [2023-04-02 18:21:57,401] {dag.py:2919} INFO - Setting next_dagrun for tutorial_taskflow_api_etl to None, run_after=None
[2023-04-02 18:21:57,415] {processor.py:161} INFO - Processing /home/airflow/.local/lib/python3.7/site-packages/airflow/example_dags/tutorial_taskflow_api_etl.py took 0.134 seconds
[2023-04-02 18:22:27,787] {processor.py:153} INFO - Started process (PID=3260) to work on /home/airflow/.local/lib/python3.7/site-packages/airflow/example_dags/tutorial_taskflow_api_etl.py
[2023-04-02 18:22:27,789] {processor.py:641} INFO - Processing file /home/airflow/.local/lib/python3.7/site-packages/airflow/example_dags/tutorial_taskflow_api_etl.py for tasks to queue
[2023-04-02 18:22:27,790] {logging_mixin.py:115} INFO - [2023-04-02 18:22:27,790] {dagbag.py:507} INFO - Filling up the DagBag from /home/airflow/.local/lib/python3.7/site-packages/airflow/example_dags/tutorial_taskflow_api_etl.py
[2023-04-02 18:22:27,813] {processor.py:651} INFO - DAG(s) dict_keys(['tutorial_taskflow_api_etl']) retrieved from /home/airflow/.local/lib/python3.7/site-packages/airflow/example_dags/tutorial_taskflow_api_etl.py
[2023-04-02 18:22:27,887] {logging_mixin.py:115} INFO - [2023-04-02 18:22:27,887] {dag.py:2371} INFO - Sync 1 DAGs
[2023-04-02 18:22:27,910] {logging_mixin.py:115} INFO - [2023-04-02 18:22:27,909] {dag.py:2919} INFO - Setting next_dagrun for tutorial_taskflow_api_etl to None, run_after=None
[2023-04-02 18:22:27,927] {processor.py:161} INFO - Processing /home/airflow/.local/lib/python3.7/site-packages/airflow/example_dags/tutorial_taskflow_api_etl.py took 0.146 seconds
[2023-04-02 18:22:58,119] {processor.py:153} INFO - Started process (PID=3314) to work on /home/airflow/.local/lib/python3.7/site-packages/airflow/example_dags/tutorial_taskflow_api_etl.py
[2023-04-02 18:22:58,120] {processor.py:641} INFO - Processing file /home/airflow/.local/lib/python3.7/site-packages/airflow/example_dags/tutorial_taskflow_api_etl.py for tasks to queue
[2023-04-02 18:22:58,122] {logging_mixin.py:115} INFO - [2023-04-02 18:22:58,122] {dagbag.py:507} INFO - Filling up the DagBag from /home/airflow/.local/lib/python3.7/site-packages/airflow/example_dags/tutorial_taskflow_api_etl.py
[2023-04-02 18:22:58,145] {processor.py:651} INFO - DAG(s) dict_keys(['tutorial_taskflow_api_etl']) retrieved from /home/airflow/.local/lib/python3.7/site-packages/airflow/example_dags/tutorial_taskflow_api_etl.py
[2023-04-02 18:22:58,221] {logging_mixin.py:115} INFO - [2023-04-02 18:22:58,221] {dag.py:2371} INFO - Sync 1 DAGs
[2023-04-02 18:22:58,244] {logging_mixin.py:115} INFO - [2023-04-02 18:22:58,244] {dag.py:2919} INFO - Setting next_dagrun for tutorial_taskflow_api_etl to None, run_after=None
[2023-04-02 18:22:58,265] {processor.py:161} INFO - Processing /home/airflow/.local/lib/python3.7/site-packages/airflow/example_dags/tutorial_taskflow_api_etl.py took 0.151 seconds
[2023-04-02 18:23:28,313] {processor.py:153} INFO - Started process (PID=3378) to work on /home/airflow/.local/lib/python3.7/site-packages/airflow/example_dags/tutorial_taskflow_api_etl.py
[2023-04-02 18:23:28,314] {processor.py:641} INFO - Processing file /home/airflow/.local/lib/python3.7/site-packages/airflow/example_dags/tutorial_taskflow_api_etl.py for tasks to queue
[2023-04-02 18:23:28,316] {logging_mixin.py:115} INFO - [2023-04-02 18:23:28,315] {dagbag.py:507} INFO - Filling up the DagBag from /home/airflow/.local/lib/python3.7/site-packages/airflow/example_dags/tutorial_taskflow_api_etl.py
[2023-04-02 18:23:28,337] {processor.py:651} INFO - DAG(s) dict_keys(['tutorial_taskflow_api_etl']) retrieved from /home/airflow/.local/lib/python3.7/site-packages/airflow/example_dags/tutorial_taskflow_api_etl.py
[2023-04-02 18:23:28,406] {logging_mixin.py:115} INFO - [2023-04-02 18:23:28,406] {dag.py:2371} INFO - Sync 1 DAGs
[2023-04-02 18:23:28,427] {logging_mixin.py:115} INFO - [2023-04-02 18:23:28,427] {dag.py:2919} INFO - Setting next_dagrun for tutorial_taskflow_api_etl to None, run_after=None
[2023-04-02 18:23:28,445] {processor.py:161} INFO - Processing /home/airflow/.local/lib/python3.7/site-packages/airflow/example_dags/tutorial_taskflow_api_etl.py took 0.136 seconds
