[2023-04-02 18:06:51,661] {taskinstance.py:1159} INFO - Dependencies all met for <TaskInstance: user_processing.create_table manual__2023-04-02T18:06:51.021779+00:00 [queued]>
[2023-04-02 18:06:51,670] {taskinstance.py:1159} INFO - Dependencies all met for <TaskInstance: user_processing.create_table manual__2023-04-02T18:06:51.021779+00:00 [queued]>
[2023-04-02 18:06:51,671] {taskinstance.py:1356} INFO - 
--------------------------------------------------------------------------------
[2023-04-02 18:06:51,672] {taskinstance.py:1357} INFO - Starting attempt 1 of 1
[2023-04-02 18:06:51,673] {taskinstance.py:1358} INFO - 
--------------------------------------------------------------------------------
[2023-04-02 18:06:51,685] {taskinstance.py:1377} INFO - Executing <Task(PostgresOperator): create_table> on 2023-04-02 18:06:51.021779+00:00
[2023-04-02 18:06:51,691] {standard_task_runner.py:52} INFO - Started process 607 to run task
[2023-04-02 18:06:51,695] {standard_task_runner.py:79} INFO - Running: ['***', 'tasks', 'run', 'user_processing', 'create_table', 'manual__2023-04-02T18:06:51.021779+00:00', '--job-id', '5', '--raw', '--subdir', 'DAGS_FOLDER/user_processing.py', '--cfg-path', '/tmp/tmpeapuudgw', '--error-file', '/tmp/tmpsfrnr1aj']
[2023-04-02 18:06:51,697] {standard_task_runner.py:80} INFO - Job 5: Subtask create_table
[2023-04-02 18:06:51,757] {task_command.py:369} INFO - Running <TaskInstance: user_processing.create_table manual__2023-04-02T18:06:51.021779+00:00 [running]> on host e18fbfc31089
[2023-04-02 18:06:51,837] {taskinstance.py:1571} INFO - Exporting the following env vars:
AIRFLOW_CTX_DAG_OWNER=***
AIRFLOW_CTX_DAG_ID=user_processing
AIRFLOW_CTX_TASK_ID=create_table
AIRFLOW_CTX_EXECUTION_DATE=2023-04-02T18:06:51.021779+00:00
AIRFLOW_CTX_TRY_NUMBER=1
AIRFLOW_CTX_DAG_RUN_ID=manual__2023-04-02T18:06:51.021779+00:00
[2023-04-02 18:06:51,848] {base.py:68} INFO - Using connection ID 'postgres' for task execution.
[2023-04-02 18:06:51,854] {dbapi.py:208} INFO - Running statement: 
            CREATE TABLE IF NOT EXISTS users (
                firstname TEXT NOT NULL,
                lastname TEXT NOT NULL,
                country TEXT NOT NULL,
                username TEXT NOT NULL,
                password TEXT NOT NULL,
                email TEXT NOT NULL
                );
                , parameters: None
[2023-04-02 18:06:51,871] {taskinstance.py:1400} INFO - Marking task as SUCCESS. dag_id=user_processing, task_id=create_table, execution_date=20230402T180651, start_date=20230402T180651, end_date=20230402T180651
[2023-04-02 18:06:51,909] {local_task_job.py:156} INFO - Task exited with return code 0
[2023-04-02 18:06:51,958] {local_task_job.py:273} INFO - 1 downstream tasks scheduled from follow-on schedule check
